[2024-10-20T17:58:43.589+0000] {local_task_job_runner.py:123} INFO - ::group::Pre task execution logs
[2024-10-20T17:58:43.607+0000] {taskinstance.py:2612} INFO - Dependencies all met for dep_context=non-requeueable deps ti=<TaskInstance: load_covid_data.extract_data manual__2024-10-20T17:58:38.333363+00:00 [queued]>
[2024-10-20T17:58:43.617+0000] {taskinstance.py:2612} INFO - Dependencies all met for dep_context=requeueable deps ti=<TaskInstance: load_covid_data.extract_data manual__2024-10-20T17:58:38.333363+00:00 [queued]>
[2024-10-20T17:58:43.619+0000] {taskinstance.py:2865} INFO - Starting attempt 1 of 1
[2024-10-20T17:58:43.637+0000] {taskinstance.py:2888} INFO - Executing <Task(PythonOperator): extract_data> on 2024-10-20 17:58:38.333363+00:00
[2024-10-20T17:58:43.646+0000] {warnings.py:112} WARNING - /home/***/.local/lib/python3.12/site-packages/***/task/task_runner/standard_task_runner.py:70: DeprecationWarning: This process (pid=154) is multi-threaded, use of fork() may lead to deadlocks in the child.
  pid = os.fork()

[2024-10-20T17:58:43.649+0000] {standard_task_runner.py:72} INFO - Started process 158 to run task
[2024-10-20T17:58:43.650+0000] {standard_task_runner.py:104} INFO - Running: ['***', 'tasks', 'run', 'load_covid_data', 'extract_data', 'manual__2024-10-20T17:58:38.333363+00:00', '--job-id', '10', '--raw', '--subdir', 'DAGS_FOLDER/covid_data.py', '--cfg-path', '/tmp/tmp6pwrlolv']
[2024-10-20T17:58:43.652+0000] {standard_task_runner.py:105} INFO - Job 10: Subtask extract_data
[2024-10-20T17:58:43.775+0000] {task_command.py:467} INFO - Running <TaskInstance: load_covid_data.extract_data manual__2024-10-20T17:58:38.333363+00:00 [running]> on host 33d697642d42
[2024-10-20T17:58:43.915+0000] {taskinstance.py:3131} INFO - Exporting env vars: AIRFLOW_CTX_DAG_OWNER='***' AIRFLOW_CTX_DAG_ID='load_covid_data' AIRFLOW_CTX_TASK_ID='extract_data' AIRFLOW_CTX_EXECUTION_DATE='2024-10-20T17:58:38.333363+00:00' AIRFLOW_CTX_TRY_NUMBER='1' AIRFLOW_CTX_DAG_RUN_ID='manual__2024-10-20T17:58:38.333363+00:00'
[2024-10-20T17:58:43.923+0000] {logging_mixin.py:190} INFO - Task instance is in running state
[2024-10-20T17:58:43.925+0000] {logging_mixin.py:190} INFO -  Previous state of the Task instance: queued
[2024-10-20T17:58:43.926+0000] {logging_mixin.py:190} INFO - Current task name:extract_data state:running start_date:2024-10-20 17:58:43.608872+00:00
[2024-10-20T17:58:43.927+0000] {logging_mixin.py:190} INFO - Dag name:load_covid_data and current dag run status:running
[2024-10-20T17:58:43.928+0000] {taskinstance.py:731} INFO - ::endgroup::
[2024-10-20T17:58:44.555+0000] {python.py:240} INFO - Done. Returned value was: None
[2024-10-20T17:58:44.584+0000] {taskinstance.py:340} INFO - ::group::Post task execution logs
[2024-10-20T17:58:44.585+0000] {taskinstance.py:352} INFO - Marking task as SUCCESS. dag_id=load_covid_data, task_id=extract_data, run_id=manual__2024-10-20T17:58:38.333363+00:00, execution_date=20241020T175838, start_date=20241020T175843, end_date=20241020T175844
[2024-10-20T17:58:44.611+0000] {logging_mixin.py:190} INFO - Task instance in success state
[2024-10-20T17:58:44.612+0000] {logging_mixin.py:190} INFO -  Previous state of the Task instance: running
[2024-10-20T17:58:44.614+0000] {logging_mixin.py:190} INFO - Dag name:load_covid_data queued_at:2024-10-20 17:58:38.368383+00:00
[2024-10-20T17:58:44.615+0000] {logging_mixin.py:190} INFO - Task hostname:33d697642d42 operator:PythonOperator
[2024-10-20T17:58:44.632+0000] {local_task_job_runner.py:266} INFO - Task exited with return code 0
[2024-10-20T17:58:44.664+0000] {taskinstance.py:3900} INFO - 1 downstream tasks scheduled from follow-on schedule check
[2024-10-20T17:58:44.669+0000] {local_task_job_runner.py:245} INFO - ::endgroup::
