[2024-10-20T17:58:46.208+0000] {local_task_job_runner.py:123} INFO - ::group::Pre task execution logs
[2024-10-20T17:58:46.224+0000] {taskinstance.py:2612} INFO - Dependencies all met for dep_context=non-requeueable deps ti=<TaskInstance: load_covid_data.pre_process manual__2024-10-20T17:58:38.333363+00:00 [queued]>
[2024-10-20T17:58:46.231+0000] {taskinstance.py:2612} INFO - Dependencies all met for dep_context=requeueable deps ti=<TaskInstance: load_covid_data.pre_process manual__2024-10-20T17:58:38.333363+00:00 [queued]>
[2024-10-20T17:58:46.232+0000] {taskinstance.py:2865} INFO - Starting attempt 1 of 1
[2024-10-20T17:58:46.246+0000] {taskinstance.py:2888} INFO - Executing <Task(PythonOperator): pre_process> on 2024-10-20 17:58:38.333363+00:00
[2024-10-20T17:58:46.256+0000] {warnings.py:112} WARNING - /home/***/.local/lib/python3.12/site-packages/***/task/task_runner/standard_task_runner.py:70: DeprecationWarning: This process (pid=162) is multi-threaded, use of fork() may lead to deadlocks in the child.
  pid = os.fork()

[2024-10-20T17:58:46.258+0000] {standard_task_runner.py:72} INFO - Started process 167 to run task
[2024-10-20T17:58:46.259+0000] {standard_task_runner.py:104} INFO - Running: ['***', 'tasks', 'run', 'load_covid_data', 'pre_process', 'manual__2024-10-20T17:58:38.333363+00:00', '--job-id', '12', '--raw', '--subdir', 'DAGS_FOLDER/covid_data.py', '--cfg-path', '/tmp/tmpwy14gx2s']
[2024-10-20T17:58:46.260+0000] {standard_task_runner.py:105} INFO - Job 12: Subtask pre_process
[2024-10-20T17:58:46.307+0000] {task_command.py:467} INFO - Running <TaskInstance: load_covid_data.pre_process manual__2024-10-20T17:58:38.333363+00:00 [running]> on host 33d697642d42
[2024-10-20T17:58:46.376+0000] {taskinstance.py:3131} INFO - Exporting env vars: AIRFLOW_CTX_DAG_OWNER='***' AIRFLOW_CTX_DAG_ID='load_covid_data' AIRFLOW_CTX_TASK_ID='pre_process' AIRFLOW_CTX_EXECUTION_DATE='2024-10-20T17:58:38.333363+00:00' AIRFLOW_CTX_TRY_NUMBER='1' AIRFLOW_CTX_DAG_RUN_ID='manual__2024-10-20T17:58:38.333363+00:00'
[2024-10-20T17:58:46.378+0000] {logging_mixin.py:190} INFO - Task instance is in running state
[2024-10-20T17:58:46.379+0000] {logging_mixin.py:190} INFO -  Previous state of the Task instance: queued
[2024-10-20T17:58:46.380+0000] {logging_mixin.py:190} INFO - Current task name:pre_process state:running start_date:2024-10-20 17:58:46.224874+00:00
[2024-10-20T17:58:46.380+0000] {logging_mixin.py:190} INFO - Dag name:load_covid_data and current dag run status:running
[2024-10-20T17:58:46.381+0000] {taskinstance.py:731} INFO - ::endgroup::
[2024-10-20T17:58:46.437+0000] {python.py:240} INFO - Done. Returned value was: None
[2024-10-20T17:58:46.447+0000] {taskinstance.py:340} INFO - ::group::Post task execution logs
[2024-10-20T17:58:46.448+0000] {taskinstance.py:352} INFO - Marking task as SUCCESS. dag_id=load_covid_data, task_id=pre_process, run_id=manual__2024-10-20T17:58:38.333363+00:00, execution_date=20241020T175838, start_date=20241020T175846, end_date=20241020T175846
[2024-10-20T17:58:46.457+0000] {logging_mixin.py:190} INFO - Task instance in success state
[2024-10-20T17:58:46.458+0000] {logging_mixin.py:190} INFO -  Previous state of the Task instance: running
[2024-10-20T17:58:46.459+0000] {logging_mixin.py:190} INFO - Dag name:load_covid_data queued_at:2024-10-20 17:58:38.368383+00:00
[2024-10-20T17:58:46.460+0000] {logging_mixin.py:190} INFO - Task hostname:33d697642d42 operator:PythonOperator
[2024-10-20T17:58:46.475+0000] {local_task_job_runner.py:266} INFO - Task exited with return code 0
[2024-10-20T17:58:46.490+0000] {taskinstance.py:3900} INFO - 0 downstream tasks scheduled from follow-on schedule check
[2024-10-20T17:58:46.493+0000] {local_task_job_runner.py:245} INFO - ::endgroup::
