[2024-10-20T17:58:43.589+0000] {local_task_job_runner.py:123} INFO - ::group::Pre task execution logs
[2024-10-20T17:58:43.607+0000] {taskinstance.py:2612} INFO - Dependencies all met for dep_context=non-requeueable deps ti=<TaskInstance: load_covid_data.extract_data scheduled__2024-10-19T00:00:00+00:00 [queued]>
[2024-10-20T17:58:43.618+0000] {taskinstance.py:2612} INFO - Dependencies all met for dep_context=requeueable deps ti=<TaskInstance: load_covid_data.extract_data scheduled__2024-10-19T00:00:00+00:00 [queued]>
[2024-10-20T17:58:43.618+0000] {taskinstance.py:2865} INFO - Starting attempt 1 of 1
[2024-10-20T17:58:43.635+0000] {taskinstance.py:2888} INFO - Executing <Task(PythonOperator): extract_data> on 2024-10-19 00:00:00+00:00
[2024-10-20T17:58:43.644+0000] {warnings.py:112} WARNING - /home/***/.local/lib/python3.12/site-packages/***/task/task_runner/standard_task_runner.py:70: DeprecationWarning: This process (pid=153) is multi-threaded, use of fork() may lead to deadlocks in the child.
  pid = os.fork()

[2024-10-20T17:58:43.646+0000] {standard_task_runner.py:72} INFO - Started process 157 to run task
[2024-10-20T17:58:43.647+0000] {standard_task_runner.py:104} INFO - Running: ['***', 'tasks', 'run', 'load_covid_data', 'extract_data', 'scheduled__2024-10-19T00:00:00+00:00', '--job-id', '9', '--raw', '--subdir', 'DAGS_FOLDER/covid_data.py', '--cfg-path', '/tmp/tmp8cbndyxp']
[2024-10-20T17:58:43.649+0000] {standard_task_runner.py:105} INFO - Job 9: Subtask extract_data
[2024-10-20T17:58:43.780+0000] {task_command.py:467} INFO - Running <TaskInstance: load_covid_data.extract_data scheduled__2024-10-19T00:00:00+00:00 [running]> on host 33d697642d42
[2024-10-20T17:58:43.971+0000] {taskinstance.py:3131} INFO - Exporting env vars: AIRFLOW_CTX_DAG_OWNER='***' AIRFLOW_CTX_DAG_ID='load_covid_data' AIRFLOW_CTX_TASK_ID='extract_data' AIRFLOW_CTX_EXECUTION_DATE='2024-10-19T00:00:00+00:00' AIRFLOW_CTX_TRY_NUMBER='1' AIRFLOW_CTX_DAG_RUN_ID='scheduled__2024-10-19T00:00:00+00:00'
[2024-10-20T17:58:43.974+0000] {logging_mixin.py:190} INFO - Task instance is in running state
[2024-10-20T17:58:43.975+0000] {logging_mixin.py:190} INFO -  Previous state of the Task instance: queued
[2024-10-20T17:58:43.976+0000] {logging_mixin.py:190} INFO - Current task name:extract_data state:running start_date:2024-10-20 17:58:43.608591+00:00
[2024-10-20T17:58:43.976+0000] {logging_mixin.py:190} INFO - Dag name:load_covid_data and current dag run status:running
[2024-10-20T17:58:43.977+0000] {taskinstance.py:731} INFO - ::endgroup::
[2024-10-20T17:58:44.573+0000] {python.py:240} INFO - Done. Returned value was: None
[2024-10-20T17:58:44.588+0000] {taskinstance.py:340} INFO - ::group::Post task execution logs
[2024-10-20T17:58:44.590+0000] {taskinstance.py:352} INFO - Marking task as SUCCESS. dag_id=load_covid_data, task_id=extract_data, run_id=scheduled__2024-10-19T00:00:00+00:00, execution_date=20241019T000000, start_date=20241020T175843, end_date=20241020T175844
[2024-10-20T17:58:44.614+0000] {logging_mixin.py:190} INFO - Task instance in success state
[2024-10-20T17:58:44.616+0000] {logging_mixin.py:190} INFO -  Previous state of the Task instance: running
[2024-10-20T17:58:44.616+0000] {logging_mixin.py:190} INFO - Dag name:load_covid_data queued_at:2024-10-20 17:58:39.069466+00:00
[2024-10-20T17:58:44.617+0000] {logging_mixin.py:190} INFO - Task hostname:33d697642d42 operator:PythonOperator
[2024-10-20T17:58:44.631+0000] {local_task_job_runner.py:266} INFO - Task exited with return code 0
[2024-10-20T17:58:44.664+0000] {taskinstance.py:3900} INFO - 1 downstream tasks scheduled from follow-on schedule check
[2024-10-20T17:58:44.667+0000] {local_task_job_runner.py:245} INFO - ::endgroup::
