[2024-10-19T00:04:52.749+0000] {processor.py:186} INFO - Started process (PID=81) to work on /home/airflow/.local/lib/python3.12/site-packages/airflow/example_dags/example_latest_only.py
[2024-10-19T00:04:52.750+0000] {processor.py:914} INFO - Processing file /home/airflow/.local/lib/python3.12/site-packages/airflow/example_dags/example_latest_only.py for tasks to queue
[2024-10-19T00:04:52.754+0000] {logging_mixin.py:190} INFO - [2024-10-19T00:04:52.753+0000] {dagbag.py:588} INFO - Filling up the DagBag from /home/airflow/.local/lib/python3.12/site-packages/airflow/example_dags/example_latest_only.py
[2024-10-19T00:04:52.764+0000] {processor.py:925} INFO - DAG(s) 'latest_only' retrieved from /home/airflow/.local/lib/python3.12/site-packages/airflow/example_dags/example_latest_only.py
[2024-10-19T00:04:52.879+0000] {logging_mixin.py:190} INFO - [2024-10-19T00:04:52.879+0000] {override.py:1900} INFO - Created Permission View: can delete on DAG:latest_only
[2024-10-19T00:04:52.890+0000] {logging_mixin.py:190} INFO - [2024-10-19T00:04:52.890+0000] {override.py:1900} INFO - Created Permission View: can read on DAG:latest_only
[2024-10-19T00:04:52.899+0000] {logging_mixin.py:190} INFO - [2024-10-19T00:04:52.898+0000] {override.py:1900} INFO - Created Permission View: can edit on DAG:latest_only
[2024-10-19T00:04:52.908+0000] {logging_mixin.py:190} INFO - [2024-10-19T00:04:52.908+0000] {override.py:1900} INFO - Created Permission View: can delete on DAG Run:latest_only
[2024-10-19T00:04:52.915+0000] {logging_mixin.py:190} INFO - [2024-10-19T00:04:52.915+0000] {override.py:1900} INFO - Created Permission View: can read on DAG Run:latest_only
[2024-10-19T00:04:52.923+0000] {logging_mixin.py:190} INFO - [2024-10-19T00:04:52.923+0000] {override.py:1900} INFO - Created Permission View: menu access on DAG Run:latest_only
[2024-10-19T00:04:52.932+0000] {logging_mixin.py:190} INFO - [2024-10-19T00:04:52.932+0000] {override.py:1900} INFO - Created Permission View: can create on DAG Run:latest_only
[2024-10-19T00:04:52.933+0000] {logging_mixin.py:190} INFO - [2024-10-19T00:04:52.933+0000] {dag.py:3239} INFO - Sync 1 DAGs
[2024-10-19T00:04:52.945+0000] {logging_mixin.py:190} INFO - [2024-10-19T00:04:52.945+0000] {dag.py:3262} INFO - Creating ORM DAG for latest_only
[2024-10-19T00:04:52.955+0000] {logging_mixin.py:190} INFO - [2024-10-19T00:04:52.955+0000] {dag.py:4180} INFO - Setting next_dagrun for latest_only to 2024-10-18 20:00:00+00:00, run_after=2024-10-19 00:00:00+00:00
[2024-10-19T00:04:52.974+0000] {processor.py:208} INFO - Processing /home/airflow/.local/lib/python3.12/site-packages/airflow/example_dags/example_latest_only.py took 0.233 seconds
[2024-10-19T00:05:23.102+0000] {processor.py:186} INFO - Started process (PID=143) to work on /home/airflow/.local/lib/python3.12/site-packages/airflow/example_dags/example_latest_only.py
[2024-10-19T00:05:23.104+0000] {processor.py:914} INFO - Processing file /home/airflow/.local/lib/python3.12/site-packages/airflow/example_dags/example_latest_only.py for tasks to queue
[2024-10-19T00:05:23.106+0000] {logging_mixin.py:190} INFO - [2024-10-19T00:05:23.106+0000] {dagbag.py:588} INFO - Filling up the DagBag from /home/airflow/.local/lib/python3.12/site-packages/airflow/example_dags/example_latest_only.py
[2024-10-19T00:05:23.114+0000] {processor.py:925} INFO - DAG(s) 'latest_only' retrieved from /home/airflow/.local/lib/python3.12/site-packages/airflow/example_dags/example_latest_only.py
[2024-10-19T00:05:23.135+0000] {logging_mixin.py:190} INFO - [2024-10-19T00:05:23.135+0000] {dag.py:3239} INFO - Sync 1 DAGs
[2024-10-19T00:05:23.163+0000] {logging_mixin.py:190} INFO - [2024-10-19T00:05:23.162+0000] {dag.py:4180} INFO - Setting next_dagrun for latest_only to 2024-10-18 20:00:00+00:00, run_after=2024-10-19 00:00:00+00:00
[2024-10-19T00:05:23.183+0000] {processor.py:208} INFO - Processing /home/airflow/.local/lib/python3.12/site-packages/airflow/example_dags/example_latest_only.py took 0.088 seconds
[2024-10-19T00:05:53.548+0000] {processor.py:186} INFO - Started process (PID=205) to work on /home/airflow/.local/lib/python3.12/site-packages/airflow/example_dags/example_latest_only.py
[2024-10-19T00:05:53.549+0000] {processor.py:914} INFO - Processing file /home/airflow/.local/lib/python3.12/site-packages/airflow/example_dags/example_latest_only.py for tasks to queue
[2024-10-19T00:05:53.551+0000] {logging_mixin.py:190} INFO - [2024-10-19T00:05:53.551+0000] {dagbag.py:588} INFO - Filling up the DagBag from /home/airflow/.local/lib/python3.12/site-packages/airflow/example_dags/example_latest_only.py
[2024-10-19T00:05:53.557+0000] {processor.py:925} INFO - DAG(s) 'latest_only' retrieved from /home/airflow/.local/lib/python3.12/site-packages/airflow/example_dags/example_latest_only.py
[2024-10-19T00:05:53.588+0000] {logging_mixin.py:190} INFO - [2024-10-19T00:05:53.587+0000] {dag.py:3239} INFO - Sync 1 DAGs
[2024-10-19T00:05:53.637+0000] {logging_mixin.py:190} INFO - [2024-10-19T00:05:53.636+0000] {dag.py:4180} INFO - Setting next_dagrun for latest_only to 2024-10-18 20:00:00+00:00, run_after=2024-10-19 00:00:00+00:00
[2024-10-19T00:05:53.677+0000] {processor.py:208} INFO - Processing /home/airflow/.local/lib/python3.12/site-packages/airflow/example_dags/example_latest_only.py took 0.134 seconds
[2024-10-19T00:06:24.623+0000] {processor.py:186} INFO - Started process (PID=266) to work on /home/airflow/.local/lib/python3.12/site-packages/airflow/example_dags/example_latest_only.py
[2024-10-19T00:06:24.624+0000] {processor.py:914} INFO - Processing file /home/airflow/.local/lib/python3.12/site-packages/airflow/example_dags/example_latest_only.py for tasks to queue
[2024-10-19T00:06:24.627+0000] {logging_mixin.py:190} INFO - [2024-10-19T00:06:24.627+0000] {dagbag.py:588} INFO - Filling up the DagBag from /home/airflow/.local/lib/python3.12/site-packages/airflow/example_dags/example_latest_only.py
[2024-10-19T00:06:24.635+0000] {processor.py:925} INFO - DAG(s) 'latest_only' retrieved from /home/airflow/.local/lib/python3.12/site-packages/airflow/example_dags/example_latest_only.py
[2024-10-19T00:06:24.658+0000] {logging_mixin.py:190} INFO - [2024-10-19T00:06:24.657+0000] {dag.py:3239} INFO - Sync 1 DAGs
[2024-10-19T00:06:24.683+0000] {logging_mixin.py:190} INFO - [2024-10-19T00:06:24.683+0000] {dag.py:4180} INFO - Setting next_dagrun for latest_only to 2024-10-18 20:00:00+00:00, run_after=2024-10-19 00:00:00+00:00
[2024-10-19T00:06:24.703+0000] {processor.py:208} INFO - Processing /home/airflow/.local/lib/python3.12/site-packages/airflow/example_dags/example_latest_only.py took 0.087 seconds
[2024-10-19T00:06:54.902+0000] {processor.py:186} INFO - Started process (PID=328) to work on /home/airflow/.local/lib/python3.12/site-packages/airflow/example_dags/example_latest_only.py
[2024-10-19T00:06:54.906+0000] {processor.py:914} INFO - Processing file /home/airflow/.local/lib/python3.12/site-packages/airflow/example_dags/example_latest_only.py for tasks to queue
[2024-10-19T00:06:54.912+0000] {logging_mixin.py:190} INFO - [2024-10-19T00:06:54.911+0000] {dagbag.py:588} INFO - Filling up the DagBag from /home/airflow/.local/lib/python3.12/site-packages/airflow/example_dags/example_latest_only.py
[2024-10-19T00:06:54.922+0000] {processor.py:925} INFO - DAG(s) 'latest_only' retrieved from /home/airflow/.local/lib/python3.12/site-packages/airflow/example_dags/example_latest_only.py
[2024-10-19T00:06:54.949+0000] {logging_mixin.py:190} INFO - [2024-10-19T00:06:54.949+0000] {dag.py:3239} INFO - Sync 1 DAGs
[2024-10-19T00:06:54.985+0000] {logging_mixin.py:190} INFO - [2024-10-19T00:06:54.984+0000] {dag.py:4180} INFO - Setting next_dagrun for latest_only to 2024-10-18 20:00:00+00:00, run_after=2024-10-19 00:00:00+00:00
[2024-10-19T00:06:55.016+0000] {processor.py:208} INFO - Processing /home/airflow/.local/lib/python3.12/site-packages/airflow/example_dags/example_latest_only.py took 0.126 seconds
[2024-10-19T00:07:25.543+0000] {processor.py:186} INFO - Started process (PID=390) to work on /home/airflow/.local/lib/python3.12/site-packages/airflow/example_dags/example_latest_only.py
[2024-10-19T00:07:25.544+0000] {processor.py:914} INFO - Processing file /home/airflow/.local/lib/python3.12/site-packages/airflow/example_dags/example_latest_only.py for tasks to queue
[2024-10-19T00:07:25.547+0000] {logging_mixin.py:190} INFO - [2024-10-19T00:07:25.547+0000] {dagbag.py:588} INFO - Filling up the DagBag from /home/airflow/.local/lib/python3.12/site-packages/airflow/example_dags/example_latest_only.py
[2024-10-19T00:07:25.555+0000] {processor.py:925} INFO - DAG(s) 'latest_only' retrieved from /home/airflow/.local/lib/python3.12/site-packages/airflow/example_dags/example_latest_only.py
[2024-10-19T00:07:25.578+0000] {logging_mixin.py:190} INFO - [2024-10-19T00:07:25.578+0000] {dag.py:3239} INFO - Sync 1 DAGs
[2024-10-19T00:07:25.608+0000] {logging_mixin.py:190} INFO - [2024-10-19T00:07:25.607+0000] {dag.py:4180} INFO - Setting next_dagrun for latest_only to 2024-10-18 20:00:00+00:00, run_after=2024-10-19 00:00:00+00:00
[2024-10-19T00:07:25.639+0000] {processor.py:208} INFO - Processing /home/airflow/.local/lib/python3.12/site-packages/airflow/example_dags/example_latest_only.py took 0.103 seconds
[2024-10-19T00:07:56.297+0000] {processor.py:186} INFO - Started process (PID=453) to work on /home/airflow/.local/lib/python3.12/site-packages/airflow/example_dags/example_latest_only.py
[2024-10-19T00:07:56.299+0000] {processor.py:914} INFO - Processing file /home/airflow/.local/lib/python3.12/site-packages/airflow/example_dags/example_latest_only.py for tasks to queue
[2024-10-19T00:07:56.302+0000] {logging_mixin.py:190} INFO - [2024-10-19T00:07:56.301+0000] {dagbag.py:588} INFO - Filling up the DagBag from /home/airflow/.local/lib/python3.12/site-packages/airflow/example_dags/example_latest_only.py
[2024-10-19T00:07:56.309+0000] {processor.py:925} INFO - DAG(s) 'latest_only' retrieved from /home/airflow/.local/lib/python3.12/site-packages/airflow/example_dags/example_latest_only.py
[2024-10-19T00:07:56.328+0000] {logging_mixin.py:190} INFO - [2024-10-19T00:07:56.328+0000] {dag.py:3239} INFO - Sync 1 DAGs
[2024-10-19T00:07:56.350+0000] {logging_mixin.py:190} INFO - [2024-10-19T00:07:56.350+0000] {dag.py:4180} INFO - Setting next_dagrun for latest_only to 2024-10-18 20:00:00+00:00, run_after=2024-10-19 00:00:00+00:00
[2024-10-19T00:07:56.374+0000] {processor.py:208} INFO - Processing /home/airflow/.local/lib/python3.12/site-packages/airflow/example_dags/example_latest_only.py took 0.082 seconds
[2024-10-19T00:08:26.729+0000] {processor.py:186} INFO - Started process (PID=516) to work on /home/airflow/.local/lib/python3.12/site-packages/airflow/example_dags/example_latest_only.py
[2024-10-19T00:08:26.731+0000] {processor.py:914} INFO - Processing file /home/airflow/.local/lib/python3.12/site-packages/airflow/example_dags/example_latest_only.py for tasks to queue
[2024-10-19T00:08:26.735+0000] {logging_mixin.py:190} INFO - [2024-10-19T00:08:26.734+0000] {dagbag.py:588} INFO - Filling up the DagBag from /home/airflow/.local/lib/python3.12/site-packages/airflow/example_dags/example_latest_only.py
[2024-10-19T00:08:26.744+0000] {processor.py:925} INFO - DAG(s) 'latest_only' retrieved from /home/airflow/.local/lib/python3.12/site-packages/airflow/example_dags/example_latest_only.py
[2024-10-19T00:08:26.764+0000] {logging_mixin.py:190} INFO - [2024-10-19T00:08:26.764+0000] {dag.py:3239} INFO - Sync 1 DAGs
[2024-10-19T00:08:26.788+0000] {logging_mixin.py:190} INFO - [2024-10-19T00:08:26.787+0000] {dag.py:4180} INFO - Setting next_dagrun for latest_only to 2024-10-18 20:00:00+00:00, run_after=2024-10-19 00:00:00+00:00
[2024-10-19T00:08:26.810+0000] {processor.py:208} INFO - Processing /home/airflow/.local/lib/python3.12/site-packages/airflow/example_dags/example_latest_only.py took 0.087 seconds
[2024-10-19T00:08:57.843+0000] {processor.py:186} INFO - Started process (PID=579) to work on /home/airflow/.local/lib/python3.12/site-packages/airflow/example_dags/example_latest_only.py
[2024-10-19T00:08:57.844+0000] {processor.py:914} INFO - Processing file /home/airflow/.local/lib/python3.12/site-packages/airflow/example_dags/example_latest_only.py for tasks to queue
[2024-10-19T00:08:57.847+0000] {logging_mixin.py:190} INFO - [2024-10-19T00:08:57.846+0000] {dagbag.py:588} INFO - Filling up the DagBag from /home/airflow/.local/lib/python3.12/site-packages/airflow/example_dags/example_latest_only.py
[2024-10-19T00:08:57.853+0000] {processor.py:925} INFO - DAG(s) 'latest_only' retrieved from /home/airflow/.local/lib/python3.12/site-packages/airflow/example_dags/example_latest_only.py
[2024-10-19T00:08:57.869+0000] {logging_mixin.py:190} INFO - [2024-10-19T00:08:57.869+0000] {dag.py:3239} INFO - Sync 1 DAGs
[2024-10-19T00:08:57.889+0000] {logging_mixin.py:190} INFO - [2024-10-19T00:08:57.889+0000] {dag.py:4180} INFO - Setting next_dagrun for latest_only to 2024-10-18 20:00:00+00:00, run_after=2024-10-19 00:00:00+00:00
[2024-10-19T00:08:57.906+0000] {processor.py:208} INFO - Processing /home/airflow/.local/lib/python3.12/site-packages/airflow/example_dags/example_latest_only.py took 0.068 seconds
[2024-10-19T00:09:28.064+0000] {processor.py:186} INFO - Started process (PID=642) to work on /home/airflow/.local/lib/python3.12/site-packages/airflow/example_dags/example_latest_only.py
[2024-10-19T00:09:28.065+0000] {processor.py:914} INFO - Processing file /home/airflow/.local/lib/python3.12/site-packages/airflow/example_dags/example_latest_only.py for tasks to queue
[2024-10-19T00:09:28.067+0000] {logging_mixin.py:190} INFO - [2024-10-19T00:09:28.066+0000] {dagbag.py:588} INFO - Filling up the DagBag from /home/airflow/.local/lib/python3.12/site-packages/airflow/example_dags/example_latest_only.py
[2024-10-19T00:09:28.072+0000] {processor.py:925} INFO - DAG(s) 'latest_only' retrieved from /home/airflow/.local/lib/python3.12/site-packages/airflow/example_dags/example_latest_only.py
[2024-10-19T00:09:28.088+0000] {logging_mixin.py:190} INFO - [2024-10-19T00:09:28.088+0000] {dag.py:3239} INFO - Sync 1 DAGs
[2024-10-19T00:09:28.108+0000] {logging_mixin.py:190} INFO - [2024-10-19T00:09:28.108+0000] {dag.py:4180} INFO - Setting next_dagrun for latest_only to 2024-10-18 20:00:00+00:00, run_after=2024-10-19 00:00:00+00:00
[2024-10-19T00:09:28.126+0000] {processor.py:208} INFO - Processing /home/airflow/.local/lib/python3.12/site-packages/airflow/example_dags/example_latest_only.py took 0.067 seconds
[2024-10-19T00:09:58.698+0000] {processor.py:186} INFO - Started process (PID=704) to work on /home/airflow/.local/lib/python3.12/site-packages/airflow/example_dags/example_latest_only.py
[2024-10-19T00:09:58.699+0000] {processor.py:914} INFO - Processing file /home/airflow/.local/lib/python3.12/site-packages/airflow/example_dags/example_latest_only.py for tasks to queue
[2024-10-19T00:09:58.701+0000] {logging_mixin.py:190} INFO - [2024-10-19T00:09:58.701+0000] {dagbag.py:588} INFO - Filling up the DagBag from /home/airflow/.local/lib/python3.12/site-packages/airflow/example_dags/example_latest_only.py
[2024-10-19T00:09:58.707+0000] {processor.py:925} INFO - DAG(s) 'latest_only' retrieved from /home/airflow/.local/lib/python3.12/site-packages/airflow/example_dags/example_latest_only.py
[2024-10-19T00:09:58.725+0000] {logging_mixin.py:190} INFO - [2024-10-19T00:09:58.725+0000] {dag.py:3239} INFO - Sync 1 DAGs
[2024-10-19T00:09:58.747+0000] {logging_mixin.py:190} INFO - [2024-10-19T00:09:58.747+0000] {dag.py:4180} INFO - Setting next_dagrun for latest_only to 2024-10-18 20:00:00+00:00, run_after=2024-10-19 00:00:00+00:00
[2024-10-19T00:09:58.767+0000] {processor.py:208} INFO - Processing /home/airflow/.local/lib/python3.12/site-packages/airflow/example_dags/example_latest_only.py took 0.075 seconds
[2024-10-19T00:10:29.968+0000] {processor.py:186} INFO - Started process (PID=766) to work on /home/airflow/.local/lib/python3.12/site-packages/airflow/example_dags/example_latest_only.py
[2024-10-19T00:10:29.970+0000] {processor.py:914} INFO - Processing file /home/airflow/.local/lib/python3.12/site-packages/airflow/example_dags/example_latest_only.py for tasks to queue
[2024-10-19T00:10:29.973+0000] {logging_mixin.py:190} INFO - [2024-10-19T00:10:29.972+0000] {dagbag.py:588} INFO - Filling up the DagBag from /home/airflow/.local/lib/python3.12/site-packages/airflow/example_dags/example_latest_only.py
[2024-10-19T00:10:29.980+0000] {processor.py:925} INFO - DAG(s) 'latest_only' retrieved from /home/airflow/.local/lib/python3.12/site-packages/airflow/example_dags/example_latest_only.py
[2024-10-19T00:10:29.999+0000] {logging_mixin.py:190} INFO - [2024-10-19T00:10:29.999+0000] {dag.py:3239} INFO - Sync 1 DAGs
[2024-10-19T00:10:30.022+0000] {logging_mixin.py:190} INFO - [2024-10-19T00:10:30.022+0000] {dag.py:4180} INFO - Setting next_dagrun for latest_only to 2024-10-18 20:00:00+00:00, run_after=2024-10-19 00:00:00+00:00
[2024-10-19T00:10:30.043+0000] {processor.py:208} INFO - Processing /home/airflow/.local/lib/python3.12/site-packages/airflow/example_dags/example_latest_only.py took 0.082 seconds
[2024-10-19T00:11:01.052+0000] {processor.py:186} INFO - Started process (PID=828) to work on /home/airflow/.local/lib/python3.12/site-packages/airflow/example_dags/example_latest_only.py
[2024-10-19T00:11:01.054+0000] {processor.py:914} INFO - Processing file /home/airflow/.local/lib/python3.12/site-packages/airflow/example_dags/example_latest_only.py for tasks to queue
[2024-10-19T00:11:01.056+0000] {logging_mixin.py:190} INFO - [2024-10-19T00:11:01.056+0000] {dagbag.py:588} INFO - Filling up the DagBag from /home/airflow/.local/lib/python3.12/site-packages/airflow/example_dags/example_latest_only.py
[2024-10-19T00:11:01.062+0000] {processor.py:925} INFO - DAG(s) 'latest_only' retrieved from /home/airflow/.local/lib/python3.12/site-packages/airflow/example_dags/example_latest_only.py
[2024-10-19T00:11:01.085+0000] {logging_mixin.py:190} INFO - [2024-10-19T00:11:01.085+0000] {dag.py:3239} INFO - Sync 1 DAGs
[2024-10-19T00:11:01.111+0000] {logging_mixin.py:190} INFO - [2024-10-19T00:11:01.110+0000] {dag.py:4180} INFO - Setting next_dagrun for latest_only to 2024-10-18 20:00:00+00:00, run_after=2024-10-19 00:00:00+00:00
[2024-10-19T00:11:01.138+0000] {processor.py:208} INFO - Processing /home/airflow/.local/lib/python3.12/site-packages/airflow/example_dags/example_latest_only.py took 0.091 seconds
[2024-10-19T00:11:31.391+0000] {processor.py:186} INFO - Started process (PID=890) to work on /home/airflow/.local/lib/python3.12/site-packages/airflow/example_dags/example_latest_only.py
[2024-10-19T00:11:31.394+0000] {processor.py:914} INFO - Processing file /home/airflow/.local/lib/python3.12/site-packages/airflow/example_dags/example_latest_only.py for tasks to queue
[2024-10-19T00:11:31.397+0000] {logging_mixin.py:190} INFO - [2024-10-19T00:11:31.396+0000] {dagbag.py:588} INFO - Filling up the DagBag from /home/airflow/.local/lib/python3.12/site-packages/airflow/example_dags/example_latest_only.py
[2024-10-19T00:11:31.404+0000] {processor.py:925} INFO - DAG(s) 'latest_only' retrieved from /home/airflow/.local/lib/python3.12/site-packages/airflow/example_dags/example_latest_only.py
[2024-10-19T00:11:31.424+0000] {logging_mixin.py:190} INFO - [2024-10-19T00:11:31.424+0000] {dag.py:3239} INFO - Sync 1 DAGs
[2024-10-19T00:11:31.449+0000] {logging_mixin.py:190} INFO - [2024-10-19T00:11:31.448+0000] {dag.py:4180} INFO - Setting next_dagrun for latest_only to 2024-10-18 20:00:00+00:00, run_after=2024-10-19 00:00:00+00:00
[2024-10-19T00:11:31.469+0000] {processor.py:208} INFO - Processing /home/airflow/.local/lib/python3.12/site-packages/airflow/example_dags/example_latest_only.py took 0.083 seconds
[2024-10-19T00:12:02.104+0000] {processor.py:186} INFO - Started process (PID=953) to work on /home/airflow/.local/lib/python3.12/site-packages/airflow/example_dags/example_latest_only.py
[2024-10-19T00:12:02.105+0000] {processor.py:914} INFO - Processing file /home/airflow/.local/lib/python3.12/site-packages/airflow/example_dags/example_latest_only.py for tasks to queue
[2024-10-19T00:12:02.108+0000] {logging_mixin.py:190} INFO - [2024-10-19T00:12:02.108+0000] {dagbag.py:588} INFO - Filling up the DagBag from /home/airflow/.local/lib/python3.12/site-packages/airflow/example_dags/example_latest_only.py
[2024-10-19T00:12:02.114+0000] {processor.py:925} INFO - DAG(s) 'latest_only' retrieved from /home/airflow/.local/lib/python3.12/site-packages/airflow/example_dags/example_latest_only.py
[2024-10-19T00:12:02.132+0000] {logging_mixin.py:190} INFO - [2024-10-19T00:12:02.132+0000] {dag.py:3239} INFO - Sync 1 DAGs
[2024-10-19T00:12:02.156+0000] {logging_mixin.py:190} INFO - [2024-10-19T00:12:02.156+0000] {dag.py:4180} INFO - Setting next_dagrun for latest_only to 2024-10-18 20:00:00+00:00, run_after=2024-10-19 00:00:00+00:00
[2024-10-19T00:12:02.178+0000] {processor.py:208} INFO - Processing /home/airflow/.local/lib/python3.12/site-packages/airflow/example_dags/example_latest_only.py took 0.079 seconds
[2024-10-19T00:12:32.867+0000] {processor.py:186} INFO - Started process (PID=1015) to work on /home/airflow/.local/lib/python3.12/site-packages/airflow/example_dags/example_latest_only.py
[2024-10-19T00:12:32.869+0000] {processor.py:914} INFO - Processing file /home/airflow/.local/lib/python3.12/site-packages/airflow/example_dags/example_latest_only.py for tasks to queue
[2024-10-19T00:12:32.873+0000] {logging_mixin.py:190} INFO - [2024-10-19T00:12:32.872+0000] {dagbag.py:588} INFO - Filling up the DagBag from /home/airflow/.local/lib/python3.12/site-packages/airflow/example_dags/example_latest_only.py
[2024-10-19T00:12:32.883+0000] {processor.py:925} INFO - DAG(s) 'latest_only' retrieved from /home/airflow/.local/lib/python3.12/site-packages/airflow/example_dags/example_latest_only.py
[2024-10-19T00:12:32.911+0000] {logging_mixin.py:190} INFO - [2024-10-19T00:12:32.911+0000] {dag.py:3239} INFO - Sync 1 DAGs
[2024-10-19T00:12:32.950+0000] {logging_mixin.py:190} INFO - [2024-10-19T00:12:32.950+0000] {dag.py:4180} INFO - Setting next_dagrun for latest_only to 2024-10-18 20:00:00+00:00, run_after=2024-10-19 00:00:00+00:00
[2024-10-19T00:12:32.979+0000] {processor.py:208} INFO - Processing /home/airflow/.local/lib/python3.12/site-packages/airflow/example_dags/example_latest_only.py took 0.123 seconds
[2024-10-19T00:13:03.309+0000] {processor.py:186} INFO - Started process (PID=1076) to work on /home/airflow/.local/lib/python3.12/site-packages/airflow/example_dags/example_latest_only.py
[2024-10-19T00:13:03.310+0000] {processor.py:914} INFO - Processing file /home/airflow/.local/lib/python3.12/site-packages/airflow/example_dags/example_latest_only.py for tasks to queue
[2024-10-19T00:13:03.313+0000] {logging_mixin.py:190} INFO - [2024-10-19T00:13:03.312+0000] {dagbag.py:588} INFO - Filling up the DagBag from /home/airflow/.local/lib/python3.12/site-packages/airflow/example_dags/example_latest_only.py
[2024-10-19T00:13:03.320+0000] {processor.py:925} INFO - DAG(s) 'latest_only' retrieved from /home/airflow/.local/lib/python3.12/site-packages/airflow/example_dags/example_latest_only.py
[2024-10-19T00:13:03.338+0000] {logging_mixin.py:190} INFO - [2024-10-19T00:13:03.338+0000] {dag.py:3239} INFO - Sync 1 DAGs
[2024-10-19T00:13:03.359+0000] {logging_mixin.py:190} INFO - [2024-10-19T00:13:03.359+0000] {dag.py:4180} INFO - Setting next_dagrun for latest_only to 2024-10-18 20:00:00+00:00, run_after=2024-10-19 00:00:00+00:00
[2024-10-19T00:13:03.378+0000] {processor.py:208} INFO - Processing /home/airflow/.local/lib/python3.12/site-packages/airflow/example_dags/example_latest_only.py took 0.074 seconds
[2024-10-19T00:13:33.602+0000] {processor.py:186} INFO - Started process (PID=1138) to work on /home/airflow/.local/lib/python3.12/site-packages/airflow/example_dags/example_latest_only.py
[2024-10-19T00:13:33.603+0000] {processor.py:914} INFO - Processing file /home/airflow/.local/lib/python3.12/site-packages/airflow/example_dags/example_latest_only.py for tasks to queue
[2024-10-19T00:13:33.605+0000] {logging_mixin.py:190} INFO - [2024-10-19T00:13:33.605+0000] {dagbag.py:588} INFO - Filling up the DagBag from /home/airflow/.local/lib/python3.12/site-packages/airflow/example_dags/example_latest_only.py
[2024-10-19T00:13:33.611+0000] {processor.py:925} INFO - DAG(s) 'latest_only' retrieved from /home/airflow/.local/lib/python3.12/site-packages/airflow/example_dags/example_latest_only.py
[2024-10-19T00:13:33.634+0000] {logging_mixin.py:190} INFO - [2024-10-19T00:13:33.634+0000] {dag.py:3239} INFO - Sync 1 DAGs
[2024-10-19T00:13:33.655+0000] {logging_mixin.py:190} INFO - [2024-10-19T00:13:33.655+0000] {dag.py:4180} INFO - Setting next_dagrun for latest_only to 2024-10-18 20:00:00+00:00, run_after=2024-10-19 00:00:00+00:00
[2024-10-19T00:13:33.673+0000] {processor.py:208} INFO - Processing /home/airflow/.local/lib/python3.12/site-packages/airflow/example_dags/example_latest_only.py took 0.077 seconds
[2024-10-19T00:14:04.248+0000] {processor.py:186} INFO - Started process (PID=1200) to work on /home/airflow/.local/lib/python3.12/site-packages/airflow/example_dags/example_latest_only.py
[2024-10-19T00:14:04.249+0000] {processor.py:914} INFO - Processing file /home/airflow/.local/lib/python3.12/site-packages/airflow/example_dags/example_latest_only.py for tasks to queue
[2024-10-19T00:14:04.252+0000] {logging_mixin.py:190} INFO - [2024-10-19T00:14:04.251+0000] {dagbag.py:588} INFO - Filling up the DagBag from /home/airflow/.local/lib/python3.12/site-packages/airflow/example_dags/example_latest_only.py
[2024-10-19T00:14:04.258+0000] {processor.py:925} INFO - DAG(s) 'latest_only' retrieved from /home/airflow/.local/lib/python3.12/site-packages/airflow/example_dags/example_latest_only.py
[2024-10-19T00:14:04.278+0000] {logging_mixin.py:190} INFO - [2024-10-19T00:14:04.277+0000] {dag.py:3239} INFO - Sync 1 DAGs
[2024-10-19T00:14:04.300+0000] {logging_mixin.py:190} INFO - [2024-10-19T00:14:04.300+0000] {dag.py:4180} INFO - Setting next_dagrun for latest_only to 2024-10-18 20:00:00+00:00, run_after=2024-10-19 00:00:00+00:00
[2024-10-19T00:14:04.319+0000] {processor.py:208} INFO - Processing /home/airflow/.local/lib/python3.12/site-packages/airflow/example_dags/example_latest_only.py took 0.076 seconds
[2024-10-19T00:14:34.961+0000] {processor.py:186} INFO - Started process (PID=1262) to work on /home/airflow/.local/lib/python3.12/site-packages/airflow/example_dags/example_latest_only.py
[2024-10-19T00:14:34.962+0000] {processor.py:914} INFO - Processing file /home/airflow/.local/lib/python3.12/site-packages/airflow/example_dags/example_latest_only.py for tasks to queue
[2024-10-19T00:14:34.964+0000] {logging_mixin.py:190} INFO - [2024-10-19T00:14:34.964+0000] {dagbag.py:588} INFO - Filling up the DagBag from /home/airflow/.local/lib/python3.12/site-packages/airflow/example_dags/example_latest_only.py
[2024-10-19T00:14:34.969+0000] {processor.py:925} INFO - DAG(s) 'latest_only' retrieved from /home/airflow/.local/lib/python3.12/site-packages/airflow/example_dags/example_latest_only.py
[2024-10-19T00:14:34.986+0000] {logging_mixin.py:190} INFO - [2024-10-19T00:14:34.986+0000] {dag.py:3239} INFO - Sync 1 DAGs
[2024-10-19T00:14:35.006+0000] {logging_mixin.py:190} INFO - [2024-10-19T00:14:35.006+0000] {dag.py:4180} INFO - Setting next_dagrun for latest_only to 2024-10-18 20:00:00+00:00, run_after=2024-10-19 00:00:00+00:00
[2024-10-19T00:14:35.026+0000] {processor.py:208} INFO - Processing /home/airflow/.local/lib/python3.12/site-packages/airflow/example_dags/example_latest_only.py took 0.069 seconds
[2024-10-19T00:15:05.562+0000] {processor.py:186} INFO - Started process (PID=1324) to work on /home/airflow/.local/lib/python3.12/site-packages/airflow/example_dags/example_latest_only.py
[2024-10-19T00:15:05.563+0000] {processor.py:914} INFO - Processing file /home/airflow/.local/lib/python3.12/site-packages/airflow/example_dags/example_latest_only.py for tasks to queue
[2024-10-19T00:15:05.566+0000] {logging_mixin.py:190} INFO - [2024-10-19T00:15:05.566+0000] {dagbag.py:588} INFO - Filling up the DagBag from /home/airflow/.local/lib/python3.12/site-packages/airflow/example_dags/example_latest_only.py
[2024-10-19T00:15:05.573+0000] {processor.py:925} INFO - DAG(s) 'latest_only' retrieved from /home/airflow/.local/lib/python3.12/site-packages/airflow/example_dags/example_latest_only.py
[2024-10-19T00:15:05.592+0000] {logging_mixin.py:190} INFO - [2024-10-19T00:15:05.592+0000] {dag.py:3239} INFO - Sync 1 DAGs
[2024-10-19T00:15:05.616+0000] {logging_mixin.py:190} INFO - [2024-10-19T00:15:05.616+0000] {dag.py:4180} INFO - Setting next_dagrun for latest_only to 2024-10-18 20:00:00+00:00, run_after=2024-10-19 00:00:00+00:00
[2024-10-19T00:15:05.637+0000] {processor.py:208} INFO - Processing /home/airflow/.local/lib/python3.12/site-packages/airflow/example_dags/example_latest_only.py took 0.081 seconds
[2024-10-19T00:15:36.397+0000] {processor.py:186} INFO - Started process (PID=1386) to work on /home/airflow/.local/lib/python3.12/site-packages/airflow/example_dags/example_latest_only.py
[2024-10-19T00:15:36.398+0000] {processor.py:914} INFO - Processing file /home/airflow/.local/lib/python3.12/site-packages/airflow/example_dags/example_latest_only.py for tasks to queue
[2024-10-19T00:15:36.400+0000] {logging_mixin.py:190} INFO - [2024-10-19T00:15:36.400+0000] {dagbag.py:588} INFO - Filling up the DagBag from /home/airflow/.local/lib/python3.12/site-packages/airflow/example_dags/example_latest_only.py
[2024-10-19T00:15:36.406+0000] {processor.py:925} INFO - DAG(s) 'latest_only' retrieved from /home/airflow/.local/lib/python3.12/site-packages/airflow/example_dags/example_latest_only.py
[2024-10-19T00:15:36.422+0000] {logging_mixin.py:190} INFO - [2024-10-19T00:15:36.422+0000] {dag.py:3239} INFO - Sync 1 DAGs
[2024-10-19T00:15:36.442+0000] {logging_mixin.py:190} INFO - [2024-10-19T00:15:36.442+0000] {dag.py:4180} INFO - Setting next_dagrun for latest_only to 2024-10-18 20:00:00+00:00, run_after=2024-10-19 00:00:00+00:00
[2024-10-19T00:15:36.459+0000] {processor.py:208} INFO - Processing /home/airflow/.local/lib/python3.12/site-packages/airflow/example_dags/example_latest_only.py took 0.068 seconds
[2024-10-19T00:16:07.076+0000] {processor.py:186} INFO - Started process (PID=1447) to work on /home/airflow/.local/lib/python3.12/site-packages/airflow/example_dags/example_latest_only.py
[2024-10-19T00:16:07.077+0000] {processor.py:914} INFO - Processing file /home/airflow/.local/lib/python3.12/site-packages/airflow/example_dags/example_latest_only.py for tasks to queue
[2024-10-19T00:16:07.080+0000] {logging_mixin.py:190} INFO - [2024-10-19T00:16:07.079+0000] {dagbag.py:588} INFO - Filling up the DagBag from /home/airflow/.local/lib/python3.12/site-packages/airflow/example_dags/example_latest_only.py
[2024-10-19T00:16:07.086+0000] {processor.py:925} INFO - DAG(s) 'latest_only' retrieved from /home/airflow/.local/lib/python3.12/site-packages/airflow/example_dags/example_latest_only.py
[2024-10-19T00:16:07.106+0000] {logging_mixin.py:190} INFO - [2024-10-19T00:16:07.106+0000] {dag.py:3239} INFO - Sync 1 DAGs
[2024-10-19T00:16:07.129+0000] {logging_mixin.py:190} INFO - [2024-10-19T00:16:07.129+0000] {dag.py:4180} INFO - Setting next_dagrun for latest_only to 2024-10-18 20:00:00+00:00, run_after=2024-10-19 00:00:00+00:00
[2024-10-19T00:16:07.154+0000] {processor.py:208} INFO - Processing /home/airflow/.local/lib/python3.12/site-packages/airflow/example_dags/example_latest_only.py took 0.083 seconds
[2024-10-19T00:16:37.981+0000] {processor.py:186} INFO - Started process (PID=1509) to work on /home/airflow/.local/lib/python3.12/site-packages/airflow/example_dags/example_latest_only.py
[2024-10-19T00:16:37.982+0000] {processor.py:914} INFO - Processing file /home/airflow/.local/lib/python3.12/site-packages/airflow/example_dags/example_latest_only.py for tasks to queue
[2024-10-19T00:16:37.984+0000] {logging_mixin.py:190} INFO - [2024-10-19T00:16:37.984+0000] {dagbag.py:588} INFO - Filling up the DagBag from /home/airflow/.local/lib/python3.12/site-packages/airflow/example_dags/example_latest_only.py
[2024-10-19T00:16:37.991+0000] {processor.py:925} INFO - DAG(s) 'latest_only' retrieved from /home/airflow/.local/lib/python3.12/site-packages/airflow/example_dags/example_latest_only.py
[2024-10-19T00:16:38.010+0000] {logging_mixin.py:190} INFO - [2024-10-19T00:16:38.010+0000] {dag.py:3239} INFO - Sync 1 DAGs
[2024-10-19T00:16:38.033+0000] {logging_mixin.py:190} INFO - [2024-10-19T00:16:38.032+0000] {dag.py:4180} INFO - Setting next_dagrun for latest_only to 2024-10-18 20:00:00+00:00, run_after=2024-10-19 00:00:00+00:00
[2024-10-19T00:16:38.053+0000] {processor.py:208} INFO - Processing /home/airflow/.local/lib/python3.12/site-packages/airflow/example_dags/example_latest_only.py took 0.078 seconds
[2024-10-19T00:17:08.884+0000] {processor.py:186} INFO - Started process (PID=1571) to work on /home/airflow/.local/lib/python3.12/site-packages/airflow/example_dags/example_latest_only.py
[2024-10-19T00:17:08.886+0000] {processor.py:914} INFO - Processing file /home/airflow/.local/lib/python3.12/site-packages/airflow/example_dags/example_latest_only.py for tasks to queue
[2024-10-19T00:17:08.890+0000] {logging_mixin.py:190} INFO - [2024-10-19T00:17:08.889+0000] {dagbag.py:588} INFO - Filling up the DagBag from /home/airflow/.local/lib/python3.12/site-packages/airflow/example_dags/example_latest_only.py
[2024-10-19T00:17:08.902+0000] {processor.py:925} INFO - DAG(s) 'latest_only' retrieved from /home/airflow/.local/lib/python3.12/site-packages/airflow/example_dags/example_latest_only.py
[2024-10-19T00:17:08.938+0000] {logging_mixin.py:190} INFO - [2024-10-19T00:17:08.937+0000] {dag.py:3239} INFO - Sync 1 DAGs
[2024-10-19T00:17:08.978+0000] {logging_mixin.py:190} INFO - [2024-10-19T00:17:08.978+0000] {dag.py:4180} INFO - Setting next_dagrun for latest_only to 2024-10-18 20:00:00+00:00, run_after=2024-10-19 00:00:00+00:00
[2024-10-19T00:17:09.020+0000] {processor.py:208} INFO - Processing /home/airflow/.local/lib/python3.12/site-packages/airflow/example_dags/example_latest_only.py took 0.149 seconds
[2024-10-19T00:17:39.917+0000] {processor.py:186} INFO - Started process (PID=1633) to work on /home/airflow/.local/lib/python3.12/site-packages/airflow/example_dags/example_latest_only.py
[2024-10-19T00:17:39.918+0000] {processor.py:914} INFO - Processing file /home/airflow/.local/lib/python3.12/site-packages/airflow/example_dags/example_latest_only.py for tasks to queue
[2024-10-19T00:17:39.920+0000] {logging_mixin.py:190} INFO - [2024-10-19T00:17:39.919+0000] {dagbag.py:588} INFO - Filling up the DagBag from /home/airflow/.local/lib/python3.12/site-packages/airflow/example_dags/example_latest_only.py
[2024-10-19T00:17:39.926+0000] {processor.py:925} INFO - DAG(s) 'latest_only' retrieved from /home/airflow/.local/lib/python3.12/site-packages/airflow/example_dags/example_latest_only.py
[2024-10-19T00:17:39.943+0000] {logging_mixin.py:190} INFO - [2024-10-19T00:17:39.943+0000] {dag.py:3239} INFO - Sync 1 DAGs
[2024-10-19T00:17:39.964+0000] {logging_mixin.py:190} INFO - [2024-10-19T00:17:39.964+0000] {dag.py:4180} INFO - Setting next_dagrun for latest_only to 2024-10-18 20:00:00+00:00, run_after=2024-10-19 00:00:00+00:00
[2024-10-19T00:17:39.986+0000] {processor.py:208} INFO - Processing /home/airflow/.local/lib/python3.12/site-packages/airflow/example_dags/example_latest_only.py took 0.073 seconds
[2024-10-19T00:18:10.427+0000] {processor.py:186} INFO - Started process (PID=1695) to work on /home/airflow/.local/lib/python3.12/site-packages/airflow/example_dags/example_latest_only.py
[2024-10-19T00:18:10.429+0000] {processor.py:914} INFO - Processing file /home/airflow/.local/lib/python3.12/site-packages/airflow/example_dags/example_latest_only.py for tasks to queue
[2024-10-19T00:18:10.430+0000] {logging_mixin.py:190} INFO - [2024-10-19T00:18:10.430+0000] {dagbag.py:588} INFO - Filling up the DagBag from /home/airflow/.local/lib/python3.12/site-packages/airflow/example_dags/example_latest_only.py
[2024-10-19T00:18:10.437+0000] {processor.py:925} INFO - DAG(s) 'latest_only' retrieved from /home/airflow/.local/lib/python3.12/site-packages/airflow/example_dags/example_latest_only.py
[2024-10-19T00:18:10.452+0000] {logging_mixin.py:190} INFO - [2024-10-19T00:18:10.452+0000] {dag.py:3239} INFO - Sync 1 DAGs
[2024-10-19T00:18:10.469+0000] {logging_mixin.py:190} INFO - [2024-10-19T00:18:10.469+0000] {dag.py:4180} INFO - Setting next_dagrun for latest_only to 2024-10-18 20:00:00+00:00, run_after=2024-10-19 00:00:00+00:00
[2024-10-19T00:18:10.491+0000] {processor.py:208} INFO - Processing /home/airflow/.local/lib/python3.12/site-packages/airflow/example_dags/example_latest_only.py took 0.070 seconds
[2024-10-19T00:18:40.684+0000] {processor.py:186} INFO - Started process (PID=1756) to work on /home/airflow/.local/lib/python3.12/site-packages/airflow/example_dags/example_latest_only.py
[2024-10-19T00:18:40.686+0000] {processor.py:914} INFO - Processing file /home/airflow/.local/lib/python3.12/site-packages/airflow/example_dags/example_latest_only.py for tasks to queue
[2024-10-19T00:18:40.688+0000] {logging_mixin.py:190} INFO - [2024-10-19T00:18:40.688+0000] {dagbag.py:588} INFO - Filling up the DagBag from /home/airflow/.local/lib/python3.12/site-packages/airflow/example_dags/example_latest_only.py
[2024-10-19T00:18:40.695+0000] {processor.py:925} INFO - DAG(s) 'latest_only' retrieved from /home/airflow/.local/lib/python3.12/site-packages/airflow/example_dags/example_latest_only.py
[2024-10-19T00:18:40.712+0000] {logging_mixin.py:190} INFO - [2024-10-19T00:18:40.712+0000] {dag.py:3239} INFO - Sync 1 DAGs
[2024-10-19T00:18:40.736+0000] {logging_mixin.py:190} INFO - [2024-10-19T00:18:40.736+0000] {dag.py:4180} INFO - Setting next_dagrun for latest_only to 2024-10-18 20:00:00+00:00, run_after=2024-10-19 00:00:00+00:00
[2024-10-19T00:18:40.758+0000] {processor.py:208} INFO - Processing /home/airflow/.local/lib/python3.12/site-packages/airflow/example_dags/example_latest_only.py took 0.079 seconds
[2024-10-19T00:19:11.895+0000] {processor.py:186} INFO - Started process (PID=1818) to work on /home/airflow/.local/lib/python3.12/site-packages/airflow/example_dags/example_latest_only.py
[2024-10-19T00:19:11.896+0000] {processor.py:914} INFO - Processing file /home/airflow/.local/lib/python3.12/site-packages/airflow/example_dags/example_latest_only.py for tasks to queue
[2024-10-19T00:19:11.898+0000] {logging_mixin.py:190} INFO - [2024-10-19T00:19:11.898+0000] {dagbag.py:588} INFO - Filling up the DagBag from /home/airflow/.local/lib/python3.12/site-packages/airflow/example_dags/example_latest_only.py
[2024-10-19T00:19:11.904+0000] {processor.py:925} INFO - DAG(s) 'latest_only' retrieved from /home/airflow/.local/lib/python3.12/site-packages/airflow/example_dags/example_latest_only.py
[2024-10-19T00:19:11.920+0000] {logging_mixin.py:190} INFO - [2024-10-19T00:19:11.920+0000] {dag.py:3239} INFO - Sync 1 DAGs
[2024-10-19T00:19:11.939+0000] {logging_mixin.py:190} INFO - [2024-10-19T00:19:11.939+0000] {dag.py:4180} INFO - Setting next_dagrun for latest_only to 2024-10-18 20:00:00+00:00, run_after=2024-10-19 00:00:00+00:00
[2024-10-19T00:19:11.956+0000] {processor.py:208} INFO - Processing /home/airflow/.local/lib/python3.12/site-packages/airflow/example_dags/example_latest_only.py took 0.065 seconds
[2024-10-19T00:19:42.318+0000] {processor.py:186} INFO - Started process (PID=1880) to work on /home/airflow/.local/lib/python3.12/site-packages/airflow/example_dags/example_latest_only.py
[2024-10-19T00:19:42.319+0000] {processor.py:914} INFO - Processing file /home/airflow/.local/lib/python3.12/site-packages/airflow/example_dags/example_latest_only.py for tasks to queue
[2024-10-19T00:19:42.321+0000] {logging_mixin.py:190} INFO - [2024-10-19T00:19:42.320+0000] {dagbag.py:588} INFO - Filling up the DagBag from /home/airflow/.local/lib/python3.12/site-packages/airflow/example_dags/example_latest_only.py
[2024-10-19T00:19:42.327+0000] {processor.py:925} INFO - DAG(s) 'latest_only' retrieved from /home/airflow/.local/lib/python3.12/site-packages/airflow/example_dags/example_latest_only.py
[2024-10-19T00:19:42.344+0000] {logging_mixin.py:190} INFO - [2024-10-19T00:19:42.343+0000] {dag.py:3239} INFO - Sync 1 DAGs
[2024-10-19T00:19:42.363+0000] {logging_mixin.py:190} INFO - [2024-10-19T00:19:42.363+0000] {dag.py:4180} INFO - Setting next_dagrun for latest_only to 2024-10-18 20:00:00+00:00, run_after=2024-10-19 00:00:00+00:00
[2024-10-19T00:19:42.381+0000] {processor.py:208} INFO - Processing /home/airflow/.local/lib/python3.12/site-packages/airflow/example_dags/example_latest_only.py took 0.068 seconds
[2024-10-19T00:20:13.070+0000] {processor.py:186} INFO - Started process (PID=1942) to work on /home/airflow/.local/lib/python3.12/site-packages/airflow/example_dags/example_latest_only.py
[2024-10-19T00:20:13.071+0000] {processor.py:914} INFO - Processing file /home/airflow/.local/lib/python3.12/site-packages/airflow/example_dags/example_latest_only.py for tasks to queue
[2024-10-19T00:20:13.073+0000] {logging_mixin.py:190} INFO - [2024-10-19T00:20:13.073+0000] {dagbag.py:588} INFO - Filling up the DagBag from /home/airflow/.local/lib/python3.12/site-packages/airflow/example_dags/example_latest_only.py
[2024-10-19T00:20:13.079+0000] {processor.py:925} INFO - DAG(s) 'latest_only' retrieved from /home/airflow/.local/lib/python3.12/site-packages/airflow/example_dags/example_latest_only.py
[2024-10-19T00:20:13.097+0000] {logging_mixin.py:190} INFO - [2024-10-19T00:20:13.097+0000] {dag.py:3239} INFO - Sync 1 DAGs
[2024-10-19T00:20:13.121+0000] {logging_mixin.py:190} INFO - [2024-10-19T00:20:13.121+0000] {dag.py:4180} INFO - Setting next_dagrun for latest_only to 2024-10-18 20:00:00+00:00, run_after=2024-10-19 00:00:00+00:00
[2024-10-19T00:20:13.140+0000] {processor.py:208} INFO - Processing /home/airflow/.local/lib/python3.12/site-packages/airflow/example_dags/example_latest_only.py took 0.075 seconds
[2024-10-19T00:20:43.730+0000] {processor.py:186} INFO - Started process (PID=2004) to work on /home/airflow/.local/lib/python3.12/site-packages/airflow/example_dags/example_latest_only.py
[2024-10-19T00:20:43.731+0000] {processor.py:914} INFO - Processing file /home/airflow/.local/lib/python3.12/site-packages/airflow/example_dags/example_latest_only.py for tasks to queue
[2024-10-19T00:20:43.733+0000] {logging_mixin.py:190} INFO - [2024-10-19T00:20:43.733+0000] {dagbag.py:588} INFO - Filling up the DagBag from /home/airflow/.local/lib/python3.12/site-packages/airflow/example_dags/example_latest_only.py
[2024-10-19T00:20:43.740+0000] {processor.py:925} INFO - DAG(s) 'latest_only' retrieved from /home/airflow/.local/lib/python3.12/site-packages/airflow/example_dags/example_latest_only.py
[2024-10-19T00:20:43.762+0000] {logging_mixin.py:190} INFO - [2024-10-19T00:20:43.761+0000] {dag.py:3239} INFO - Sync 1 DAGs
[2024-10-19T00:20:43.786+0000] {logging_mixin.py:190} INFO - [2024-10-19T00:20:43.786+0000] {dag.py:4180} INFO - Setting next_dagrun for latest_only to 2024-10-18 20:00:00+00:00, run_after=2024-10-19 00:00:00+00:00
[2024-10-19T00:20:43.808+0000] {processor.py:208} INFO - Processing /home/airflow/.local/lib/python3.12/site-packages/airflow/example_dags/example_latest_only.py took 0.086 seconds
[2024-10-19T00:21:14.939+0000] {processor.py:186} INFO - Started process (PID=2066) to work on /home/airflow/.local/lib/python3.12/site-packages/airflow/example_dags/example_latest_only.py
[2024-10-19T00:21:14.940+0000] {processor.py:914} INFO - Processing file /home/airflow/.local/lib/python3.12/site-packages/airflow/example_dags/example_latest_only.py for tasks to queue
[2024-10-19T00:21:14.944+0000] {logging_mixin.py:190} INFO - [2024-10-19T00:21:14.944+0000] {dagbag.py:588} INFO - Filling up the DagBag from /home/airflow/.local/lib/python3.12/site-packages/airflow/example_dags/example_latest_only.py
[2024-10-19T00:21:14.952+0000] {processor.py:925} INFO - DAG(s) 'latest_only' retrieved from /home/airflow/.local/lib/python3.12/site-packages/airflow/example_dags/example_latest_only.py
[2024-10-19T00:21:14.971+0000] {logging_mixin.py:190} INFO - [2024-10-19T00:21:14.971+0000] {dag.py:3239} INFO - Sync 1 DAGs
[2024-10-19T00:21:14.993+0000] {logging_mixin.py:190} INFO - [2024-10-19T00:21:14.993+0000] {dag.py:4180} INFO - Setting next_dagrun for latest_only to 2024-10-18 20:00:00+00:00, run_after=2024-10-19 00:00:00+00:00
[2024-10-19T00:21:15.013+0000] {processor.py:208} INFO - Processing /home/airflow/.local/lib/python3.12/site-packages/airflow/example_dags/example_latest_only.py took 0.079 seconds
[2024-10-19T00:21:46.091+0000] {processor.py:186} INFO - Started process (PID=2129) to work on /home/airflow/.local/lib/python3.12/site-packages/airflow/example_dags/example_latest_only.py
[2024-10-19T00:21:46.092+0000] {processor.py:914} INFO - Processing file /home/airflow/.local/lib/python3.12/site-packages/airflow/example_dags/example_latest_only.py for tasks to queue
[2024-10-19T00:21:46.094+0000] {logging_mixin.py:190} INFO - [2024-10-19T00:21:46.094+0000] {dagbag.py:588} INFO - Filling up the DagBag from /home/airflow/.local/lib/python3.12/site-packages/airflow/example_dags/example_latest_only.py
[2024-10-19T00:21:46.101+0000] {processor.py:925} INFO - DAG(s) 'latest_only' retrieved from /home/airflow/.local/lib/python3.12/site-packages/airflow/example_dags/example_latest_only.py
[2024-10-19T00:21:46.120+0000] {logging_mixin.py:190} INFO - [2024-10-19T00:21:46.120+0000] {dag.py:3239} INFO - Sync 1 DAGs
[2024-10-19T00:21:46.142+0000] {logging_mixin.py:190} INFO - [2024-10-19T00:21:46.142+0000] {dag.py:4180} INFO - Setting next_dagrun for latest_only to 2024-10-18 20:00:00+00:00, run_after=2024-10-19 00:00:00+00:00
[2024-10-19T00:21:46.162+0000] {processor.py:208} INFO - Processing /home/airflow/.local/lib/python3.12/site-packages/airflow/example_dags/example_latest_only.py took 0.077 seconds
[2024-10-19T00:22:16.786+0000] {processor.py:186} INFO - Started process (PID=2191) to work on /home/airflow/.local/lib/python3.12/site-packages/airflow/example_dags/example_latest_only.py
[2024-10-19T00:22:16.786+0000] {processor.py:914} INFO - Processing file /home/airflow/.local/lib/python3.12/site-packages/airflow/example_dags/example_latest_only.py for tasks to queue
[2024-10-19T00:22:16.788+0000] {logging_mixin.py:190} INFO - [2024-10-19T00:22:16.788+0000] {dagbag.py:588} INFO - Filling up the DagBag from /home/airflow/.local/lib/python3.12/site-packages/airflow/example_dags/example_latest_only.py
[2024-10-19T00:22:16.794+0000] {processor.py:925} INFO - DAG(s) 'latest_only' retrieved from /home/airflow/.local/lib/python3.12/site-packages/airflow/example_dags/example_latest_only.py
[2024-10-19T00:22:16.810+0000] {logging_mixin.py:190} INFO - [2024-10-19T00:22:16.810+0000] {dag.py:3239} INFO - Sync 1 DAGs
[2024-10-19T00:22:16.828+0000] {logging_mixin.py:190} INFO - [2024-10-19T00:22:16.828+0000] {dag.py:4180} INFO - Setting next_dagrun for latest_only to 2024-10-18 20:00:00+00:00, run_after=2024-10-19 00:00:00+00:00
[2024-10-19T00:22:16.847+0000] {processor.py:208} INFO - Processing /home/airflow/.local/lib/python3.12/site-packages/airflow/example_dags/example_latest_only.py took 0.066 seconds
[2024-10-19T00:22:47.324+0000] {processor.py:186} INFO - Started process (PID=2254) to work on /home/airflow/.local/lib/python3.12/site-packages/airflow/example_dags/example_latest_only.py
[2024-10-19T00:22:47.324+0000] {processor.py:914} INFO - Processing file /home/airflow/.local/lib/python3.12/site-packages/airflow/example_dags/example_latest_only.py for tasks to queue
[2024-10-19T00:22:47.326+0000] {logging_mixin.py:190} INFO - [2024-10-19T00:22:47.326+0000] {dagbag.py:588} INFO - Filling up the DagBag from /home/airflow/.local/lib/python3.12/site-packages/airflow/example_dags/example_latest_only.py
[2024-10-19T00:22:47.332+0000] {processor.py:925} INFO - DAG(s) 'latest_only' retrieved from /home/airflow/.local/lib/python3.12/site-packages/airflow/example_dags/example_latest_only.py
[2024-10-19T00:22:47.348+0000] {logging_mixin.py:190} INFO - [2024-10-19T00:22:47.347+0000] {dag.py:3239} INFO - Sync 1 DAGs
[2024-10-19T00:22:47.365+0000] {logging_mixin.py:190} INFO - [2024-10-19T00:22:47.365+0000] {dag.py:4180} INFO - Setting next_dagrun for latest_only to 2024-10-18 20:00:00+00:00, run_after=2024-10-19 00:00:00+00:00
[2024-10-19T00:22:47.382+0000] {processor.py:208} INFO - Processing /home/airflow/.local/lib/python3.12/site-packages/airflow/example_dags/example_latest_only.py took 0.064 seconds
[2024-10-19T00:23:17.669+0000] {processor.py:186} INFO - Started process (PID=2316) to work on /home/airflow/.local/lib/python3.12/site-packages/airflow/example_dags/example_latest_only.py
[2024-10-19T00:23:17.670+0000] {processor.py:914} INFO - Processing file /home/airflow/.local/lib/python3.12/site-packages/airflow/example_dags/example_latest_only.py for tasks to queue
[2024-10-19T00:23:17.672+0000] {logging_mixin.py:190} INFO - [2024-10-19T00:23:17.672+0000] {dagbag.py:588} INFO - Filling up the DagBag from /home/airflow/.local/lib/python3.12/site-packages/airflow/example_dags/example_latest_only.py
[2024-10-19T00:23:17.678+0000] {processor.py:925} INFO - DAG(s) 'latest_only' retrieved from /home/airflow/.local/lib/python3.12/site-packages/airflow/example_dags/example_latest_only.py
[2024-10-19T00:23:17.697+0000] {logging_mixin.py:190} INFO - [2024-10-19T00:23:17.696+0000] {dag.py:3239} INFO - Sync 1 DAGs
[2024-10-19T00:23:17.716+0000] {logging_mixin.py:190} INFO - [2024-10-19T00:23:17.716+0000] {dag.py:4180} INFO - Setting next_dagrun for latest_only to 2024-10-18 20:00:00+00:00, run_after=2024-10-19 00:00:00+00:00
[2024-10-19T00:23:17.733+0000] {processor.py:208} INFO - Processing /home/airflow/.local/lib/python3.12/site-packages/airflow/example_dags/example_latest_only.py took 0.069 seconds
[2024-10-19T00:23:48.291+0000] {processor.py:186} INFO - Started process (PID=2378) to work on /home/airflow/.local/lib/python3.12/site-packages/airflow/example_dags/example_latest_only.py
[2024-10-19T00:23:48.293+0000] {processor.py:914} INFO - Processing file /home/airflow/.local/lib/python3.12/site-packages/airflow/example_dags/example_latest_only.py for tasks to queue
[2024-10-19T00:23:48.295+0000] {logging_mixin.py:190} INFO - [2024-10-19T00:23:48.294+0000] {dagbag.py:588} INFO - Filling up the DagBag from /home/airflow/.local/lib/python3.12/site-packages/airflow/example_dags/example_latest_only.py
[2024-10-19T00:23:48.300+0000] {processor.py:925} INFO - DAG(s) 'latest_only' retrieved from /home/airflow/.local/lib/python3.12/site-packages/airflow/example_dags/example_latest_only.py
[2024-10-19T00:23:48.318+0000] {logging_mixin.py:190} INFO - [2024-10-19T00:23:48.318+0000] {dag.py:3239} INFO - Sync 1 DAGs
[2024-10-19T00:23:48.338+0000] {logging_mixin.py:190} INFO - [2024-10-19T00:23:48.337+0000] {dag.py:4180} INFO - Setting next_dagrun for latest_only to 2024-10-18 20:00:00+00:00, run_after=2024-10-19 00:00:00+00:00
[2024-10-19T00:23:48.355+0000] {processor.py:208} INFO - Processing /home/airflow/.local/lib/python3.12/site-packages/airflow/example_dags/example_latest_only.py took 0.069 seconds
[2024-10-19T00:24:18.807+0000] {processor.py:186} INFO - Started process (PID=2440) to work on /home/airflow/.local/lib/python3.12/site-packages/airflow/example_dags/example_latest_only.py
[2024-10-19T00:24:18.808+0000] {processor.py:914} INFO - Processing file /home/airflow/.local/lib/python3.12/site-packages/airflow/example_dags/example_latest_only.py for tasks to queue
[2024-10-19T00:24:18.810+0000] {logging_mixin.py:190} INFO - [2024-10-19T00:24:18.810+0000] {dagbag.py:588} INFO - Filling up the DagBag from /home/airflow/.local/lib/python3.12/site-packages/airflow/example_dags/example_latest_only.py
[2024-10-19T00:24:18.815+0000] {processor.py:925} INFO - DAG(s) 'latest_only' retrieved from /home/airflow/.local/lib/python3.12/site-packages/airflow/example_dags/example_latest_only.py
[2024-10-19T00:24:18.832+0000] {logging_mixin.py:190} INFO - [2024-10-19T00:24:18.832+0000] {dag.py:3239} INFO - Sync 1 DAGs
[2024-10-19T00:24:18.850+0000] {logging_mixin.py:190} INFO - [2024-10-19T00:24:18.849+0000] {dag.py:4180} INFO - Setting next_dagrun for latest_only to 2024-10-18 20:00:00+00:00, run_after=2024-10-19 00:00:00+00:00
[2024-10-19T00:24:18.868+0000] {processor.py:208} INFO - Processing /home/airflow/.local/lib/python3.12/site-packages/airflow/example_dags/example_latest_only.py took 0.066 seconds
[2024-10-19T00:24:49.344+0000] {processor.py:186} INFO - Started process (PID=2502) to work on /home/airflow/.local/lib/python3.12/site-packages/airflow/example_dags/example_latest_only.py
[2024-10-19T00:24:49.345+0000] {processor.py:914} INFO - Processing file /home/airflow/.local/lib/python3.12/site-packages/airflow/example_dags/example_latest_only.py for tasks to queue
[2024-10-19T00:24:49.348+0000] {logging_mixin.py:190} INFO - [2024-10-19T00:24:49.347+0000] {dagbag.py:588} INFO - Filling up the DagBag from /home/airflow/.local/lib/python3.12/site-packages/airflow/example_dags/example_latest_only.py
[2024-10-19T00:24:49.354+0000] {processor.py:925} INFO - DAG(s) 'latest_only' retrieved from /home/airflow/.local/lib/python3.12/site-packages/airflow/example_dags/example_latest_only.py
[2024-10-19T00:24:49.371+0000] {logging_mixin.py:190} INFO - [2024-10-19T00:24:49.371+0000] {dag.py:3239} INFO - Sync 1 DAGs
[2024-10-19T00:24:49.389+0000] {logging_mixin.py:190} INFO - [2024-10-19T00:24:49.389+0000] {dag.py:4180} INFO - Setting next_dagrun for latest_only to 2024-10-18 20:00:00+00:00, run_after=2024-10-19 00:00:00+00:00
[2024-10-19T00:24:49.402+0000] {processor.py:208} INFO - Processing /home/airflow/.local/lib/python3.12/site-packages/airflow/example_dags/example_latest_only.py took 0.063 seconds
[2024-10-19T00:25:20.091+0000] {processor.py:186} INFO - Started process (PID=2563) to work on /home/airflow/.local/lib/python3.12/site-packages/airflow/example_dags/example_latest_only.py
[2024-10-19T00:25:20.093+0000] {processor.py:914} INFO - Processing file /home/airflow/.local/lib/python3.12/site-packages/airflow/example_dags/example_latest_only.py for tasks to queue
[2024-10-19T00:25:20.096+0000] {logging_mixin.py:190} INFO - [2024-10-19T00:25:20.096+0000] {dagbag.py:588} INFO - Filling up the DagBag from /home/airflow/.local/lib/python3.12/site-packages/airflow/example_dags/example_latest_only.py
[2024-10-19T00:25:20.107+0000] {processor.py:925} INFO - DAG(s) 'latest_only' retrieved from /home/airflow/.local/lib/python3.12/site-packages/airflow/example_dags/example_latest_only.py
[2024-10-19T00:25:20.134+0000] {logging_mixin.py:190} INFO - [2024-10-19T00:25:20.134+0000] {dag.py:3239} INFO - Sync 1 DAGs
[2024-10-19T00:25:20.173+0000] {logging_mixin.py:190} INFO - [2024-10-19T00:25:20.173+0000] {dag.py:4180} INFO - Setting next_dagrun for latest_only to 2024-10-18 20:00:00+00:00, run_after=2024-10-19 00:00:00+00:00
[2024-10-19T00:25:20.203+0000] {processor.py:208} INFO - Processing /home/airflow/.local/lib/python3.12/site-packages/airflow/example_dags/example_latest_only.py took 0.120 seconds
[2024-10-19T00:25:50.356+0000] {processor.py:186} INFO - Started process (PID=2625) to work on /home/airflow/.local/lib/python3.12/site-packages/airflow/example_dags/example_latest_only.py
[2024-10-19T00:25:50.357+0000] {processor.py:914} INFO - Processing file /home/airflow/.local/lib/python3.12/site-packages/airflow/example_dags/example_latest_only.py for tasks to queue
[2024-10-19T00:25:50.359+0000] {logging_mixin.py:190} INFO - [2024-10-19T00:25:50.359+0000] {dagbag.py:588} INFO - Filling up the DagBag from /home/airflow/.local/lib/python3.12/site-packages/airflow/example_dags/example_latest_only.py
[2024-10-19T00:25:50.365+0000] {processor.py:925} INFO - DAG(s) 'latest_only' retrieved from /home/airflow/.local/lib/python3.12/site-packages/airflow/example_dags/example_latest_only.py
[2024-10-19T00:25:50.381+0000] {logging_mixin.py:190} INFO - [2024-10-19T00:25:50.380+0000] {dag.py:3239} INFO - Sync 1 DAGs
[2024-10-19T00:25:50.399+0000] {logging_mixin.py:190} INFO - [2024-10-19T00:25:50.399+0000] {dag.py:4180} INFO - Setting next_dagrun for latest_only to 2024-10-18 20:00:00+00:00, run_after=2024-10-19 00:00:00+00:00
[2024-10-19T00:25:50.416+0000] {processor.py:208} INFO - Processing /home/airflow/.local/lib/python3.12/site-packages/airflow/example_dags/example_latest_only.py took 0.065 seconds
[2024-10-19T00:26:21.518+0000] {processor.py:186} INFO - Started process (PID=2687) to work on /home/airflow/.local/lib/python3.12/site-packages/airflow/example_dags/example_latest_only.py
[2024-10-19T00:26:21.519+0000] {processor.py:914} INFO - Processing file /home/airflow/.local/lib/python3.12/site-packages/airflow/example_dags/example_latest_only.py for tasks to queue
[2024-10-19T00:26:21.522+0000] {logging_mixin.py:190} INFO - [2024-10-19T00:26:21.522+0000] {dagbag.py:588} INFO - Filling up the DagBag from /home/airflow/.local/lib/python3.12/site-packages/airflow/example_dags/example_latest_only.py
[2024-10-19T00:26:21.530+0000] {processor.py:925} INFO - DAG(s) 'latest_only' retrieved from /home/airflow/.local/lib/python3.12/site-packages/airflow/example_dags/example_latest_only.py
[2024-10-19T00:26:21.552+0000] {logging_mixin.py:190} INFO - [2024-10-19T00:26:21.552+0000] {dag.py:3239} INFO - Sync 1 DAGs
[2024-10-19T00:26:21.574+0000] {logging_mixin.py:190} INFO - [2024-10-19T00:26:21.573+0000] {dag.py:4180} INFO - Setting next_dagrun for latest_only to 2024-10-18 20:00:00+00:00, run_after=2024-10-19 00:00:00+00:00
[2024-10-19T00:26:21.597+0000] {processor.py:208} INFO - Processing /home/airflow/.local/lib/python3.12/site-packages/airflow/example_dags/example_latest_only.py took 0.085 seconds
[2024-10-19T00:26:52.207+0000] {processor.py:186} INFO - Started process (PID=2754) to work on /home/airflow/.local/lib/python3.12/site-packages/airflow/example_dags/example_latest_only.py
[2024-10-19T00:26:52.208+0000] {processor.py:914} INFO - Processing file /home/airflow/.local/lib/python3.12/site-packages/airflow/example_dags/example_latest_only.py for tasks to queue
[2024-10-19T00:26:52.212+0000] {logging_mixin.py:190} INFO - [2024-10-19T00:26:52.212+0000] {dagbag.py:588} INFO - Filling up the DagBag from /home/airflow/.local/lib/python3.12/site-packages/airflow/example_dags/example_latest_only.py
[2024-10-19T00:26:52.235+0000] {processor.py:925} INFO - DAG(s) 'latest_only' retrieved from /home/airflow/.local/lib/python3.12/site-packages/airflow/example_dags/example_latest_only.py
[2024-10-19T00:26:52.280+0000] {logging_mixin.py:190} INFO - [2024-10-19T00:26:52.279+0000] {dag.py:3239} INFO - Sync 1 DAGs
[2024-10-19T00:26:52.331+0000] {logging_mixin.py:190} INFO - [2024-10-19T00:26:52.330+0000] {dag.py:4180} INFO - Setting next_dagrun for latest_only to 2024-10-18 20:00:00+00:00, run_after=2024-10-19 00:00:00+00:00
[2024-10-19T00:26:52.358+0000] {processor.py:208} INFO - Processing /home/airflow/.local/lib/python3.12/site-packages/airflow/example_dags/example_latest_only.py took 0.159 seconds
[2024-10-19T00:27:22.653+0000] {processor.py:186} INFO - Started process (PID=2815) to work on /home/airflow/.local/lib/python3.12/site-packages/airflow/example_dags/example_latest_only.py
[2024-10-19T00:27:22.654+0000] {processor.py:914} INFO - Processing file /home/airflow/.local/lib/python3.12/site-packages/airflow/example_dags/example_latest_only.py for tasks to queue
[2024-10-19T00:27:22.656+0000] {logging_mixin.py:190} INFO - [2024-10-19T00:27:22.656+0000] {dagbag.py:588} INFO - Filling up the DagBag from /home/airflow/.local/lib/python3.12/site-packages/airflow/example_dags/example_latest_only.py
[2024-10-19T00:27:22.662+0000] {processor.py:925} INFO - DAG(s) 'latest_only' retrieved from /home/airflow/.local/lib/python3.12/site-packages/airflow/example_dags/example_latest_only.py
[2024-10-19T00:27:22.834+0000] {logging_mixin.py:190} INFO - [2024-10-19T00:27:22.834+0000] {dag.py:3239} INFO - Sync 1 DAGs
[2024-10-19T00:27:22.854+0000] {logging_mixin.py:190} INFO - [2024-10-19T00:27:22.854+0000] {dag.py:4180} INFO - Setting next_dagrun for latest_only to 2024-10-18 20:00:00+00:00, run_after=2024-10-19 00:00:00+00:00
[2024-10-19T00:27:22.873+0000] {processor.py:208} INFO - Processing /home/airflow/.local/lib/python3.12/site-packages/airflow/example_dags/example_latest_only.py took 0.225 seconds
[2024-10-19T00:27:53.616+0000] {processor.py:186} INFO - Started process (PID=2877) to work on /home/airflow/.local/lib/python3.12/site-packages/airflow/example_dags/example_latest_only.py
[2024-10-19T00:27:53.617+0000] {processor.py:914} INFO - Processing file /home/airflow/.local/lib/python3.12/site-packages/airflow/example_dags/example_latest_only.py for tasks to queue
[2024-10-19T00:27:53.620+0000] {logging_mixin.py:190} INFO - [2024-10-19T00:27:53.619+0000] {dagbag.py:588} INFO - Filling up the DagBag from /home/airflow/.local/lib/python3.12/site-packages/airflow/example_dags/example_latest_only.py
[2024-10-19T00:27:53.626+0000] {processor.py:925} INFO - DAG(s) 'latest_only' retrieved from /home/airflow/.local/lib/python3.12/site-packages/airflow/example_dags/example_latest_only.py
[2024-10-19T00:27:53.646+0000] {logging_mixin.py:190} INFO - [2024-10-19T00:27:53.645+0000] {dag.py:3239} INFO - Sync 1 DAGs
[2024-10-19T00:27:53.805+0000] {logging_mixin.py:190} INFO - [2024-10-19T00:27:53.805+0000] {dag.py:4180} INFO - Setting next_dagrun for latest_only to 2024-10-18 20:00:00+00:00, run_after=2024-10-19 00:00:00+00:00
[2024-10-19T00:27:53.820+0000] {processor.py:208} INFO - Processing /home/airflow/.local/lib/python3.12/site-packages/airflow/example_dags/example_latest_only.py took 0.210 seconds
[2024-10-19T00:28:23.987+0000] {processor.py:186} INFO - Started process (PID=2939) to work on /home/airflow/.local/lib/python3.12/site-packages/airflow/example_dags/example_latest_only.py
[2024-10-19T00:28:23.988+0000] {processor.py:914} INFO - Processing file /home/airflow/.local/lib/python3.12/site-packages/airflow/example_dags/example_latest_only.py for tasks to queue
[2024-10-19T00:28:23.990+0000] {logging_mixin.py:190} INFO - [2024-10-19T00:28:23.990+0000] {dagbag.py:588} INFO - Filling up the DagBag from /home/airflow/.local/lib/python3.12/site-packages/airflow/example_dags/example_latest_only.py
[2024-10-19T00:28:23.996+0000] {processor.py:925} INFO - DAG(s) 'latest_only' retrieved from /home/airflow/.local/lib/python3.12/site-packages/airflow/example_dags/example_latest_only.py
[2024-10-19T00:28:24.014+0000] {logging_mixin.py:190} INFO - [2024-10-19T00:28:24.013+0000] {dag.py:3239} INFO - Sync 1 DAGs
[2024-10-19T00:28:24.032+0000] {logging_mixin.py:190} INFO - [2024-10-19T00:28:24.032+0000] {dag.py:4180} INFO - Setting next_dagrun for latest_only to 2024-10-18 20:00:00+00:00, run_after=2024-10-19 00:00:00+00:00
[2024-10-19T00:28:24.046+0000] {processor.py:208} INFO - Processing /home/airflow/.local/lib/python3.12/site-packages/airflow/example_dags/example_latest_only.py took 0.064 seconds
[2024-10-19T00:28:54.765+0000] {processor.py:186} INFO - Started process (PID=3001) to work on /home/airflow/.local/lib/python3.12/site-packages/airflow/example_dags/example_latest_only.py
[2024-10-19T00:28:54.767+0000] {processor.py:914} INFO - Processing file /home/airflow/.local/lib/python3.12/site-packages/airflow/example_dags/example_latest_only.py for tasks to queue
[2024-10-19T00:28:54.769+0000] {logging_mixin.py:190} INFO - [2024-10-19T00:28:54.768+0000] {dagbag.py:588} INFO - Filling up the DagBag from /home/airflow/.local/lib/python3.12/site-packages/airflow/example_dags/example_latest_only.py
[2024-10-19T00:28:54.775+0000] {processor.py:925} INFO - DAG(s) 'latest_only' retrieved from /home/airflow/.local/lib/python3.12/site-packages/airflow/example_dags/example_latest_only.py
[2024-10-19T00:28:54.791+0000] {logging_mixin.py:190} INFO - [2024-10-19T00:28:54.791+0000] {dag.py:3239} INFO - Sync 1 DAGs
[2024-10-19T00:28:54.811+0000] {logging_mixin.py:190} INFO - [2024-10-19T00:28:54.810+0000] {dag.py:4180} INFO - Setting next_dagrun for latest_only to 2024-10-18 20:00:00+00:00, run_after=2024-10-19 00:00:00+00:00
[2024-10-19T00:28:54.826+0000] {processor.py:208} INFO - Processing /home/airflow/.local/lib/python3.12/site-packages/airflow/example_dags/example_latest_only.py took 0.066 seconds
[2024-10-19T00:29:25.506+0000] {processor.py:186} INFO - Started process (PID=3064) to work on /home/airflow/.local/lib/python3.12/site-packages/airflow/example_dags/example_latest_only.py
[2024-10-19T00:29:25.506+0000] {processor.py:914} INFO - Processing file /home/airflow/.local/lib/python3.12/site-packages/airflow/example_dags/example_latest_only.py for tasks to queue
[2024-10-19T00:29:25.508+0000] {logging_mixin.py:190} INFO - [2024-10-19T00:29:25.508+0000] {dagbag.py:588} INFO - Filling up the DagBag from /home/airflow/.local/lib/python3.12/site-packages/airflow/example_dags/example_latest_only.py
[2024-10-19T00:29:25.514+0000] {processor.py:925} INFO - DAG(s) 'latest_only' retrieved from /home/airflow/.local/lib/python3.12/site-packages/airflow/example_dags/example_latest_only.py
[2024-10-19T00:29:25.530+0000] {logging_mixin.py:190} INFO - [2024-10-19T00:29:25.530+0000] {dag.py:3239} INFO - Sync 1 DAGs
[2024-10-19T00:29:25.549+0000] {logging_mixin.py:190} INFO - [2024-10-19T00:29:25.549+0000] {dag.py:4180} INFO - Setting next_dagrun for latest_only to 2024-10-18 20:00:00+00:00, run_after=2024-10-19 00:00:00+00:00
[2024-10-19T00:29:25.565+0000] {processor.py:208} INFO - Processing /home/airflow/.local/lib/python3.12/site-packages/airflow/example_dags/example_latest_only.py took 0.065 seconds
[2024-10-19T00:29:55.967+0000] {processor.py:186} INFO - Started process (PID=3126) to work on /home/airflow/.local/lib/python3.12/site-packages/airflow/example_dags/example_latest_only.py
[2024-10-19T00:29:55.968+0000] {processor.py:914} INFO - Processing file /home/airflow/.local/lib/python3.12/site-packages/airflow/example_dags/example_latest_only.py for tasks to queue
[2024-10-19T00:29:55.970+0000] {logging_mixin.py:190} INFO - [2024-10-19T00:29:55.970+0000] {dagbag.py:588} INFO - Filling up the DagBag from /home/airflow/.local/lib/python3.12/site-packages/airflow/example_dags/example_latest_only.py
[2024-10-19T00:29:55.976+0000] {processor.py:925} INFO - DAG(s) 'latest_only' retrieved from /home/airflow/.local/lib/python3.12/site-packages/airflow/example_dags/example_latest_only.py
[2024-10-19T00:29:55.993+0000] {logging_mixin.py:190} INFO - [2024-10-19T00:29:55.993+0000] {dag.py:3239} INFO - Sync 1 DAGs
[2024-10-19T00:29:56.012+0000] {logging_mixin.py:190} INFO - [2024-10-19T00:29:56.012+0000] {dag.py:4180} INFO - Setting next_dagrun for latest_only to 2024-10-18 20:00:00+00:00, run_after=2024-10-19 00:00:00+00:00
[2024-10-19T00:29:56.030+0000] {processor.py:208} INFO - Processing /home/airflow/.local/lib/python3.12/site-packages/airflow/example_dags/example_latest_only.py took 0.068 seconds
[2024-10-19T00:30:26.228+0000] {processor.py:186} INFO - Started process (PID=3188) to work on /home/airflow/.local/lib/python3.12/site-packages/airflow/example_dags/example_latest_only.py
[2024-10-19T00:30:26.228+0000] {processor.py:914} INFO - Processing file /home/airflow/.local/lib/python3.12/site-packages/airflow/example_dags/example_latest_only.py for tasks to queue
[2024-10-19T00:30:26.230+0000] {logging_mixin.py:190} INFO - [2024-10-19T00:30:26.230+0000] {dagbag.py:588} INFO - Filling up the DagBag from /home/airflow/.local/lib/python3.12/site-packages/airflow/example_dags/example_latest_only.py
[2024-10-19T00:30:26.236+0000] {processor.py:925} INFO - DAG(s) 'latest_only' retrieved from /home/airflow/.local/lib/python3.12/site-packages/airflow/example_dags/example_latest_only.py
[2024-10-19T00:30:26.253+0000] {logging_mixin.py:190} INFO - [2024-10-19T00:30:26.252+0000] {dag.py:3239} INFO - Sync 1 DAGs
[2024-10-19T00:30:26.273+0000] {logging_mixin.py:190} INFO - [2024-10-19T00:30:26.273+0000] {dag.py:4180} INFO - Setting next_dagrun for latest_only to 2024-10-18 20:00:00+00:00, run_after=2024-10-19 00:00:00+00:00
[2024-10-19T00:30:26.290+0000] {processor.py:208} INFO - Processing /home/airflow/.local/lib/python3.12/site-packages/airflow/example_dags/example_latest_only.py took 0.067 seconds
[2024-10-19T00:30:56.686+0000] {processor.py:186} INFO - Started process (PID=3250) to work on /home/airflow/.local/lib/python3.12/site-packages/airflow/example_dags/example_latest_only.py
[2024-10-19T00:30:56.687+0000] {processor.py:914} INFO - Processing file /home/airflow/.local/lib/python3.12/site-packages/airflow/example_dags/example_latest_only.py for tasks to queue
[2024-10-19T00:30:56.689+0000] {logging_mixin.py:190} INFO - [2024-10-19T00:30:56.689+0000] {dagbag.py:588} INFO - Filling up the DagBag from /home/airflow/.local/lib/python3.12/site-packages/airflow/example_dags/example_latest_only.py
[2024-10-19T00:30:56.695+0000] {processor.py:925} INFO - DAG(s) 'latest_only' retrieved from /home/airflow/.local/lib/python3.12/site-packages/airflow/example_dags/example_latest_only.py
[2024-10-19T00:30:56.711+0000] {logging_mixin.py:190} INFO - [2024-10-19T00:30:56.711+0000] {dag.py:3239} INFO - Sync 1 DAGs
[2024-10-19T00:30:56.729+0000] {logging_mixin.py:190} INFO - [2024-10-19T00:30:56.729+0000] {dag.py:4180} INFO - Setting next_dagrun for latest_only to 2024-10-18 20:00:00+00:00, run_after=2024-10-19 00:00:00+00:00
[2024-10-19T00:30:56.747+0000] {processor.py:208} INFO - Processing /home/airflow/.local/lib/python3.12/site-packages/airflow/example_dags/example_latest_only.py took 0.066 seconds
[2024-10-19T00:31:27.087+0000] {processor.py:186} INFO - Started process (PID=3312) to work on /home/airflow/.local/lib/python3.12/site-packages/airflow/example_dags/example_latest_only.py
[2024-10-19T00:31:27.088+0000] {processor.py:914} INFO - Processing file /home/airflow/.local/lib/python3.12/site-packages/airflow/example_dags/example_latest_only.py for tasks to queue
[2024-10-19T00:31:27.089+0000] {logging_mixin.py:190} INFO - [2024-10-19T00:31:27.089+0000] {dagbag.py:588} INFO - Filling up the DagBag from /home/airflow/.local/lib/python3.12/site-packages/airflow/example_dags/example_latest_only.py
[2024-10-19T00:31:27.096+0000] {processor.py:925} INFO - DAG(s) 'latest_only' retrieved from /home/airflow/.local/lib/python3.12/site-packages/airflow/example_dags/example_latest_only.py
[2024-10-19T00:31:27.112+0000] {logging_mixin.py:190} INFO - [2024-10-19T00:31:27.112+0000] {dag.py:3239} INFO - Sync 1 DAGs
[2024-10-19T00:31:27.132+0000] {logging_mixin.py:190} INFO - [2024-10-19T00:31:27.131+0000] {dag.py:4180} INFO - Setting next_dagrun for latest_only to 2024-10-18 20:00:00+00:00, run_after=2024-10-19 00:00:00+00:00
[2024-10-19T00:31:27.149+0000] {processor.py:208} INFO - Processing /home/airflow/.local/lib/python3.12/site-packages/airflow/example_dags/example_latest_only.py took 0.067 seconds
[2024-10-19T00:31:57.556+0000] {processor.py:186} INFO - Started process (PID=3374) to work on /home/airflow/.local/lib/python3.12/site-packages/airflow/example_dags/example_latest_only.py
[2024-10-19T00:31:57.557+0000] {processor.py:914} INFO - Processing file /home/airflow/.local/lib/python3.12/site-packages/airflow/example_dags/example_latest_only.py for tasks to queue
[2024-10-19T00:31:57.561+0000] {logging_mixin.py:190} INFO - [2024-10-19T00:31:57.560+0000] {dagbag.py:588} INFO - Filling up the DagBag from /home/airflow/.local/lib/python3.12/site-packages/airflow/example_dags/example_latest_only.py
[2024-10-19T00:31:57.568+0000] {processor.py:925} INFO - DAG(s) 'latest_only' retrieved from /home/airflow/.local/lib/python3.12/site-packages/airflow/example_dags/example_latest_only.py
[2024-10-19T00:31:57.588+0000] {logging_mixin.py:190} INFO - [2024-10-19T00:31:57.587+0000] {dag.py:3239} INFO - Sync 1 DAGs
[2024-10-19T00:31:57.611+0000] {logging_mixin.py:190} INFO - [2024-10-19T00:31:57.611+0000] {dag.py:4180} INFO - Setting next_dagrun for latest_only to 2024-10-18 20:00:00+00:00, run_after=2024-10-19 00:00:00+00:00
[2024-10-19T00:31:57.631+0000] {processor.py:208} INFO - Processing /home/airflow/.local/lib/python3.12/site-packages/airflow/example_dags/example_latest_only.py took 0.081 seconds
[2024-10-19T00:32:27.990+0000] {processor.py:186} INFO - Started process (PID=3436) to work on /home/airflow/.local/lib/python3.12/site-packages/airflow/example_dags/example_latest_only.py
[2024-10-19T00:32:27.991+0000] {processor.py:914} INFO - Processing file /home/airflow/.local/lib/python3.12/site-packages/airflow/example_dags/example_latest_only.py for tasks to queue
[2024-10-19T00:32:27.993+0000] {logging_mixin.py:190} INFO - [2024-10-19T00:32:27.993+0000] {dagbag.py:588} INFO - Filling up the DagBag from /home/airflow/.local/lib/python3.12/site-packages/airflow/example_dags/example_latest_only.py
[2024-10-19T00:32:27.999+0000] {processor.py:925} INFO - DAG(s) 'latest_only' retrieved from /home/airflow/.local/lib/python3.12/site-packages/airflow/example_dags/example_latest_only.py
[2024-10-19T00:32:28.017+0000] {logging_mixin.py:190} INFO - [2024-10-19T00:32:28.017+0000] {dag.py:3239} INFO - Sync 1 DAGs
[2024-10-19T00:32:28.034+0000] {logging_mixin.py:190} INFO - [2024-10-19T00:32:28.034+0000] {dag.py:4180} INFO - Setting next_dagrun for latest_only to 2024-10-18 20:00:00+00:00, run_after=2024-10-19 00:00:00+00:00
[2024-10-19T00:32:28.053+0000] {processor.py:208} INFO - Processing /home/airflow/.local/lib/python3.12/site-packages/airflow/example_dags/example_latest_only.py took 0.067 seconds
[2024-10-19T00:32:58.426+0000] {processor.py:186} INFO - Started process (PID=3499) to work on /home/airflow/.local/lib/python3.12/site-packages/airflow/example_dags/example_latest_only.py
[2024-10-19T00:32:58.427+0000] {processor.py:914} INFO - Processing file /home/airflow/.local/lib/python3.12/site-packages/airflow/example_dags/example_latest_only.py for tasks to queue
[2024-10-19T00:32:58.429+0000] {logging_mixin.py:190} INFO - [2024-10-19T00:32:58.428+0000] {dagbag.py:588} INFO - Filling up the DagBag from /home/airflow/.local/lib/python3.12/site-packages/airflow/example_dags/example_latest_only.py
[2024-10-19T00:32:58.434+0000] {processor.py:925} INFO - DAG(s) 'latest_only' retrieved from /home/airflow/.local/lib/python3.12/site-packages/airflow/example_dags/example_latest_only.py
[2024-10-19T00:32:58.449+0000] {logging_mixin.py:190} INFO - [2024-10-19T00:32:58.449+0000] {dag.py:3239} INFO - Sync 1 DAGs
[2024-10-19T00:32:58.466+0000] {logging_mixin.py:190} INFO - [2024-10-19T00:32:58.466+0000] {dag.py:4180} INFO - Setting next_dagrun for latest_only to 2024-10-18 20:00:00+00:00, run_after=2024-10-19 00:00:00+00:00
[2024-10-19T00:32:58.484+0000] {processor.py:208} INFO - Processing /home/airflow/.local/lib/python3.12/site-packages/airflow/example_dags/example_latest_only.py took 0.063 seconds
[2024-10-19T00:33:28.826+0000] {processor.py:186} INFO - Started process (PID=3561) to work on /home/airflow/.local/lib/python3.12/site-packages/airflow/example_dags/example_latest_only.py
[2024-10-19T00:33:28.827+0000] {processor.py:914} INFO - Processing file /home/airflow/.local/lib/python3.12/site-packages/airflow/example_dags/example_latest_only.py for tasks to queue
[2024-10-19T00:33:28.829+0000] {logging_mixin.py:190} INFO - [2024-10-19T00:33:28.829+0000] {dagbag.py:588} INFO - Filling up the DagBag from /home/airflow/.local/lib/python3.12/site-packages/airflow/example_dags/example_latest_only.py
[2024-10-19T00:33:28.834+0000] {processor.py:925} INFO - DAG(s) 'latest_only' retrieved from /home/airflow/.local/lib/python3.12/site-packages/airflow/example_dags/example_latest_only.py
[2024-10-19T00:33:28.849+0000] {logging_mixin.py:190} INFO - [2024-10-19T00:33:28.848+0000] {dag.py:3239} INFO - Sync 1 DAGs
[2024-10-19T00:33:28.865+0000] {logging_mixin.py:190} INFO - [2024-10-19T00:33:28.865+0000] {dag.py:4180} INFO - Setting next_dagrun for latest_only to 2024-10-18 20:00:00+00:00, run_after=2024-10-19 00:00:00+00:00
[2024-10-19T00:33:28.883+0000] {processor.py:208} INFO - Processing /home/airflow/.local/lib/python3.12/site-packages/airflow/example_dags/example_latest_only.py took 0.061 seconds
[2024-10-19T00:33:59.249+0000] {processor.py:186} INFO - Started process (PID=3623) to work on /home/airflow/.local/lib/python3.12/site-packages/airflow/example_dags/example_latest_only.py
[2024-10-19T00:33:59.249+0000] {processor.py:914} INFO - Processing file /home/airflow/.local/lib/python3.12/site-packages/airflow/example_dags/example_latest_only.py for tasks to queue
[2024-10-19T00:33:59.251+0000] {logging_mixin.py:190} INFO - [2024-10-19T00:33:59.251+0000] {dagbag.py:588} INFO - Filling up the DagBag from /home/airflow/.local/lib/python3.12/site-packages/airflow/example_dags/example_latest_only.py
[2024-10-19T00:33:59.257+0000] {processor.py:925} INFO - DAG(s) 'latest_only' retrieved from /home/airflow/.local/lib/python3.12/site-packages/airflow/example_dags/example_latest_only.py
[2024-10-19T00:33:59.271+0000] {logging_mixin.py:190} INFO - [2024-10-19T00:33:59.271+0000] {dag.py:3239} INFO - Sync 1 DAGs
[2024-10-19T00:33:59.288+0000] {logging_mixin.py:190} INFO - [2024-10-19T00:33:59.288+0000] {dag.py:4180} INFO - Setting next_dagrun for latest_only to 2024-10-18 20:00:00+00:00, run_after=2024-10-19 00:00:00+00:00
[2024-10-19T00:33:59.307+0000] {processor.py:208} INFO - Processing /home/airflow/.local/lib/python3.12/site-packages/airflow/example_dags/example_latest_only.py took 0.063 seconds
[2024-10-19T00:34:29.757+0000] {processor.py:186} INFO - Started process (PID=3685) to work on /home/airflow/.local/lib/python3.12/site-packages/airflow/example_dags/example_latest_only.py
[2024-10-19T00:34:29.758+0000] {processor.py:914} INFO - Processing file /home/airflow/.local/lib/python3.12/site-packages/airflow/example_dags/example_latest_only.py for tasks to queue
[2024-10-19T00:34:29.760+0000] {logging_mixin.py:190} INFO - [2024-10-19T00:34:29.760+0000] {dagbag.py:588} INFO - Filling up the DagBag from /home/airflow/.local/lib/python3.12/site-packages/airflow/example_dags/example_latest_only.py
[2024-10-19T00:34:29.765+0000] {processor.py:925} INFO - DAG(s) 'latest_only' retrieved from /home/airflow/.local/lib/python3.12/site-packages/airflow/example_dags/example_latest_only.py
[2024-10-19T00:34:29.781+0000] {logging_mixin.py:190} INFO - [2024-10-19T00:34:29.781+0000] {dag.py:3239} INFO - Sync 1 DAGs
[2024-10-19T00:34:29.798+0000] {logging_mixin.py:190} INFO - [2024-10-19T00:34:29.798+0000] {dag.py:4180} INFO - Setting next_dagrun for latest_only to 2024-10-18 20:00:00+00:00, run_after=2024-10-19 00:00:00+00:00
[2024-10-19T00:34:29.815+0000] {processor.py:208} INFO - Processing /home/airflow/.local/lib/python3.12/site-packages/airflow/example_dags/example_latest_only.py took 0.063 seconds
[2024-10-19T00:35:00.030+0000] {processor.py:186} INFO - Started process (PID=3746) to work on /home/airflow/.local/lib/python3.12/site-packages/airflow/example_dags/example_latest_only.py
[2024-10-19T00:35:00.031+0000] {processor.py:914} INFO - Processing file /home/airflow/.local/lib/python3.12/site-packages/airflow/example_dags/example_latest_only.py for tasks to queue
[2024-10-19T00:35:00.033+0000] {logging_mixin.py:190} INFO - [2024-10-19T00:35:00.033+0000] {dagbag.py:588} INFO - Filling up the DagBag from /home/airflow/.local/lib/python3.12/site-packages/airflow/example_dags/example_latest_only.py
[2024-10-19T00:35:00.040+0000] {processor.py:925} INFO - DAG(s) 'latest_only' retrieved from /home/airflow/.local/lib/python3.12/site-packages/airflow/example_dags/example_latest_only.py
[2024-10-19T00:35:00.057+0000] {logging_mixin.py:190} INFO - [2024-10-19T00:35:00.056+0000] {dag.py:3239} INFO - Sync 1 DAGs
[2024-10-19T00:35:00.077+0000] {logging_mixin.py:190} INFO - [2024-10-19T00:35:00.076+0000] {dag.py:4180} INFO - Setting next_dagrun for latest_only to 2024-10-18 20:00:00+00:00, run_after=2024-10-19 00:00:00+00:00
[2024-10-19T00:35:00.092+0000] {processor.py:208} INFO - Processing /home/airflow/.local/lib/python3.12/site-packages/airflow/example_dags/example_latest_only.py took 0.067 seconds
[2024-10-19T00:35:30.408+0000] {processor.py:186} INFO - Started process (PID=3808) to work on /home/airflow/.local/lib/python3.12/site-packages/airflow/example_dags/example_latest_only.py
[2024-10-19T00:35:30.409+0000] {processor.py:914} INFO - Processing file /home/airflow/.local/lib/python3.12/site-packages/airflow/example_dags/example_latest_only.py for tasks to queue
[2024-10-19T00:35:30.411+0000] {logging_mixin.py:190} INFO - [2024-10-19T00:35:30.411+0000] {dagbag.py:588} INFO - Filling up the DagBag from /home/airflow/.local/lib/python3.12/site-packages/airflow/example_dags/example_latest_only.py
[2024-10-19T00:35:30.418+0000] {processor.py:925} INFO - DAG(s) 'latest_only' retrieved from /home/airflow/.local/lib/python3.12/site-packages/airflow/example_dags/example_latest_only.py
[2024-10-19T00:35:30.437+0000] {logging_mixin.py:190} INFO - [2024-10-19T00:35:30.436+0000] {dag.py:3239} INFO - Sync 1 DAGs
[2024-10-19T00:35:30.460+0000] {logging_mixin.py:190} INFO - [2024-10-19T00:35:30.460+0000] {dag.py:4180} INFO - Setting next_dagrun for latest_only to 2024-10-18 20:00:00+00:00, run_after=2024-10-19 00:00:00+00:00
[2024-10-19T00:35:30.478+0000] {processor.py:208} INFO - Processing /home/airflow/.local/lib/python3.12/site-packages/airflow/example_dags/example_latest_only.py took 0.076 seconds
[2024-10-19T00:36:00.992+0000] {processor.py:186} INFO - Started process (PID=3870) to work on /home/airflow/.local/lib/python3.12/site-packages/airflow/example_dags/example_latest_only.py
[2024-10-19T00:36:01.003+0000] {processor.py:914} INFO - Processing file /home/airflow/.local/lib/python3.12/site-packages/airflow/example_dags/example_latest_only.py for tasks to queue
[2024-10-19T00:36:01.005+0000] {logging_mixin.py:190} INFO - [2024-10-19T00:36:01.005+0000] {dagbag.py:588} INFO - Filling up the DagBag from /home/airflow/.local/lib/python3.12/site-packages/airflow/example_dags/example_latest_only.py
[2024-10-19T00:36:01.013+0000] {processor.py:925} INFO - DAG(s) 'latest_only' retrieved from /home/airflow/.local/lib/python3.12/site-packages/airflow/example_dags/example_latest_only.py
[2024-10-19T00:36:01.036+0000] {logging_mixin.py:190} INFO - [2024-10-19T00:36:01.035+0000] {dag.py:3239} INFO - Sync 1 DAGs
[2024-10-19T00:36:01.063+0000] {logging_mixin.py:190} INFO - [2024-10-19T00:36:01.063+0000] {dag.py:4180} INFO - Setting next_dagrun for latest_only to 2024-10-18 20:00:00+00:00, run_after=2024-10-19 00:00:00+00:00
[2024-10-19T00:36:01.090+0000] {processor.py:208} INFO - Processing /home/airflow/.local/lib/python3.12/site-packages/airflow/example_dags/example_latest_only.py took 0.105 seconds
[2024-10-19T00:36:31.759+0000] {processor.py:186} INFO - Started process (PID=3932) to work on /home/airflow/.local/lib/python3.12/site-packages/airflow/example_dags/example_latest_only.py
[2024-10-19T00:36:31.761+0000] {processor.py:914} INFO - Processing file /home/airflow/.local/lib/python3.12/site-packages/airflow/example_dags/example_latest_only.py for tasks to queue
[2024-10-19T00:36:31.764+0000] {logging_mixin.py:190} INFO - [2024-10-19T00:36:31.763+0000] {dagbag.py:588} INFO - Filling up the DagBag from /home/airflow/.local/lib/python3.12/site-packages/airflow/example_dags/example_latest_only.py
[2024-10-19T00:36:31.773+0000] {processor.py:925} INFO - DAG(s) 'latest_only' retrieved from /home/airflow/.local/lib/python3.12/site-packages/airflow/example_dags/example_latest_only.py
[2024-10-19T00:36:31.797+0000] {logging_mixin.py:190} INFO - [2024-10-19T00:36:31.797+0000] {dag.py:3239} INFO - Sync 1 DAGs
[2024-10-19T00:36:31.825+0000] {logging_mixin.py:190} INFO - [2024-10-19T00:36:31.825+0000] {dag.py:4180} INFO - Setting next_dagrun for latest_only to 2024-10-18 20:00:00+00:00, run_after=2024-10-19 00:00:00+00:00
[2024-10-19T00:36:31.849+0000] {processor.py:208} INFO - Processing /home/airflow/.local/lib/python3.12/site-packages/airflow/example_dags/example_latest_only.py took 0.098 seconds
