[2024-10-19T00:04:59.161+0000] {processor.py:186} INFO - Started process (PID=118) to work on /home/airflow/.local/lib/python3.12/site-packages/airflow/example_dags/example_latest_only_with_trigger.py
[2024-10-19T00:04:59.163+0000] {processor.py:914} INFO - Processing file /home/airflow/.local/lib/python3.12/site-packages/airflow/example_dags/example_latest_only_with_trigger.py for tasks to queue
[2024-10-19T00:04:59.166+0000] {logging_mixin.py:190} INFO - [2024-10-19T00:04:59.166+0000] {dagbag.py:588} INFO - Filling up the DagBag from /home/airflow/.local/lib/python3.12/site-packages/airflow/example_dags/example_latest_only_with_trigger.py
[2024-10-19T00:04:59.177+0000] {processor.py:925} INFO - DAG(s) 'latest_only_with_trigger' retrieved from /home/airflow/.local/lib/python3.12/site-packages/airflow/example_dags/example_latest_only_with_trigger.py
[2024-10-19T00:04:59.288+0000] {logging_mixin.py:190} INFO - [2024-10-19T00:04:59.287+0000] {override.py:1900} INFO - Created Permission View: can delete on DAG:latest_only_with_trigger
[2024-10-19T00:04:59.300+0000] {logging_mixin.py:190} INFO - [2024-10-19T00:04:59.300+0000] {override.py:1900} INFO - Created Permission View: can read on DAG:latest_only_with_trigger
[2024-10-19T00:04:59.307+0000] {logging_mixin.py:190} INFO - [2024-10-19T00:04:59.307+0000] {override.py:1900} INFO - Created Permission View: can edit on DAG:latest_only_with_trigger
[2024-10-19T00:04:59.317+0000] {logging_mixin.py:190} INFO - [2024-10-19T00:04:59.316+0000] {override.py:1900} INFO - Created Permission View: can delete on DAG Run:latest_only_with_trigger
[2024-10-19T00:04:59.325+0000] {logging_mixin.py:190} INFO - [2024-10-19T00:04:59.324+0000] {override.py:1900} INFO - Created Permission View: can read on DAG Run:latest_only_with_trigger
[2024-10-19T00:04:59.334+0000] {logging_mixin.py:190} INFO - [2024-10-19T00:04:59.334+0000] {override.py:1900} INFO - Created Permission View: menu access on DAG Run:latest_only_with_trigger
[2024-10-19T00:04:59.344+0000] {logging_mixin.py:190} INFO - [2024-10-19T00:04:59.344+0000] {override.py:1900} INFO - Created Permission View: can create on DAG Run:latest_only_with_trigger
[2024-10-19T00:04:59.345+0000] {logging_mixin.py:190} INFO - [2024-10-19T00:04:59.345+0000] {dag.py:3239} INFO - Sync 1 DAGs
[2024-10-19T00:04:59.357+0000] {logging_mixin.py:190} INFO - [2024-10-19T00:04:59.357+0000] {dag.py:3262} INFO - Creating ORM DAG for latest_only_with_trigger
[2024-10-19T00:04:59.367+0000] {logging_mixin.py:190} INFO - [2024-10-19T00:04:59.367+0000] {dag.py:4180} INFO - Setting next_dagrun for latest_only_with_trigger to 2024-10-18 20:00:00+00:00, run_after=2024-10-19 00:00:00+00:00
[2024-10-19T00:04:59.385+0000] {processor.py:208} INFO - Processing /home/airflow/.local/lib/python3.12/site-packages/airflow/example_dags/example_latest_only_with_trigger.py took 0.231 seconds
[2024-10-19T00:05:30.306+0000] {processor.py:186} INFO - Started process (PID=180) to work on /home/airflow/.local/lib/python3.12/site-packages/airflow/example_dags/example_latest_only_with_trigger.py
[2024-10-19T00:05:30.307+0000] {processor.py:914} INFO - Processing file /home/airflow/.local/lib/python3.12/site-packages/airflow/example_dags/example_latest_only_with_trigger.py for tasks to queue
[2024-10-19T00:05:30.309+0000] {logging_mixin.py:190} INFO - [2024-10-19T00:05:30.309+0000] {dagbag.py:588} INFO - Filling up the DagBag from /home/airflow/.local/lib/python3.12/site-packages/airflow/example_dags/example_latest_only_with_trigger.py
[2024-10-19T00:05:30.325+0000] {processor.py:925} INFO - DAG(s) 'latest_only_with_trigger' retrieved from /home/airflow/.local/lib/python3.12/site-packages/airflow/example_dags/example_latest_only_with_trigger.py
[2024-10-19T00:05:30.351+0000] {logging_mixin.py:190} INFO - [2024-10-19T00:05:30.351+0000] {dag.py:3239} INFO - Sync 1 DAGs
[2024-10-19T00:05:30.374+0000] {logging_mixin.py:190} INFO - [2024-10-19T00:05:30.374+0000] {dag.py:4180} INFO - Setting next_dagrun for latest_only_with_trigger to 2024-10-18 20:00:00+00:00, run_after=2024-10-19 00:00:00+00:00
[2024-10-19T00:05:30.403+0000] {processor.py:208} INFO - Processing /home/airflow/.local/lib/python3.12/site-packages/airflow/example_dags/example_latest_only_with_trigger.py took 0.103 seconds
[2024-10-19T00:06:01.055+0000] {processor.py:186} INFO - Started process (PID=242) to work on /home/airflow/.local/lib/python3.12/site-packages/airflow/example_dags/example_latest_only_with_trigger.py
[2024-10-19T00:06:01.057+0000] {processor.py:914} INFO - Processing file /home/airflow/.local/lib/python3.12/site-packages/airflow/example_dags/example_latest_only_with_trigger.py for tasks to queue
[2024-10-19T00:06:01.059+0000] {logging_mixin.py:190} INFO - [2024-10-19T00:06:01.059+0000] {dagbag.py:588} INFO - Filling up the DagBag from /home/airflow/.local/lib/python3.12/site-packages/airflow/example_dags/example_latest_only_with_trigger.py
[2024-10-19T00:06:01.066+0000] {processor.py:925} INFO - DAG(s) 'latest_only_with_trigger' retrieved from /home/airflow/.local/lib/python3.12/site-packages/airflow/example_dags/example_latest_only_with_trigger.py
[2024-10-19T00:06:01.086+0000] {logging_mixin.py:190} INFO - [2024-10-19T00:06:01.086+0000] {dag.py:3239} INFO - Sync 1 DAGs
[2024-10-19T00:06:01.105+0000] {logging_mixin.py:190} INFO - [2024-10-19T00:06:01.105+0000] {dag.py:4180} INFO - Setting next_dagrun for latest_only_with_trigger to 2024-10-18 20:00:00+00:00, run_after=2024-10-19 00:00:00+00:00
[2024-10-19T00:06:01.127+0000] {processor.py:208} INFO - Processing /home/airflow/.local/lib/python3.12/site-packages/airflow/example_dags/example_latest_only_with_trigger.py took 0.076 seconds
[2024-10-19T00:06:31.685+0000] {processor.py:186} INFO - Started process (PID=303) to work on /home/airflow/.local/lib/python3.12/site-packages/airflow/example_dags/example_latest_only_with_trigger.py
[2024-10-19T00:06:31.686+0000] {processor.py:914} INFO - Processing file /home/airflow/.local/lib/python3.12/site-packages/airflow/example_dags/example_latest_only_with_trigger.py for tasks to queue
[2024-10-19T00:06:31.688+0000] {logging_mixin.py:190} INFO - [2024-10-19T00:06:31.688+0000] {dagbag.py:588} INFO - Filling up the DagBag from /home/airflow/.local/lib/python3.12/site-packages/airflow/example_dags/example_latest_only_with_trigger.py
[2024-10-19T00:06:31.694+0000] {processor.py:925} INFO - DAG(s) 'latest_only_with_trigger' retrieved from /home/airflow/.local/lib/python3.12/site-packages/airflow/example_dags/example_latest_only_with_trigger.py
[2024-10-19T00:06:31.712+0000] {logging_mixin.py:190} INFO - [2024-10-19T00:06:31.712+0000] {dag.py:3239} INFO - Sync 1 DAGs
[2024-10-19T00:06:31.730+0000] {logging_mixin.py:190} INFO - [2024-10-19T00:06:31.730+0000] {dag.py:4180} INFO - Setting next_dagrun for latest_only_with_trigger to 2024-10-18 20:00:00+00:00, run_after=2024-10-19 00:00:00+00:00
[2024-10-19T00:06:31.746+0000] {processor.py:208} INFO - Processing /home/airflow/.local/lib/python3.12/site-packages/airflow/example_dags/example_latest_only_with_trigger.py took 0.066 seconds
[2024-10-19T00:07:02.147+0000] {processor.py:186} INFO - Started process (PID=365) to work on /home/airflow/.local/lib/python3.12/site-packages/airflow/example_dags/example_latest_only_with_trigger.py
[2024-10-19T00:07:02.148+0000] {processor.py:914} INFO - Processing file /home/airflow/.local/lib/python3.12/site-packages/airflow/example_dags/example_latest_only_with_trigger.py for tasks to queue
[2024-10-19T00:07:02.150+0000] {logging_mixin.py:190} INFO - [2024-10-19T00:07:02.150+0000] {dagbag.py:588} INFO - Filling up the DagBag from /home/airflow/.local/lib/python3.12/site-packages/airflow/example_dags/example_latest_only_with_trigger.py
[2024-10-19T00:07:02.157+0000] {processor.py:925} INFO - DAG(s) 'latest_only_with_trigger' retrieved from /home/airflow/.local/lib/python3.12/site-packages/airflow/example_dags/example_latest_only_with_trigger.py
[2024-10-19T00:07:02.175+0000] {logging_mixin.py:190} INFO - [2024-10-19T00:07:02.175+0000] {dag.py:3239} INFO - Sync 1 DAGs
[2024-10-19T00:07:02.197+0000] {logging_mixin.py:190} INFO - [2024-10-19T00:07:02.197+0000] {dag.py:4180} INFO - Setting next_dagrun for latest_only_with_trigger to 2024-10-18 20:00:00+00:00, run_after=2024-10-19 00:00:00+00:00
[2024-10-19T00:07:02.218+0000] {processor.py:208} INFO - Processing /home/airflow/.local/lib/python3.12/site-packages/airflow/example_dags/example_latest_only_with_trigger.py took 0.076 seconds
[2024-10-19T00:07:32.798+0000] {processor.py:186} INFO - Started process (PID=427) to work on /home/airflow/.local/lib/python3.12/site-packages/airflow/example_dags/example_latest_only_with_trigger.py
[2024-10-19T00:07:32.800+0000] {processor.py:914} INFO - Processing file /home/airflow/.local/lib/python3.12/site-packages/airflow/example_dags/example_latest_only_with_trigger.py for tasks to queue
[2024-10-19T00:07:32.802+0000] {logging_mixin.py:190} INFO - [2024-10-19T00:07:32.802+0000] {dagbag.py:588} INFO - Filling up the DagBag from /home/airflow/.local/lib/python3.12/site-packages/airflow/example_dags/example_latest_only_with_trigger.py
[2024-10-19T00:07:32.808+0000] {processor.py:925} INFO - DAG(s) 'latest_only_with_trigger' retrieved from /home/airflow/.local/lib/python3.12/site-packages/airflow/example_dags/example_latest_only_with_trigger.py
[2024-10-19T00:07:32.826+0000] {logging_mixin.py:190} INFO - [2024-10-19T00:07:32.826+0000] {dag.py:3239} INFO - Sync 1 DAGs
[2024-10-19T00:07:32.852+0000] {logging_mixin.py:190} INFO - [2024-10-19T00:07:32.851+0000] {dag.py:4180} INFO - Setting next_dagrun for latest_only_with_trigger to 2024-10-18 20:00:00+00:00, run_after=2024-10-19 00:00:00+00:00
[2024-10-19T00:07:32.876+0000] {processor.py:208} INFO - Processing /home/airflow/.local/lib/python3.12/site-packages/airflow/example_dags/example_latest_only_with_trigger.py took 0.083 seconds
[2024-10-19T00:08:03.443+0000] {processor.py:186} INFO - Started process (PID=490) to work on /home/airflow/.local/lib/python3.12/site-packages/airflow/example_dags/example_latest_only_with_trigger.py
[2024-10-19T00:08:03.444+0000] {processor.py:914} INFO - Processing file /home/airflow/.local/lib/python3.12/site-packages/airflow/example_dags/example_latest_only_with_trigger.py for tasks to queue
[2024-10-19T00:08:03.446+0000] {logging_mixin.py:190} INFO - [2024-10-19T00:08:03.446+0000] {dagbag.py:588} INFO - Filling up the DagBag from /home/airflow/.local/lib/python3.12/site-packages/airflow/example_dags/example_latest_only_with_trigger.py
[2024-10-19T00:08:03.452+0000] {processor.py:925} INFO - DAG(s) 'latest_only_with_trigger' retrieved from /home/airflow/.local/lib/python3.12/site-packages/airflow/example_dags/example_latest_only_with_trigger.py
[2024-10-19T00:08:03.471+0000] {logging_mixin.py:190} INFO - [2024-10-19T00:08:03.470+0000] {dag.py:3239} INFO - Sync 1 DAGs
[2024-10-19T00:08:03.489+0000] {logging_mixin.py:190} INFO - [2024-10-19T00:08:03.489+0000] {dag.py:4180} INFO - Setting next_dagrun for latest_only_with_trigger to 2024-10-18 20:00:00+00:00, run_after=2024-10-19 00:00:00+00:00
[2024-10-19T00:08:03.508+0000] {processor.py:208} INFO - Processing /home/airflow/.local/lib/python3.12/site-packages/airflow/example_dags/example_latest_only_with_trigger.py took 0.070 seconds
[2024-10-19T00:08:34.345+0000] {processor.py:186} INFO - Started process (PID=553) to work on /home/airflow/.local/lib/python3.12/site-packages/airflow/example_dags/example_latest_only_with_trigger.py
[2024-10-19T00:08:34.347+0000] {processor.py:914} INFO - Processing file /home/airflow/.local/lib/python3.12/site-packages/airflow/example_dags/example_latest_only_with_trigger.py for tasks to queue
[2024-10-19T00:08:34.350+0000] {logging_mixin.py:190} INFO - [2024-10-19T00:08:34.350+0000] {dagbag.py:588} INFO - Filling up the DagBag from /home/airflow/.local/lib/python3.12/site-packages/airflow/example_dags/example_latest_only_with_trigger.py
[2024-10-19T00:08:34.358+0000] {processor.py:925} INFO - DAG(s) 'latest_only_with_trigger' retrieved from /home/airflow/.local/lib/python3.12/site-packages/airflow/example_dags/example_latest_only_with_trigger.py
[2024-10-19T00:08:34.381+0000] {logging_mixin.py:190} INFO - [2024-10-19T00:08:34.381+0000] {dag.py:3239} INFO - Sync 1 DAGs
[2024-10-19T00:08:34.409+0000] {logging_mixin.py:190} INFO - [2024-10-19T00:08:34.408+0000] {dag.py:4180} INFO - Setting next_dagrun for latest_only_with_trigger to 2024-10-18 20:00:00+00:00, run_after=2024-10-19 00:00:00+00:00
[2024-10-19T00:08:34.429+0000] {processor.py:208} INFO - Processing /home/airflow/.local/lib/python3.12/site-packages/airflow/example_dags/example_latest_only_with_trigger.py took 0.089 seconds
[2024-10-19T00:09:04.713+0000] {processor.py:186} INFO - Started process (PID=616) to work on /home/airflow/.local/lib/python3.12/site-packages/airflow/example_dags/example_latest_only_with_trigger.py
[2024-10-19T00:09:04.714+0000] {processor.py:914} INFO - Processing file /home/airflow/.local/lib/python3.12/site-packages/airflow/example_dags/example_latest_only_with_trigger.py for tasks to queue
[2024-10-19T00:09:04.716+0000] {logging_mixin.py:190} INFO - [2024-10-19T00:09:04.715+0000] {dagbag.py:588} INFO - Filling up the DagBag from /home/airflow/.local/lib/python3.12/site-packages/airflow/example_dags/example_latest_only_with_trigger.py
[2024-10-19T00:09:04.722+0000] {processor.py:925} INFO - DAG(s) 'latest_only_with_trigger' retrieved from /home/airflow/.local/lib/python3.12/site-packages/airflow/example_dags/example_latest_only_with_trigger.py
[2024-10-19T00:09:04.739+0000] {logging_mixin.py:190} INFO - [2024-10-19T00:09:04.739+0000] {dag.py:3239} INFO - Sync 1 DAGs
[2024-10-19T00:09:04.760+0000] {logging_mixin.py:190} INFO - [2024-10-19T00:09:04.760+0000] {dag.py:4180} INFO - Setting next_dagrun for latest_only_with_trigger to 2024-10-18 20:00:00+00:00, run_after=2024-10-19 00:00:00+00:00
[2024-10-19T00:09:04.778+0000] {processor.py:208} INFO - Processing /home/airflow/.local/lib/python3.12/site-packages/airflow/example_dags/example_latest_only_with_trigger.py took 0.070 seconds
[2024-10-19T00:09:35.420+0000] {processor.py:186} INFO - Started process (PID=679) to work on /home/airflow/.local/lib/python3.12/site-packages/airflow/example_dags/example_latest_only_with_trigger.py
[2024-10-19T00:09:35.421+0000] {processor.py:914} INFO - Processing file /home/airflow/.local/lib/python3.12/site-packages/airflow/example_dags/example_latest_only_with_trigger.py for tasks to queue
[2024-10-19T00:09:35.424+0000] {logging_mixin.py:190} INFO - [2024-10-19T00:09:35.423+0000] {dagbag.py:588} INFO - Filling up the DagBag from /home/airflow/.local/lib/python3.12/site-packages/airflow/example_dags/example_latest_only_with_trigger.py
[2024-10-19T00:09:35.432+0000] {processor.py:925} INFO - DAG(s) 'latest_only_with_trigger' retrieved from /home/airflow/.local/lib/python3.12/site-packages/airflow/example_dags/example_latest_only_with_trigger.py
[2024-10-19T00:09:35.459+0000] {logging_mixin.py:190} INFO - [2024-10-19T00:09:35.459+0000] {dag.py:3239} INFO - Sync 1 DAGs
[2024-10-19T00:09:35.500+0000] {logging_mixin.py:190} INFO - [2024-10-19T00:09:35.499+0000] {dag.py:4180} INFO - Setting next_dagrun for latest_only_with_trigger to 2024-10-18 20:00:00+00:00, run_after=2024-10-19 00:00:00+00:00
[2024-10-19T00:09:35.532+0000] {processor.py:208} INFO - Processing /home/airflow/.local/lib/python3.12/site-packages/airflow/example_dags/example_latest_only_with_trigger.py took 0.118 seconds
[2024-10-19T00:10:06.388+0000] {processor.py:186} INFO - Started process (PID=741) to work on /home/airflow/.local/lib/python3.12/site-packages/airflow/example_dags/example_latest_only_with_trigger.py
[2024-10-19T00:10:06.391+0000] {processor.py:914} INFO - Processing file /home/airflow/.local/lib/python3.12/site-packages/airflow/example_dags/example_latest_only_with_trigger.py for tasks to queue
[2024-10-19T00:10:06.393+0000] {logging_mixin.py:190} INFO - [2024-10-19T00:10:06.393+0000] {dagbag.py:588} INFO - Filling up the DagBag from /home/airflow/.local/lib/python3.12/site-packages/airflow/example_dags/example_latest_only_with_trigger.py
[2024-10-19T00:10:06.400+0000] {processor.py:925} INFO - DAG(s) 'latest_only_with_trigger' retrieved from /home/airflow/.local/lib/python3.12/site-packages/airflow/example_dags/example_latest_only_with_trigger.py
[2024-10-19T00:10:06.433+0000] {logging_mixin.py:190} INFO - [2024-10-19T00:10:06.433+0000] {dag.py:3239} INFO - Sync 1 DAGs
[2024-10-19T00:10:06.466+0000] {logging_mixin.py:190} INFO - [2024-10-19T00:10:06.465+0000] {dag.py:4180} INFO - Setting next_dagrun for latest_only_with_trigger to 2024-10-18 20:00:00+00:00, run_after=2024-10-19 00:00:00+00:00
[2024-10-19T00:10:06.492+0000] {processor.py:208} INFO - Processing /home/airflow/.local/lib/python3.12/site-packages/airflow/example_dags/example_latest_only_with_trigger.py took 0.109 seconds
[2024-10-19T00:10:37.406+0000] {processor.py:186} INFO - Started process (PID=803) to work on /home/airflow/.local/lib/python3.12/site-packages/airflow/example_dags/example_latest_only_with_trigger.py
[2024-10-19T00:10:37.406+0000] {processor.py:914} INFO - Processing file /home/airflow/.local/lib/python3.12/site-packages/airflow/example_dags/example_latest_only_with_trigger.py for tasks to queue
[2024-10-19T00:10:37.409+0000] {logging_mixin.py:190} INFO - [2024-10-19T00:10:37.408+0000] {dagbag.py:588} INFO - Filling up the DagBag from /home/airflow/.local/lib/python3.12/site-packages/airflow/example_dags/example_latest_only_with_trigger.py
[2024-10-19T00:10:37.418+0000] {processor.py:925} INFO - DAG(s) 'latest_only_with_trigger' retrieved from /home/airflow/.local/lib/python3.12/site-packages/airflow/example_dags/example_latest_only_with_trigger.py
[2024-10-19T00:10:37.439+0000] {logging_mixin.py:190} INFO - [2024-10-19T00:10:37.438+0000] {dag.py:3239} INFO - Sync 1 DAGs
[2024-10-19T00:10:37.462+0000] {logging_mixin.py:190} INFO - [2024-10-19T00:10:37.462+0000] {dag.py:4180} INFO - Setting next_dagrun for latest_only_with_trigger to 2024-10-18 20:00:00+00:00, run_after=2024-10-19 00:00:00+00:00
[2024-10-19T00:10:37.486+0000] {processor.py:208} INFO - Processing /home/airflow/.local/lib/python3.12/site-packages/airflow/example_dags/example_latest_only_with_trigger.py took 0.086 seconds
[2024-10-19T00:11:07.837+0000] {processor.py:186} INFO - Started process (PID=865) to work on /home/airflow/.local/lib/python3.12/site-packages/airflow/example_dags/example_latest_only_with_trigger.py
[2024-10-19T00:11:07.838+0000] {processor.py:914} INFO - Processing file /home/airflow/.local/lib/python3.12/site-packages/airflow/example_dags/example_latest_only_with_trigger.py for tasks to queue
[2024-10-19T00:11:07.840+0000] {logging_mixin.py:190} INFO - [2024-10-19T00:11:07.840+0000] {dagbag.py:588} INFO - Filling up the DagBag from /home/airflow/.local/lib/python3.12/site-packages/airflow/example_dags/example_latest_only_with_trigger.py
[2024-10-19T00:11:07.846+0000] {processor.py:925} INFO - DAG(s) 'latest_only_with_trigger' retrieved from /home/airflow/.local/lib/python3.12/site-packages/airflow/example_dags/example_latest_only_with_trigger.py
[2024-10-19T00:11:07.862+0000] {logging_mixin.py:190} INFO - [2024-10-19T00:11:07.862+0000] {dag.py:3239} INFO - Sync 1 DAGs
[2024-10-19T00:11:07.881+0000] {logging_mixin.py:190} INFO - [2024-10-19T00:11:07.881+0000] {dag.py:4180} INFO - Setting next_dagrun for latest_only_with_trigger to 2024-10-18 20:00:00+00:00, run_after=2024-10-19 00:00:00+00:00
[2024-10-19T00:11:07.900+0000] {processor.py:208} INFO - Processing /home/airflow/.local/lib/python3.12/site-packages/airflow/example_dags/example_latest_only_with_trigger.py took 0.067 seconds
[2024-10-19T00:11:38.811+0000] {processor.py:186} INFO - Started process (PID=927) to work on /home/airflow/.local/lib/python3.12/site-packages/airflow/example_dags/example_latest_only_with_trigger.py
[2024-10-19T00:11:38.812+0000] {processor.py:914} INFO - Processing file /home/airflow/.local/lib/python3.12/site-packages/airflow/example_dags/example_latest_only_with_trigger.py for tasks to queue
[2024-10-19T00:11:38.815+0000] {logging_mixin.py:190} INFO - [2024-10-19T00:11:38.815+0000] {dagbag.py:588} INFO - Filling up the DagBag from /home/airflow/.local/lib/python3.12/site-packages/airflow/example_dags/example_latest_only_with_trigger.py
[2024-10-19T00:11:38.822+0000] {processor.py:925} INFO - DAG(s) 'latest_only_with_trigger' retrieved from /home/airflow/.local/lib/python3.12/site-packages/airflow/example_dags/example_latest_only_with_trigger.py
[2024-10-19T00:11:38.840+0000] {logging_mixin.py:190} INFO - [2024-10-19T00:11:38.840+0000] {dag.py:3239} INFO - Sync 1 DAGs
[2024-10-19T00:11:38.858+0000] {logging_mixin.py:190} INFO - [2024-10-19T00:11:38.858+0000] {dag.py:4180} INFO - Setting next_dagrun for latest_only_with_trigger to 2024-10-18 20:00:00+00:00, run_after=2024-10-19 00:00:00+00:00
[2024-10-19T00:11:38.876+0000] {processor.py:208} INFO - Processing /home/airflow/.local/lib/python3.12/site-packages/airflow/example_dags/example_latest_only_with_trigger.py took 0.069 seconds
[2024-10-19T00:12:09.302+0000] {processor.py:186} INFO - Started process (PID=990) to work on /home/airflow/.local/lib/python3.12/site-packages/airflow/example_dags/example_latest_only_with_trigger.py
[2024-10-19T00:12:09.303+0000] {processor.py:914} INFO - Processing file /home/airflow/.local/lib/python3.12/site-packages/airflow/example_dags/example_latest_only_with_trigger.py for tasks to queue
[2024-10-19T00:12:09.305+0000] {logging_mixin.py:190} INFO - [2024-10-19T00:12:09.305+0000] {dagbag.py:588} INFO - Filling up the DagBag from /home/airflow/.local/lib/python3.12/site-packages/airflow/example_dags/example_latest_only_with_trigger.py
[2024-10-19T00:12:09.312+0000] {processor.py:925} INFO - DAG(s) 'latest_only_with_trigger' retrieved from /home/airflow/.local/lib/python3.12/site-packages/airflow/example_dags/example_latest_only_with_trigger.py
[2024-10-19T00:12:09.330+0000] {logging_mixin.py:190} INFO - [2024-10-19T00:12:09.330+0000] {dag.py:3239} INFO - Sync 1 DAGs
[2024-10-19T00:12:09.348+0000] {logging_mixin.py:190} INFO - [2024-10-19T00:12:09.348+0000] {dag.py:4180} INFO - Setting next_dagrun for latest_only_with_trigger to 2024-10-18 20:00:00+00:00, run_after=2024-10-19 00:00:00+00:00
[2024-10-19T00:12:09.374+0000] {processor.py:208} INFO - Processing /home/airflow/.local/lib/python3.12/site-packages/airflow/example_dags/example_latest_only_with_trigger.py took 0.077 seconds
[2024-10-19T00:12:40.076+0000] {processor.py:186} INFO - Started process (PID=1052) to work on /home/airflow/.local/lib/python3.12/site-packages/airflow/example_dags/example_latest_only_with_trigger.py
[2024-10-19T00:12:40.077+0000] {processor.py:914} INFO - Processing file /home/airflow/.local/lib/python3.12/site-packages/airflow/example_dags/example_latest_only_with_trigger.py for tasks to queue
[2024-10-19T00:12:40.080+0000] {logging_mixin.py:190} INFO - [2024-10-19T00:12:40.080+0000] {dagbag.py:588} INFO - Filling up the DagBag from /home/airflow/.local/lib/python3.12/site-packages/airflow/example_dags/example_latest_only_with_trigger.py
[2024-10-19T00:12:40.087+0000] {processor.py:925} INFO - DAG(s) 'latest_only_with_trigger' retrieved from /home/airflow/.local/lib/python3.12/site-packages/airflow/example_dags/example_latest_only_with_trigger.py
[2024-10-19T00:12:40.103+0000] {logging_mixin.py:190} INFO - [2024-10-19T00:12:40.103+0000] {dag.py:3239} INFO - Sync 1 DAGs
[2024-10-19T00:12:40.122+0000] {logging_mixin.py:190} INFO - [2024-10-19T00:12:40.121+0000] {dag.py:4180} INFO - Setting next_dagrun for latest_only_with_trigger to 2024-10-18 20:00:00+00:00, run_after=2024-10-19 00:00:00+00:00
[2024-10-19T00:12:40.138+0000] {processor.py:208} INFO - Processing /home/airflow/.local/lib/python3.12/site-packages/airflow/example_dags/example_latest_only_with_trigger.py took 0.067 seconds
[2024-10-19T00:13:10.364+0000] {processor.py:186} INFO - Started process (PID=1113) to work on /home/airflow/.local/lib/python3.12/site-packages/airflow/example_dags/example_latest_only_with_trigger.py
[2024-10-19T00:13:10.365+0000] {processor.py:914} INFO - Processing file /home/airflow/.local/lib/python3.12/site-packages/airflow/example_dags/example_latest_only_with_trigger.py for tasks to queue
[2024-10-19T00:13:10.367+0000] {logging_mixin.py:190} INFO - [2024-10-19T00:13:10.367+0000] {dagbag.py:588} INFO - Filling up the DagBag from /home/airflow/.local/lib/python3.12/site-packages/airflow/example_dags/example_latest_only_with_trigger.py
[2024-10-19T00:13:10.373+0000] {processor.py:925} INFO - DAG(s) 'latest_only_with_trigger' retrieved from /home/airflow/.local/lib/python3.12/site-packages/airflow/example_dags/example_latest_only_with_trigger.py
[2024-10-19T00:13:10.390+0000] {logging_mixin.py:190} INFO - [2024-10-19T00:13:10.390+0000] {dag.py:3239} INFO - Sync 1 DAGs
[2024-10-19T00:13:10.407+0000] {logging_mixin.py:190} INFO - [2024-10-19T00:13:10.407+0000] {dag.py:4180} INFO - Setting next_dagrun for latest_only_with_trigger to 2024-10-18 20:00:00+00:00, run_after=2024-10-19 00:00:00+00:00
[2024-10-19T00:13:10.426+0000] {processor.py:208} INFO - Processing /home/airflow/.local/lib/python3.12/site-packages/airflow/example_dags/example_latest_only_with_trigger.py took 0.066 seconds
[2024-10-19T00:13:40.682+0000] {processor.py:186} INFO - Started process (PID=1175) to work on /home/airflow/.local/lib/python3.12/site-packages/airflow/example_dags/example_latest_only_with_trigger.py
[2024-10-19T00:13:40.685+0000] {processor.py:914} INFO - Processing file /home/airflow/.local/lib/python3.12/site-packages/airflow/example_dags/example_latest_only_with_trigger.py for tasks to queue
[2024-10-19T00:13:40.693+0000] {logging_mixin.py:190} INFO - [2024-10-19T00:13:40.691+0000] {dagbag.py:588} INFO - Filling up the DagBag from /home/airflow/.local/lib/python3.12/site-packages/airflow/example_dags/example_latest_only_with_trigger.py
[2024-10-19T00:13:40.707+0000] {processor.py:925} INFO - DAG(s) 'latest_only_with_trigger' retrieved from /home/airflow/.local/lib/python3.12/site-packages/airflow/example_dags/example_latest_only_with_trigger.py
[2024-10-19T00:13:40.746+0000] {logging_mixin.py:190} INFO - [2024-10-19T00:13:40.745+0000] {dag.py:3239} INFO - Sync 1 DAGs
[2024-10-19T00:13:40.780+0000] {logging_mixin.py:190} INFO - [2024-10-19T00:13:40.780+0000] {dag.py:4180} INFO - Setting next_dagrun for latest_only_with_trigger to 2024-10-18 20:00:00+00:00, run_after=2024-10-19 00:00:00+00:00
[2024-10-19T00:13:40.808+0000] {processor.py:208} INFO - Processing /home/airflow/.local/lib/python3.12/site-packages/airflow/example_dags/example_latest_only_with_trigger.py took 0.137 seconds
[2024-10-19T00:14:11.681+0000] {processor.py:186} INFO - Started process (PID=1237) to work on /home/airflow/.local/lib/python3.12/site-packages/airflow/example_dags/example_latest_only_with_trigger.py
[2024-10-19T00:14:11.682+0000] {processor.py:914} INFO - Processing file /home/airflow/.local/lib/python3.12/site-packages/airflow/example_dags/example_latest_only_with_trigger.py for tasks to queue
[2024-10-19T00:14:11.685+0000] {logging_mixin.py:190} INFO - [2024-10-19T00:14:11.685+0000] {dagbag.py:588} INFO - Filling up the DagBag from /home/airflow/.local/lib/python3.12/site-packages/airflow/example_dags/example_latest_only_with_trigger.py
[2024-10-19T00:14:11.691+0000] {processor.py:925} INFO - DAG(s) 'latest_only_with_trigger' retrieved from /home/airflow/.local/lib/python3.12/site-packages/airflow/example_dags/example_latest_only_with_trigger.py
[2024-10-19T00:14:11.708+0000] {logging_mixin.py:190} INFO - [2024-10-19T00:14:11.707+0000] {dag.py:3239} INFO - Sync 1 DAGs
[2024-10-19T00:14:11.724+0000] {logging_mixin.py:190} INFO - [2024-10-19T00:14:11.724+0000] {dag.py:4180} INFO - Setting next_dagrun for latest_only_with_trigger to 2024-10-18 20:00:00+00:00, run_after=2024-10-19 00:00:00+00:00
[2024-10-19T00:14:11.746+0000] {processor.py:208} INFO - Processing /home/airflow/.local/lib/python3.12/site-packages/airflow/example_dags/example_latest_only_with_trigger.py took 0.070 seconds
[2024-10-19T00:14:42.325+0000] {processor.py:186} INFO - Started process (PID=1299) to work on /home/airflow/.local/lib/python3.12/site-packages/airflow/example_dags/example_latest_only_with_trigger.py
[2024-10-19T00:14:42.326+0000] {processor.py:914} INFO - Processing file /home/airflow/.local/lib/python3.12/site-packages/airflow/example_dags/example_latest_only_with_trigger.py for tasks to queue
[2024-10-19T00:14:42.329+0000] {logging_mixin.py:190} INFO - [2024-10-19T00:14:42.329+0000] {dagbag.py:588} INFO - Filling up the DagBag from /home/airflow/.local/lib/python3.12/site-packages/airflow/example_dags/example_latest_only_with_trigger.py
[2024-10-19T00:14:42.335+0000] {processor.py:925} INFO - DAG(s) 'latest_only_with_trigger' retrieved from /home/airflow/.local/lib/python3.12/site-packages/airflow/example_dags/example_latest_only_with_trigger.py
[2024-10-19T00:14:42.352+0000] {logging_mixin.py:190} INFO - [2024-10-19T00:14:42.352+0000] {dag.py:3239} INFO - Sync 1 DAGs
[2024-10-19T00:14:42.371+0000] {logging_mixin.py:190} INFO - [2024-10-19T00:14:42.371+0000] {dag.py:4180} INFO - Setting next_dagrun for latest_only_with_trigger to 2024-10-18 20:00:00+00:00, run_after=2024-10-19 00:00:00+00:00
[2024-10-19T00:14:42.393+0000] {processor.py:208} INFO - Processing /home/airflow/.local/lib/python3.12/site-packages/airflow/example_dags/example_latest_only_with_trigger.py took 0.072 seconds
[2024-10-19T00:15:13.060+0000] {processor.py:186} INFO - Started process (PID=1361) to work on /home/airflow/.local/lib/python3.12/site-packages/airflow/example_dags/example_latest_only_with_trigger.py
[2024-10-19T00:15:13.061+0000] {processor.py:914} INFO - Processing file /home/airflow/.local/lib/python3.12/site-packages/airflow/example_dags/example_latest_only_with_trigger.py for tasks to queue
[2024-10-19T00:15:13.063+0000] {logging_mixin.py:190} INFO - [2024-10-19T00:15:13.063+0000] {dagbag.py:588} INFO - Filling up the DagBag from /home/airflow/.local/lib/python3.12/site-packages/airflow/example_dags/example_latest_only_with_trigger.py
[2024-10-19T00:15:13.070+0000] {processor.py:925} INFO - DAG(s) 'latest_only_with_trigger' retrieved from /home/airflow/.local/lib/python3.12/site-packages/airflow/example_dags/example_latest_only_with_trigger.py
[2024-10-19T00:15:13.088+0000] {logging_mixin.py:190} INFO - [2024-10-19T00:15:13.088+0000] {dag.py:3239} INFO - Sync 1 DAGs
[2024-10-19T00:15:13.109+0000] {logging_mixin.py:190} INFO - [2024-10-19T00:15:13.109+0000] {dag.py:4180} INFO - Setting next_dagrun for latest_only_with_trigger to 2024-10-18 20:00:00+00:00, run_after=2024-10-19 00:00:00+00:00
[2024-10-19T00:15:13.126+0000] {processor.py:208} INFO - Processing /home/airflow/.local/lib/python3.12/site-packages/airflow/example_dags/example_latest_only_with_trigger.py took 0.072 seconds
[2024-10-19T00:15:43.545+0000] {processor.py:186} INFO - Started process (PID=1423) to work on /home/airflow/.local/lib/python3.12/site-packages/airflow/example_dags/example_latest_only_with_trigger.py
[2024-10-19T00:15:43.546+0000] {processor.py:914} INFO - Processing file /home/airflow/.local/lib/python3.12/site-packages/airflow/example_dags/example_latest_only_with_trigger.py for tasks to queue
[2024-10-19T00:15:43.548+0000] {logging_mixin.py:190} INFO - [2024-10-19T00:15:43.548+0000] {dagbag.py:588} INFO - Filling up the DagBag from /home/airflow/.local/lib/python3.12/site-packages/airflow/example_dags/example_latest_only_with_trigger.py
[2024-10-19T00:15:43.554+0000] {processor.py:925} INFO - DAG(s) 'latest_only_with_trigger' retrieved from /home/airflow/.local/lib/python3.12/site-packages/airflow/example_dags/example_latest_only_with_trigger.py
[2024-10-19T00:15:43.576+0000] {logging_mixin.py:190} INFO - [2024-10-19T00:15:43.576+0000] {dag.py:3239} INFO - Sync 1 DAGs
[2024-10-19T00:15:43.593+0000] {logging_mixin.py:190} INFO - [2024-10-19T00:15:43.593+0000] {dag.py:4180} INFO - Setting next_dagrun for latest_only_with_trigger to 2024-10-18 20:00:00+00:00, run_after=2024-10-19 00:00:00+00:00
[2024-10-19T00:15:43.612+0000] {processor.py:208} INFO - Processing /home/airflow/.local/lib/python3.12/site-packages/airflow/example_dags/example_latest_only_with_trigger.py took 0.072 seconds
[2024-10-19T00:16:14.381+0000] {processor.py:186} INFO - Started process (PID=1484) to work on /home/airflow/.local/lib/python3.12/site-packages/airflow/example_dags/example_latest_only_with_trigger.py
[2024-10-19T00:16:14.382+0000] {processor.py:914} INFO - Processing file /home/airflow/.local/lib/python3.12/site-packages/airflow/example_dags/example_latest_only_with_trigger.py for tasks to queue
[2024-10-19T00:16:14.385+0000] {logging_mixin.py:190} INFO - [2024-10-19T00:16:14.384+0000] {dagbag.py:588} INFO - Filling up the DagBag from /home/airflow/.local/lib/python3.12/site-packages/airflow/example_dags/example_latest_only_with_trigger.py
[2024-10-19T00:16:14.391+0000] {processor.py:925} INFO - DAG(s) 'latest_only_with_trigger' retrieved from /home/airflow/.local/lib/python3.12/site-packages/airflow/example_dags/example_latest_only_with_trigger.py
[2024-10-19T00:16:14.409+0000] {logging_mixin.py:190} INFO - [2024-10-19T00:16:14.409+0000] {dag.py:3239} INFO - Sync 1 DAGs
[2024-10-19T00:16:14.426+0000] {logging_mixin.py:190} INFO - [2024-10-19T00:16:14.426+0000] {dag.py:4180} INFO - Setting next_dagrun for latest_only_with_trigger to 2024-10-18 20:00:00+00:00, run_after=2024-10-19 00:00:00+00:00
[2024-10-19T00:16:14.447+0000] {processor.py:208} INFO - Processing /home/airflow/.local/lib/python3.12/site-packages/airflow/example_dags/example_latest_only_with_trigger.py took 0.077 seconds
[2024-10-19T00:16:45.041+0000] {processor.py:186} INFO - Started process (PID=1546) to work on /home/airflow/.local/lib/python3.12/site-packages/airflow/example_dags/example_latest_only_with_trigger.py
[2024-10-19T00:16:45.042+0000] {processor.py:914} INFO - Processing file /home/airflow/.local/lib/python3.12/site-packages/airflow/example_dags/example_latest_only_with_trigger.py for tasks to queue
[2024-10-19T00:16:45.044+0000] {logging_mixin.py:190} INFO - [2024-10-19T00:16:45.044+0000] {dagbag.py:588} INFO - Filling up the DagBag from /home/airflow/.local/lib/python3.12/site-packages/airflow/example_dags/example_latest_only_with_trigger.py
[2024-10-19T00:16:45.051+0000] {processor.py:925} INFO - DAG(s) 'latest_only_with_trigger' retrieved from /home/airflow/.local/lib/python3.12/site-packages/airflow/example_dags/example_latest_only_with_trigger.py
[2024-10-19T00:16:45.070+0000] {logging_mixin.py:190} INFO - [2024-10-19T00:16:45.070+0000] {dag.py:3239} INFO - Sync 1 DAGs
[2024-10-19T00:16:45.091+0000] {logging_mixin.py:190} INFO - [2024-10-19T00:16:45.090+0000] {dag.py:4180} INFO - Setting next_dagrun for latest_only_with_trigger to 2024-10-18 20:00:00+00:00, run_after=2024-10-19 00:00:00+00:00
[2024-10-19T00:16:45.110+0000] {processor.py:208} INFO - Processing /home/airflow/.local/lib/python3.12/site-packages/airflow/example_dags/example_latest_only_with_trigger.py took 0.073 seconds
[2024-10-19T00:17:15.732+0000] {processor.py:186} INFO - Started process (PID=1608) to work on /home/airflow/.local/lib/python3.12/site-packages/airflow/example_dags/example_latest_only_with_trigger.py
[2024-10-19T00:17:15.733+0000] {processor.py:914} INFO - Processing file /home/airflow/.local/lib/python3.12/site-packages/airflow/example_dags/example_latest_only_with_trigger.py for tasks to queue
[2024-10-19T00:17:15.735+0000] {logging_mixin.py:190} INFO - [2024-10-19T00:17:15.735+0000] {dagbag.py:588} INFO - Filling up the DagBag from /home/airflow/.local/lib/python3.12/site-packages/airflow/example_dags/example_latest_only_with_trigger.py
[2024-10-19T00:17:15.741+0000] {processor.py:925} INFO - DAG(s) 'latest_only_with_trigger' retrieved from /home/airflow/.local/lib/python3.12/site-packages/airflow/example_dags/example_latest_only_with_trigger.py
[2024-10-19T00:17:15.758+0000] {logging_mixin.py:190} INFO - [2024-10-19T00:17:15.758+0000] {dag.py:3239} INFO - Sync 1 DAGs
[2024-10-19T00:17:15.776+0000] {logging_mixin.py:190} INFO - [2024-10-19T00:17:15.776+0000] {dag.py:4180} INFO - Setting next_dagrun for latest_only_with_trigger to 2024-10-18 20:00:00+00:00, run_after=2024-10-19 00:00:00+00:00
[2024-10-19T00:17:15.795+0000] {processor.py:208} INFO - Processing /home/airflow/.local/lib/python3.12/site-packages/airflow/example_dags/example_latest_only_with_trigger.py took 0.068 seconds
[2024-10-19T00:17:46.247+0000] {processor.py:186} INFO - Started process (PID=1670) to work on /home/airflow/.local/lib/python3.12/site-packages/airflow/example_dags/example_latest_only_with_trigger.py
[2024-10-19T00:17:46.248+0000] {processor.py:914} INFO - Processing file /home/airflow/.local/lib/python3.12/site-packages/airflow/example_dags/example_latest_only_with_trigger.py for tasks to queue
[2024-10-19T00:17:46.250+0000] {logging_mixin.py:190} INFO - [2024-10-19T00:17:46.250+0000] {dagbag.py:588} INFO - Filling up the DagBag from /home/airflow/.local/lib/python3.12/site-packages/airflow/example_dags/example_latest_only_with_trigger.py
[2024-10-19T00:17:46.257+0000] {processor.py:925} INFO - DAG(s) 'latest_only_with_trigger' retrieved from /home/airflow/.local/lib/python3.12/site-packages/airflow/example_dags/example_latest_only_with_trigger.py
[2024-10-19T00:17:46.274+0000] {logging_mixin.py:190} INFO - [2024-10-19T00:17:46.273+0000] {dag.py:3239} INFO - Sync 1 DAGs
[2024-10-19T00:17:46.292+0000] {logging_mixin.py:190} INFO - [2024-10-19T00:17:46.292+0000] {dag.py:4180} INFO - Setting next_dagrun for latest_only_with_trigger to 2024-10-18 20:00:00+00:00, run_after=2024-10-19 00:00:00+00:00
[2024-10-19T00:17:46.312+0000] {processor.py:208} INFO - Processing /home/airflow/.local/lib/python3.12/site-packages/airflow/example_dags/example_latest_only_with_trigger.py took 0.069 seconds
[2024-10-19T00:18:17.182+0000] {processor.py:186} INFO - Started process (PID=1732) to work on /home/airflow/.local/lib/python3.12/site-packages/airflow/example_dags/example_latest_only_with_trigger.py
[2024-10-19T00:18:17.183+0000] {processor.py:914} INFO - Processing file /home/airflow/.local/lib/python3.12/site-packages/airflow/example_dags/example_latest_only_with_trigger.py for tasks to queue
[2024-10-19T00:18:17.185+0000] {logging_mixin.py:190} INFO - [2024-10-19T00:18:17.185+0000] {dagbag.py:588} INFO - Filling up the DagBag from /home/airflow/.local/lib/python3.12/site-packages/airflow/example_dags/example_latest_only_with_trigger.py
[2024-10-19T00:18:17.193+0000] {processor.py:925} INFO - DAG(s) 'latest_only_with_trigger' retrieved from /home/airflow/.local/lib/python3.12/site-packages/airflow/example_dags/example_latest_only_with_trigger.py
[2024-10-19T00:18:17.210+0000] {logging_mixin.py:190} INFO - [2024-10-19T00:18:17.210+0000] {dag.py:3239} INFO - Sync 1 DAGs
[2024-10-19T00:18:17.228+0000] {logging_mixin.py:190} INFO - [2024-10-19T00:18:17.228+0000] {dag.py:4180} INFO - Setting next_dagrun for latest_only_with_trigger to 2024-10-18 20:00:00+00:00, run_after=2024-10-19 00:00:00+00:00
[2024-10-19T00:18:17.250+0000] {processor.py:208} INFO - Processing /home/airflow/.local/lib/python3.12/site-packages/airflow/example_dags/example_latest_only_with_trigger.py took 0.072 seconds
[2024-10-19T00:18:47.422+0000] {processor.py:186} INFO - Started process (PID=1793) to work on /home/airflow/.local/lib/python3.12/site-packages/airflow/example_dags/example_latest_only_with_trigger.py
[2024-10-19T00:18:47.424+0000] {processor.py:914} INFO - Processing file /home/airflow/.local/lib/python3.12/site-packages/airflow/example_dags/example_latest_only_with_trigger.py for tasks to queue
[2024-10-19T00:18:47.426+0000] {logging_mixin.py:190} INFO - [2024-10-19T00:18:47.426+0000] {dagbag.py:588} INFO - Filling up the DagBag from /home/airflow/.local/lib/python3.12/site-packages/airflow/example_dags/example_latest_only_with_trigger.py
[2024-10-19T00:18:47.435+0000] {processor.py:925} INFO - DAG(s) 'latest_only_with_trigger' retrieved from /home/airflow/.local/lib/python3.12/site-packages/airflow/example_dags/example_latest_only_with_trigger.py
[2024-10-19T00:18:47.456+0000] {logging_mixin.py:190} INFO - [2024-10-19T00:18:47.455+0000] {dag.py:3239} INFO - Sync 1 DAGs
[2024-10-19T00:18:47.478+0000] {logging_mixin.py:190} INFO - [2024-10-19T00:18:47.478+0000] {dag.py:4180} INFO - Setting next_dagrun for latest_only_with_trigger to 2024-10-18 20:00:00+00:00, run_after=2024-10-19 00:00:00+00:00
[2024-10-19T00:18:47.500+0000] {processor.py:208} INFO - Processing /home/airflow/.local/lib/python3.12/site-packages/airflow/example_dags/example_latest_only_with_trigger.py took 0.084 seconds
[2024-10-19T00:19:18.491+0000] {processor.py:186} INFO - Started process (PID=1855) to work on /home/airflow/.local/lib/python3.12/site-packages/airflow/example_dags/example_latest_only_with_trigger.py
[2024-10-19T00:19:18.493+0000] {processor.py:914} INFO - Processing file /home/airflow/.local/lib/python3.12/site-packages/airflow/example_dags/example_latest_only_with_trigger.py for tasks to queue
[2024-10-19T00:19:18.496+0000] {logging_mixin.py:190} INFO - [2024-10-19T00:19:18.495+0000] {dagbag.py:588} INFO - Filling up the DagBag from /home/airflow/.local/lib/python3.12/site-packages/airflow/example_dags/example_latest_only_with_trigger.py
[2024-10-19T00:19:18.503+0000] {processor.py:925} INFO - DAG(s) 'latest_only_with_trigger' retrieved from /home/airflow/.local/lib/python3.12/site-packages/airflow/example_dags/example_latest_only_with_trigger.py
[2024-10-19T00:19:18.529+0000] {logging_mixin.py:190} INFO - [2024-10-19T00:19:18.529+0000] {dag.py:3239} INFO - Sync 1 DAGs
[2024-10-19T00:19:18.572+0000] {logging_mixin.py:190} INFO - [2024-10-19T00:19:18.571+0000] {dag.py:4180} INFO - Setting next_dagrun for latest_only_with_trigger to 2024-10-18 20:00:00+00:00, run_after=2024-10-19 00:00:00+00:00
[2024-10-19T00:19:18.604+0000] {processor.py:208} INFO - Processing /home/airflow/.local/lib/python3.12/site-packages/airflow/example_dags/example_latest_only_with_trigger.py took 0.119 seconds
[2024-10-19T00:19:48.681+0000] {processor.py:186} INFO - Started process (PID=1917) to work on /home/airflow/.local/lib/python3.12/site-packages/airflow/example_dags/example_latest_only_with_trigger.py
[2024-10-19T00:19:48.681+0000] {processor.py:914} INFO - Processing file /home/airflow/.local/lib/python3.12/site-packages/airflow/example_dags/example_latest_only_with_trigger.py for tasks to queue
[2024-10-19T00:19:48.684+0000] {logging_mixin.py:190} INFO - [2024-10-19T00:19:48.684+0000] {dagbag.py:588} INFO - Filling up the DagBag from /home/airflow/.local/lib/python3.12/site-packages/airflow/example_dags/example_latest_only_with_trigger.py
[2024-10-19T00:19:48.691+0000] {processor.py:925} INFO - DAG(s) 'latest_only_with_trigger' retrieved from /home/airflow/.local/lib/python3.12/site-packages/airflow/example_dags/example_latest_only_with_trigger.py
[2024-10-19T00:19:48.710+0000] {logging_mixin.py:190} INFO - [2024-10-19T00:19:48.710+0000] {dag.py:3239} INFO - Sync 1 DAGs
[2024-10-19T00:19:48.731+0000] {logging_mixin.py:190} INFO - [2024-10-19T00:19:48.731+0000] {dag.py:4180} INFO - Setting next_dagrun for latest_only_with_trigger to 2024-10-18 20:00:00+00:00, run_after=2024-10-19 00:00:00+00:00
[2024-10-19T00:19:48.760+0000] {processor.py:208} INFO - Processing /home/airflow/.local/lib/python3.12/site-packages/airflow/example_dags/example_latest_only_with_trigger.py took 0.084 seconds
[2024-10-19T00:20:19.380+0000] {processor.py:186} INFO - Started process (PID=1979) to work on /home/airflow/.local/lib/python3.12/site-packages/airflow/example_dags/example_latest_only_with_trigger.py
[2024-10-19T00:20:19.381+0000] {processor.py:914} INFO - Processing file /home/airflow/.local/lib/python3.12/site-packages/airflow/example_dags/example_latest_only_with_trigger.py for tasks to queue
[2024-10-19T00:20:19.383+0000] {logging_mixin.py:190} INFO - [2024-10-19T00:20:19.383+0000] {dagbag.py:588} INFO - Filling up the DagBag from /home/airflow/.local/lib/python3.12/site-packages/airflow/example_dags/example_latest_only_with_trigger.py
[2024-10-19T00:20:19.391+0000] {processor.py:925} INFO - DAG(s) 'latest_only_with_trigger' retrieved from /home/airflow/.local/lib/python3.12/site-packages/airflow/example_dags/example_latest_only_with_trigger.py
[2024-10-19T00:20:19.412+0000] {logging_mixin.py:190} INFO - [2024-10-19T00:20:19.411+0000] {dag.py:3239} INFO - Sync 1 DAGs
[2024-10-19T00:20:19.437+0000] {logging_mixin.py:190} INFO - [2024-10-19T00:20:19.436+0000] {dag.py:4180} INFO - Setting next_dagrun for latest_only_with_trigger to 2024-10-18 20:00:00+00:00, run_after=2024-10-19 00:00:00+00:00
[2024-10-19T00:20:19.461+0000] {processor.py:208} INFO - Processing /home/airflow/.local/lib/python3.12/site-packages/airflow/example_dags/example_latest_only_with_trigger.py took 0.088 seconds
[2024-10-19T00:20:50.574+0000] {processor.py:186} INFO - Started process (PID=2041) to work on /home/airflow/.local/lib/python3.12/site-packages/airflow/example_dags/example_latest_only_with_trigger.py
[2024-10-19T00:20:50.575+0000] {processor.py:914} INFO - Processing file /home/airflow/.local/lib/python3.12/site-packages/airflow/example_dags/example_latest_only_with_trigger.py for tasks to queue
[2024-10-19T00:20:50.577+0000] {logging_mixin.py:190} INFO - [2024-10-19T00:20:50.577+0000] {dagbag.py:588} INFO - Filling up the DagBag from /home/airflow/.local/lib/python3.12/site-packages/airflow/example_dags/example_latest_only_with_trigger.py
[2024-10-19T00:20:50.584+0000] {processor.py:925} INFO - DAG(s) 'latest_only_with_trigger' retrieved from /home/airflow/.local/lib/python3.12/site-packages/airflow/example_dags/example_latest_only_with_trigger.py
[2024-10-19T00:20:50.601+0000] {logging_mixin.py:190} INFO - [2024-10-19T00:20:50.601+0000] {dag.py:3239} INFO - Sync 1 DAGs
[2024-10-19T00:20:50.621+0000] {logging_mixin.py:190} INFO - [2024-10-19T00:20:50.621+0000] {dag.py:4180} INFO - Setting next_dagrun for latest_only_with_trigger to 2024-10-18 20:00:00+00:00, run_after=2024-10-19 00:00:00+00:00
[2024-10-19T00:20:50.640+0000] {processor.py:208} INFO - Processing /home/airflow/.local/lib/python3.12/site-packages/airflow/example_dags/example_latest_only_with_trigger.py took 0.071 seconds
[2024-10-19T00:21:21.891+0000] {processor.py:186} INFO - Started process (PID=2110) to work on /home/airflow/.local/lib/python3.12/site-packages/airflow/example_dags/example_latest_only_with_trigger.py
[2024-10-19T00:21:21.893+0000] {processor.py:914} INFO - Processing file /home/airflow/.local/lib/python3.12/site-packages/airflow/example_dags/example_latest_only_with_trigger.py for tasks to queue
[2024-10-19T00:21:21.895+0000] {logging_mixin.py:190} INFO - [2024-10-19T00:21:21.895+0000] {dagbag.py:588} INFO - Filling up the DagBag from /home/airflow/.local/lib/python3.12/site-packages/airflow/example_dags/example_latest_only_with_trigger.py
[2024-10-19T00:21:21.901+0000] {processor.py:925} INFO - DAG(s) 'latest_only_with_trigger' retrieved from /home/airflow/.local/lib/python3.12/site-packages/airflow/example_dags/example_latest_only_with_trigger.py
[2024-10-19T00:21:21.920+0000] {logging_mixin.py:190} INFO - [2024-10-19T00:21:21.919+0000] {dag.py:3239} INFO - Sync 1 DAGs
[2024-10-19T00:21:21.942+0000] {logging_mixin.py:190} INFO - [2024-10-19T00:21:21.942+0000] {dag.py:4180} INFO - Setting next_dagrun for latest_only_with_trigger to 2024-10-18 20:00:00+00:00, run_after=2024-10-19 00:00:00+00:00
[2024-10-19T00:21:21.960+0000] {processor.py:208} INFO - Processing /home/airflow/.local/lib/python3.12/site-packages/airflow/example_dags/example_latest_only_with_trigger.py took 0.074 seconds
[2024-10-19T00:21:52.450+0000] {processor.py:186} INFO - Started process (PID=2172) to work on /home/airflow/.local/lib/python3.12/site-packages/airflow/example_dags/example_latest_only_with_trigger.py
[2024-10-19T00:21:52.450+0000] {processor.py:914} INFO - Processing file /home/airflow/.local/lib/python3.12/site-packages/airflow/example_dags/example_latest_only_with_trigger.py for tasks to queue
[2024-10-19T00:21:52.453+0000] {logging_mixin.py:190} INFO - [2024-10-19T00:21:52.452+0000] {dagbag.py:588} INFO - Filling up the DagBag from /home/airflow/.local/lib/python3.12/site-packages/airflow/example_dags/example_latest_only_with_trigger.py
[2024-10-19T00:21:52.459+0000] {processor.py:925} INFO - DAG(s) 'latest_only_with_trigger' retrieved from /home/airflow/.local/lib/python3.12/site-packages/airflow/example_dags/example_latest_only_with_trigger.py
[2024-10-19T00:21:52.478+0000] {logging_mixin.py:190} INFO - [2024-10-19T00:21:52.478+0000] {dag.py:3239} INFO - Sync 1 DAGs
[2024-10-19T00:21:52.499+0000] {logging_mixin.py:190} INFO - [2024-10-19T00:21:52.499+0000] {dag.py:4180} INFO - Setting next_dagrun for latest_only_with_trigger to 2024-10-18 20:00:00+00:00, run_after=2024-10-19 00:00:00+00:00
[2024-10-19T00:21:52.518+0000] {processor.py:208} INFO - Processing /home/airflow/.local/lib/python3.12/site-packages/airflow/example_dags/example_latest_only_with_trigger.py took 0.073 seconds
[2024-10-19T00:22:22.983+0000] {processor.py:186} INFO - Started process (PID=2235) to work on /home/airflow/.local/lib/python3.12/site-packages/airflow/example_dags/example_latest_only_with_trigger.py
[2024-10-19T00:22:22.984+0000] {processor.py:914} INFO - Processing file /home/airflow/.local/lib/python3.12/site-packages/airflow/example_dags/example_latest_only_with_trigger.py for tasks to queue
[2024-10-19T00:22:22.986+0000] {logging_mixin.py:190} INFO - [2024-10-19T00:22:22.986+0000] {dagbag.py:588} INFO - Filling up the DagBag from /home/airflow/.local/lib/python3.12/site-packages/airflow/example_dags/example_latest_only_with_trigger.py
[2024-10-19T00:22:22.992+0000] {processor.py:925} INFO - DAG(s) 'latest_only_with_trigger' retrieved from /home/airflow/.local/lib/python3.12/site-packages/airflow/example_dags/example_latest_only_with_trigger.py
[2024-10-19T00:22:23.010+0000] {logging_mixin.py:190} INFO - [2024-10-19T00:22:23.010+0000] {dag.py:3239} INFO - Sync 1 DAGs
[2024-10-19T00:22:23.029+0000] {logging_mixin.py:190} INFO - [2024-10-19T00:22:23.029+0000] {dag.py:4180} INFO - Setting next_dagrun for latest_only_with_trigger to 2024-10-18 20:00:00+00:00, run_after=2024-10-19 00:00:00+00:00
[2024-10-19T00:22:23.049+0000] {processor.py:208} INFO - Processing /home/airflow/.local/lib/python3.12/site-packages/airflow/example_dags/example_latest_only_with_trigger.py took 0.071 seconds
[2024-10-19T00:22:53.365+0000] {processor.py:186} INFO - Started process (PID=2297) to work on /home/airflow/.local/lib/python3.12/site-packages/airflow/example_dags/example_latest_only_with_trigger.py
[2024-10-19T00:22:53.366+0000] {processor.py:914} INFO - Processing file /home/airflow/.local/lib/python3.12/site-packages/airflow/example_dags/example_latest_only_with_trigger.py for tasks to queue
[2024-10-19T00:22:53.368+0000] {logging_mixin.py:190} INFO - [2024-10-19T00:22:53.367+0000] {dagbag.py:588} INFO - Filling up the DagBag from /home/airflow/.local/lib/python3.12/site-packages/airflow/example_dags/example_latest_only_with_trigger.py
[2024-10-19T00:22:53.374+0000] {processor.py:925} INFO - DAG(s) 'latest_only_with_trigger' retrieved from /home/airflow/.local/lib/python3.12/site-packages/airflow/example_dags/example_latest_only_with_trigger.py
[2024-10-19T00:22:53.392+0000] {logging_mixin.py:190} INFO - [2024-10-19T00:22:53.392+0000] {dag.py:3239} INFO - Sync 1 DAGs
[2024-10-19T00:22:53.412+0000] {logging_mixin.py:190} INFO - [2024-10-19T00:22:53.412+0000] {dag.py:4180} INFO - Setting next_dagrun for latest_only_with_trigger to 2024-10-18 20:00:00+00:00, run_after=2024-10-19 00:00:00+00:00
[2024-10-19T00:22:53.429+0000] {processor.py:208} INFO - Processing /home/airflow/.local/lib/python3.12/site-packages/airflow/example_dags/example_latest_only_with_trigger.py took 0.070 seconds
[2024-10-19T00:23:24.084+0000] {processor.py:186} INFO - Started process (PID=2359) to work on /home/airflow/.local/lib/python3.12/site-packages/airflow/example_dags/example_latest_only_with_trigger.py
[2024-10-19T00:23:24.086+0000] {processor.py:914} INFO - Processing file /home/airflow/.local/lib/python3.12/site-packages/airflow/example_dags/example_latest_only_with_trigger.py for tasks to queue
[2024-10-19T00:23:24.089+0000] {logging_mixin.py:190} INFO - [2024-10-19T00:23:24.088+0000] {dagbag.py:588} INFO - Filling up the DagBag from /home/airflow/.local/lib/python3.12/site-packages/airflow/example_dags/example_latest_only_with_trigger.py
[2024-10-19T00:23:24.097+0000] {processor.py:925} INFO - DAG(s) 'latest_only_with_trigger' retrieved from /home/airflow/.local/lib/python3.12/site-packages/airflow/example_dags/example_latest_only_with_trigger.py
[2024-10-19T00:23:24.117+0000] {logging_mixin.py:190} INFO - [2024-10-19T00:23:24.117+0000] {dag.py:3239} INFO - Sync 1 DAGs
[2024-10-19T00:23:24.140+0000] {logging_mixin.py:190} INFO - [2024-10-19T00:23:24.139+0000] {dag.py:4180} INFO - Setting next_dagrun for latest_only_with_trigger to 2024-10-18 20:00:00+00:00, run_after=2024-10-19 00:00:00+00:00
[2024-10-19T00:23:24.161+0000] {processor.py:208} INFO - Processing /home/airflow/.local/lib/python3.12/site-packages/airflow/example_dags/example_latest_only_with_trigger.py took 0.083 seconds
[2024-10-19T00:23:54.489+0000] {processor.py:186} INFO - Started process (PID=2421) to work on /home/airflow/.local/lib/python3.12/site-packages/airflow/example_dags/example_latest_only_with_trigger.py
[2024-10-19T00:23:54.490+0000] {processor.py:914} INFO - Processing file /home/airflow/.local/lib/python3.12/site-packages/airflow/example_dags/example_latest_only_with_trigger.py for tasks to queue
[2024-10-19T00:23:54.492+0000] {logging_mixin.py:190} INFO - [2024-10-19T00:23:54.492+0000] {dagbag.py:588} INFO - Filling up the DagBag from /home/airflow/.local/lib/python3.12/site-packages/airflow/example_dags/example_latest_only_with_trigger.py
[2024-10-19T00:23:54.498+0000] {processor.py:925} INFO - DAG(s) 'latest_only_with_trigger' retrieved from /home/airflow/.local/lib/python3.12/site-packages/airflow/example_dags/example_latest_only_with_trigger.py
[2024-10-19T00:23:54.517+0000] {logging_mixin.py:190} INFO - [2024-10-19T00:23:54.516+0000] {dag.py:3239} INFO - Sync 1 DAGs
[2024-10-19T00:23:54.533+0000] {logging_mixin.py:190} INFO - [2024-10-19T00:23:54.533+0000] {dag.py:4180} INFO - Setting next_dagrun for latest_only_with_trigger to 2024-10-18 20:00:00+00:00, run_after=2024-10-19 00:00:00+00:00
[2024-10-19T00:23:54.551+0000] {processor.py:208} INFO - Processing /home/airflow/.local/lib/python3.12/site-packages/airflow/example_dags/example_latest_only_with_trigger.py took 0.066 seconds
[2024-10-19T00:24:25.065+0000] {processor.py:186} INFO - Started process (PID=2483) to work on /home/airflow/.local/lib/python3.12/site-packages/airflow/example_dags/example_latest_only_with_trigger.py
[2024-10-19T00:24:25.067+0000] {processor.py:914} INFO - Processing file /home/airflow/.local/lib/python3.12/site-packages/airflow/example_dags/example_latest_only_with_trigger.py for tasks to queue
[2024-10-19T00:24:25.069+0000] {logging_mixin.py:190} INFO - [2024-10-19T00:24:25.069+0000] {dagbag.py:588} INFO - Filling up the DagBag from /home/airflow/.local/lib/python3.12/site-packages/airflow/example_dags/example_latest_only_with_trigger.py
[2024-10-19T00:24:25.077+0000] {processor.py:925} INFO - DAG(s) 'latest_only_with_trigger' retrieved from /home/airflow/.local/lib/python3.12/site-packages/airflow/example_dags/example_latest_only_with_trigger.py
[2024-10-19T00:24:25.097+0000] {logging_mixin.py:190} INFO - [2024-10-19T00:24:25.096+0000] {dag.py:3239} INFO - Sync 1 DAGs
[2024-10-19T00:24:25.120+0000] {logging_mixin.py:190} INFO - [2024-10-19T00:24:25.120+0000] {dag.py:4180} INFO - Setting next_dagrun for latest_only_with_trigger to 2024-10-18 20:00:00+00:00, run_after=2024-10-19 00:00:00+00:00
[2024-10-19T00:24:25.144+0000] {processor.py:208} INFO - Processing /home/airflow/.local/lib/python3.12/site-packages/airflow/example_dags/example_latest_only_with_trigger.py took 0.085 seconds
[2024-10-19T00:24:55.675+0000] {processor.py:186} INFO - Started process (PID=2544) to work on /home/airflow/.local/lib/python3.12/site-packages/airflow/example_dags/example_latest_only_with_trigger.py
[2024-10-19T00:24:55.676+0000] {processor.py:914} INFO - Processing file /home/airflow/.local/lib/python3.12/site-packages/airflow/example_dags/example_latest_only_with_trigger.py for tasks to queue
[2024-10-19T00:24:55.678+0000] {logging_mixin.py:190} INFO - [2024-10-19T00:24:55.678+0000] {dagbag.py:588} INFO - Filling up the DagBag from /home/airflow/.local/lib/python3.12/site-packages/airflow/example_dags/example_latest_only_with_trigger.py
[2024-10-19T00:24:55.685+0000] {processor.py:925} INFO - DAG(s) 'latest_only_with_trigger' retrieved from /home/airflow/.local/lib/python3.12/site-packages/airflow/example_dags/example_latest_only_with_trigger.py
[2024-10-19T00:24:55.704+0000] {logging_mixin.py:190} INFO - [2024-10-19T00:24:55.704+0000] {dag.py:3239} INFO - Sync 1 DAGs
[2024-10-19T00:24:55.724+0000] {logging_mixin.py:190} INFO - [2024-10-19T00:24:55.724+0000] {dag.py:4180} INFO - Setting next_dagrun for latest_only_with_trigger to 2024-10-18 20:00:00+00:00, run_after=2024-10-19 00:00:00+00:00
[2024-10-19T00:24:55.741+0000] {processor.py:208} INFO - Processing /home/airflow/.local/lib/python3.12/site-packages/airflow/example_dags/example_latest_only_with_trigger.py took 0.071 seconds
[2024-10-19T00:25:27.081+0000] {processor.py:186} INFO - Started process (PID=2606) to work on /home/airflow/.local/lib/python3.12/site-packages/airflow/example_dags/example_latest_only_with_trigger.py
[2024-10-19T00:25:27.082+0000] {processor.py:914} INFO - Processing file /home/airflow/.local/lib/python3.12/site-packages/airflow/example_dags/example_latest_only_with_trigger.py for tasks to queue
[2024-10-19T00:25:27.084+0000] {logging_mixin.py:190} INFO - [2024-10-19T00:25:27.084+0000] {dagbag.py:588} INFO - Filling up the DagBag from /home/airflow/.local/lib/python3.12/site-packages/airflow/example_dags/example_latest_only_with_trigger.py
[2024-10-19T00:25:27.091+0000] {processor.py:925} INFO - DAG(s) 'latest_only_with_trigger' retrieved from /home/airflow/.local/lib/python3.12/site-packages/airflow/example_dags/example_latest_only_with_trigger.py
[2024-10-19T00:25:27.108+0000] {logging_mixin.py:190} INFO - [2024-10-19T00:25:27.108+0000] {dag.py:3239} INFO - Sync 1 DAGs
[2024-10-19T00:25:27.128+0000] {logging_mixin.py:190} INFO - [2024-10-19T00:25:27.127+0000] {dag.py:4180} INFO - Setting next_dagrun for latest_only_with_trigger to 2024-10-18 20:00:00+00:00, run_after=2024-10-19 00:00:00+00:00
[2024-10-19T00:25:27.142+0000] {processor.py:208} INFO - Processing /home/airflow/.local/lib/python3.12/site-packages/airflow/example_dags/example_latest_only_with_trigger.py took 0.067 seconds
[2024-10-19T00:25:57.746+0000] {processor.py:186} INFO - Started process (PID=2668) to work on /home/airflow/.local/lib/python3.12/site-packages/airflow/example_dags/example_latest_only_with_trigger.py
[2024-10-19T00:25:57.748+0000] {processor.py:914} INFO - Processing file /home/airflow/.local/lib/python3.12/site-packages/airflow/example_dags/example_latest_only_with_trigger.py for tasks to queue
[2024-10-19T00:25:57.750+0000] {logging_mixin.py:190} INFO - [2024-10-19T00:25:57.749+0000] {dagbag.py:588} INFO - Filling up the DagBag from /home/airflow/.local/lib/python3.12/site-packages/airflow/example_dags/example_latest_only_with_trigger.py
[2024-10-19T00:25:57.755+0000] {processor.py:925} INFO - DAG(s) 'latest_only_with_trigger' retrieved from /home/airflow/.local/lib/python3.12/site-packages/airflow/example_dags/example_latest_only_with_trigger.py
[2024-10-19T00:25:57.773+0000] {logging_mixin.py:190} INFO - [2024-10-19T00:25:57.773+0000] {dag.py:3239} INFO - Sync 1 DAGs
[2024-10-19T00:25:57.793+0000] {logging_mixin.py:190} INFO - [2024-10-19T00:25:57.793+0000] {dag.py:4180} INFO - Setting next_dagrun for latest_only_with_trigger to 2024-10-18 20:00:00+00:00, run_after=2024-10-19 00:00:00+00:00
[2024-10-19T00:25:57.810+0000] {processor.py:208} INFO - Processing /home/airflow/.local/lib/python3.12/site-packages/airflow/example_dags/example_latest_only_with_trigger.py took 0.069 seconds
[2024-10-19T00:26:29.246+0000] {processor.py:186} INFO - Started process (PID=2730) to work on /home/airflow/.local/lib/python3.12/site-packages/airflow/example_dags/example_latest_only_with_trigger.py
[2024-10-19T00:26:29.247+0000] {processor.py:914} INFO - Processing file /home/airflow/.local/lib/python3.12/site-packages/airflow/example_dags/example_latest_only_with_trigger.py for tasks to queue
[2024-10-19T00:26:29.250+0000] {logging_mixin.py:190} INFO - [2024-10-19T00:26:29.249+0000] {dagbag.py:588} INFO - Filling up the DagBag from /home/airflow/.local/lib/python3.12/site-packages/airflow/example_dags/example_latest_only_with_trigger.py
[2024-10-19T00:26:29.257+0000] {processor.py:925} INFO - DAG(s) 'latest_only_with_trigger' retrieved from /home/airflow/.local/lib/python3.12/site-packages/airflow/example_dags/example_latest_only_with_trigger.py
[2024-10-19T00:26:29.277+0000] {logging_mixin.py:190} INFO - [2024-10-19T00:26:29.277+0000] {dag.py:3239} INFO - Sync 1 DAGs
[2024-10-19T00:26:29.299+0000] {logging_mixin.py:190} INFO - [2024-10-19T00:26:29.298+0000] {dag.py:4180} INFO - Setting next_dagrun for latest_only_with_trigger to 2024-10-18 20:00:00+00:00, run_after=2024-10-19 00:00:00+00:00
[2024-10-19T00:26:29.318+0000] {processor.py:208} INFO - Processing /home/airflow/.local/lib/python3.12/site-packages/airflow/example_dags/example_latest_only_with_trigger.py took 0.078 seconds
[2024-10-19T00:26:59.851+0000] {processor.py:186} INFO - Started process (PID=2791) to work on /home/airflow/.local/lib/python3.12/site-packages/airflow/example_dags/example_latest_only_with_trigger.py
[2024-10-19T00:26:59.852+0000] {processor.py:914} INFO - Processing file /home/airflow/.local/lib/python3.12/site-packages/airflow/example_dags/example_latest_only_with_trigger.py for tasks to queue
[2024-10-19T00:26:59.854+0000] {logging_mixin.py:190} INFO - [2024-10-19T00:26:59.854+0000] {dagbag.py:588} INFO - Filling up the DagBag from /home/airflow/.local/lib/python3.12/site-packages/airflow/example_dags/example_latest_only_with_trigger.py
[2024-10-19T00:26:59.861+0000] {processor.py:925} INFO - DAG(s) 'latest_only_with_trigger' retrieved from /home/airflow/.local/lib/python3.12/site-packages/airflow/example_dags/example_latest_only_with_trigger.py
[2024-10-19T00:26:59.879+0000] {logging_mixin.py:190} INFO - [2024-10-19T00:26:59.878+0000] {dag.py:3239} INFO - Sync 1 DAGs
[2024-10-19T00:26:59.897+0000] {logging_mixin.py:190} INFO - [2024-10-19T00:26:59.897+0000] {dag.py:4180} INFO - Setting next_dagrun for latest_only_with_trigger to 2024-10-18 20:00:00+00:00, run_after=2024-10-19 00:00:00+00:00
[2024-10-19T00:26:59.916+0000] {processor.py:208} INFO - Processing /home/airflow/.local/lib/python3.12/site-packages/airflow/example_dags/example_latest_only_with_trigger.py took 0.069 seconds
[2024-10-19T00:27:30.859+0000] {processor.py:186} INFO - Started process (PID=2852) to work on /home/airflow/.local/lib/python3.12/site-packages/airflow/example_dags/example_latest_only_with_trigger.py
[2024-10-19T00:27:30.860+0000] {processor.py:914} INFO - Processing file /home/airflow/.local/lib/python3.12/site-packages/airflow/example_dags/example_latest_only_with_trigger.py for tasks to queue
[2024-10-19T00:27:30.862+0000] {logging_mixin.py:190} INFO - [2024-10-19T00:27:30.862+0000] {dagbag.py:588} INFO - Filling up the DagBag from /home/airflow/.local/lib/python3.12/site-packages/airflow/example_dags/example_latest_only_with_trigger.py
[2024-10-19T00:27:30.868+0000] {processor.py:925} INFO - DAG(s) 'latest_only_with_trigger' retrieved from /home/airflow/.local/lib/python3.12/site-packages/airflow/example_dags/example_latest_only_with_trigger.py
[2024-10-19T00:27:30.885+0000] {logging_mixin.py:190} INFO - [2024-10-19T00:27:30.884+0000] {dag.py:3239} INFO - Sync 1 DAGs
[2024-10-19T00:27:30.904+0000] {logging_mixin.py:190} INFO - [2024-10-19T00:27:30.903+0000] {dag.py:4180} INFO - Setting next_dagrun for latest_only_with_trigger to 2024-10-18 20:00:00+00:00, run_after=2024-10-19 00:00:00+00:00
[2024-10-19T00:27:30.923+0000] {processor.py:208} INFO - Processing /home/airflow/.local/lib/python3.12/site-packages/airflow/example_dags/example_latest_only_with_trigger.py took 0.068 seconds
[2024-10-19T00:28:01.730+0000] {processor.py:186} INFO - Started process (PID=2914) to work on /home/airflow/.local/lib/python3.12/site-packages/airflow/example_dags/example_latest_only_with_trigger.py
[2024-10-19T00:28:01.732+0000] {processor.py:914} INFO - Processing file /home/airflow/.local/lib/python3.12/site-packages/airflow/example_dags/example_latest_only_with_trigger.py for tasks to queue
[2024-10-19T00:28:01.734+0000] {logging_mixin.py:190} INFO - [2024-10-19T00:28:01.734+0000] {dagbag.py:588} INFO - Filling up the DagBag from /home/airflow/.local/lib/python3.12/site-packages/airflow/example_dags/example_latest_only_with_trigger.py
[2024-10-19T00:28:01.741+0000] {processor.py:925} INFO - DAG(s) 'latest_only_with_trigger' retrieved from /home/airflow/.local/lib/python3.12/site-packages/airflow/example_dags/example_latest_only_with_trigger.py
[2024-10-19T00:28:01.757+0000] {logging_mixin.py:190} INFO - [2024-10-19T00:28:01.757+0000] {dag.py:3239} INFO - Sync 1 DAGs
[2024-10-19T00:28:01.776+0000] {logging_mixin.py:190} INFO - [2024-10-19T00:28:01.776+0000] {dag.py:4180} INFO - Setting next_dagrun for latest_only_with_trigger to 2024-10-18 20:00:00+00:00, run_after=2024-10-19 00:00:00+00:00
[2024-10-19T00:28:01.796+0000] {processor.py:208} INFO - Processing /home/airflow/.local/lib/python3.12/site-packages/airflow/example_dags/example_latest_only_with_trigger.py took 0.071 seconds
[2024-10-19T00:28:32.474+0000] {processor.py:186} INFO - Started process (PID=2976) to work on /home/airflow/.local/lib/python3.12/site-packages/airflow/example_dags/example_latest_only_with_trigger.py
[2024-10-19T00:28:32.475+0000] {processor.py:914} INFO - Processing file /home/airflow/.local/lib/python3.12/site-packages/airflow/example_dags/example_latest_only_with_trigger.py for tasks to queue
[2024-10-19T00:28:32.478+0000] {logging_mixin.py:190} INFO - [2024-10-19T00:28:32.478+0000] {dagbag.py:588} INFO - Filling up the DagBag from /home/airflow/.local/lib/python3.12/site-packages/airflow/example_dags/example_latest_only_with_trigger.py
[2024-10-19T00:28:32.487+0000] {processor.py:925} INFO - DAG(s) 'latest_only_with_trigger' retrieved from /home/airflow/.local/lib/python3.12/site-packages/airflow/example_dags/example_latest_only_with_trigger.py
[2024-10-19T00:28:32.506+0000] {logging_mixin.py:190} INFO - [2024-10-19T00:28:32.506+0000] {dag.py:3239} INFO - Sync 1 DAGs
[2024-10-19T00:28:32.530+0000] {logging_mixin.py:190} INFO - [2024-10-19T00:28:32.530+0000] {dag.py:4180} INFO - Setting next_dagrun for latest_only_with_trigger to 2024-10-18 20:00:00+00:00, run_after=2024-10-19 00:00:00+00:00
[2024-10-19T00:28:32.553+0000] {processor.py:208} INFO - Processing /home/airflow/.local/lib/python3.12/site-packages/airflow/example_dags/example_latest_only_with_trigger.py took 0.085 seconds
[2024-10-19T00:29:03.153+0000] {processor.py:186} INFO - Started process (PID=3038) to work on /home/airflow/.local/lib/python3.12/site-packages/airflow/example_dags/example_latest_only_with_trigger.py
[2024-10-19T00:29:03.154+0000] {processor.py:914} INFO - Processing file /home/airflow/.local/lib/python3.12/site-packages/airflow/example_dags/example_latest_only_with_trigger.py for tasks to queue
[2024-10-19T00:29:03.158+0000] {logging_mixin.py:190} INFO - [2024-10-19T00:29:03.157+0000] {dagbag.py:588} INFO - Filling up the DagBag from /home/airflow/.local/lib/python3.12/site-packages/airflow/example_dags/example_latest_only_with_trigger.py
[2024-10-19T00:29:03.167+0000] {processor.py:925} INFO - DAG(s) 'latest_only_with_trigger' retrieved from /home/airflow/.local/lib/python3.12/site-packages/airflow/example_dags/example_latest_only_with_trigger.py
[2024-10-19T00:29:03.193+0000] {logging_mixin.py:190} INFO - [2024-10-19T00:29:03.193+0000] {dag.py:3239} INFO - Sync 1 DAGs
[2024-10-19T00:29:03.222+0000] {logging_mixin.py:190} INFO - [2024-10-19T00:29:03.222+0000] {dag.py:4180} INFO - Setting next_dagrun for latest_only_with_trigger to 2024-10-18 20:00:00+00:00, run_after=2024-10-19 00:00:00+00:00
[2024-10-19T00:29:03.250+0000] {processor.py:208} INFO - Processing /home/airflow/.local/lib/python3.12/site-packages/airflow/example_dags/example_latest_only_with_trigger.py took 0.105 seconds
[2024-10-19T00:29:33.676+0000] {processor.py:186} INFO - Started process (PID=3101) to work on /home/airflow/.local/lib/python3.12/site-packages/airflow/example_dags/example_latest_only_with_trigger.py
[2024-10-19T00:29:33.677+0000] {processor.py:914} INFO - Processing file /home/airflow/.local/lib/python3.12/site-packages/airflow/example_dags/example_latest_only_with_trigger.py for tasks to queue
[2024-10-19T00:29:33.679+0000] {logging_mixin.py:190} INFO - [2024-10-19T00:29:33.679+0000] {dagbag.py:588} INFO - Filling up the DagBag from /home/airflow/.local/lib/python3.12/site-packages/airflow/example_dags/example_latest_only_with_trigger.py
[2024-10-19T00:29:33.685+0000] {processor.py:925} INFO - DAG(s) 'latest_only_with_trigger' retrieved from /home/airflow/.local/lib/python3.12/site-packages/airflow/example_dags/example_latest_only_with_trigger.py
[2024-10-19T00:29:33.704+0000] {logging_mixin.py:190} INFO - [2024-10-19T00:29:33.704+0000] {dag.py:3239} INFO - Sync 1 DAGs
[2024-10-19T00:29:33.723+0000] {logging_mixin.py:190} INFO - [2024-10-19T00:29:33.723+0000] {dag.py:4180} INFO - Setting next_dagrun for latest_only_with_trigger to 2024-10-18 20:00:00+00:00, run_after=2024-10-19 00:00:00+00:00
[2024-10-19T00:29:33.738+0000] {processor.py:208} INFO - Processing /home/airflow/.local/lib/python3.12/site-packages/airflow/example_dags/example_latest_only_with_trigger.py took 0.067 seconds
[2024-10-19T00:30:04.081+0000] {processor.py:186} INFO - Started process (PID=3163) to work on /home/airflow/.local/lib/python3.12/site-packages/airflow/example_dags/example_latest_only_with_trigger.py
[2024-10-19T00:30:04.082+0000] {processor.py:914} INFO - Processing file /home/airflow/.local/lib/python3.12/site-packages/airflow/example_dags/example_latest_only_with_trigger.py for tasks to queue
[2024-10-19T00:30:04.084+0000] {logging_mixin.py:190} INFO - [2024-10-19T00:30:04.084+0000] {dagbag.py:588} INFO - Filling up the DagBag from /home/airflow/.local/lib/python3.12/site-packages/airflow/example_dags/example_latest_only_with_trigger.py
[2024-10-19T00:30:04.091+0000] {processor.py:925} INFO - DAG(s) 'latest_only_with_trigger' retrieved from /home/airflow/.local/lib/python3.12/site-packages/airflow/example_dags/example_latest_only_with_trigger.py
[2024-10-19T00:30:04.109+0000] {logging_mixin.py:190} INFO - [2024-10-19T00:30:04.109+0000] {dag.py:3239} INFO - Sync 1 DAGs
[2024-10-19T00:30:04.129+0000] {logging_mixin.py:190} INFO - [2024-10-19T00:30:04.129+0000] {dag.py:4180} INFO - Setting next_dagrun for latest_only_with_trigger to 2024-10-18 20:00:00+00:00, run_after=2024-10-19 00:00:00+00:00
[2024-10-19T00:30:04.144+0000] {processor.py:208} INFO - Processing /home/airflow/.local/lib/python3.12/site-packages/airflow/example_dags/example_latest_only_with_trigger.py took 0.068 seconds
[2024-10-19T00:30:34.471+0000] {processor.py:186} INFO - Started process (PID=3225) to work on /home/airflow/.local/lib/python3.12/site-packages/airflow/example_dags/example_latest_only_with_trigger.py
[2024-10-19T00:30:34.472+0000] {processor.py:914} INFO - Processing file /home/airflow/.local/lib/python3.12/site-packages/airflow/example_dags/example_latest_only_with_trigger.py for tasks to queue
[2024-10-19T00:30:34.475+0000] {logging_mixin.py:190} INFO - [2024-10-19T00:30:34.474+0000] {dagbag.py:588} INFO - Filling up the DagBag from /home/airflow/.local/lib/python3.12/site-packages/airflow/example_dags/example_latest_only_with_trigger.py
[2024-10-19T00:30:34.481+0000] {processor.py:925} INFO - DAG(s) 'latest_only_with_trigger' retrieved from /home/airflow/.local/lib/python3.12/site-packages/airflow/example_dags/example_latest_only_with_trigger.py
[2024-10-19T00:30:34.498+0000] {logging_mixin.py:190} INFO - [2024-10-19T00:30:34.498+0000] {dag.py:3239} INFO - Sync 1 DAGs
[2024-10-19T00:30:34.517+0000] {logging_mixin.py:190} INFO - [2024-10-19T00:30:34.516+0000] {dag.py:4180} INFO - Setting next_dagrun for latest_only_with_trigger to 2024-10-18 20:00:00+00:00, run_after=2024-10-19 00:00:00+00:00
[2024-10-19T00:30:34.533+0000] {processor.py:208} INFO - Processing /home/airflow/.local/lib/python3.12/site-packages/airflow/example_dags/example_latest_only_with_trigger.py took 0.066 seconds
[2024-10-19T00:31:04.872+0000] {processor.py:186} INFO - Started process (PID=3287) to work on /home/airflow/.local/lib/python3.12/site-packages/airflow/example_dags/example_latest_only_with_trigger.py
[2024-10-19T00:31:04.874+0000] {processor.py:914} INFO - Processing file /home/airflow/.local/lib/python3.12/site-packages/airflow/example_dags/example_latest_only_with_trigger.py for tasks to queue
[2024-10-19T00:31:04.876+0000] {logging_mixin.py:190} INFO - [2024-10-19T00:31:04.876+0000] {dagbag.py:588} INFO - Filling up the DagBag from /home/airflow/.local/lib/python3.12/site-packages/airflow/example_dags/example_latest_only_with_trigger.py
[2024-10-19T00:31:04.882+0000] {processor.py:925} INFO - DAG(s) 'latest_only_with_trigger' retrieved from /home/airflow/.local/lib/python3.12/site-packages/airflow/example_dags/example_latest_only_with_trigger.py
[2024-10-19T00:31:04.898+0000] {logging_mixin.py:190} INFO - [2024-10-19T00:31:04.898+0000] {dag.py:3239} INFO - Sync 1 DAGs
[2024-10-19T00:31:04.918+0000] {logging_mixin.py:190} INFO - [2024-10-19T00:31:04.918+0000] {dag.py:4180} INFO - Setting next_dagrun for latest_only_with_trigger to 2024-10-18 20:00:00+00:00, run_after=2024-10-19 00:00:00+00:00
[2024-10-19T00:31:04.934+0000] {processor.py:208} INFO - Processing /home/airflow/.local/lib/python3.12/site-packages/airflow/example_dags/example_latest_only_with_trigger.py took 0.066 seconds
[2024-10-19T00:31:35.298+0000] {processor.py:186} INFO - Started process (PID=3349) to work on /home/airflow/.local/lib/python3.12/site-packages/airflow/example_dags/example_latest_only_with_trigger.py
[2024-10-19T00:31:35.299+0000] {processor.py:914} INFO - Processing file /home/airflow/.local/lib/python3.12/site-packages/airflow/example_dags/example_latest_only_with_trigger.py for tasks to queue
[2024-10-19T00:31:35.301+0000] {logging_mixin.py:190} INFO - [2024-10-19T00:31:35.300+0000] {dagbag.py:588} INFO - Filling up the DagBag from /home/airflow/.local/lib/python3.12/site-packages/airflow/example_dags/example_latest_only_with_trigger.py
[2024-10-19T00:31:35.307+0000] {processor.py:925} INFO - DAG(s) 'latest_only_with_trigger' retrieved from /home/airflow/.local/lib/python3.12/site-packages/airflow/example_dags/example_latest_only_with_trigger.py
[2024-10-19T00:31:35.325+0000] {logging_mixin.py:190} INFO - [2024-10-19T00:31:35.325+0000] {dag.py:3239} INFO - Sync 1 DAGs
[2024-10-19T00:31:35.344+0000] {logging_mixin.py:190} INFO - [2024-10-19T00:31:35.344+0000] {dag.py:4180} INFO - Setting next_dagrun for latest_only_with_trigger to 2024-10-18 20:00:00+00:00, run_after=2024-10-19 00:00:00+00:00
[2024-10-19T00:31:35.361+0000] {processor.py:208} INFO - Processing /home/airflow/.local/lib/python3.12/site-packages/airflow/example_dags/example_latest_only_with_trigger.py took 0.069 seconds
[2024-10-19T00:32:05.761+0000] {processor.py:186} INFO - Started process (PID=3411) to work on /home/airflow/.local/lib/python3.12/site-packages/airflow/example_dags/example_latest_only_with_trigger.py
[2024-10-19T00:32:05.762+0000] {processor.py:914} INFO - Processing file /home/airflow/.local/lib/python3.12/site-packages/airflow/example_dags/example_latest_only_with_trigger.py for tasks to queue
[2024-10-19T00:32:05.764+0000] {logging_mixin.py:190} INFO - [2024-10-19T00:32:05.764+0000] {dagbag.py:588} INFO - Filling up the DagBag from /home/airflow/.local/lib/python3.12/site-packages/airflow/example_dags/example_latest_only_with_trigger.py
[2024-10-19T00:32:05.771+0000] {processor.py:925} INFO - DAG(s) 'latest_only_with_trigger' retrieved from /home/airflow/.local/lib/python3.12/site-packages/airflow/example_dags/example_latest_only_with_trigger.py
[2024-10-19T00:32:05.787+0000] {logging_mixin.py:190} INFO - [2024-10-19T00:32:05.787+0000] {dag.py:3239} INFO - Sync 1 DAGs
[2024-10-19T00:32:05.807+0000] {logging_mixin.py:190} INFO - [2024-10-19T00:32:05.807+0000] {dag.py:4180} INFO - Setting next_dagrun for latest_only_with_trigger to 2024-10-18 20:00:00+00:00, run_after=2024-10-19 00:00:00+00:00
[2024-10-19T00:32:05.824+0000] {processor.py:208} INFO - Processing /home/airflow/.local/lib/python3.12/site-packages/airflow/example_dags/example_latest_only_with_trigger.py took 0.068 seconds
[2024-10-19T00:32:36.202+0000] {processor.py:186} INFO - Started process (PID=3473) to work on /home/airflow/.local/lib/python3.12/site-packages/airflow/example_dags/example_latest_only_with_trigger.py
[2024-10-19T00:32:36.203+0000] {processor.py:914} INFO - Processing file /home/airflow/.local/lib/python3.12/site-packages/airflow/example_dags/example_latest_only_with_trigger.py for tasks to queue
[2024-10-19T00:32:36.205+0000] {logging_mixin.py:190} INFO - [2024-10-19T00:32:36.205+0000] {dagbag.py:588} INFO - Filling up the DagBag from /home/airflow/.local/lib/python3.12/site-packages/airflow/example_dags/example_latest_only_with_trigger.py
[2024-10-19T00:32:36.211+0000] {processor.py:925} INFO - DAG(s) 'latest_only_with_trigger' retrieved from /home/airflow/.local/lib/python3.12/site-packages/airflow/example_dags/example_latest_only_with_trigger.py
[2024-10-19T00:32:36.229+0000] {logging_mixin.py:190} INFO - [2024-10-19T00:32:36.229+0000] {dag.py:3239} INFO - Sync 1 DAGs
[2024-10-19T00:32:36.249+0000] {logging_mixin.py:190} INFO - [2024-10-19T00:32:36.249+0000] {dag.py:4180} INFO - Setting next_dagrun for latest_only_with_trigger to 2024-10-18 20:00:00+00:00, run_after=2024-10-19 00:00:00+00:00
[2024-10-19T00:32:36.265+0000] {processor.py:208} INFO - Processing /home/airflow/.local/lib/python3.12/site-packages/airflow/example_dags/example_latest_only_with_trigger.py took 0.068 seconds
[2024-10-19T00:33:06.546+0000] {processor.py:186} INFO - Started process (PID=3536) to work on /home/airflow/.local/lib/python3.12/site-packages/airflow/example_dags/example_latest_only_with_trigger.py
[2024-10-19T00:33:06.547+0000] {processor.py:914} INFO - Processing file /home/airflow/.local/lib/python3.12/site-packages/airflow/example_dags/example_latest_only_with_trigger.py for tasks to queue
[2024-10-19T00:33:06.549+0000] {logging_mixin.py:190} INFO - [2024-10-19T00:33:06.549+0000] {dagbag.py:588} INFO - Filling up the DagBag from /home/airflow/.local/lib/python3.12/site-packages/airflow/example_dags/example_latest_only_with_trigger.py
[2024-10-19T00:33:06.556+0000] {processor.py:925} INFO - DAG(s) 'latest_only_with_trigger' retrieved from /home/airflow/.local/lib/python3.12/site-packages/airflow/example_dags/example_latest_only_with_trigger.py
[2024-10-19T00:33:06.572+0000] {logging_mixin.py:190} INFO - [2024-10-19T00:33:06.572+0000] {dag.py:3239} INFO - Sync 1 DAGs
[2024-10-19T00:33:06.592+0000] {logging_mixin.py:190} INFO - [2024-10-19T00:33:06.591+0000] {dag.py:4180} INFO - Setting next_dagrun for latest_only_with_trigger to 2024-10-18 20:00:00+00:00, run_after=2024-10-19 00:00:00+00:00
[2024-10-19T00:33:06.609+0000] {processor.py:208} INFO - Processing /home/airflow/.local/lib/python3.12/site-packages/airflow/example_dags/example_latest_only_with_trigger.py took 0.068 seconds
[2024-10-19T00:33:37.042+0000] {processor.py:186} INFO - Started process (PID=3598) to work on /home/airflow/.local/lib/python3.12/site-packages/airflow/example_dags/example_latest_only_with_trigger.py
[2024-10-19T00:33:37.043+0000] {processor.py:914} INFO - Processing file /home/airflow/.local/lib/python3.12/site-packages/airflow/example_dags/example_latest_only_with_trigger.py for tasks to queue
[2024-10-19T00:33:37.045+0000] {logging_mixin.py:190} INFO - [2024-10-19T00:33:37.045+0000] {dagbag.py:588} INFO - Filling up the DagBag from /home/airflow/.local/lib/python3.12/site-packages/airflow/example_dags/example_latest_only_with_trigger.py
[2024-10-19T00:33:37.052+0000] {processor.py:925} INFO - DAG(s) 'latest_only_with_trigger' retrieved from /home/airflow/.local/lib/python3.12/site-packages/airflow/example_dags/example_latest_only_with_trigger.py
[2024-10-19T00:33:37.070+0000] {logging_mixin.py:190} INFO - [2024-10-19T00:33:37.070+0000] {dag.py:3239} INFO - Sync 1 DAGs
[2024-10-19T00:33:37.090+0000] {logging_mixin.py:190} INFO - [2024-10-19T00:33:37.089+0000] {dag.py:4180} INFO - Setting next_dagrun for latest_only_with_trigger to 2024-10-18 20:00:00+00:00, run_after=2024-10-19 00:00:00+00:00
[2024-10-19T00:33:37.106+0000] {processor.py:208} INFO - Processing /home/airflow/.local/lib/python3.12/site-packages/airflow/example_dags/example_latest_only_with_trigger.py took 0.069 seconds
[2024-10-19T00:34:07.435+0000] {processor.py:186} INFO - Started process (PID=3660) to work on /home/airflow/.local/lib/python3.12/site-packages/airflow/example_dags/example_latest_only_with_trigger.py
[2024-10-19T00:34:07.436+0000] {processor.py:914} INFO - Processing file /home/airflow/.local/lib/python3.12/site-packages/airflow/example_dags/example_latest_only_with_trigger.py for tasks to queue
[2024-10-19T00:34:07.438+0000] {logging_mixin.py:190} INFO - [2024-10-19T00:34:07.438+0000] {dagbag.py:588} INFO - Filling up the DagBag from /home/airflow/.local/lib/python3.12/site-packages/airflow/example_dags/example_latest_only_with_trigger.py
[2024-10-19T00:34:07.445+0000] {processor.py:925} INFO - DAG(s) 'latest_only_with_trigger' retrieved from /home/airflow/.local/lib/python3.12/site-packages/airflow/example_dags/example_latest_only_with_trigger.py
[2024-10-19T00:34:07.463+0000] {logging_mixin.py:190} INFO - [2024-10-19T00:34:07.462+0000] {dag.py:3239} INFO - Sync 1 DAGs
[2024-10-19T00:34:07.481+0000] {logging_mixin.py:190} INFO - [2024-10-19T00:34:07.481+0000] {dag.py:4180} INFO - Setting next_dagrun for latest_only_with_trigger to 2024-10-18 20:00:00+00:00, run_after=2024-10-19 00:00:00+00:00
[2024-10-19T00:34:07.497+0000] {processor.py:208} INFO - Processing /home/airflow/.local/lib/python3.12/site-packages/airflow/example_dags/example_latest_only_with_trigger.py took 0.067 seconds
[2024-10-19T00:34:37.806+0000] {processor.py:186} INFO - Started process (PID=3722) to work on /home/airflow/.local/lib/python3.12/site-packages/airflow/example_dags/example_latest_only_with_trigger.py
[2024-10-19T00:34:37.806+0000] {processor.py:914} INFO - Processing file /home/airflow/.local/lib/python3.12/site-packages/airflow/example_dags/example_latest_only_with_trigger.py for tasks to queue
[2024-10-19T00:34:37.809+0000] {logging_mixin.py:190} INFO - [2024-10-19T00:34:37.808+0000] {dagbag.py:588} INFO - Filling up the DagBag from /home/airflow/.local/lib/python3.12/site-packages/airflow/example_dags/example_latest_only_with_trigger.py
[2024-10-19T00:34:37.814+0000] {processor.py:925} INFO - DAG(s) 'latest_only_with_trigger' retrieved from /home/airflow/.local/lib/python3.12/site-packages/airflow/example_dags/example_latest_only_with_trigger.py
[2024-10-19T00:34:37.831+0000] {logging_mixin.py:190} INFO - [2024-10-19T00:34:37.830+0000] {dag.py:3239} INFO - Sync 1 DAGs
[2024-10-19T00:34:37.850+0000] {logging_mixin.py:190} INFO - [2024-10-19T00:34:37.850+0000] {dag.py:4180} INFO - Setting next_dagrun for latest_only_with_trigger to 2024-10-18 20:00:00+00:00, run_after=2024-10-19 00:00:00+00:00
[2024-10-19T00:34:37.867+0000] {processor.py:208} INFO - Processing /home/airflow/.local/lib/python3.12/site-packages/airflow/example_dags/example_latest_only_with_trigger.py took 0.067 seconds
[2024-10-19T00:35:08.173+0000] {processor.py:186} INFO - Started process (PID=3783) to work on /home/airflow/.local/lib/python3.12/site-packages/airflow/example_dags/example_latest_only_with_trigger.py
[2024-10-19T00:35:08.174+0000] {processor.py:914} INFO - Processing file /home/airflow/.local/lib/python3.12/site-packages/airflow/example_dags/example_latest_only_with_trigger.py for tasks to queue
[2024-10-19T00:35:08.176+0000] {logging_mixin.py:190} INFO - [2024-10-19T00:35:08.176+0000] {dagbag.py:588} INFO - Filling up the DagBag from /home/airflow/.local/lib/python3.12/site-packages/airflow/example_dags/example_latest_only_with_trigger.py
[2024-10-19T00:35:08.183+0000] {processor.py:925} INFO - DAG(s) 'latest_only_with_trigger' retrieved from /home/airflow/.local/lib/python3.12/site-packages/airflow/example_dags/example_latest_only_with_trigger.py
[2024-10-19T00:35:08.199+0000] {logging_mixin.py:190} INFO - [2024-10-19T00:35:08.199+0000] {dag.py:3239} INFO - Sync 1 DAGs
[2024-10-19T00:35:08.218+0000] {logging_mixin.py:190} INFO - [2024-10-19T00:35:08.218+0000] {dag.py:4180} INFO - Setting next_dagrun for latest_only_with_trigger to 2024-10-18 20:00:00+00:00, run_after=2024-10-19 00:00:00+00:00
[2024-10-19T00:35:08.233+0000] {processor.py:208} INFO - Processing /home/airflow/.local/lib/python3.12/site-packages/airflow/example_dags/example_latest_only_with_trigger.py took 0.065 seconds
[2024-10-19T00:35:38.674+0000] {processor.py:186} INFO - Started process (PID=3845) to work on /home/airflow/.local/lib/python3.12/site-packages/airflow/example_dags/example_latest_only_with_trigger.py
[2024-10-19T00:35:38.675+0000] {processor.py:914} INFO - Processing file /home/airflow/.local/lib/python3.12/site-packages/airflow/example_dags/example_latest_only_with_trigger.py for tasks to queue
[2024-10-19T00:35:38.678+0000] {logging_mixin.py:190} INFO - [2024-10-19T00:35:38.677+0000] {dagbag.py:588} INFO - Filling up the DagBag from /home/airflow/.local/lib/python3.12/site-packages/airflow/example_dags/example_latest_only_with_trigger.py
[2024-10-19T00:35:38.684+0000] {processor.py:925} INFO - DAG(s) 'latest_only_with_trigger' retrieved from /home/airflow/.local/lib/python3.12/site-packages/airflow/example_dags/example_latest_only_with_trigger.py
[2024-10-19T00:35:38.702+0000] {logging_mixin.py:190} INFO - [2024-10-19T00:35:38.702+0000] {dag.py:3239} INFO - Sync 1 DAGs
[2024-10-19T00:35:38.721+0000] {logging_mixin.py:190} INFO - [2024-10-19T00:35:38.720+0000] {dag.py:4180} INFO - Setting next_dagrun for latest_only_with_trigger to 2024-10-18 20:00:00+00:00, run_after=2024-10-19 00:00:00+00:00
[2024-10-19T00:35:38.738+0000] {processor.py:208} INFO - Processing /home/airflow/.local/lib/python3.12/site-packages/airflow/example_dags/example_latest_only_with_trigger.py took 0.069 seconds
[2024-10-19T00:36:09.358+0000] {processor.py:186} INFO - Started process (PID=3907) to work on /home/airflow/.local/lib/python3.12/site-packages/airflow/example_dags/example_latest_only_with_trigger.py
[2024-10-19T00:36:09.359+0000] {processor.py:914} INFO - Processing file /home/airflow/.local/lib/python3.12/site-packages/airflow/example_dags/example_latest_only_with_trigger.py for tasks to queue
[2024-10-19T00:36:09.362+0000] {logging_mixin.py:190} INFO - [2024-10-19T00:36:09.361+0000] {dagbag.py:588} INFO - Filling up the DagBag from /home/airflow/.local/lib/python3.12/site-packages/airflow/example_dags/example_latest_only_with_trigger.py
[2024-10-19T00:36:09.369+0000] {processor.py:925} INFO - DAG(s) 'latest_only_with_trigger' retrieved from /home/airflow/.local/lib/python3.12/site-packages/airflow/example_dags/example_latest_only_with_trigger.py
[2024-10-19T00:36:09.386+0000] {logging_mixin.py:190} INFO - [2024-10-19T00:36:09.386+0000] {dag.py:3239} INFO - Sync 1 DAGs
[2024-10-19T00:36:09.406+0000] {logging_mixin.py:190} INFO - [2024-10-19T00:36:09.406+0000] {dag.py:4180} INFO - Setting next_dagrun for latest_only_with_trigger to 2024-10-18 20:00:00+00:00, run_after=2024-10-19 00:00:00+00:00
[2024-10-19T00:36:09.427+0000] {processor.py:208} INFO - Processing /home/airflow/.local/lib/python3.12/site-packages/airflow/example_dags/example_latest_only_with_trigger.py took 0.074 seconds
