[2024-10-19T00:04:52.812+0000] {processor.py:186} INFO - Started process (PID=82) to work on /home/airflow/.local/lib/python3.12/site-packages/airflow/example_dags/example_sla_dag.py
[2024-10-19T00:04:52.814+0000] {processor.py:914} INFO - Processing file /home/airflow/.local/lib/python3.12/site-packages/airflow/example_dags/example_sla_dag.py for tasks to queue
[2024-10-19T00:04:52.816+0000] {logging_mixin.py:190} INFO - [2024-10-19T00:04:52.816+0000] {dagbag.py:588} INFO - Filling up the DagBag from /home/airflow/.local/lib/python3.12/site-packages/airflow/example_dags/example_sla_dag.py
[2024-10-19T00:04:52.828+0000] {processor.py:925} INFO - DAG(s) 'example_sla_dag' retrieved from /home/airflow/.local/lib/python3.12/site-packages/airflow/example_dags/example_sla_dag.py
[2024-10-19T00:04:52.931+0000] {logging_mixin.py:190} INFO - [2024-10-19T00:04:52.931+0000] {override.py:1900} INFO - Created Permission View: can delete on DAG:example_sla_dag
[2024-10-19T00:04:52.942+0000] {logging_mixin.py:190} INFO - [2024-10-19T00:04:52.942+0000] {override.py:1900} INFO - Created Permission View: can read on DAG:example_sla_dag
[2024-10-19T00:04:52.949+0000] {logging_mixin.py:190} INFO - [2024-10-19T00:04:52.949+0000] {override.py:1900} INFO - Created Permission View: can edit on DAG:example_sla_dag
[2024-10-19T00:04:52.958+0000] {logging_mixin.py:190} INFO - [2024-10-19T00:04:52.958+0000] {override.py:1900} INFO - Created Permission View: can delete on DAG Run:example_sla_dag
[2024-10-19T00:04:52.966+0000] {logging_mixin.py:190} INFO - [2024-10-19T00:04:52.966+0000] {override.py:1900} INFO - Created Permission View: can read on DAG Run:example_sla_dag
[2024-10-19T00:04:52.975+0000] {logging_mixin.py:190} INFO - [2024-10-19T00:04:52.974+0000] {override.py:1900} INFO - Created Permission View: menu access on DAG Run:example_sla_dag
[2024-10-19T00:04:52.983+0000] {logging_mixin.py:190} INFO - [2024-10-19T00:04:52.983+0000] {override.py:1900} INFO - Created Permission View: can create on DAG Run:example_sla_dag
[2024-10-19T00:04:52.984+0000] {logging_mixin.py:190} INFO - [2024-10-19T00:04:52.984+0000] {dag.py:3239} INFO - Sync 1 DAGs
[2024-10-19T00:04:52.998+0000] {logging_mixin.py:190} INFO - [2024-10-19T00:04:52.997+0000] {dag.py:3262} INFO - Creating ORM DAG for example_sla_dag
[2024-10-19T00:04:53.011+0000] {logging_mixin.py:190} INFO - [2024-10-19T00:04:53.011+0000] {dag.py:4180} INFO - Setting next_dagrun for example_sla_dag to 2024-10-19 00:02:00+00:00, run_after=2024-10-19 00:04:00+00:00
[2024-10-19T00:04:53.033+0000] {processor.py:208} INFO - Processing /home/airflow/.local/lib/python3.12/site-packages/airflow/example_dags/example_sla_dag.py took 0.228 seconds
[2024-10-19T00:05:23.103+0000] {processor.py:186} INFO - Started process (PID=144) to work on /home/airflow/.local/lib/python3.12/site-packages/airflow/example_dags/example_sla_dag.py
[2024-10-19T00:05:23.104+0000] {processor.py:914} INFO - Processing file /home/airflow/.local/lib/python3.12/site-packages/airflow/example_dags/example_sla_dag.py for tasks to queue
[2024-10-19T00:05:23.107+0000] {logging_mixin.py:190} INFO - [2024-10-19T00:05:23.106+0000] {dagbag.py:588} INFO - Filling up the DagBag from /home/airflow/.local/lib/python3.12/site-packages/airflow/example_dags/example_sla_dag.py
[2024-10-19T00:05:23.118+0000] {processor.py:925} INFO - DAG(s) 'example_sla_dag' retrieved from /home/airflow/.local/lib/python3.12/site-packages/airflow/example_dags/example_sla_dag.py
[2024-10-19T00:05:23.138+0000] {logging_mixin.py:190} INFO - [2024-10-19T00:05:23.138+0000] {dag.py:3239} INFO - Sync 1 DAGs
[2024-10-19T00:05:23.168+0000] {logging_mixin.py:190} INFO - [2024-10-19T00:05:23.168+0000] {dag.py:4180} INFO - Setting next_dagrun for example_sla_dag to 2024-10-19 00:02:00+00:00, run_after=2024-10-19 00:04:00+00:00
[2024-10-19T00:05:23.189+0000] {processor.py:208} INFO - Processing /home/airflow/.local/lib/python3.12/site-packages/airflow/example_dags/example_sla_dag.py took 0.092 seconds
[2024-10-19T00:05:53.725+0000] {processor.py:186} INFO - Started process (PID=206) to work on /home/airflow/.local/lib/python3.12/site-packages/airflow/example_dags/example_sla_dag.py
[2024-10-19T00:05:53.726+0000] {processor.py:914} INFO - Processing file /home/airflow/.local/lib/python3.12/site-packages/airflow/example_dags/example_sla_dag.py for tasks to queue
[2024-10-19T00:05:53.729+0000] {logging_mixin.py:190} INFO - [2024-10-19T00:05:53.729+0000] {dagbag.py:588} INFO - Filling up the DagBag from /home/airflow/.local/lib/python3.12/site-packages/airflow/example_dags/example_sla_dag.py
[2024-10-19T00:05:53.741+0000] {processor.py:925} INFO - DAG(s) 'example_sla_dag' retrieved from /home/airflow/.local/lib/python3.12/site-packages/airflow/example_dags/example_sla_dag.py
[2024-10-19T00:05:53.761+0000] {logging_mixin.py:190} INFO - [2024-10-19T00:05:53.761+0000] {dag.py:3239} INFO - Sync 1 DAGs
[2024-10-19T00:05:53.785+0000] {logging_mixin.py:190} INFO - [2024-10-19T00:05:53.785+0000] {dag.py:4180} INFO - Setting next_dagrun for example_sla_dag to 2024-10-19 00:02:00+00:00, run_after=2024-10-19 00:04:00+00:00
[2024-10-19T00:05:53.806+0000] {processor.py:208} INFO - Processing /home/airflow/.local/lib/python3.12/site-packages/airflow/example_dags/example_sla_dag.py took 0.089 seconds
[2024-10-19T00:06:24.693+0000] {processor.py:186} INFO - Started process (PID=267) to work on /home/airflow/.local/lib/python3.12/site-packages/airflow/example_dags/example_sla_dag.py
[2024-10-19T00:06:24.694+0000] {processor.py:914} INFO - Processing file /home/airflow/.local/lib/python3.12/site-packages/airflow/example_dags/example_sla_dag.py for tasks to queue
[2024-10-19T00:06:24.697+0000] {logging_mixin.py:190} INFO - [2024-10-19T00:06:24.697+0000] {dagbag.py:588} INFO - Filling up the DagBag from /home/airflow/.local/lib/python3.12/site-packages/airflow/example_dags/example_sla_dag.py
[2024-10-19T00:06:24.707+0000] {processor.py:925} INFO - DAG(s) 'example_sla_dag' retrieved from /home/airflow/.local/lib/python3.12/site-packages/airflow/example_dags/example_sla_dag.py
[2024-10-19T00:06:24.727+0000] {logging_mixin.py:190} INFO - [2024-10-19T00:06:24.726+0000] {dag.py:3239} INFO - Sync 1 DAGs
[2024-10-19T00:06:24.751+0000] {logging_mixin.py:190} INFO - [2024-10-19T00:06:24.751+0000] {dag.py:4180} INFO - Setting next_dagrun for example_sla_dag to 2024-10-19 00:04:00+00:00, run_after=2024-10-19 00:06:00+00:00
[2024-10-19T00:06:24.771+0000] {processor.py:208} INFO - Processing /home/airflow/.local/lib/python3.12/site-packages/airflow/example_dags/example_sla_dag.py took 0.084 seconds
[2024-10-19T00:06:55.014+0000] {processor.py:186} INFO - Started process (PID=329) to work on /home/airflow/.local/lib/python3.12/site-packages/airflow/example_dags/example_sla_dag.py
[2024-10-19T00:06:55.015+0000] {processor.py:914} INFO - Processing file /home/airflow/.local/lib/python3.12/site-packages/airflow/example_dags/example_sla_dag.py for tasks to queue
[2024-10-19T00:06:55.018+0000] {logging_mixin.py:190} INFO - [2024-10-19T00:06:55.018+0000] {dagbag.py:588} INFO - Filling up the DagBag from /home/airflow/.local/lib/python3.12/site-packages/airflow/example_dags/example_sla_dag.py
[2024-10-19T00:06:55.034+0000] {processor.py:925} INFO - DAG(s) 'example_sla_dag' retrieved from /home/airflow/.local/lib/python3.12/site-packages/airflow/example_dags/example_sla_dag.py
[2024-10-19T00:06:55.058+0000] {logging_mixin.py:190} INFO - [2024-10-19T00:06:55.058+0000] {dag.py:3239} INFO - Sync 1 DAGs
[2024-10-19T00:06:55.091+0000] {logging_mixin.py:190} INFO - [2024-10-19T00:06:55.091+0000] {dag.py:4180} INFO - Setting next_dagrun for example_sla_dag to 2024-10-19 00:04:00+00:00, run_after=2024-10-19 00:06:00+00:00
[2024-10-19T00:06:55.116+0000] {processor.py:208} INFO - Processing /home/airflow/.local/lib/python3.12/site-packages/airflow/example_dags/example_sla_dag.py took 0.111 seconds
[2024-10-19T00:07:25.687+0000] {processor.py:186} INFO - Started process (PID=391) to work on /home/airflow/.local/lib/python3.12/site-packages/airflow/example_dags/example_sla_dag.py
[2024-10-19T00:07:25.689+0000] {processor.py:914} INFO - Processing file /home/airflow/.local/lib/python3.12/site-packages/airflow/example_dags/example_sla_dag.py for tasks to queue
[2024-10-19T00:07:25.692+0000] {logging_mixin.py:190} INFO - [2024-10-19T00:07:25.691+0000] {dagbag.py:588} INFO - Filling up the DagBag from /home/airflow/.local/lib/python3.12/site-packages/airflow/example_dags/example_sla_dag.py
[2024-10-19T00:07:25.705+0000] {processor.py:925} INFO - DAG(s) 'example_sla_dag' retrieved from /home/airflow/.local/lib/python3.12/site-packages/airflow/example_dags/example_sla_dag.py
[2024-10-19T00:07:25.731+0000] {logging_mixin.py:190} INFO - [2024-10-19T00:07:25.731+0000] {dag.py:3239} INFO - Sync 1 DAGs
[2024-10-19T00:07:25.760+0000] {logging_mixin.py:190} INFO - [2024-10-19T00:07:25.759+0000] {dag.py:4180} INFO - Setting next_dagrun for example_sla_dag to 2024-10-19 00:04:00+00:00, run_after=2024-10-19 00:06:00+00:00
[2024-10-19T00:07:25.785+0000] {processor.py:208} INFO - Processing /home/airflow/.local/lib/python3.12/site-packages/airflow/example_dags/example_sla_dag.py took 0.105 seconds
[2024-10-19T00:07:56.298+0000] {processor.py:186} INFO - Started process (PID=454) to work on /home/airflow/.local/lib/python3.12/site-packages/airflow/example_dags/example_sla_dag.py
[2024-10-19T00:07:56.300+0000] {processor.py:914} INFO - Processing file /home/airflow/.local/lib/python3.12/site-packages/airflow/example_dags/example_sla_dag.py for tasks to queue
[2024-10-19T00:07:56.302+0000] {logging_mixin.py:190} INFO - [2024-10-19T00:07:56.302+0000] {dagbag.py:588} INFO - Filling up the DagBag from /home/airflow/.local/lib/python3.12/site-packages/airflow/example_dags/example_sla_dag.py
[2024-10-19T00:07:56.312+0000] {processor.py:925} INFO - DAG(s) 'example_sla_dag' retrieved from /home/airflow/.local/lib/python3.12/site-packages/airflow/example_dags/example_sla_dag.py
[2024-10-19T00:07:56.329+0000] {logging_mixin.py:190} INFO - [2024-10-19T00:07:56.329+0000] {dag.py:3239} INFO - Sync 1 DAGs
[2024-10-19T00:07:56.352+0000] {logging_mixin.py:190} INFO - [2024-10-19T00:07:56.352+0000] {dag.py:4180} INFO - Setting next_dagrun for example_sla_dag to 2024-10-19 00:04:00+00:00, run_after=2024-10-19 00:06:00+00:00
[2024-10-19T00:07:56.370+0000] {processor.py:208} INFO - Processing /home/airflow/.local/lib/python3.12/site-packages/airflow/example_dags/example_sla_dag.py took 0.077 seconds
[2024-10-19T00:08:26.803+0000] {processor.py:186} INFO - Started process (PID=517) to work on /home/airflow/.local/lib/python3.12/site-packages/airflow/example_dags/example_sla_dag.py
[2024-10-19T00:08:26.804+0000] {processor.py:914} INFO - Processing file /home/airflow/.local/lib/python3.12/site-packages/airflow/example_dags/example_sla_dag.py for tasks to queue
[2024-10-19T00:08:26.806+0000] {logging_mixin.py:190} INFO - [2024-10-19T00:08:26.806+0000] {dagbag.py:588} INFO - Filling up the DagBag from /home/airflow/.local/lib/python3.12/site-packages/airflow/example_dags/example_sla_dag.py
[2024-10-19T00:08:26.817+0000] {processor.py:925} INFO - DAG(s) 'example_sla_dag' retrieved from /home/airflow/.local/lib/python3.12/site-packages/airflow/example_dags/example_sla_dag.py
[2024-10-19T00:08:26.842+0000] {logging_mixin.py:190} INFO - [2024-10-19T00:08:26.841+0000] {dag.py:3239} INFO - Sync 1 DAGs
[2024-10-19T00:08:26.871+0000] {logging_mixin.py:190} INFO - [2024-10-19T00:08:26.871+0000] {dag.py:4180} INFO - Setting next_dagrun for example_sla_dag to 2024-10-19 00:06:00+00:00, run_after=2024-10-19 00:08:00+00:00
[2024-10-19T00:08:26.904+0000] {processor.py:208} INFO - Processing /home/airflow/.local/lib/python3.12/site-packages/airflow/example_dags/example_sla_dag.py took 0.108 seconds
[2024-10-19T00:08:57.900+0000] {processor.py:186} INFO - Started process (PID=580) to work on /home/airflow/.local/lib/python3.12/site-packages/airflow/example_dags/example_sla_dag.py
[2024-10-19T00:08:57.901+0000] {processor.py:914} INFO - Processing file /home/airflow/.local/lib/python3.12/site-packages/airflow/example_dags/example_sla_dag.py for tasks to queue
[2024-10-19T00:08:57.903+0000] {logging_mixin.py:190} INFO - [2024-10-19T00:08:57.902+0000] {dagbag.py:588} INFO - Filling up the DagBag from /home/airflow/.local/lib/python3.12/site-packages/airflow/example_dags/example_sla_dag.py
[2024-10-19T00:08:57.912+0000] {processor.py:925} INFO - DAG(s) 'example_sla_dag' retrieved from /home/airflow/.local/lib/python3.12/site-packages/airflow/example_dags/example_sla_dag.py
[2024-10-19T00:08:57.927+0000] {logging_mixin.py:190} INFO - [2024-10-19T00:08:57.926+0000] {dag.py:3239} INFO - Sync 1 DAGs
[2024-10-19T00:08:57.947+0000] {logging_mixin.py:190} INFO - [2024-10-19T00:08:57.946+0000] {dag.py:4180} INFO - Setting next_dagrun for example_sla_dag to 2024-10-19 00:06:00+00:00, run_after=2024-10-19 00:08:00+00:00
[2024-10-19T00:08:57.961+0000] {processor.py:208} INFO - Processing /home/airflow/.local/lib/python3.12/site-packages/airflow/example_dags/example_sla_dag.py took 0.067 seconds
[2024-10-19T00:09:28.129+0000] {processor.py:186} INFO - Started process (PID=643) to work on /home/airflow/.local/lib/python3.12/site-packages/airflow/example_dags/example_sla_dag.py
[2024-10-19T00:09:28.130+0000] {processor.py:914} INFO - Processing file /home/airflow/.local/lib/python3.12/site-packages/airflow/example_dags/example_sla_dag.py for tasks to queue
[2024-10-19T00:09:28.132+0000] {logging_mixin.py:190} INFO - [2024-10-19T00:09:28.132+0000] {dagbag.py:588} INFO - Filling up the DagBag from /home/airflow/.local/lib/python3.12/site-packages/airflow/example_dags/example_sla_dag.py
[2024-10-19T00:09:28.141+0000] {processor.py:925} INFO - DAG(s) 'example_sla_dag' retrieved from /home/airflow/.local/lib/python3.12/site-packages/airflow/example_dags/example_sla_dag.py
[2024-10-19T00:09:28.156+0000] {logging_mixin.py:190} INFO - [2024-10-19T00:09:28.156+0000] {dag.py:3239} INFO - Sync 1 DAGs
[2024-10-19T00:09:28.176+0000] {logging_mixin.py:190} INFO - [2024-10-19T00:09:28.176+0000] {dag.py:4180} INFO - Setting next_dagrun for example_sla_dag to 2024-10-19 00:06:00+00:00, run_after=2024-10-19 00:08:00+00:00
[2024-10-19T00:09:28.194+0000] {processor.py:208} INFO - Processing /home/airflow/.local/lib/python3.12/site-packages/airflow/example_dags/example_sla_dag.py took 0.070 seconds
[2024-10-19T00:09:58.762+0000] {processor.py:186} INFO - Started process (PID=705) to work on /home/airflow/.local/lib/python3.12/site-packages/airflow/example_dags/example_sla_dag.py
[2024-10-19T00:09:58.763+0000] {processor.py:914} INFO - Processing file /home/airflow/.local/lib/python3.12/site-packages/airflow/example_dags/example_sla_dag.py for tasks to queue
[2024-10-19T00:09:58.766+0000] {logging_mixin.py:190} INFO - [2024-10-19T00:09:58.765+0000] {dagbag.py:588} INFO - Filling up the DagBag from /home/airflow/.local/lib/python3.12/site-packages/airflow/example_dags/example_sla_dag.py
[2024-10-19T00:09:58.775+0000] {processor.py:925} INFO - DAG(s) 'example_sla_dag' retrieved from /home/airflow/.local/lib/python3.12/site-packages/airflow/example_dags/example_sla_dag.py
[2024-10-19T00:09:58.791+0000] {logging_mixin.py:190} INFO - [2024-10-19T00:09:58.791+0000] {dag.py:3239} INFO - Sync 1 DAGs
[2024-10-19T00:09:58.813+0000] {logging_mixin.py:190} INFO - [2024-10-19T00:09:58.812+0000] {dag.py:4180} INFO - Setting next_dagrun for example_sla_dag to 2024-10-19 00:06:00+00:00, run_after=2024-10-19 00:08:00+00:00
[2024-10-19T00:09:58.828+0000] {processor.py:208} INFO - Processing /home/airflow/.local/lib/python3.12/site-packages/airflow/example_dags/example_sla_dag.py took 0.072 seconds
[2024-10-19T00:10:30.058+0000] {processor.py:186} INFO - Started process (PID=767) to work on /home/airflow/.local/lib/python3.12/site-packages/airflow/example_dags/example_sla_dag.py
[2024-10-19T00:10:30.059+0000] {processor.py:914} INFO - Processing file /home/airflow/.local/lib/python3.12/site-packages/airflow/example_dags/example_sla_dag.py for tasks to queue
[2024-10-19T00:10:30.062+0000] {logging_mixin.py:190} INFO - [2024-10-19T00:10:30.062+0000] {dagbag.py:588} INFO - Filling up the DagBag from /home/airflow/.local/lib/python3.12/site-packages/airflow/example_dags/example_sla_dag.py
[2024-10-19T00:10:30.073+0000] {processor.py:925} INFO - DAG(s) 'example_sla_dag' retrieved from /home/airflow/.local/lib/python3.12/site-packages/airflow/example_dags/example_sla_dag.py
[2024-10-19T00:10:30.092+0000] {logging_mixin.py:190} INFO - [2024-10-19T00:10:30.092+0000] {dag.py:3239} INFO - Sync 1 DAGs
[2024-10-19T00:10:30.118+0000] {logging_mixin.py:190} INFO - [2024-10-19T00:10:30.118+0000] {dag.py:4180} INFO - Setting next_dagrun for example_sla_dag to 2024-10-19 00:08:00+00:00, run_after=2024-10-19 00:10:00+00:00
[2024-10-19T00:10:30.140+0000] {processor.py:208} INFO - Processing /home/airflow/.local/lib/python3.12/site-packages/airflow/example_dags/example_sla_dag.py took 0.087 seconds
[2024-10-19T00:11:01.181+0000] {processor.py:186} INFO - Started process (PID=829) to work on /home/airflow/.local/lib/python3.12/site-packages/airflow/example_dags/example_sla_dag.py
[2024-10-19T00:11:01.183+0000] {processor.py:914} INFO - Processing file /home/airflow/.local/lib/python3.12/site-packages/airflow/example_dags/example_sla_dag.py for tasks to queue
[2024-10-19T00:11:01.186+0000] {logging_mixin.py:190} INFO - [2024-10-19T00:11:01.186+0000] {dagbag.py:588} INFO - Filling up the DagBag from /home/airflow/.local/lib/python3.12/site-packages/airflow/example_dags/example_sla_dag.py
[2024-10-19T00:11:01.198+0000] {processor.py:925} INFO - DAG(s) 'example_sla_dag' retrieved from /home/airflow/.local/lib/python3.12/site-packages/airflow/example_dags/example_sla_dag.py
[2024-10-19T00:11:01.221+0000] {logging_mixin.py:190} INFO - [2024-10-19T00:11:01.221+0000] {dag.py:3239} INFO - Sync 1 DAGs
[2024-10-19T00:11:01.254+0000] {logging_mixin.py:190} INFO - [2024-10-19T00:11:01.253+0000] {dag.py:4180} INFO - Setting next_dagrun for example_sla_dag to 2024-10-19 00:08:00+00:00, run_after=2024-10-19 00:10:00+00:00
[2024-10-19T00:11:01.284+0000] {processor.py:208} INFO - Processing /home/airflow/.local/lib/python3.12/site-packages/airflow/example_dags/example_sla_dag.py took 0.109 seconds
[2024-10-19T00:11:31.391+0000] {processor.py:186} INFO - Started process (PID=891) to work on /home/airflow/.local/lib/python3.12/site-packages/airflow/example_dags/example_sla_dag.py
[2024-10-19T00:11:31.394+0000] {processor.py:914} INFO - Processing file /home/airflow/.local/lib/python3.12/site-packages/airflow/example_dags/example_sla_dag.py for tasks to queue
[2024-10-19T00:11:31.397+0000] {logging_mixin.py:190} INFO - [2024-10-19T00:11:31.397+0000] {dagbag.py:588} INFO - Filling up the DagBag from /home/airflow/.local/lib/python3.12/site-packages/airflow/example_dags/example_sla_dag.py
[2024-10-19T00:11:31.407+0000] {processor.py:925} INFO - DAG(s) 'example_sla_dag' retrieved from /home/airflow/.local/lib/python3.12/site-packages/airflow/example_dags/example_sla_dag.py
[2024-10-19T00:11:31.428+0000] {logging_mixin.py:190} INFO - [2024-10-19T00:11:31.427+0000] {dag.py:3239} INFO - Sync 1 DAGs
[2024-10-19T00:11:31.455+0000] {logging_mixin.py:190} INFO - [2024-10-19T00:11:31.455+0000] {dag.py:4180} INFO - Setting next_dagrun for example_sla_dag to 2024-10-19 00:08:00+00:00, run_after=2024-10-19 00:10:00+00:00
[2024-10-19T00:11:31.476+0000] {processor.py:208} INFO - Processing /home/airflow/.local/lib/python3.12/site-packages/airflow/example_dags/example_sla_dag.py took 0.089 seconds
[2024-10-19T00:12:02.104+0000] {processor.py:186} INFO - Started process (PID=954) to work on /home/airflow/.local/lib/python3.12/site-packages/airflow/example_dags/example_sla_dag.py
[2024-10-19T00:12:02.105+0000] {processor.py:914} INFO - Processing file /home/airflow/.local/lib/python3.12/site-packages/airflow/example_dags/example_sla_dag.py for tasks to queue
[2024-10-19T00:12:02.107+0000] {logging_mixin.py:190} INFO - [2024-10-19T00:12:02.107+0000] {dagbag.py:588} INFO - Filling up the DagBag from /home/airflow/.local/lib/python3.12/site-packages/airflow/example_dags/example_sla_dag.py
[2024-10-19T00:12:02.116+0000] {processor.py:925} INFO - DAG(s) 'example_sla_dag' retrieved from /home/airflow/.local/lib/python3.12/site-packages/airflow/example_dags/example_sla_dag.py
[2024-10-19T00:12:02.133+0000] {logging_mixin.py:190} INFO - [2024-10-19T00:12:02.133+0000] {dag.py:3239} INFO - Sync 1 DAGs
[2024-10-19T00:12:02.158+0000] {logging_mixin.py:190} INFO - [2024-10-19T00:12:02.158+0000] {dag.py:4180} INFO - Setting next_dagrun for example_sla_dag to 2024-10-19 00:10:00+00:00, run_after=2024-10-19 00:12:00+00:00
[2024-10-19T00:12:02.180+0000] {processor.py:208} INFO - Processing /home/airflow/.local/lib/python3.12/site-packages/airflow/example_dags/example_sla_dag.py took 0.080 seconds
[2024-10-19T00:12:32.898+0000] {processor.py:186} INFO - Started process (PID=1016) to work on /home/airflow/.local/lib/python3.12/site-packages/airflow/example_dags/example_sla_dag.py
[2024-10-19T00:12:32.900+0000] {processor.py:914} INFO - Processing file /home/airflow/.local/lib/python3.12/site-packages/airflow/example_dags/example_sla_dag.py for tasks to queue
[2024-10-19T00:12:32.904+0000] {logging_mixin.py:190} INFO - [2024-10-19T00:12:32.903+0000] {dagbag.py:588} INFO - Filling up the DagBag from /home/airflow/.local/lib/python3.12/site-packages/airflow/example_dags/example_sla_dag.py
[2024-10-19T00:12:32.923+0000] {processor.py:925} INFO - DAG(s) 'example_sla_dag' retrieved from /home/airflow/.local/lib/python3.12/site-packages/airflow/example_dags/example_sla_dag.py
[2024-10-19T00:12:32.952+0000] {logging_mixin.py:190} INFO - [2024-10-19T00:12:32.952+0000] {dag.py:3239} INFO - Sync 1 DAGs
[2024-10-19T00:12:32.989+0000] {logging_mixin.py:190} INFO - [2024-10-19T00:12:32.989+0000] {dag.py:4180} INFO - Setting next_dagrun for example_sla_dag to 2024-10-19 00:10:00+00:00, run_after=2024-10-19 00:12:00+00:00
[2024-10-19T00:12:33.027+0000] {processor.py:208} INFO - Processing /home/airflow/.local/lib/python3.12/site-packages/airflow/example_dags/example_sla_dag.py took 0.138 seconds
[2024-10-19T00:13:03.365+0000] {processor.py:186} INFO - Started process (PID=1077) to work on /home/airflow/.local/lib/python3.12/site-packages/airflow/example_dags/example_sla_dag.py
[2024-10-19T00:13:03.366+0000] {processor.py:914} INFO - Processing file /home/airflow/.local/lib/python3.12/site-packages/airflow/example_dags/example_sla_dag.py for tasks to queue
[2024-10-19T00:13:03.368+0000] {logging_mixin.py:190} INFO - [2024-10-19T00:13:03.368+0000] {dagbag.py:588} INFO - Filling up the DagBag from /home/airflow/.local/lib/python3.12/site-packages/airflow/example_dags/example_sla_dag.py
[2024-10-19T00:13:03.378+0000] {processor.py:925} INFO - DAG(s) 'example_sla_dag' retrieved from /home/airflow/.local/lib/python3.12/site-packages/airflow/example_dags/example_sla_dag.py
[2024-10-19T00:13:03.396+0000] {logging_mixin.py:190} INFO - [2024-10-19T00:13:03.396+0000] {dag.py:3239} INFO - Sync 1 DAGs
[2024-10-19T00:13:03.420+0000] {logging_mixin.py:190} INFO - [2024-10-19T00:13:03.420+0000] {dag.py:4180} INFO - Setting next_dagrun for example_sla_dag to 2024-10-19 00:10:00+00:00, run_after=2024-10-19 00:12:00+00:00
[2024-10-19T00:13:03.438+0000] {processor.py:208} INFO - Processing /home/airflow/.local/lib/python3.12/site-packages/airflow/example_dags/example_sla_dag.py took 0.079 seconds
[2024-10-19T00:13:33.680+0000] {processor.py:186} INFO - Started process (PID=1139) to work on /home/airflow/.local/lib/python3.12/site-packages/airflow/example_dags/example_sla_dag.py
[2024-10-19T00:13:33.681+0000] {processor.py:914} INFO - Processing file /home/airflow/.local/lib/python3.12/site-packages/airflow/example_dags/example_sla_dag.py for tasks to queue
[2024-10-19T00:13:33.683+0000] {logging_mixin.py:190} INFO - [2024-10-19T00:13:33.683+0000] {dagbag.py:588} INFO - Filling up the DagBag from /home/airflow/.local/lib/python3.12/site-packages/airflow/example_dags/example_sla_dag.py
[2024-10-19T00:13:33.693+0000] {processor.py:925} INFO - DAG(s) 'example_sla_dag' retrieved from /home/airflow/.local/lib/python3.12/site-packages/airflow/example_dags/example_sla_dag.py
[2024-10-19T00:13:33.712+0000] {logging_mixin.py:190} INFO - [2024-10-19T00:13:33.711+0000] {dag.py:3239} INFO - Sync 1 DAGs
[2024-10-19T00:13:33.733+0000] {logging_mixin.py:190} INFO - [2024-10-19T00:13:33.733+0000] {dag.py:4180} INFO - Setting next_dagrun for example_sla_dag to 2024-10-19 00:10:00+00:00, run_after=2024-10-19 00:12:00+00:00
[2024-10-19T00:13:33.751+0000] {processor.py:208} INFO - Processing /home/airflow/.local/lib/python3.12/site-packages/airflow/example_dags/example_sla_dag.py took 0.077 seconds
[2024-10-19T00:14:04.323+0000] {processor.py:186} INFO - Started process (PID=1201) to work on /home/airflow/.local/lib/python3.12/site-packages/airflow/example_dags/example_sla_dag.py
[2024-10-19T00:14:04.325+0000] {processor.py:914} INFO - Processing file /home/airflow/.local/lib/python3.12/site-packages/airflow/example_dags/example_sla_dag.py for tasks to queue
[2024-10-19T00:14:04.328+0000] {logging_mixin.py:190} INFO - [2024-10-19T00:14:04.327+0000] {dagbag.py:588} INFO - Filling up the DagBag from /home/airflow/.local/lib/python3.12/site-packages/airflow/example_dags/example_sla_dag.py
[2024-10-19T00:14:04.337+0000] {processor.py:925} INFO - DAG(s) 'example_sla_dag' retrieved from /home/airflow/.local/lib/python3.12/site-packages/airflow/example_dags/example_sla_dag.py
[2024-10-19T00:14:04.354+0000] {logging_mixin.py:190} INFO - [2024-10-19T00:14:04.354+0000] {dag.py:3239} INFO - Sync 1 DAGs
[2024-10-19T00:14:04.379+0000] {logging_mixin.py:190} INFO - [2024-10-19T00:14:04.379+0000] {dag.py:4180} INFO - Setting next_dagrun for example_sla_dag to 2024-10-19 00:12:00+00:00, run_after=2024-10-19 00:14:00+00:00
[2024-10-19T00:14:04.396+0000] {processor.py:208} INFO - Processing /home/airflow/.local/lib/python3.12/site-packages/airflow/example_dags/example_sla_dag.py took 0.079 seconds
[2024-10-19T00:14:34.962+0000] {processor.py:186} INFO - Started process (PID=1263) to work on /home/airflow/.local/lib/python3.12/site-packages/airflow/example_dags/example_sla_dag.py
[2024-10-19T00:14:34.963+0000] {processor.py:914} INFO - Processing file /home/airflow/.local/lib/python3.12/site-packages/airflow/example_dags/example_sla_dag.py for tasks to queue
[2024-10-19T00:14:34.965+0000] {logging_mixin.py:190} INFO - [2024-10-19T00:14:34.964+0000] {dagbag.py:588} INFO - Filling up the DagBag from /home/airflow/.local/lib/python3.12/site-packages/airflow/example_dags/example_sla_dag.py
[2024-10-19T00:14:34.972+0000] {processor.py:925} INFO - DAG(s) 'example_sla_dag' retrieved from /home/airflow/.local/lib/python3.12/site-packages/airflow/example_dags/example_sla_dag.py
[2024-10-19T00:14:34.988+0000] {logging_mixin.py:190} INFO - [2024-10-19T00:14:34.988+0000] {dag.py:3239} INFO - Sync 1 DAGs
[2024-10-19T00:14:35.008+0000] {logging_mixin.py:190} INFO - [2024-10-19T00:14:35.008+0000] {dag.py:4180} INFO - Setting next_dagrun for example_sla_dag to 2024-10-19 00:12:00+00:00, run_after=2024-10-19 00:14:00+00:00
[2024-10-19T00:14:35.026+0000] {processor.py:208} INFO - Processing /home/airflow/.local/lib/python3.12/site-packages/airflow/example_dags/example_sla_dag.py took 0.069 seconds
[2024-10-19T00:15:05.653+0000] {processor.py:186} INFO - Started process (PID=1325) to work on /home/airflow/.local/lib/python3.12/site-packages/airflow/example_dags/example_sla_dag.py
[2024-10-19T00:15:05.654+0000] {processor.py:914} INFO - Processing file /home/airflow/.local/lib/python3.12/site-packages/airflow/example_dags/example_sla_dag.py for tasks to queue
[2024-10-19T00:15:05.657+0000] {logging_mixin.py:190} INFO - [2024-10-19T00:15:05.656+0000] {dagbag.py:588} INFO - Filling up the DagBag from /home/airflow/.local/lib/python3.12/site-packages/airflow/example_dags/example_sla_dag.py
[2024-10-19T00:15:05.668+0000] {processor.py:925} INFO - DAG(s) 'example_sla_dag' retrieved from /home/airflow/.local/lib/python3.12/site-packages/airflow/example_dags/example_sla_dag.py
[2024-10-19T00:15:05.686+0000] {logging_mixin.py:190} INFO - [2024-10-19T00:15:05.686+0000] {dag.py:3239} INFO - Sync 1 DAGs
[2024-10-19T00:15:05.711+0000] {logging_mixin.py:190} INFO - [2024-10-19T00:15:05.711+0000] {dag.py:4180} INFO - Setting next_dagrun for example_sla_dag to 2024-10-19 00:12:00+00:00, run_after=2024-10-19 00:14:00+00:00
[2024-10-19T00:15:05.731+0000] {processor.py:208} INFO - Processing /home/airflow/.local/lib/python3.12/site-packages/airflow/example_dags/example_sla_dag.py took 0.084 seconds
[2024-10-19T00:15:36.454+0000] {processor.py:186} INFO - Started process (PID=1387) to work on /home/airflow/.local/lib/python3.12/site-packages/airflow/example_dags/example_sla_dag.py
[2024-10-19T00:15:36.455+0000] {processor.py:914} INFO - Processing file /home/airflow/.local/lib/python3.12/site-packages/airflow/example_dags/example_sla_dag.py for tasks to queue
[2024-10-19T00:15:36.458+0000] {logging_mixin.py:190} INFO - [2024-10-19T00:15:36.457+0000] {dagbag.py:588} INFO - Filling up the DagBag from /home/airflow/.local/lib/python3.12/site-packages/airflow/example_dags/example_sla_dag.py
[2024-10-19T00:15:36.467+0000] {processor.py:925} INFO - DAG(s) 'example_sla_dag' retrieved from /home/airflow/.local/lib/python3.12/site-packages/airflow/example_dags/example_sla_dag.py
[2024-10-19T00:15:36.484+0000] {logging_mixin.py:190} INFO - [2024-10-19T00:15:36.483+0000] {dag.py:3239} INFO - Sync 1 DAGs
[2024-10-19T00:15:36.507+0000] {logging_mixin.py:190} INFO - [2024-10-19T00:15:36.506+0000] {dag.py:4180} INFO - Setting next_dagrun for example_sla_dag to 2024-10-19 00:12:00+00:00, run_after=2024-10-19 00:14:00+00:00
[2024-10-19T00:15:36.524+0000] {processor.py:208} INFO - Processing /home/airflow/.local/lib/python3.12/site-packages/airflow/example_dags/example_sla_dag.py took 0.075 seconds
[2024-10-19T00:16:07.076+0000] {processor.py:186} INFO - Started process (PID=1448) to work on /home/airflow/.local/lib/python3.12/site-packages/airflow/example_dags/example_sla_dag.py
[2024-10-19T00:16:07.078+0000] {processor.py:914} INFO - Processing file /home/airflow/.local/lib/python3.12/site-packages/airflow/example_dags/example_sla_dag.py for tasks to queue
[2024-10-19T00:16:07.080+0000] {logging_mixin.py:190} INFO - [2024-10-19T00:16:07.080+0000] {dagbag.py:588} INFO - Filling up the DagBag from /home/airflow/.local/lib/python3.12/site-packages/airflow/example_dags/example_sla_dag.py
[2024-10-19T00:16:07.090+0000] {processor.py:925} INFO - DAG(s) 'example_sla_dag' retrieved from /home/airflow/.local/lib/python3.12/site-packages/airflow/example_dags/example_sla_dag.py
[2024-10-19T00:16:07.108+0000] {logging_mixin.py:190} INFO - [2024-10-19T00:16:07.108+0000] {dag.py:3239} INFO - Sync 1 DAGs
[2024-10-19T00:16:07.132+0000] {logging_mixin.py:190} INFO - [2024-10-19T00:16:07.132+0000] {dag.py:4180} INFO - Setting next_dagrun for example_sla_dag to 2024-10-19 00:14:00+00:00, run_after=2024-10-19 00:16:00+00:00
[2024-10-19T00:16:07.155+0000] {processor.py:208} INFO - Processing /home/airflow/.local/lib/python3.12/site-packages/airflow/example_dags/example_sla_dag.py took 0.084 seconds
[2024-10-19T00:16:38.049+0000] {processor.py:186} INFO - Started process (PID=1510) to work on /home/airflow/.local/lib/python3.12/site-packages/airflow/example_dags/example_sla_dag.py
[2024-10-19T00:16:38.050+0000] {processor.py:914} INFO - Processing file /home/airflow/.local/lib/python3.12/site-packages/airflow/example_dags/example_sla_dag.py for tasks to queue
[2024-10-19T00:16:38.052+0000] {logging_mixin.py:190} INFO - [2024-10-19T00:16:38.052+0000] {dagbag.py:588} INFO - Filling up the DagBag from /home/airflow/.local/lib/python3.12/site-packages/airflow/example_dags/example_sla_dag.py
[2024-10-19T00:16:38.062+0000] {processor.py:925} INFO - DAG(s) 'example_sla_dag' retrieved from /home/airflow/.local/lib/python3.12/site-packages/airflow/example_dags/example_sla_dag.py
[2024-10-19T00:16:38.081+0000] {logging_mixin.py:190} INFO - [2024-10-19T00:16:38.081+0000] {dag.py:3239} INFO - Sync 1 DAGs
[2024-10-19T00:16:38.106+0000] {logging_mixin.py:190} INFO - [2024-10-19T00:16:38.105+0000] {dag.py:4180} INFO - Setting next_dagrun for example_sla_dag to 2024-10-19 00:14:00+00:00, run_after=2024-10-19 00:16:00+00:00
[2024-10-19T00:16:38.127+0000] {processor.py:208} INFO - Processing /home/airflow/.local/lib/python3.12/site-packages/airflow/example_dags/example_sla_dag.py took 0.084 seconds
[2024-10-19T00:17:09.042+0000] {processor.py:186} INFO - Started process (PID=1572) to work on /home/airflow/.local/lib/python3.12/site-packages/airflow/example_dags/example_sla_dag.py
[2024-10-19T00:17:09.043+0000] {processor.py:914} INFO - Processing file /home/airflow/.local/lib/python3.12/site-packages/airflow/example_dags/example_sla_dag.py for tasks to queue
[2024-10-19T00:17:09.047+0000] {logging_mixin.py:190} INFO - [2024-10-19T00:17:09.047+0000] {dagbag.py:588} INFO - Filling up the DagBag from /home/airflow/.local/lib/python3.12/site-packages/airflow/example_dags/example_sla_dag.py
[2024-10-19T00:17:09.061+0000] {processor.py:925} INFO - DAG(s) 'example_sla_dag' retrieved from /home/airflow/.local/lib/python3.12/site-packages/airflow/example_dags/example_sla_dag.py
[2024-10-19T00:17:09.083+0000] {logging_mixin.py:190} INFO - [2024-10-19T00:17:09.082+0000] {dag.py:3239} INFO - Sync 1 DAGs
[2024-10-19T00:17:09.113+0000] {logging_mixin.py:190} INFO - [2024-10-19T00:17:09.113+0000] {dag.py:4180} INFO - Setting next_dagrun for example_sla_dag to 2024-10-19 00:14:00+00:00, run_after=2024-10-19 00:16:00+00:00
[2024-10-19T00:17:09.138+0000] {processor.py:208} INFO - Processing /home/airflow/.local/lib/python3.12/site-packages/airflow/example_dags/example_sla_dag.py took 0.105 seconds
[2024-10-19T00:17:40.020+0000] {processor.py:186} INFO - Started process (PID=1634) to work on /home/airflow/.local/lib/python3.12/site-packages/airflow/example_dags/example_sla_dag.py
[2024-10-19T00:17:40.021+0000] {processor.py:914} INFO - Processing file /home/airflow/.local/lib/python3.12/site-packages/airflow/example_dags/example_sla_dag.py for tasks to queue
[2024-10-19T00:17:40.024+0000] {logging_mixin.py:190} INFO - [2024-10-19T00:17:40.023+0000] {dagbag.py:588} INFO - Filling up the DagBag from /home/airflow/.local/lib/python3.12/site-packages/airflow/example_dags/example_sla_dag.py
[2024-10-19T00:17:40.032+0000] {processor.py:925} INFO - DAG(s) 'example_sla_dag' retrieved from /home/airflow/.local/lib/python3.12/site-packages/airflow/example_dags/example_sla_dag.py
[2024-10-19T00:17:40.052+0000] {logging_mixin.py:190} INFO - [2024-10-19T00:17:40.051+0000] {dag.py:3239} INFO - Sync 1 DAGs
[2024-10-19T00:17:40.077+0000] {logging_mixin.py:190} INFO - [2024-10-19T00:17:40.077+0000] {dag.py:4180} INFO - Setting next_dagrun for example_sla_dag to 2024-10-19 00:14:00+00:00, run_after=2024-10-19 00:16:00+00:00
[2024-10-19T00:17:40.097+0000] {processor.py:208} INFO - Processing /home/airflow/.local/lib/python3.12/site-packages/airflow/example_dags/example_sla_dag.py took 0.083 seconds
[2024-10-19T00:18:10.516+0000] {processor.py:186} INFO - Started process (PID=1696) to work on /home/airflow/.local/lib/python3.12/site-packages/airflow/example_dags/example_sla_dag.py
[2024-10-19T00:18:10.516+0000] {processor.py:914} INFO - Processing file /home/airflow/.local/lib/python3.12/site-packages/airflow/example_dags/example_sla_dag.py for tasks to queue
[2024-10-19T00:18:10.518+0000] {logging_mixin.py:190} INFO - [2024-10-19T00:18:10.518+0000] {dagbag.py:588} INFO - Filling up the DagBag from /home/airflow/.local/lib/python3.12/site-packages/airflow/example_dags/example_sla_dag.py
[2024-10-19T00:18:10.526+0000] {processor.py:925} INFO - DAG(s) 'example_sla_dag' retrieved from /home/airflow/.local/lib/python3.12/site-packages/airflow/example_dags/example_sla_dag.py
[2024-10-19T00:18:10.541+0000] {logging_mixin.py:190} INFO - [2024-10-19T00:18:10.540+0000] {dag.py:3239} INFO - Sync 1 DAGs
[2024-10-19T00:18:10.559+0000] {logging_mixin.py:190} INFO - [2024-10-19T00:18:10.559+0000] {dag.py:4180} INFO - Setting next_dagrun for example_sla_dag to 2024-10-19 00:16:00+00:00, run_after=2024-10-19 00:18:00+00:00
[2024-10-19T00:18:10.577+0000] {processor.py:208} INFO - Processing /home/airflow/.local/lib/python3.12/site-packages/airflow/example_dags/example_sla_dag.py took 0.066 seconds
[2024-10-19T00:18:40.751+0000] {processor.py:186} INFO - Started process (PID=1757) to work on /home/airflow/.local/lib/python3.12/site-packages/airflow/example_dags/example_sla_dag.py
[2024-10-19T00:18:40.752+0000] {processor.py:914} INFO - Processing file /home/airflow/.local/lib/python3.12/site-packages/airflow/example_dags/example_sla_dag.py for tasks to queue
[2024-10-19T00:18:40.754+0000] {logging_mixin.py:190} INFO - [2024-10-19T00:18:40.754+0000] {dagbag.py:588} INFO - Filling up the DagBag from /home/airflow/.local/lib/python3.12/site-packages/airflow/example_dags/example_sla_dag.py
[2024-10-19T00:18:40.764+0000] {processor.py:925} INFO - DAG(s) 'example_sla_dag' retrieved from /home/airflow/.local/lib/python3.12/site-packages/airflow/example_dags/example_sla_dag.py
[2024-10-19T00:18:40.781+0000] {logging_mixin.py:190} INFO - [2024-10-19T00:18:40.780+0000] {dag.py:3239} INFO - Sync 1 DAGs
[2024-10-19T00:18:40.802+0000] {logging_mixin.py:190} INFO - [2024-10-19T00:18:40.802+0000] {dag.py:4180} INFO - Setting next_dagrun for example_sla_dag to 2024-10-19 00:16:00+00:00, run_after=2024-10-19 00:18:00+00:00
[2024-10-19T00:18:40.822+0000] {processor.py:208} INFO - Processing /home/airflow/.local/lib/python3.12/site-packages/airflow/example_dags/example_sla_dag.py took 0.077 seconds
[2024-10-19T00:19:11.960+0000] {processor.py:186} INFO - Started process (PID=1819) to work on /home/airflow/.local/lib/python3.12/site-packages/airflow/example_dags/example_sla_dag.py
[2024-10-19T00:19:11.961+0000] {processor.py:914} INFO - Processing file /home/airflow/.local/lib/python3.12/site-packages/airflow/example_dags/example_sla_dag.py for tasks to queue
[2024-10-19T00:19:11.963+0000] {logging_mixin.py:190} INFO - [2024-10-19T00:19:11.963+0000] {dagbag.py:588} INFO - Filling up the DagBag from /home/airflow/.local/lib/python3.12/site-packages/airflow/example_dags/example_sla_dag.py
[2024-10-19T00:19:11.972+0000] {processor.py:925} INFO - DAG(s) 'example_sla_dag' retrieved from /home/airflow/.local/lib/python3.12/site-packages/airflow/example_dags/example_sla_dag.py
[2024-10-19T00:19:11.988+0000] {logging_mixin.py:190} INFO - [2024-10-19T00:19:11.988+0000] {dag.py:3239} INFO - Sync 1 DAGs
[2024-10-19T00:19:12.009+0000] {logging_mixin.py:190} INFO - [2024-10-19T00:19:12.008+0000] {dag.py:4180} INFO - Setting next_dagrun for example_sla_dag to 2024-10-19 00:16:00+00:00, run_after=2024-10-19 00:18:00+00:00
[2024-10-19T00:19:12.028+0000] {processor.py:208} INFO - Processing /home/airflow/.local/lib/python3.12/site-packages/airflow/example_dags/example_sla_dag.py took 0.072 seconds
[2024-10-19T00:19:42.375+0000] {processor.py:186} INFO - Started process (PID=1881) to work on /home/airflow/.local/lib/python3.12/site-packages/airflow/example_dags/example_sla_dag.py
[2024-10-19T00:19:42.376+0000] {processor.py:914} INFO - Processing file /home/airflow/.local/lib/python3.12/site-packages/airflow/example_dags/example_sla_dag.py for tasks to queue
[2024-10-19T00:19:42.378+0000] {logging_mixin.py:190} INFO - [2024-10-19T00:19:42.378+0000] {dagbag.py:588} INFO - Filling up the DagBag from /home/airflow/.local/lib/python3.12/site-packages/airflow/example_dags/example_sla_dag.py
[2024-10-19T00:19:42.387+0000] {processor.py:925} INFO - DAG(s) 'example_sla_dag' retrieved from /home/airflow/.local/lib/python3.12/site-packages/airflow/example_dags/example_sla_dag.py
[2024-10-19T00:19:42.403+0000] {logging_mixin.py:190} INFO - [2024-10-19T00:19:42.403+0000] {dag.py:3239} INFO - Sync 1 DAGs
[2024-10-19T00:19:42.424+0000] {logging_mixin.py:190} INFO - [2024-10-19T00:19:42.423+0000] {dag.py:4180} INFO - Setting next_dagrun for example_sla_dag to 2024-10-19 00:16:00+00:00, run_after=2024-10-19 00:18:00+00:00
[2024-10-19T00:19:42.440+0000] {processor.py:208} INFO - Processing /home/airflow/.local/lib/python3.12/site-packages/airflow/example_dags/example_sla_dag.py took 0.070 seconds
[2024-10-19T00:20:13.143+0000] {processor.py:186} INFO - Started process (PID=1943) to work on /home/airflow/.local/lib/python3.12/site-packages/airflow/example_dags/example_sla_dag.py
[2024-10-19T00:20:13.144+0000] {processor.py:914} INFO - Processing file /home/airflow/.local/lib/python3.12/site-packages/airflow/example_dags/example_sla_dag.py for tasks to queue
[2024-10-19T00:20:13.146+0000] {logging_mixin.py:190} INFO - [2024-10-19T00:20:13.146+0000] {dagbag.py:588} INFO - Filling up the DagBag from /home/airflow/.local/lib/python3.12/site-packages/airflow/example_dags/example_sla_dag.py
[2024-10-19T00:20:13.155+0000] {processor.py:925} INFO - DAG(s) 'example_sla_dag' retrieved from /home/airflow/.local/lib/python3.12/site-packages/airflow/example_dags/example_sla_dag.py
[2024-10-19T00:20:13.174+0000] {logging_mixin.py:190} INFO - [2024-10-19T00:20:13.174+0000] {dag.py:3239} INFO - Sync 1 DAGs
[2024-10-19T00:20:13.196+0000] {logging_mixin.py:190} INFO - [2024-10-19T00:20:13.195+0000] {dag.py:4180} INFO - Setting next_dagrun for example_sla_dag to 2024-10-19 00:18:00+00:00, run_after=2024-10-19 00:20:00+00:00
[2024-10-19T00:20:13.215+0000] {processor.py:208} INFO - Processing /home/airflow/.local/lib/python3.12/site-packages/airflow/example_dags/example_sla_dag.py took 0.078 seconds
[2024-10-19T00:20:43.794+0000] {processor.py:186} INFO - Started process (PID=2005) to work on /home/airflow/.local/lib/python3.12/site-packages/airflow/example_dags/example_sla_dag.py
[2024-10-19T00:20:43.795+0000] {processor.py:914} INFO - Processing file /home/airflow/.local/lib/python3.12/site-packages/airflow/example_dags/example_sla_dag.py for tasks to queue
[2024-10-19T00:20:43.797+0000] {logging_mixin.py:190} INFO - [2024-10-19T00:20:43.797+0000] {dagbag.py:588} INFO - Filling up the DagBag from /home/airflow/.local/lib/python3.12/site-packages/airflow/example_dags/example_sla_dag.py
[2024-10-19T00:20:43.808+0000] {processor.py:925} INFO - DAG(s) 'example_sla_dag' retrieved from /home/airflow/.local/lib/python3.12/site-packages/airflow/example_dags/example_sla_dag.py
[2024-10-19T00:20:43.831+0000] {logging_mixin.py:190} INFO - [2024-10-19T00:20:43.831+0000] {dag.py:3239} INFO - Sync 1 DAGs
[2024-10-19T00:20:43.864+0000] {logging_mixin.py:190} INFO - [2024-10-19T00:20:43.864+0000] {dag.py:4180} INFO - Setting next_dagrun for example_sla_dag to 2024-10-19 00:18:00+00:00, run_after=2024-10-19 00:20:00+00:00
[2024-10-19T00:20:43.891+0000] {processor.py:208} INFO - Processing /home/airflow/.local/lib/python3.12/site-packages/airflow/example_dags/example_sla_dag.py took 0.103 seconds
[2024-10-19T00:21:15.001+0000] {processor.py:186} INFO - Started process (PID=2067) to work on /home/airflow/.local/lib/python3.12/site-packages/airflow/example_dags/example_sla_dag.py
[2024-10-19T00:21:15.002+0000] {processor.py:914} INFO - Processing file /home/airflow/.local/lib/python3.12/site-packages/airflow/example_dags/example_sla_dag.py for tasks to queue
[2024-10-19T00:21:15.004+0000] {logging_mixin.py:190} INFO - [2024-10-19T00:21:15.003+0000] {dagbag.py:588} INFO - Filling up the DagBag from /home/airflow/.local/lib/python3.12/site-packages/airflow/example_dags/example_sla_dag.py
[2024-10-19T00:21:15.015+0000] {processor.py:925} INFO - DAG(s) 'example_sla_dag' retrieved from /home/airflow/.local/lib/python3.12/site-packages/airflow/example_dags/example_sla_dag.py
[2024-10-19T00:21:15.034+0000] {logging_mixin.py:190} INFO - [2024-10-19T00:21:15.034+0000] {dag.py:3239} INFO - Sync 1 DAGs
[2024-10-19T00:21:15.057+0000] {logging_mixin.py:190} INFO - [2024-10-19T00:21:15.057+0000] {dag.py:4180} INFO - Setting next_dagrun for example_sla_dag to 2024-10-19 00:18:00+00:00, run_after=2024-10-19 00:20:00+00:00
[2024-10-19T00:21:15.078+0000] {processor.py:208} INFO - Processing /home/airflow/.local/lib/python3.12/site-packages/airflow/example_dags/example_sla_dag.py took 0.083 seconds
[2024-10-19T00:21:46.155+0000] {processor.py:186} INFO - Started process (PID=2130) to work on /home/airflow/.local/lib/python3.12/site-packages/airflow/example_dags/example_sla_dag.py
[2024-10-19T00:21:46.156+0000] {processor.py:914} INFO - Processing file /home/airflow/.local/lib/python3.12/site-packages/airflow/example_dags/example_sla_dag.py for tasks to queue
[2024-10-19T00:21:46.158+0000] {logging_mixin.py:190} INFO - [2024-10-19T00:21:46.158+0000] {dagbag.py:588} INFO - Filling up the DagBag from /home/airflow/.local/lib/python3.12/site-packages/airflow/example_dags/example_sla_dag.py
[2024-10-19T00:21:46.168+0000] {processor.py:925} INFO - DAG(s) 'example_sla_dag' retrieved from /home/airflow/.local/lib/python3.12/site-packages/airflow/example_dags/example_sla_dag.py
[2024-10-19T00:21:46.185+0000] {logging_mixin.py:190} INFO - [2024-10-19T00:21:46.185+0000] {dag.py:3239} INFO - Sync 1 DAGs
[2024-10-19T00:21:46.207+0000] {logging_mixin.py:190} INFO - [2024-10-19T00:21:46.207+0000] {dag.py:4180} INFO - Setting next_dagrun for example_sla_dag to 2024-10-19 00:18:00+00:00, run_after=2024-10-19 00:20:00+00:00
[2024-10-19T00:21:46.225+0000] {processor.py:208} INFO - Processing /home/airflow/.local/lib/python3.12/site-packages/airflow/example_dags/example_sla_dag.py took 0.076 seconds
[2024-10-19T00:22:16.874+0000] {processor.py:186} INFO - Started process (PID=2192) to work on /home/airflow/.local/lib/python3.12/site-packages/airflow/example_dags/example_sla_dag.py
[2024-10-19T00:22:16.875+0000] {processor.py:914} INFO - Processing file /home/airflow/.local/lib/python3.12/site-packages/airflow/example_dags/example_sla_dag.py for tasks to queue
[2024-10-19T00:22:16.877+0000] {logging_mixin.py:190} INFO - [2024-10-19T00:22:16.876+0000] {dagbag.py:588} INFO - Filling up the DagBag from /home/airflow/.local/lib/python3.12/site-packages/airflow/example_dags/example_sla_dag.py
[2024-10-19T00:22:16.885+0000] {processor.py:925} INFO - DAG(s) 'example_sla_dag' retrieved from /home/airflow/.local/lib/python3.12/site-packages/airflow/example_dags/example_sla_dag.py
[2024-10-19T00:22:16.902+0000] {logging_mixin.py:190} INFO - [2024-10-19T00:22:16.902+0000] {dag.py:3239} INFO - Sync 1 DAGs
[2024-10-19T00:22:16.921+0000] {logging_mixin.py:190} INFO - [2024-10-19T00:22:16.921+0000] {dag.py:4180} INFO - Setting next_dagrun for example_sla_dag to 2024-10-19 00:20:00+00:00, run_after=2024-10-19 00:22:00+00:00
[2024-10-19T00:22:16.940+0000] {processor.py:208} INFO - Processing /home/airflow/.local/lib/python3.12/site-packages/airflow/example_dags/example_sla_dag.py took 0.071 seconds
[2024-10-19T00:22:47.412+0000] {processor.py:186} INFO - Started process (PID=2255) to work on /home/airflow/.local/lib/python3.12/site-packages/airflow/example_dags/example_sla_dag.py
[2024-10-19T00:22:47.413+0000] {processor.py:914} INFO - Processing file /home/airflow/.local/lib/python3.12/site-packages/airflow/example_dags/example_sla_dag.py for tasks to queue
[2024-10-19T00:22:47.415+0000] {logging_mixin.py:190} INFO - [2024-10-19T00:22:47.415+0000] {dagbag.py:588} INFO - Filling up the DagBag from /home/airflow/.local/lib/python3.12/site-packages/airflow/example_dags/example_sla_dag.py
[2024-10-19T00:22:47.423+0000] {processor.py:925} INFO - DAG(s) 'example_sla_dag' retrieved from /home/airflow/.local/lib/python3.12/site-packages/airflow/example_dags/example_sla_dag.py
[2024-10-19T00:22:47.439+0000] {logging_mixin.py:190} INFO - [2024-10-19T00:22:47.438+0000] {dag.py:3239} INFO - Sync 1 DAGs
[2024-10-19T00:22:47.459+0000] {logging_mixin.py:190} INFO - [2024-10-19T00:22:47.459+0000] {dag.py:4180} INFO - Setting next_dagrun for example_sla_dag to 2024-10-19 00:20:00+00:00, run_after=2024-10-19 00:22:00+00:00
[2024-10-19T00:22:47.477+0000] {processor.py:208} INFO - Processing /home/airflow/.local/lib/python3.12/site-packages/airflow/example_dags/example_sla_dag.py took 0.070 seconds
[2024-10-19T00:23:17.733+0000] {processor.py:186} INFO - Started process (PID=2317) to work on /home/airflow/.local/lib/python3.12/site-packages/airflow/example_dags/example_sla_dag.py
[2024-10-19T00:23:17.735+0000] {processor.py:914} INFO - Processing file /home/airflow/.local/lib/python3.12/site-packages/airflow/example_dags/example_sla_dag.py for tasks to queue
[2024-10-19T00:23:17.737+0000] {logging_mixin.py:190} INFO - [2024-10-19T00:23:17.736+0000] {dagbag.py:588} INFO - Filling up the DagBag from /home/airflow/.local/lib/python3.12/site-packages/airflow/example_dags/example_sla_dag.py
[2024-10-19T00:23:17.746+0000] {processor.py:925} INFO - DAG(s) 'example_sla_dag' retrieved from /home/airflow/.local/lib/python3.12/site-packages/airflow/example_dags/example_sla_dag.py
[2024-10-19T00:23:17.762+0000] {logging_mixin.py:190} INFO - [2024-10-19T00:23:17.762+0000] {dag.py:3239} INFO - Sync 1 DAGs
[2024-10-19T00:23:17.783+0000] {logging_mixin.py:190} INFO - [2024-10-19T00:23:17.782+0000] {dag.py:4180} INFO - Setting next_dagrun for example_sla_dag to 2024-10-19 00:20:00+00:00, run_after=2024-10-19 00:22:00+00:00
[2024-10-19T00:23:17.799+0000] {processor.py:208} INFO - Processing /home/airflow/.local/lib/python3.12/site-packages/airflow/example_dags/example_sla_dag.py took 0.071 seconds
[2024-10-19T00:23:48.354+0000] {processor.py:186} INFO - Started process (PID=2379) to work on /home/airflow/.local/lib/python3.12/site-packages/airflow/example_dags/example_sla_dag.py
[2024-10-19T00:23:48.355+0000] {processor.py:914} INFO - Processing file /home/airflow/.local/lib/python3.12/site-packages/airflow/example_dags/example_sla_dag.py for tasks to queue
[2024-10-19T00:23:48.358+0000] {logging_mixin.py:190} INFO - [2024-10-19T00:23:48.358+0000] {dagbag.py:588} INFO - Filling up the DagBag from /home/airflow/.local/lib/python3.12/site-packages/airflow/example_dags/example_sla_dag.py
[2024-10-19T00:23:48.367+0000] {processor.py:925} INFO - DAG(s) 'example_sla_dag' retrieved from /home/airflow/.local/lib/python3.12/site-packages/airflow/example_dags/example_sla_dag.py
[2024-10-19T00:23:48.384+0000] {logging_mixin.py:190} INFO - [2024-10-19T00:23:48.383+0000] {dag.py:3239} INFO - Sync 1 DAGs
[2024-10-19T00:23:48.404+0000] {logging_mixin.py:190} INFO - [2024-10-19T00:23:48.403+0000] {dag.py:4180} INFO - Setting next_dagrun for example_sla_dag to 2024-10-19 00:20:00+00:00, run_after=2024-10-19 00:22:00+00:00
[2024-10-19T00:23:48.422+0000] {processor.py:208} INFO - Processing /home/airflow/.local/lib/python3.12/site-packages/airflow/example_dags/example_sla_dag.py took 0.073 seconds
[2024-10-19T00:24:18.899+0000] {processor.py:186} INFO - Started process (PID=2441) to work on /home/airflow/.local/lib/python3.12/site-packages/airflow/example_dags/example_sla_dag.py
[2024-10-19T00:24:18.900+0000] {processor.py:914} INFO - Processing file /home/airflow/.local/lib/python3.12/site-packages/airflow/example_dags/example_sla_dag.py for tasks to queue
[2024-10-19T00:24:18.903+0000] {logging_mixin.py:190} INFO - [2024-10-19T00:24:18.903+0000] {dagbag.py:588} INFO - Filling up the DagBag from /home/airflow/.local/lib/python3.12/site-packages/airflow/example_dags/example_sla_dag.py
[2024-10-19T00:24:18.913+0000] {processor.py:925} INFO - DAG(s) 'example_sla_dag' retrieved from /home/airflow/.local/lib/python3.12/site-packages/airflow/example_dags/example_sla_dag.py
[2024-10-19T00:24:18.930+0000] {logging_mixin.py:190} INFO - [2024-10-19T00:24:18.930+0000] {dag.py:3239} INFO - Sync 1 DAGs
[2024-10-19T00:24:18.951+0000] {logging_mixin.py:190} INFO - [2024-10-19T00:24:18.951+0000] {dag.py:4180} INFO - Setting next_dagrun for example_sla_dag to 2024-10-19 00:22:00+00:00, run_after=2024-10-19 00:24:00+00:00
[2024-10-19T00:24:18.970+0000] {processor.py:208} INFO - Processing /home/airflow/.local/lib/python3.12/site-packages/airflow/example_dags/example_sla_dag.py took 0.077 seconds
[2024-10-19T00:24:49.435+0000] {processor.py:186} INFO - Started process (PID=2503) to work on /home/airflow/.local/lib/python3.12/site-packages/airflow/example_dags/example_sla_dag.py
[2024-10-19T00:24:49.437+0000] {processor.py:914} INFO - Processing file /home/airflow/.local/lib/python3.12/site-packages/airflow/example_dags/example_sla_dag.py for tasks to queue
[2024-10-19T00:24:49.438+0000] {logging_mixin.py:190} INFO - [2024-10-19T00:24:49.438+0000] {dagbag.py:588} INFO - Filling up the DagBag from /home/airflow/.local/lib/python3.12/site-packages/airflow/example_dags/example_sla_dag.py
[2024-10-19T00:24:49.451+0000] {processor.py:925} INFO - DAG(s) 'example_sla_dag' retrieved from /home/airflow/.local/lib/python3.12/site-packages/airflow/example_dags/example_sla_dag.py
[2024-10-19T00:24:49.498+0000] {logging_mixin.py:190} INFO - [2024-10-19T00:24:49.498+0000] {dag.py:3239} INFO - Sync 1 DAGs
[2024-10-19T00:24:49.531+0000] {logging_mixin.py:190} INFO - [2024-10-19T00:24:49.531+0000] {dag.py:4180} INFO - Setting next_dagrun for example_sla_dag to 2024-10-19 00:22:00+00:00, run_after=2024-10-19 00:24:00+00:00
[2024-10-19T00:24:49.553+0000] {processor.py:208} INFO - Processing /home/airflow/.local/lib/python3.12/site-packages/airflow/example_dags/example_sla_dag.py took 0.123 seconds
[2024-10-19T00:25:20.242+0000] {processor.py:186} INFO - Started process (PID=2564) to work on /home/airflow/.local/lib/python3.12/site-packages/airflow/example_dags/example_sla_dag.py
[2024-10-19T00:25:20.243+0000] {processor.py:914} INFO - Processing file /home/airflow/.local/lib/python3.12/site-packages/airflow/example_dags/example_sla_dag.py for tasks to queue
[2024-10-19T00:25:20.246+0000] {logging_mixin.py:190} INFO - [2024-10-19T00:25:20.246+0000] {dagbag.py:588} INFO - Filling up the DagBag from /home/airflow/.local/lib/python3.12/site-packages/airflow/example_dags/example_sla_dag.py
[2024-10-19T00:25:20.261+0000] {processor.py:925} INFO - DAG(s) 'example_sla_dag' retrieved from /home/airflow/.local/lib/python3.12/site-packages/airflow/example_dags/example_sla_dag.py
[2024-10-19T00:25:20.283+0000] {logging_mixin.py:190} INFO - [2024-10-19T00:25:20.282+0000] {dag.py:3239} INFO - Sync 1 DAGs
[2024-10-19T00:25:20.308+0000] {logging_mixin.py:190} INFO - [2024-10-19T00:25:20.308+0000] {dag.py:4180} INFO - Setting next_dagrun for example_sla_dag to 2024-10-19 00:22:00+00:00, run_after=2024-10-19 00:24:00+00:00
[2024-10-19T00:25:20.329+0000] {processor.py:208} INFO - Processing /home/airflow/.local/lib/python3.12/site-packages/airflow/example_dags/example_sla_dag.py took 0.096 seconds
[2024-10-19T00:25:50.425+0000] {processor.py:186} INFO - Started process (PID=2626) to work on /home/airflow/.local/lib/python3.12/site-packages/airflow/example_dags/example_sla_dag.py
[2024-10-19T00:25:50.426+0000] {processor.py:914} INFO - Processing file /home/airflow/.local/lib/python3.12/site-packages/airflow/example_dags/example_sla_dag.py for tasks to queue
[2024-10-19T00:25:50.428+0000] {logging_mixin.py:190} INFO - [2024-10-19T00:25:50.428+0000] {dagbag.py:588} INFO - Filling up the DagBag from /home/airflow/.local/lib/python3.12/site-packages/airflow/example_dags/example_sla_dag.py
[2024-10-19T00:25:50.436+0000] {processor.py:925} INFO - DAG(s) 'example_sla_dag' retrieved from /home/airflow/.local/lib/python3.12/site-packages/airflow/example_dags/example_sla_dag.py
[2024-10-19T00:25:50.451+0000] {logging_mixin.py:190} INFO - [2024-10-19T00:25:50.450+0000] {dag.py:3239} INFO - Sync 1 DAGs
[2024-10-19T00:25:50.469+0000] {logging_mixin.py:190} INFO - [2024-10-19T00:25:50.469+0000] {dag.py:4180} INFO - Setting next_dagrun for example_sla_dag to 2024-10-19 00:22:00+00:00, run_after=2024-10-19 00:24:00+00:00
[2024-10-19T00:25:50.486+0000] {processor.py:208} INFO - Processing /home/airflow/.local/lib/python3.12/site-packages/airflow/example_dags/example_sla_dag.py took 0.067 seconds
[2024-10-19T00:26:21.609+0000] {processor.py:186} INFO - Started process (PID=2688) to work on /home/airflow/.local/lib/python3.12/site-packages/airflow/example_dags/example_sla_dag.py
[2024-10-19T00:26:21.611+0000] {processor.py:914} INFO - Processing file /home/airflow/.local/lib/python3.12/site-packages/airflow/example_dags/example_sla_dag.py for tasks to queue
[2024-10-19T00:26:21.613+0000] {logging_mixin.py:190} INFO - [2024-10-19T00:26:21.613+0000] {dagbag.py:588} INFO - Filling up the DagBag from /home/airflow/.local/lib/python3.12/site-packages/airflow/example_dags/example_sla_dag.py
[2024-10-19T00:26:21.625+0000] {processor.py:925} INFO - DAG(s) 'example_sla_dag' retrieved from /home/airflow/.local/lib/python3.12/site-packages/airflow/example_dags/example_sla_dag.py
[2024-10-19T00:26:21.645+0000] {logging_mixin.py:190} INFO - [2024-10-19T00:26:21.645+0000] {dag.py:3239} INFO - Sync 1 DAGs
[2024-10-19T00:26:21.671+0000] {logging_mixin.py:190} INFO - [2024-10-19T00:26:21.671+0000] {dag.py:4180} INFO - Setting next_dagrun for example_sla_dag to 2024-10-19 00:24:00+00:00, run_after=2024-10-19 00:26:00+00:00
[2024-10-19T00:26:21.692+0000] {processor.py:208} INFO - Processing /home/airflow/.local/lib/python3.12/site-packages/airflow/example_dags/example_sla_dag.py took 0.090 seconds
[2024-10-19T00:26:52.258+0000] {processor.py:186} INFO - Started process (PID=2755) to work on /home/airflow/.local/lib/python3.12/site-packages/airflow/example_dags/example_sla_dag.py
[2024-10-19T00:26:52.260+0000] {processor.py:914} INFO - Processing file /home/airflow/.local/lib/python3.12/site-packages/airflow/example_dags/example_sla_dag.py for tasks to queue
[2024-10-19T00:26:52.265+0000] {logging_mixin.py:190} INFO - [2024-10-19T00:26:52.265+0000] {dagbag.py:588} INFO - Filling up the DagBag from /home/airflow/.local/lib/python3.12/site-packages/airflow/example_dags/example_sla_dag.py
[2024-10-19T00:26:52.283+0000] {processor.py:925} INFO - DAG(s) 'example_sla_dag' retrieved from /home/airflow/.local/lib/python3.12/site-packages/airflow/example_dags/example_sla_dag.py
[2024-10-19T00:26:52.323+0000] {logging_mixin.py:190} INFO - [2024-10-19T00:26:52.323+0000] {dag.py:3239} INFO - Sync 1 DAGs
[2024-10-19T00:26:52.362+0000] {logging_mixin.py:190} INFO - [2024-10-19T00:26:52.362+0000] {dag.py:4180} INFO - Setting next_dagrun for example_sla_dag to 2024-10-19 00:24:00+00:00, run_after=2024-10-19 00:26:00+00:00
[2024-10-19T00:26:52.388+0000] {processor.py:208} INFO - Processing /home/airflow/.local/lib/python3.12/site-packages/airflow/example_dags/example_sla_dag.py took 0.150 seconds
[2024-10-19T00:27:22.882+0000] {processor.py:186} INFO - Started process (PID=2816) to work on /home/airflow/.local/lib/python3.12/site-packages/airflow/example_dags/example_sla_dag.py
[2024-10-19T00:27:22.883+0000] {processor.py:914} INFO - Processing file /home/airflow/.local/lib/python3.12/site-packages/airflow/example_dags/example_sla_dag.py for tasks to queue
[2024-10-19T00:27:22.886+0000] {logging_mixin.py:190} INFO - [2024-10-19T00:27:22.885+0000] {dagbag.py:588} INFO - Filling up the DagBag from /home/airflow/.local/lib/python3.12/site-packages/airflow/example_dags/example_sla_dag.py
[2024-10-19T00:27:22.895+0000] {processor.py:925} INFO - DAG(s) 'example_sla_dag' retrieved from /home/airflow/.local/lib/python3.12/site-packages/airflow/example_dags/example_sla_dag.py
[2024-10-19T00:27:23.080+0000] {logging_mixin.py:190} INFO - [2024-10-19T00:27:23.079+0000] {dag.py:3239} INFO - Sync 1 DAGs
[2024-10-19T00:27:23.098+0000] {logging_mixin.py:190} INFO - [2024-10-19T00:27:23.098+0000] {dag.py:4180} INFO - Setting next_dagrun for example_sla_dag to 2024-10-19 00:24:00+00:00, run_after=2024-10-19 00:26:00+00:00
[2024-10-19T00:27:23.115+0000] {processor.py:208} INFO - Processing /home/airflow/.local/lib/python3.12/site-packages/airflow/example_dags/example_sla_dag.py took 0.238 seconds
[2024-10-19T00:27:53.833+0000] {processor.py:186} INFO - Started process (PID=2878) to work on /home/airflow/.local/lib/python3.12/site-packages/airflow/example_dags/example_sla_dag.py
[2024-10-19T00:27:53.834+0000] {processor.py:914} INFO - Processing file /home/airflow/.local/lib/python3.12/site-packages/airflow/example_dags/example_sla_dag.py for tasks to queue
[2024-10-19T00:27:53.836+0000] {logging_mixin.py:190} INFO - [2024-10-19T00:27:53.836+0000] {dagbag.py:588} INFO - Filling up the DagBag from /home/airflow/.local/lib/python3.12/site-packages/airflow/example_dags/example_sla_dag.py
[2024-10-19T00:27:53.845+0000] {processor.py:925} INFO - DAG(s) 'example_sla_dag' retrieved from /home/airflow/.local/lib/python3.12/site-packages/airflow/example_dags/example_sla_dag.py
[2024-10-19T00:27:53.860+0000] {logging_mixin.py:190} INFO - [2024-10-19T00:27:53.860+0000] {dag.py:3239} INFO - Sync 1 DAGs
[2024-10-19T00:27:54.016+0000] {logging_mixin.py:190} INFO - [2024-10-19T00:27:54.016+0000] {dag.py:4180} INFO - Setting next_dagrun for example_sla_dag to 2024-10-19 00:24:00+00:00, run_after=2024-10-19 00:26:00+00:00
[2024-10-19T00:27:54.034+0000] {processor.py:208} INFO - Processing /home/airflow/.local/lib/python3.12/site-packages/airflow/example_dags/example_sla_dag.py took 0.206 seconds
[2024-10-19T00:28:24.077+0000] {processor.py:186} INFO - Started process (PID=2940) to work on /home/airflow/.local/lib/python3.12/site-packages/airflow/example_dags/example_sla_dag.py
[2024-10-19T00:28:24.078+0000] {processor.py:914} INFO - Processing file /home/airflow/.local/lib/python3.12/site-packages/airflow/example_dags/example_sla_dag.py for tasks to queue
[2024-10-19T00:28:24.080+0000] {logging_mixin.py:190} INFO - [2024-10-19T00:28:24.079+0000] {dagbag.py:588} INFO - Filling up the DagBag from /home/airflow/.local/lib/python3.12/site-packages/airflow/example_dags/example_sla_dag.py
[2024-10-19T00:28:24.088+0000] {processor.py:925} INFO - DAG(s) 'example_sla_dag' retrieved from /home/airflow/.local/lib/python3.12/site-packages/airflow/example_dags/example_sla_dag.py
[2024-10-19T00:28:24.106+0000] {logging_mixin.py:190} INFO - [2024-10-19T00:28:24.105+0000] {dag.py:3239} INFO - Sync 1 DAGs
[2024-10-19T00:28:24.127+0000] {logging_mixin.py:190} INFO - [2024-10-19T00:28:24.127+0000] {dag.py:4180} INFO - Setting next_dagrun for example_sla_dag to 2024-10-19 00:26:00+00:00, run_after=2024-10-19 00:28:00+00:00
[2024-10-19T00:28:24.143+0000] {processor.py:208} INFO - Processing /home/airflow/.local/lib/python3.12/site-packages/airflow/example_dags/example_sla_dag.py took 0.072 seconds
[2024-10-19T00:28:54.837+0000] {processor.py:186} INFO - Started process (PID=3002) to work on /home/airflow/.local/lib/python3.12/site-packages/airflow/example_dags/example_sla_dag.py
[2024-10-19T00:28:54.837+0000] {processor.py:914} INFO - Processing file /home/airflow/.local/lib/python3.12/site-packages/airflow/example_dags/example_sla_dag.py for tasks to queue
[2024-10-19T00:28:54.839+0000] {logging_mixin.py:190} INFO - [2024-10-19T00:28:54.839+0000] {dagbag.py:588} INFO - Filling up the DagBag from /home/airflow/.local/lib/python3.12/site-packages/airflow/example_dags/example_sla_dag.py
[2024-10-19T00:28:54.847+0000] {processor.py:925} INFO - DAG(s) 'example_sla_dag' retrieved from /home/airflow/.local/lib/python3.12/site-packages/airflow/example_dags/example_sla_dag.py
[2024-10-19T00:28:54.865+0000] {logging_mixin.py:190} INFO - [2024-10-19T00:28:54.865+0000] {dag.py:3239} INFO - Sync 1 DAGs
[2024-10-19T00:28:54.885+0000] {logging_mixin.py:190} INFO - [2024-10-19T00:28:54.885+0000] {dag.py:4180} INFO - Setting next_dagrun for example_sla_dag to 2024-10-19 00:26:00+00:00, run_after=2024-10-19 00:28:00+00:00
[2024-10-19T00:28:54.903+0000] {processor.py:208} INFO - Processing /home/airflow/.local/lib/python3.12/site-packages/airflow/example_dags/example_sla_dag.py took 0.072 seconds
[2024-10-19T00:29:25.573+0000] {processor.py:186} INFO - Started process (PID=3065) to work on /home/airflow/.local/lib/python3.12/site-packages/airflow/example_dags/example_sla_dag.py
[2024-10-19T00:29:25.575+0000] {processor.py:914} INFO - Processing file /home/airflow/.local/lib/python3.12/site-packages/airflow/example_dags/example_sla_dag.py for tasks to queue
[2024-10-19T00:29:25.577+0000] {logging_mixin.py:190} INFO - [2024-10-19T00:29:25.576+0000] {dagbag.py:588} INFO - Filling up the DagBag from /home/airflow/.local/lib/python3.12/site-packages/airflow/example_dags/example_sla_dag.py
[2024-10-19T00:29:25.585+0000] {processor.py:925} INFO - DAG(s) 'example_sla_dag' retrieved from /home/airflow/.local/lib/python3.12/site-packages/airflow/example_dags/example_sla_dag.py
[2024-10-19T00:29:25.602+0000] {logging_mixin.py:190} INFO - [2024-10-19T00:29:25.602+0000] {dag.py:3239} INFO - Sync 1 DAGs
[2024-10-19T00:29:25.626+0000] {logging_mixin.py:190} INFO - [2024-10-19T00:29:25.626+0000] {dag.py:4180} INFO - Setting next_dagrun for example_sla_dag to 2024-10-19 00:26:00+00:00, run_after=2024-10-19 00:28:00+00:00
[2024-10-19T00:29:25.645+0000] {processor.py:208} INFO - Processing /home/airflow/.local/lib/python3.12/site-packages/airflow/example_dags/example_sla_dag.py took 0.077 seconds
[2024-10-19T00:29:56.031+0000] {processor.py:186} INFO - Started process (PID=3127) to work on /home/airflow/.local/lib/python3.12/site-packages/airflow/example_dags/example_sla_dag.py
[2024-10-19T00:29:56.033+0000] {processor.py:914} INFO - Processing file /home/airflow/.local/lib/python3.12/site-packages/airflow/example_dags/example_sla_dag.py for tasks to queue
[2024-10-19T00:29:56.035+0000] {logging_mixin.py:190} INFO - [2024-10-19T00:29:56.035+0000] {dagbag.py:588} INFO - Filling up the DagBag from /home/airflow/.local/lib/python3.12/site-packages/airflow/example_dags/example_sla_dag.py
[2024-10-19T00:29:56.044+0000] {processor.py:925} INFO - DAG(s) 'example_sla_dag' retrieved from /home/airflow/.local/lib/python3.12/site-packages/airflow/example_dags/example_sla_dag.py
[2024-10-19T00:29:56.062+0000] {logging_mixin.py:190} INFO - [2024-10-19T00:29:56.061+0000] {dag.py:3239} INFO - Sync 1 DAGs
[2024-10-19T00:29:56.083+0000] {logging_mixin.py:190} INFO - [2024-10-19T00:29:56.083+0000] {dag.py:4180} INFO - Setting next_dagrun for example_sla_dag to 2024-10-19 00:26:00+00:00, run_after=2024-10-19 00:28:00+00:00
[2024-10-19T00:29:56.099+0000] {processor.py:208} INFO - Processing /home/airflow/.local/lib/python3.12/site-packages/airflow/example_dags/example_sla_dag.py took 0.073 seconds
[2024-10-19T00:30:26.302+0000] {processor.py:186} INFO - Started process (PID=3189) to work on /home/airflow/.local/lib/python3.12/site-packages/airflow/example_dags/example_sla_dag.py
[2024-10-19T00:30:26.303+0000] {processor.py:914} INFO - Processing file /home/airflow/.local/lib/python3.12/site-packages/airflow/example_dags/example_sla_dag.py for tasks to queue
[2024-10-19T00:30:26.305+0000] {logging_mixin.py:190} INFO - [2024-10-19T00:30:26.305+0000] {dagbag.py:588} INFO - Filling up the DagBag from /home/airflow/.local/lib/python3.12/site-packages/airflow/example_dags/example_sla_dag.py
[2024-10-19T00:30:26.314+0000] {processor.py:925} INFO - DAG(s) 'example_sla_dag' retrieved from /home/airflow/.local/lib/python3.12/site-packages/airflow/example_dags/example_sla_dag.py
[2024-10-19T00:30:26.328+0000] {logging_mixin.py:190} INFO - [2024-10-19T00:30:26.328+0000] {dag.py:3239} INFO - Sync 1 DAGs
[2024-10-19T00:30:26.348+0000] {logging_mixin.py:190} INFO - [2024-10-19T00:30:26.348+0000] {dag.py:4180} INFO - Setting next_dagrun for example_sla_dag to 2024-10-19 00:28:00+00:00, run_after=2024-10-19 00:30:00+00:00
[2024-10-19T00:30:26.367+0000] {processor.py:208} INFO - Processing /home/airflow/.local/lib/python3.12/site-packages/airflow/example_dags/example_sla_dag.py took 0.070 seconds
[2024-10-19T00:30:56.758+0000] {processor.py:186} INFO - Started process (PID=3251) to work on /home/airflow/.local/lib/python3.12/site-packages/airflow/example_dags/example_sla_dag.py
[2024-10-19T00:30:56.759+0000] {processor.py:914} INFO - Processing file /home/airflow/.local/lib/python3.12/site-packages/airflow/example_dags/example_sla_dag.py for tasks to queue
[2024-10-19T00:30:56.761+0000] {logging_mixin.py:190} INFO - [2024-10-19T00:30:56.760+0000] {dagbag.py:588} INFO - Filling up the DagBag from /home/airflow/.local/lib/python3.12/site-packages/airflow/example_dags/example_sla_dag.py
[2024-10-19T00:30:56.769+0000] {processor.py:925} INFO - DAG(s) 'example_sla_dag' retrieved from /home/airflow/.local/lib/python3.12/site-packages/airflow/example_dags/example_sla_dag.py
[2024-10-19T00:30:56.784+0000] {logging_mixin.py:190} INFO - [2024-10-19T00:30:56.784+0000] {dag.py:3239} INFO - Sync 1 DAGs
[2024-10-19T00:30:56.805+0000] {logging_mixin.py:190} INFO - [2024-10-19T00:30:56.805+0000] {dag.py:4180} INFO - Setting next_dagrun for example_sla_dag to 2024-10-19 00:28:00+00:00, run_after=2024-10-19 00:30:00+00:00
[2024-10-19T00:30:56.820+0000] {processor.py:208} INFO - Processing /home/airflow/.local/lib/python3.12/site-packages/airflow/example_dags/example_sla_dag.py took 0.067 seconds
[2024-10-19T00:31:27.152+0000] {processor.py:186} INFO - Started process (PID=3313) to work on /home/airflow/.local/lib/python3.12/site-packages/airflow/example_dags/example_sla_dag.py
[2024-10-19T00:31:27.153+0000] {processor.py:914} INFO - Processing file /home/airflow/.local/lib/python3.12/site-packages/airflow/example_dags/example_sla_dag.py for tasks to queue
[2024-10-19T00:31:27.155+0000] {logging_mixin.py:190} INFO - [2024-10-19T00:31:27.155+0000] {dagbag.py:588} INFO - Filling up the DagBag from /home/airflow/.local/lib/python3.12/site-packages/airflow/example_dags/example_sla_dag.py
[2024-10-19T00:31:27.164+0000] {processor.py:925} INFO - DAG(s) 'example_sla_dag' retrieved from /home/airflow/.local/lib/python3.12/site-packages/airflow/example_dags/example_sla_dag.py
[2024-10-19T00:31:27.180+0000] {logging_mixin.py:190} INFO - [2024-10-19T00:31:27.180+0000] {dag.py:3239} INFO - Sync 1 DAGs
[2024-10-19T00:31:27.200+0000] {logging_mixin.py:190} INFO - [2024-10-19T00:31:27.200+0000] {dag.py:4180} INFO - Setting next_dagrun for example_sla_dag to 2024-10-19 00:28:00+00:00, run_after=2024-10-19 00:30:00+00:00
[2024-10-19T00:31:27.220+0000] {processor.py:208} INFO - Processing /home/airflow/.local/lib/python3.12/site-packages/airflow/example_dags/example_sla_dag.py took 0.073 seconds
[2024-10-19T00:31:57.633+0000] {processor.py:186} INFO - Started process (PID=3375) to work on /home/airflow/.local/lib/python3.12/site-packages/airflow/example_dags/example_sla_dag.py
[2024-10-19T00:31:57.635+0000] {processor.py:914} INFO - Processing file /home/airflow/.local/lib/python3.12/site-packages/airflow/example_dags/example_sla_dag.py for tasks to queue
[2024-10-19T00:31:57.637+0000] {logging_mixin.py:190} INFO - [2024-10-19T00:31:57.637+0000] {dagbag.py:588} INFO - Filling up the DagBag from /home/airflow/.local/lib/python3.12/site-packages/airflow/example_dags/example_sla_dag.py
[2024-10-19T00:31:57.649+0000] {processor.py:925} INFO - DAG(s) 'example_sla_dag' retrieved from /home/airflow/.local/lib/python3.12/site-packages/airflow/example_dags/example_sla_dag.py
[2024-10-19T00:31:57.670+0000] {logging_mixin.py:190} INFO - [2024-10-19T00:31:57.670+0000] {dag.py:3239} INFO - Sync 1 DAGs
[2024-10-19T00:31:57.700+0000] {logging_mixin.py:190} INFO - [2024-10-19T00:31:57.700+0000] {dag.py:4180} INFO - Setting next_dagrun for example_sla_dag to 2024-10-19 00:28:00+00:00, run_after=2024-10-19 00:30:00+00:00
[2024-10-19T00:31:57.722+0000] {processor.py:208} INFO - Processing /home/airflow/.local/lib/python3.12/site-packages/airflow/example_dags/example_sla_dag.py took 0.095 seconds
[2024-10-19T00:32:28.086+0000] {processor.py:186} INFO - Started process (PID=3437) to work on /home/airflow/.local/lib/python3.12/site-packages/airflow/example_dags/example_sla_dag.py
[2024-10-19T00:32:28.087+0000] {processor.py:914} INFO - Processing file /home/airflow/.local/lib/python3.12/site-packages/airflow/example_dags/example_sla_dag.py for tasks to queue
[2024-10-19T00:32:28.089+0000] {logging_mixin.py:190} INFO - [2024-10-19T00:32:28.089+0000] {dagbag.py:588} INFO - Filling up the DagBag from /home/airflow/.local/lib/python3.12/site-packages/airflow/example_dags/example_sla_dag.py
[2024-10-19T00:32:28.097+0000] {processor.py:925} INFO - DAG(s) 'example_sla_dag' retrieved from /home/airflow/.local/lib/python3.12/site-packages/airflow/example_dags/example_sla_dag.py
[2024-10-19T00:32:28.113+0000] {logging_mixin.py:190} INFO - [2024-10-19T00:32:28.113+0000] {dag.py:3239} INFO - Sync 1 DAGs
[2024-10-19T00:32:28.131+0000] {logging_mixin.py:190} INFO - [2024-10-19T00:32:28.131+0000] {dag.py:4180} INFO - Setting next_dagrun for example_sla_dag to 2024-10-19 00:30:00+00:00, run_after=2024-10-19 00:32:00+00:00
[2024-10-19T00:32:28.148+0000] {processor.py:208} INFO - Processing /home/airflow/.local/lib/python3.12/site-packages/airflow/example_dags/example_sla_dag.py took 0.067 seconds
[2024-10-19T00:32:58.518+0000] {processor.py:186} INFO - Started process (PID=3500) to work on /home/airflow/.local/lib/python3.12/site-packages/airflow/example_dags/example_sla_dag.py
[2024-10-19T00:32:58.519+0000] {processor.py:914} INFO - Processing file /home/airflow/.local/lib/python3.12/site-packages/airflow/example_dags/example_sla_dag.py for tasks to queue
[2024-10-19T00:32:58.521+0000] {logging_mixin.py:190} INFO - [2024-10-19T00:32:58.521+0000] {dagbag.py:588} INFO - Filling up the DagBag from /home/airflow/.local/lib/python3.12/site-packages/airflow/example_dags/example_sla_dag.py
[2024-10-19T00:32:58.529+0000] {processor.py:925} INFO - DAG(s) 'example_sla_dag' retrieved from /home/airflow/.local/lib/python3.12/site-packages/airflow/example_dags/example_sla_dag.py
[2024-10-19T00:32:58.546+0000] {logging_mixin.py:190} INFO - [2024-10-19T00:32:58.545+0000] {dag.py:3239} INFO - Sync 1 DAGs
[2024-10-19T00:32:58.565+0000] {logging_mixin.py:190} INFO - [2024-10-19T00:32:58.565+0000] {dag.py:4180} INFO - Setting next_dagrun for example_sla_dag to 2024-10-19 00:30:00+00:00, run_after=2024-10-19 00:32:00+00:00
[2024-10-19T00:32:58.581+0000] {processor.py:208} INFO - Processing /home/airflow/.local/lib/python3.12/site-packages/airflow/example_dags/example_sla_dag.py took 0.068 seconds
[2024-10-19T00:33:28.910+0000] {processor.py:186} INFO - Started process (PID=3562) to work on /home/airflow/.local/lib/python3.12/site-packages/airflow/example_dags/example_sla_dag.py
[2024-10-19T00:33:28.911+0000] {processor.py:914} INFO - Processing file /home/airflow/.local/lib/python3.12/site-packages/airflow/example_dags/example_sla_dag.py for tasks to queue
[2024-10-19T00:33:28.913+0000] {logging_mixin.py:190} INFO - [2024-10-19T00:33:28.912+0000] {dagbag.py:588} INFO - Filling up the DagBag from /home/airflow/.local/lib/python3.12/site-packages/airflow/example_dags/example_sla_dag.py
[2024-10-19T00:33:28.920+0000] {processor.py:925} INFO - DAG(s) 'example_sla_dag' retrieved from /home/airflow/.local/lib/python3.12/site-packages/airflow/example_dags/example_sla_dag.py
[2024-10-19T00:33:28.935+0000] {logging_mixin.py:190} INFO - [2024-10-19T00:33:28.935+0000] {dag.py:3239} INFO - Sync 1 DAGs
[2024-10-19T00:33:28.954+0000] {logging_mixin.py:190} INFO - [2024-10-19T00:33:28.954+0000] {dag.py:4180} INFO - Setting next_dagrun for example_sla_dag to 2024-10-19 00:30:00+00:00, run_after=2024-10-19 00:32:00+00:00
[2024-10-19T00:33:28.971+0000] {processor.py:208} INFO - Processing /home/airflow/.local/lib/python3.12/site-packages/airflow/example_dags/example_sla_dag.py took 0.066 seconds
[2024-10-19T00:33:59.330+0000] {processor.py:186} INFO - Started process (PID=3624) to work on /home/airflow/.local/lib/python3.12/site-packages/airflow/example_dags/example_sla_dag.py
[2024-10-19T00:33:59.331+0000] {processor.py:914} INFO - Processing file /home/airflow/.local/lib/python3.12/site-packages/airflow/example_dags/example_sla_dag.py for tasks to queue
[2024-10-19T00:33:59.333+0000] {logging_mixin.py:190} INFO - [2024-10-19T00:33:59.333+0000] {dagbag.py:588} INFO - Filling up the DagBag from /home/airflow/.local/lib/python3.12/site-packages/airflow/example_dags/example_sla_dag.py
[2024-10-19T00:33:59.341+0000] {processor.py:925} INFO - DAG(s) 'example_sla_dag' retrieved from /home/airflow/.local/lib/python3.12/site-packages/airflow/example_dags/example_sla_dag.py
[2024-10-19T00:33:59.356+0000] {logging_mixin.py:190} INFO - [2024-10-19T00:33:59.356+0000] {dag.py:3239} INFO - Sync 1 DAGs
[2024-10-19T00:33:59.375+0000] {logging_mixin.py:190} INFO - [2024-10-19T00:33:59.375+0000] {dag.py:4180} INFO - Setting next_dagrun for example_sla_dag to 2024-10-19 00:30:00+00:00, run_after=2024-10-19 00:32:00+00:00
[2024-10-19T00:33:59.391+0000] {processor.py:208} INFO - Processing /home/airflow/.local/lib/python3.12/site-packages/airflow/example_dags/example_sla_dag.py took 0.066 seconds
[2024-10-19T00:34:29.847+0000] {processor.py:186} INFO - Started process (PID=3686) to work on /home/airflow/.local/lib/python3.12/site-packages/airflow/example_dags/example_sla_dag.py
[2024-10-19T00:34:29.848+0000] {processor.py:914} INFO - Processing file /home/airflow/.local/lib/python3.12/site-packages/airflow/example_dags/example_sla_dag.py for tasks to queue
[2024-10-19T00:34:29.850+0000] {logging_mixin.py:190} INFO - [2024-10-19T00:34:29.850+0000] {dagbag.py:588} INFO - Filling up the DagBag from /home/airflow/.local/lib/python3.12/site-packages/airflow/example_dags/example_sla_dag.py
[2024-10-19T00:34:29.858+0000] {processor.py:925} INFO - DAG(s) 'example_sla_dag' retrieved from /home/airflow/.local/lib/python3.12/site-packages/airflow/example_dags/example_sla_dag.py
[2024-10-19T00:34:29.875+0000] {logging_mixin.py:190} INFO - [2024-10-19T00:34:29.874+0000] {dag.py:3239} INFO - Sync 1 DAGs
[2024-10-19T00:34:29.894+0000] {logging_mixin.py:190} INFO - [2024-10-19T00:34:29.893+0000] {dag.py:4180} INFO - Setting next_dagrun for example_sla_dag to 2024-10-19 00:32:00+00:00, run_after=2024-10-19 00:34:00+00:00
[2024-10-19T00:34:29.911+0000] {processor.py:208} INFO - Processing /home/airflow/.local/lib/python3.12/site-packages/airflow/example_dags/example_sla_dag.py took 0.069 seconds
[2024-10-19T00:35:00.083+0000] {processor.py:186} INFO - Started process (PID=3747) to work on /home/airflow/.local/lib/python3.12/site-packages/airflow/example_dags/example_sla_dag.py
[2024-10-19T00:35:00.084+0000] {processor.py:914} INFO - Processing file /home/airflow/.local/lib/python3.12/site-packages/airflow/example_dags/example_sla_dag.py for tasks to queue
[2024-10-19T00:35:00.086+0000] {logging_mixin.py:190} INFO - [2024-10-19T00:35:00.086+0000] {dagbag.py:588} INFO - Filling up the DagBag from /home/airflow/.local/lib/python3.12/site-packages/airflow/example_dags/example_sla_dag.py
[2024-10-19T00:35:00.095+0000] {processor.py:925} INFO - DAG(s) 'example_sla_dag' retrieved from /home/airflow/.local/lib/python3.12/site-packages/airflow/example_dags/example_sla_dag.py
[2024-10-19T00:35:00.113+0000] {logging_mixin.py:190} INFO - [2024-10-19T00:35:00.113+0000] {dag.py:3239} INFO - Sync 1 DAGs
[2024-10-19T00:35:00.136+0000] {logging_mixin.py:190} INFO - [2024-10-19T00:35:00.136+0000] {dag.py:4180} INFO - Setting next_dagrun for example_sla_dag to 2024-10-19 00:32:00+00:00, run_after=2024-10-19 00:34:00+00:00
[2024-10-19T00:35:00.154+0000] {processor.py:208} INFO - Processing /home/airflow/.local/lib/python3.12/site-packages/airflow/example_dags/example_sla_dag.py took 0.076 seconds
[2024-10-19T00:35:30.483+0000] {processor.py:186} INFO - Started process (PID=3809) to work on /home/airflow/.local/lib/python3.12/site-packages/airflow/example_dags/example_sla_dag.py
[2024-10-19T00:35:30.484+0000] {processor.py:914} INFO - Processing file /home/airflow/.local/lib/python3.12/site-packages/airflow/example_dags/example_sla_dag.py for tasks to queue
[2024-10-19T00:35:30.487+0000] {logging_mixin.py:190} INFO - [2024-10-19T00:35:30.486+0000] {dagbag.py:588} INFO - Filling up the DagBag from /home/airflow/.local/lib/python3.12/site-packages/airflow/example_dags/example_sla_dag.py
[2024-10-19T00:35:30.497+0000] {processor.py:925} INFO - DAG(s) 'example_sla_dag' retrieved from /home/airflow/.local/lib/python3.12/site-packages/airflow/example_dags/example_sla_dag.py
[2024-10-19T00:35:30.516+0000] {logging_mixin.py:190} INFO - [2024-10-19T00:35:30.515+0000] {dag.py:3239} INFO - Sync 1 DAGs
[2024-10-19T00:35:30.540+0000] {logging_mixin.py:190} INFO - [2024-10-19T00:35:30.540+0000] {dag.py:4180} INFO - Setting next_dagrun for example_sla_dag to 2024-10-19 00:32:00+00:00, run_after=2024-10-19 00:34:00+00:00
[2024-10-19T00:35:30.562+0000] {processor.py:208} INFO - Processing /home/airflow/.local/lib/python3.12/site-packages/airflow/example_dags/example_sla_dag.py took 0.085 seconds
[2024-10-19T00:36:00.992+0000] {processor.py:186} INFO - Started process (PID=3871) to work on /home/airflow/.local/lib/python3.12/site-packages/airflow/example_dags/example_sla_dag.py
[2024-10-19T00:36:01.003+0000] {processor.py:914} INFO - Processing file /home/airflow/.local/lib/python3.12/site-packages/airflow/example_dags/example_sla_dag.py for tasks to queue
[2024-10-19T00:36:01.005+0000] {logging_mixin.py:190} INFO - [2024-10-19T00:36:01.005+0000] {dagbag.py:588} INFO - Filling up the DagBag from /home/airflow/.local/lib/python3.12/site-packages/airflow/example_dags/example_sla_dag.py
[2024-10-19T00:36:01.017+0000] {processor.py:925} INFO - DAG(s) 'example_sla_dag' retrieved from /home/airflow/.local/lib/python3.12/site-packages/airflow/example_dags/example_sla_dag.py
[2024-10-19T00:36:01.037+0000] {logging_mixin.py:190} INFO - [2024-10-19T00:36:01.037+0000] {dag.py:3239} INFO - Sync 1 DAGs
[2024-10-19T00:36:01.069+0000] {logging_mixin.py:190} INFO - [2024-10-19T00:36:01.068+0000] {dag.py:4180} INFO - Setting next_dagrun for example_sla_dag to 2024-10-19 00:34:00+00:00, run_after=2024-10-19 00:36:00+00:00
[2024-10-19T00:36:01.091+0000] {processor.py:208} INFO - Processing /home/airflow/.local/lib/python3.12/site-packages/airflow/example_dags/example_sla_dag.py took 0.106 seconds
[2024-10-19T00:36:31.847+0000] {processor.py:186} INFO - Started process (PID=3933) to work on /home/airflow/.local/lib/python3.12/site-packages/airflow/example_dags/example_sla_dag.py
[2024-10-19T00:36:31.849+0000] {processor.py:914} INFO - Processing file /home/airflow/.local/lib/python3.12/site-packages/airflow/example_dags/example_sla_dag.py for tasks to queue
[2024-10-19T00:36:31.851+0000] {logging_mixin.py:190} INFO - [2024-10-19T00:36:31.851+0000] {dagbag.py:588} INFO - Filling up the DagBag from /home/airflow/.local/lib/python3.12/site-packages/airflow/example_dags/example_sla_dag.py
[2024-10-19T00:36:31.863+0000] {processor.py:925} INFO - DAG(s) 'example_sla_dag' retrieved from /home/airflow/.local/lib/python3.12/site-packages/airflow/example_dags/example_sla_dag.py
[2024-10-19T00:36:31.884+0000] {logging_mixin.py:190} INFO - [2024-10-19T00:36:31.884+0000] {dag.py:3239} INFO - Sync 1 DAGs
[2024-10-19T00:36:31.914+0000] {logging_mixin.py:190} INFO - [2024-10-19T00:36:31.914+0000] {dag.py:4180} INFO - Setting next_dagrun for example_sla_dag to 2024-10-19 00:34:00+00:00, run_after=2024-10-19 00:36:00+00:00
[2024-10-19T00:36:31.939+0000] {processor.py:208} INFO - Processing /home/airflow/.local/lib/python3.12/site-packages/airflow/example_dags/example_sla_dag.py took 0.099 seconds
