[2024-10-19T00:04:54.485+0000] {processor.py:186} INFO - Started process (PID=91) to work on /home/airflow/.local/lib/python3.12/site-packages/airflow/example_dags/example_python_operator.py
[2024-10-19T00:04:54.487+0000] {processor.py:914} INFO - Processing file /home/airflow/.local/lib/python3.12/site-packages/airflow/example_dags/example_python_operator.py for tasks to queue
[2024-10-19T00:04:54.490+0000] {logging_mixin.py:190} INFO - [2024-10-19T00:04:54.490+0000] {dagbag.py:588} INFO - Filling up the DagBag from /home/airflow/.local/lib/python3.12/site-packages/airflow/example_dags/example_python_operator.py
[2024-10-19T00:04:54.509+0000] {processor.py:925} INFO - DAG(s) 'example_python_operator' retrieved from /home/airflow/.local/lib/python3.12/site-packages/airflow/example_dags/example_python_operator.py
[2024-10-19T00:04:54.643+0000] {logging_mixin.py:190} INFO - [2024-10-19T00:04:54.643+0000] {override.py:1900} INFO - Created Permission View: can delete on DAG:example_python_operator
[2024-10-19T00:04:54.657+0000] {logging_mixin.py:190} INFO - [2024-10-19T00:04:54.657+0000] {override.py:1900} INFO - Created Permission View: can read on DAG:example_python_operator
[2024-10-19T00:04:54.666+0000] {logging_mixin.py:190} INFO - [2024-10-19T00:04:54.665+0000] {override.py:1900} INFO - Created Permission View: can edit on DAG:example_python_operator
[2024-10-19T00:04:54.677+0000] {logging_mixin.py:190} INFO - [2024-10-19T00:04:54.676+0000] {override.py:1900} INFO - Created Permission View: can delete on DAG Run:example_python_operator
[2024-10-19T00:04:54.685+0000] {logging_mixin.py:190} INFO - [2024-10-19T00:04:54.685+0000] {override.py:1900} INFO - Created Permission View: can read on DAG Run:example_python_operator
[2024-10-19T00:04:54.697+0000] {logging_mixin.py:190} INFO - [2024-10-19T00:04:54.696+0000] {override.py:1900} INFO - Created Permission View: menu access on DAG Run:example_python_operator
[2024-10-19T00:04:54.706+0000] {logging_mixin.py:190} INFO - [2024-10-19T00:04:54.706+0000] {override.py:1900} INFO - Created Permission View: can create on DAG Run:example_python_operator
[2024-10-19T00:04:54.707+0000] {logging_mixin.py:190} INFO - [2024-10-19T00:04:54.707+0000] {dag.py:3239} INFO - Sync 1 DAGs
[2024-10-19T00:04:54.722+0000] {logging_mixin.py:190} INFO - [2024-10-19T00:04:54.722+0000] {dag.py:3262} INFO - Creating ORM DAG for example_python_operator
[2024-10-19T00:04:54.723+0000] {logging_mixin.py:190} INFO - [2024-10-19T00:04:54.723+0000] {dag.py:4180} INFO - Setting next_dagrun for example_python_operator to None, run_after=None
[2024-10-19T00:04:54.747+0000] {processor.py:208} INFO - Processing /home/airflow/.local/lib/python3.12/site-packages/airflow/example_dags/example_python_operator.py took 0.270 seconds
[2024-10-19T00:05:25.473+0000] {processor.py:186} INFO - Started process (PID=153) to work on /home/airflow/.local/lib/python3.12/site-packages/airflow/example_dags/example_python_operator.py
[2024-10-19T00:05:25.475+0000] {processor.py:914} INFO - Processing file /home/airflow/.local/lib/python3.12/site-packages/airflow/example_dags/example_python_operator.py for tasks to queue
[2024-10-19T00:05:25.477+0000] {logging_mixin.py:190} INFO - [2024-10-19T00:05:25.477+0000] {dagbag.py:588} INFO - Filling up the DagBag from /home/airflow/.local/lib/python3.12/site-packages/airflow/example_dags/example_python_operator.py
[2024-10-19T00:05:25.489+0000] {processor.py:925} INFO - DAG(s) 'example_python_operator' retrieved from /home/airflow/.local/lib/python3.12/site-packages/airflow/example_dags/example_python_operator.py
[2024-10-19T00:05:25.510+0000] {logging_mixin.py:190} INFO - [2024-10-19T00:05:25.510+0000] {dag.py:3239} INFO - Sync 1 DAGs
[2024-10-19T00:05:25.523+0000] {logging_mixin.py:190} INFO - [2024-10-19T00:05:25.523+0000] {dag.py:4180} INFO - Setting next_dagrun for example_python_operator to None, run_after=None
[2024-10-19T00:05:25.543+0000] {processor.py:208} INFO - Processing /home/airflow/.local/lib/python3.12/site-packages/airflow/example_dags/example_python_operator.py took 0.076 seconds
[2024-10-19T00:05:56.100+0000] {processor.py:186} INFO - Started process (PID=215) to work on /home/airflow/.local/lib/python3.12/site-packages/airflow/example_dags/example_python_operator.py
[2024-10-19T00:05:56.101+0000] {processor.py:914} INFO - Processing file /home/airflow/.local/lib/python3.12/site-packages/airflow/example_dags/example_python_operator.py for tasks to queue
[2024-10-19T00:05:56.104+0000] {logging_mixin.py:190} INFO - [2024-10-19T00:05:56.104+0000] {dagbag.py:588} INFO - Filling up the DagBag from /home/airflow/.local/lib/python3.12/site-packages/airflow/example_dags/example_python_operator.py
[2024-10-19T00:05:56.117+0000] {processor.py:925} INFO - DAG(s) 'example_python_operator' retrieved from /home/airflow/.local/lib/python3.12/site-packages/airflow/example_dags/example_python_operator.py
[2024-10-19T00:05:56.138+0000] {logging_mixin.py:190} INFO - [2024-10-19T00:05:56.138+0000] {dag.py:3239} INFO - Sync 1 DAGs
[2024-10-19T00:05:56.151+0000] {logging_mixin.py:190} INFO - [2024-10-19T00:05:56.151+0000] {dag.py:4180} INFO - Setting next_dagrun for example_python_operator to None, run_after=None
[2024-10-19T00:05:56.171+0000] {processor.py:208} INFO - Processing /home/airflow/.local/lib/python3.12/site-packages/airflow/example_dags/example_python_operator.py took 0.076 seconds
[2024-10-19T00:06:27.154+0000] {processor.py:186} INFO - Started process (PID=276) to work on /home/airflow/.local/lib/python3.12/site-packages/airflow/example_dags/example_python_operator.py
[2024-10-19T00:06:27.156+0000] {processor.py:914} INFO - Processing file /home/airflow/.local/lib/python3.12/site-packages/airflow/example_dags/example_python_operator.py for tasks to queue
[2024-10-19T00:06:27.158+0000] {logging_mixin.py:190} INFO - [2024-10-19T00:06:27.157+0000] {dagbag.py:588} INFO - Filling up the DagBag from /home/airflow/.local/lib/python3.12/site-packages/airflow/example_dags/example_python_operator.py
[2024-10-19T00:06:27.170+0000] {processor.py:925} INFO - DAG(s) 'example_python_operator' retrieved from /home/airflow/.local/lib/python3.12/site-packages/airflow/example_dags/example_python_operator.py
[2024-10-19T00:06:27.191+0000] {logging_mixin.py:190} INFO - [2024-10-19T00:06:27.190+0000] {dag.py:3239} INFO - Sync 1 DAGs
[2024-10-19T00:06:27.204+0000] {logging_mixin.py:190} INFO - [2024-10-19T00:06:27.203+0000] {dag.py:4180} INFO - Setting next_dagrun for example_python_operator to None, run_after=None
[2024-10-19T00:06:27.221+0000] {processor.py:208} INFO - Processing /home/airflow/.local/lib/python3.12/site-packages/airflow/example_dags/example_python_operator.py took 0.072 seconds
[2024-10-19T00:06:57.525+0000] {processor.py:186} INFO - Started process (PID=338) to work on /home/airflow/.local/lib/python3.12/site-packages/airflow/example_dags/example_python_operator.py
[2024-10-19T00:06:57.526+0000] {processor.py:914} INFO - Processing file /home/airflow/.local/lib/python3.12/site-packages/airflow/example_dags/example_python_operator.py for tasks to queue
[2024-10-19T00:06:57.529+0000] {logging_mixin.py:190} INFO - [2024-10-19T00:06:57.529+0000] {dagbag.py:588} INFO - Filling up the DagBag from /home/airflow/.local/lib/python3.12/site-packages/airflow/example_dags/example_python_operator.py
[2024-10-19T00:06:57.540+0000] {processor.py:925} INFO - DAG(s) 'example_python_operator' retrieved from /home/airflow/.local/lib/python3.12/site-packages/airflow/example_dags/example_python_operator.py
[2024-10-19T00:06:57.560+0000] {logging_mixin.py:190} INFO - [2024-10-19T00:06:57.560+0000] {dag.py:3239} INFO - Sync 1 DAGs
[2024-10-19T00:06:57.574+0000] {logging_mixin.py:190} INFO - [2024-10-19T00:06:57.574+0000] {dag.py:4180} INFO - Setting next_dagrun for example_python_operator to None, run_after=None
[2024-10-19T00:06:57.597+0000] {processor.py:208} INFO - Processing /home/airflow/.local/lib/python3.12/site-packages/airflow/example_dags/example_python_operator.py took 0.078 seconds
[2024-10-19T00:07:28.062+0000] {processor.py:186} INFO - Started process (PID=400) to work on /home/airflow/.local/lib/python3.12/site-packages/airflow/example_dags/example_python_operator.py
[2024-10-19T00:07:28.064+0000] {processor.py:914} INFO - Processing file /home/airflow/.local/lib/python3.12/site-packages/airflow/example_dags/example_python_operator.py for tasks to queue
[2024-10-19T00:07:28.066+0000] {logging_mixin.py:190} INFO - [2024-10-19T00:07:28.066+0000] {dagbag.py:588} INFO - Filling up the DagBag from /home/airflow/.local/lib/python3.12/site-packages/airflow/example_dags/example_python_operator.py
[2024-10-19T00:07:28.078+0000] {processor.py:925} INFO - DAG(s) 'example_python_operator' retrieved from /home/airflow/.local/lib/python3.12/site-packages/airflow/example_dags/example_python_operator.py
[2024-10-19T00:07:28.101+0000] {logging_mixin.py:190} INFO - [2024-10-19T00:07:28.101+0000] {dag.py:3239} INFO - Sync 1 DAGs
[2024-10-19T00:07:28.115+0000] {logging_mixin.py:190} INFO - [2024-10-19T00:07:28.115+0000] {dag.py:4180} INFO - Setting next_dagrun for example_python_operator to None, run_after=None
[2024-10-19T00:07:28.135+0000] {processor.py:208} INFO - Processing /home/airflow/.local/lib/python3.12/site-packages/airflow/example_dags/example_python_operator.py took 0.078 seconds
[2024-10-19T00:07:58.691+0000] {processor.py:186} INFO - Started process (PID=463) to work on /home/airflow/.local/lib/python3.12/site-packages/airflow/example_dags/example_python_operator.py
[2024-10-19T00:07:58.692+0000] {processor.py:914} INFO - Processing file /home/airflow/.local/lib/python3.12/site-packages/airflow/example_dags/example_python_operator.py for tasks to queue
[2024-10-19T00:07:58.694+0000] {logging_mixin.py:190} INFO - [2024-10-19T00:07:58.694+0000] {dagbag.py:588} INFO - Filling up the DagBag from /home/airflow/.local/lib/python3.12/site-packages/airflow/example_dags/example_python_operator.py
[2024-10-19T00:07:58.704+0000] {processor.py:925} INFO - DAG(s) 'example_python_operator' retrieved from /home/airflow/.local/lib/python3.12/site-packages/airflow/example_dags/example_python_operator.py
[2024-10-19T00:07:58.722+0000] {logging_mixin.py:190} INFO - [2024-10-19T00:07:58.722+0000] {dag.py:3239} INFO - Sync 1 DAGs
[2024-10-19T00:07:58.733+0000] {logging_mixin.py:190} INFO - [2024-10-19T00:07:58.733+0000] {dag.py:4180} INFO - Setting next_dagrun for example_python_operator to None, run_after=None
[2024-10-19T00:07:58.751+0000] {processor.py:208} INFO - Processing /home/airflow/.local/lib/python3.12/site-packages/airflow/example_dags/example_python_operator.py took 0.065 seconds
[2024-10-19T00:08:29.388+0000] {processor.py:186} INFO - Started process (PID=526) to work on /home/airflow/.local/lib/python3.12/site-packages/airflow/example_dags/example_python_operator.py
[2024-10-19T00:08:29.389+0000] {processor.py:914} INFO - Processing file /home/airflow/.local/lib/python3.12/site-packages/airflow/example_dags/example_python_operator.py for tasks to queue
[2024-10-19T00:08:29.392+0000] {logging_mixin.py:190} INFO - [2024-10-19T00:08:29.392+0000] {dagbag.py:588} INFO - Filling up the DagBag from /home/airflow/.local/lib/python3.12/site-packages/airflow/example_dags/example_python_operator.py
[2024-10-19T00:08:29.406+0000] {processor.py:925} INFO - DAG(s) 'example_python_operator' retrieved from /home/airflow/.local/lib/python3.12/site-packages/airflow/example_dags/example_python_operator.py
[2024-10-19T00:08:29.429+0000] {logging_mixin.py:190} INFO - [2024-10-19T00:08:29.429+0000] {dag.py:3239} INFO - Sync 1 DAGs
[2024-10-19T00:08:29.443+0000] {logging_mixin.py:190} INFO - [2024-10-19T00:08:29.443+0000] {dag.py:4180} INFO - Setting next_dagrun for example_python_operator to None, run_after=None
[2024-10-19T00:08:29.466+0000] {processor.py:208} INFO - Processing /home/airflow/.local/lib/python3.12/site-packages/airflow/example_dags/example_python_operator.py took 0.086 seconds
[2024-10-19T00:08:59.620+0000] {processor.py:186} INFO - Started process (PID=589) to work on /home/airflow/.local/lib/python3.12/site-packages/airflow/example_dags/example_python_operator.py
[2024-10-19T00:08:59.621+0000] {processor.py:914} INFO - Processing file /home/airflow/.local/lib/python3.12/site-packages/airflow/example_dags/example_python_operator.py for tasks to queue
[2024-10-19T00:08:59.624+0000] {logging_mixin.py:190} INFO - [2024-10-19T00:08:59.623+0000] {dagbag.py:588} INFO - Filling up the DagBag from /home/airflow/.local/lib/python3.12/site-packages/airflow/example_dags/example_python_operator.py
[2024-10-19T00:08:59.635+0000] {processor.py:925} INFO - DAG(s) 'example_python_operator' retrieved from /home/airflow/.local/lib/python3.12/site-packages/airflow/example_dags/example_python_operator.py
[2024-10-19T00:08:59.654+0000] {logging_mixin.py:190} INFO - [2024-10-19T00:08:59.653+0000] {dag.py:3239} INFO - Sync 1 DAGs
[2024-10-19T00:08:59.667+0000] {logging_mixin.py:190} INFO - [2024-10-19T00:08:59.667+0000] {dag.py:4180} INFO - Setting next_dagrun for example_python_operator to None, run_after=None
[2024-10-19T00:08:59.695+0000] {processor.py:208} INFO - Processing /home/airflow/.local/lib/python3.12/site-packages/airflow/example_dags/example_python_operator.py took 0.080 seconds
[2024-10-19T00:09:30.633+0000] {processor.py:186} INFO - Started process (PID=652) to work on /home/airflow/.local/lib/python3.12/site-packages/airflow/example_dags/example_python_operator.py
[2024-10-19T00:09:30.634+0000] {processor.py:914} INFO - Processing file /home/airflow/.local/lib/python3.12/site-packages/airflow/example_dags/example_python_operator.py for tasks to queue
[2024-10-19T00:09:30.636+0000] {logging_mixin.py:190} INFO - [2024-10-19T00:09:30.635+0000] {dagbag.py:588} INFO - Filling up the DagBag from /home/airflow/.local/lib/python3.12/site-packages/airflow/example_dags/example_python_operator.py
[2024-10-19T00:09:30.645+0000] {processor.py:925} INFO - DAG(s) 'example_python_operator' retrieved from /home/airflow/.local/lib/python3.12/site-packages/airflow/example_dags/example_python_operator.py
[2024-10-19T00:09:30.662+0000] {logging_mixin.py:190} INFO - [2024-10-19T00:09:30.662+0000] {dag.py:3239} INFO - Sync 1 DAGs
[2024-10-19T00:09:30.673+0000] {logging_mixin.py:190} INFO - [2024-10-19T00:09:30.673+0000] {dag.py:4180} INFO - Setting next_dagrun for example_python_operator to None, run_after=None
[2024-10-19T00:09:30.691+0000] {processor.py:208} INFO - Processing /home/airflow/.local/lib/python3.12/site-packages/airflow/example_dags/example_python_operator.py took 0.062 seconds
[2024-10-19T00:10:01.260+0000] {processor.py:186} INFO - Started process (PID=714) to work on /home/airflow/.local/lib/python3.12/site-packages/airflow/example_dags/example_python_operator.py
[2024-10-19T00:10:01.262+0000] {processor.py:914} INFO - Processing file /home/airflow/.local/lib/python3.12/site-packages/airflow/example_dags/example_python_operator.py for tasks to queue
[2024-10-19T00:10:01.265+0000] {logging_mixin.py:190} INFO - [2024-10-19T00:10:01.265+0000] {dagbag.py:588} INFO - Filling up the DagBag from /home/airflow/.local/lib/python3.12/site-packages/airflow/example_dags/example_python_operator.py
[2024-10-19T00:10:01.280+0000] {processor.py:925} INFO - DAG(s) 'example_python_operator' retrieved from /home/airflow/.local/lib/python3.12/site-packages/airflow/example_dags/example_python_operator.py
[2024-10-19T00:10:01.328+0000] {logging_mixin.py:190} INFO - [2024-10-19T00:10:01.327+0000] {dag.py:3239} INFO - Sync 1 DAGs
[2024-10-19T00:10:01.347+0000] {logging_mixin.py:190} INFO - [2024-10-19T00:10:01.347+0000] {dag.py:4180} INFO - Setting next_dagrun for example_python_operator to None, run_after=None
[2024-10-19T00:10:01.374+0000] {processor.py:208} INFO - Processing /home/airflow/.local/lib/python3.12/site-packages/airflow/example_dags/example_python_operator.py took 0.121 seconds
[2024-10-19T00:10:31.589+0000] {processor.py:186} INFO - Started process (PID=776) to work on /home/airflow/.local/lib/python3.12/site-packages/airflow/example_dags/example_python_operator.py
[2024-10-19T00:10:31.591+0000] {processor.py:914} INFO - Processing file /home/airflow/.local/lib/python3.12/site-packages/airflow/example_dags/example_python_operator.py for tasks to queue
[2024-10-19T00:10:31.593+0000] {logging_mixin.py:190} INFO - [2024-10-19T00:10:31.592+0000] {dagbag.py:588} INFO - Filling up the DagBag from /home/airflow/.local/lib/python3.12/site-packages/airflow/example_dags/example_python_operator.py
[2024-10-19T00:10:31.605+0000] {processor.py:925} INFO - DAG(s) 'example_python_operator' retrieved from /home/airflow/.local/lib/python3.12/site-packages/airflow/example_dags/example_python_operator.py
[2024-10-19T00:10:31.627+0000] {logging_mixin.py:190} INFO - [2024-10-19T00:10:31.627+0000] {dag.py:3239} INFO - Sync 1 DAGs
[2024-10-19T00:10:31.641+0000] {logging_mixin.py:190} INFO - [2024-10-19T00:10:31.640+0000] {dag.py:4180} INFO - Setting next_dagrun for example_python_operator to None, run_after=None
[2024-10-19T00:10:31.663+0000] {processor.py:208} INFO - Processing /home/airflow/.local/lib/python3.12/site-packages/airflow/example_dags/example_python_operator.py took 0.079 seconds
[2024-10-19T00:11:01.889+0000] {processor.py:186} INFO - Started process (PID=838) to work on /home/airflow/.local/lib/python3.12/site-packages/airflow/example_dags/example_python_operator.py
[2024-10-19T00:11:01.890+0000] {processor.py:914} INFO - Processing file /home/airflow/.local/lib/python3.12/site-packages/airflow/example_dags/example_python_operator.py for tasks to queue
[2024-10-19T00:11:01.893+0000] {logging_mixin.py:190} INFO - [2024-10-19T00:11:01.892+0000] {dagbag.py:588} INFO - Filling up the DagBag from /home/airflow/.local/lib/python3.12/site-packages/airflow/example_dags/example_python_operator.py
[2024-10-19T00:11:01.905+0000] {processor.py:925} INFO - DAG(s) 'example_python_operator' retrieved from /home/airflow/.local/lib/python3.12/site-packages/airflow/example_dags/example_python_operator.py
[2024-10-19T00:11:01.931+0000] {logging_mixin.py:190} INFO - [2024-10-19T00:11:01.930+0000] {dag.py:3239} INFO - Sync 1 DAGs
[2024-10-19T00:11:01.949+0000] {logging_mixin.py:190} INFO - [2024-10-19T00:11:01.949+0000] {dag.py:4180} INFO - Setting next_dagrun for example_python_operator to None, run_after=None
[2024-10-19T00:11:01.971+0000] {processor.py:208} INFO - Processing /home/airflow/.local/lib/python3.12/site-packages/airflow/example_dags/example_python_operator.py took 0.087 seconds
[2024-10-19T00:11:32.033+0000] {processor.py:186} INFO - Started process (PID=900) to work on /home/airflow/.local/lib/python3.12/site-packages/airflow/example_dags/example_python_operator.py
[2024-10-19T00:11:32.035+0000] {processor.py:914} INFO - Processing file /home/airflow/.local/lib/python3.12/site-packages/airflow/example_dags/example_python_operator.py for tasks to queue
[2024-10-19T00:11:32.037+0000] {logging_mixin.py:190} INFO - [2024-10-19T00:11:32.037+0000] {dagbag.py:588} INFO - Filling up the DagBag from /home/airflow/.local/lib/python3.12/site-packages/airflow/example_dags/example_python_operator.py
[2024-10-19T00:11:32.048+0000] {processor.py:925} INFO - DAG(s) 'example_python_operator' retrieved from /home/airflow/.local/lib/python3.12/site-packages/airflow/example_dags/example_python_operator.py
[2024-10-19T00:11:32.068+0000] {logging_mixin.py:190} INFO - [2024-10-19T00:11:32.067+0000] {dag.py:3239} INFO - Sync 1 DAGs
[2024-10-19T00:11:32.080+0000] {logging_mixin.py:190} INFO - [2024-10-19T00:11:32.080+0000] {dag.py:4180} INFO - Setting next_dagrun for example_python_operator to None, run_after=None
[2024-10-19T00:11:32.096+0000] {processor.py:208} INFO - Processing /home/airflow/.local/lib/python3.12/site-packages/airflow/example_dags/example_python_operator.py took 0.068 seconds
[2024-10-19T00:12:02.723+0000] {processor.py:186} INFO - Started process (PID=963) to work on /home/airflow/.local/lib/python3.12/site-packages/airflow/example_dags/example_python_operator.py
[2024-10-19T00:12:02.724+0000] {processor.py:914} INFO - Processing file /home/airflow/.local/lib/python3.12/site-packages/airflow/example_dags/example_python_operator.py for tasks to queue
[2024-10-19T00:12:02.726+0000] {logging_mixin.py:190} INFO - [2024-10-19T00:12:02.725+0000] {dagbag.py:588} INFO - Filling up the DagBag from /home/airflow/.local/lib/python3.12/site-packages/airflow/example_dags/example_python_operator.py
[2024-10-19T00:12:02.735+0000] {processor.py:925} INFO - DAG(s) 'example_python_operator' retrieved from /home/airflow/.local/lib/python3.12/site-packages/airflow/example_dags/example_python_operator.py
[2024-10-19T00:12:02.752+0000] {logging_mixin.py:190} INFO - [2024-10-19T00:12:02.752+0000] {dag.py:3239} INFO - Sync 1 DAGs
[2024-10-19T00:12:02.763+0000] {logging_mixin.py:190} INFO - [2024-10-19T00:12:02.763+0000] {dag.py:4180} INFO - Setting next_dagrun for example_python_operator to None, run_after=None
[2024-10-19T00:12:02.780+0000] {processor.py:208} INFO - Processing /home/airflow/.local/lib/python3.12/site-packages/airflow/example_dags/example_python_operator.py took 0.061 seconds
[2024-10-19T00:12:33.489+0000] {processor.py:186} INFO - Started process (PID=1025) to work on /home/airflow/.local/lib/python3.12/site-packages/airflow/example_dags/example_python_operator.py
[2024-10-19T00:12:33.490+0000] {processor.py:914} INFO - Processing file /home/airflow/.local/lib/python3.12/site-packages/airflow/example_dags/example_python_operator.py for tasks to queue
[2024-10-19T00:12:33.493+0000] {logging_mixin.py:190} INFO - [2024-10-19T00:12:33.493+0000] {dagbag.py:588} INFO - Filling up the DagBag from /home/airflow/.local/lib/python3.12/site-packages/airflow/example_dags/example_python_operator.py
[2024-10-19T00:12:33.504+0000] {processor.py:925} INFO - DAG(s) 'example_python_operator' retrieved from /home/airflow/.local/lib/python3.12/site-packages/airflow/example_dags/example_python_operator.py
[2024-10-19T00:12:33.523+0000] {logging_mixin.py:190} INFO - [2024-10-19T00:12:33.523+0000] {dag.py:3239} INFO - Sync 1 DAGs
[2024-10-19T00:12:33.536+0000] {logging_mixin.py:190} INFO - [2024-10-19T00:12:33.536+0000] {dag.py:4180} INFO - Setting next_dagrun for example_python_operator to None, run_after=None
[2024-10-19T00:12:33.554+0000] {processor.py:208} INFO - Processing /home/airflow/.local/lib/python3.12/site-packages/airflow/example_dags/example_python_operator.py took 0.071 seconds
[2024-10-19T00:13:03.804+0000] {processor.py:186} INFO - Started process (PID=1086) to work on /home/airflow/.local/lib/python3.12/site-packages/airflow/example_dags/example_python_operator.py
[2024-10-19T00:13:03.805+0000] {processor.py:914} INFO - Processing file /home/airflow/.local/lib/python3.12/site-packages/airflow/example_dags/example_python_operator.py for tasks to queue
[2024-10-19T00:13:03.807+0000] {logging_mixin.py:190} INFO - [2024-10-19T00:13:03.807+0000] {dagbag.py:588} INFO - Filling up the DagBag from /home/airflow/.local/lib/python3.12/site-packages/airflow/example_dags/example_python_operator.py
[2024-10-19T00:13:03.818+0000] {processor.py:925} INFO - DAG(s) 'example_python_operator' retrieved from /home/airflow/.local/lib/python3.12/site-packages/airflow/example_dags/example_python_operator.py
[2024-10-19T00:13:03.839+0000] {logging_mixin.py:190} INFO - [2024-10-19T00:13:03.839+0000] {dag.py:3239} INFO - Sync 1 DAGs
[2024-10-19T00:13:03.852+0000] {logging_mixin.py:190} INFO - [2024-10-19T00:13:03.852+0000] {dag.py:4180} INFO - Setting next_dagrun for example_python_operator to None, run_after=None
[2024-10-19T00:13:03.870+0000] {processor.py:208} INFO - Processing /home/airflow/.local/lib/python3.12/site-packages/airflow/example_dags/example_python_operator.py took 0.072 seconds
[2024-10-19T00:13:34.228+0000] {processor.py:186} INFO - Started process (PID=1148) to work on /home/airflow/.local/lib/python3.12/site-packages/airflow/example_dags/example_python_operator.py
[2024-10-19T00:13:34.229+0000] {processor.py:914} INFO - Processing file /home/airflow/.local/lib/python3.12/site-packages/airflow/example_dags/example_python_operator.py for tasks to queue
[2024-10-19T00:13:34.231+0000] {logging_mixin.py:190} INFO - [2024-10-19T00:13:34.231+0000] {dagbag.py:588} INFO - Filling up the DagBag from /home/airflow/.local/lib/python3.12/site-packages/airflow/example_dags/example_python_operator.py
[2024-10-19T00:13:34.244+0000] {processor.py:925} INFO - DAG(s) 'example_python_operator' retrieved from /home/airflow/.local/lib/python3.12/site-packages/airflow/example_dags/example_python_operator.py
[2024-10-19T00:13:34.262+0000] {logging_mixin.py:190} INFO - [2024-10-19T00:13:34.261+0000] {dag.py:3239} INFO - Sync 1 DAGs
[2024-10-19T00:13:34.274+0000] {logging_mixin.py:190} INFO - [2024-10-19T00:13:34.274+0000] {dag.py:4180} INFO - Setting next_dagrun for example_python_operator to None, run_after=None
[2024-10-19T00:13:34.294+0000] {processor.py:208} INFO - Processing /home/airflow/.local/lib/python3.12/site-packages/airflow/example_dags/example_python_operator.py took 0.072 seconds
[2024-10-19T00:14:04.847+0000] {processor.py:186} INFO - Started process (PID=1210) to work on /home/airflow/.local/lib/python3.12/site-packages/airflow/example_dags/example_python_operator.py
[2024-10-19T00:14:04.848+0000] {processor.py:914} INFO - Processing file /home/airflow/.local/lib/python3.12/site-packages/airflow/example_dags/example_python_operator.py for tasks to queue
[2024-10-19T00:14:04.850+0000] {logging_mixin.py:190} INFO - [2024-10-19T00:14:04.850+0000] {dagbag.py:588} INFO - Filling up the DagBag from /home/airflow/.local/lib/python3.12/site-packages/airflow/example_dags/example_python_operator.py
[2024-10-19T00:14:04.860+0000] {processor.py:925} INFO - DAG(s) 'example_python_operator' retrieved from /home/airflow/.local/lib/python3.12/site-packages/airflow/example_dags/example_python_operator.py
[2024-10-19T00:14:04.880+0000] {logging_mixin.py:190} INFO - [2024-10-19T00:14:04.880+0000] {dag.py:3239} INFO - Sync 1 DAGs
[2024-10-19T00:14:04.893+0000] {logging_mixin.py:190} INFO - [2024-10-19T00:14:04.892+0000] {dag.py:4180} INFO - Setting next_dagrun for example_python_operator to None, run_after=None
[2024-10-19T00:14:04.911+0000] {processor.py:208} INFO - Processing /home/airflow/.local/lib/python3.12/site-packages/airflow/example_dags/example_python_operator.py took 0.070 seconds
[2024-10-19T00:14:35.554+0000] {processor.py:186} INFO - Started process (PID=1272) to work on /home/airflow/.local/lib/python3.12/site-packages/airflow/example_dags/example_python_operator.py
[2024-10-19T00:14:35.555+0000] {processor.py:914} INFO - Processing file /home/airflow/.local/lib/python3.12/site-packages/airflow/example_dags/example_python_operator.py for tasks to queue
[2024-10-19T00:14:35.557+0000] {logging_mixin.py:190} INFO - [2024-10-19T00:14:35.557+0000] {dagbag.py:588} INFO - Filling up the DagBag from /home/airflow/.local/lib/python3.12/site-packages/airflow/example_dags/example_python_operator.py
[2024-10-19T00:14:35.567+0000] {processor.py:925} INFO - DAG(s) 'example_python_operator' retrieved from /home/airflow/.local/lib/python3.12/site-packages/airflow/example_dags/example_python_operator.py
[2024-10-19T00:14:35.588+0000] {logging_mixin.py:190} INFO - [2024-10-19T00:14:35.587+0000] {dag.py:3239} INFO - Sync 1 DAGs
[2024-10-19T00:14:35.601+0000] {logging_mixin.py:190} INFO - [2024-10-19T00:14:35.600+0000] {dag.py:4180} INFO - Setting next_dagrun for example_python_operator to None, run_after=None
[2024-10-19T00:14:35.621+0000] {processor.py:208} INFO - Processing /home/airflow/.local/lib/python3.12/site-packages/airflow/example_dags/example_python_operator.py took 0.073 seconds
[2024-10-19T00:15:06.222+0000] {processor.py:186} INFO - Started process (PID=1334) to work on /home/airflow/.local/lib/python3.12/site-packages/airflow/example_dags/example_python_operator.py
[2024-10-19T00:15:06.224+0000] {processor.py:914} INFO - Processing file /home/airflow/.local/lib/python3.12/site-packages/airflow/example_dags/example_python_operator.py for tasks to queue
[2024-10-19T00:15:06.226+0000] {logging_mixin.py:190} INFO - [2024-10-19T00:15:06.226+0000] {dagbag.py:588} INFO - Filling up the DagBag from /home/airflow/.local/lib/python3.12/site-packages/airflow/example_dags/example_python_operator.py
[2024-10-19T00:15:06.239+0000] {processor.py:925} INFO - DAG(s) 'example_python_operator' retrieved from /home/airflow/.local/lib/python3.12/site-packages/airflow/example_dags/example_python_operator.py
[2024-10-19T00:15:06.264+0000] {logging_mixin.py:190} INFO - [2024-10-19T00:15:06.263+0000] {dag.py:3239} INFO - Sync 1 DAGs
[2024-10-19T00:15:06.280+0000] {logging_mixin.py:190} INFO - [2024-10-19T00:15:06.280+0000] {dag.py:4180} INFO - Setting next_dagrun for example_python_operator to None, run_after=None
[2024-10-19T00:15:06.305+0000] {processor.py:208} INFO - Processing /home/airflow/.local/lib/python3.12/site-packages/airflow/example_dags/example_python_operator.py took 0.089 seconds
[2024-10-19T00:15:37.062+0000] {processor.py:186} INFO - Started process (PID=1396) to work on /home/airflow/.local/lib/python3.12/site-packages/airflow/example_dags/example_python_operator.py
[2024-10-19T00:15:37.063+0000] {processor.py:914} INFO - Processing file /home/airflow/.local/lib/python3.12/site-packages/airflow/example_dags/example_python_operator.py for tasks to queue
[2024-10-19T00:15:37.065+0000] {logging_mixin.py:190} INFO - [2024-10-19T00:15:37.065+0000] {dagbag.py:588} INFO - Filling up the DagBag from /home/airflow/.local/lib/python3.12/site-packages/airflow/example_dags/example_python_operator.py
[2024-10-19T00:15:37.074+0000] {processor.py:925} INFO - DAG(s) 'example_python_operator' retrieved from /home/airflow/.local/lib/python3.12/site-packages/airflow/example_dags/example_python_operator.py
[2024-10-19T00:15:37.093+0000] {logging_mixin.py:190} INFO - [2024-10-19T00:15:37.093+0000] {dag.py:3239} INFO - Sync 1 DAGs
[2024-10-19T00:15:37.106+0000] {logging_mixin.py:190} INFO - [2024-10-19T00:15:37.106+0000] {dag.py:4180} INFO - Setting next_dagrun for example_python_operator to None, run_after=None
[2024-10-19T00:15:37.129+0000] {processor.py:208} INFO - Processing /home/airflow/.local/lib/python3.12/site-packages/airflow/example_dags/example_python_operator.py took 0.072 seconds
[2024-10-19T00:16:07.784+0000] {processor.py:186} INFO - Started process (PID=1457) to work on /home/airflow/.local/lib/python3.12/site-packages/airflow/example_dags/example_python_operator.py
[2024-10-19T00:16:07.785+0000] {processor.py:914} INFO - Processing file /home/airflow/.local/lib/python3.12/site-packages/airflow/example_dags/example_python_operator.py for tasks to queue
[2024-10-19T00:16:07.787+0000] {logging_mixin.py:190} INFO - [2024-10-19T00:16:07.787+0000] {dagbag.py:588} INFO - Filling up the DagBag from /home/airflow/.local/lib/python3.12/site-packages/airflow/example_dags/example_python_operator.py
[2024-10-19T00:16:07.800+0000] {processor.py:925} INFO - DAG(s) 'example_python_operator' retrieved from /home/airflow/.local/lib/python3.12/site-packages/airflow/example_dags/example_python_operator.py
[2024-10-19T00:16:07.821+0000] {logging_mixin.py:190} INFO - [2024-10-19T00:16:07.820+0000] {dag.py:3239} INFO - Sync 1 DAGs
[2024-10-19T00:16:07.833+0000] {logging_mixin.py:190} INFO - [2024-10-19T00:16:07.833+0000] {dag.py:4180} INFO - Setting next_dagrun for example_python_operator to None, run_after=None
[2024-10-19T00:16:07.854+0000] {processor.py:208} INFO - Processing /home/airflow/.local/lib/python3.12/site-packages/airflow/example_dags/example_python_operator.py took 0.077 seconds
[2024-10-19T00:16:38.517+0000] {processor.py:186} INFO - Started process (PID=1519) to work on /home/airflow/.local/lib/python3.12/site-packages/airflow/example_dags/example_python_operator.py
[2024-10-19T00:16:38.518+0000] {processor.py:914} INFO - Processing file /home/airflow/.local/lib/python3.12/site-packages/airflow/example_dags/example_python_operator.py for tasks to queue
[2024-10-19T00:16:38.521+0000] {logging_mixin.py:190} INFO - [2024-10-19T00:16:38.520+0000] {dagbag.py:588} INFO - Filling up the DagBag from /home/airflow/.local/lib/python3.12/site-packages/airflow/example_dags/example_python_operator.py
[2024-10-19T00:16:38.531+0000] {processor.py:925} INFO - DAG(s) 'example_python_operator' retrieved from /home/airflow/.local/lib/python3.12/site-packages/airflow/example_dags/example_python_operator.py
[2024-10-19T00:16:38.554+0000] {logging_mixin.py:190} INFO - [2024-10-19T00:16:38.553+0000] {dag.py:3239} INFO - Sync 1 DAGs
[2024-10-19T00:16:38.569+0000] {logging_mixin.py:190} INFO - [2024-10-19T00:16:38.568+0000] {dag.py:4180} INFO - Setting next_dagrun for example_python_operator to None, run_after=None
[2024-10-19T00:16:38.590+0000] {processor.py:208} INFO - Processing /home/airflow/.local/lib/python3.12/site-packages/airflow/example_dags/example_python_operator.py took 0.078 seconds
[2024-10-19T00:17:09.832+0000] {processor.py:186} INFO - Started process (PID=1581) to work on /home/airflow/.local/lib/python3.12/site-packages/airflow/example_dags/example_python_operator.py
[2024-10-19T00:17:09.833+0000] {processor.py:914} INFO - Processing file /home/airflow/.local/lib/python3.12/site-packages/airflow/example_dags/example_python_operator.py for tasks to queue
[2024-10-19T00:17:09.836+0000] {logging_mixin.py:190} INFO - [2024-10-19T00:17:09.835+0000] {dagbag.py:588} INFO - Filling up the DagBag from /home/airflow/.local/lib/python3.12/site-packages/airflow/example_dags/example_python_operator.py
[2024-10-19T00:17:09.848+0000] {processor.py:925} INFO - DAG(s) 'example_python_operator' retrieved from /home/airflow/.local/lib/python3.12/site-packages/airflow/example_dags/example_python_operator.py
[2024-10-19T00:17:09.870+0000] {logging_mixin.py:190} INFO - [2024-10-19T00:17:09.870+0000] {dag.py:3239} INFO - Sync 1 DAGs
[2024-10-19T00:17:09.884+0000] {logging_mixin.py:190} INFO - [2024-10-19T00:17:09.884+0000] {dag.py:4180} INFO - Setting next_dagrun for example_python_operator to None, run_after=None
[2024-10-19T00:17:09.907+0000] {processor.py:208} INFO - Processing /home/airflow/.local/lib/python3.12/site-packages/airflow/example_dags/example_python_operator.py took 0.081 seconds
[2024-10-19T00:17:40.548+0000] {processor.py:186} INFO - Started process (PID=1643) to work on /home/airflow/.local/lib/python3.12/site-packages/airflow/example_dags/example_python_operator.py
[2024-10-19T00:17:40.549+0000] {processor.py:914} INFO - Processing file /home/airflow/.local/lib/python3.12/site-packages/airflow/example_dags/example_python_operator.py for tasks to queue
[2024-10-19T00:17:40.551+0000] {logging_mixin.py:190} INFO - [2024-10-19T00:17:40.551+0000] {dagbag.py:588} INFO - Filling up the DagBag from /home/airflow/.local/lib/python3.12/site-packages/airflow/example_dags/example_python_operator.py
[2024-10-19T00:17:40.563+0000] {processor.py:925} INFO - DAG(s) 'example_python_operator' retrieved from /home/airflow/.local/lib/python3.12/site-packages/airflow/example_dags/example_python_operator.py
[2024-10-19T00:17:40.583+0000] {logging_mixin.py:190} INFO - [2024-10-19T00:17:40.583+0000] {dag.py:3239} INFO - Sync 1 DAGs
[2024-10-19T00:17:40.597+0000] {logging_mixin.py:190} INFO - [2024-10-19T00:17:40.597+0000] {dag.py:4180} INFO - Setting next_dagrun for example_python_operator to None, run_after=None
[2024-10-19T00:17:40.617+0000] {processor.py:208} INFO - Processing /home/airflow/.local/lib/python3.12/site-packages/airflow/example_dags/example_python_operator.py took 0.074 seconds
[2024-10-19T00:18:11.066+0000] {processor.py:186} INFO - Started process (PID=1705) to work on /home/airflow/.local/lib/python3.12/site-packages/airflow/example_dags/example_python_operator.py
[2024-10-19T00:18:11.067+0000] {processor.py:914} INFO - Processing file /home/airflow/.local/lib/python3.12/site-packages/airflow/example_dags/example_python_operator.py for tasks to queue
[2024-10-19T00:18:11.068+0000] {logging_mixin.py:190} INFO - [2024-10-19T00:18:11.068+0000] {dagbag.py:588} INFO - Filling up the DagBag from /home/airflow/.local/lib/python3.12/site-packages/airflow/example_dags/example_python_operator.py
[2024-10-19T00:18:11.078+0000] {processor.py:925} INFO - DAG(s) 'example_python_operator' retrieved from /home/airflow/.local/lib/python3.12/site-packages/airflow/example_dags/example_python_operator.py
[2024-10-19T00:18:11.095+0000] {logging_mixin.py:190} INFO - [2024-10-19T00:18:11.095+0000] {dag.py:3239} INFO - Sync 1 DAGs
[2024-10-19T00:18:11.108+0000] {logging_mixin.py:190} INFO - [2024-10-19T00:18:11.108+0000] {dag.py:4180} INFO - Setting next_dagrun for example_python_operator to None, run_after=None
[2024-10-19T00:18:11.130+0000] {processor.py:208} INFO - Processing /home/airflow/.local/lib/python3.12/site-packages/airflow/example_dags/example_python_operator.py took 0.069 seconds
[2024-10-19T00:18:41.341+0000] {processor.py:186} INFO - Started process (PID=1766) to work on /home/airflow/.local/lib/python3.12/site-packages/airflow/example_dags/example_python_operator.py
[2024-10-19T00:18:41.342+0000] {processor.py:914} INFO - Processing file /home/airflow/.local/lib/python3.12/site-packages/airflow/example_dags/example_python_operator.py for tasks to queue
[2024-10-19T00:18:41.345+0000] {logging_mixin.py:190} INFO - [2024-10-19T00:18:41.345+0000] {dagbag.py:588} INFO - Filling up the DagBag from /home/airflow/.local/lib/python3.12/site-packages/airflow/example_dags/example_python_operator.py
[2024-10-19T00:18:41.356+0000] {processor.py:925} INFO - DAG(s) 'example_python_operator' retrieved from /home/airflow/.local/lib/python3.12/site-packages/airflow/example_dags/example_python_operator.py
[2024-10-19T00:18:41.376+0000] {logging_mixin.py:190} INFO - [2024-10-19T00:18:41.375+0000] {dag.py:3239} INFO - Sync 1 DAGs
[2024-10-19T00:18:41.390+0000] {logging_mixin.py:190} INFO - [2024-10-19T00:18:41.389+0000] {dag.py:4180} INFO - Setting next_dagrun for example_python_operator to None, run_after=None
[2024-10-19T00:18:41.412+0000] {processor.py:208} INFO - Processing /home/airflow/.local/lib/python3.12/site-packages/airflow/example_dags/example_python_operator.py took 0.075 seconds
[2024-10-19T00:19:12.464+0000] {processor.py:186} INFO - Started process (PID=1828) to work on /home/airflow/.local/lib/python3.12/site-packages/airflow/example_dags/example_python_operator.py
[2024-10-19T00:19:12.466+0000] {processor.py:914} INFO - Processing file /home/airflow/.local/lib/python3.12/site-packages/airflow/example_dags/example_python_operator.py for tasks to queue
[2024-10-19T00:19:12.468+0000] {logging_mixin.py:190} INFO - [2024-10-19T00:19:12.468+0000] {dagbag.py:588} INFO - Filling up the DagBag from /home/airflow/.local/lib/python3.12/site-packages/airflow/example_dags/example_python_operator.py
[2024-10-19T00:19:12.479+0000] {processor.py:925} INFO - DAG(s) 'example_python_operator' retrieved from /home/airflow/.local/lib/python3.12/site-packages/airflow/example_dags/example_python_operator.py
[2024-10-19T00:19:12.498+0000] {logging_mixin.py:190} INFO - [2024-10-19T00:19:12.498+0000] {dag.py:3239} INFO - Sync 1 DAGs
[2024-10-19T00:19:12.511+0000] {logging_mixin.py:190} INFO - [2024-10-19T00:19:12.511+0000] {dag.py:4180} INFO - Setting next_dagrun for example_python_operator to None, run_after=None
[2024-10-19T00:19:12.533+0000] {processor.py:208} INFO - Processing /home/airflow/.local/lib/python3.12/site-packages/airflow/example_dags/example_python_operator.py took 0.074 seconds
[2024-10-19T00:19:42.883+0000] {processor.py:186} INFO - Started process (PID=1890) to work on /home/airflow/.local/lib/python3.12/site-packages/airflow/example_dags/example_python_operator.py
[2024-10-19T00:19:42.884+0000] {processor.py:914} INFO - Processing file /home/airflow/.local/lib/python3.12/site-packages/airflow/example_dags/example_python_operator.py for tasks to queue
[2024-10-19T00:19:42.886+0000] {logging_mixin.py:190} INFO - [2024-10-19T00:19:42.886+0000] {dagbag.py:588} INFO - Filling up the DagBag from /home/airflow/.local/lib/python3.12/site-packages/airflow/example_dags/example_python_operator.py
[2024-10-19T00:19:42.896+0000] {processor.py:925} INFO - DAG(s) 'example_python_operator' retrieved from /home/airflow/.local/lib/python3.12/site-packages/airflow/example_dags/example_python_operator.py
[2024-10-19T00:19:42.914+0000] {logging_mixin.py:190} INFO - [2024-10-19T00:19:42.914+0000] {dag.py:3239} INFO - Sync 1 DAGs
[2024-10-19T00:19:42.926+0000] {logging_mixin.py:190} INFO - [2024-10-19T00:19:42.926+0000] {dag.py:4180} INFO - Setting next_dagrun for example_python_operator to None, run_after=None
[2024-10-19T00:19:42.946+0000] {processor.py:208} INFO - Processing /home/airflow/.local/lib/python3.12/site-packages/airflow/example_dags/example_python_operator.py took 0.067 seconds
[2024-10-19T00:20:13.629+0000] {processor.py:186} INFO - Started process (PID=1952) to work on /home/airflow/.local/lib/python3.12/site-packages/airflow/example_dags/example_python_operator.py
[2024-10-19T00:20:13.630+0000] {processor.py:914} INFO - Processing file /home/airflow/.local/lib/python3.12/site-packages/airflow/example_dags/example_python_operator.py for tasks to queue
[2024-10-19T00:20:13.632+0000] {logging_mixin.py:190} INFO - [2024-10-19T00:20:13.632+0000] {dagbag.py:588} INFO - Filling up the DagBag from /home/airflow/.local/lib/python3.12/site-packages/airflow/example_dags/example_python_operator.py
[2024-10-19T00:20:13.642+0000] {processor.py:925} INFO - DAG(s) 'example_python_operator' retrieved from /home/airflow/.local/lib/python3.12/site-packages/airflow/example_dags/example_python_operator.py
[2024-10-19T00:20:13.660+0000] {logging_mixin.py:190} INFO - [2024-10-19T00:20:13.660+0000] {dag.py:3239} INFO - Sync 1 DAGs
[2024-10-19T00:20:13.672+0000] {logging_mixin.py:190} INFO - [2024-10-19T00:20:13.672+0000] {dag.py:4180} INFO - Setting next_dagrun for example_python_operator to None, run_after=None
[2024-10-19T00:20:13.695+0000] {processor.py:208} INFO - Processing /home/airflow/.local/lib/python3.12/site-packages/airflow/example_dags/example_python_operator.py took 0.071 seconds
[2024-10-19T00:20:44.397+0000] {processor.py:186} INFO - Started process (PID=2014) to work on /home/airflow/.local/lib/python3.12/site-packages/airflow/example_dags/example_python_operator.py
[2024-10-19T00:20:44.398+0000] {processor.py:914} INFO - Processing file /home/airflow/.local/lib/python3.12/site-packages/airflow/example_dags/example_python_operator.py for tasks to queue
[2024-10-19T00:20:44.400+0000] {logging_mixin.py:190} INFO - [2024-10-19T00:20:44.400+0000] {dagbag.py:588} INFO - Filling up the DagBag from /home/airflow/.local/lib/python3.12/site-packages/airflow/example_dags/example_python_operator.py
[2024-10-19T00:20:44.412+0000] {processor.py:925} INFO - DAG(s) 'example_python_operator' retrieved from /home/airflow/.local/lib/python3.12/site-packages/airflow/example_dags/example_python_operator.py
[2024-10-19T00:20:44.434+0000] {logging_mixin.py:190} INFO - [2024-10-19T00:20:44.433+0000] {dag.py:3239} INFO - Sync 1 DAGs
[2024-10-19T00:20:44.448+0000] {logging_mixin.py:190} INFO - [2024-10-19T00:20:44.448+0000] {dag.py:4180} INFO - Setting next_dagrun for example_python_operator to None, run_after=None
[2024-10-19T00:20:44.469+0000] {processor.py:208} INFO - Processing /home/airflow/.local/lib/python3.12/site-packages/airflow/example_dags/example_python_operator.py took 0.078 seconds
[2024-10-19T00:21:15.584+0000] {processor.py:186} INFO - Started process (PID=2076) to work on /home/airflow/.local/lib/python3.12/site-packages/airflow/example_dags/example_python_operator.py
[2024-10-19T00:21:15.585+0000] {processor.py:914} INFO - Processing file /home/airflow/.local/lib/python3.12/site-packages/airflow/example_dags/example_python_operator.py for tasks to queue
[2024-10-19T00:21:15.589+0000] {logging_mixin.py:190} INFO - [2024-10-19T00:21:15.588+0000] {dagbag.py:588} INFO - Filling up the DagBag from /home/airflow/.local/lib/python3.12/site-packages/airflow/example_dags/example_python_operator.py
[2024-10-19T00:21:15.601+0000] {processor.py:925} INFO - DAG(s) 'example_python_operator' retrieved from /home/airflow/.local/lib/python3.12/site-packages/airflow/example_dags/example_python_operator.py
[2024-10-19T00:21:15.623+0000] {logging_mixin.py:190} INFO - [2024-10-19T00:21:15.623+0000] {dag.py:3239} INFO - Sync 1 DAGs
[2024-10-19T00:21:15.637+0000] {logging_mixin.py:190} INFO - [2024-10-19T00:21:15.637+0000] {dag.py:4180} INFO - Setting next_dagrun for example_python_operator to None, run_after=None
[2024-10-19T00:21:15.659+0000] {processor.py:208} INFO - Processing /home/airflow/.local/lib/python3.12/site-packages/airflow/example_dags/example_python_operator.py took 0.081 seconds
[2024-10-19T00:21:46.582+0000] {processor.py:186} INFO - Started process (PID=2139) to work on /home/airflow/.local/lib/python3.12/site-packages/airflow/example_dags/example_python_operator.py
[2024-10-19T00:21:46.583+0000] {processor.py:914} INFO - Processing file /home/airflow/.local/lib/python3.12/site-packages/airflow/example_dags/example_python_operator.py for tasks to queue
[2024-10-19T00:21:46.586+0000] {logging_mixin.py:190} INFO - [2024-10-19T00:21:46.585+0000] {dagbag.py:588} INFO - Filling up the DagBag from /home/airflow/.local/lib/python3.12/site-packages/airflow/example_dags/example_python_operator.py
[2024-10-19T00:21:46.597+0000] {processor.py:925} INFO - DAG(s) 'example_python_operator' retrieved from /home/airflow/.local/lib/python3.12/site-packages/airflow/example_dags/example_python_operator.py
[2024-10-19T00:21:46.618+0000] {logging_mixin.py:190} INFO - [2024-10-19T00:21:46.618+0000] {dag.py:3239} INFO - Sync 1 DAGs
[2024-10-19T00:21:46.632+0000] {logging_mixin.py:190} INFO - [2024-10-19T00:21:46.632+0000] {dag.py:4180} INFO - Setting next_dagrun for example_python_operator to None, run_after=None
[2024-10-19T00:21:46.651+0000] {processor.py:208} INFO - Processing /home/airflow/.local/lib/python3.12/site-packages/airflow/example_dags/example_python_operator.py took 0.075 seconds
[2024-10-19T00:22:17.352+0000] {processor.py:186} INFO - Started process (PID=2201) to work on /home/airflow/.local/lib/python3.12/site-packages/airflow/example_dags/example_python_operator.py
[2024-10-19T00:22:17.353+0000] {processor.py:914} INFO - Processing file /home/airflow/.local/lib/python3.12/site-packages/airflow/example_dags/example_python_operator.py for tasks to queue
[2024-10-19T00:22:17.355+0000] {logging_mixin.py:190} INFO - [2024-10-19T00:22:17.355+0000] {dagbag.py:588} INFO - Filling up the DagBag from /home/airflow/.local/lib/python3.12/site-packages/airflow/example_dags/example_python_operator.py
[2024-10-19T00:22:17.365+0000] {processor.py:925} INFO - DAG(s) 'example_python_operator' retrieved from /home/airflow/.local/lib/python3.12/site-packages/airflow/example_dags/example_python_operator.py
[2024-10-19T00:22:17.382+0000] {logging_mixin.py:190} INFO - [2024-10-19T00:22:17.381+0000] {dag.py:3239} INFO - Sync 1 DAGs
[2024-10-19T00:22:17.393+0000] {logging_mixin.py:190} INFO - [2024-10-19T00:22:17.392+0000] {dag.py:4180} INFO - Setting next_dagrun for example_python_operator to None, run_after=None
[2024-10-19T00:22:17.411+0000] {processor.py:208} INFO - Processing /home/airflow/.local/lib/python3.12/site-packages/airflow/example_dags/example_python_operator.py took 0.063 seconds
[2024-10-19T00:22:47.884+0000] {processor.py:186} INFO - Started process (PID=2264) to work on /home/airflow/.local/lib/python3.12/site-packages/airflow/example_dags/example_python_operator.py
[2024-10-19T00:22:47.885+0000] {processor.py:914} INFO - Processing file /home/airflow/.local/lib/python3.12/site-packages/airflow/example_dags/example_python_operator.py for tasks to queue
[2024-10-19T00:22:47.887+0000] {logging_mixin.py:190} INFO - [2024-10-19T00:22:47.887+0000] {dagbag.py:588} INFO - Filling up the DagBag from /home/airflow/.local/lib/python3.12/site-packages/airflow/example_dags/example_python_operator.py
[2024-10-19T00:22:47.896+0000] {processor.py:925} INFO - DAG(s) 'example_python_operator' retrieved from /home/airflow/.local/lib/python3.12/site-packages/airflow/example_dags/example_python_operator.py
[2024-10-19T00:22:47.914+0000] {logging_mixin.py:190} INFO - [2024-10-19T00:22:47.914+0000] {dag.py:3239} INFO - Sync 1 DAGs
[2024-10-19T00:22:47.926+0000] {logging_mixin.py:190} INFO - [2024-10-19T00:22:47.926+0000] {dag.py:4180} INFO - Setting next_dagrun for example_python_operator to None, run_after=None
[2024-10-19T00:22:47.944+0000] {processor.py:208} INFO - Processing /home/airflow/.local/lib/python3.12/site-packages/airflow/example_dags/example_python_operator.py took 0.064 seconds
[2024-10-19T00:23:18.224+0000] {processor.py:186} INFO - Started process (PID=2326) to work on /home/airflow/.local/lib/python3.12/site-packages/airflow/example_dags/example_python_operator.py
[2024-10-19T00:23:18.225+0000] {processor.py:914} INFO - Processing file /home/airflow/.local/lib/python3.12/site-packages/airflow/example_dags/example_python_operator.py for tasks to queue
[2024-10-19T00:23:18.227+0000] {logging_mixin.py:190} INFO - [2024-10-19T00:23:18.227+0000] {dagbag.py:588} INFO - Filling up the DagBag from /home/airflow/.local/lib/python3.12/site-packages/airflow/example_dags/example_python_operator.py
[2024-10-19T00:23:18.236+0000] {processor.py:925} INFO - DAG(s) 'example_python_operator' retrieved from /home/airflow/.local/lib/python3.12/site-packages/airflow/example_dags/example_python_operator.py
[2024-10-19T00:23:18.252+0000] {logging_mixin.py:190} INFO - [2024-10-19T00:23:18.252+0000] {dag.py:3239} INFO - Sync 1 DAGs
[2024-10-19T00:23:18.263+0000] {logging_mixin.py:190} INFO - [2024-10-19T00:23:18.263+0000] {dag.py:4180} INFO - Setting next_dagrun for example_python_operator to None, run_after=None
[2024-10-19T00:23:18.282+0000] {processor.py:208} INFO - Processing /home/airflow/.local/lib/python3.12/site-packages/airflow/example_dags/example_python_operator.py took 0.062 seconds
[2024-10-19T00:23:48.765+0000] {processor.py:186} INFO - Started process (PID=2388) to work on /home/airflow/.local/lib/python3.12/site-packages/airflow/example_dags/example_python_operator.py
[2024-10-19T00:23:48.766+0000] {processor.py:914} INFO - Processing file /home/airflow/.local/lib/python3.12/site-packages/airflow/example_dags/example_python_operator.py for tasks to queue
[2024-10-19T00:23:48.767+0000] {logging_mixin.py:190} INFO - [2024-10-19T00:23:48.767+0000] {dagbag.py:588} INFO - Filling up the DagBag from /home/airflow/.local/lib/python3.12/site-packages/airflow/example_dags/example_python_operator.py
[2024-10-19T00:23:48.777+0000] {processor.py:925} INFO - DAG(s) 'example_python_operator' retrieved from /home/airflow/.local/lib/python3.12/site-packages/airflow/example_dags/example_python_operator.py
[2024-10-19T00:23:48.797+0000] {logging_mixin.py:190} INFO - [2024-10-19T00:23:48.796+0000] {dag.py:3239} INFO - Sync 1 DAGs
[2024-10-19T00:23:48.808+0000] {logging_mixin.py:190} INFO - [2024-10-19T00:23:48.808+0000] {dag.py:4180} INFO - Setting next_dagrun for example_python_operator to None, run_after=None
[2024-10-19T00:23:48.824+0000] {processor.py:208} INFO - Processing /home/airflow/.local/lib/python3.12/site-packages/airflow/example_dags/example_python_operator.py took 0.065 seconds
[2024-10-19T00:24:19.408+0000] {processor.py:186} INFO - Started process (PID=2450) to work on /home/airflow/.local/lib/python3.12/site-packages/airflow/example_dags/example_python_operator.py
[2024-10-19T00:24:19.409+0000] {processor.py:914} INFO - Processing file /home/airflow/.local/lib/python3.12/site-packages/airflow/example_dags/example_python_operator.py for tasks to queue
[2024-10-19T00:24:19.412+0000] {logging_mixin.py:190} INFO - [2024-10-19T00:24:19.412+0000] {dagbag.py:588} INFO - Filling up the DagBag from /home/airflow/.local/lib/python3.12/site-packages/airflow/example_dags/example_python_operator.py
[2024-10-19T00:24:19.424+0000] {processor.py:925} INFO - DAG(s) 'example_python_operator' retrieved from /home/airflow/.local/lib/python3.12/site-packages/airflow/example_dags/example_python_operator.py
[2024-10-19T00:24:19.444+0000] {logging_mixin.py:190} INFO - [2024-10-19T00:24:19.443+0000] {dag.py:3239} INFO - Sync 1 DAGs
[2024-10-19T00:24:19.456+0000] {logging_mixin.py:190} INFO - [2024-10-19T00:24:19.455+0000] {dag.py:4180} INFO - Setting next_dagrun for example_python_operator to None, run_after=None
[2024-10-19T00:24:19.474+0000] {processor.py:208} INFO - Processing /home/airflow/.local/lib/python3.12/site-packages/airflow/example_dags/example_python_operator.py took 0.072 seconds
[2024-10-19T00:24:49.905+0000] {processor.py:186} INFO - Started process (PID=2512) to work on /home/airflow/.local/lib/python3.12/site-packages/airflow/example_dags/example_python_operator.py
[2024-10-19T00:24:49.906+0000] {processor.py:914} INFO - Processing file /home/airflow/.local/lib/python3.12/site-packages/airflow/example_dags/example_python_operator.py for tasks to queue
[2024-10-19T00:24:49.909+0000] {logging_mixin.py:190} INFO - [2024-10-19T00:24:49.908+0000] {dagbag.py:588} INFO - Filling up the DagBag from /home/airflow/.local/lib/python3.12/site-packages/airflow/example_dags/example_python_operator.py
[2024-10-19T00:24:49.924+0000] {processor.py:925} INFO - DAG(s) 'example_python_operator' retrieved from /home/airflow/.local/lib/python3.12/site-packages/airflow/example_dags/example_python_operator.py
[2024-10-19T00:24:49.949+0000] {logging_mixin.py:190} INFO - [2024-10-19T00:24:49.949+0000] {dag.py:3239} INFO - Sync 1 DAGs
[2024-10-19T00:24:49.965+0000] {logging_mixin.py:190} INFO - [2024-10-19T00:24:49.965+0000] {dag.py:4180} INFO - Setting next_dagrun for example_python_operator to None, run_after=None
[2024-10-19T00:24:49.989+0000] {processor.py:208} INFO - Processing /home/airflow/.local/lib/python3.12/site-packages/airflow/example_dags/example_python_operator.py took 0.089 seconds
[2024-10-19T00:25:20.924+0000] {processor.py:186} INFO - Started process (PID=2573) to work on /home/airflow/.local/lib/python3.12/site-packages/airflow/example_dags/example_python_operator.py
[2024-10-19T00:25:20.925+0000] {processor.py:914} INFO - Processing file /home/airflow/.local/lib/python3.12/site-packages/airflow/example_dags/example_python_operator.py for tasks to queue
[2024-10-19T00:25:20.927+0000] {logging_mixin.py:190} INFO - [2024-10-19T00:25:20.927+0000] {dagbag.py:588} INFO - Filling up the DagBag from /home/airflow/.local/lib/python3.12/site-packages/airflow/example_dags/example_python_operator.py
[2024-10-19T00:25:20.940+0000] {processor.py:925} INFO - DAG(s) 'example_python_operator' retrieved from /home/airflow/.local/lib/python3.12/site-packages/airflow/example_dags/example_python_operator.py
[2024-10-19T00:25:20.974+0000] {logging_mixin.py:190} INFO - [2024-10-19T00:25:20.974+0000] {dag.py:3239} INFO - Sync 1 DAGs
[2024-10-19T00:25:21.013+0000] {logging_mixin.py:190} INFO - [2024-10-19T00:25:21.012+0000] {dag.py:4180} INFO - Setting next_dagrun for example_python_operator to None, run_after=None
[2024-10-19T00:25:21.044+0000] {processor.py:208} INFO - Processing /home/airflow/.local/lib/python3.12/site-packages/airflow/example_dags/example_python_operator.py took 0.126 seconds
[2024-10-19T00:25:52.033+0000] {processor.py:186} INFO - Started process (PID=2635) to work on /home/airflow/.local/lib/python3.12/site-packages/airflow/example_dags/example_python_operator.py
[2024-10-19T00:25:52.036+0000] {processor.py:914} INFO - Processing file /home/airflow/.local/lib/python3.12/site-packages/airflow/example_dags/example_python_operator.py for tasks to queue
[2024-10-19T00:25:52.039+0000] {logging_mixin.py:190} INFO - [2024-10-19T00:25:52.039+0000] {dagbag.py:588} INFO - Filling up the DagBag from /home/airflow/.local/lib/python3.12/site-packages/airflow/example_dags/example_python_operator.py
[2024-10-19T00:25:52.059+0000] {processor.py:925} INFO - DAG(s) 'example_python_operator' retrieved from /home/airflow/.local/lib/python3.12/site-packages/airflow/example_dags/example_python_operator.py
[2024-10-19T00:25:52.088+0000] {logging_mixin.py:190} INFO - [2024-10-19T00:25:52.087+0000] {dag.py:3239} INFO - Sync 1 DAGs
[2024-10-19T00:25:52.104+0000] {logging_mixin.py:190} INFO - [2024-10-19T00:25:52.104+0000] {dag.py:4180} INFO - Setting next_dagrun for example_python_operator to None, run_after=None
[2024-10-19T00:25:52.140+0000] {processor.py:208} INFO - Processing /home/airflow/.local/lib/python3.12/site-packages/airflow/example_dags/example_python_operator.py took 0.114 seconds
[2024-10-19T00:26:22.236+0000] {processor.py:186} INFO - Started process (PID=2704) to work on /home/airflow/.local/lib/python3.12/site-packages/airflow/example_dags/example_python_operator.py
[2024-10-19T00:26:22.238+0000] {processor.py:914} INFO - Processing file /home/airflow/.local/lib/python3.12/site-packages/airflow/example_dags/example_python_operator.py for tasks to queue
[2024-10-19T00:26:22.241+0000] {logging_mixin.py:190} INFO - [2024-10-19T00:26:22.241+0000] {dagbag.py:588} INFO - Filling up the DagBag from /home/airflow/.local/lib/python3.12/site-packages/airflow/example_dags/example_python_operator.py
[2024-10-19T00:26:22.258+0000] {processor.py:925} INFO - DAG(s) 'example_python_operator' retrieved from /home/airflow/.local/lib/python3.12/site-packages/airflow/example_dags/example_python_operator.py
[2024-10-19T00:26:22.283+0000] {logging_mixin.py:190} INFO - [2024-10-19T00:26:22.282+0000] {dag.py:3239} INFO - Sync 1 DAGs
[2024-10-19T00:26:22.298+0000] {logging_mixin.py:190} INFO - [2024-10-19T00:26:22.298+0000] {dag.py:4180} INFO - Setting next_dagrun for example_python_operator to None, run_after=None
[2024-10-19T00:26:22.317+0000] {processor.py:208} INFO - Processing /home/airflow/.local/lib/python3.12/site-packages/airflow/example_dags/example_python_operator.py took 0.091 seconds
[2024-10-19T00:26:52.954+0000] {processor.py:186} INFO - Started process (PID=2764) to work on /home/airflow/.local/lib/python3.12/site-packages/airflow/example_dags/example_python_operator.py
[2024-10-19T00:26:52.956+0000] {processor.py:914} INFO - Processing file /home/airflow/.local/lib/python3.12/site-packages/airflow/example_dags/example_python_operator.py for tasks to queue
[2024-10-19T00:26:52.959+0000] {logging_mixin.py:190} INFO - [2024-10-19T00:26:52.959+0000] {dagbag.py:588} INFO - Filling up the DagBag from /home/airflow/.local/lib/python3.12/site-packages/airflow/example_dags/example_python_operator.py
[2024-10-19T00:26:52.978+0000] {processor.py:925} INFO - DAG(s) 'example_python_operator' retrieved from /home/airflow/.local/lib/python3.12/site-packages/airflow/example_dags/example_python_operator.py
[2024-10-19T00:26:53.008+0000] {logging_mixin.py:190} INFO - [2024-10-19T00:26:53.007+0000] {dag.py:3239} INFO - Sync 1 DAGs
[2024-10-19T00:26:53.031+0000] {logging_mixin.py:190} INFO - [2024-10-19T00:26:53.031+0000] {dag.py:4180} INFO - Setting next_dagrun for example_python_operator to None, run_after=None
[2024-10-19T00:26:53.060+0000] {processor.py:208} INFO - Processing /home/airflow/.local/lib/python3.12/site-packages/airflow/example_dags/example_python_operator.py took 0.113 seconds
[2024-10-19T00:27:23.794+0000] {processor.py:186} INFO - Started process (PID=2825) to work on /home/airflow/.local/lib/python3.12/site-packages/airflow/example_dags/example_python_operator.py
[2024-10-19T00:27:23.795+0000] {processor.py:914} INFO - Processing file /home/airflow/.local/lib/python3.12/site-packages/airflow/example_dags/example_python_operator.py for tasks to queue
[2024-10-19T00:27:23.796+0000] {logging_mixin.py:190} INFO - [2024-10-19T00:27:23.796+0000] {dagbag.py:588} INFO - Filling up the DagBag from /home/airflow/.local/lib/python3.12/site-packages/airflow/example_dags/example_python_operator.py
[2024-10-19T00:27:23.806+0000] {processor.py:925} INFO - DAG(s) 'example_python_operator' retrieved from /home/airflow/.local/lib/python3.12/site-packages/airflow/example_dags/example_python_operator.py
[2024-10-19T00:27:23.823+0000] {logging_mixin.py:190} INFO - [2024-10-19T00:27:23.822+0000] {dag.py:3239} INFO - Sync 1 DAGs
[2024-10-19T00:27:23.833+0000] {logging_mixin.py:190} INFO - [2024-10-19T00:27:23.833+0000] {dag.py:4180} INFO - Setting next_dagrun for example_python_operator to None, run_after=None
[2024-10-19T00:27:23.853+0000] {processor.py:208} INFO - Processing /home/airflow/.local/lib/python3.12/site-packages/airflow/example_dags/example_python_operator.py took 0.064 seconds
[2024-10-19T00:27:54.970+0000] {processor.py:186} INFO - Started process (PID=2887) to work on /home/airflow/.local/lib/python3.12/site-packages/airflow/example_dags/example_python_operator.py
[2024-10-19T00:27:54.971+0000] {processor.py:914} INFO - Processing file /home/airflow/.local/lib/python3.12/site-packages/airflow/example_dags/example_python_operator.py for tasks to queue
[2024-10-19T00:27:54.974+0000] {logging_mixin.py:190} INFO - [2024-10-19T00:27:54.974+0000] {dagbag.py:588} INFO - Filling up the DagBag from /home/airflow/.local/lib/python3.12/site-packages/airflow/example_dags/example_python_operator.py
[2024-10-19T00:27:54.984+0000] {processor.py:925} INFO - DAG(s) 'example_python_operator' retrieved from /home/airflow/.local/lib/python3.12/site-packages/airflow/example_dags/example_python_operator.py
[2024-10-19T00:27:55.142+0000] {logging_mixin.py:190} INFO - [2024-10-19T00:27:55.142+0000] {dag.py:3239} INFO - Sync 1 DAGs
[2024-10-19T00:27:55.152+0000] {logging_mixin.py:190} INFO - [2024-10-19T00:27:55.152+0000] {dag.py:4180} INFO - Setting next_dagrun for example_python_operator to None, run_after=None
[2024-10-19T00:27:55.169+0000] {processor.py:208} INFO - Processing /home/airflow/.local/lib/python3.12/site-packages/airflow/example_dags/example_python_operator.py took 0.205 seconds
[2024-10-19T00:28:25.502+0000] {processor.py:186} INFO - Started process (PID=2949) to work on /home/airflow/.local/lib/python3.12/site-packages/airflow/example_dags/example_python_operator.py
[2024-10-19T00:28:25.503+0000] {processor.py:914} INFO - Processing file /home/airflow/.local/lib/python3.12/site-packages/airflow/example_dags/example_python_operator.py for tasks to queue
[2024-10-19T00:28:25.505+0000] {logging_mixin.py:190} INFO - [2024-10-19T00:28:25.505+0000] {dagbag.py:588} INFO - Filling up the DagBag from /home/airflow/.local/lib/python3.12/site-packages/airflow/example_dags/example_python_operator.py
[2024-10-19T00:28:25.514+0000] {processor.py:925} INFO - DAG(s) 'example_python_operator' retrieved from /home/airflow/.local/lib/python3.12/site-packages/airflow/example_dags/example_python_operator.py
[2024-10-19T00:28:25.532+0000] {logging_mixin.py:190} INFO - [2024-10-19T00:28:25.531+0000] {dag.py:3239} INFO - Sync 1 DAGs
[2024-10-19T00:28:25.543+0000] {logging_mixin.py:190} INFO - [2024-10-19T00:28:25.542+0000] {dag.py:4180} INFO - Setting next_dagrun for example_python_operator to None, run_after=None
[2024-10-19T00:28:25.561+0000] {processor.py:208} INFO - Processing /home/airflow/.local/lib/python3.12/site-packages/airflow/example_dags/example_python_operator.py took 0.064 seconds
[2024-10-19T00:28:56.344+0000] {processor.py:186} INFO - Started process (PID=3011) to work on /home/airflow/.local/lib/python3.12/site-packages/airflow/example_dags/example_python_operator.py
[2024-10-19T00:28:56.345+0000] {processor.py:914} INFO - Processing file /home/airflow/.local/lib/python3.12/site-packages/airflow/example_dags/example_python_operator.py for tasks to queue
[2024-10-19T00:28:56.347+0000] {logging_mixin.py:190} INFO - [2024-10-19T00:28:56.346+0000] {dagbag.py:588} INFO - Filling up the DagBag from /home/airflow/.local/lib/python3.12/site-packages/airflow/example_dags/example_python_operator.py
[2024-10-19T00:28:56.357+0000] {processor.py:925} INFO - DAG(s) 'example_python_operator' retrieved from /home/airflow/.local/lib/python3.12/site-packages/airflow/example_dags/example_python_operator.py
[2024-10-19T00:28:56.374+0000] {logging_mixin.py:190} INFO - [2024-10-19T00:28:56.374+0000] {dag.py:3239} INFO - Sync 1 DAGs
[2024-10-19T00:28:56.386+0000] {logging_mixin.py:190} INFO - [2024-10-19T00:28:56.386+0000] {dag.py:4180} INFO - Setting next_dagrun for example_python_operator to None, run_after=None
[2024-10-19T00:28:56.405+0000] {processor.py:208} INFO - Processing /home/airflow/.local/lib/python3.12/site-packages/airflow/example_dags/example_python_operator.py took 0.066 seconds
[2024-10-19T00:29:27.094+0000] {processor.py:186} INFO - Started process (PID=3074) to work on /home/airflow/.local/lib/python3.12/site-packages/airflow/example_dags/example_python_operator.py
[2024-10-19T00:29:27.095+0000] {processor.py:914} INFO - Processing file /home/airflow/.local/lib/python3.12/site-packages/airflow/example_dags/example_python_operator.py for tasks to queue
[2024-10-19T00:29:27.096+0000] {logging_mixin.py:190} INFO - [2024-10-19T00:29:27.096+0000] {dagbag.py:588} INFO - Filling up the DagBag from /home/airflow/.local/lib/python3.12/site-packages/airflow/example_dags/example_python_operator.py
[2024-10-19T00:29:27.106+0000] {processor.py:925} INFO - DAG(s) 'example_python_operator' retrieved from /home/airflow/.local/lib/python3.12/site-packages/airflow/example_dags/example_python_operator.py
[2024-10-19T00:29:27.123+0000] {logging_mixin.py:190} INFO - [2024-10-19T00:29:27.122+0000] {dag.py:3239} INFO - Sync 1 DAGs
[2024-10-19T00:29:27.133+0000] {logging_mixin.py:190} INFO - [2024-10-19T00:29:27.133+0000] {dag.py:4180} INFO - Setting next_dagrun for example_python_operator to None, run_after=None
[2024-10-19T00:29:27.151+0000] {processor.py:208} INFO - Processing /home/airflow/.local/lib/python3.12/site-packages/airflow/example_dags/example_python_operator.py took 0.062 seconds
[2024-10-19T00:29:57.534+0000] {processor.py:186} INFO - Started process (PID=3136) to work on /home/airflow/.local/lib/python3.12/site-packages/airflow/example_dags/example_python_operator.py
[2024-10-19T00:29:57.535+0000] {processor.py:914} INFO - Processing file /home/airflow/.local/lib/python3.12/site-packages/airflow/example_dags/example_python_operator.py for tasks to queue
[2024-10-19T00:29:57.536+0000] {logging_mixin.py:190} INFO - [2024-10-19T00:29:57.536+0000] {dagbag.py:588} INFO - Filling up the DagBag from /home/airflow/.local/lib/python3.12/site-packages/airflow/example_dags/example_python_operator.py
[2024-10-19T00:29:57.546+0000] {processor.py:925} INFO - DAG(s) 'example_python_operator' retrieved from /home/airflow/.local/lib/python3.12/site-packages/airflow/example_dags/example_python_operator.py
[2024-10-19T00:29:57.562+0000] {logging_mixin.py:190} INFO - [2024-10-19T00:29:57.562+0000] {dag.py:3239} INFO - Sync 1 DAGs
[2024-10-19T00:29:57.573+0000] {logging_mixin.py:190} INFO - [2024-10-19T00:29:57.573+0000] {dag.py:4180} INFO - Setting next_dagrun for example_python_operator to None, run_after=None
[2024-10-19T00:29:57.589+0000] {processor.py:208} INFO - Processing /home/airflow/.local/lib/python3.12/site-packages/airflow/example_dags/example_python_operator.py took 0.060 seconds
[2024-10-19T00:30:27.814+0000] {processor.py:186} INFO - Started process (PID=3198) to work on /home/airflow/.local/lib/python3.12/site-packages/airflow/example_dags/example_python_operator.py
[2024-10-19T00:30:27.815+0000] {processor.py:914} INFO - Processing file /home/airflow/.local/lib/python3.12/site-packages/airflow/example_dags/example_python_operator.py for tasks to queue
[2024-10-19T00:30:27.817+0000] {logging_mixin.py:190} INFO - [2024-10-19T00:30:27.817+0000] {dagbag.py:588} INFO - Filling up the DagBag from /home/airflow/.local/lib/python3.12/site-packages/airflow/example_dags/example_python_operator.py
[2024-10-19T00:30:27.826+0000] {processor.py:925} INFO - DAG(s) 'example_python_operator' retrieved from /home/airflow/.local/lib/python3.12/site-packages/airflow/example_dags/example_python_operator.py
[2024-10-19T00:30:27.844+0000] {logging_mixin.py:190} INFO - [2024-10-19T00:30:27.844+0000] {dag.py:3239} INFO - Sync 1 DAGs
[2024-10-19T00:30:27.856+0000] {logging_mixin.py:190} INFO - [2024-10-19T00:30:27.855+0000] {dag.py:4180} INFO - Setting next_dagrun for example_python_operator to None, run_after=None
[2024-10-19T00:30:27.873+0000] {processor.py:208} INFO - Processing /home/airflow/.local/lib/python3.12/site-packages/airflow/example_dags/example_python_operator.py took 0.063 seconds
[2024-10-19T00:30:58.270+0000] {processor.py:186} INFO - Started process (PID=3260) to work on /home/airflow/.local/lib/python3.12/site-packages/airflow/example_dags/example_python_operator.py
[2024-10-19T00:30:58.271+0000] {processor.py:914} INFO - Processing file /home/airflow/.local/lib/python3.12/site-packages/airflow/example_dags/example_python_operator.py for tasks to queue
[2024-10-19T00:30:58.273+0000] {logging_mixin.py:190} INFO - [2024-10-19T00:30:58.272+0000] {dagbag.py:588} INFO - Filling up the DagBag from /home/airflow/.local/lib/python3.12/site-packages/airflow/example_dags/example_python_operator.py
[2024-10-19T00:30:58.282+0000] {processor.py:925} INFO - DAG(s) 'example_python_operator' retrieved from /home/airflow/.local/lib/python3.12/site-packages/airflow/example_dags/example_python_operator.py
[2024-10-19T00:30:58.299+0000] {logging_mixin.py:190} INFO - [2024-10-19T00:30:58.298+0000] {dag.py:3239} INFO - Sync 1 DAGs
[2024-10-19T00:30:58.309+0000] {logging_mixin.py:190} INFO - [2024-10-19T00:30:58.309+0000] {dag.py:4180} INFO - Setting next_dagrun for example_python_operator to None, run_after=None
[2024-10-19T00:30:58.326+0000] {processor.py:208} INFO - Processing /home/airflow/.local/lib/python3.12/site-packages/airflow/example_dags/example_python_operator.py took 0.061 seconds
[2024-10-19T00:31:28.673+0000] {processor.py:186} INFO - Started process (PID=3322) to work on /home/airflow/.local/lib/python3.12/site-packages/airflow/example_dags/example_python_operator.py
[2024-10-19T00:31:28.674+0000] {processor.py:914} INFO - Processing file /home/airflow/.local/lib/python3.12/site-packages/airflow/example_dags/example_python_operator.py for tasks to queue
[2024-10-19T00:31:28.676+0000] {logging_mixin.py:190} INFO - [2024-10-19T00:31:28.676+0000] {dagbag.py:588} INFO - Filling up the DagBag from /home/airflow/.local/lib/python3.12/site-packages/airflow/example_dags/example_python_operator.py
[2024-10-19T00:31:28.685+0000] {processor.py:925} INFO - DAG(s) 'example_python_operator' retrieved from /home/airflow/.local/lib/python3.12/site-packages/airflow/example_dags/example_python_operator.py
[2024-10-19T00:31:28.701+0000] {logging_mixin.py:190} INFO - [2024-10-19T00:31:28.701+0000] {dag.py:3239} INFO - Sync 1 DAGs
[2024-10-19T00:31:28.712+0000] {logging_mixin.py:190} INFO - [2024-10-19T00:31:28.712+0000] {dag.py:4180} INFO - Setting next_dagrun for example_python_operator to None, run_after=None
[2024-10-19T00:31:28.728+0000] {processor.py:208} INFO - Processing /home/airflow/.local/lib/python3.12/site-packages/airflow/example_dags/example_python_operator.py took 0.060 seconds
[2024-10-19T00:31:59.173+0000] {processor.py:186} INFO - Started process (PID=3384) to work on /home/airflow/.local/lib/python3.12/site-packages/airflow/example_dags/example_python_operator.py
[2024-10-19T00:31:59.174+0000] {processor.py:914} INFO - Processing file /home/airflow/.local/lib/python3.12/site-packages/airflow/example_dags/example_python_operator.py for tasks to queue
[2024-10-19T00:31:59.176+0000] {logging_mixin.py:190} INFO - [2024-10-19T00:31:59.175+0000] {dagbag.py:588} INFO - Filling up the DagBag from /home/airflow/.local/lib/python3.12/site-packages/airflow/example_dags/example_python_operator.py
[2024-10-19T00:31:59.185+0000] {processor.py:925} INFO - DAG(s) 'example_python_operator' retrieved from /home/airflow/.local/lib/python3.12/site-packages/airflow/example_dags/example_python_operator.py
[2024-10-19T00:31:59.203+0000] {logging_mixin.py:190} INFO - [2024-10-19T00:31:59.202+0000] {dag.py:3239} INFO - Sync 1 DAGs
[2024-10-19T00:31:59.213+0000] {logging_mixin.py:190} INFO - [2024-10-19T00:31:59.213+0000] {dag.py:4180} INFO - Setting next_dagrun for example_python_operator to None, run_after=None
[2024-10-19T00:31:59.227+0000] {processor.py:208} INFO - Processing /home/airflow/.local/lib/python3.12/site-packages/airflow/example_dags/example_python_operator.py took 0.059 seconds
[2024-10-19T00:32:29.562+0000] {processor.py:186} INFO - Started process (PID=3446) to work on /home/airflow/.local/lib/python3.12/site-packages/airflow/example_dags/example_python_operator.py
[2024-10-19T00:32:29.563+0000] {processor.py:914} INFO - Processing file /home/airflow/.local/lib/python3.12/site-packages/airflow/example_dags/example_python_operator.py for tasks to queue
[2024-10-19T00:32:29.566+0000] {logging_mixin.py:190} INFO - [2024-10-19T00:32:29.566+0000] {dagbag.py:588} INFO - Filling up the DagBag from /home/airflow/.local/lib/python3.12/site-packages/airflow/example_dags/example_python_operator.py
[2024-10-19T00:32:29.580+0000] {processor.py:925} INFO - DAG(s) 'example_python_operator' retrieved from /home/airflow/.local/lib/python3.12/site-packages/airflow/example_dags/example_python_operator.py
[2024-10-19T00:32:29.601+0000] {logging_mixin.py:190} INFO - [2024-10-19T00:32:29.601+0000] {dag.py:3239} INFO - Sync 1 DAGs
[2024-10-19T00:32:29.613+0000] {logging_mixin.py:190} INFO - [2024-10-19T00:32:29.613+0000] {dag.py:4180} INFO - Setting next_dagrun for example_python_operator to None, run_after=None
[2024-10-19T00:32:29.631+0000] {processor.py:208} INFO - Processing /home/airflow/.local/lib/python3.12/site-packages/airflow/example_dags/example_python_operator.py took 0.078 seconds
[2024-10-19T00:33:00.028+0000] {processor.py:186} INFO - Started process (PID=3509) to work on /home/airflow/.local/lib/python3.12/site-packages/airflow/example_dags/example_python_operator.py
[2024-10-19T00:33:00.029+0000] {processor.py:914} INFO - Processing file /home/airflow/.local/lib/python3.12/site-packages/airflow/example_dags/example_python_operator.py for tasks to queue
[2024-10-19T00:33:00.031+0000] {logging_mixin.py:190} INFO - [2024-10-19T00:33:00.030+0000] {dagbag.py:588} INFO - Filling up the DagBag from /home/airflow/.local/lib/python3.12/site-packages/airflow/example_dags/example_python_operator.py
[2024-10-19T00:33:00.041+0000] {processor.py:925} INFO - DAG(s) 'example_python_operator' retrieved from /home/airflow/.local/lib/python3.12/site-packages/airflow/example_dags/example_python_operator.py
[2024-10-19T00:33:00.058+0000] {logging_mixin.py:190} INFO - [2024-10-19T00:33:00.058+0000] {dag.py:3239} INFO - Sync 1 DAGs
[2024-10-19T00:33:00.069+0000] {logging_mixin.py:190} INFO - [2024-10-19T00:33:00.069+0000] {dag.py:4180} INFO - Setting next_dagrun for example_python_operator to None, run_after=None
[2024-10-19T00:33:00.088+0000] {processor.py:208} INFO - Processing /home/airflow/.local/lib/python3.12/site-packages/airflow/example_dags/example_python_operator.py took 0.066 seconds
[2024-10-19T00:33:30.423+0000] {processor.py:186} INFO - Started process (PID=3571) to work on /home/airflow/.local/lib/python3.12/site-packages/airflow/example_dags/example_python_operator.py
[2024-10-19T00:33:30.424+0000] {processor.py:914} INFO - Processing file /home/airflow/.local/lib/python3.12/site-packages/airflow/example_dags/example_python_operator.py for tasks to queue
[2024-10-19T00:33:30.426+0000] {logging_mixin.py:190} INFO - [2024-10-19T00:33:30.426+0000] {dagbag.py:588} INFO - Filling up the DagBag from /home/airflow/.local/lib/python3.12/site-packages/airflow/example_dags/example_python_operator.py
[2024-10-19T00:33:30.437+0000] {processor.py:925} INFO - DAG(s) 'example_python_operator' retrieved from /home/airflow/.local/lib/python3.12/site-packages/airflow/example_dags/example_python_operator.py
[2024-10-19T00:33:30.456+0000] {logging_mixin.py:190} INFO - [2024-10-19T00:33:30.455+0000] {dag.py:3239} INFO - Sync 1 DAGs
[2024-10-19T00:33:30.468+0000] {logging_mixin.py:190} INFO - [2024-10-19T00:33:30.468+0000] {dag.py:4180} INFO - Setting next_dagrun for example_python_operator to None, run_after=None
[2024-10-19T00:33:30.488+0000] {processor.py:208} INFO - Processing /home/airflow/.local/lib/python3.12/site-packages/airflow/example_dags/example_python_operator.py took 0.071 seconds
[2024-10-19T00:34:00.829+0000] {processor.py:186} INFO - Started process (PID=3633) to work on /home/airflow/.local/lib/python3.12/site-packages/airflow/example_dags/example_python_operator.py
[2024-10-19T00:34:00.830+0000] {processor.py:914} INFO - Processing file /home/airflow/.local/lib/python3.12/site-packages/airflow/example_dags/example_python_operator.py for tasks to queue
[2024-10-19T00:34:00.833+0000] {logging_mixin.py:190} INFO - [2024-10-19T00:34:00.832+0000] {dagbag.py:588} INFO - Filling up the DagBag from /home/airflow/.local/lib/python3.12/site-packages/airflow/example_dags/example_python_operator.py
[2024-10-19T00:34:00.844+0000] {processor.py:925} INFO - DAG(s) 'example_python_operator' retrieved from /home/airflow/.local/lib/python3.12/site-packages/airflow/example_dags/example_python_operator.py
[2024-10-19T00:34:00.861+0000] {logging_mixin.py:190} INFO - [2024-10-19T00:34:00.861+0000] {dag.py:3239} INFO - Sync 1 DAGs
[2024-10-19T00:34:00.872+0000] {logging_mixin.py:190} INFO - [2024-10-19T00:34:00.872+0000] {dag.py:4180} INFO - Setting next_dagrun for example_python_operator to None, run_after=None
[2024-10-19T00:34:00.889+0000] {processor.py:208} INFO - Processing /home/airflow/.local/lib/python3.12/site-packages/airflow/example_dags/example_python_operator.py took 0.065 seconds
[2024-10-19T00:34:31.259+0000] {processor.py:186} INFO - Started process (PID=3695) to work on /home/airflow/.local/lib/python3.12/site-packages/airflow/example_dags/example_python_operator.py
[2024-10-19T00:34:31.260+0000] {processor.py:914} INFO - Processing file /home/airflow/.local/lib/python3.12/site-packages/airflow/example_dags/example_python_operator.py for tasks to queue
[2024-10-19T00:34:31.261+0000] {logging_mixin.py:190} INFO - [2024-10-19T00:34:31.261+0000] {dagbag.py:588} INFO - Filling up the DagBag from /home/airflow/.local/lib/python3.12/site-packages/airflow/example_dags/example_python_operator.py
[2024-10-19T00:34:31.272+0000] {processor.py:925} INFO - DAG(s) 'example_python_operator' retrieved from /home/airflow/.local/lib/python3.12/site-packages/airflow/example_dags/example_python_operator.py
[2024-10-19T00:34:31.290+0000] {logging_mixin.py:190} INFO - [2024-10-19T00:34:31.290+0000] {dag.py:3239} INFO - Sync 1 DAGs
[2024-10-19T00:34:31.301+0000] {logging_mixin.py:190} INFO - [2024-10-19T00:34:31.301+0000] {dag.py:4180} INFO - Setting next_dagrun for example_python_operator to None, run_after=None
[2024-10-19T00:34:31.318+0000] {processor.py:208} INFO - Processing /home/airflow/.local/lib/python3.12/site-packages/airflow/example_dags/example_python_operator.py took 0.064 seconds
[2024-10-19T00:35:01.604+0000] {processor.py:186} INFO - Started process (PID=3756) to work on /home/airflow/.local/lib/python3.12/site-packages/airflow/example_dags/example_python_operator.py
[2024-10-19T00:35:01.605+0000] {processor.py:914} INFO - Processing file /home/airflow/.local/lib/python3.12/site-packages/airflow/example_dags/example_python_operator.py for tasks to queue
[2024-10-19T00:35:01.607+0000] {logging_mixin.py:190} INFO - [2024-10-19T00:35:01.607+0000] {dagbag.py:588} INFO - Filling up the DagBag from /home/airflow/.local/lib/python3.12/site-packages/airflow/example_dags/example_python_operator.py
[2024-10-19T00:35:01.618+0000] {processor.py:925} INFO - DAG(s) 'example_python_operator' retrieved from /home/airflow/.local/lib/python3.12/site-packages/airflow/example_dags/example_python_operator.py
[2024-10-19T00:35:01.637+0000] {logging_mixin.py:190} INFO - [2024-10-19T00:35:01.636+0000] {dag.py:3239} INFO - Sync 1 DAGs
[2024-10-19T00:35:01.648+0000] {logging_mixin.py:190} INFO - [2024-10-19T00:35:01.648+0000] {dag.py:4180} INFO - Setting next_dagrun for example_python_operator to None, run_after=None
[2024-10-19T00:35:01.667+0000] {processor.py:208} INFO - Processing /home/airflow/.local/lib/python3.12/site-packages/airflow/example_dags/example_python_operator.py took 0.068 seconds
[2024-10-19T00:35:32.019+0000] {processor.py:186} INFO - Started process (PID=3818) to work on /home/airflow/.local/lib/python3.12/site-packages/airflow/example_dags/example_python_operator.py
[2024-10-19T00:35:32.020+0000] {processor.py:914} INFO - Processing file /home/airflow/.local/lib/python3.12/site-packages/airflow/example_dags/example_python_operator.py for tasks to queue
[2024-10-19T00:35:32.022+0000] {logging_mixin.py:190} INFO - [2024-10-19T00:35:32.021+0000] {dagbag.py:588} INFO - Filling up the DagBag from /home/airflow/.local/lib/python3.12/site-packages/airflow/example_dags/example_python_operator.py
[2024-10-19T00:35:32.032+0000] {processor.py:925} INFO - DAG(s) 'example_python_operator' retrieved from /home/airflow/.local/lib/python3.12/site-packages/airflow/example_dags/example_python_operator.py
[2024-10-19T00:35:32.049+0000] {logging_mixin.py:190} INFO - [2024-10-19T00:35:32.048+0000] {dag.py:3239} INFO - Sync 1 DAGs
[2024-10-19T00:35:32.060+0000] {logging_mixin.py:190} INFO - [2024-10-19T00:35:32.060+0000] {dag.py:4180} INFO - Setting next_dagrun for example_python_operator to None, run_after=None
[2024-10-19T00:35:32.087+0000] {processor.py:208} INFO - Processing /home/airflow/.local/lib/python3.12/site-packages/airflow/example_dags/example_python_operator.py took 0.073 seconds
[2024-10-19T00:36:02.679+0000] {processor.py:186} INFO - Started process (PID=3880) to work on /home/airflow/.local/lib/python3.12/site-packages/airflow/example_dags/example_python_operator.py
[2024-10-19T00:36:02.680+0000] {processor.py:914} INFO - Processing file /home/airflow/.local/lib/python3.12/site-packages/airflow/example_dags/example_python_operator.py for tasks to queue
[2024-10-19T00:36:02.682+0000] {logging_mixin.py:190} INFO - [2024-10-19T00:36:02.682+0000] {dagbag.py:588} INFO - Filling up the DagBag from /home/airflow/.local/lib/python3.12/site-packages/airflow/example_dags/example_python_operator.py
[2024-10-19T00:36:02.695+0000] {processor.py:925} INFO - DAG(s) 'example_python_operator' retrieved from /home/airflow/.local/lib/python3.12/site-packages/airflow/example_dags/example_python_operator.py
[2024-10-19T00:36:02.716+0000] {logging_mixin.py:190} INFO - [2024-10-19T00:36:02.716+0000] {dag.py:3239} INFO - Sync 1 DAGs
[2024-10-19T00:36:02.731+0000] {logging_mixin.py:190} INFO - [2024-10-19T00:36:02.731+0000] {dag.py:4180} INFO - Setting next_dagrun for example_python_operator to None, run_after=None
[2024-10-19T00:36:02.749+0000] {processor.py:208} INFO - Processing /home/airflow/.local/lib/python3.12/site-packages/airflow/example_dags/example_python_operator.py took 0.077 seconds
