[2024-10-19T00:04:58.117+0000] {processor.py:186} INFO - Started process (PID=111) to work on /home/airflow/.local/lib/python3.12/site-packages/airflow/example_dags/example_xcomargs.py
[2024-10-19T00:04:58.119+0000] {processor.py:914} INFO - Processing file /home/airflow/.local/lib/python3.12/site-packages/airflow/example_dags/example_xcomargs.py for tasks to queue
[2024-10-19T00:04:58.123+0000] {logging_mixin.py:190} INFO - [2024-10-19T00:04:58.123+0000] {dagbag.py:588} INFO - Filling up the DagBag from /home/airflow/.local/lib/python3.12/site-packages/airflow/example_dags/example_xcomargs.py
[2024-10-19T00:04:58.144+0000] {processor.py:925} INFO - DAG(s) 'example_xcom_args_with_operators', 'example_xcom_args' retrieved from /home/airflow/.local/lib/python3.12/site-packages/airflow/example_dags/example_xcomargs.py
[2024-10-19T00:04:58.322+0000] {logging_mixin.py:190} INFO - [2024-10-19T00:04:58.321+0000] {override.py:1900} INFO - Created Permission View: can delete on DAG:example_xcom_args_with_operators
[2024-10-19T00:04:58.337+0000] {logging_mixin.py:190} INFO - [2024-10-19T00:04:58.337+0000] {override.py:1900} INFO - Created Permission View: can read on DAG:example_xcom_args_with_operators
[2024-10-19T00:04:58.346+0000] {logging_mixin.py:190} INFO - [2024-10-19T00:04:58.345+0000] {override.py:1900} INFO - Created Permission View: can edit on DAG:example_xcom_args_with_operators
[2024-10-19T00:04:58.355+0000] {logging_mixin.py:190} INFO - [2024-10-19T00:04:58.355+0000] {override.py:1900} INFO - Created Permission View: can delete on DAG Run:example_xcom_args_with_operators
[2024-10-19T00:04:58.365+0000] {logging_mixin.py:190} INFO - [2024-10-19T00:04:58.365+0000] {override.py:1900} INFO - Created Permission View: can read on DAG Run:example_xcom_args_with_operators
[2024-10-19T00:04:58.373+0000] {logging_mixin.py:190} INFO - [2024-10-19T00:04:58.373+0000] {override.py:1900} INFO - Created Permission View: menu access on DAG Run:example_xcom_args_with_operators
[2024-10-19T00:04:58.382+0000] {logging_mixin.py:190} INFO - [2024-10-19T00:04:58.382+0000] {override.py:1900} INFO - Created Permission View: can create on DAG Run:example_xcom_args_with_operators
[2024-10-19T00:04:58.397+0000] {logging_mixin.py:190} INFO - [2024-10-19T00:04:58.397+0000] {override.py:1900} INFO - Created Permission View: can delete on DAG:example_xcom_args
[2024-10-19T00:04:58.405+0000] {logging_mixin.py:190} INFO - [2024-10-19T00:04:58.405+0000] {override.py:1900} INFO - Created Permission View: can read on DAG:example_xcom_args
[2024-10-19T00:04:58.415+0000] {logging_mixin.py:190} INFO - [2024-10-19T00:04:58.415+0000] {override.py:1900} INFO - Created Permission View: can edit on DAG:example_xcom_args
[2024-10-19T00:04:58.424+0000] {logging_mixin.py:190} INFO - [2024-10-19T00:04:58.424+0000] {override.py:1900} INFO - Created Permission View: can delete on DAG Run:example_xcom_args
[2024-10-19T00:04:58.431+0000] {logging_mixin.py:190} INFO - [2024-10-19T00:04:58.431+0000] {override.py:1900} INFO - Created Permission View: can read on DAG Run:example_xcom_args
[2024-10-19T00:04:58.438+0000] {logging_mixin.py:190} INFO - [2024-10-19T00:04:58.437+0000] {override.py:1900} INFO - Created Permission View: menu access on DAG Run:example_xcom_args
[2024-10-19T00:04:58.447+0000] {logging_mixin.py:190} INFO - [2024-10-19T00:04:58.446+0000] {override.py:1900} INFO - Created Permission View: can create on DAG Run:example_xcom_args
[2024-10-19T00:04:58.448+0000] {logging_mixin.py:190} INFO - [2024-10-19T00:04:58.448+0000] {dag.py:3239} INFO - Sync 2 DAGs
[2024-10-19T00:04:58.463+0000] {logging_mixin.py:190} INFO - [2024-10-19T00:04:58.463+0000] {dag.py:3262} INFO - Creating ORM DAG for example_xcom_args_with_operators
[2024-10-19T00:04:58.464+0000] {logging_mixin.py:190} INFO - [2024-10-19T00:04:58.464+0000] {dag.py:3262} INFO - Creating ORM DAG for example_xcom_args
[2024-10-19T00:04:58.465+0000] {logging_mixin.py:190} INFO - [2024-10-19T00:04:58.465+0000] {dag.py:4180} INFO - Setting next_dagrun for example_xcom_args to None, run_after=None
[2024-10-19T00:04:58.466+0000] {logging_mixin.py:190} INFO - [2024-10-19T00:04:58.465+0000] {dag.py:4180} INFO - Setting next_dagrun for example_xcom_args_with_operators to None, run_after=None
[2024-10-19T00:04:58.485+0000] {processor.py:208} INFO - Processing /home/airflow/.local/lib/python3.12/site-packages/airflow/example_dags/example_xcomargs.py took 0.376 seconds
[2024-10-19T00:05:28.888+0000] {processor.py:186} INFO - Started process (PID=173) to work on /home/airflow/.local/lib/python3.12/site-packages/airflow/example_dags/example_xcomargs.py
[2024-10-19T00:05:28.889+0000] {processor.py:914} INFO - Processing file /home/airflow/.local/lib/python3.12/site-packages/airflow/example_dags/example_xcomargs.py for tasks to queue
[2024-10-19T00:05:28.891+0000] {logging_mixin.py:190} INFO - [2024-10-19T00:05:28.891+0000] {dagbag.py:588} INFO - Filling up the DagBag from /home/airflow/.local/lib/python3.12/site-packages/airflow/example_dags/example_xcomargs.py
[2024-10-19T00:05:28.902+0000] {processor.py:925} INFO - DAG(s) 'example_xcom_args', 'example_xcom_args_with_operators' retrieved from /home/airflow/.local/lib/python3.12/site-packages/airflow/example_dags/example_xcomargs.py
[2024-10-19T00:05:28.927+0000] {logging_mixin.py:190} INFO - [2024-10-19T00:05:28.927+0000] {dag.py:3239} INFO - Sync 2 DAGs
[2024-10-19T00:05:28.948+0000] {logging_mixin.py:190} INFO - [2024-10-19T00:05:28.948+0000] {dag.py:4180} INFO - Setting next_dagrun for example_xcom_args to None, run_after=None
[2024-10-19T00:05:28.954+0000] {logging_mixin.py:190} INFO - [2024-10-19T00:05:28.953+0000] {dag.py:4180} INFO - Setting next_dagrun for example_xcom_args_with_operators to None, run_after=None
[2024-10-19T00:05:28.976+0000] {processor.py:208} INFO - Processing /home/airflow/.local/lib/python3.12/site-packages/airflow/example_dags/example_xcomargs.py took 0.094 seconds
[2024-10-19T00:05:59.601+0000] {processor.py:186} INFO - Started process (PID=235) to work on /home/airflow/.local/lib/python3.12/site-packages/airflow/example_dags/example_xcomargs.py
[2024-10-19T00:05:59.602+0000] {processor.py:914} INFO - Processing file /home/airflow/.local/lib/python3.12/site-packages/airflow/example_dags/example_xcomargs.py for tasks to queue
[2024-10-19T00:05:59.606+0000] {logging_mixin.py:190} INFO - [2024-10-19T00:05:59.606+0000] {dagbag.py:588} INFO - Filling up the DagBag from /home/airflow/.local/lib/python3.12/site-packages/airflow/example_dags/example_xcomargs.py
[2024-10-19T00:05:59.619+0000] {processor.py:925} INFO - DAG(s) 'example_xcom_args', 'example_xcom_args_with_operators' retrieved from /home/airflow/.local/lib/python3.12/site-packages/airflow/example_dags/example_xcomargs.py
[2024-10-19T00:05:59.643+0000] {logging_mixin.py:190} INFO - [2024-10-19T00:05:59.643+0000] {dag.py:3239} INFO - Sync 2 DAGs
[2024-10-19T00:05:59.658+0000] {logging_mixin.py:190} INFO - [2024-10-19T00:05:59.658+0000] {dag.py:4180} INFO - Setting next_dagrun for example_xcom_args to None, run_after=None
[2024-10-19T00:05:59.663+0000] {logging_mixin.py:190} INFO - [2024-10-19T00:05:59.663+0000] {dag.py:4180} INFO - Setting next_dagrun for example_xcom_args_with_operators to None, run_after=None
[2024-10-19T00:05:59.687+0000] {processor.py:208} INFO - Processing /home/airflow/.local/lib/python3.12/site-packages/airflow/example_dags/example_xcomargs.py took 0.093 seconds
[2024-10-19T00:06:30.273+0000] {processor.py:186} INFO - Started process (PID=296) to work on /home/airflow/.local/lib/python3.12/site-packages/airflow/example_dags/example_xcomargs.py
[2024-10-19T00:06:30.274+0000] {processor.py:914} INFO - Processing file /home/airflow/.local/lib/python3.12/site-packages/airflow/example_dags/example_xcomargs.py for tasks to queue
[2024-10-19T00:06:30.276+0000] {logging_mixin.py:190} INFO - [2024-10-19T00:06:30.276+0000] {dagbag.py:588} INFO - Filling up the DagBag from /home/airflow/.local/lib/python3.12/site-packages/airflow/example_dags/example_xcomargs.py
[2024-10-19T00:06:30.284+0000] {processor.py:925} INFO - DAG(s) 'example_xcom_args_with_operators', 'example_xcom_args' retrieved from /home/airflow/.local/lib/python3.12/site-packages/airflow/example_dags/example_xcomargs.py
[2024-10-19T00:06:30.305+0000] {logging_mixin.py:190} INFO - [2024-10-19T00:06:30.305+0000] {dag.py:3239} INFO - Sync 2 DAGs
[2024-10-19T00:06:30.317+0000] {logging_mixin.py:190} INFO - [2024-10-19T00:06:30.317+0000] {dag.py:4180} INFO - Setting next_dagrun for example_xcom_args to None, run_after=None
[2024-10-19T00:06:30.320+0000] {logging_mixin.py:190} INFO - [2024-10-19T00:06:30.320+0000] {dag.py:4180} INFO - Setting next_dagrun for example_xcom_args_with_operators to None, run_after=None
[2024-10-19T00:06:30.334+0000] {processor.py:208} INFO - Processing /home/airflow/.local/lib/python3.12/site-packages/airflow/example_dags/example_xcomargs.py took 0.066 seconds
[2024-10-19T00:07:00.735+0000] {processor.py:186} INFO - Started process (PID=358) to work on /home/airflow/.local/lib/python3.12/site-packages/airflow/example_dags/example_xcomargs.py
[2024-10-19T00:07:00.736+0000] {processor.py:914} INFO - Processing file /home/airflow/.local/lib/python3.12/site-packages/airflow/example_dags/example_xcomargs.py for tasks to queue
[2024-10-19T00:07:00.739+0000] {logging_mixin.py:190} INFO - [2024-10-19T00:07:00.738+0000] {dagbag.py:588} INFO - Filling up the DagBag from /home/airflow/.local/lib/python3.12/site-packages/airflow/example_dags/example_xcomargs.py
[2024-10-19T00:07:00.747+0000] {processor.py:925} INFO - DAG(s) 'example_xcom_args', 'example_xcom_args_with_operators' retrieved from /home/airflow/.local/lib/python3.12/site-packages/airflow/example_dags/example_xcomargs.py
[2024-10-19T00:07:00.767+0000] {logging_mixin.py:190} INFO - [2024-10-19T00:07:00.767+0000] {dag.py:3239} INFO - Sync 2 DAGs
[2024-10-19T00:07:00.780+0000] {logging_mixin.py:190} INFO - [2024-10-19T00:07:00.780+0000] {dag.py:4180} INFO - Setting next_dagrun for example_xcom_args to None, run_after=None
[2024-10-19T00:07:00.783+0000] {logging_mixin.py:190} INFO - [2024-10-19T00:07:00.783+0000] {dag.py:4180} INFO - Setting next_dagrun for example_xcom_args_with_operators to None, run_after=None
[2024-10-19T00:07:00.797+0000] {processor.py:208} INFO - Processing /home/airflow/.local/lib/python3.12/site-packages/airflow/example_dags/example_xcomargs.py took 0.067 seconds
[2024-10-19T00:07:31.373+0000] {processor.py:186} INFO - Started process (PID=420) to work on /home/airflow/.local/lib/python3.12/site-packages/airflow/example_dags/example_xcomargs.py
[2024-10-19T00:07:31.375+0000] {processor.py:914} INFO - Processing file /home/airflow/.local/lib/python3.12/site-packages/airflow/example_dags/example_xcomargs.py for tasks to queue
[2024-10-19T00:07:31.378+0000] {logging_mixin.py:190} INFO - [2024-10-19T00:07:31.377+0000] {dagbag.py:588} INFO - Filling up the DagBag from /home/airflow/.local/lib/python3.12/site-packages/airflow/example_dags/example_xcomargs.py
[2024-10-19T00:07:31.387+0000] {processor.py:925} INFO - DAG(s) 'example_xcom_args', 'example_xcom_args_with_operators' retrieved from /home/airflow/.local/lib/python3.12/site-packages/airflow/example_dags/example_xcomargs.py
[2024-10-19T00:07:31.408+0000] {logging_mixin.py:190} INFO - [2024-10-19T00:07:31.408+0000] {dag.py:3239} INFO - Sync 2 DAGs
[2024-10-19T00:07:31.422+0000] {logging_mixin.py:190} INFO - [2024-10-19T00:07:31.421+0000] {dag.py:4180} INFO - Setting next_dagrun for example_xcom_args to None, run_after=None
[2024-10-19T00:07:31.426+0000] {logging_mixin.py:190} INFO - [2024-10-19T00:07:31.425+0000] {dag.py:4180} INFO - Setting next_dagrun for example_xcom_args_with_operators to None, run_after=None
[2024-10-19T00:07:31.446+0000] {processor.py:208} INFO - Processing /home/airflow/.local/lib/python3.12/site-packages/airflow/example_dags/example_xcomargs.py took 0.078 seconds
[2024-10-19T00:08:02.003+0000] {processor.py:186} INFO - Started process (PID=483) to work on /home/airflow/.local/lib/python3.12/site-packages/airflow/example_dags/example_xcomargs.py
[2024-10-19T00:08:02.005+0000] {processor.py:914} INFO - Processing file /home/airflow/.local/lib/python3.12/site-packages/airflow/example_dags/example_xcomargs.py for tasks to queue
[2024-10-19T00:08:02.008+0000] {logging_mixin.py:190} INFO - [2024-10-19T00:08:02.008+0000] {dagbag.py:588} INFO - Filling up the DagBag from /home/airflow/.local/lib/python3.12/site-packages/airflow/example_dags/example_xcomargs.py
[2024-10-19T00:08:02.020+0000] {processor.py:925} INFO - DAG(s) 'example_xcom_args', 'example_xcom_args_with_operators' retrieved from /home/airflow/.local/lib/python3.12/site-packages/airflow/example_dags/example_xcomargs.py
[2024-10-19T00:08:02.045+0000] {logging_mixin.py:190} INFO - [2024-10-19T00:08:02.045+0000] {dag.py:3239} INFO - Sync 2 DAGs
[2024-10-19T00:08:02.062+0000] {logging_mixin.py:190} INFO - [2024-10-19T00:08:02.061+0000] {dag.py:4180} INFO - Setting next_dagrun for example_xcom_args to None, run_after=None
[2024-10-19T00:08:02.066+0000] {logging_mixin.py:190} INFO - [2024-10-19T00:08:02.066+0000] {dag.py:4180} INFO - Setting next_dagrun for example_xcom_args_with_operators to None, run_after=None
[2024-10-19T00:08:02.086+0000] {processor.py:208} INFO - Processing /home/airflow/.local/lib/python3.12/site-packages/airflow/example_dags/example_xcomargs.py took 0.090 seconds
[2024-10-19T00:08:32.900+0000] {processor.py:186} INFO - Started process (PID=546) to work on /home/airflow/.local/lib/python3.12/site-packages/airflow/example_dags/example_xcomargs.py
[2024-10-19T00:08:32.902+0000] {processor.py:914} INFO - Processing file /home/airflow/.local/lib/python3.12/site-packages/airflow/example_dags/example_xcomargs.py for tasks to queue
[2024-10-19T00:08:32.904+0000] {logging_mixin.py:190} INFO - [2024-10-19T00:08:32.904+0000] {dagbag.py:588} INFO - Filling up the DagBag from /home/airflow/.local/lib/python3.12/site-packages/airflow/example_dags/example_xcomargs.py
[2024-10-19T00:08:32.915+0000] {processor.py:925} INFO - DAG(s) 'example_xcom_args', 'example_xcom_args_with_operators' retrieved from /home/airflow/.local/lib/python3.12/site-packages/airflow/example_dags/example_xcomargs.py
[2024-10-19T00:08:32.940+0000] {logging_mixin.py:190} INFO - [2024-10-19T00:08:32.940+0000] {dag.py:3239} INFO - Sync 2 DAGs
[2024-10-19T00:08:32.955+0000] {logging_mixin.py:190} INFO - [2024-10-19T00:08:32.955+0000] {dag.py:4180} INFO - Setting next_dagrun for example_xcom_args to None, run_after=None
[2024-10-19T00:08:32.960+0000] {logging_mixin.py:190} INFO - [2024-10-19T00:08:32.959+0000] {dag.py:4180} INFO - Setting next_dagrun for example_xcom_args_with_operators to None, run_after=None
[2024-10-19T00:08:32.982+0000] {processor.py:208} INFO - Processing /home/airflow/.local/lib/python3.12/site-packages/airflow/example_dags/example_xcomargs.py took 0.089 seconds
[2024-10-19T00:09:03.304+0000] {processor.py:186} INFO - Started process (PID=609) to work on /home/airflow/.local/lib/python3.12/site-packages/airflow/example_dags/example_xcomargs.py
[2024-10-19T00:09:03.305+0000] {processor.py:914} INFO - Processing file /home/airflow/.local/lib/python3.12/site-packages/airflow/example_dags/example_xcomargs.py for tasks to queue
[2024-10-19T00:09:03.308+0000] {logging_mixin.py:190} INFO - [2024-10-19T00:09:03.308+0000] {dagbag.py:588} INFO - Filling up the DagBag from /home/airflow/.local/lib/python3.12/site-packages/airflow/example_dags/example_xcomargs.py
[2024-10-19T00:09:03.320+0000] {processor.py:925} INFO - DAG(s) 'example_xcom_args_with_operators', 'example_xcom_args' retrieved from /home/airflow/.local/lib/python3.12/site-packages/airflow/example_dags/example_xcomargs.py
[2024-10-19T00:09:03.349+0000] {logging_mixin.py:190} INFO - [2024-10-19T00:09:03.349+0000] {dag.py:3239} INFO - Sync 2 DAGs
[2024-10-19T00:09:03.368+0000] {logging_mixin.py:190} INFO - [2024-10-19T00:09:03.368+0000] {dag.py:4180} INFO - Setting next_dagrun for example_xcom_args to None, run_after=None
[2024-10-19T00:09:03.372+0000] {logging_mixin.py:190} INFO - [2024-10-19T00:09:03.372+0000] {dag.py:4180} INFO - Setting next_dagrun for example_xcom_args_with_operators to None, run_after=None
[2024-10-19T00:09:03.389+0000] {processor.py:208} INFO - Processing /home/airflow/.local/lib/python3.12/site-packages/airflow/example_dags/example_xcomargs.py took 0.092 seconds
[2024-10-19T00:09:33.939+0000] {processor.py:186} INFO - Started process (PID=672) to work on /home/airflow/.local/lib/python3.12/site-packages/airflow/example_dags/example_xcomargs.py
[2024-10-19T00:09:33.942+0000] {processor.py:914} INFO - Processing file /home/airflow/.local/lib/python3.12/site-packages/airflow/example_dags/example_xcomargs.py for tasks to queue
[2024-10-19T00:09:33.953+0000] {logging_mixin.py:190} INFO - [2024-10-19T00:09:33.952+0000] {dagbag.py:588} INFO - Filling up the DagBag from /home/airflow/.local/lib/python3.12/site-packages/airflow/example_dags/example_xcomargs.py
[2024-10-19T00:09:33.969+0000] {processor.py:925} INFO - DAG(s) 'example_xcom_args_with_operators', 'example_xcom_args' retrieved from /home/airflow/.local/lib/python3.12/site-packages/airflow/example_dags/example_xcomargs.py
[2024-10-19T00:09:33.998+0000] {logging_mixin.py:190} INFO - [2024-10-19T00:09:33.998+0000] {dag.py:3239} INFO - Sync 2 DAGs
[2024-10-19T00:09:34.019+0000] {logging_mixin.py:190} INFO - [2024-10-19T00:09:34.019+0000] {dag.py:4180} INFO - Setting next_dagrun for example_xcom_args to None, run_after=None
[2024-10-19T00:09:34.024+0000] {logging_mixin.py:190} INFO - [2024-10-19T00:09:34.023+0000] {dag.py:4180} INFO - Setting next_dagrun for example_xcom_args_with_operators to None, run_after=None
[2024-10-19T00:09:34.047+0000] {processor.py:208} INFO - Processing /home/airflow/.local/lib/python3.12/site-packages/airflow/example_dags/example_xcomargs.py took 0.119 seconds
[2024-10-19T00:10:04.982+0000] {processor.py:186} INFO - Started process (PID=734) to work on /home/airflow/.local/lib/python3.12/site-packages/airflow/example_dags/example_xcomargs.py
[2024-10-19T00:10:04.984+0000] {processor.py:914} INFO - Processing file /home/airflow/.local/lib/python3.12/site-packages/airflow/example_dags/example_xcomargs.py for tasks to queue
[2024-10-19T00:10:04.986+0000] {logging_mixin.py:190} INFO - [2024-10-19T00:10:04.986+0000] {dagbag.py:588} INFO - Filling up the DagBag from /home/airflow/.local/lib/python3.12/site-packages/airflow/example_dags/example_xcomargs.py
[2024-10-19T00:10:04.995+0000] {processor.py:925} INFO - DAG(s) 'example_xcom_args', 'example_xcom_args_with_operators' retrieved from /home/airflow/.local/lib/python3.12/site-packages/airflow/example_dags/example_xcomargs.py
[2024-10-19T00:10:05.016+0000] {logging_mixin.py:190} INFO - [2024-10-19T00:10:05.016+0000] {dag.py:3239} INFO - Sync 2 DAGs
[2024-10-19T00:10:05.031+0000] {logging_mixin.py:190} INFO - [2024-10-19T00:10:05.030+0000] {dag.py:4180} INFO - Setting next_dagrun for example_xcom_args to None, run_after=None
[2024-10-19T00:10:05.037+0000] {logging_mixin.py:190} INFO - [2024-10-19T00:10:05.037+0000] {dag.py:4180} INFO - Setting next_dagrun for example_xcom_args_with_operators to None, run_after=None
[2024-10-19T00:10:05.060+0000] {processor.py:208} INFO - Processing /home/airflow/.local/lib/python3.12/site-packages/airflow/example_dags/example_xcomargs.py took 0.083 seconds
[2024-10-19T00:10:35.859+0000] {processor.py:186} INFO - Started process (PID=796) to work on /home/airflow/.local/lib/python3.12/site-packages/airflow/example_dags/example_xcomargs.py
[2024-10-19T00:10:35.860+0000] {processor.py:914} INFO - Processing file /home/airflow/.local/lib/python3.12/site-packages/airflow/example_dags/example_xcomargs.py for tasks to queue
[2024-10-19T00:10:35.863+0000] {logging_mixin.py:190} INFO - [2024-10-19T00:10:35.863+0000] {dagbag.py:588} INFO - Filling up the DagBag from /home/airflow/.local/lib/python3.12/site-packages/airflow/example_dags/example_xcomargs.py
[2024-10-19T00:10:35.874+0000] {processor.py:925} INFO - DAG(s) 'example_xcom_args', 'example_xcom_args_with_operators' retrieved from /home/airflow/.local/lib/python3.12/site-packages/airflow/example_dags/example_xcomargs.py
[2024-10-19T00:10:35.901+0000] {logging_mixin.py:190} INFO - [2024-10-19T00:10:35.901+0000] {dag.py:3239} INFO - Sync 2 DAGs
[2024-10-19T00:10:35.917+0000] {logging_mixin.py:190} INFO - [2024-10-19T00:10:35.917+0000] {dag.py:4180} INFO - Setting next_dagrun for example_xcom_args to None, run_after=None
[2024-10-19T00:10:35.921+0000] {logging_mixin.py:190} INFO - [2024-10-19T00:10:35.921+0000] {dag.py:4180} INFO - Setting next_dagrun for example_xcom_args_with_operators to None, run_after=None
[2024-10-19T00:10:35.941+0000] {processor.py:208} INFO - Processing /home/airflow/.local/lib/python3.12/site-packages/airflow/example_dags/example_xcomargs.py took 0.090 seconds
[2024-10-19T00:11:06.395+0000] {processor.py:186} INFO - Started process (PID=858) to work on /home/airflow/.local/lib/python3.12/site-packages/airflow/example_dags/example_xcomargs.py
[2024-10-19T00:11:06.396+0000] {processor.py:914} INFO - Processing file /home/airflow/.local/lib/python3.12/site-packages/airflow/example_dags/example_xcomargs.py for tasks to queue
[2024-10-19T00:11:06.399+0000] {logging_mixin.py:190} INFO - [2024-10-19T00:11:06.399+0000] {dagbag.py:588} INFO - Filling up the DagBag from /home/airflow/.local/lib/python3.12/site-packages/airflow/example_dags/example_xcomargs.py
[2024-10-19T00:11:06.409+0000] {processor.py:925} INFO - DAG(s) 'example_xcom_args_with_operators', 'example_xcom_args' retrieved from /home/airflow/.local/lib/python3.12/site-packages/airflow/example_dags/example_xcomargs.py
[2024-10-19T00:11:06.433+0000] {logging_mixin.py:190} INFO - [2024-10-19T00:11:06.432+0000] {dag.py:3239} INFO - Sync 2 DAGs
[2024-10-19T00:11:06.447+0000] {logging_mixin.py:190} INFO - [2024-10-19T00:11:06.447+0000] {dag.py:4180} INFO - Setting next_dagrun for example_xcom_args to None, run_after=None
[2024-10-19T00:11:06.452+0000] {logging_mixin.py:190} INFO - [2024-10-19T00:11:06.451+0000] {dag.py:4180} INFO - Setting next_dagrun for example_xcom_args_with_operators to None, run_after=None
[2024-10-19T00:11:06.474+0000] {processor.py:208} INFO - Processing /home/airflow/.local/lib/python3.12/site-packages/airflow/example_dags/example_xcomargs.py took 0.085 seconds
[2024-10-19T00:11:37.428+0000] {processor.py:186} INFO - Started process (PID=920) to work on /home/airflow/.local/lib/python3.12/site-packages/airflow/example_dags/example_xcomargs.py
[2024-10-19T00:11:37.429+0000] {processor.py:914} INFO - Processing file /home/airflow/.local/lib/python3.12/site-packages/airflow/example_dags/example_xcomargs.py for tasks to queue
[2024-10-19T00:11:37.432+0000] {logging_mixin.py:190} INFO - [2024-10-19T00:11:37.431+0000] {dagbag.py:588} INFO - Filling up the DagBag from /home/airflow/.local/lib/python3.12/site-packages/airflow/example_dags/example_xcomargs.py
[2024-10-19T00:11:37.440+0000] {processor.py:925} INFO - DAG(s) 'example_xcom_args', 'example_xcom_args_with_operators' retrieved from /home/airflow/.local/lib/python3.12/site-packages/airflow/example_dags/example_xcomargs.py
[2024-10-19T00:11:37.460+0000] {logging_mixin.py:190} INFO - [2024-10-19T00:11:37.460+0000] {dag.py:3239} INFO - Sync 2 DAGs
[2024-10-19T00:11:37.473+0000] {logging_mixin.py:190} INFO - [2024-10-19T00:11:37.473+0000] {dag.py:4180} INFO - Setting next_dagrun for example_xcom_args to None, run_after=None
[2024-10-19T00:11:37.476+0000] {logging_mixin.py:190} INFO - [2024-10-19T00:11:37.476+0000] {dag.py:4180} INFO - Setting next_dagrun for example_xcom_args_with_operators to None, run_after=None
[2024-10-19T00:11:37.492+0000] {processor.py:208} INFO - Processing /home/airflow/.local/lib/python3.12/site-packages/airflow/example_dags/example_xcomargs.py took 0.069 seconds
[2024-10-19T00:12:07.833+0000] {processor.py:186} INFO - Started process (PID=982) to work on /home/airflow/.local/lib/python3.12/site-packages/airflow/example_dags/example_xcomargs.py
[2024-10-19T00:12:07.834+0000] {processor.py:914} INFO - Processing file /home/airflow/.local/lib/python3.12/site-packages/airflow/example_dags/example_xcomargs.py for tasks to queue
[2024-10-19T00:12:07.837+0000] {logging_mixin.py:190} INFO - [2024-10-19T00:12:07.836+0000] {dagbag.py:588} INFO - Filling up the DagBag from /home/airflow/.local/lib/python3.12/site-packages/airflow/example_dags/example_xcomargs.py
[2024-10-19T00:12:07.847+0000] {processor.py:925} INFO - DAG(s) 'example_xcom_args', 'example_xcom_args_with_operators' retrieved from /home/airflow/.local/lib/python3.12/site-packages/airflow/example_dags/example_xcomargs.py
[2024-10-19T00:12:07.867+0000] {logging_mixin.py:190} INFO - [2024-10-19T00:12:07.867+0000] {dag.py:3239} INFO - Sync 2 DAGs
[2024-10-19T00:12:07.879+0000] {logging_mixin.py:190} INFO - [2024-10-19T00:12:07.879+0000] {dag.py:4180} INFO - Setting next_dagrun for example_xcom_args to None, run_after=None
[2024-10-19T00:12:07.883+0000] {logging_mixin.py:190} INFO - [2024-10-19T00:12:07.883+0000] {dag.py:4180} INFO - Setting next_dagrun for example_xcom_args_with_operators to None, run_after=None
[2024-10-19T00:12:07.900+0000] {processor.py:208} INFO - Processing /home/airflow/.local/lib/python3.12/site-packages/airflow/example_dags/example_xcomargs.py took 0.072 seconds
[2024-10-19T00:12:38.688+0000] {processor.py:186} INFO - Started process (PID=1045) to work on /home/airflow/.local/lib/python3.12/site-packages/airflow/example_dags/example_xcomargs.py
[2024-10-19T00:12:38.689+0000] {processor.py:914} INFO - Processing file /home/airflow/.local/lib/python3.12/site-packages/airflow/example_dags/example_xcomargs.py for tasks to queue
[2024-10-19T00:12:38.691+0000] {logging_mixin.py:190} INFO - [2024-10-19T00:12:38.691+0000] {dagbag.py:588} INFO - Filling up the DagBag from /home/airflow/.local/lib/python3.12/site-packages/airflow/example_dags/example_xcomargs.py
[2024-10-19T00:12:38.700+0000] {processor.py:925} INFO - DAG(s) 'example_xcom_args', 'example_xcom_args_with_operators' retrieved from /home/airflow/.local/lib/python3.12/site-packages/airflow/example_dags/example_xcomargs.py
[2024-10-19T00:12:38.721+0000] {logging_mixin.py:190} INFO - [2024-10-19T00:12:38.721+0000] {dag.py:3239} INFO - Sync 2 DAGs
[2024-10-19T00:12:38.735+0000] {logging_mixin.py:190} INFO - [2024-10-19T00:12:38.735+0000] {dag.py:4180} INFO - Setting next_dagrun for example_xcom_args to None, run_after=None
[2024-10-19T00:12:38.738+0000] {logging_mixin.py:190} INFO - [2024-10-19T00:12:38.738+0000] {dag.py:4180} INFO - Setting next_dagrun for example_xcom_args_with_operators to None, run_after=None
[2024-10-19T00:12:38.754+0000] {processor.py:208} INFO - Processing /home/airflow/.local/lib/python3.12/site-packages/airflow/example_dags/example_xcomargs.py took 0.071 seconds
[2024-10-19T00:13:08.977+0000] {processor.py:186} INFO - Started process (PID=1106) to work on /home/airflow/.local/lib/python3.12/site-packages/airflow/example_dags/example_xcomargs.py
[2024-10-19T00:13:08.978+0000] {processor.py:914} INFO - Processing file /home/airflow/.local/lib/python3.12/site-packages/airflow/example_dags/example_xcomargs.py for tasks to queue
[2024-10-19T00:13:08.980+0000] {logging_mixin.py:190} INFO - [2024-10-19T00:13:08.980+0000] {dagbag.py:588} INFO - Filling up the DagBag from /home/airflow/.local/lib/python3.12/site-packages/airflow/example_dags/example_xcomargs.py
[2024-10-19T00:13:08.989+0000] {processor.py:925} INFO - DAG(s) 'example_xcom_args_with_operators', 'example_xcom_args' retrieved from /home/airflow/.local/lib/python3.12/site-packages/airflow/example_dags/example_xcomargs.py
[2024-10-19T00:13:09.010+0000] {logging_mixin.py:190} INFO - [2024-10-19T00:13:09.010+0000] {dag.py:3239} INFO - Sync 2 DAGs
[2024-10-19T00:13:09.023+0000] {logging_mixin.py:190} INFO - [2024-10-19T00:13:09.023+0000] {dag.py:4180} INFO - Setting next_dagrun for example_xcom_args to None, run_after=None
[2024-10-19T00:13:09.026+0000] {logging_mixin.py:190} INFO - [2024-10-19T00:13:09.026+0000] {dag.py:4180} INFO - Setting next_dagrun for example_xcom_args_with_operators to None, run_after=None
[2024-10-19T00:13:09.044+0000] {processor.py:208} INFO - Processing /home/airflow/.local/lib/python3.12/site-packages/airflow/example_dags/example_xcomargs.py took 0.072 seconds
[2024-10-19T00:13:39.849+0000] {processor.py:186} INFO - Started process (PID=1168) to work on /home/airflow/.local/lib/python3.12/site-packages/airflow/example_dags/example_xcomargs.py
[2024-10-19T00:13:39.850+0000] {processor.py:914} INFO - Processing file /home/airflow/.local/lib/python3.12/site-packages/airflow/example_dags/example_xcomargs.py for tasks to queue
[2024-10-19T00:13:39.854+0000] {logging_mixin.py:190} INFO - [2024-10-19T00:13:39.853+0000] {dagbag.py:588} INFO - Filling up the DagBag from /home/airflow/.local/lib/python3.12/site-packages/airflow/example_dags/example_xcomargs.py
[2024-10-19T00:13:39.867+0000] {processor.py:925} INFO - DAG(s) 'example_xcom_args', 'example_xcom_args_with_operators' retrieved from /home/airflow/.local/lib/python3.12/site-packages/airflow/example_dags/example_xcomargs.py
[2024-10-19T00:13:39.899+0000] {logging_mixin.py:190} INFO - [2024-10-19T00:13:39.898+0000] {dag.py:3239} INFO - Sync 2 DAGs
[2024-10-19T00:13:39.917+0000] {logging_mixin.py:190} INFO - [2024-10-19T00:13:39.917+0000] {dag.py:4180} INFO - Setting next_dagrun for example_xcom_args to None, run_after=None
[2024-10-19T00:13:39.923+0000] {logging_mixin.py:190} INFO - [2024-10-19T00:13:39.923+0000] {dag.py:4180} INFO - Setting next_dagrun for example_xcom_args_with_operators to None, run_after=None
[2024-10-19T00:13:39.951+0000] {processor.py:208} INFO - Processing /home/airflow/.local/lib/python3.12/site-packages/airflow/example_dags/example_xcomargs.py took 0.110 seconds
[2024-10-19T00:14:10.211+0000] {processor.py:186} INFO - Started process (PID=1230) to work on /home/airflow/.local/lib/python3.12/site-packages/airflow/example_dags/example_xcomargs.py
[2024-10-19T00:14:10.212+0000] {processor.py:914} INFO - Processing file /home/airflow/.local/lib/python3.12/site-packages/airflow/example_dags/example_xcomargs.py for tasks to queue
[2024-10-19T00:14:10.215+0000] {logging_mixin.py:190} INFO - [2024-10-19T00:14:10.215+0000] {dagbag.py:588} INFO - Filling up the DagBag from /home/airflow/.local/lib/python3.12/site-packages/airflow/example_dags/example_xcomargs.py
[2024-10-19T00:14:10.228+0000] {processor.py:925} INFO - DAG(s) 'example_xcom_args_with_operators', 'example_xcom_args' retrieved from /home/airflow/.local/lib/python3.12/site-packages/airflow/example_dags/example_xcomargs.py
[2024-10-19T00:14:10.257+0000] {logging_mixin.py:190} INFO - [2024-10-19T00:14:10.257+0000] {dag.py:3239} INFO - Sync 2 DAGs
[2024-10-19T00:14:10.275+0000] {logging_mixin.py:190} INFO - [2024-10-19T00:14:10.275+0000] {dag.py:4180} INFO - Setting next_dagrun for example_xcom_args to None, run_after=None
[2024-10-19T00:14:10.279+0000] {logging_mixin.py:190} INFO - [2024-10-19T00:14:10.279+0000] {dag.py:4180} INFO - Setting next_dagrun for example_xcom_args_with_operators to None, run_after=None
[2024-10-19T00:14:10.302+0000] {processor.py:208} INFO - Processing /home/airflow/.local/lib/python3.12/site-packages/airflow/example_dags/example_xcomargs.py took 0.098 seconds
[2024-10-19T00:14:40.935+0000] {processor.py:186} INFO - Started process (PID=1292) to work on /home/airflow/.local/lib/python3.12/site-packages/airflow/example_dags/example_xcomargs.py
[2024-10-19T00:14:40.936+0000] {processor.py:914} INFO - Processing file /home/airflow/.local/lib/python3.12/site-packages/airflow/example_dags/example_xcomargs.py for tasks to queue
[2024-10-19T00:14:40.938+0000] {logging_mixin.py:190} INFO - [2024-10-19T00:14:40.937+0000] {dagbag.py:588} INFO - Filling up the DagBag from /home/airflow/.local/lib/python3.12/site-packages/airflow/example_dags/example_xcomargs.py
[2024-10-19T00:14:40.946+0000] {processor.py:925} INFO - DAG(s) 'example_xcom_args_with_operators', 'example_xcom_args' retrieved from /home/airflow/.local/lib/python3.12/site-packages/airflow/example_dags/example_xcomargs.py
[2024-10-19T00:14:40.967+0000] {logging_mixin.py:190} INFO - [2024-10-19T00:14:40.966+0000] {dag.py:3239} INFO - Sync 2 DAGs
[2024-10-19T00:14:40.979+0000] {logging_mixin.py:190} INFO - [2024-10-19T00:14:40.979+0000] {dag.py:4180} INFO - Setting next_dagrun for example_xcom_args to None, run_after=None
[2024-10-19T00:14:40.983+0000] {logging_mixin.py:190} INFO - [2024-10-19T00:14:40.983+0000] {dag.py:4180} INFO - Setting next_dagrun for example_xcom_args_with_operators to None, run_after=None
[2024-10-19T00:14:41.000+0000] {processor.py:208} INFO - Processing /home/airflow/.local/lib/python3.12/site-packages/airflow/example_dags/example_xcomargs.py took 0.070 seconds
[2024-10-19T00:15:11.591+0000] {processor.py:186} INFO - Started process (PID=1354) to work on /home/airflow/.local/lib/python3.12/site-packages/airflow/example_dags/example_xcomargs.py
[2024-10-19T00:15:11.592+0000] {processor.py:914} INFO - Processing file /home/airflow/.local/lib/python3.12/site-packages/airflow/example_dags/example_xcomargs.py for tasks to queue
[2024-10-19T00:15:11.595+0000] {logging_mixin.py:190} INFO - [2024-10-19T00:15:11.594+0000] {dagbag.py:588} INFO - Filling up the DagBag from /home/airflow/.local/lib/python3.12/site-packages/airflow/example_dags/example_xcomargs.py
[2024-10-19T00:15:11.608+0000] {processor.py:925} INFO - DAG(s) 'example_xcom_args', 'example_xcom_args_with_operators' retrieved from /home/airflow/.local/lib/python3.12/site-packages/airflow/example_dags/example_xcomargs.py
[2024-10-19T00:15:11.636+0000] {logging_mixin.py:190} INFO - [2024-10-19T00:15:11.635+0000] {dag.py:3239} INFO - Sync 2 DAGs
[2024-10-19T00:15:11.654+0000] {logging_mixin.py:190} INFO - [2024-10-19T00:15:11.654+0000] {dag.py:4180} INFO - Setting next_dagrun for example_xcom_args to None, run_after=None
[2024-10-19T00:15:11.659+0000] {logging_mixin.py:190} INFO - [2024-10-19T00:15:11.659+0000] {dag.py:4180} INFO - Setting next_dagrun for example_xcom_args_with_operators to None, run_after=None
[2024-10-19T00:15:11.683+0000] {processor.py:208} INFO - Processing /home/airflow/.local/lib/python3.12/site-packages/airflow/example_dags/example_xcomargs.py took 0.099 seconds
[2024-10-19T00:15:42.177+0000] {processor.py:186} INFO - Started process (PID=1416) to work on /home/airflow/.local/lib/python3.12/site-packages/airflow/example_dags/example_xcomargs.py
[2024-10-19T00:15:42.178+0000] {processor.py:914} INFO - Processing file /home/airflow/.local/lib/python3.12/site-packages/airflow/example_dags/example_xcomargs.py for tasks to queue
[2024-10-19T00:15:42.181+0000] {logging_mixin.py:190} INFO - [2024-10-19T00:15:42.180+0000] {dagbag.py:588} INFO - Filling up the DagBag from /home/airflow/.local/lib/python3.12/site-packages/airflow/example_dags/example_xcomargs.py
[2024-10-19T00:15:42.190+0000] {processor.py:925} INFO - DAG(s) 'example_xcom_args_with_operators', 'example_xcom_args' retrieved from /home/airflow/.local/lib/python3.12/site-packages/airflow/example_dags/example_xcomargs.py
[2024-10-19T00:15:42.212+0000] {logging_mixin.py:190} INFO - [2024-10-19T00:15:42.212+0000] {dag.py:3239} INFO - Sync 2 DAGs
[2024-10-19T00:15:42.224+0000] {logging_mixin.py:190} INFO - [2024-10-19T00:15:42.224+0000] {dag.py:4180} INFO - Setting next_dagrun for example_xcom_args to None, run_after=None
[2024-10-19T00:15:42.228+0000] {logging_mixin.py:190} INFO - [2024-10-19T00:15:42.227+0000] {dag.py:4180} INFO - Setting next_dagrun for example_xcom_args_with_operators to None, run_after=None
[2024-10-19T00:15:42.243+0000] {processor.py:208} INFO - Processing /home/airflow/.local/lib/python3.12/site-packages/airflow/example_dags/example_xcomargs.py took 0.072 seconds
[2024-10-19T00:16:13.008+0000] {processor.py:186} INFO - Started process (PID=1477) to work on /home/airflow/.local/lib/python3.12/site-packages/airflow/example_dags/example_xcomargs.py
[2024-10-19T00:16:13.009+0000] {processor.py:914} INFO - Processing file /home/airflow/.local/lib/python3.12/site-packages/airflow/example_dags/example_xcomargs.py for tasks to queue
[2024-10-19T00:16:13.011+0000] {logging_mixin.py:190} INFO - [2024-10-19T00:16:13.011+0000] {dagbag.py:588} INFO - Filling up the DagBag from /home/airflow/.local/lib/python3.12/site-packages/airflow/example_dags/example_xcomargs.py
[2024-10-19T00:16:13.019+0000] {processor.py:925} INFO - DAG(s) 'example_xcom_args', 'example_xcom_args_with_operators' retrieved from /home/airflow/.local/lib/python3.12/site-packages/airflow/example_dags/example_xcomargs.py
[2024-10-19T00:16:13.038+0000] {logging_mixin.py:190} INFO - [2024-10-19T00:16:13.038+0000] {dag.py:3239} INFO - Sync 2 DAGs
[2024-10-19T00:16:13.050+0000] {logging_mixin.py:190} INFO - [2024-10-19T00:16:13.050+0000] {dag.py:4180} INFO - Setting next_dagrun for example_xcom_args to None, run_after=None
[2024-10-19T00:16:13.053+0000] {logging_mixin.py:190} INFO - [2024-10-19T00:16:13.053+0000] {dag.py:4180} INFO - Setting next_dagrun for example_xcom_args_with_operators to None, run_after=None
[2024-10-19T00:16:13.070+0000] {processor.py:208} INFO - Processing /home/airflow/.local/lib/python3.12/site-packages/airflow/example_dags/example_xcomargs.py took 0.067 seconds
[2024-10-19T00:16:43.678+0000] {processor.py:186} INFO - Started process (PID=1539) to work on /home/airflow/.local/lib/python3.12/site-packages/airflow/example_dags/example_xcomargs.py
[2024-10-19T00:16:43.679+0000] {processor.py:914} INFO - Processing file /home/airflow/.local/lib/python3.12/site-packages/airflow/example_dags/example_xcomargs.py for tasks to queue
[2024-10-19T00:16:43.681+0000] {logging_mixin.py:190} INFO - [2024-10-19T00:16:43.681+0000] {dagbag.py:588} INFO - Filling up the DagBag from /home/airflow/.local/lib/python3.12/site-packages/airflow/example_dags/example_xcomargs.py
[2024-10-19T00:16:43.689+0000] {processor.py:925} INFO - DAG(s) 'example_xcom_args_with_operators', 'example_xcom_args' retrieved from /home/airflow/.local/lib/python3.12/site-packages/airflow/example_dags/example_xcomargs.py
[2024-10-19T00:16:43.710+0000] {logging_mixin.py:190} INFO - [2024-10-19T00:16:43.709+0000] {dag.py:3239} INFO - Sync 2 DAGs
[2024-10-19T00:16:43.722+0000] {logging_mixin.py:190} INFO - [2024-10-19T00:16:43.722+0000] {dag.py:4180} INFO - Setting next_dagrun for example_xcom_args to None, run_after=None
[2024-10-19T00:16:43.726+0000] {logging_mixin.py:190} INFO - [2024-10-19T00:16:43.726+0000] {dag.py:4180} INFO - Setting next_dagrun for example_xcom_args_with_operators to None, run_after=None
[2024-10-19T00:16:43.743+0000] {processor.py:208} INFO - Processing /home/airflow/.local/lib/python3.12/site-packages/airflow/example_dags/example_xcomargs.py took 0.069 seconds
[2024-10-19T00:17:14.334+0000] {processor.py:186} INFO - Started process (PID=1601) to work on /home/airflow/.local/lib/python3.12/site-packages/airflow/example_dags/example_xcomargs.py
[2024-10-19T00:17:14.335+0000] {processor.py:914} INFO - Processing file /home/airflow/.local/lib/python3.12/site-packages/airflow/example_dags/example_xcomargs.py for tasks to queue
[2024-10-19T00:17:14.338+0000] {logging_mixin.py:190} INFO - [2024-10-19T00:17:14.338+0000] {dagbag.py:588} INFO - Filling up the DagBag from /home/airflow/.local/lib/python3.12/site-packages/airflow/example_dags/example_xcomargs.py
[2024-10-19T00:17:14.348+0000] {processor.py:925} INFO - DAG(s) 'example_xcom_args_with_operators', 'example_xcom_args' retrieved from /home/airflow/.local/lib/python3.12/site-packages/airflow/example_dags/example_xcomargs.py
[2024-10-19T00:17:14.370+0000] {logging_mixin.py:190} INFO - [2024-10-19T00:17:14.370+0000] {dag.py:3239} INFO - Sync 2 DAGs
[2024-10-19T00:17:14.384+0000] {logging_mixin.py:190} INFO - [2024-10-19T00:17:14.384+0000] {dag.py:4180} INFO - Setting next_dagrun for example_xcom_args to None, run_after=None
[2024-10-19T00:17:14.388+0000] {logging_mixin.py:190} INFO - [2024-10-19T00:17:14.388+0000] {dag.py:4180} INFO - Setting next_dagrun for example_xcom_args_with_operators to None, run_after=None
[2024-10-19T00:17:14.406+0000] {processor.py:208} INFO - Processing /home/airflow/.local/lib/python3.12/site-packages/airflow/example_dags/example_xcomargs.py took 0.078 seconds
[2024-10-19T00:17:44.882+0000] {processor.py:186} INFO - Started process (PID=1663) to work on /home/airflow/.local/lib/python3.12/site-packages/airflow/example_dags/example_xcomargs.py
[2024-10-19T00:17:44.883+0000] {processor.py:914} INFO - Processing file /home/airflow/.local/lib/python3.12/site-packages/airflow/example_dags/example_xcomargs.py for tasks to queue
[2024-10-19T00:17:44.885+0000] {logging_mixin.py:190} INFO - [2024-10-19T00:17:44.884+0000] {dagbag.py:588} INFO - Filling up the DagBag from /home/airflow/.local/lib/python3.12/site-packages/airflow/example_dags/example_xcomargs.py
[2024-10-19T00:17:44.893+0000] {processor.py:925} INFO - DAG(s) 'example_xcom_args_with_operators', 'example_xcom_args' retrieved from /home/airflow/.local/lib/python3.12/site-packages/airflow/example_dags/example_xcomargs.py
[2024-10-19T00:17:44.913+0000] {logging_mixin.py:190} INFO - [2024-10-19T00:17:44.912+0000] {dag.py:3239} INFO - Sync 2 DAGs
[2024-10-19T00:17:44.925+0000] {logging_mixin.py:190} INFO - [2024-10-19T00:17:44.924+0000] {dag.py:4180} INFO - Setting next_dagrun for example_xcom_args to None, run_after=None
[2024-10-19T00:17:44.928+0000] {logging_mixin.py:190} INFO - [2024-10-19T00:17:44.928+0000] {dag.py:4180} INFO - Setting next_dagrun for example_xcom_args_with_operators to None, run_after=None
[2024-10-19T00:17:44.944+0000] {processor.py:208} INFO - Processing /home/airflow/.local/lib/python3.12/site-packages/airflow/example_dags/example_xcomargs.py took 0.067 seconds
[2024-10-19T00:18:15.755+0000] {processor.py:186} INFO - Started process (PID=1725) to work on /home/airflow/.local/lib/python3.12/site-packages/airflow/example_dags/example_xcomargs.py
[2024-10-19T00:18:15.756+0000] {processor.py:914} INFO - Processing file /home/airflow/.local/lib/python3.12/site-packages/airflow/example_dags/example_xcomargs.py for tasks to queue
[2024-10-19T00:18:15.758+0000] {logging_mixin.py:190} INFO - [2024-10-19T00:18:15.758+0000] {dagbag.py:588} INFO - Filling up the DagBag from /home/airflow/.local/lib/python3.12/site-packages/airflow/example_dags/example_xcomargs.py
[2024-10-19T00:18:15.767+0000] {processor.py:925} INFO - DAG(s) 'example_xcom_args_with_operators', 'example_xcom_args' retrieved from /home/airflow/.local/lib/python3.12/site-packages/airflow/example_dags/example_xcomargs.py
[2024-10-19T00:18:15.788+0000] {logging_mixin.py:190} INFO - [2024-10-19T00:18:15.787+0000] {dag.py:3239} INFO - Sync 2 DAGs
[2024-10-19T00:18:15.800+0000] {logging_mixin.py:190} INFO - [2024-10-19T00:18:15.800+0000] {dag.py:4180} INFO - Setting next_dagrun for example_xcom_args to None, run_after=None
[2024-10-19T00:18:15.805+0000] {logging_mixin.py:190} INFO - [2024-10-19T00:18:15.805+0000] {dag.py:4180} INFO - Setting next_dagrun for example_xcom_args_with_operators to None, run_after=None
[2024-10-19T00:18:15.824+0000] {processor.py:208} INFO - Processing /home/airflow/.local/lib/python3.12/site-packages/airflow/example_dags/example_xcomargs.py took 0.075 seconds
[2024-10-19T00:18:46.978+0000] {processor.py:186} INFO - Started process (PID=1786) to work on /home/airflow/.local/lib/python3.12/site-packages/airflow/example_dags/example_xcomargs.py
[2024-10-19T00:18:46.979+0000] {processor.py:914} INFO - Processing file /home/airflow/.local/lib/python3.12/site-packages/airflow/example_dags/example_xcomargs.py for tasks to queue
[2024-10-19T00:18:46.983+0000] {logging_mixin.py:190} INFO - [2024-10-19T00:18:46.982+0000] {dagbag.py:588} INFO - Filling up the DagBag from /home/airflow/.local/lib/python3.12/site-packages/airflow/example_dags/example_xcomargs.py
[2024-10-19T00:18:46.994+0000] {processor.py:925} INFO - DAG(s) 'example_xcom_args', 'example_xcom_args_with_operators' retrieved from /home/airflow/.local/lib/python3.12/site-packages/airflow/example_dags/example_xcomargs.py
[2024-10-19T00:18:47.021+0000] {logging_mixin.py:190} INFO - [2024-10-19T00:18:47.021+0000] {dag.py:3239} INFO - Sync 2 DAGs
[2024-10-19T00:18:47.036+0000] {logging_mixin.py:190} INFO - [2024-10-19T00:18:47.036+0000] {dag.py:4180} INFO - Setting next_dagrun for example_xcom_args to None, run_after=None
[2024-10-19T00:18:47.039+0000] {logging_mixin.py:190} INFO - [2024-10-19T00:18:47.039+0000] {dag.py:4180} INFO - Setting next_dagrun for example_xcom_args_with_operators to None, run_after=None
[2024-10-19T00:18:47.057+0000] {processor.py:208} INFO - Processing /home/airflow/.local/lib/python3.12/site-packages/airflow/example_dags/example_xcomargs.py took 0.084 seconds
[2024-10-19T00:19:18.013+0000] {processor.py:186} INFO - Started process (PID=1848) to work on /home/airflow/.local/lib/python3.12/site-packages/airflow/example_dags/example_xcomargs.py
[2024-10-19T00:19:18.015+0000] {processor.py:914} INFO - Processing file /home/airflow/.local/lib/python3.12/site-packages/airflow/example_dags/example_xcomargs.py for tasks to queue
[2024-10-19T00:19:18.017+0000] {logging_mixin.py:190} INFO - [2024-10-19T00:19:18.017+0000] {dagbag.py:588} INFO - Filling up the DagBag from /home/airflow/.local/lib/python3.12/site-packages/airflow/example_dags/example_xcomargs.py
[2024-10-19T00:19:18.027+0000] {processor.py:925} INFO - DAG(s) 'example_xcom_args_with_operators', 'example_xcom_args' retrieved from /home/airflow/.local/lib/python3.12/site-packages/airflow/example_dags/example_xcomargs.py
[2024-10-19T00:19:18.053+0000] {logging_mixin.py:190} INFO - [2024-10-19T00:19:18.052+0000] {dag.py:3239} INFO - Sync 2 DAGs
[2024-10-19T00:19:18.068+0000] {logging_mixin.py:190} INFO - [2024-10-19T00:19:18.068+0000] {dag.py:4180} INFO - Setting next_dagrun for example_xcom_args to None, run_after=None
[2024-10-19T00:19:18.073+0000] {logging_mixin.py:190} INFO - [2024-10-19T00:19:18.072+0000] {dag.py:4180} INFO - Setting next_dagrun for example_xcom_args_with_operators to None, run_after=None
[2024-10-19T00:19:18.093+0000] {processor.py:208} INFO - Processing /home/airflow/.local/lib/python3.12/site-packages/airflow/example_dags/example_xcomargs.py took 0.086 seconds
[2024-10-19T00:19:48.286+0000] {processor.py:186} INFO - Started process (PID=1910) to work on /home/airflow/.local/lib/python3.12/site-packages/airflow/example_dags/example_xcomargs.py
[2024-10-19T00:19:48.287+0000] {processor.py:914} INFO - Processing file /home/airflow/.local/lib/python3.12/site-packages/airflow/example_dags/example_xcomargs.py for tasks to queue
[2024-10-19T00:19:48.289+0000] {logging_mixin.py:190} INFO - [2024-10-19T00:19:48.289+0000] {dagbag.py:588} INFO - Filling up the DagBag from /home/airflow/.local/lib/python3.12/site-packages/airflow/example_dags/example_xcomargs.py
[2024-10-19T00:19:48.299+0000] {processor.py:925} INFO - DAG(s) 'example_xcom_args_with_operators', 'example_xcom_args' retrieved from /home/airflow/.local/lib/python3.12/site-packages/airflow/example_dags/example_xcomargs.py
[2024-10-19T00:19:48.321+0000] {logging_mixin.py:190} INFO - [2024-10-19T00:19:48.321+0000] {dag.py:3239} INFO - Sync 2 DAGs
[2024-10-19T00:19:48.335+0000] {logging_mixin.py:190} INFO - [2024-10-19T00:19:48.334+0000] {dag.py:4180} INFO - Setting next_dagrun for example_xcom_args to None, run_after=None
[2024-10-19T00:19:48.338+0000] {logging_mixin.py:190} INFO - [2024-10-19T00:19:48.338+0000] {dag.py:4180} INFO - Setting next_dagrun for example_xcom_args_with_operators to None, run_after=None
[2024-10-19T00:19:48.356+0000] {processor.py:208} INFO - Processing /home/airflow/.local/lib/python3.12/site-packages/airflow/example_dags/example_xcomargs.py took 0.076 seconds
[2024-10-19T00:20:18.952+0000] {processor.py:186} INFO - Started process (PID=1972) to work on /home/airflow/.local/lib/python3.12/site-packages/airflow/example_dags/example_xcomargs.py
[2024-10-19T00:20:18.953+0000] {processor.py:914} INFO - Processing file /home/airflow/.local/lib/python3.12/site-packages/airflow/example_dags/example_xcomargs.py for tasks to queue
[2024-10-19T00:20:18.955+0000] {logging_mixin.py:190} INFO - [2024-10-19T00:20:18.955+0000] {dagbag.py:588} INFO - Filling up the DagBag from /home/airflow/.local/lib/python3.12/site-packages/airflow/example_dags/example_xcomargs.py
[2024-10-19T00:20:18.964+0000] {processor.py:925} INFO - DAG(s) 'example_xcom_args_with_operators', 'example_xcom_args' retrieved from /home/airflow/.local/lib/python3.12/site-packages/airflow/example_dags/example_xcomargs.py
[2024-10-19T00:20:18.986+0000] {logging_mixin.py:190} INFO - [2024-10-19T00:20:18.986+0000] {dag.py:3239} INFO - Sync 2 DAGs
[2024-10-19T00:20:19.000+0000] {logging_mixin.py:190} INFO - [2024-10-19T00:20:19.000+0000] {dag.py:4180} INFO - Setting next_dagrun for example_xcom_args to None, run_after=None
[2024-10-19T00:20:19.004+0000] {logging_mixin.py:190} INFO - [2024-10-19T00:20:19.003+0000] {dag.py:4180} INFO - Setting next_dagrun for example_xcom_args_with_operators to None, run_after=None
[2024-10-19T00:20:19.020+0000] {processor.py:208} INFO - Processing /home/airflow/.local/lib/python3.12/site-packages/airflow/example_dags/example_xcomargs.py took 0.073 seconds
[2024-10-19T00:20:50.046+0000] {processor.py:186} INFO - Started process (PID=2034) to work on /home/airflow/.local/lib/python3.12/site-packages/airflow/example_dags/example_xcomargs.py
[2024-10-19T00:20:50.047+0000] {processor.py:914} INFO - Processing file /home/airflow/.local/lib/python3.12/site-packages/airflow/example_dags/example_xcomargs.py for tasks to queue
[2024-10-19T00:20:50.049+0000] {logging_mixin.py:190} INFO - [2024-10-19T00:20:50.049+0000] {dagbag.py:588} INFO - Filling up the DagBag from /home/airflow/.local/lib/python3.12/site-packages/airflow/example_dags/example_xcomargs.py
[2024-10-19T00:20:50.057+0000] {processor.py:925} INFO - DAG(s) 'example_xcom_args', 'example_xcom_args_with_operators' retrieved from /home/airflow/.local/lib/python3.12/site-packages/airflow/example_dags/example_xcomargs.py
[2024-10-19T00:20:50.077+0000] {logging_mixin.py:190} INFO - [2024-10-19T00:20:50.077+0000] {dag.py:3239} INFO - Sync 2 DAGs
[2024-10-19T00:20:50.090+0000] {logging_mixin.py:190} INFO - [2024-10-19T00:20:50.090+0000] {dag.py:4180} INFO - Setting next_dagrun for example_xcom_args to None, run_after=None
[2024-10-19T00:20:50.095+0000] {logging_mixin.py:190} INFO - [2024-10-19T00:20:50.095+0000] {dag.py:4180} INFO - Setting next_dagrun for example_xcom_args_with_operators to None, run_after=None
[2024-10-19T00:20:50.111+0000] {processor.py:208} INFO - Processing /home/airflow/.local/lib/python3.12/site-packages/airflow/example_dags/example_xcomargs.py took 0.071 seconds
[2024-10-19T00:21:21.315+0000] {processor.py:186} INFO - Started process (PID=2096) to work on /home/airflow/.local/lib/python3.12/site-packages/airflow/example_dags/example_xcomargs.py
[2024-10-19T00:21:21.316+0000] {processor.py:914} INFO - Processing file /home/airflow/.local/lib/python3.12/site-packages/airflow/example_dags/example_xcomargs.py for tasks to queue
[2024-10-19T00:21:21.319+0000] {logging_mixin.py:190} INFO - [2024-10-19T00:21:21.318+0000] {dagbag.py:588} INFO - Filling up the DagBag from /home/airflow/.local/lib/python3.12/site-packages/airflow/example_dags/example_xcomargs.py
[2024-10-19T00:21:21.329+0000] {processor.py:925} INFO - DAG(s) 'example_xcom_args', 'example_xcom_args_with_operators' retrieved from /home/airflow/.local/lib/python3.12/site-packages/airflow/example_dags/example_xcomargs.py
[2024-10-19T00:21:21.352+0000] {logging_mixin.py:190} INFO - [2024-10-19T00:21:21.352+0000] {dag.py:3239} INFO - Sync 2 DAGs
[2024-10-19T00:21:21.366+0000] {logging_mixin.py:190} INFO - [2024-10-19T00:21:21.366+0000] {dag.py:4180} INFO - Setting next_dagrun for example_xcom_args to None, run_after=None
[2024-10-19T00:21:21.370+0000] {logging_mixin.py:190} INFO - [2024-10-19T00:21:21.370+0000] {dag.py:4180} INFO - Setting next_dagrun for example_xcom_args_with_operators to None, run_after=None
[2024-10-19T00:21:21.388+0000] {processor.py:208} INFO - Processing /home/airflow/.local/lib/python3.12/site-packages/airflow/example_dags/example_xcomargs.py took 0.078 seconds
[2024-10-19T00:21:51.985+0000] {processor.py:186} INFO - Started process (PID=2164) to work on /home/airflow/.local/lib/python3.12/site-packages/airflow/example_dags/example_xcomargs.py
[2024-10-19T00:21:51.986+0000] {processor.py:914} INFO - Processing file /home/airflow/.local/lib/python3.12/site-packages/airflow/example_dags/example_xcomargs.py for tasks to queue
[2024-10-19T00:21:51.988+0000] {logging_mixin.py:190} INFO - [2024-10-19T00:21:51.987+0000] {dagbag.py:588} INFO - Filling up the DagBag from /home/airflow/.local/lib/python3.12/site-packages/airflow/example_dags/example_xcomargs.py
[2024-10-19T00:21:51.996+0000] {processor.py:925} INFO - DAG(s) 'example_xcom_args', 'example_xcom_args_with_operators' retrieved from /home/airflow/.local/lib/python3.12/site-packages/airflow/example_dags/example_xcomargs.py
[2024-10-19T00:21:52.016+0000] {logging_mixin.py:190} INFO - [2024-10-19T00:21:52.016+0000] {dag.py:3239} INFO - Sync 2 DAGs
[2024-10-19T00:21:52.029+0000] {logging_mixin.py:190} INFO - [2024-10-19T00:21:52.029+0000] {dag.py:4180} INFO - Setting next_dagrun for example_xcom_args to None, run_after=None
[2024-10-19T00:21:52.033+0000] {logging_mixin.py:190} INFO - [2024-10-19T00:21:52.033+0000] {dag.py:4180} INFO - Setting next_dagrun for example_xcom_args_with_operators to None, run_after=None
[2024-10-19T00:21:52.046+0000] {processor.py:208} INFO - Processing /home/airflow/.local/lib/python3.12/site-packages/airflow/example_dags/example_xcomargs.py took 0.067 seconds
[2024-10-19T00:22:22.588+0000] {processor.py:186} INFO - Started process (PID=2228) to work on /home/airflow/.local/lib/python3.12/site-packages/airflow/example_dags/example_xcomargs.py
[2024-10-19T00:22:22.589+0000] {processor.py:914} INFO - Processing file /home/airflow/.local/lib/python3.12/site-packages/airflow/example_dags/example_xcomargs.py for tasks to queue
[2024-10-19T00:22:22.591+0000] {logging_mixin.py:190} INFO - [2024-10-19T00:22:22.591+0000] {dagbag.py:588} INFO - Filling up the DagBag from /home/airflow/.local/lib/python3.12/site-packages/airflow/example_dags/example_xcomargs.py
[2024-10-19T00:22:22.601+0000] {processor.py:925} INFO - DAG(s) 'example_xcom_args_with_operators', 'example_xcom_args' retrieved from /home/airflow/.local/lib/python3.12/site-packages/airflow/example_dags/example_xcomargs.py
[2024-10-19T00:22:22.622+0000] {logging_mixin.py:190} INFO - [2024-10-19T00:22:22.622+0000] {dag.py:3239} INFO - Sync 2 DAGs
[2024-10-19T00:22:22.636+0000] {logging_mixin.py:190} INFO - [2024-10-19T00:22:22.636+0000] {dag.py:4180} INFO - Setting next_dagrun for example_xcom_args to None, run_after=None
[2024-10-19T00:22:22.640+0000] {logging_mixin.py:190} INFO - [2024-10-19T00:22:22.640+0000] {dag.py:4180} INFO - Setting next_dagrun for example_xcom_args_with_operators to None, run_after=None
[2024-10-19T00:22:22.657+0000] {processor.py:208} INFO - Processing /home/airflow/.local/lib/python3.12/site-packages/airflow/example_dags/example_xcomargs.py took 0.075 seconds
[2024-10-19T00:22:53.057+0000] {processor.py:186} INFO - Started process (PID=2290) to work on /home/airflow/.local/lib/python3.12/site-packages/airflow/example_dags/example_xcomargs.py
[2024-10-19T00:22:53.059+0000] {processor.py:914} INFO - Processing file /home/airflow/.local/lib/python3.12/site-packages/airflow/example_dags/example_xcomargs.py for tasks to queue
[2024-10-19T00:22:53.061+0000] {logging_mixin.py:190} INFO - [2024-10-19T00:22:53.060+0000] {dagbag.py:588} INFO - Filling up the DagBag from /home/airflow/.local/lib/python3.12/site-packages/airflow/example_dags/example_xcomargs.py
[2024-10-19T00:22:53.070+0000] {processor.py:925} INFO - DAG(s) 'example_xcom_args_with_operators', 'example_xcom_args' retrieved from /home/airflow/.local/lib/python3.12/site-packages/airflow/example_dags/example_xcomargs.py
[2024-10-19T00:22:53.091+0000] {logging_mixin.py:190} INFO - [2024-10-19T00:22:53.091+0000] {dag.py:3239} INFO - Sync 2 DAGs
[2024-10-19T00:22:53.106+0000] {logging_mixin.py:190} INFO - [2024-10-19T00:22:53.106+0000] {dag.py:4180} INFO - Setting next_dagrun for example_xcom_args to None, run_after=None
[2024-10-19T00:22:53.110+0000] {logging_mixin.py:190} INFO - [2024-10-19T00:22:53.110+0000] {dag.py:4180} INFO - Setting next_dagrun for example_xcom_args_with_operators to None, run_after=None
[2024-10-19T00:22:53.129+0000] {processor.py:208} INFO - Processing /home/airflow/.local/lib/python3.12/site-packages/airflow/example_dags/example_xcomargs.py took 0.077 seconds
[2024-10-19T00:23:23.653+0000] {processor.py:186} INFO - Started process (PID=2352) to work on /home/airflow/.local/lib/python3.12/site-packages/airflow/example_dags/example_xcomargs.py
[2024-10-19T00:23:23.654+0000] {processor.py:914} INFO - Processing file /home/airflow/.local/lib/python3.12/site-packages/airflow/example_dags/example_xcomargs.py for tasks to queue
[2024-10-19T00:23:23.656+0000] {logging_mixin.py:190} INFO - [2024-10-19T00:23:23.656+0000] {dagbag.py:588} INFO - Filling up the DagBag from /home/airflow/.local/lib/python3.12/site-packages/airflow/example_dags/example_xcomargs.py
[2024-10-19T00:23:23.665+0000] {processor.py:925} INFO - DAG(s) 'example_xcom_args', 'example_xcom_args_with_operators' retrieved from /home/airflow/.local/lib/python3.12/site-packages/airflow/example_dags/example_xcomargs.py
[2024-10-19T00:23:23.685+0000] {logging_mixin.py:190} INFO - [2024-10-19T00:23:23.684+0000] {dag.py:3239} INFO - Sync 2 DAGs
[2024-10-19T00:23:23.696+0000] {logging_mixin.py:190} INFO - [2024-10-19T00:23:23.696+0000] {dag.py:4180} INFO - Setting next_dagrun for example_xcom_args to None, run_after=None
[2024-10-19T00:23:23.699+0000] {logging_mixin.py:190} INFO - [2024-10-19T00:23:23.699+0000] {dag.py:4180} INFO - Setting next_dagrun for example_xcom_args_with_operators to None, run_after=None
[2024-10-19T00:23:23.715+0000] {processor.py:208} INFO - Processing /home/airflow/.local/lib/python3.12/site-packages/airflow/example_dags/example_xcomargs.py took 0.068 seconds
[2024-10-19T00:23:54.122+0000] {processor.py:186} INFO - Started process (PID=2414) to work on /home/airflow/.local/lib/python3.12/site-packages/airflow/example_dags/example_xcomargs.py
[2024-10-19T00:23:54.122+0000] {processor.py:914} INFO - Processing file /home/airflow/.local/lib/python3.12/site-packages/airflow/example_dags/example_xcomargs.py for tasks to queue
[2024-10-19T00:23:54.125+0000] {logging_mixin.py:190} INFO - [2024-10-19T00:23:54.124+0000] {dagbag.py:588} INFO - Filling up the DagBag from /home/airflow/.local/lib/python3.12/site-packages/airflow/example_dags/example_xcomargs.py
[2024-10-19T00:23:54.135+0000] {processor.py:925} INFO - DAG(s) 'example_xcom_args_with_operators', 'example_xcom_args' retrieved from /home/airflow/.local/lib/python3.12/site-packages/airflow/example_dags/example_xcomargs.py
[2024-10-19T00:23:54.155+0000] {logging_mixin.py:190} INFO - [2024-10-19T00:23:54.154+0000] {dag.py:3239} INFO - Sync 2 DAGs
[2024-10-19T00:23:54.166+0000] {logging_mixin.py:190} INFO - [2024-10-19T00:23:54.166+0000] {dag.py:4180} INFO - Setting next_dagrun for example_xcom_args to None, run_after=None
[2024-10-19T00:23:54.170+0000] {logging_mixin.py:190} INFO - [2024-10-19T00:23:54.169+0000] {dag.py:4180} INFO - Setting next_dagrun for example_xcom_args_with_operators to None, run_after=None
[2024-10-19T00:23:54.184+0000] {processor.py:208} INFO - Processing /home/airflow/.local/lib/python3.12/site-packages/airflow/example_dags/example_xcomargs.py took 0.068 seconds
[2024-10-19T00:24:24.606+0000] {processor.py:186} INFO - Started process (PID=2476) to work on /home/airflow/.local/lib/python3.12/site-packages/airflow/example_dags/example_xcomargs.py
[2024-10-19T00:24:24.607+0000] {processor.py:914} INFO - Processing file /home/airflow/.local/lib/python3.12/site-packages/airflow/example_dags/example_xcomargs.py for tasks to queue
[2024-10-19T00:24:24.609+0000] {logging_mixin.py:190} INFO - [2024-10-19T00:24:24.609+0000] {dagbag.py:588} INFO - Filling up the DagBag from /home/airflow/.local/lib/python3.12/site-packages/airflow/example_dags/example_xcomargs.py
[2024-10-19T00:24:24.619+0000] {processor.py:925} INFO - DAG(s) 'example_xcom_args_with_operators', 'example_xcom_args' retrieved from /home/airflow/.local/lib/python3.12/site-packages/airflow/example_dags/example_xcomargs.py
[2024-10-19T00:24:24.643+0000] {logging_mixin.py:190} INFO - [2024-10-19T00:24:24.642+0000] {dag.py:3239} INFO - Sync 2 DAGs
[2024-10-19T00:24:24.656+0000] {logging_mixin.py:190} INFO - [2024-10-19T00:24:24.656+0000] {dag.py:4180} INFO - Setting next_dagrun for example_xcom_args to None, run_after=None
[2024-10-19T00:24:24.660+0000] {logging_mixin.py:190} INFO - [2024-10-19T00:24:24.660+0000] {dag.py:4180} INFO - Setting next_dagrun for example_xcom_args_with_operators to None, run_after=None
[2024-10-19T00:24:24.681+0000] {processor.py:208} INFO - Processing /home/airflow/.local/lib/python3.12/site-packages/airflow/example_dags/example_xcomargs.py took 0.081 seconds
[2024-10-19T00:24:55.228+0000] {processor.py:186} INFO - Started process (PID=2536) to work on /home/airflow/.local/lib/python3.12/site-packages/airflow/example_dags/example_xcomargs.py
[2024-10-19T00:24:55.229+0000] {processor.py:914} INFO - Processing file /home/airflow/.local/lib/python3.12/site-packages/airflow/example_dags/example_xcomargs.py for tasks to queue
[2024-10-19T00:24:55.232+0000] {logging_mixin.py:190} INFO - [2024-10-19T00:24:55.231+0000] {dagbag.py:588} INFO - Filling up the DagBag from /home/airflow/.local/lib/python3.12/site-packages/airflow/example_dags/example_xcomargs.py
[2024-10-19T00:24:55.240+0000] {processor.py:925} INFO - DAG(s) 'example_xcom_args_with_operators', 'example_xcom_args' retrieved from /home/airflow/.local/lib/python3.12/site-packages/airflow/example_dags/example_xcomargs.py
[2024-10-19T00:24:55.259+0000] {logging_mixin.py:190} INFO - [2024-10-19T00:24:55.259+0000] {dag.py:3239} INFO - Sync 2 DAGs
[2024-10-19T00:24:55.273+0000] {logging_mixin.py:190} INFO - [2024-10-19T00:24:55.272+0000] {dag.py:4180} INFO - Setting next_dagrun for example_xcom_args to None, run_after=None
[2024-10-19T00:24:55.276+0000] {logging_mixin.py:190} INFO - [2024-10-19T00:24:55.276+0000] {dag.py:4180} INFO - Setting next_dagrun for example_xcom_args_with_operators to None, run_after=None
[2024-10-19T00:24:55.289+0000] {processor.py:208} INFO - Processing /home/airflow/.local/lib/python3.12/site-packages/airflow/example_dags/example_xcomargs.py took 0.066 seconds
[2024-10-19T00:25:26.671+0000] {processor.py:186} INFO - Started process (PID=2599) to work on /home/airflow/.local/lib/python3.12/site-packages/airflow/example_dags/example_xcomargs.py
[2024-10-19T00:25:26.672+0000] {processor.py:914} INFO - Processing file /home/airflow/.local/lib/python3.12/site-packages/airflow/example_dags/example_xcomargs.py for tasks to queue
[2024-10-19T00:25:26.675+0000] {logging_mixin.py:190} INFO - [2024-10-19T00:25:26.674+0000] {dagbag.py:588} INFO - Filling up the DagBag from /home/airflow/.local/lib/python3.12/site-packages/airflow/example_dags/example_xcomargs.py
[2024-10-19T00:25:26.686+0000] {processor.py:925} INFO - DAG(s) 'example_xcom_args', 'example_xcom_args_with_operators' retrieved from /home/airflow/.local/lib/python3.12/site-packages/airflow/example_dags/example_xcomargs.py
[2024-10-19T00:25:26.709+0000] {logging_mixin.py:190} INFO - [2024-10-19T00:25:26.709+0000] {dag.py:3239} INFO - Sync 2 DAGs
[2024-10-19T00:25:26.723+0000] {logging_mixin.py:190} INFO - [2024-10-19T00:25:26.723+0000] {dag.py:4180} INFO - Setting next_dagrun for example_xcom_args to None, run_after=None
[2024-10-19T00:25:26.728+0000] {logging_mixin.py:190} INFO - [2024-10-19T00:25:26.727+0000] {dag.py:4180} INFO - Setting next_dagrun for example_xcom_args_with_operators to None, run_after=None
[2024-10-19T00:25:26.746+0000] {processor.py:208} INFO - Processing /home/airflow/.local/lib/python3.12/site-packages/airflow/example_dags/example_xcomargs.py took 0.082 seconds
[2024-10-19T00:25:57.451+0000] {processor.py:186} INFO - Started process (PID=2661) to work on /home/airflow/.local/lib/python3.12/site-packages/airflow/example_dags/example_xcomargs.py
[2024-10-19T00:25:57.452+0000] {processor.py:914} INFO - Processing file /home/airflow/.local/lib/python3.12/site-packages/airflow/example_dags/example_xcomargs.py for tasks to queue
[2024-10-19T00:25:57.454+0000] {logging_mixin.py:190} INFO - [2024-10-19T00:25:57.453+0000] {dagbag.py:588} INFO - Filling up the DagBag from /home/airflow/.local/lib/python3.12/site-packages/airflow/example_dags/example_xcomargs.py
[2024-10-19T00:25:57.463+0000] {processor.py:925} INFO - DAG(s) 'example_xcom_args_with_operators', 'example_xcom_args' retrieved from /home/airflow/.local/lib/python3.12/site-packages/airflow/example_dags/example_xcomargs.py
[2024-10-19T00:25:57.481+0000] {logging_mixin.py:190} INFO - [2024-10-19T00:25:57.481+0000] {dag.py:3239} INFO - Sync 2 DAGs
[2024-10-19T00:25:57.493+0000] {logging_mixin.py:190} INFO - [2024-10-19T00:25:57.493+0000] {dag.py:4180} INFO - Setting next_dagrun for example_xcom_args to None, run_after=None
[2024-10-19T00:25:57.496+0000] {logging_mixin.py:190} INFO - [2024-10-19T00:25:57.496+0000] {dag.py:4180} INFO - Setting next_dagrun for example_xcom_args_with_operators to None, run_after=None
[2024-10-19T00:25:57.511+0000] {processor.py:208} INFO - Processing /home/airflow/.local/lib/python3.12/site-packages/airflow/example_dags/example_xcomargs.py took 0.066 seconds
[2024-10-19T00:26:28.736+0000] {processor.py:186} INFO - Started process (PID=2723) to work on /home/airflow/.local/lib/python3.12/site-packages/airflow/example_dags/example_xcomargs.py
[2024-10-19T00:26:28.737+0000] {processor.py:914} INFO - Processing file /home/airflow/.local/lib/python3.12/site-packages/airflow/example_dags/example_xcomargs.py for tasks to queue
[2024-10-19T00:26:28.740+0000] {logging_mixin.py:190} INFO - [2024-10-19T00:26:28.740+0000] {dagbag.py:588} INFO - Filling up the DagBag from /home/airflow/.local/lib/python3.12/site-packages/airflow/example_dags/example_xcomargs.py
[2024-10-19T00:26:28.754+0000] {processor.py:925} INFO - DAG(s) 'example_xcom_args', 'example_xcom_args_with_operators' retrieved from /home/airflow/.local/lib/python3.12/site-packages/airflow/example_dags/example_xcomargs.py
[2024-10-19T00:26:28.787+0000] {logging_mixin.py:190} INFO - [2024-10-19T00:26:28.786+0000] {dag.py:3239} INFO - Sync 2 DAGs
[2024-10-19T00:26:28.809+0000] {logging_mixin.py:190} INFO - [2024-10-19T00:26:28.808+0000] {dag.py:4180} INFO - Setting next_dagrun for example_xcom_args to None, run_after=None
[2024-10-19T00:26:28.815+0000] {logging_mixin.py:190} INFO - [2024-10-19T00:26:28.814+0000] {dag.py:4180} INFO - Setting next_dagrun for example_xcom_args_with_operators to None, run_after=None
[2024-10-19T00:26:28.841+0000] {processor.py:208} INFO - Processing /home/airflow/.local/lib/python3.12/site-packages/airflow/example_dags/example_xcomargs.py took 0.112 seconds
[2024-10-19T00:26:59.544+0000] {processor.py:186} INFO - Started process (PID=2784) to work on /home/airflow/.local/lib/python3.12/site-packages/airflow/example_dags/example_xcomargs.py
[2024-10-19T00:26:59.545+0000] {processor.py:914} INFO - Processing file /home/airflow/.local/lib/python3.12/site-packages/airflow/example_dags/example_xcomargs.py for tasks to queue
[2024-10-19T00:26:59.548+0000] {logging_mixin.py:190} INFO - [2024-10-19T00:26:59.547+0000] {dagbag.py:588} INFO - Filling up the DagBag from /home/airflow/.local/lib/python3.12/site-packages/airflow/example_dags/example_xcomargs.py
[2024-10-19T00:26:59.556+0000] {processor.py:925} INFO - DAG(s) 'example_xcom_args', 'example_xcom_args_with_operators' retrieved from /home/airflow/.local/lib/python3.12/site-packages/airflow/example_dags/example_xcomargs.py
[2024-10-19T00:26:59.578+0000] {logging_mixin.py:190} INFO - [2024-10-19T00:26:59.577+0000] {dag.py:3239} INFO - Sync 2 DAGs
[2024-10-19T00:26:59.591+0000] {logging_mixin.py:190} INFO - [2024-10-19T00:26:59.590+0000] {dag.py:4180} INFO - Setting next_dagrun for example_xcom_args to None, run_after=None
[2024-10-19T00:26:59.595+0000] {logging_mixin.py:190} INFO - [2024-10-19T00:26:59.594+0000] {dag.py:4180} INFO - Setting next_dagrun for example_xcom_args_with_operators to None, run_after=None
[2024-10-19T00:26:59.609+0000] {processor.py:208} INFO - Processing /home/airflow/.local/lib/python3.12/site-packages/airflow/example_dags/example_xcomargs.py took 0.070 seconds
[2024-10-19T00:27:30.430+0000] {processor.py:186} INFO - Started process (PID=2845) to work on /home/airflow/.local/lib/python3.12/site-packages/airflow/example_dags/example_xcomargs.py
[2024-10-19T00:27:30.430+0000] {processor.py:914} INFO - Processing file /home/airflow/.local/lib/python3.12/site-packages/airflow/example_dags/example_xcomargs.py for tasks to queue
[2024-10-19T00:27:30.433+0000] {logging_mixin.py:190} INFO - [2024-10-19T00:27:30.432+0000] {dagbag.py:588} INFO - Filling up the DagBag from /home/airflow/.local/lib/python3.12/site-packages/airflow/example_dags/example_xcomargs.py
[2024-10-19T00:27:30.442+0000] {processor.py:925} INFO - DAG(s) 'example_xcom_args_with_operators', 'example_xcom_args' retrieved from /home/airflow/.local/lib/python3.12/site-packages/airflow/example_dags/example_xcomargs.py
[2024-10-19T00:27:30.462+0000] {logging_mixin.py:190} INFO - [2024-10-19T00:27:30.462+0000] {dag.py:3239} INFO - Sync 2 DAGs
[2024-10-19T00:27:30.474+0000] {logging_mixin.py:190} INFO - [2024-10-19T00:27:30.474+0000] {dag.py:4180} INFO - Setting next_dagrun for example_xcom_args to None, run_after=None
[2024-10-19T00:27:30.478+0000] {logging_mixin.py:190} INFO - [2024-10-19T00:27:30.478+0000] {dag.py:4180} INFO - Setting next_dagrun for example_xcom_args_with_operators to None, run_after=None
[2024-10-19T00:27:30.493+0000] {processor.py:208} INFO - Processing /home/airflow/.local/lib/python3.12/site-packages/airflow/example_dags/example_xcomargs.py took 0.068 seconds
[2024-10-19T00:28:01.364+0000] {processor.py:186} INFO - Started process (PID=2907) to work on /home/airflow/.local/lib/python3.12/site-packages/airflow/example_dags/example_xcomargs.py
[2024-10-19T00:28:01.365+0000] {processor.py:914} INFO - Processing file /home/airflow/.local/lib/python3.12/site-packages/airflow/example_dags/example_xcomargs.py for tasks to queue
[2024-10-19T00:28:01.367+0000] {logging_mixin.py:190} INFO - [2024-10-19T00:28:01.367+0000] {dagbag.py:588} INFO - Filling up the DagBag from /home/airflow/.local/lib/python3.12/site-packages/airflow/example_dags/example_xcomargs.py
[2024-10-19T00:28:01.376+0000] {processor.py:925} INFO - DAG(s) 'example_xcom_args_with_operators', 'example_xcom_args' retrieved from /home/airflow/.local/lib/python3.12/site-packages/airflow/example_dags/example_xcomargs.py
[2024-10-19T00:28:01.400+0000] {logging_mixin.py:190} INFO - [2024-10-19T00:28:01.400+0000] {dag.py:3239} INFO - Sync 2 DAGs
[2024-10-19T00:28:01.414+0000] {logging_mixin.py:190} INFO - [2024-10-19T00:28:01.414+0000] {dag.py:4180} INFO - Setting next_dagrun for example_xcom_args to None, run_after=None
[2024-10-19T00:28:01.417+0000] {logging_mixin.py:190} INFO - [2024-10-19T00:28:01.417+0000] {dag.py:4180} INFO - Setting next_dagrun for example_xcom_args_with_operators to None, run_after=None
[2024-10-19T00:28:01.434+0000] {processor.py:208} INFO - Processing /home/airflow/.local/lib/python3.12/site-packages/airflow/example_dags/example_xcomargs.py took 0.075 seconds
[2024-10-19T00:28:31.934+0000] {processor.py:186} INFO - Started process (PID=2969) to work on /home/airflow/.local/lib/python3.12/site-packages/airflow/example_dags/example_xcomargs.py
[2024-10-19T00:28:31.935+0000] {processor.py:914} INFO - Processing file /home/airflow/.local/lib/python3.12/site-packages/airflow/example_dags/example_xcomargs.py for tasks to queue
[2024-10-19T00:28:31.938+0000] {logging_mixin.py:190} INFO - [2024-10-19T00:28:31.938+0000] {dagbag.py:588} INFO - Filling up the DagBag from /home/airflow/.local/lib/python3.12/site-packages/airflow/example_dags/example_xcomargs.py
[2024-10-19T00:28:31.949+0000] {processor.py:925} INFO - DAG(s) 'example_xcom_args_with_operators', 'example_xcom_args' retrieved from /home/airflow/.local/lib/python3.12/site-packages/airflow/example_dags/example_xcomargs.py
[2024-10-19T00:28:31.977+0000] {logging_mixin.py:190} INFO - [2024-10-19T00:28:31.976+0000] {dag.py:3239} INFO - Sync 2 DAGs
[2024-10-19T00:28:31.992+0000] {logging_mixin.py:190} INFO - [2024-10-19T00:28:31.992+0000] {dag.py:4180} INFO - Setting next_dagrun for example_xcom_args to None, run_after=None
[2024-10-19T00:28:31.997+0000] {logging_mixin.py:190} INFO - [2024-10-19T00:28:31.997+0000] {dag.py:4180} INFO - Setting next_dagrun for example_xcom_args_with_operators to None, run_after=None
[2024-10-19T00:28:32.019+0000] {processor.py:208} INFO - Processing /home/airflow/.local/lib/python3.12/site-packages/airflow/example_dags/example_xcomargs.py took 0.093 seconds
[2024-10-19T00:29:02.705+0000] {processor.py:186} INFO - Started process (PID=3031) to work on /home/airflow/.local/lib/python3.12/site-packages/airflow/example_dags/example_xcomargs.py
[2024-10-19T00:29:02.707+0000] {processor.py:914} INFO - Processing file /home/airflow/.local/lib/python3.12/site-packages/airflow/example_dags/example_xcomargs.py for tasks to queue
[2024-10-19T00:29:02.709+0000] {logging_mixin.py:190} INFO - [2024-10-19T00:29:02.708+0000] {dagbag.py:588} INFO - Filling up the DagBag from /home/airflow/.local/lib/python3.12/site-packages/airflow/example_dags/example_xcomargs.py
[2024-10-19T00:29:02.719+0000] {processor.py:925} INFO - DAG(s) 'example_xcom_args_with_operators', 'example_xcom_args' retrieved from /home/airflow/.local/lib/python3.12/site-packages/airflow/example_dags/example_xcomargs.py
[2024-10-19T00:29:02.743+0000] {logging_mixin.py:190} INFO - [2024-10-19T00:29:02.742+0000] {dag.py:3239} INFO - Sync 2 DAGs
[2024-10-19T00:29:02.756+0000] {logging_mixin.py:190} INFO - [2024-10-19T00:29:02.756+0000] {dag.py:4180} INFO - Setting next_dagrun for example_xcom_args to None, run_after=None
[2024-10-19T00:29:02.760+0000] {logging_mixin.py:190} INFO - [2024-10-19T00:29:02.759+0000] {dag.py:4180} INFO - Setting next_dagrun for example_xcom_args_with_operators to None, run_after=None
[2024-10-19T00:29:02.776+0000] {processor.py:208} INFO - Processing /home/airflow/.local/lib/python3.12/site-packages/airflow/example_dags/example_xcomargs.py took 0.077 seconds
[2024-10-19T00:29:33.317+0000] {processor.py:186} INFO - Started process (PID=3094) to work on /home/airflow/.local/lib/python3.12/site-packages/airflow/example_dags/example_xcomargs.py
[2024-10-19T00:29:33.318+0000] {processor.py:914} INFO - Processing file /home/airflow/.local/lib/python3.12/site-packages/airflow/example_dags/example_xcomargs.py for tasks to queue
[2024-10-19T00:29:33.320+0000] {logging_mixin.py:190} INFO - [2024-10-19T00:29:33.319+0000] {dagbag.py:588} INFO - Filling up the DagBag from /home/airflow/.local/lib/python3.12/site-packages/airflow/example_dags/example_xcomargs.py
[2024-10-19T00:29:33.328+0000] {processor.py:925} INFO - DAG(s) 'example_xcom_args', 'example_xcom_args_with_operators' retrieved from /home/airflow/.local/lib/python3.12/site-packages/airflow/example_dags/example_xcomargs.py
[2024-10-19T00:29:33.347+0000] {logging_mixin.py:190} INFO - [2024-10-19T00:29:33.347+0000] {dag.py:3239} INFO - Sync 2 DAGs
[2024-10-19T00:29:33.359+0000] {logging_mixin.py:190} INFO - [2024-10-19T00:29:33.359+0000] {dag.py:4180} INFO - Setting next_dagrun for example_xcom_args to None, run_after=None
[2024-10-19T00:29:33.362+0000] {logging_mixin.py:190} INFO - [2024-10-19T00:29:33.362+0000] {dag.py:4180} INFO - Setting next_dagrun for example_xcom_args_with_operators to None, run_after=None
[2024-10-19T00:29:33.378+0000] {processor.py:208} INFO - Processing /home/airflow/.local/lib/python3.12/site-packages/airflow/example_dags/example_xcomargs.py took 0.067 seconds
[2024-10-19T00:30:03.725+0000] {processor.py:186} INFO - Started process (PID=3156) to work on /home/airflow/.local/lib/python3.12/site-packages/airflow/example_dags/example_xcomargs.py
[2024-10-19T00:30:03.726+0000] {processor.py:914} INFO - Processing file /home/airflow/.local/lib/python3.12/site-packages/airflow/example_dags/example_xcomargs.py for tasks to queue
[2024-10-19T00:30:03.728+0000] {logging_mixin.py:190} INFO - [2024-10-19T00:30:03.727+0000] {dagbag.py:588} INFO - Filling up the DagBag from /home/airflow/.local/lib/python3.12/site-packages/airflow/example_dags/example_xcomargs.py
[2024-10-19T00:30:03.736+0000] {processor.py:925} INFO - DAG(s) 'example_xcom_args_with_operators', 'example_xcom_args' retrieved from /home/airflow/.local/lib/python3.12/site-packages/airflow/example_dags/example_xcomargs.py
[2024-10-19T00:30:03.756+0000] {logging_mixin.py:190} INFO - [2024-10-19T00:30:03.756+0000] {dag.py:3239} INFO - Sync 2 DAGs
[2024-10-19T00:30:03.768+0000] {logging_mixin.py:190} INFO - [2024-10-19T00:30:03.768+0000] {dag.py:4180} INFO - Setting next_dagrun for example_xcom_args to None, run_after=None
[2024-10-19T00:30:03.771+0000] {logging_mixin.py:190} INFO - [2024-10-19T00:30:03.771+0000] {dag.py:4180} INFO - Setting next_dagrun for example_xcom_args_with_operators to None, run_after=None
[2024-10-19T00:30:03.787+0000] {processor.py:208} INFO - Processing /home/airflow/.local/lib/python3.12/site-packages/airflow/example_dags/example_xcomargs.py took 0.067 seconds
[2024-10-19T00:30:34.113+0000] {processor.py:186} INFO - Started process (PID=3218) to work on /home/airflow/.local/lib/python3.12/site-packages/airflow/example_dags/example_xcomargs.py
[2024-10-19T00:30:34.114+0000] {processor.py:914} INFO - Processing file /home/airflow/.local/lib/python3.12/site-packages/airflow/example_dags/example_xcomargs.py for tasks to queue
[2024-10-19T00:30:34.116+0000] {logging_mixin.py:190} INFO - [2024-10-19T00:30:34.115+0000] {dagbag.py:588} INFO - Filling up the DagBag from /home/airflow/.local/lib/python3.12/site-packages/airflow/example_dags/example_xcomargs.py
[2024-10-19T00:30:34.124+0000] {processor.py:925} INFO - DAG(s) 'example_xcom_args', 'example_xcom_args_with_operators' retrieved from /home/airflow/.local/lib/python3.12/site-packages/airflow/example_dags/example_xcomargs.py
[2024-10-19T00:30:34.146+0000] {logging_mixin.py:190} INFO - [2024-10-19T00:30:34.146+0000] {dag.py:3239} INFO - Sync 2 DAGs
[2024-10-19T00:30:34.158+0000] {logging_mixin.py:190} INFO - [2024-10-19T00:30:34.158+0000] {dag.py:4180} INFO - Setting next_dagrun for example_xcom_args to None, run_after=None
[2024-10-19T00:30:34.161+0000] {logging_mixin.py:190} INFO - [2024-10-19T00:30:34.161+0000] {dag.py:4180} INFO - Setting next_dagrun for example_xcom_args_with_operators to None, run_after=None
[2024-10-19T00:30:34.176+0000] {processor.py:208} INFO - Processing /home/airflow/.local/lib/python3.12/site-packages/airflow/example_dags/example_xcomargs.py took 0.068 seconds
[2024-10-19T00:31:04.513+0000] {processor.py:186} INFO - Started process (PID=3280) to work on /home/airflow/.local/lib/python3.12/site-packages/airflow/example_dags/example_xcomargs.py
[2024-10-19T00:31:04.514+0000] {processor.py:914} INFO - Processing file /home/airflow/.local/lib/python3.12/site-packages/airflow/example_dags/example_xcomargs.py for tasks to queue
[2024-10-19T00:31:04.516+0000] {logging_mixin.py:190} INFO - [2024-10-19T00:31:04.516+0000] {dagbag.py:588} INFO - Filling up the DagBag from /home/airflow/.local/lib/python3.12/site-packages/airflow/example_dags/example_xcomargs.py
[2024-10-19T00:31:04.525+0000] {processor.py:925} INFO - DAG(s) 'example_xcom_args_with_operators', 'example_xcom_args' retrieved from /home/airflow/.local/lib/python3.12/site-packages/airflow/example_dags/example_xcomargs.py
[2024-10-19T00:31:04.545+0000] {logging_mixin.py:190} INFO - [2024-10-19T00:31:04.545+0000] {dag.py:3239} INFO - Sync 2 DAGs
[2024-10-19T00:31:04.558+0000] {logging_mixin.py:190} INFO - [2024-10-19T00:31:04.558+0000] {dag.py:4180} INFO - Setting next_dagrun for example_xcom_args to None, run_after=None
[2024-10-19T00:31:04.561+0000] {logging_mixin.py:190} INFO - [2024-10-19T00:31:04.561+0000] {dag.py:4180} INFO - Setting next_dagrun for example_xcom_args_with_operators to None, run_after=None
[2024-10-19T00:31:04.577+0000] {processor.py:208} INFO - Processing /home/airflow/.local/lib/python3.12/site-packages/airflow/example_dags/example_xcomargs.py took 0.069 seconds
[2024-10-19T00:31:34.940+0000] {processor.py:186} INFO - Started process (PID=3342) to work on /home/airflow/.local/lib/python3.12/site-packages/airflow/example_dags/example_xcomargs.py
[2024-10-19T00:31:34.941+0000] {processor.py:914} INFO - Processing file /home/airflow/.local/lib/python3.12/site-packages/airflow/example_dags/example_xcomargs.py for tasks to queue
[2024-10-19T00:31:34.943+0000] {logging_mixin.py:190} INFO - [2024-10-19T00:31:34.943+0000] {dagbag.py:588} INFO - Filling up the DagBag from /home/airflow/.local/lib/python3.12/site-packages/airflow/example_dags/example_xcomargs.py
[2024-10-19T00:31:34.952+0000] {processor.py:925} INFO - DAG(s) 'example_xcom_args_with_operators', 'example_xcom_args' retrieved from /home/airflow/.local/lib/python3.12/site-packages/airflow/example_dags/example_xcomargs.py
[2024-10-19T00:31:34.972+0000] {logging_mixin.py:190} INFO - [2024-10-19T00:31:34.972+0000] {dag.py:3239} INFO - Sync 2 DAGs
[2024-10-19T00:31:34.985+0000] {logging_mixin.py:190} INFO - [2024-10-19T00:31:34.984+0000] {dag.py:4180} INFO - Setting next_dagrun for example_xcom_args to None, run_after=None
[2024-10-19T00:31:34.988+0000] {logging_mixin.py:190} INFO - [2024-10-19T00:31:34.988+0000] {dag.py:4180} INFO - Setting next_dagrun for example_xcom_args_with_operators to None, run_after=None
[2024-10-19T00:31:35.006+0000] {processor.py:208} INFO - Processing /home/airflow/.local/lib/python3.12/site-packages/airflow/example_dags/example_xcomargs.py took 0.071 seconds
[2024-10-19T00:32:05.406+0000] {processor.py:186} INFO - Started process (PID=3404) to work on /home/airflow/.local/lib/python3.12/site-packages/airflow/example_dags/example_xcomargs.py
[2024-10-19T00:32:05.407+0000] {processor.py:914} INFO - Processing file /home/airflow/.local/lib/python3.12/site-packages/airflow/example_dags/example_xcomargs.py for tasks to queue
[2024-10-19T00:32:05.409+0000] {logging_mixin.py:190} INFO - [2024-10-19T00:32:05.409+0000] {dagbag.py:588} INFO - Filling up the DagBag from /home/airflow/.local/lib/python3.12/site-packages/airflow/example_dags/example_xcomargs.py
[2024-10-19T00:32:05.418+0000] {processor.py:925} INFO - DAG(s) 'example_xcom_args_with_operators', 'example_xcom_args' retrieved from /home/airflow/.local/lib/python3.12/site-packages/airflow/example_dags/example_xcomargs.py
[2024-10-19T00:32:05.438+0000] {logging_mixin.py:190} INFO - [2024-10-19T00:32:05.438+0000] {dag.py:3239} INFO - Sync 2 DAGs
[2024-10-19T00:32:05.450+0000] {logging_mixin.py:190} INFO - [2024-10-19T00:32:05.450+0000] {dag.py:4180} INFO - Setting next_dagrun for example_xcom_args to None, run_after=None
[2024-10-19T00:32:05.453+0000] {logging_mixin.py:190} INFO - [2024-10-19T00:32:05.453+0000] {dag.py:4180} INFO - Setting next_dagrun for example_xcom_args_with_operators to None, run_after=None
[2024-10-19T00:32:05.470+0000] {processor.py:208} INFO - Processing /home/airflow/.local/lib/python3.12/site-packages/airflow/example_dags/example_xcomargs.py took 0.069 seconds
[2024-10-19T00:32:35.809+0000] {processor.py:186} INFO - Started process (PID=3465) to work on /home/airflow/.local/lib/python3.12/site-packages/airflow/example_dags/example_xcomargs.py
[2024-10-19T00:32:35.809+0000] {processor.py:914} INFO - Processing file /home/airflow/.local/lib/python3.12/site-packages/airflow/example_dags/example_xcomargs.py for tasks to queue
[2024-10-19T00:32:35.811+0000] {logging_mixin.py:190} INFO - [2024-10-19T00:32:35.811+0000] {dagbag.py:588} INFO - Filling up the DagBag from /home/airflow/.local/lib/python3.12/site-packages/airflow/example_dags/example_xcomargs.py
[2024-10-19T00:32:35.820+0000] {processor.py:925} INFO - DAG(s) 'example_xcom_args_with_operators', 'example_xcom_args' retrieved from /home/airflow/.local/lib/python3.12/site-packages/airflow/example_dags/example_xcomargs.py
[2024-10-19T00:32:35.841+0000] {logging_mixin.py:190} INFO - [2024-10-19T00:32:35.841+0000] {dag.py:3239} INFO - Sync 2 DAGs
[2024-10-19T00:32:35.853+0000] {logging_mixin.py:190} INFO - [2024-10-19T00:32:35.853+0000] {dag.py:4180} INFO - Setting next_dagrun for example_xcom_args to None, run_after=None
[2024-10-19T00:32:35.857+0000] {logging_mixin.py:190} INFO - [2024-10-19T00:32:35.857+0000] {dag.py:4180} INFO - Setting next_dagrun for example_xcom_args_with_operators to None, run_after=None
[2024-10-19T00:32:35.871+0000] {processor.py:208} INFO - Processing /home/airflow/.local/lib/python3.12/site-packages/airflow/example_dags/example_xcomargs.py took 0.068 seconds
[2024-10-19T00:33:06.204+0000] {processor.py:186} INFO - Started process (PID=3529) to work on /home/airflow/.local/lib/python3.12/site-packages/airflow/example_dags/example_xcomargs.py
[2024-10-19T00:33:06.205+0000] {processor.py:914} INFO - Processing file /home/airflow/.local/lib/python3.12/site-packages/airflow/example_dags/example_xcomargs.py for tasks to queue
[2024-10-19T00:33:06.207+0000] {logging_mixin.py:190} INFO - [2024-10-19T00:33:06.207+0000] {dagbag.py:588} INFO - Filling up the DagBag from /home/airflow/.local/lib/python3.12/site-packages/airflow/example_dags/example_xcomargs.py
[2024-10-19T00:33:06.216+0000] {processor.py:925} INFO - DAG(s) 'example_xcom_args_with_operators', 'example_xcom_args' retrieved from /home/airflow/.local/lib/python3.12/site-packages/airflow/example_dags/example_xcomargs.py
[2024-10-19T00:33:06.236+0000] {logging_mixin.py:190} INFO - [2024-10-19T00:33:06.236+0000] {dag.py:3239} INFO - Sync 2 DAGs
[2024-10-19T00:33:06.248+0000] {logging_mixin.py:190} INFO - [2024-10-19T00:33:06.248+0000] {dag.py:4180} INFO - Setting next_dagrun for example_xcom_args to None, run_after=None
[2024-10-19T00:33:06.251+0000] {logging_mixin.py:190} INFO - [2024-10-19T00:33:06.251+0000] {dag.py:4180} INFO - Setting next_dagrun for example_xcom_args_with_operators to None, run_after=None
[2024-10-19T00:33:06.267+0000] {processor.py:208} INFO - Processing /home/airflow/.local/lib/python3.12/site-packages/airflow/example_dags/example_xcomargs.py took 0.068 seconds
[2024-10-19T00:33:36.600+0000] {processor.py:186} INFO - Started process (PID=3591) to work on /home/airflow/.local/lib/python3.12/site-packages/airflow/example_dags/example_xcomargs.py
[2024-10-19T00:33:36.601+0000] {processor.py:914} INFO - Processing file /home/airflow/.local/lib/python3.12/site-packages/airflow/example_dags/example_xcomargs.py for tasks to queue
[2024-10-19T00:33:36.603+0000] {logging_mixin.py:190} INFO - [2024-10-19T00:33:36.603+0000] {dagbag.py:588} INFO - Filling up the DagBag from /home/airflow/.local/lib/python3.12/site-packages/airflow/example_dags/example_xcomargs.py
[2024-10-19T00:33:36.613+0000] {processor.py:925} INFO - DAG(s) 'example_xcom_args_with_operators', 'example_xcom_args' retrieved from /home/airflow/.local/lib/python3.12/site-packages/airflow/example_dags/example_xcomargs.py
[2024-10-19T00:33:36.635+0000] {logging_mixin.py:190} INFO - [2024-10-19T00:33:36.635+0000] {dag.py:3239} INFO - Sync 2 DAGs
[2024-10-19T00:33:36.648+0000] {logging_mixin.py:190} INFO - [2024-10-19T00:33:36.648+0000] {dag.py:4180} INFO - Setting next_dagrun for example_xcom_args to None, run_after=None
[2024-10-19T00:33:36.652+0000] {logging_mixin.py:190} INFO - [2024-10-19T00:33:36.651+0000] {dag.py:4180} INFO - Setting next_dagrun for example_xcom_args_with_operators to None, run_after=None
[2024-10-19T00:33:36.668+0000] {processor.py:208} INFO - Processing /home/airflow/.local/lib/python3.12/site-packages/airflow/example_dags/example_xcomargs.py took 0.073 seconds
[2024-10-19T00:34:07.080+0000] {processor.py:186} INFO - Started process (PID=3653) to work on /home/airflow/.local/lib/python3.12/site-packages/airflow/example_dags/example_xcomargs.py
[2024-10-19T00:34:07.081+0000] {processor.py:914} INFO - Processing file /home/airflow/.local/lib/python3.12/site-packages/airflow/example_dags/example_xcomargs.py for tasks to queue
[2024-10-19T00:34:07.084+0000] {logging_mixin.py:190} INFO - [2024-10-19T00:34:07.083+0000] {dagbag.py:588} INFO - Filling up the DagBag from /home/airflow/.local/lib/python3.12/site-packages/airflow/example_dags/example_xcomargs.py
[2024-10-19T00:34:07.092+0000] {processor.py:925} INFO - DAG(s) 'example_xcom_args_with_operators', 'example_xcom_args' retrieved from /home/airflow/.local/lib/python3.12/site-packages/airflow/example_dags/example_xcomargs.py
[2024-10-19T00:34:07.115+0000] {logging_mixin.py:190} INFO - [2024-10-19T00:34:07.114+0000] {dag.py:3239} INFO - Sync 2 DAGs
[2024-10-19T00:34:07.127+0000] {logging_mixin.py:190} INFO - [2024-10-19T00:34:07.127+0000] {dag.py:4180} INFO - Setting next_dagrun for example_xcom_args to None, run_after=None
[2024-10-19T00:34:07.130+0000] {logging_mixin.py:190} INFO - [2024-10-19T00:34:07.130+0000] {dag.py:4180} INFO - Setting next_dagrun for example_xcom_args_with_operators to None, run_after=None
[2024-10-19T00:34:07.145+0000] {processor.py:208} INFO - Processing /home/airflow/.local/lib/python3.12/site-packages/airflow/example_dags/example_xcomargs.py took 0.070 seconds
[2024-10-19T00:34:37.430+0000] {processor.py:186} INFO - Started process (PID=3715) to work on /home/airflow/.local/lib/python3.12/site-packages/airflow/example_dags/example_xcomargs.py
[2024-10-19T00:34:37.432+0000] {processor.py:914} INFO - Processing file /home/airflow/.local/lib/python3.12/site-packages/airflow/example_dags/example_xcomargs.py for tasks to queue
[2024-10-19T00:34:37.434+0000] {logging_mixin.py:190} INFO - [2024-10-19T00:34:37.434+0000] {dagbag.py:588} INFO - Filling up the DagBag from /home/airflow/.local/lib/python3.12/site-packages/airflow/example_dags/example_xcomargs.py
[2024-10-19T00:34:37.443+0000] {processor.py:925} INFO - DAG(s) 'example_xcom_args', 'example_xcom_args_with_operators' retrieved from /home/airflow/.local/lib/python3.12/site-packages/airflow/example_dags/example_xcomargs.py
[2024-10-19T00:34:37.462+0000] {logging_mixin.py:190} INFO - [2024-10-19T00:34:37.462+0000] {dag.py:3239} INFO - Sync 2 DAGs
[2024-10-19T00:34:37.474+0000] {logging_mixin.py:190} INFO - [2024-10-19T00:34:37.474+0000] {dag.py:4180} INFO - Setting next_dagrun for example_xcom_args to None, run_after=None
[2024-10-19T00:34:37.477+0000] {logging_mixin.py:190} INFO - [2024-10-19T00:34:37.477+0000] {dag.py:4180} INFO - Setting next_dagrun for example_xcom_args_with_operators to None, run_after=None
[2024-10-19T00:34:37.491+0000] {processor.py:208} INFO - Processing /home/airflow/.local/lib/python3.12/site-packages/airflow/example_dags/example_xcomargs.py took 0.066 seconds
[2024-10-19T00:35:07.809+0000] {processor.py:186} INFO - Started process (PID=3776) to work on /home/airflow/.local/lib/python3.12/site-packages/airflow/example_dags/example_xcomargs.py
[2024-10-19T00:35:07.810+0000] {processor.py:914} INFO - Processing file /home/airflow/.local/lib/python3.12/site-packages/airflow/example_dags/example_xcomargs.py for tasks to queue
[2024-10-19T00:35:07.812+0000] {logging_mixin.py:190} INFO - [2024-10-19T00:35:07.812+0000] {dagbag.py:588} INFO - Filling up the DagBag from /home/airflow/.local/lib/python3.12/site-packages/airflow/example_dags/example_xcomargs.py
[2024-10-19T00:35:07.821+0000] {processor.py:925} INFO - DAG(s) 'example_xcom_args', 'example_xcom_args_with_operators' retrieved from /home/airflow/.local/lib/python3.12/site-packages/airflow/example_dags/example_xcomargs.py
[2024-10-19T00:35:07.841+0000] {logging_mixin.py:190} INFO - [2024-10-19T00:35:07.841+0000] {dag.py:3239} INFO - Sync 2 DAGs
[2024-10-19T00:35:07.853+0000] {logging_mixin.py:190} INFO - [2024-10-19T00:35:07.853+0000] {dag.py:4180} INFO - Setting next_dagrun for example_xcom_args to None, run_after=None
[2024-10-19T00:35:07.856+0000] {logging_mixin.py:190} INFO - [2024-10-19T00:35:07.856+0000] {dag.py:4180} INFO - Setting next_dagrun for example_xcom_args_with_operators to None, run_after=None
[2024-10-19T00:35:07.872+0000] {processor.py:208} INFO - Processing /home/airflow/.local/lib/python3.12/site-packages/airflow/example_dags/example_xcomargs.py took 0.068 seconds
[2024-10-19T00:35:38.313+0000] {processor.py:186} INFO - Started process (PID=3838) to work on /home/airflow/.local/lib/python3.12/site-packages/airflow/example_dags/example_xcomargs.py
[2024-10-19T00:35:38.314+0000] {processor.py:914} INFO - Processing file /home/airflow/.local/lib/python3.12/site-packages/airflow/example_dags/example_xcomargs.py for tasks to queue
[2024-10-19T00:35:38.316+0000] {logging_mixin.py:190} INFO - [2024-10-19T00:35:38.316+0000] {dagbag.py:588} INFO - Filling up the DagBag from /home/airflow/.local/lib/python3.12/site-packages/airflow/example_dags/example_xcomargs.py
[2024-10-19T00:35:38.324+0000] {processor.py:925} INFO - DAG(s) 'example_xcom_args_with_operators', 'example_xcom_args' retrieved from /home/airflow/.local/lib/python3.12/site-packages/airflow/example_dags/example_xcomargs.py
[2024-10-19T00:35:38.344+0000] {logging_mixin.py:190} INFO - [2024-10-19T00:35:38.344+0000] {dag.py:3239} INFO - Sync 2 DAGs
[2024-10-19T00:35:38.357+0000] {logging_mixin.py:190} INFO - [2024-10-19T00:35:38.356+0000] {dag.py:4180} INFO - Setting next_dagrun for example_xcom_args to None, run_after=None
[2024-10-19T00:35:38.361+0000] {logging_mixin.py:190} INFO - [2024-10-19T00:35:38.361+0000] {dag.py:4180} INFO - Setting next_dagrun for example_xcom_args_with_operators to None, run_after=None
[2024-10-19T00:35:38.376+0000] {processor.py:208} INFO - Processing /home/airflow/.local/lib/python3.12/site-packages/airflow/example_dags/example_xcomargs.py took 0.069 seconds
[2024-10-19T00:36:08.951+0000] {processor.py:186} INFO - Started process (PID=3900) to work on /home/airflow/.local/lib/python3.12/site-packages/airflow/example_dags/example_xcomargs.py
[2024-10-19T00:36:08.952+0000] {processor.py:914} INFO - Processing file /home/airflow/.local/lib/python3.12/site-packages/airflow/example_dags/example_xcomargs.py for tasks to queue
[2024-10-19T00:36:08.955+0000] {logging_mixin.py:190} INFO - [2024-10-19T00:36:08.954+0000] {dagbag.py:588} INFO - Filling up the DagBag from /home/airflow/.local/lib/python3.12/site-packages/airflow/example_dags/example_xcomargs.py
[2024-10-19T00:36:08.964+0000] {processor.py:925} INFO - DAG(s) 'example_xcom_args', 'example_xcom_args_with_operators' retrieved from /home/airflow/.local/lib/python3.12/site-packages/airflow/example_dags/example_xcomargs.py
[2024-10-19T00:36:08.992+0000] {logging_mixin.py:190} INFO - [2024-10-19T00:36:08.991+0000] {dag.py:3239} INFO - Sync 2 DAGs
[2024-10-19T00:36:09.006+0000] {logging_mixin.py:190} INFO - [2024-10-19T00:36:09.006+0000] {dag.py:4180} INFO - Setting next_dagrun for example_xcom_args to None, run_after=None
[2024-10-19T00:36:09.012+0000] {logging_mixin.py:190} INFO - [2024-10-19T00:36:09.011+0000] {dag.py:4180} INFO - Setting next_dagrun for example_xcom_args_with_operators to None, run_after=None
[2024-10-19T00:36:09.033+0000] {processor.py:208} INFO - Processing /home/airflow/.local/lib/python3.12/site-packages/airflow/example_dags/example_xcomargs.py took 0.088 seconds
