[2024-10-19T00:04:55.465+0000] {processor.py:186} INFO - Started process (PID=97) to work on /home/airflow/.local/lib/python3.12/site-packages/airflow/example_dags/example_short_circuit_operator.py
[2024-10-19T00:04:55.466+0000] {processor.py:914} INFO - Processing file /home/airflow/.local/lib/python3.12/site-packages/airflow/example_dags/example_short_circuit_operator.py for tasks to queue
[2024-10-19T00:04:55.469+0000] {logging_mixin.py:190} INFO - [2024-10-19T00:04:55.469+0000] {dagbag.py:588} INFO - Filling up the DagBag from /home/airflow/.local/lib/python3.12/site-packages/airflow/example_dags/example_short_circuit_operator.py
[2024-10-19T00:04:55.482+0000] {processor.py:925} INFO - DAG(s) 'example_short_circuit_operator' retrieved from /home/airflow/.local/lib/python3.12/site-packages/airflow/example_dags/example_short_circuit_operator.py
[2024-10-19T00:04:55.624+0000] {logging_mixin.py:190} INFO - [2024-10-19T00:04:55.624+0000] {override.py:1900} INFO - Created Permission View: can delete on DAG:example_short_circuit_operator
[2024-10-19T00:04:55.638+0000] {logging_mixin.py:190} INFO - [2024-10-19T00:04:55.637+0000] {override.py:1900} INFO - Created Permission View: can read on DAG:example_short_circuit_operator
[2024-10-19T00:04:55.647+0000] {logging_mixin.py:190} INFO - [2024-10-19T00:04:55.646+0000] {override.py:1900} INFO - Created Permission View: can edit on DAG:example_short_circuit_operator
[2024-10-19T00:04:55.658+0000] {logging_mixin.py:190} INFO - [2024-10-19T00:04:55.658+0000] {override.py:1900} INFO - Created Permission View: can delete on DAG Run:example_short_circuit_operator
[2024-10-19T00:04:55.667+0000] {logging_mixin.py:190} INFO - [2024-10-19T00:04:55.667+0000] {override.py:1900} INFO - Created Permission View: can read on DAG Run:example_short_circuit_operator
[2024-10-19T00:04:55.678+0000] {logging_mixin.py:190} INFO - [2024-10-19T00:04:55.678+0000] {override.py:1900} INFO - Created Permission View: menu access on DAG Run:example_short_circuit_operator
[2024-10-19T00:04:55.687+0000] {logging_mixin.py:190} INFO - [2024-10-19T00:04:55.686+0000] {override.py:1900} INFO - Created Permission View: can create on DAG Run:example_short_circuit_operator
[2024-10-19T00:04:55.688+0000] {logging_mixin.py:190} INFO - [2024-10-19T00:04:55.687+0000] {dag.py:3239} INFO - Sync 1 DAGs
[2024-10-19T00:04:55.703+0000] {logging_mixin.py:190} INFO - [2024-10-19T00:04:55.702+0000] {dag.py:3262} INFO - Creating ORM DAG for example_short_circuit_operator
[2024-10-19T00:04:55.704+0000] {logging_mixin.py:190} INFO - [2024-10-19T00:04:55.704+0000] {dag.py:4180} INFO - Setting next_dagrun for example_short_circuit_operator to None, run_after=None
[2024-10-19T00:04:55.727+0000] {processor.py:208} INFO - Processing /home/airflow/.local/lib/python3.12/site-packages/airflow/example_dags/example_short_circuit_operator.py took 0.270 seconds
[2024-10-19T00:05:25.868+0000] {processor.py:186} INFO - Started process (PID=159) to work on /home/airflow/.local/lib/python3.12/site-packages/airflow/example_dags/example_short_circuit_operator.py
[2024-10-19T00:05:25.869+0000] {processor.py:914} INFO - Processing file /home/airflow/.local/lib/python3.12/site-packages/airflow/example_dags/example_short_circuit_operator.py for tasks to queue
[2024-10-19T00:05:25.873+0000] {logging_mixin.py:190} INFO - [2024-10-19T00:05:25.872+0000] {dagbag.py:588} INFO - Filling up the DagBag from /home/airflow/.local/lib/python3.12/site-packages/airflow/example_dags/example_short_circuit_operator.py
[2024-10-19T00:05:25.884+0000] {processor.py:925} INFO - DAG(s) 'example_short_circuit_operator' retrieved from /home/airflow/.local/lib/python3.12/site-packages/airflow/example_dags/example_short_circuit_operator.py
[2024-10-19T00:05:25.913+0000] {logging_mixin.py:190} INFO - [2024-10-19T00:05:25.912+0000] {dag.py:3239} INFO - Sync 1 DAGs
[2024-10-19T00:05:25.930+0000] {logging_mixin.py:190} INFO - [2024-10-19T00:05:25.930+0000] {dag.py:4180} INFO - Setting next_dagrun for example_short_circuit_operator to None, run_after=None
[2024-10-19T00:05:25.955+0000] {processor.py:208} INFO - Processing /home/airflow/.local/lib/python3.12/site-packages/airflow/example_dags/example_short_circuit_operator.py took 0.095 seconds
[2024-10-19T00:05:56.423+0000] {processor.py:186} INFO - Started process (PID=221) to work on /home/airflow/.local/lib/python3.12/site-packages/airflow/example_dags/example_short_circuit_operator.py
[2024-10-19T00:05:56.425+0000] {processor.py:914} INFO - Processing file /home/airflow/.local/lib/python3.12/site-packages/airflow/example_dags/example_short_circuit_operator.py for tasks to queue
[2024-10-19T00:05:56.428+0000] {logging_mixin.py:190} INFO - [2024-10-19T00:05:56.427+0000] {dagbag.py:588} INFO - Filling up the DagBag from /home/airflow/.local/lib/python3.12/site-packages/airflow/example_dags/example_short_circuit_operator.py
[2024-10-19T00:05:56.436+0000] {processor.py:925} INFO - DAG(s) 'example_short_circuit_operator' retrieved from /home/airflow/.local/lib/python3.12/site-packages/airflow/example_dags/example_short_circuit_operator.py
[2024-10-19T00:05:56.460+0000] {logging_mixin.py:190} INFO - [2024-10-19T00:05:56.459+0000] {dag.py:3239} INFO - Sync 1 DAGs
[2024-10-19T00:05:56.475+0000] {logging_mixin.py:190} INFO - [2024-10-19T00:05:56.475+0000] {dag.py:4180} INFO - Setting next_dagrun for example_short_circuit_operator to None, run_after=None
[2024-10-19T00:05:56.495+0000] {processor.py:208} INFO - Processing /home/airflow/.local/lib/python3.12/site-packages/airflow/example_dags/example_short_circuit_operator.py took 0.078 seconds
[2024-10-19T00:06:27.439+0000] {processor.py:186} INFO - Started process (PID=282) to work on /home/airflow/.local/lib/python3.12/site-packages/airflow/example_dags/example_short_circuit_operator.py
[2024-10-19T00:06:27.440+0000] {processor.py:914} INFO - Processing file /home/airflow/.local/lib/python3.12/site-packages/airflow/example_dags/example_short_circuit_operator.py for tasks to queue
[2024-10-19T00:06:27.442+0000] {logging_mixin.py:190} INFO - [2024-10-19T00:06:27.442+0000] {dagbag.py:588} INFO - Filling up the DagBag from /home/airflow/.local/lib/python3.12/site-packages/airflow/example_dags/example_short_circuit_operator.py
[2024-10-19T00:06:27.450+0000] {processor.py:925} INFO - DAG(s) 'example_short_circuit_operator' retrieved from /home/airflow/.local/lib/python3.12/site-packages/airflow/example_dags/example_short_circuit_operator.py
[2024-10-19T00:06:27.470+0000] {logging_mixin.py:190} INFO - [2024-10-19T00:06:27.470+0000] {dag.py:3239} INFO - Sync 1 DAGs
[2024-10-19T00:06:27.484+0000] {logging_mixin.py:190} INFO - [2024-10-19T00:06:27.484+0000] {dag.py:4180} INFO - Setting next_dagrun for example_short_circuit_operator to None, run_after=None
[2024-10-19T00:06:27.503+0000] {processor.py:208} INFO - Processing /home/airflow/.local/lib/python3.12/site-packages/airflow/example_dags/example_short_circuit_operator.py took 0.070 seconds
[2024-10-19T00:06:57.860+0000] {processor.py:186} INFO - Started process (PID=344) to work on /home/airflow/.local/lib/python3.12/site-packages/airflow/example_dags/example_short_circuit_operator.py
[2024-10-19T00:06:57.861+0000] {processor.py:914} INFO - Processing file /home/airflow/.local/lib/python3.12/site-packages/airflow/example_dags/example_short_circuit_operator.py for tasks to queue
[2024-10-19T00:06:57.863+0000] {logging_mixin.py:190} INFO - [2024-10-19T00:06:57.862+0000] {dagbag.py:588} INFO - Filling up the DagBag from /home/airflow/.local/lib/python3.12/site-packages/airflow/example_dags/example_short_circuit_operator.py
[2024-10-19T00:06:57.870+0000] {processor.py:925} INFO - DAG(s) 'example_short_circuit_operator' retrieved from /home/airflow/.local/lib/python3.12/site-packages/airflow/example_dags/example_short_circuit_operator.py
[2024-10-19T00:06:57.891+0000] {logging_mixin.py:190} INFO - [2024-10-19T00:06:57.891+0000] {dag.py:3239} INFO - Sync 1 DAGs
[2024-10-19T00:06:57.903+0000] {logging_mixin.py:190} INFO - [2024-10-19T00:06:57.903+0000] {dag.py:4180} INFO - Setting next_dagrun for example_short_circuit_operator to None, run_after=None
[2024-10-19T00:06:57.920+0000] {processor.py:208} INFO - Processing /home/airflow/.local/lib/python3.12/site-packages/airflow/example_dags/example_short_circuit_operator.py took 0.066 seconds
[2024-10-19T00:07:28.387+0000] {processor.py:186} INFO - Started process (PID=406) to work on /home/airflow/.local/lib/python3.12/site-packages/airflow/example_dags/example_short_circuit_operator.py
[2024-10-19T00:07:28.389+0000] {processor.py:914} INFO - Processing file /home/airflow/.local/lib/python3.12/site-packages/airflow/example_dags/example_short_circuit_operator.py for tasks to queue
[2024-10-19T00:07:28.391+0000] {logging_mixin.py:190} INFO - [2024-10-19T00:07:28.391+0000] {dagbag.py:588} INFO - Filling up the DagBag from /home/airflow/.local/lib/python3.12/site-packages/airflow/example_dags/example_short_circuit_operator.py
[2024-10-19T00:07:28.400+0000] {processor.py:925} INFO - DAG(s) 'example_short_circuit_operator' retrieved from /home/airflow/.local/lib/python3.12/site-packages/airflow/example_dags/example_short_circuit_operator.py
[2024-10-19T00:07:28.425+0000] {logging_mixin.py:190} INFO - [2024-10-19T00:07:28.425+0000] {dag.py:3239} INFO - Sync 1 DAGs
[2024-10-19T00:07:28.440+0000] {logging_mixin.py:190} INFO - [2024-10-19T00:07:28.440+0000] {dag.py:4180} INFO - Setting next_dagrun for example_short_circuit_operator to None, run_after=None
[2024-10-19T00:07:28.462+0000] {processor.py:208} INFO - Processing /home/airflow/.local/lib/python3.12/site-packages/airflow/example_dags/example_short_circuit_operator.py took 0.081 seconds
[2024-10-19T00:07:58.960+0000] {processor.py:186} INFO - Started process (PID=469) to work on /home/airflow/.local/lib/python3.12/site-packages/airflow/example_dags/example_short_circuit_operator.py
[2024-10-19T00:07:58.961+0000] {processor.py:914} INFO - Processing file /home/airflow/.local/lib/python3.12/site-packages/airflow/example_dags/example_short_circuit_operator.py for tasks to queue
[2024-10-19T00:07:58.963+0000] {logging_mixin.py:190} INFO - [2024-10-19T00:07:58.963+0000] {dagbag.py:588} INFO - Filling up the DagBag from /home/airflow/.local/lib/python3.12/site-packages/airflow/example_dags/example_short_circuit_operator.py
[2024-10-19T00:07:58.971+0000] {processor.py:925} INFO - DAG(s) 'example_short_circuit_operator' retrieved from /home/airflow/.local/lib/python3.12/site-packages/airflow/example_dags/example_short_circuit_operator.py
[2024-10-19T00:07:58.991+0000] {logging_mixin.py:190} INFO - [2024-10-19T00:07:58.991+0000] {dag.py:3239} INFO - Sync 1 DAGs
[2024-10-19T00:07:59.004+0000] {logging_mixin.py:190} INFO - [2024-10-19T00:07:59.004+0000] {dag.py:4180} INFO - Setting next_dagrun for example_short_circuit_operator to None, run_after=None
[2024-10-19T00:07:59.020+0000] {processor.py:208} INFO - Processing /home/airflow/.local/lib/python3.12/site-packages/airflow/example_dags/example_short_circuit_operator.py took 0.065 seconds
[2024-10-19T00:08:29.857+0000] {processor.py:186} INFO - Started process (PID=532) to work on /home/airflow/.local/lib/python3.12/site-packages/airflow/example_dags/example_short_circuit_operator.py
[2024-10-19T00:08:29.858+0000] {processor.py:914} INFO - Processing file /home/airflow/.local/lib/python3.12/site-packages/airflow/example_dags/example_short_circuit_operator.py for tasks to queue
[2024-10-19T00:08:29.861+0000] {logging_mixin.py:190} INFO - [2024-10-19T00:08:29.861+0000] {dagbag.py:588} INFO - Filling up the DagBag from /home/airflow/.local/lib/python3.12/site-packages/airflow/example_dags/example_short_circuit_operator.py
[2024-10-19T00:08:29.870+0000] {processor.py:925} INFO - DAG(s) 'example_short_circuit_operator' retrieved from /home/airflow/.local/lib/python3.12/site-packages/airflow/example_dags/example_short_circuit_operator.py
[2024-10-19T00:08:29.890+0000] {logging_mixin.py:190} INFO - [2024-10-19T00:08:29.889+0000] {dag.py:3239} INFO - Sync 1 DAGs
[2024-10-19T00:08:29.902+0000] {logging_mixin.py:190} INFO - [2024-10-19T00:08:29.901+0000] {dag.py:4180} INFO - Setting next_dagrun for example_short_circuit_operator to None, run_after=None
[2024-10-19T00:08:29.917+0000] {processor.py:208} INFO - Processing /home/airflow/.local/lib/python3.12/site-packages/airflow/example_dags/example_short_circuit_operator.py took 0.066 seconds
[2024-10-19T00:09:00.047+0000] {processor.py:186} INFO - Started process (PID=595) to work on /home/airflow/.local/lib/python3.12/site-packages/airflow/example_dags/example_short_circuit_operator.py
[2024-10-19T00:09:00.048+0000] {processor.py:914} INFO - Processing file /home/airflow/.local/lib/python3.12/site-packages/airflow/example_dags/example_short_circuit_operator.py for tasks to queue
[2024-10-19T00:09:00.053+0000] {logging_mixin.py:190} INFO - [2024-10-19T00:09:00.052+0000] {dagbag.py:588} INFO - Filling up the DagBag from /home/airflow/.local/lib/python3.12/site-packages/airflow/example_dags/example_short_circuit_operator.py
[2024-10-19T00:09:00.067+0000] {processor.py:925} INFO - DAG(s) 'example_short_circuit_operator' retrieved from /home/airflow/.local/lib/python3.12/site-packages/airflow/example_dags/example_short_circuit_operator.py
[2024-10-19T00:09:00.100+0000] {logging_mixin.py:190} INFO - [2024-10-19T00:09:00.100+0000] {dag.py:3239} INFO - Sync 1 DAGs
[2024-10-19T00:09:00.121+0000] {logging_mixin.py:190} INFO - [2024-10-19T00:09:00.121+0000] {dag.py:4180} INFO - Setting next_dagrun for example_short_circuit_operator to None, run_after=None
[2024-10-19T00:09:00.152+0000] {processor.py:208} INFO - Processing /home/airflow/.local/lib/python3.12/site-packages/airflow/example_dags/example_short_circuit_operator.py took 0.112 seconds
[2024-10-19T00:09:30.996+0000] {processor.py:186} INFO - Started process (PID=658) to work on /home/airflow/.local/lib/python3.12/site-packages/airflow/example_dags/example_short_circuit_operator.py
[2024-10-19T00:09:30.997+0000] {processor.py:914} INFO - Processing file /home/airflow/.local/lib/python3.12/site-packages/airflow/example_dags/example_short_circuit_operator.py for tasks to queue
[2024-10-19T00:09:30.999+0000] {logging_mixin.py:190} INFO - [2024-10-19T00:09:30.998+0000] {dagbag.py:588} INFO - Filling up the DagBag from /home/airflow/.local/lib/python3.12/site-packages/airflow/example_dags/example_short_circuit_operator.py
[2024-10-19T00:09:31.005+0000] {processor.py:925} INFO - DAG(s) 'example_short_circuit_operator' retrieved from /home/airflow/.local/lib/python3.12/site-packages/airflow/example_dags/example_short_circuit_operator.py
[2024-10-19T00:09:31.023+0000] {logging_mixin.py:190} INFO - [2024-10-19T00:09:31.023+0000] {dag.py:3239} INFO - Sync 1 DAGs
[2024-10-19T00:09:31.034+0000] {logging_mixin.py:190} INFO - [2024-10-19T00:09:31.034+0000] {dag.py:4180} INFO - Setting next_dagrun for example_short_circuit_operator to None, run_after=None
[2024-10-19T00:09:31.052+0000] {processor.py:208} INFO - Processing /home/airflow/.local/lib/python3.12/site-packages/airflow/example_dags/example_short_circuit_operator.py took 0.060 seconds
[2024-10-19T00:10:01.657+0000] {processor.py:186} INFO - Started process (PID=720) to work on /home/airflow/.local/lib/python3.12/site-packages/airflow/example_dags/example_short_circuit_operator.py
[2024-10-19T00:10:01.659+0000] {processor.py:914} INFO - Processing file /home/airflow/.local/lib/python3.12/site-packages/airflow/example_dags/example_short_circuit_operator.py for tasks to queue
[2024-10-19T00:10:01.662+0000] {logging_mixin.py:190} INFO - [2024-10-19T00:10:01.662+0000] {dagbag.py:588} INFO - Filling up the DagBag from /home/airflow/.local/lib/python3.12/site-packages/airflow/example_dags/example_short_circuit_operator.py
[2024-10-19T00:10:01.673+0000] {processor.py:925} INFO - DAG(s) 'example_short_circuit_operator' retrieved from /home/airflow/.local/lib/python3.12/site-packages/airflow/example_dags/example_short_circuit_operator.py
[2024-10-19T00:10:01.708+0000] {logging_mixin.py:190} INFO - [2024-10-19T00:10:01.708+0000] {dag.py:3239} INFO - Sync 1 DAGs
[2024-10-19T00:10:01.731+0000] {logging_mixin.py:190} INFO - [2024-10-19T00:10:01.731+0000] {dag.py:4180} INFO - Setting next_dagrun for example_short_circuit_operator to None, run_after=None
[2024-10-19T00:10:01.760+0000] {processor.py:208} INFO - Processing /home/airflow/.local/lib/python3.12/site-packages/airflow/example_dags/example_short_circuit_operator.py took 0.111 seconds
[2024-10-19T00:10:31.902+0000] {processor.py:186} INFO - Started process (PID=782) to work on /home/airflow/.local/lib/python3.12/site-packages/airflow/example_dags/example_short_circuit_operator.py
[2024-10-19T00:10:31.903+0000] {processor.py:914} INFO - Processing file /home/airflow/.local/lib/python3.12/site-packages/airflow/example_dags/example_short_circuit_operator.py for tasks to queue
[2024-10-19T00:10:31.905+0000] {logging_mixin.py:190} INFO - [2024-10-19T00:10:31.905+0000] {dagbag.py:588} INFO - Filling up the DagBag from /home/airflow/.local/lib/python3.12/site-packages/airflow/example_dags/example_short_circuit_operator.py
[2024-10-19T00:10:31.915+0000] {processor.py:925} INFO - DAG(s) 'example_short_circuit_operator' retrieved from /home/airflow/.local/lib/python3.12/site-packages/airflow/example_dags/example_short_circuit_operator.py
[2024-10-19T00:10:31.938+0000] {logging_mixin.py:190} INFO - [2024-10-19T00:10:31.937+0000] {dag.py:3239} INFO - Sync 1 DAGs
[2024-10-19T00:10:31.952+0000] {logging_mixin.py:190} INFO - [2024-10-19T00:10:31.952+0000] {dag.py:4180} INFO - Setting next_dagrun for example_short_circuit_operator to None, run_after=None
[2024-10-19T00:10:31.970+0000] {processor.py:208} INFO - Processing /home/airflow/.local/lib/python3.12/site-packages/airflow/example_dags/example_short_circuit_operator.py took 0.074 seconds
[2024-10-19T00:11:02.360+0000] {processor.py:186} INFO - Started process (PID=844) to work on /home/airflow/.local/lib/python3.12/site-packages/airflow/example_dags/example_short_circuit_operator.py
[2024-10-19T00:11:02.361+0000] {processor.py:914} INFO - Processing file /home/airflow/.local/lib/python3.12/site-packages/airflow/example_dags/example_short_circuit_operator.py for tasks to queue
[2024-10-19T00:11:02.364+0000] {logging_mixin.py:190} INFO - [2024-10-19T00:11:02.364+0000] {dagbag.py:588} INFO - Filling up the DagBag from /home/airflow/.local/lib/python3.12/site-packages/airflow/example_dags/example_short_circuit_operator.py
[2024-10-19T00:11:02.374+0000] {processor.py:925} INFO - DAG(s) 'example_short_circuit_operator' retrieved from /home/airflow/.local/lib/python3.12/site-packages/airflow/example_dags/example_short_circuit_operator.py
[2024-10-19T00:11:02.398+0000] {logging_mixin.py:190} INFO - [2024-10-19T00:11:02.398+0000] {dag.py:3239} INFO - Sync 1 DAGs
[2024-10-19T00:11:02.413+0000] {logging_mixin.py:190} INFO - [2024-10-19T00:11:02.413+0000] {dag.py:4180} INFO - Setting next_dagrun for example_short_circuit_operator to None, run_after=None
[2024-10-19T00:11:02.434+0000] {processor.py:208} INFO - Processing /home/airflow/.local/lib/python3.12/site-packages/airflow/example_dags/example_short_circuit_operator.py took 0.082 seconds
[2024-10-19T00:11:33.394+0000] {processor.py:186} INFO - Started process (PID=906) to work on /home/airflow/.local/lib/python3.12/site-packages/airflow/example_dags/example_short_circuit_operator.py
[2024-10-19T00:11:33.395+0000] {processor.py:914} INFO - Processing file /home/airflow/.local/lib/python3.12/site-packages/airflow/example_dags/example_short_circuit_operator.py for tasks to queue
[2024-10-19T00:11:33.398+0000] {logging_mixin.py:190} INFO - [2024-10-19T00:11:33.397+0000] {dagbag.py:588} INFO - Filling up the DagBag from /home/airflow/.local/lib/python3.12/site-packages/airflow/example_dags/example_short_circuit_operator.py
[2024-10-19T00:11:33.406+0000] {processor.py:925} INFO - DAG(s) 'example_short_circuit_operator' retrieved from /home/airflow/.local/lib/python3.12/site-packages/airflow/example_dags/example_short_circuit_operator.py
[2024-10-19T00:11:33.427+0000] {logging_mixin.py:190} INFO - [2024-10-19T00:11:33.427+0000] {dag.py:3239} INFO - Sync 1 DAGs
[2024-10-19T00:11:33.439+0000] {logging_mixin.py:190} INFO - [2024-10-19T00:11:33.439+0000] {dag.py:4180} INFO - Setting next_dagrun for example_short_circuit_operator to None, run_after=None
[2024-10-19T00:11:33.458+0000] {processor.py:208} INFO - Processing /home/airflow/.local/lib/python3.12/site-packages/airflow/example_dags/example_short_circuit_operator.py took 0.071 seconds
[2024-10-19T00:12:04.023+0000] {processor.py:186} INFO - Started process (PID=969) to work on /home/airflow/.local/lib/python3.12/site-packages/airflow/example_dags/example_short_circuit_operator.py
[2024-10-19T00:12:04.025+0000] {processor.py:914} INFO - Processing file /home/airflow/.local/lib/python3.12/site-packages/airflow/example_dags/example_short_circuit_operator.py for tasks to queue
[2024-10-19T00:12:04.028+0000] {logging_mixin.py:190} INFO - [2024-10-19T00:12:04.027+0000] {dagbag.py:588} INFO - Filling up the DagBag from /home/airflow/.local/lib/python3.12/site-packages/airflow/example_dags/example_short_circuit_operator.py
[2024-10-19T00:12:04.036+0000] {processor.py:925} INFO - DAG(s) 'example_short_circuit_operator' retrieved from /home/airflow/.local/lib/python3.12/site-packages/airflow/example_dags/example_short_circuit_operator.py
[2024-10-19T00:12:04.058+0000] {logging_mixin.py:190} INFO - [2024-10-19T00:12:04.058+0000] {dag.py:3239} INFO - Sync 1 DAGs
[2024-10-19T00:12:04.070+0000] {logging_mixin.py:190} INFO - [2024-10-19T00:12:04.070+0000] {dag.py:4180} INFO - Setting next_dagrun for example_short_circuit_operator to None, run_after=None
[2024-10-19T00:12:04.090+0000] {processor.py:208} INFO - Processing /home/airflow/.local/lib/python3.12/site-packages/airflow/example_dags/example_short_circuit_operator.py took 0.072 seconds
[2024-10-19T00:12:34.779+0000] {processor.py:186} INFO - Started process (PID=1031) to work on /home/airflow/.local/lib/python3.12/site-packages/airflow/example_dags/example_short_circuit_operator.py
[2024-10-19T00:12:34.780+0000] {processor.py:914} INFO - Processing file /home/airflow/.local/lib/python3.12/site-packages/airflow/example_dags/example_short_circuit_operator.py for tasks to queue
[2024-10-19T00:12:34.783+0000] {logging_mixin.py:190} INFO - [2024-10-19T00:12:34.782+0000] {dagbag.py:588} INFO - Filling up the DagBag from /home/airflow/.local/lib/python3.12/site-packages/airflow/example_dags/example_short_circuit_operator.py
[2024-10-19T00:12:34.790+0000] {processor.py:925} INFO - DAG(s) 'example_short_circuit_operator' retrieved from /home/airflow/.local/lib/python3.12/site-packages/airflow/example_dags/example_short_circuit_operator.py
[2024-10-19T00:12:34.810+0000] {logging_mixin.py:190} INFO - [2024-10-19T00:12:34.810+0000] {dag.py:3239} INFO - Sync 1 DAGs
[2024-10-19T00:12:34.821+0000] {logging_mixin.py:190} INFO - [2024-10-19T00:12:34.821+0000] {dag.py:4180} INFO - Setting next_dagrun for example_short_circuit_operator to None, run_after=None
[2024-10-19T00:12:34.835+0000] {processor.py:208} INFO - Processing /home/airflow/.local/lib/python3.12/site-packages/airflow/example_dags/example_short_circuit_operator.py took 0.061 seconds
[2024-10-19T00:13:05.103+0000] {processor.py:186} INFO - Started process (PID=1092) to work on /home/airflow/.local/lib/python3.12/site-packages/airflow/example_dags/example_short_circuit_operator.py
[2024-10-19T00:13:05.104+0000] {processor.py:914} INFO - Processing file /home/airflow/.local/lib/python3.12/site-packages/airflow/example_dags/example_short_circuit_operator.py for tasks to queue
[2024-10-19T00:13:05.105+0000] {logging_mixin.py:190} INFO - [2024-10-19T00:13:05.105+0000] {dagbag.py:588} INFO - Filling up the DagBag from /home/airflow/.local/lib/python3.12/site-packages/airflow/example_dags/example_short_circuit_operator.py
[2024-10-19T00:13:05.112+0000] {processor.py:925} INFO - DAG(s) 'example_short_circuit_operator' retrieved from /home/airflow/.local/lib/python3.12/site-packages/airflow/example_dags/example_short_circuit_operator.py
[2024-10-19T00:13:05.132+0000] {logging_mixin.py:190} INFO - [2024-10-19T00:13:05.132+0000] {dag.py:3239} INFO - Sync 1 DAGs
[2024-10-19T00:13:05.145+0000] {logging_mixin.py:190} INFO - [2024-10-19T00:13:05.144+0000] {dag.py:4180} INFO - Setting next_dagrun for example_short_circuit_operator to None, run_after=None
[2024-10-19T00:13:05.166+0000] {processor.py:208} INFO - Processing /home/airflow/.local/lib/python3.12/site-packages/airflow/example_dags/example_short_circuit_operator.py took 0.068 seconds
[2024-10-19T00:13:35.674+0000] {processor.py:186} INFO - Started process (PID=1154) to work on /home/airflow/.local/lib/python3.12/site-packages/airflow/example_dags/example_short_circuit_operator.py
[2024-10-19T00:13:35.675+0000] {processor.py:914} INFO - Processing file /home/airflow/.local/lib/python3.12/site-packages/airflow/example_dags/example_short_circuit_operator.py for tasks to queue
[2024-10-19T00:13:35.678+0000] {logging_mixin.py:190} INFO - [2024-10-19T00:13:35.678+0000] {dagbag.py:588} INFO - Filling up the DagBag from /home/airflow/.local/lib/python3.12/site-packages/airflow/example_dags/example_short_circuit_operator.py
[2024-10-19T00:13:35.687+0000] {processor.py:925} INFO - DAG(s) 'example_short_circuit_operator' retrieved from /home/airflow/.local/lib/python3.12/site-packages/airflow/example_dags/example_short_circuit_operator.py
[2024-10-19T00:13:35.715+0000] {logging_mixin.py:190} INFO - [2024-10-19T00:13:35.715+0000] {dag.py:3239} INFO - Sync 1 DAGs
[2024-10-19T00:13:35.733+0000] {logging_mixin.py:190} INFO - [2024-10-19T00:13:35.732+0000] {dag.py:4180} INFO - Setting next_dagrun for example_short_circuit_operator to None, run_after=None
[2024-10-19T00:13:35.758+0000] {processor.py:208} INFO - Processing /home/airflow/.local/lib/python3.12/site-packages/airflow/example_dags/example_short_circuit_operator.py took 0.091 seconds
[2024-10-19T00:14:06.203+0000] {processor.py:186} INFO - Started process (PID=1216) to work on /home/airflow/.local/lib/python3.12/site-packages/airflow/example_dags/example_short_circuit_operator.py
[2024-10-19T00:14:06.204+0000] {processor.py:914} INFO - Processing file /home/airflow/.local/lib/python3.12/site-packages/airflow/example_dags/example_short_circuit_operator.py for tasks to queue
[2024-10-19T00:14:06.207+0000] {logging_mixin.py:190} INFO - [2024-10-19T00:14:06.207+0000] {dagbag.py:588} INFO - Filling up the DagBag from /home/airflow/.local/lib/python3.12/site-packages/airflow/example_dags/example_short_circuit_operator.py
[2024-10-19T00:14:06.217+0000] {processor.py:925} INFO - DAG(s) 'example_short_circuit_operator' retrieved from /home/airflow/.local/lib/python3.12/site-packages/airflow/example_dags/example_short_circuit_operator.py
[2024-10-19T00:14:06.237+0000] {logging_mixin.py:190} INFO - [2024-10-19T00:14:06.237+0000] {dag.py:3239} INFO - Sync 1 DAGs
[2024-10-19T00:14:06.250+0000] {logging_mixin.py:190} INFO - [2024-10-19T00:14:06.250+0000] {dag.py:4180} INFO - Setting next_dagrun for example_short_circuit_operator to None, run_after=None
[2024-10-19T00:14:06.271+0000] {processor.py:208} INFO - Processing /home/airflow/.local/lib/python3.12/site-packages/airflow/example_dags/example_short_circuit_operator.py took 0.075 seconds
[2024-10-19T00:14:36.846+0000] {processor.py:186} INFO - Started process (PID=1278) to work on /home/airflow/.local/lib/python3.12/site-packages/airflow/example_dags/example_short_circuit_operator.py
[2024-10-19T00:14:36.848+0000] {processor.py:914} INFO - Processing file /home/airflow/.local/lib/python3.12/site-packages/airflow/example_dags/example_short_circuit_operator.py for tasks to queue
[2024-10-19T00:14:36.851+0000] {logging_mixin.py:190} INFO - [2024-10-19T00:14:36.851+0000] {dagbag.py:588} INFO - Filling up the DagBag from /home/airflow/.local/lib/python3.12/site-packages/airflow/example_dags/example_short_circuit_operator.py
[2024-10-19T00:14:36.859+0000] {processor.py:925} INFO - DAG(s) 'example_short_circuit_operator' retrieved from /home/airflow/.local/lib/python3.12/site-packages/airflow/example_dags/example_short_circuit_operator.py
[2024-10-19T00:14:36.878+0000] {logging_mixin.py:190} INFO - [2024-10-19T00:14:36.878+0000] {dag.py:3239} INFO - Sync 1 DAGs
[2024-10-19T00:14:36.890+0000] {logging_mixin.py:190} INFO - [2024-10-19T00:14:36.890+0000] {dag.py:4180} INFO - Setting next_dagrun for example_short_circuit_operator to None, run_after=None
[2024-10-19T00:14:36.907+0000] {processor.py:208} INFO - Processing /home/airflow/.local/lib/python3.12/site-packages/airflow/example_dags/example_short_circuit_operator.py took 0.066 seconds
[2024-10-19T00:15:07.426+0000] {processor.py:186} INFO - Started process (PID=1340) to work on /home/airflow/.local/lib/python3.12/site-packages/airflow/example_dags/example_short_circuit_operator.py
[2024-10-19T00:15:07.427+0000] {processor.py:914} INFO - Processing file /home/airflow/.local/lib/python3.12/site-packages/airflow/example_dags/example_short_circuit_operator.py for tasks to queue
[2024-10-19T00:15:07.429+0000] {logging_mixin.py:190} INFO - [2024-10-19T00:15:07.429+0000] {dagbag.py:588} INFO - Filling up the DagBag from /home/airflow/.local/lib/python3.12/site-packages/airflow/example_dags/example_short_circuit_operator.py
[2024-10-19T00:15:07.435+0000] {processor.py:925} INFO - DAG(s) 'example_short_circuit_operator' retrieved from /home/airflow/.local/lib/python3.12/site-packages/airflow/example_dags/example_short_circuit_operator.py
[2024-10-19T00:15:07.455+0000] {logging_mixin.py:190} INFO - [2024-10-19T00:15:07.455+0000] {dag.py:3239} INFO - Sync 1 DAGs
[2024-10-19T00:15:07.466+0000] {logging_mixin.py:190} INFO - [2024-10-19T00:15:07.465+0000] {dag.py:4180} INFO - Setting next_dagrun for example_short_circuit_operator to None, run_after=None
[2024-10-19T00:15:07.487+0000] {processor.py:208} INFO - Processing /home/airflow/.local/lib/python3.12/site-packages/airflow/example_dags/example_short_circuit_operator.py took 0.065 seconds
[2024-10-19T00:15:38.307+0000] {processor.py:186} INFO - Started process (PID=1402) to work on /home/airflow/.local/lib/python3.12/site-packages/airflow/example_dags/example_short_circuit_operator.py
[2024-10-19T00:15:38.308+0000] {processor.py:914} INFO - Processing file /home/airflow/.local/lib/python3.12/site-packages/airflow/example_dags/example_short_circuit_operator.py for tasks to queue
[2024-10-19T00:15:38.310+0000] {logging_mixin.py:190} INFO - [2024-10-19T00:15:38.309+0000] {dagbag.py:588} INFO - Filling up the DagBag from /home/airflow/.local/lib/python3.12/site-packages/airflow/example_dags/example_short_circuit_operator.py
[2024-10-19T00:15:38.316+0000] {processor.py:925} INFO - DAG(s) 'example_short_circuit_operator' retrieved from /home/airflow/.local/lib/python3.12/site-packages/airflow/example_dags/example_short_circuit_operator.py
[2024-10-19T00:15:38.336+0000] {logging_mixin.py:190} INFO - [2024-10-19T00:15:38.336+0000] {dag.py:3239} INFO - Sync 1 DAGs
[2024-10-19T00:15:38.348+0000] {logging_mixin.py:190} INFO - [2024-10-19T00:15:38.348+0000] {dag.py:4180} INFO - Setting next_dagrun for example_short_circuit_operator to None, run_after=None
[2024-10-19T00:15:38.371+0000] {processor.py:208} INFO - Processing /home/airflow/.local/lib/python3.12/site-packages/airflow/example_dags/example_short_circuit_operator.py took 0.069 seconds
[2024-10-19T00:16:09.099+0000] {processor.py:186} INFO - Started process (PID=1463) to work on /home/airflow/.local/lib/python3.12/site-packages/airflow/example_dags/example_short_circuit_operator.py
[2024-10-19T00:16:09.100+0000] {processor.py:914} INFO - Processing file /home/airflow/.local/lib/python3.12/site-packages/airflow/example_dags/example_short_circuit_operator.py for tasks to queue
[2024-10-19T00:16:09.103+0000] {logging_mixin.py:190} INFO - [2024-10-19T00:16:09.102+0000] {dagbag.py:588} INFO - Filling up the DagBag from /home/airflow/.local/lib/python3.12/site-packages/airflow/example_dags/example_short_circuit_operator.py
[2024-10-19T00:16:09.111+0000] {processor.py:925} INFO - DAG(s) 'example_short_circuit_operator' retrieved from /home/airflow/.local/lib/python3.12/site-packages/airflow/example_dags/example_short_circuit_operator.py
[2024-10-19T00:16:09.132+0000] {logging_mixin.py:190} INFO - [2024-10-19T00:16:09.132+0000] {dag.py:3239} INFO - Sync 1 DAGs
[2024-10-19T00:16:09.145+0000] {logging_mixin.py:190} INFO - [2024-10-19T00:16:09.144+0000] {dag.py:4180} INFO - Setting next_dagrun for example_short_circuit_operator to None, run_after=None
[2024-10-19T00:16:09.161+0000] {processor.py:208} INFO - Processing /home/airflow/.local/lib/python3.12/site-packages/airflow/example_dags/example_short_circuit_operator.py took 0.068 seconds
[2024-10-19T00:16:39.832+0000] {processor.py:186} INFO - Started process (PID=1525) to work on /home/airflow/.local/lib/python3.12/site-packages/airflow/example_dags/example_short_circuit_operator.py
[2024-10-19T00:16:39.833+0000] {processor.py:914} INFO - Processing file /home/airflow/.local/lib/python3.12/site-packages/airflow/example_dags/example_short_circuit_operator.py for tasks to queue
[2024-10-19T00:16:39.835+0000] {logging_mixin.py:190} INFO - [2024-10-19T00:16:39.835+0000] {dagbag.py:588} INFO - Filling up the DagBag from /home/airflow/.local/lib/python3.12/site-packages/airflow/example_dags/example_short_circuit_operator.py
[2024-10-19T00:16:39.842+0000] {processor.py:925} INFO - DAG(s) 'example_short_circuit_operator' retrieved from /home/airflow/.local/lib/python3.12/site-packages/airflow/example_dags/example_short_circuit_operator.py
[2024-10-19T00:16:39.860+0000] {logging_mixin.py:190} INFO - [2024-10-19T00:16:39.860+0000] {dag.py:3239} INFO - Sync 1 DAGs
[2024-10-19T00:16:39.870+0000] {logging_mixin.py:190} INFO - [2024-10-19T00:16:39.870+0000] {dag.py:4180} INFO - Setting next_dagrun for example_short_circuit_operator to None, run_after=None
[2024-10-19T00:16:39.889+0000] {processor.py:208} INFO - Processing /home/airflow/.local/lib/python3.12/site-packages/airflow/example_dags/example_short_circuit_operator.py took 0.062 seconds
[2024-10-19T00:17:10.277+0000] {processor.py:186} INFO - Started process (PID=1587) to work on /home/airflow/.local/lib/python3.12/site-packages/airflow/example_dags/example_short_circuit_operator.py
[2024-10-19T00:17:10.278+0000] {processor.py:914} INFO - Processing file /home/airflow/.local/lib/python3.12/site-packages/airflow/example_dags/example_short_circuit_operator.py for tasks to queue
[2024-10-19T00:17:10.280+0000] {logging_mixin.py:190} INFO - [2024-10-19T00:17:10.280+0000] {dagbag.py:588} INFO - Filling up the DagBag from /home/airflow/.local/lib/python3.12/site-packages/airflow/example_dags/example_short_circuit_operator.py
[2024-10-19T00:17:10.288+0000] {processor.py:925} INFO - DAG(s) 'example_short_circuit_operator' retrieved from /home/airflow/.local/lib/python3.12/site-packages/airflow/example_dags/example_short_circuit_operator.py
[2024-10-19T00:17:10.308+0000] {logging_mixin.py:190} INFO - [2024-10-19T00:17:10.308+0000] {dag.py:3239} INFO - Sync 1 DAGs
[2024-10-19T00:17:10.320+0000] {logging_mixin.py:190} INFO - [2024-10-19T00:17:10.320+0000] {dag.py:4180} INFO - Setting next_dagrun for example_short_circuit_operator to None, run_after=None
[2024-10-19T00:17:10.339+0000] {processor.py:208} INFO - Processing /home/airflow/.local/lib/python3.12/site-packages/airflow/example_dags/example_short_circuit_operator.py took 0.067 seconds
[2024-10-19T00:17:40.861+0000] {processor.py:186} INFO - Started process (PID=1649) to work on /home/airflow/.local/lib/python3.12/site-packages/airflow/example_dags/example_short_circuit_operator.py
[2024-10-19T00:17:40.863+0000] {processor.py:914} INFO - Processing file /home/airflow/.local/lib/python3.12/site-packages/airflow/example_dags/example_short_circuit_operator.py for tasks to queue
[2024-10-19T00:17:40.865+0000] {logging_mixin.py:190} INFO - [2024-10-19T00:17:40.865+0000] {dagbag.py:588} INFO - Filling up the DagBag from /home/airflow/.local/lib/python3.12/site-packages/airflow/example_dags/example_short_circuit_operator.py
[2024-10-19T00:17:40.874+0000] {processor.py:925} INFO - DAG(s) 'example_short_circuit_operator' retrieved from /home/airflow/.local/lib/python3.12/site-packages/airflow/example_dags/example_short_circuit_operator.py
[2024-10-19T00:17:40.895+0000] {logging_mixin.py:190} INFO - [2024-10-19T00:17:40.895+0000] {dag.py:3239} INFO - Sync 1 DAGs
[2024-10-19T00:17:40.909+0000] {logging_mixin.py:190} INFO - [2024-10-19T00:17:40.909+0000] {dag.py:4180} INFO - Setting next_dagrun for example_short_circuit_operator to None, run_after=None
[2024-10-19T00:17:40.927+0000] {processor.py:208} INFO - Processing /home/airflow/.local/lib/python3.12/site-packages/airflow/example_dags/example_short_circuit_operator.py took 0.072 seconds
[2024-10-19T00:18:11.445+0000] {processor.py:186} INFO - Started process (PID=1711) to work on /home/airflow/.local/lib/python3.12/site-packages/airflow/example_dags/example_short_circuit_operator.py
[2024-10-19T00:18:11.446+0000] {processor.py:914} INFO - Processing file /home/airflow/.local/lib/python3.12/site-packages/airflow/example_dags/example_short_circuit_operator.py for tasks to queue
[2024-10-19T00:18:11.448+0000] {logging_mixin.py:190} INFO - [2024-10-19T00:18:11.448+0000] {dagbag.py:588} INFO - Filling up the DagBag from /home/airflow/.local/lib/python3.12/site-packages/airflow/example_dags/example_short_circuit_operator.py
[2024-10-19T00:18:11.456+0000] {processor.py:925} INFO - DAG(s) 'example_short_circuit_operator' retrieved from /home/airflow/.local/lib/python3.12/site-packages/airflow/example_dags/example_short_circuit_operator.py
[2024-10-19T00:18:11.481+0000] {logging_mixin.py:190} INFO - [2024-10-19T00:18:11.481+0000] {dag.py:3239} INFO - Sync 1 DAGs
[2024-10-19T00:18:11.495+0000] {logging_mixin.py:190} INFO - [2024-10-19T00:18:11.495+0000] {dag.py:4180} INFO - Setting next_dagrun for example_short_circuit_operator to None, run_after=None
[2024-10-19T00:18:11.517+0000] {processor.py:208} INFO - Processing /home/airflow/.local/lib/python3.12/site-packages/airflow/example_dags/example_short_circuit_operator.py took 0.078 seconds
[2024-10-19T00:18:41.776+0000] {processor.py:186} INFO - Started process (PID=1772) to work on /home/airflow/.local/lib/python3.12/site-packages/airflow/example_dags/example_short_circuit_operator.py
[2024-10-19T00:18:41.777+0000] {processor.py:914} INFO - Processing file /home/airflow/.local/lib/python3.12/site-packages/airflow/example_dags/example_short_circuit_operator.py for tasks to queue
[2024-10-19T00:18:41.780+0000] {logging_mixin.py:190} INFO - [2024-10-19T00:18:41.780+0000] {dagbag.py:588} INFO - Filling up the DagBag from /home/airflow/.local/lib/python3.12/site-packages/airflow/example_dags/example_short_circuit_operator.py
[2024-10-19T00:18:41.788+0000] {processor.py:925} INFO - DAG(s) 'example_short_circuit_operator' retrieved from /home/airflow/.local/lib/python3.12/site-packages/airflow/example_dags/example_short_circuit_operator.py
[2024-10-19T00:18:41.809+0000] {logging_mixin.py:190} INFO - [2024-10-19T00:18:41.809+0000] {dag.py:3239} INFO - Sync 1 DAGs
[2024-10-19T00:18:41.822+0000] {logging_mixin.py:190} INFO - [2024-10-19T00:18:41.822+0000] {dag.py:4180} INFO - Setting next_dagrun for example_short_circuit_operator to None, run_after=None
[2024-10-19T00:18:41.841+0000] {processor.py:208} INFO - Processing /home/airflow/.local/lib/python3.12/site-packages/airflow/example_dags/example_short_circuit_operator.py took 0.071 seconds
[2024-10-19T00:19:12.773+0000] {processor.py:186} INFO - Started process (PID=1834) to work on /home/airflow/.local/lib/python3.12/site-packages/airflow/example_dags/example_short_circuit_operator.py
[2024-10-19T00:19:12.774+0000] {processor.py:914} INFO - Processing file /home/airflow/.local/lib/python3.12/site-packages/airflow/example_dags/example_short_circuit_operator.py for tasks to queue
[2024-10-19T00:19:12.777+0000] {logging_mixin.py:190} INFO - [2024-10-19T00:19:12.776+0000] {dagbag.py:588} INFO - Filling up the DagBag from /home/airflow/.local/lib/python3.12/site-packages/airflow/example_dags/example_short_circuit_operator.py
[2024-10-19T00:19:12.785+0000] {processor.py:925} INFO - DAG(s) 'example_short_circuit_operator' retrieved from /home/airflow/.local/lib/python3.12/site-packages/airflow/example_dags/example_short_circuit_operator.py
[2024-10-19T00:19:12.807+0000] {logging_mixin.py:190} INFO - [2024-10-19T00:19:12.807+0000] {dag.py:3239} INFO - Sync 1 DAGs
[2024-10-19T00:19:12.821+0000] {logging_mixin.py:190} INFO - [2024-10-19T00:19:12.820+0000] {dag.py:4180} INFO - Setting next_dagrun for example_short_circuit_operator to None, run_after=None
[2024-10-19T00:19:12.838+0000] {processor.py:208} INFO - Processing /home/airflow/.local/lib/python3.12/site-packages/airflow/example_dags/example_short_circuit_operator.py took 0.071 seconds
[2024-10-19T00:19:43.164+0000] {processor.py:186} INFO - Started process (PID=1896) to work on /home/airflow/.local/lib/python3.12/site-packages/airflow/example_dags/example_short_circuit_operator.py
[2024-10-19T00:19:43.165+0000] {processor.py:914} INFO - Processing file /home/airflow/.local/lib/python3.12/site-packages/airflow/example_dags/example_short_circuit_operator.py for tasks to queue
[2024-10-19T00:19:43.167+0000] {logging_mixin.py:190} INFO - [2024-10-19T00:19:43.167+0000] {dagbag.py:588} INFO - Filling up the DagBag from /home/airflow/.local/lib/python3.12/site-packages/airflow/example_dags/example_short_circuit_operator.py
[2024-10-19T00:19:43.173+0000] {processor.py:925} INFO - DAG(s) 'example_short_circuit_operator' retrieved from /home/airflow/.local/lib/python3.12/site-packages/airflow/example_dags/example_short_circuit_operator.py
[2024-10-19T00:19:43.194+0000] {logging_mixin.py:190} INFO - [2024-10-19T00:19:43.194+0000] {dag.py:3239} INFO - Sync 1 DAGs
[2024-10-19T00:19:43.207+0000] {logging_mixin.py:190} INFO - [2024-10-19T00:19:43.207+0000] {dag.py:4180} INFO - Setting next_dagrun for example_short_circuit_operator to None, run_after=None
[2024-10-19T00:19:43.229+0000] {processor.py:208} INFO - Processing /home/airflow/.local/lib/python3.12/site-packages/airflow/example_dags/example_short_circuit_operator.py took 0.070 seconds
[2024-10-19T00:20:13.903+0000] {processor.py:186} INFO - Started process (PID=1958) to work on /home/airflow/.local/lib/python3.12/site-packages/airflow/example_dags/example_short_circuit_operator.py
[2024-10-19T00:20:13.904+0000] {processor.py:914} INFO - Processing file /home/airflow/.local/lib/python3.12/site-packages/airflow/example_dags/example_short_circuit_operator.py for tasks to queue
[2024-10-19T00:20:13.906+0000] {logging_mixin.py:190} INFO - [2024-10-19T00:20:13.906+0000] {dagbag.py:588} INFO - Filling up the DagBag from /home/airflow/.local/lib/python3.12/site-packages/airflow/example_dags/example_short_circuit_operator.py
[2024-10-19T00:20:13.914+0000] {processor.py:925} INFO - DAG(s) 'example_short_circuit_operator' retrieved from /home/airflow/.local/lib/python3.12/site-packages/airflow/example_dags/example_short_circuit_operator.py
[2024-10-19T00:20:13.932+0000] {logging_mixin.py:190} INFO - [2024-10-19T00:20:13.932+0000] {dag.py:3239} INFO - Sync 1 DAGs
[2024-10-19T00:20:13.944+0000] {logging_mixin.py:190} INFO - [2024-10-19T00:20:13.944+0000] {dag.py:4180} INFO - Setting next_dagrun for example_short_circuit_operator to None, run_after=None
[2024-10-19T00:20:13.961+0000] {processor.py:208} INFO - Processing /home/airflow/.local/lib/python3.12/site-packages/airflow/example_dags/example_short_circuit_operator.py took 0.064 seconds
[2024-10-19T00:20:44.856+0000] {processor.py:186} INFO - Started process (PID=2020) to work on /home/airflow/.local/lib/python3.12/site-packages/airflow/example_dags/example_short_circuit_operator.py
[2024-10-19T00:20:44.857+0000] {processor.py:914} INFO - Processing file /home/airflow/.local/lib/python3.12/site-packages/airflow/example_dags/example_short_circuit_operator.py for tasks to queue
[2024-10-19T00:20:44.860+0000] {logging_mixin.py:190} INFO - [2024-10-19T00:20:44.859+0000] {dagbag.py:588} INFO - Filling up the DagBag from /home/airflow/.local/lib/python3.12/site-packages/airflow/example_dags/example_short_circuit_operator.py
[2024-10-19T00:20:44.869+0000] {processor.py:925} INFO - DAG(s) 'example_short_circuit_operator' retrieved from /home/airflow/.local/lib/python3.12/site-packages/airflow/example_dags/example_short_circuit_operator.py
[2024-10-19T00:20:44.894+0000] {logging_mixin.py:190} INFO - [2024-10-19T00:20:44.893+0000] {dag.py:3239} INFO - Sync 1 DAGs
[2024-10-19T00:20:44.908+0000] {logging_mixin.py:190} INFO - [2024-10-19T00:20:44.908+0000] {dag.py:4180} INFO - Setting next_dagrun for example_short_circuit_operator to None, run_after=None
[2024-10-19T00:20:44.930+0000] {processor.py:208} INFO - Processing /home/airflow/.local/lib/python3.12/site-packages/airflow/example_dags/example_short_circuit_operator.py took 0.081 seconds
[2024-10-19T00:21:16.083+0000] {processor.py:186} INFO - Started process (PID=2082) to work on /home/airflow/.local/lib/python3.12/site-packages/airflow/example_dags/example_short_circuit_operator.py
[2024-10-19T00:21:16.084+0000] {processor.py:914} INFO - Processing file /home/airflow/.local/lib/python3.12/site-packages/airflow/example_dags/example_short_circuit_operator.py for tasks to queue
[2024-10-19T00:21:16.086+0000] {logging_mixin.py:190} INFO - [2024-10-19T00:21:16.086+0000] {dagbag.py:588} INFO - Filling up the DagBag from /home/airflow/.local/lib/python3.12/site-packages/airflow/example_dags/example_short_circuit_operator.py
[2024-10-19T00:21:16.094+0000] {processor.py:925} INFO - DAG(s) 'example_short_circuit_operator' retrieved from /home/airflow/.local/lib/python3.12/site-packages/airflow/example_dags/example_short_circuit_operator.py
[2024-10-19T00:21:16.114+0000] {logging_mixin.py:190} INFO - [2024-10-19T00:21:16.114+0000] {dag.py:3239} INFO - Sync 1 DAGs
[2024-10-19T00:21:16.127+0000] {logging_mixin.py:190} INFO - [2024-10-19T00:21:16.126+0000] {dag.py:4180} INFO - Setting next_dagrun for example_short_circuit_operator to None, run_after=None
[2024-10-19T00:21:16.146+0000] {processor.py:208} INFO - Processing /home/airflow/.local/lib/python3.12/site-packages/airflow/example_dags/example_short_circuit_operator.py took 0.069 seconds
[2024-10-19T00:21:46.956+0000] {processor.py:186} INFO - Started process (PID=2145) to work on /home/airflow/.local/lib/python3.12/site-packages/airflow/example_dags/example_short_circuit_operator.py
[2024-10-19T00:21:46.957+0000] {processor.py:914} INFO - Processing file /home/airflow/.local/lib/python3.12/site-packages/airflow/example_dags/example_short_circuit_operator.py for tasks to queue
[2024-10-19T00:21:46.959+0000] {logging_mixin.py:190} INFO - [2024-10-19T00:21:46.959+0000] {dagbag.py:588} INFO - Filling up the DagBag from /home/airflow/.local/lib/python3.12/site-packages/airflow/example_dags/example_short_circuit_operator.py
[2024-10-19T00:21:46.967+0000] {processor.py:925} INFO - DAG(s) 'example_short_circuit_operator' retrieved from /home/airflow/.local/lib/python3.12/site-packages/airflow/example_dags/example_short_circuit_operator.py
[2024-10-19T00:21:46.986+0000] {logging_mixin.py:190} INFO - [2024-10-19T00:21:46.986+0000] {dag.py:3239} INFO - Sync 1 DAGs
[2024-10-19T00:21:46.998+0000] {logging_mixin.py:190} INFO - [2024-10-19T00:21:46.998+0000] {dag.py:4180} INFO - Setting next_dagrun for example_short_circuit_operator to None, run_after=None
[2024-10-19T00:21:47.019+0000] {processor.py:208} INFO - Processing /home/airflow/.local/lib/python3.12/site-packages/airflow/example_dags/example_short_circuit_operator.py took 0.068 seconds
[2024-10-19T00:22:17.612+0000] {processor.py:186} INFO - Started process (PID=2207) to work on /home/airflow/.local/lib/python3.12/site-packages/airflow/example_dags/example_short_circuit_operator.py
[2024-10-19T00:22:17.613+0000] {processor.py:914} INFO - Processing file /home/airflow/.local/lib/python3.12/site-packages/airflow/example_dags/example_short_circuit_operator.py for tasks to queue
[2024-10-19T00:22:17.615+0000] {logging_mixin.py:190} INFO - [2024-10-19T00:22:17.615+0000] {dagbag.py:588} INFO - Filling up the DagBag from /home/airflow/.local/lib/python3.12/site-packages/airflow/example_dags/example_short_circuit_operator.py
[2024-10-19T00:22:17.622+0000] {processor.py:925} INFO - DAG(s) 'example_short_circuit_operator' retrieved from /home/airflow/.local/lib/python3.12/site-packages/airflow/example_dags/example_short_circuit_operator.py
[2024-10-19T00:22:17.643+0000] {logging_mixin.py:190} INFO - [2024-10-19T00:22:17.642+0000] {dag.py:3239} INFO - Sync 1 DAGs
[2024-10-19T00:22:17.655+0000] {logging_mixin.py:190} INFO - [2024-10-19T00:22:17.654+0000] {dag.py:4180} INFO - Setting next_dagrun for example_short_circuit_operator to None, run_after=None
[2024-10-19T00:22:17.671+0000] {processor.py:208} INFO - Processing /home/airflow/.local/lib/python3.12/site-packages/airflow/example_dags/example_short_circuit_operator.py took 0.064 seconds
[2024-10-19T00:22:48.144+0000] {processor.py:186} INFO - Started process (PID=2270) to work on /home/airflow/.local/lib/python3.12/site-packages/airflow/example_dags/example_short_circuit_operator.py
[2024-10-19T00:22:48.145+0000] {processor.py:914} INFO - Processing file /home/airflow/.local/lib/python3.12/site-packages/airflow/example_dags/example_short_circuit_operator.py for tasks to queue
[2024-10-19T00:22:48.147+0000] {logging_mixin.py:190} INFO - [2024-10-19T00:22:48.147+0000] {dagbag.py:588} INFO - Filling up the DagBag from /home/airflow/.local/lib/python3.12/site-packages/airflow/example_dags/example_short_circuit_operator.py
[2024-10-19T00:22:48.154+0000] {processor.py:925} INFO - DAG(s) 'example_short_circuit_operator' retrieved from /home/airflow/.local/lib/python3.12/site-packages/airflow/example_dags/example_short_circuit_operator.py
[2024-10-19T00:22:48.174+0000] {logging_mixin.py:190} INFO - [2024-10-19T00:22:48.174+0000] {dag.py:3239} INFO - Sync 1 DAGs
[2024-10-19T00:22:48.186+0000] {logging_mixin.py:190} INFO - [2024-10-19T00:22:48.186+0000] {dag.py:4180} INFO - Setting next_dagrun for example_short_circuit_operator to None, run_after=None
[2024-10-19T00:22:48.202+0000] {processor.py:208} INFO - Processing /home/airflow/.local/lib/python3.12/site-packages/airflow/example_dags/example_short_circuit_operator.py took 0.063 seconds
[2024-10-19T00:23:18.623+0000] {processor.py:186} INFO - Started process (PID=2332) to work on /home/airflow/.local/lib/python3.12/site-packages/airflow/example_dags/example_short_circuit_operator.py
[2024-10-19T00:23:18.624+0000] {processor.py:914} INFO - Processing file /home/airflow/.local/lib/python3.12/site-packages/airflow/example_dags/example_short_circuit_operator.py for tasks to queue
[2024-10-19T00:23:18.626+0000] {logging_mixin.py:190} INFO - [2024-10-19T00:23:18.626+0000] {dagbag.py:588} INFO - Filling up the DagBag from /home/airflow/.local/lib/python3.12/site-packages/airflow/example_dags/example_short_circuit_operator.py
[2024-10-19T00:23:18.633+0000] {processor.py:925} INFO - DAG(s) 'example_short_circuit_operator' retrieved from /home/airflow/.local/lib/python3.12/site-packages/airflow/example_dags/example_short_circuit_operator.py
[2024-10-19T00:23:18.652+0000] {logging_mixin.py:190} INFO - [2024-10-19T00:23:18.651+0000] {dag.py:3239} INFO - Sync 1 DAGs
[2024-10-19T00:23:18.663+0000] {logging_mixin.py:190} INFO - [2024-10-19T00:23:18.663+0000] {dag.py:4180} INFO - Setting next_dagrun for example_short_circuit_operator to None, run_after=None
[2024-10-19T00:23:18.682+0000] {processor.py:208} INFO - Processing /home/airflow/.local/lib/python3.12/site-packages/airflow/example_dags/example_short_circuit_operator.py took 0.065 seconds
[2024-10-19T00:23:49.127+0000] {processor.py:186} INFO - Started process (PID=2394) to work on /home/airflow/.local/lib/python3.12/site-packages/airflow/example_dags/example_short_circuit_operator.py
[2024-10-19T00:23:49.128+0000] {processor.py:914} INFO - Processing file /home/airflow/.local/lib/python3.12/site-packages/airflow/example_dags/example_short_circuit_operator.py for tasks to queue
[2024-10-19T00:23:49.131+0000] {logging_mixin.py:190} INFO - [2024-10-19T00:23:49.131+0000] {dagbag.py:588} INFO - Filling up the DagBag from /home/airflow/.local/lib/python3.12/site-packages/airflow/example_dags/example_short_circuit_operator.py
[2024-10-19T00:23:49.142+0000] {processor.py:925} INFO - DAG(s) 'example_short_circuit_operator' retrieved from /home/airflow/.local/lib/python3.12/site-packages/airflow/example_dags/example_short_circuit_operator.py
[2024-10-19T00:23:49.168+0000] {logging_mixin.py:190} INFO - [2024-10-19T00:23:49.167+0000] {dag.py:3239} INFO - Sync 1 DAGs
[2024-10-19T00:23:49.183+0000] {logging_mixin.py:190} INFO - [2024-10-19T00:23:49.183+0000] {dag.py:4180} INFO - Setting next_dagrun for example_short_circuit_operator to None, run_after=None
[2024-10-19T00:23:49.209+0000] {processor.py:208} INFO - Processing /home/airflow/.local/lib/python3.12/site-packages/airflow/example_dags/example_short_circuit_operator.py took 0.089 seconds
[2024-10-19T00:24:19.686+0000] {processor.py:186} INFO - Started process (PID=2456) to work on /home/airflow/.local/lib/python3.12/site-packages/airflow/example_dags/example_short_circuit_operator.py
[2024-10-19T00:24:19.687+0000] {processor.py:914} INFO - Processing file /home/airflow/.local/lib/python3.12/site-packages/airflow/example_dags/example_short_circuit_operator.py for tasks to queue
[2024-10-19T00:24:19.689+0000] {logging_mixin.py:190} INFO - [2024-10-19T00:24:19.689+0000] {dagbag.py:588} INFO - Filling up the DagBag from /home/airflow/.local/lib/python3.12/site-packages/airflow/example_dags/example_short_circuit_operator.py
[2024-10-19T00:24:19.696+0000] {processor.py:925} INFO - DAG(s) 'example_short_circuit_operator' retrieved from /home/airflow/.local/lib/python3.12/site-packages/airflow/example_dags/example_short_circuit_operator.py
[2024-10-19T00:24:19.717+0000] {logging_mixin.py:190} INFO - [2024-10-19T00:24:19.717+0000] {dag.py:3239} INFO - Sync 1 DAGs
[2024-10-19T00:24:19.729+0000] {logging_mixin.py:190} INFO - [2024-10-19T00:24:19.728+0000] {dag.py:4180} INFO - Setting next_dagrun for example_short_circuit_operator to None, run_after=None
[2024-10-19T00:24:19.746+0000] {processor.py:208} INFO - Processing /home/airflow/.local/lib/python3.12/site-packages/airflow/example_dags/example_short_circuit_operator.py took 0.065 seconds
[2024-10-19T00:24:50.296+0000] {processor.py:186} INFO - Started process (PID=2518) to work on /home/airflow/.local/lib/python3.12/site-packages/airflow/example_dags/example_short_circuit_operator.py
[2024-10-19T00:24:50.297+0000] {processor.py:914} INFO - Processing file /home/airflow/.local/lib/python3.12/site-packages/airflow/example_dags/example_short_circuit_operator.py for tasks to queue
[2024-10-19T00:24:50.300+0000] {logging_mixin.py:190} INFO - [2024-10-19T00:24:50.300+0000] {dagbag.py:588} INFO - Filling up the DagBag from /home/airflow/.local/lib/python3.12/site-packages/airflow/example_dags/example_short_circuit_operator.py
[2024-10-19T00:24:50.310+0000] {processor.py:925} INFO - DAG(s) 'example_short_circuit_operator' retrieved from /home/airflow/.local/lib/python3.12/site-packages/airflow/example_dags/example_short_circuit_operator.py
[2024-10-19T00:24:50.339+0000] {logging_mixin.py:190} INFO - [2024-10-19T00:24:50.338+0000] {dag.py:3239} INFO - Sync 1 DAGs
[2024-10-19T00:24:50.355+0000] {logging_mixin.py:190} INFO - [2024-10-19T00:24:50.355+0000] {dag.py:4180} INFO - Setting next_dagrun for example_short_circuit_operator to None, run_after=None
[2024-10-19T00:24:50.380+0000] {processor.py:208} INFO - Processing /home/airflow/.local/lib/python3.12/site-packages/airflow/example_dags/example_short_circuit_operator.py took 0.092 seconds
[2024-10-19T00:25:21.446+0000] {processor.py:186} INFO - Started process (PID=2579) to work on /home/airflow/.local/lib/python3.12/site-packages/airflow/example_dags/example_short_circuit_operator.py
[2024-10-19T00:25:21.448+0000] {processor.py:914} INFO - Processing file /home/airflow/.local/lib/python3.12/site-packages/airflow/example_dags/example_short_circuit_operator.py for tasks to queue
[2024-10-19T00:25:21.450+0000] {logging_mixin.py:190} INFO - [2024-10-19T00:25:21.450+0000] {dagbag.py:588} INFO - Filling up the DagBag from /home/airflow/.local/lib/python3.12/site-packages/airflow/example_dags/example_short_circuit_operator.py
[2024-10-19T00:25:21.459+0000] {processor.py:925} INFO - DAG(s) 'example_short_circuit_operator' retrieved from /home/airflow/.local/lib/python3.12/site-packages/airflow/example_dags/example_short_circuit_operator.py
[2024-10-19T00:25:21.484+0000] {logging_mixin.py:190} INFO - [2024-10-19T00:25:21.483+0000] {dag.py:3239} INFO - Sync 1 DAGs
[2024-10-19T00:25:21.497+0000] {logging_mixin.py:190} INFO - [2024-10-19T00:25:21.496+0000] {dag.py:4180} INFO - Setting next_dagrun for example_short_circuit_operator to None, run_after=None
[2024-10-19T00:25:21.514+0000] {processor.py:208} INFO - Processing /home/airflow/.local/lib/python3.12/site-packages/airflow/example_dags/example_short_circuit_operator.py took 0.073 seconds
[2024-10-19T00:25:52.485+0000] {processor.py:186} INFO - Started process (PID=2647) to work on /home/airflow/.local/lib/python3.12/site-packages/airflow/example_dags/example_short_circuit_operator.py
[2024-10-19T00:25:52.486+0000] {processor.py:914} INFO - Processing file /home/airflow/.local/lib/python3.12/site-packages/airflow/example_dags/example_short_circuit_operator.py for tasks to queue
[2024-10-19T00:25:52.488+0000] {logging_mixin.py:190} INFO - [2024-10-19T00:25:52.488+0000] {dagbag.py:588} INFO - Filling up the DagBag from /home/airflow/.local/lib/python3.12/site-packages/airflow/example_dags/example_short_circuit_operator.py
[2024-10-19T00:25:52.495+0000] {processor.py:925} INFO - DAG(s) 'example_short_circuit_operator' retrieved from /home/airflow/.local/lib/python3.12/site-packages/airflow/example_dags/example_short_circuit_operator.py
[2024-10-19T00:25:52.515+0000] {logging_mixin.py:190} INFO - [2024-10-19T00:25:52.515+0000] {dag.py:3239} INFO - Sync 1 DAGs
[2024-10-19T00:25:52.526+0000] {logging_mixin.py:190} INFO - [2024-10-19T00:25:52.526+0000] {dag.py:4180} INFO - Setting next_dagrun for example_short_circuit_operator to None, run_after=None
[2024-10-19T00:25:52.545+0000] {processor.py:208} INFO - Processing /home/airflow/.local/lib/python3.12/site-packages/airflow/example_dags/example_short_circuit_operator.py took 0.065 seconds
[2024-10-19T00:26:22.623+0000] {processor.py:186} INFO - Started process (PID=2709) to work on /home/airflow/.local/lib/python3.12/site-packages/airflow/example_dags/example_short_circuit_operator.py
[2024-10-19T00:26:22.624+0000] {processor.py:914} INFO - Processing file /home/airflow/.local/lib/python3.12/site-packages/airflow/example_dags/example_short_circuit_operator.py for tasks to queue
[2024-10-19T00:26:22.626+0000] {logging_mixin.py:190} INFO - [2024-10-19T00:26:22.626+0000] {dagbag.py:588} INFO - Filling up the DagBag from /home/airflow/.local/lib/python3.12/site-packages/airflow/example_dags/example_short_circuit_operator.py
[2024-10-19T00:26:22.632+0000] {processor.py:925} INFO - DAG(s) 'example_short_circuit_operator' retrieved from /home/airflow/.local/lib/python3.12/site-packages/airflow/example_dags/example_short_circuit_operator.py
[2024-10-19T00:26:22.650+0000] {logging_mixin.py:190} INFO - [2024-10-19T00:26:22.650+0000] {dag.py:3239} INFO - Sync 1 DAGs
[2024-10-19T00:26:22.661+0000] {logging_mixin.py:190} INFO - [2024-10-19T00:26:22.661+0000] {dag.py:4180} INFO - Setting next_dagrun for example_short_circuit_operator to None, run_after=None
[2024-10-19T00:26:22.681+0000] {processor.py:208} INFO - Processing /home/airflow/.local/lib/python3.12/site-packages/airflow/example_dags/example_short_circuit_operator.py took 0.062 seconds
[2024-10-19T00:26:53.424+0000] {processor.py:186} INFO - Started process (PID=2770) to work on /home/airflow/.local/lib/python3.12/site-packages/airflow/example_dags/example_short_circuit_operator.py
[2024-10-19T00:26:53.426+0000] {processor.py:914} INFO - Processing file /home/airflow/.local/lib/python3.12/site-packages/airflow/example_dags/example_short_circuit_operator.py for tasks to queue
[2024-10-19T00:26:53.429+0000] {logging_mixin.py:190} INFO - [2024-10-19T00:26:53.428+0000] {dagbag.py:588} INFO - Filling up the DagBag from /home/airflow/.local/lib/python3.12/site-packages/airflow/example_dags/example_short_circuit_operator.py
[2024-10-19T00:26:53.440+0000] {processor.py:925} INFO - DAG(s) 'example_short_circuit_operator' retrieved from /home/airflow/.local/lib/python3.12/site-packages/airflow/example_dags/example_short_circuit_operator.py
[2024-10-19T00:26:53.472+0000] {logging_mixin.py:190} INFO - [2024-10-19T00:26:53.471+0000] {dag.py:3239} INFO - Sync 1 DAGs
[2024-10-19T00:26:53.491+0000] {logging_mixin.py:190} INFO - [2024-10-19T00:26:53.490+0000] {dag.py:4180} INFO - Setting next_dagrun for example_short_circuit_operator to None, run_after=None
[2024-10-19T00:26:53.520+0000] {processor.py:208} INFO - Processing /home/airflow/.local/lib/python3.12/site-packages/airflow/example_dags/example_short_circuit_operator.py took 0.103 seconds
[2024-10-19T00:27:24.182+0000] {processor.py:186} INFO - Started process (PID=2831) to work on /home/airflow/.local/lib/python3.12/site-packages/airflow/example_dags/example_short_circuit_operator.py
[2024-10-19T00:27:24.183+0000] {processor.py:914} INFO - Processing file /home/airflow/.local/lib/python3.12/site-packages/airflow/example_dags/example_short_circuit_operator.py for tasks to queue
[2024-10-19T00:27:24.186+0000] {logging_mixin.py:190} INFO - [2024-10-19T00:27:24.184+0000] {dagbag.py:588} INFO - Filling up the DagBag from /home/airflow/.local/lib/python3.12/site-packages/airflow/example_dags/example_short_circuit_operator.py
[2024-10-19T00:27:24.201+0000] {processor.py:925} INFO - DAG(s) 'example_short_circuit_operator' retrieved from /home/airflow/.local/lib/python3.12/site-packages/airflow/example_dags/example_short_circuit_operator.py
[2024-10-19T00:27:24.232+0000] {logging_mixin.py:190} INFO - [2024-10-19T00:27:24.231+0000] {dag.py:3239} INFO - Sync 1 DAGs
[2024-10-19T00:27:24.246+0000] {logging_mixin.py:190} INFO - [2024-10-19T00:27:24.246+0000] {dag.py:4180} INFO - Setting next_dagrun for example_short_circuit_operator to None, run_after=None
[2024-10-19T00:27:24.271+0000] {processor.py:208} INFO - Processing /home/airflow/.local/lib/python3.12/site-packages/airflow/example_dags/example_short_circuit_operator.py took 0.094 seconds
[2024-10-19T00:27:55.675+0000] {processor.py:186} INFO - Started process (PID=2893) to work on /home/airflow/.local/lib/python3.12/site-packages/airflow/example_dags/example_short_circuit_operator.py
[2024-10-19T00:27:55.676+0000] {processor.py:914} INFO - Processing file /home/airflow/.local/lib/python3.12/site-packages/airflow/example_dags/example_short_circuit_operator.py for tasks to queue
[2024-10-19T00:27:55.678+0000] {logging_mixin.py:190} INFO - [2024-10-19T00:27:55.678+0000] {dagbag.py:588} INFO - Filling up the DagBag from /home/airflow/.local/lib/python3.12/site-packages/airflow/example_dags/example_short_circuit_operator.py
[2024-10-19T00:27:55.828+0000] {processor.py:925} INFO - DAG(s) 'example_short_circuit_operator' retrieved from /home/airflow/.local/lib/python3.12/site-packages/airflow/example_dags/example_short_circuit_operator.py
[2024-10-19T00:27:55.846+0000] {logging_mixin.py:190} INFO - [2024-10-19T00:27:55.846+0000] {dag.py:3239} INFO - Sync 1 DAGs
[2024-10-19T00:27:55.856+0000] {logging_mixin.py:190} INFO - [2024-10-19T00:27:55.856+0000] {dag.py:4180} INFO - Setting next_dagrun for example_short_circuit_operator to None, run_after=None
[2024-10-19T00:27:55.874+0000] {processor.py:208} INFO - Processing /home/airflow/.local/lib/python3.12/site-packages/airflow/example_dags/example_short_circuit_operator.py took 0.204 seconds
[2024-10-19T00:28:26.889+0000] {processor.py:186} INFO - Started process (PID=2955) to work on /home/airflow/.local/lib/python3.12/site-packages/airflow/example_dags/example_short_circuit_operator.py
[2024-10-19T00:28:26.890+0000] {processor.py:914} INFO - Processing file /home/airflow/.local/lib/python3.12/site-packages/airflow/example_dags/example_short_circuit_operator.py for tasks to queue
[2024-10-19T00:28:26.893+0000] {logging_mixin.py:190} INFO - [2024-10-19T00:28:26.892+0000] {dagbag.py:588} INFO - Filling up the DagBag from /home/airflow/.local/lib/python3.12/site-packages/airflow/example_dags/example_short_circuit_operator.py
[2024-10-19T00:28:26.899+0000] {processor.py:925} INFO - DAG(s) 'example_short_circuit_operator' retrieved from /home/airflow/.local/lib/python3.12/site-packages/airflow/example_dags/example_short_circuit_operator.py
[2024-10-19T00:28:26.921+0000] {logging_mixin.py:190} INFO - [2024-10-19T00:28:26.921+0000] {dag.py:3239} INFO - Sync 1 DAGs
[2024-10-19T00:28:26.932+0000] {logging_mixin.py:190} INFO - [2024-10-19T00:28:26.932+0000] {dag.py:4180} INFO - Setting next_dagrun for example_short_circuit_operator to None, run_after=None
[2024-10-19T00:28:26.953+0000] {processor.py:208} INFO - Processing /home/airflow/.local/lib/python3.12/site-packages/airflow/example_dags/example_short_circuit_operator.py took 0.069 seconds
[2024-10-19T00:28:57.758+0000] {processor.py:186} INFO - Started process (PID=3017) to work on /home/airflow/.local/lib/python3.12/site-packages/airflow/example_dags/example_short_circuit_operator.py
[2024-10-19T00:28:57.759+0000] {processor.py:914} INFO - Processing file /home/airflow/.local/lib/python3.12/site-packages/airflow/example_dags/example_short_circuit_operator.py for tasks to queue
[2024-10-19T00:28:57.762+0000] {logging_mixin.py:190} INFO - [2024-10-19T00:28:57.761+0000] {dagbag.py:588} INFO - Filling up the DagBag from /home/airflow/.local/lib/python3.12/site-packages/airflow/example_dags/example_short_circuit_operator.py
[2024-10-19T00:28:57.768+0000] {processor.py:925} INFO - DAG(s) 'example_short_circuit_operator' retrieved from /home/airflow/.local/lib/python3.12/site-packages/airflow/example_dags/example_short_circuit_operator.py
[2024-10-19T00:28:57.787+0000] {logging_mixin.py:190} INFO - [2024-10-19T00:28:57.787+0000] {dag.py:3239} INFO - Sync 1 DAGs
[2024-10-19T00:28:57.797+0000] {logging_mixin.py:190} INFO - [2024-10-19T00:28:57.797+0000] {dag.py:4180} INFO - Setting next_dagrun for example_short_circuit_operator to None, run_after=None
[2024-10-19T00:28:57.818+0000] {processor.py:208} INFO - Processing /home/airflow/.local/lib/python3.12/site-packages/airflow/example_dags/example_short_circuit_operator.py took 0.071 seconds
[2024-10-19T00:29:28.473+0000] {processor.py:186} INFO - Started process (PID=3080) to work on /home/airflow/.local/lib/python3.12/site-packages/airflow/example_dags/example_short_circuit_operator.py
[2024-10-19T00:29:28.474+0000] {processor.py:914} INFO - Processing file /home/airflow/.local/lib/python3.12/site-packages/airflow/example_dags/example_short_circuit_operator.py for tasks to queue
[2024-10-19T00:29:28.476+0000] {logging_mixin.py:190} INFO - [2024-10-19T00:29:28.476+0000] {dagbag.py:588} INFO - Filling up the DagBag from /home/airflow/.local/lib/python3.12/site-packages/airflow/example_dags/example_short_circuit_operator.py
[2024-10-19T00:29:28.483+0000] {processor.py:925} INFO - DAG(s) 'example_short_circuit_operator' retrieved from /home/airflow/.local/lib/python3.12/site-packages/airflow/example_dags/example_short_circuit_operator.py
[2024-10-19T00:29:28.501+0000] {logging_mixin.py:190} INFO - [2024-10-19T00:29:28.500+0000] {dag.py:3239} INFO - Sync 1 DAGs
[2024-10-19T00:29:28.511+0000] {logging_mixin.py:190} INFO - [2024-10-19T00:29:28.511+0000] {dag.py:4180} INFO - Setting next_dagrun for example_short_circuit_operator to None, run_after=None
[2024-10-19T00:29:28.531+0000] {processor.py:208} INFO - Processing /home/airflow/.local/lib/python3.12/site-packages/airflow/example_dags/example_short_circuit_operator.py took 0.062 seconds
[2024-10-19T00:29:58.908+0000] {processor.py:186} INFO - Started process (PID=3142) to work on /home/airflow/.local/lib/python3.12/site-packages/airflow/example_dags/example_short_circuit_operator.py
[2024-10-19T00:29:58.909+0000] {processor.py:914} INFO - Processing file /home/airflow/.local/lib/python3.12/site-packages/airflow/example_dags/example_short_circuit_operator.py for tasks to queue
[2024-10-19T00:29:58.911+0000] {logging_mixin.py:190} INFO - [2024-10-19T00:29:58.911+0000] {dagbag.py:588} INFO - Filling up the DagBag from /home/airflow/.local/lib/python3.12/site-packages/airflow/example_dags/example_short_circuit_operator.py
[2024-10-19T00:29:58.917+0000] {processor.py:925} INFO - DAG(s) 'example_short_circuit_operator' retrieved from /home/airflow/.local/lib/python3.12/site-packages/airflow/example_dags/example_short_circuit_operator.py
[2024-10-19T00:29:58.935+0000] {logging_mixin.py:190} INFO - [2024-10-19T00:29:58.935+0000] {dag.py:3239} INFO - Sync 1 DAGs
[2024-10-19T00:29:58.946+0000] {logging_mixin.py:190} INFO - [2024-10-19T00:29:58.946+0000] {dag.py:4180} INFO - Setting next_dagrun for example_short_circuit_operator to None, run_after=None
[2024-10-19T00:29:58.965+0000] {processor.py:208} INFO - Processing /home/airflow/.local/lib/python3.12/site-packages/airflow/example_dags/example_short_circuit_operator.py took 0.061 seconds
[2024-10-19T00:30:29.212+0000] {processor.py:186} INFO - Started process (PID=3204) to work on /home/airflow/.local/lib/python3.12/site-packages/airflow/example_dags/example_short_circuit_operator.py
[2024-10-19T00:30:29.213+0000] {processor.py:914} INFO - Processing file /home/airflow/.local/lib/python3.12/site-packages/airflow/example_dags/example_short_circuit_operator.py for tasks to queue
[2024-10-19T00:30:29.216+0000] {logging_mixin.py:190} INFO - [2024-10-19T00:30:29.215+0000] {dagbag.py:588} INFO - Filling up the DagBag from /home/airflow/.local/lib/python3.12/site-packages/airflow/example_dags/example_short_circuit_operator.py
[2024-10-19T00:30:29.222+0000] {processor.py:925} INFO - DAG(s) 'example_short_circuit_operator' retrieved from /home/airflow/.local/lib/python3.12/site-packages/airflow/example_dags/example_short_circuit_operator.py
[2024-10-19T00:30:29.241+0000] {logging_mixin.py:190} INFO - [2024-10-19T00:30:29.241+0000] {dag.py:3239} INFO - Sync 1 DAGs
[2024-10-19T00:30:29.252+0000] {logging_mixin.py:190} INFO - [2024-10-19T00:30:29.251+0000] {dag.py:4180} INFO - Setting next_dagrun for example_short_circuit_operator to None, run_after=None
[2024-10-19T00:30:29.271+0000] {processor.py:208} INFO - Processing /home/airflow/.local/lib/python3.12/site-packages/airflow/example_dags/example_short_circuit_operator.py took 0.064 seconds
[2024-10-19T00:30:59.658+0000] {processor.py:186} INFO - Started process (PID=3266) to work on /home/airflow/.local/lib/python3.12/site-packages/airflow/example_dags/example_short_circuit_operator.py
[2024-10-19T00:30:59.659+0000] {processor.py:914} INFO - Processing file /home/airflow/.local/lib/python3.12/site-packages/airflow/example_dags/example_short_circuit_operator.py for tasks to queue
[2024-10-19T00:30:59.661+0000] {logging_mixin.py:190} INFO - [2024-10-19T00:30:59.660+0000] {dagbag.py:588} INFO - Filling up the DagBag from /home/airflow/.local/lib/python3.12/site-packages/airflow/example_dags/example_short_circuit_operator.py
[2024-10-19T00:30:59.667+0000] {processor.py:925} INFO - DAG(s) 'example_short_circuit_operator' retrieved from /home/airflow/.local/lib/python3.12/site-packages/airflow/example_dags/example_short_circuit_operator.py
[2024-10-19T00:30:59.685+0000] {logging_mixin.py:190} INFO - [2024-10-19T00:30:59.684+0000] {dag.py:3239} INFO - Sync 1 DAGs
[2024-10-19T00:30:59.695+0000] {logging_mixin.py:190} INFO - [2024-10-19T00:30:59.695+0000] {dag.py:4180} INFO - Setting next_dagrun for example_short_circuit_operator to None, run_after=None
[2024-10-19T00:30:59.713+0000] {processor.py:208} INFO - Processing /home/airflow/.local/lib/python3.12/site-packages/airflow/example_dags/example_short_circuit_operator.py took 0.059 seconds
[2024-10-19T00:31:30.065+0000] {processor.py:186} INFO - Started process (PID=3328) to work on /home/airflow/.local/lib/python3.12/site-packages/airflow/example_dags/example_short_circuit_operator.py
[2024-10-19T00:31:30.066+0000] {processor.py:914} INFO - Processing file /home/airflow/.local/lib/python3.12/site-packages/airflow/example_dags/example_short_circuit_operator.py for tasks to queue
[2024-10-19T00:31:30.068+0000] {logging_mixin.py:190} INFO - [2024-10-19T00:31:30.068+0000] {dagbag.py:588} INFO - Filling up the DagBag from /home/airflow/.local/lib/python3.12/site-packages/airflow/example_dags/example_short_circuit_operator.py
[2024-10-19T00:31:30.075+0000] {processor.py:925} INFO - DAG(s) 'example_short_circuit_operator' retrieved from /home/airflow/.local/lib/python3.12/site-packages/airflow/example_dags/example_short_circuit_operator.py
[2024-10-19T00:31:30.094+0000] {logging_mixin.py:190} INFO - [2024-10-19T00:31:30.094+0000] {dag.py:3239} INFO - Sync 1 DAGs
[2024-10-19T00:31:30.105+0000] {logging_mixin.py:190} INFO - [2024-10-19T00:31:30.105+0000] {dag.py:4180} INFO - Setting next_dagrun for example_short_circuit_operator to None, run_after=None
[2024-10-19T00:31:30.130+0000] {processor.py:208} INFO - Processing /home/airflow/.local/lib/python3.12/site-packages/airflow/example_dags/example_short_circuit_operator.py took 0.069 seconds
[2024-10-19T00:32:00.560+0000] {processor.py:186} INFO - Started process (PID=3390) to work on /home/airflow/.local/lib/python3.12/site-packages/airflow/example_dags/example_short_circuit_operator.py
[2024-10-19T00:32:00.561+0000] {processor.py:914} INFO - Processing file /home/airflow/.local/lib/python3.12/site-packages/airflow/example_dags/example_short_circuit_operator.py for tasks to queue
[2024-10-19T00:32:00.563+0000] {logging_mixin.py:190} INFO - [2024-10-19T00:32:00.563+0000] {dagbag.py:588} INFO - Filling up the DagBag from /home/airflow/.local/lib/python3.12/site-packages/airflow/example_dags/example_short_circuit_operator.py
[2024-10-19T00:32:00.571+0000] {processor.py:925} INFO - DAG(s) 'example_short_circuit_operator' retrieved from /home/airflow/.local/lib/python3.12/site-packages/airflow/example_dags/example_short_circuit_operator.py
[2024-10-19T00:32:00.589+0000] {logging_mixin.py:190} INFO - [2024-10-19T00:32:00.589+0000] {dag.py:3239} INFO - Sync 1 DAGs
[2024-10-19T00:32:00.600+0000] {logging_mixin.py:190} INFO - [2024-10-19T00:32:00.599+0000] {dag.py:4180} INFO - Setting next_dagrun for example_short_circuit_operator to None, run_after=None
[2024-10-19T00:32:00.619+0000] {processor.py:208} INFO - Processing /home/airflow/.local/lib/python3.12/site-packages/airflow/example_dags/example_short_circuit_operator.py took 0.065 seconds
[2024-10-19T00:32:30.986+0000] {processor.py:186} INFO - Started process (PID=3452) to work on /home/airflow/.local/lib/python3.12/site-packages/airflow/example_dags/example_short_circuit_operator.py
[2024-10-19T00:32:30.987+0000] {processor.py:914} INFO - Processing file /home/airflow/.local/lib/python3.12/site-packages/airflow/example_dags/example_short_circuit_operator.py for tasks to queue
[2024-10-19T00:32:30.989+0000] {logging_mixin.py:190} INFO - [2024-10-19T00:32:30.989+0000] {dagbag.py:588} INFO - Filling up the DagBag from /home/airflow/.local/lib/python3.12/site-packages/airflow/example_dags/example_short_circuit_operator.py
[2024-10-19T00:32:30.996+0000] {processor.py:925} INFO - DAG(s) 'example_short_circuit_operator' retrieved from /home/airflow/.local/lib/python3.12/site-packages/airflow/example_dags/example_short_circuit_operator.py
[2024-10-19T00:32:31.014+0000] {logging_mixin.py:190} INFO - [2024-10-19T00:32:31.014+0000] {dag.py:3239} INFO - Sync 1 DAGs
[2024-10-19T00:32:31.024+0000] {logging_mixin.py:190} INFO - [2024-10-19T00:32:31.024+0000] {dag.py:4180} INFO - Setting next_dagrun for example_short_circuit_operator to None, run_after=None
[2024-10-19T00:32:31.044+0000] {processor.py:208} INFO - Processing /home/airflow/.local/lib/python3.12/site-packages/airflow/example_dags/example_short_circuit_operator.py took 0.063 seconds
[2024-10-19T00:33:01.332+0000] {processor.py:186} INFO - Started process (PID=3515) to work on /home/airflow/.local/lib/python3.12/site-packages/airflow/example_dags/example_short_circuit_operator.py
[2024-10-19T00:33:01.333+0000] {processor.py:914} INFO - Processing file /home/airflow/.local/lib/python3.12/site-packages/airflow/example_dags/example_short_circuit_operator.py for tasks to queue
[2024-10-19T00:33:01.335+0000] {logging_mixin.py:190} INFO - [2024-10-19T00:33:01.335+0000] {dagbag.py:588} INFO - Filling up the DagBag from /home/airflow/.local/lib/python3.12/site-packages/airflow/example_dags/example_short_circuit_operator.py
[2024-10-19T00:33:01.342+0000] {processor.py:925} INFO - DAG(s) 'example_short_circuit_operator' retrieved from /home/airflow/.local/lib/python3.12/site-packages/airflow/example_dags/example_short_circuit_operator.py
[2024-10-19T00:33:01.360+0000] {logging_mixin.py:190} INFO - [2024-10-19T00:33:01.360+0000] {dag.py:3239} INFO - Sync 1 DAGs
[2024-10-19T00:33:01.371+0000] {logging_mixin.py:190} INFO - [2024-10-19T00:33:01.371+0000] {dag.py:4180} INFO - Setting next_dagrun for example_short_circuit_operator to None, run_after=None
[2024-10-19T00:33:01.393+0000] {processor.py:208} INFO - Processing /home/airflow/.local/lib/python3.12/site-packages/airflow/example_dags/example_short_circuit_operator.py took 0.071 seconds
[2024-10-19T00:33:31.724+0000] {processor.py:186} INFO - Started process (PID=3577) to work on /home/airflow/.local/lib/python3.12/site-packages/airflow/example_dags/example_short_circuit_operator.py
[2024-10-19T00:33:31.726+0000] {processor.py:914} INFO - Processing file /home/airflow/.local/lib/python3.12/site-packages/airflow/example_dags/example_short_circuit_operator.py for tasks to queue
[2024-10-19T00:33:31.729+0000] {logging_mixin.py:190} INFO - [2024-10-19T00:33:31.728+0000] {dagbag.py:588} INFO - Filling up the DagBag from /home/airflow/.local/lib/python3.12/site-packages/airflow/example_dags/example_short_circuit_operator.py
[2024-10-19T00:33:31.739+0000] {processor.py:925} INFO - DAG(s) 'example_short_circuit_operator' retrieved from /home/airflow/.local/lib/python3.12/site-packages/airflow/example_dags/example_short_circuit_operator.py
[2024-10-19T00:33:31.766+0000] {logging_mixin.py:190} INFO - [2024-10-19T00:33:31.765+0000] {dag.py:3239} INFO - Sync 1 DAGs
[2024-10-19T00:33:31.780+0000] {logging_mixin.py:190} INFO - [2024-10-19T00:33:31.780+0000] {dag.py:4180} INFO - Setting next_dagrun for example_short_circuit_operator to None, run_after=None
[2024-10-19T00:33:31.801+0000] {processor.py:208} INFO - Processing /home/airflow/.local/lib/python3.12/site-packages/airflow/example_dags/example_short_circuit_operator.py took 0.084 seconds
[2024-10-19T00:34:02.237+0000] {processor.py:186} INFO - Started process (PID=3639) to work on /home/airflow/.local/lib/python3.12/site-packages/airflow/example_dags/example_short_circuit_operator.py
[2024-10-19T00:34:02.238+0000] {processor.py:914} INFO - Processing file /home/airflow/.local/lib/python3.12/site-packages/airflow/example_dags/example_short_circuit_operator.py for tasks to queue
[2024-10-19T00:34:02.240+0000] {logging_mixin.py:190} INFO - [2024-10-19T00:34:02.240+0000] {dagbag.py:588} INFO - Filling up the DagBag from /home/airflow/.local/lib/python3.12/site-packages/airflow/example_dags/example_short_circuit_operator.py
[2024-10-19T00:34:02.246+0000] {processor.py:925} INFO - DAG(s) 'example_short_circuit_operator' retrieved from /home/airflow/.local/lib/python3.12/site-packages/airflow/example_dags/example_short_circuit_operator.py
[2024-10-19T00:34:02.266+0000] {logging_mixin.py:190} INFO - [2024-10-19T00:34:02.266+0000] {dag.py:3239} INFO - Sync 1 DAGs
[2024-10-19T00:34:02.278+0000] {logging_mixin.py:190} INFO - [2024-10-19T00:34:02.278+0000] {dag.py:4180} INFO - Setting next_dagrun for example_short_circuit_operator to None, run_after=None
[2024-10-19T00:34:02.298+0000] {processor.py:208} INFO - Processing /home/airflow/.local/lib/python3.12/site-packages/airflow/example_dags/example_short_circuit_operator.py took 0.065 seconds
[2024-10-19T00:34:32.560+0000] {processor.py:186} INFO - Started process (PID=3701) to work on /home/airflow/.local/lib/python3.12/site-packages/airflow/example_dags/example_short_circuit_operator.py
[2024-10-19T00:34:32.562+0000] {processor.py:914} INFO - Processing file /home/airflow/.local/lib/python3.12/site-packages/airflow/example_dags/example_short_circuit_operator.py for tasks to queue
[2024-10-19T00:34:32.565+0000] {logging_mixin.py:190} INFO - [2024-10-19T00:34:32.564+0000] {dagbag.py:588} INFO - Filling up the DagBag from /home/airflow/.local/lib/python3.12/site-packages/airflow/example_dags/example_short_circuit_operator.py
[2024-10-19T00:34:32.571+0000] {processor.py:925} INFO - DAG(s) 'example_short_circuit_operator' retrieved from /home/airflow/.local/lib/python3.12/site-packages/airflow/example_dags/example_short_circuit_operator.py
[2024-10-19T00:34:32.590+0000] {logging_mixin.py:190} INFO - [2024-10-19T00:34:32.590+0000] {dag.py:3239} INFO - Sync 1 DAGs
[2024-10-19T00:34:32.601+0000] {logging_mixin.py:190} INFO - [2024-10-19T00:34:32.601+0000] {dag.py:4180} INFO - Setting next_dagrun for example_short_circuit_operator to None, run_after=None
[2024-10-19T00:34:32.623+0000] {processor.py:208} INFO - Processing /home/airflow/.local/lib/python3.12/site-packages/airflow/example_dags/example_short_circuit_operator.py took 0.073 seconds
[2024-10-19T00:35:02.986+0000] {processor.py:186} INFO - Started process (PID=3762) to work on /home/airflow/.local/lib/python3.12/site-packages/airflow/example_dags/example_short_circuit_operator.py
[2024-10-19T00:35:02.987+0000] {processor.py:914} INFO - Processing file /home/airflow/.local/lib/python3.12/site-packages/airflow/example_dags/example_short_circuit_operator.py for tasks to queue
[2024-10-19T00:35:02.989+0000] {logging_mixin.py:190} INFO - [2024-10-19T00:35:02.989+0000] {dagbag.py:588} INFO - Filling up the DagBag from /home/airflow/.local/lib/python3.12/site-packages/airflow/example_dags/example_short_circuit_operator.py
[2024-10-19T00:35:02.996+0000] {processor.py:925} INFO - DAG(s) 'example_short_circuit_operator' retrieved from /home/airflow/.local/lib/python3.12/site-packages/airflow/example_dags/example_short_circuit_operator.py
[2024-10-19T00:35:03.013+0000] {logging_mixin.py:190} INFO - [2024-10-19T00:35:03.013+0000] {dag.py:3239} INFO - Sync 1 DAGs
[2024-10-19T00:35:03.023+0000] {logging_mixin.py:190} INFO - [2024-10-19T00:35:03.023+0000] {dag.py:4180} INFO - Setting next_dagrun for example_short_circuit_operator to None, run_after=None
[2024-10-19T00:35:03.040+0000] {processor.py:208} INFO - Processing /home/airflow/.local/lib/python3.12/site-packages/airflow/example_dags/example_short_circuit_operator.py took 0.058 seconds
[2024-10-19T00:35:33.461+0000] {processor.py:186} INFO - Started process (PID=3824) to work on /home/airflow/.local/lib/python3.12/site-packages/airflow/example_dags/example_short_circuit_operator.py
[2024-10-19T00:35:33.462+0000] {processor.py:914} INFO - Processing file /home/airflow/.local/lib/python3.12/site-packages/airflow/example_dags/example_short_circuit_operator.py for tasks to queue
[2024-10-19T00:35:33.464+0000] {logging_mixin.py:190} INFO - [2024-10-19T00:35:33.463+0000] {dagbag.py:588} INFO - Filling up the DagBag from /home/airflow/.local/lib/python3.12/site-packages/airflow/example_dags/example_short_circuit_operator.py
[2024-10-19T00:35:33.470+0000] {processor.py:925} INFO - DAG(s) 'example_short_circuit_operator' retrieved from /home/airflow/.local/lib/python3.12/site-packages/airflow/example_dags/example_short_circuit_operator.py
[2024-10-19T00:35:33.487+0000] {logging_mixin.py:190} INFO - [2024-10-19T00:35:33.487+0000] {dag.py:3239} INFO - Sync 1 DAGs
[2024-10-19T00:35:33.498+0000] {logging_mixin.py:190} INFO - [2024-10-19T00:35:33.497+0000] {dag.py:4180} INFO - Setting next_dagrun for example_short_circuit_operator to None, run_after=None
[2024-10-19T00:35:33.518+0000] {processor.py:208} INFO - Processing /home/airflow/.local/lib/python3.12/site-packages/airflow/example_dags/example_short_circuit_operator.py took 0.061 seconds
[2024-10-19T00:36:04.028+0000] {processor.py:186} INFO - Started process (PID=3886) to work on /home/airflow/.local/lib/python3.12/site-packages/airflow/example_dags/example_short_circuit_operator.py
[2024-10-19T00:36:04.029+0000] {processor.py:914} INFO - Processing file /home/airflow/.local/lib/python3.12/site-packages/airflow/example_dags/example_short_circuit_operator.py for tasks to queue
[2024-10-19T00:36:04.031+0000] {logging_mixin.py:190} INFO - [2024-10-19T00:36:04.030+0000] {dagbag.py:588} INFO - Filling up the DagBag from /home/airflow/.local/lib/python3.12/site-packages/airflow/example_dags/example_short_circuit_operator.py
[2024-10-19T00:36:04.038+0000] {processor.py:925} INFO - DAG(s) 'example_short_circuit_operator' retrieved from /home/airflow/.local/lib/python3.12/site-packages/airflow/example_dags/example_short_circuit_operator.py
[2024-10-19T00:36:04.057+0000] {logging_mixin.py:190} INFO - [2024-10-19T00:36:04.057+0000] {dag.py:3239} INFO - Sync 1 DAGs
[2024-10-19T00:36:04.068+0000] {logging_mixin.py:190} INFO - [2024-10-19T00:36:04.068+0000] {dag.py:4180} INFO - Setting next_dagrun for example_short_circuit_operator to None, run_after=None
[2024-10-19T00:36:04.091+0000] {processor.py:208} INFO - Processing /home/airflow/.local/lib/python3.12/site-packages/airflow/example_dags/example_short_circuit_operator.py took 0.068 seconds
