[2024-10-19T00:04:53.446+0000] {processor.py:186} INFO - Started process (PID=86) to work on /home/airflow/.local/lib/python3.12/site-packages/airflow/example_dags/example_branch_operator.py
[2024-10-19T00:04:53.448+0000] {processor.py:914} INFO - Processing file /home/airflow/.local/lib/python3.12/site-packages/airflow/example_dags/example_branch_operator.py for tasks to queue
[2024-10-19T00:04:53.452+0000] {logging_mixin.py:190} INFO - [2024-10-19T00:04:53.451+0000] {dagbag.py:588} INFO - Filling up the DagBag from /home/airflow/.local/lib/python3.12/site-packages/airflow/example_dags/example_branch_operator.py
[2024-10-19T00:04:53.481+0000] {processor.py:925} INFO - DAG(s) 'example_branch_operator' retrieved from /home/airflow/.local/lib/python3.12/site-packages/airflow/example_dags/example_branch_operator.py
[2024-10-19T00:04:53.653+0000] {logging_mixin.py:190} INFO - [2024-10-19T00:04:53.652+0000] {override.py:1900} INFO - Created Permission View: can delete on DAG:example_branch_operator
[2024-10-19T00:04:53.667+0000] {logging_mixin.py:190} INFO - [2024-10-19T00:04:53.667+0000] {override.py:1900} INFO - Created Permission View: can read on DAG:example_branch_operator
[2024-10-19T00:04:53.677+0000] {logging_mixin.py:190} INFO - [2024-10-19T00:04:53.677+0000] {override.py:1900} INFO - Created Permission View: can edit on DAG:example_branch_operator
[2024-10-19T00:04:53.690+0000] {logging_mixin.py:190} INFO - [2024-10-19T00:04:53.689+0000] {override.py:1900} INFO - Created Permission View: can delete on DAG Run:example_branch_operator
[2024-10-19T00:04:53.700+0000] {logging_mixin.py:190} INFO - [2024-10-19T00:04:53.700+0000] {override.py:1900} INFO - Created Permission View: can read on DAG Run:example_branch_operator
[2024-10-19T00:04:53.711+0000] {logging_mixin.py:190} INFO - [2024-10-19T00:04:53.711+0000] {override.py:1900} INFO - Created Permission View: menu access on DAG Run:example_branch_operator
[2024-10-19T00:04:53.721+0000] {logging_mixin.py:190} INFO - [2024-10-19T00:04:53.720+0000] {override.py:1900} INFO - Created Permission View: can create on DAG Run:example_branch_operator
[2024-10-19T00:04:53.722+0000] {logging_mixin.py:190} INFO - [2024-10-19T00:04:53.721+0000] {dag.py:3239} INFO - Sync 1 DAGs
[2024-10-19T00:04:53.740+0000] {logging_mixin.py:190} INFO - [2024-10-19T00:04:53.739+0000] {dag.py:3262} INFO - Creating ORM DAG for example_branch_operator
[2024-10-19T00:04:53.754+0000] {logging_mixin.py:190} INFO - [2024-10-19T00:04:53.754+0000] {dag.py:4180} INFO - Setting next_dagrun for example_branch_operator to 2024-10-18 00:00:00+00:00, run_after=2024-10-19 00:00:00+00:00
[2024-10-19T00:04:53.781+0000] {processor.py:208} INFO - Processing /home/airflow/.local/lib/python3.12/site-packages/airflow/example_dags/example_branch_operator.py took 0.344 seconds
[2024-10-19T00:05:24.217+0000] {processor.py:186} INFO - Started process (PID=148) to work on /home/airflow/.local/lib/python3.12/site-packages/airflow/example_dags/example_branch_operator.py
[2024-10-19T00:05:24.218+0000] {processor.py:914} INFO - Processing file /home/airflow/.local/lib/python3.12/site-packages/airflow/example_dags/example_branch_operator.py for tasks to queue
[2024-10-19T00:05:24.220+0000] {logging_mixin.py:190} INFO - [2024-10-19T00:05:24.220+0000] {dagbag.py:588} INFO - Filling up the DagBag from /home/airflow/.local/lib/python3.12/site-packages/airflow/example_dags/example_branch_operator.py
[2024-10-19T00:05:24.233+0000] {processor.py:925} INFO - DAG(s) 'example_branch_operator' retrieved from /home/airflow/.local/lib/python3.12/site-packages/airflow/example_dags/example_branch_operator.py
[2024-10-19T00:05:24.257+0000] {logging_mixin.py:190} INFO - [2024-10-19T00:05:24.257+0000] {dag.py:3239} INFO - Sync 1 DAGs
[2024-10-19T00:05:24.278+0000] {logging_mixin.py:190} INFO - [2024-10-19T00:05:24.278+0000] {dag.py:4180} INFO - Setting next_dagrun for example_branch_operator to 2024-10-18 00:00:00+00:00, run_after=2024-10-19 00:00:00+00:00
[2024-10-19T00:05:24.297+0000] {processor.py:208} INFO - Processing /home/airflow/.local/lib/python3.12/site-packages/airflow/example_dags/example_branch_operator.py took 0.084 seconds
[2024-10-19T00:05:55.767+0000] {processor.py:186} INFO - Started process (PID=210) to work on /home/airflow/.local/lib/python3.12/site-packages/airflow/example_dags/example_branch_operator.py
[2024-10-19T00:05:55.768+0000] {processor.py:914} INFO - Processing file /home/airflow/.local/lib/python3.12/site-packages/airflow/example_dags/example_branch_operator.py for tasks to queue
[2024-10-19T00:05:55.770+0000] {logging_mixin.py:190} INFO - [2024-10-19T00:05:55.770+0000] {dagbag.py:588} INFO - Filling up the DagBag from /home/airflow/.local/lib/python3.12/site-packages/airflow/example_dags/example_branch_operator.py
[2024-10-19T00:05:55.786+0000] {processor.py:925} INFO - DAG(s) 'example_branch_operator' retrieved from /home/airflow/.local/lib/python3.12/site-packages/airflow/example_dags/example_branch_operator.py
[2024-10-19T00:05:55.810+0000] {logging_mixin.py:190} INFO - [2024-10-19T00:05:55.809+0000] {dag.py:3239} INFO - Sync 1 DAGs
[2024-10-19T00:05:55.831+0000] {logging_mixin.py:190} INFO - [2024-10-19T00:05:55.831+0000] {dag.py:4180} INFO - Setting next_dagrun for example_branch_operator to 2024-10-18 00:00:00+00:00, run_after=2024-10-19 00:00:00+00:00
[2024-10-19T00:05:55.854+0000] {processor.py:208} INFO - Processing /home/airflow/.local/lib/python3.12/site-packages/airflow/example_dags/example_branch_operator.py took 0.092 seconds
[2024-10-19T00:06:26.824+0000] {processor.py:186} INFO - Started process (PID=271) to work on /home/airflow/.local/lib/python3.12/site-packages/airflow/example_dags/example_branch_operator.py
[2024-10-19T00:06:26.826+0000] {processor.py:914} INFO - Processing file /home/airflow/.local/lib/python3.12/site-packages/airflow/example_dags/example_branch_operator.py for tasks to queue
[2024-10-19T00:06:26.829+0000] {logging_mixin.py:190} INFO - [2024-10-19T00:06:26.829+0000] {dagbag.py:588} INFO - Filling up the DagBag from /home/airflow/.local/lib/python3.12/site-packages/airflow/example_dags/example_branch_operator.py
[2024-10-19T00:06:26.848+0000] {processor.py:925} INFO - DAG(s) 'example_branch_operator' retrieved from /home/airflow/.local/lib/python3.12/site-packages/airflow/example_dags/example_branch_operator.py
[2024-10-19T00:06:26.880+0000] {logging_mixin.py:190} INFO - [2024-10-19T00:06:26.880+0000] {dag.py:3239} INFO - Sync 1 DAGs
[2024-10-19T00:06:26.906+0000] {logging_mixin.py:190} INFO - [2024-10-19T00:06:26.906+0000] {dag.py:4180} INFO - Setting next_dagrun for example_branch_operator to 2024-10-18 00:00:00+00:00, run_after=2024-10-19 00:00:00+00:00
[2024-10-19T00:06:26.928+0000] {processor.py:208} INFO - Processing /home/airflow/.local/lib/python3.12/site-packages/airflow/example_dags/example_branch_operator.py took 0.110 seconds
[2024-10-19T00:06:57.167+0000] {processor.py:186} INFO - Started process (PID=333) to work on /home/airflow/.local/lib/python3.12/site-packages/airflow/example_dags/example_branch_operator.py
[2024-10-19T00:06:57.168+0000] {processor.py:914} INFO - Processing file /home/airflow/.local/lib/python3.12/site-packages/airflow/example_dags/example_branch_operator.py for tasks to queue
[2024-10-19T00:06:57.170+0000] {logging_mixin.py:190} INFO - [2024-10-19T00:06:57.170+0000] {dagbag.py:588} INFO - Filling up the DagBag from /home/airflow/.local/lib/python3.12/site-packages/airflow/example_dags/example_branch_operator.py
[2024-10-19T00:06:57.189+0000] {processor.py:925} INFO - DAG(s) 'example_branch_operator' retrieved from /home/airflow/.local/lib/python3.12/site-packages/airflow/example_dags/example_branch_operator.py
[2024-10-19T00:06:57.231+0000] {logging_mixin.py:190} INFO - [2024-10-19T00:06:57.231+0000] {dag.py:3239} INFO - Sync 1 DAGs
[2024-10-19T00:06:57.257+0000] {logging_mixin.py:190} INFO - [2024-10-19T00:06:57.257+0000] {dag.py:4180} INFO - Setting next_dagrun for example_branch_operator to 2024-10-18 00:00:00+00:00, run_after=2024-10-19 00:00:00+00:00
[2024-10-19T00:06:57.280+0000] {processor.py:208} INFO - Processing /home/airflow/.local/lib/python3.12/site-packages/airflow/example_dags/example_branch_operator.py took 0.119 seconds
[2024-10-19T00:07:27.710+0000] {processor.py:186} INFO - Started process (PID=395) to work on /home/airflow/.local/lib/python3.12/site-packages/airflow/example_dags/example_branch_operator.py
[2024-10-19T00:07:27.711+0000] {processor.py:914} INFO - Processing file /home/airflow/.local/lib/python3.12/site-packages/airflow/example_dags/example_branch_operator.py for tasks to queue
[2024-10-19T00:07:27.714+0000] {logging_mixin.py:190} INFO - [2024-10-19T00:07:27.713+0000] {dagbag.py:588} INFO - Filling up the DagBag from /home/airflow/.local/lib/python3.12/site-packages/airflow/example_dags/example_branch_operator.py
[2024-10-19T00:07:27.732+0000] {processor.py:925} INFO - DAG(s) 'example_branch_operator' retrieved from /home/airflow/.local/lib/python3.12/site-packages/airflow/example_dags/example_branch_operator.py
[2024-10-19T00:07:27.764+0000] {logging_mixin.py:190} INFO - [2024-10-19T00:07:27.764+0000] {dag.py:3239} INFO - Sync 1 DAGs
[2024-10-19T00:07:27.788+0000] {logging_mixin.py:190} INFO - [2024-10-19T00:07:27.788+0000] {dag.py:4180} INFO - Setting next_dagrun for example_branch_operator to 2024-10-18 00:00:00+00:00, run_after=2024-10-19 00:00:00+00:00
[2024-10-19T00:07:27.810+0000] {processor.py:208} INFO - Processing /home/airflow/.local/lib/python3.12/site-packages/airflow/example_dags/example_branch_operator.py took 0.106 seconds
[2024-10-19T00:07:58.369+0000] {processor.py:186} INFO - Started process (PID=458) to work on /home/airflow/.local/lib/python3.12/site-packages/airflow/example_dags/example_branch_operator.py
[2024-10-19T00:07:58.371+0000] {processor.py:914} INFO - Processing file /home/airflow/.local/lib/python3.12/site-packages/airflow/example_dags/example_branch_operator.py for tasks to queue
[2024-10-19T00:07:58.374+0000] {logging_mixin.py:190} INFO - [2024-10-19T00:07:58.374+0000] {dagbag.py:588} INFO - Filling up the DagBag from /home/airflow/.local/lib/python3.12/site-packages/airflow/example_dags/example_branch_operator.py
[2024-10-19T00:07:58.399+0000] {processor.py:925} INFO - DAG(s) 'example_branch_operator' retrieved from /home/airflow/.local/lib/python3.12/site-packages/airflow/example_dags/example_branch_operator.py
[2024-10-19T00:07:58.432+0000] {logging_mixin.py:190} INFO - [2024-10-19T00:07:58.432+0000] {dag.py:3239} INFO - Sync 1 DAGs
[2024-10-19T00:07:58.458+0000] {logging_mixin.py:190} INFO - [2024-10-19T00:07:58.458+0000] {dag.py:4180} INFO - Setting next_dagrun for example_branch_operator to 2024-10-18 00:00:00+00:00, run_after=2024-10-19 00:00:00+00:00
[2024-10-19T00:07:58.478+0000] {processor.py:208} INFO - Processing /home/airflow/.local/lib/python3.12/site-packages/airflow/example_dags/example_branch_operator.py took 0.118 seconds
[2024-10-19T00:08:28.961+0000] {processor.py:186} INFO - Started process (PID=521) to work on /home/airflow/.local/lib/python3.12/site-packages/airflow/example_dags/example_branch_operator.py
[2024-10-19T00:08:28.963+0000] {processor.py:914} INFO - Processing file /home/airflow/.local/lib/python3.12/site-packages/airflow/example_dags/example_branch_operator.py for tasks to queue
[2024-10-19T00:08:28.965+0000] {logging_mixin.py:190} INFO - [2024-10-19T00:08:28.965+0000] {dagbag.py:588} INFO - Filling up the DagBag from /home/airflow/.local/lib/python3.12/site-packages/airflow/example_dags/example_branch_operator.py
[2024-10-19T00:08:28.980+0000] {processor.py:925} INFO - DAG(s) 'example_branch_operator' retrieved from /home/airflow/.local/lib/python3.12/site-packages/airflow/example_dags/example_branch_operator.py
[2024-10-19T00:08:29.008+0000] {logging_mixin.py:190} INFO - [2024-10-19T00:08:29.007+0000] {dag.py:3239} INFO - Sync 1 DAGs
[2024-10-19T00:08:29.032+0000] {logging_mixin.py:190} INFO - [2024-10-19T00:08:29.032+0000] {dag.py:4180} INFO - Setting next_dagrun for example_branch_operator to 2024-10-18 00:00:00+00:00, run_after=2024-10-19 00:00:00+00:00
[2024-10-19T00:08:29.055+0000] {processor.py:208} INFO - Processing /home/airflow/.local/lib/python3.12/site-packages/airflow/example_dags/example_branch_operator.py took 0.099 seconds
[2024-10-19T00:08:59.103+0000] {processor.py:186} INFO - Started process (PID=584) to work on /home/airflow/.local/lib/python3.12/site-packages/airflow/example_dags/example_branch_operator.py
[2024-10-19T00:08:59.104+0000] {processor.py:914} INFO - Processing file /home/airflow/.local/lib/python3.12/site-packages/airflow/example_dags/example_branch_operator.py for tasks to queue
[2024-10-19T00:08:59.107+0000] {logging_mixin.py:190} INFO - [2024-10-19T00:08:59.106+0000] {dagbag.py:588} INFO - Filling up the DagBag from /home/airflow/.local/lib/python3.12/site-packages/airflow/example_dags/example_branch_operator.py
[2024-10-19T00:08:59.121+0000] {processor.py:925} INFO - DAG(s) 'example_branch_operator' retrieved from /home/airflow/.local/lib/python3.12/site-packages/airflow/example_dags/example_branch_operator.py
[2024-10-19T00:08:59.143+0000] {logging_mixin.py:190} INFO - [2024-10-19T00:08:59.143+0000] {dag.py:3239} INFO - Sync 1 DAGs
[2024-10-19T00:08:59.161+0000] {logging_mixin.py:190} INFO - [2024-10-19T00:08:59.161+0000] {dag.py:4180} INFO - Setting next_dagrun for example_branch_operator to 2024-10-18 00:00:00+00:00, run_after=2024-10-19 00:00:00+00:00
[2024-10-19T00:08:59.179+0000] {processor.py:208} INFO - Processing /home/airflow/.local/lib/python3.12/site-packages/airflow/example_dags/example_branch_operator.py took 0.085 seconds
[2024-10-19T00:09:29.279+0000] {processor.py:186} INFO - Started process (PID=647) to work on /home/airflow/.local/lib/python3.12/site-packages/airflow/example_dags/example_branch_operator.py
[2024-10-19T00:09:29.280+0000] {processor.py:914} INFO - Processing file /home/airflow/.local/lib/python3.12/site-packages/airflow/example_dags/example_branch_operator.py for tasks to queue
[2024-10-19T00:09:29.283+0000] {logging_mixin.py:190} INFO - [2024-10-19T00:09:29.282+0000] {dagbag.py:588} INFO - Filling up the DagBag from /home/airflow/.local/lib/python3.12/site-packages/airflow/example_dags/example_branch_operator.py
[2024-10-19T00:09:29.307+0000] {processor.py:925} INFO - DAG(s) 'example_branch_operator' retrieved from /home/airflow/.local/lib/python3.12/site-packages/airflow/example_dags/example_branch_operator.py
[2024-10-19T00:09:29.347+0000] {logging_mixin.py:190} INFO - [2024-10-19T00:09:29.347+0000] {dag.py:3239} INFO - Sync 1 DAGs
[2024-10-19T00:09:29.381+0000] {logging_mixin.py:190} INFO - [2024-10-19T00:09:29.381+0000] {dag.py:4180} INFO - Setting next_dagrun for example_branch_operator to 2024-10-18 00:00:00+00:00, run_after=2024-10-19 00:00:00+00:00
[2024-10-19T00:09:29.402+0000] {processor.py:208} INFO - Processing /home/airflow/.local/lib/python3.12/site-packages/airflow/example_dags/example_branch_operator.py took 0.129 seconds
[2024-10-19T00:09:59.905+0000] {processor.py:186} INFO - Started process (PID=709) to work on /home/airflow/.local/lib/python3.12/site-packages/airflow/example_dags/example_branch_operator.py
[2024-10-19T00:09:59.906+0000] {processor.py:914} INFO - Processing file /home/airflow/.local/lib/python3.12/site-packages/airflow/example_dags/example_branch_operator.py for tasks to queue
[2024-10-19T00:09:59.909+0000] {logging_mixin.py:190} INFO - [2024-10-19T00:09:59.908+0000] {dagbag.py:588} INFO - Filling up the DagBag from /home/airflow/.local/lib/python3.12/site-packages/airflow/example_dags/example_branch_operator.py
[2024-10-19T00:09:59.928+0000] {processor.py:925} INFO - DAG(s) 'example_branch_operator' retrieved from /home/airflow/.local/lib/python3.12/site-packages/airflow/example_dags/example_branch_operator.py
[2024-10-19T00:09:59.959+0000] {logging_mixin.py:190} INFO - [2024-10-19T00:09:59.959+0000] {dag.py:3239} INFO - Sync 1 DAGs
[2024-10-19T00:09:59.986+0000] {logging_mixin.py:190} INFO - [2024-10-19T00:09:59.986+0000] {dag.py:4180} INFO - Setting next_dagrun for example_branch_operator to 2024-10-18 00:00:00+00:00, run_after=2024-10-19 00:00:00+00:00
[2024-10-19T00:10:00.010+0000] {processor.py:208} INFO - Processing /home/airflow/.local/lib/python3.12/site-packages/airflow/example_dags/example_branch_operator.py took 0.112 seconds
[2024-10-19T00:10:30.274+0000] {processor.py:186} INFO - Started process (PID=771) to work on /home/airflow/.local/lib/python3.12/site-packages/airflow/example_dags/example_branch_operator.py
[2024-10-19T00:10:30.275+0000] {processor.py:914} INFO - Processing file /home/airflow/.local/lib/python3.12/site-packages/airflow/example_dags/example_branch_operator.py for tasks to queue
[2024-10-19T00:10:30.277+0000] {logging_mixin.py:190} INFO - [2024-10-19T00:10:30.277+0000] {dagbag.py:588} INFO - Filling up the DagBag from /home/airflow/.local/lib/python3.12/site-packages/airflow/example_dags/example_branch_operator.py
[2024-10-19T00:10:30.294+0000] {processor.py:925} INFO - DAG(s) 'example_branch_operator' retrieved from /home/airflow/.local/lib/python3.12/site-packages/airflow/example_dags/example_branch_operator.py
[2024-10-19T00:10:30.323+0000] {logging_mixin.py:190} INFO - [2024-10-19T00:10:30.323+0000] {dag.py:3239} INFO - Sync 1 DAGs
[2024-10-19T00:10:30.345+0000] {logging_mixin.py:190} INFO - [2024-10-19T00:10:30.344+0000] {dag.py:4180} INFO - Setting next_dagrun for example_branch_operator to 2024-10-18 00:00:00+00:00, run_after=2024-10-19 00:00:00+00:00
[2024-10-19T00:10:30.365+0000] {processor.py:208} INFO - Processing /home/airflow/.local/lib/python3.12/site-packages/airflow/example_dags/example_branch_operator.py took 0.097 seconds
[2024-10-19T00:11:01.485+0000] {processor.py:186} INFO - Started process (PID=833) to work on /home/airflow/.local/lib/python3.12/site-packages/airflow/example_dags/example_branch_operator.py
[2024-10-19T00:11:01.486+0000] {processor.py:914} INFO - Processing file /home/airflow/.local/lib/python3.12/site-packages/airflow/example_dags/example_branch_operator.py for tasks to queue
[2024-10-19T00:11:01.490+0000] {logging_mixin.py:190} INFO - [2024-10-19T00:11:01.489+0000] {dagbag.py:588} INFO - Filling up the DagBag from /home/airflow/.local/lib/python3.12/site-packages/airflow/example_dags/example_branch_operator.py
[2024-10-19T00:11:01.509+0000] {processor.py:925} INFO - DAG(s) 'example_branch_operator' retrieved from /home/airflow/.local/lib/python3.12/site-packages/airflow/example_dags/example_branch_operator.py
[2024-10-19T00:11:01.536+0000] {logging_mixin.py:190} INFO - [2024-10-19T00:11:01.535+0000] {dag.py:3239} INFO - Sync 1 DAGs
[2024-10-19T00:11:01.558+0000] {logging_mixin.py:190} INFO - [2024-10-19T00:11:01.558+0000] {dag.py:4180} INFO - Setting next_dagrun for example_branch_operator to 2024-10-18 00:00:00+00:00, run_after=2024-10-19 00:00:00+00:00
[2024-10-19T00:11:01.580+0000] {processor.py:208} INFO - Processing /home/airflow/.local/lib/python3.12/site-packages/airflow/example_dags/example_branch_operator.py took 0.102 seconds
[2024-10-19T00:11:31.713+0000] {processor.py:186} INFO - Started process (PID=895) to work on /home/airflow/.local/lib/python3.12/site-packages/airflow/example_dags/example_branch_operator.py
[2024-10-19T00:11:31.715+0000] {processor.py:914} INFO - Processing file /home/airflow/.local/lib/python3.12/site-packages/airflow/example_dags/example_branch_operator.py for tasks to queue
[2024-10-19T00:11:31.717+0000] {logging_mixin.py:190} INFO - [2024-10-19T00:11:31.716+0000] {dagbag.py:588} INFO - Filling up the DagBag from /home/airflow/.local/lib/python3.12/site-packages/airflow/example_dags/example_branch_operator.py
[2024-10-19T00:11:31.732+0000] {processor.py:925} INFO - DAG(s) 'example_branch_operator' retrieved from /home/airflow/.local/lib/python3.12/site-packages/airflow/example_dags/example_branch_operator.py
[2024-10-19T00:11:31.754+0000] {logging_mixin.py:190} INFO - [2024-10-19T00:11:31.754+0000] {dag.py:3239} INFO - Sync 1 DAGs
[2024-10-19T00:11:31.773+0000] {logging_mixin.py:190} INFO - [2024-10-19T00:11:31.773+0000] {dag.py:4180} INFO - Setting next_dagrun for example_branch_operator to 2024-10-18 00:00:00+00:00, run_after=2024-10-19 00:00:00+00:00
[2024-10-19T00:11:31.788+0000] {processor.py:208} INFO - Processing /home/airflow/.local/lib/python3.12/site-packages/airflow/example_dags/example_branch_operator.py took 0.081 seconds
[2024-10-19T00:12:02.403+0000] {processor.py:186} INFO - Started process (PID=958) to work on /home/airflow/.local/lib/python3.12/site-packages/airflow/example_dags/example_branch_operator.py
[2024-10-19T00:12:02.404+0000] {processor.py:914} INFO - Processing file /home/airflow/.local/lib/python3.12/site-packages/airflow/example_dags/example_branch_operator.py for tasks to queue
[2024-10-19T00:12:02.406+0000] {logging_mixin.py:190} INFO - [2024-10-19T00:12:02.406+0000] {dagbag.py:588} INFO - Filling up the DagBag from /home/airflow/.local/lib/python3.12/site-packages/airflow/example_dags/example_branch_operator.py
[2024-10-19T00:12:02.421+0000] {processor.py:925} INFO - DAG(s) 'example_branch_operator' retrieved from /home/airflow/.local/lib/python3.12/site-packages/airflow/example_dags/example_branch_operator.py
[2024-10-19T00:12:02.444+0000] {logging_mixin.py:190} INFO - [2024-10-19T00:12:02.444+0000] {dag.py:3239} INFO - Sync 1 DAGs
[2024-10-19T00:12:02.464+0000] {logging_mixin.py:190} INFO - [2024-10-19T00:12:02.464+0000] {dag.py:4180} INFO - Setting next_dagrun for example_branch_operator to 2024-10-18 00:00:00+00:00, run_after=2024-10-19 00:00:00+00:00
[2024-10-19T00:12:02.484+0000] {processor.py:208} INFO - Processing /home/airflow/.local/lib/python3.12/site-packages/airflow/example_dags/example_branch_operator.py took 0.087 seconds
[2024-10-19T00:12:33.200+0000] {processor.py:186} INFO - Started process (PID=1020) to work on /home/airflow/.local/lib/python3.12/site-packages/airflow/example_dags/example_branch_operator.py
[2024-10-19T00:12:33.201+0000] {processor.py:914} INFO - Processing file /home/airflow/.local/lib/python3.12/site-packages/airflow/example_dags/example_branch_operator.py for tasks to queue
[2024-10-19T00:12:33.203+0000] {logging_mixin.py:190} INFO - [2024-10-19T00:12:33.203+0000] {dagbag.py:588} INFO - Filling up the DagBag from /home/airflow/.local/lib/python3.12/site-packages/airflow/example_dags/example_branch_operator.py
[2024-10-19T00:12:33.222+0000] {processor.py:925} INFO - DAG(s) 'example_branch_operator' retrieved from /home/airflow/.local/lib/python3.12/site-packages/airflow/example_dags/example_branch_operator.py
[2024-10-19T00:12:33.247+0000] {logging_mixin.py:190} INFO - [2024-10-19T00:12:33.247+0000] {dag.py:3239} INFO - Sync 1 DAGs
[2024-10-19T00:12:33.272+0000] {logging_mixin.py:190} INFO - [2024-10-19T00:12:33.272+0000] {dag.py:4180} INFO - Setting next_dagrun for example_branch_operator to 2024-10-18 00:00:00+00:00, run_after=2024-10-19 00:00:00+00:00
[2024-10-19T00:12:33.292+0000] {processor.py:208} INFO - Processing /home/airflow/.local/lib/python3.12/site-packages/airflow/example_dags/example_branch_operator.py took 0.099 seconds
[2024-10-19T00:13:03.560+0000] {processor.py:186} INFO - Started process (PID=1081) to work on /home/airflow/.local/lib/python3.12/site-packages/airflow/example_dags/example_branch_operator.py
[2024-10-19T00:13:03.561+0000] {processor.py:914} INFO - Processing file /home/airflow/.local/lib/python3.12/site-packages/airflow/example_dags/example_branch_operator.py for tasks to queue
[2024-10-19T00:13:03.564+0000] {logging_mixin.py:190} INFO - [2024-10-19T00:13:03.564+0000] {dagbag.py:588} INFO - Filling up the DagBag from /home/airflow/.local/lib/python3.12/site-packages/airflow/example_dags/example_branch_operator.py
[2024-10-19T00:13:03.580+0000] {processor.py:925} INFO - DAG(s) 'example_branch_operator' retrieved from /home/airflow/.local/lib/python3.12/site-packages/airflow/example_dags/example_branch_operator.py
[2024-10-19T00:13:03.605+0000] {logging_mixin.py:190} INFO - [2024-10-19T00:13:03.605+0000] {dag.py:3239} INFO - Sync 1 DAGs
[2024-10-19T00:13:03.626+0000] {logging_mixin.py:190} INFO - [2024-10-19T00:13:03.626+0000] {dag.py:4180} INFO - Setting next_dagrun for example_branch_operator to 2024-10-18 00:00:00+00:00, run_after=2024-10-19 00:00:00+00:00
[2024-10-19T00:13:03.646+0000] {processor.py:208} INFO - Processing /home/airflow/.local/lib/python3.12/site-packages/airflow/example_dags/example_branch_operator.py took 0.092 seconds
[2024-10-19T00:13:33.882+0000] {processor.py:186} INFO - Started process (PID=1143) to work on /home/airflow/.local/lib/python3.12/site-packages/airflow/example_dags/example_branch_operator.py
[2024-10-19T00:13:33.883+0000] {processor.py:914} INFO - Processing file /home/airflow/.local/lib/python3.12/site-packages/airflow/example_dags/example_branch_operator.py for tasks to queue
[2024-10-19T00:13:33.887+0000] {logging_mixin.py:190} INFO - [2024-10-19T00:13:33.886+0000] {dagbag.py:588} INFO - Filling up the DagBag from /home/airflow/.local/lib/python3.12/site-packages/airflow/example_dags/example_branch_operator.py
[2024-10-19T00:13:33.908+0000] {processor.py:925} INFO - DAG(s) 'example_branch_operator' retrieved from /home/airflow/.local/lib/python3.12/site-packages/airflow/example_dags/example_branch_operator.py
[2024-10-19T00:13:33.935+0000] {logging_mixin.py:190} INFO - [2024-10-19T00:13:33.935+0000] {dag.py:3239} INFO - Sync 1 DAGs
[2024-10-19T00:13:33.959+0000] {logging_mixin.py:190} INFO - [2024-10-19T00:13:33.958+0000] {dag.py:4180} INFO - Setting next_dagrun for example_branch_operator to 2024-10-18 00:00:00+00:00, run_after=2024-10-19 00:00:00+00:00
[2024-10-19T00:13:33.980+0000] {processor.py:208} INFO - Processing /home/airflow/.local/lib/python3.12/site-packages/airflow/example_dags/example_branch_operator.py took 0.106 seconds
[2024-10-19T00:14:04.520+0000] {processor.py:186} INFO - Started process (PID=1205) to work on /home/airflow/.local/lib/python3.12/site-packages/airflow/example_dags/example_branch_operator.py
[2024-10-19T00:14:04.521+0000] {processor.py:914} INFO - Processing file /home/airflow/.local/lib/python3.12/site-packages/airflow/example_dags/example_branch_operator.py for tasks to queue
[2024-10-19T00:14:04.524+0000] {logging_mixin.py:190} INFO - [2024-10-19T00:14:04.523+0000] {dagbag.py:588} INFO - Filling up the DagBag from /home/airflow/.local/lib/python3.12/site-packages/airflow/example_dags/example_branch_operator.py
[2024-10-19T00:14:04.540+0000] {processor.py:925} INFO - DAG(s) 'example_branch_operator' retrieved from /home/airflow/.local/lib/python3.12/site-packages/airflow/example_dags/example_branch_operator.py
[2024-10-19T00:14:04.565+0000] {logging_mixin.py:190} INFO - [2024-10-19T00:14:04.565+0000] {dag.py:3239} INFO - Sync 1 DAGs
[2024-10-19T00:14:04.588+0000] {logging_mixin.py:190} INFO - [2024-10-19T00:14:04.588+0000] {dag.py:4180} INFO - Setting next_dagrun for example_branch_operator to 2024-10-18 00:00:00+00:00, run_after=2024-10-19 00:00:00+00:00
[2024-10-19T00:14:04.609+0000] {processor.py:208} INFO - Processing /home/airflow/.local/lib/python3.12/site-packages/airflow/example_dags/example_branch_operator.py took 0.095 seconds
[2024-10-19T00:14:35.157+0000] {processor.py:186} INFO - Started process (PID=1267) to work on /home/airflow/.local/lib/python3.12/site-packages/airflow/example_dags/example_branch_operator.py
[2024-10-19T00:14:35.158+0000] {processor.py:914} INFO - Processing file /home/airflow/.local/lib/python3.12/site-packages/airflow/example_dags/example_branch_operator.py for tasks to queue
[2024-10-19T00:14:35.161+0000] {logging_mixin.py:190} INFO - [2024-10-19T00:14:35.160+0000] {dagbag.py:588} INFO - Filling up the DagBag from /home/airflow/.local/lib/python3.12/site-packages/airflow/example_dags/example_branch_operator.py
[2024-10-19T00:14:35.181+0000] {processor.py:925} INFO - DAG(s) 'example_branch_operator' retrieved from /home/airflow/.local/lib/python3.12/site-packages/airflow/example_dags/example_branch_operator.py
[2024-10-19T00:14:35.216+0000] {logging_mixin.py:190} INFO - [2024-10-19T00:14:35.216+0000] {dag.py:3239} INFO - Sync 1 DAGs
[2024-10-19T00:14:35.249+0000] {logging_mixin.py:190} INFO - [2024-10-19T00:14:35.248+0000] {dag.py:4180} INFO - Setting next_dagrun for example_branch_operator to 2024-10-18 00:00:00+00:00, run_after=2024-10-19 00:00:00+00:00
[2024-10-19T00:14:35.277+0000] {processor.py:208} INFO - Processing /home/airflow/.local/lib/python3.12/site-packages/airflow/example_dags/example_branch_operator.py took 0.126 seconds
[2024-10-19T00:15:05.882+0000] {processor.py:186} INFO - Started process (PID=1329) to work on /home/airflow/.local/lib/python3.12/site-packages/airflow/example_dags/example_branch_operator.py
[2024-10-19T00:15:05.883+0000] {processor.py:914} INFO - Processing file /home/airflow/.local/lib/python3.12/site-packages/airflow/example_dags/example_branch_operator.py for tasks to queue
[2024-10-19T00:15:05.886+0000] {logging_mixin.py:190} INFO - [2024-10-19T00:15:05.886+0000] {dagbag.py:588} INFO - Filling up the DagBag from /home/airflow/.local/lib/python3.12/site-packages/airflow/example_dags/example_branch_operator.py
[2024-10-19T00:15:05.906+0000] {processor.py:925} INFO - DAG(s) 'example_branch_operator' retrieved from /home/airflow/.local/lib/python3.12/site-packages/airflow/example_dags/example_branch_operator.py
[2024-10-19T00:15:05.933+0000] {logging_mixin.py:190} INFO - [2024-10-19T00:15:05.933+0000] {dag.py:3239} INFO - Sync 1 DAGs
[2024-10-19T00:15:05.955+0000] {logging_mixin.py:190} INFO - [2024-10-19T00:15:05.955+0000] {dag.py:4180} INFO - Setting next_dagrun for example_branch_operator to 2024-10-18 00:00:00+00:00, run_after=2024-10-19 00:00:00+00:00
[2024-10-19T00:15:05.974+0000] {processor.py:208} INFO - Processing /home/airflow/.local/lib/python3.12/site-packages/airflow/example_dags/example_branch_operator.py took 0.100 seconds
[2024-10-19T00:15:36.641+0000] {processor.py:186} INFO - Started process (PID=1391) to work on /home/airflow/.local/lib/python3.12/site-packages/airflow/example_dags/example_branch_operator.py
[2024-10-19T00:15:36.642+0000] {processor.py:914} INFO - Processing file /home/airflow/.local/lib/python3.12/site-packages/airflow/example_dags/example_branch_operator.py for tasks to queue
[2024-10-19T00:15:36.644+0000] {logging_mixin.py:190} INFO - [2024-10-19T00:15:36.644+0000] {dagbag.py:588} INFO - Filling up the DagBag from /home/airflow/.local/lib/python3.12/site-packages/airflow/example_dags/example_branch_operator.py
[2024-10-19T00:15:36.676+0000] {processor.py:925} INFO - DAG(s) 'example_branch_operator' retrieved from /home/airflow/.local/lib/python3.12/site-packages/airflow/example_dags/example_branch_operator.py
[2024-10-19T00:15:36.714+0000] {logging_mixin.py:190} INFO - [2024-10-19T00:15:36.714+0000] {dag.py:3239} INFO - Sync 1 DAGs
[2024-10-19T00:15:36.750+0000] {logging_mixin.py:190} INFO - [2024-10-19T00:15:36.750+0000] {dag.py:4180} INFO - Setting next_dagrun for example_branch_operator to 2024-10-18 00:00:00+00:00, run_after=2024-10-19 00:00:00+00:00
[2024-10-19T00:15:36.772+0000] {processor.py:208} INFO - Processing /home/airflow/.local/lib/python3.12/site-packages/airflow/example_dags/example_branch_operator.py took 0.137 seconds
[2024-10-19T00:16:07.404+0000] {processor.py:186} INFO - Started process (PID=1452) to work on /home/airflow/.local/lib/python3.12/site-packages/airflow/example_dags/example_branch_operator.py
[2024-10-19T00:16:07.405+0000] {processor.py:914} INFO - Processing file /home/airflow/.local/lib/python3.12/site-packages/airflow/example_dags/example_branch_operator.py for tasks to queue
[2024-10-19T00:16:07.407+0000] {logging_mixin.py:190} INFO - [2024-10-19T00:16:07.407+0000] {dagbag.py:588} INFO - Filling up the DagBag from /home/airflow/.local/lib/python3.12/site-packages/airflow/example_dags/example_branch_operator.py
[2024-10-19T00:16:07.423+0000] {processor.py:925} INFO - DAG(s) 'example_branch_operator' retrieved from /home/airflow/.local/lib/python3.12/site-packages/airflow/example_dags/example_branch_operator.py
[2024-10-19T00:16:07.458+0000] {logging_mixin.py:190} INFO - [2024-10-19T00:16:07.458+0000] {dag.py:3239} INFO - Sync 1 DAGs
[2024-10-19T00:16:07.484+0000] {logging_mixin.py:190} INFO - [2024-10-19T00:16:07.483+0000] {dag.py:4180} INFO - Setting next_dagrun for example_branch_operator to 2024-10-18 00:00:00+00:00, run_after=2024-10-19 00:00:00+00:00
[2024-10-19T00:16:07.506+0000] {processor.py:208} INFO - Processing /home/airflow/.local/lib/python3.12/site-packages/airflow/example_dags/example_branch_operator.py took 0.107 seconds
[2024-10-19T00:16:38.280+0000] {processor.py:186} INFO - Started process (PID=1514) to work on /home/airflow/.local/lib/python3.12/site-packages/airflow/example_dags/example_branch_operator.py
[2024-10-19T00:16:38.281+0000] {processor.py:914} INFO - Processing file /home/airflow/.local/lib/python3.12/site-packages/airflow/example_dags/example_branch_operator.py for tasks to queue
[2024-10-19T00:16:38.283+0000] {logging_mixin.py:190} INFO - [2024-10-19T00:16:38.283+0000] {dagbag.py:588} INFO - Filling up the DagBag from /home/airflow/.local/lib/python3.12/site-packages/airflow/example_dags/example_branch_operator.py
[2024-10-19T00:16:38.300+0000] {processor.py:925} INFO - DAG(s) 'example_branch_operator' retrieved from /home/airflow/.local/lib/python3.12/site-packages/airflow/example_dags/example_branch_operator.py
[2024-10-19T00:16:38.325+0000] {logging_mixin.py:190} INFO - [2024-10-19T00:16:38.325+0000] {dag.py:3239} INFO - Sync 1 DAGs
[2024-10-19T00:16:38.346+0000] {logging_mixin.py:190} INFO - [2024-10-19T00:16:38.345+0000] {dag.py:4180} INFO - Setting next_dagrun for example_branch_operator to 2024-10-18 00:00:00+00:00, run_after=2024-10-19 00:00:00+00:00
[2024-10-19T00:16:38.363+0000] {processor.py:208} INFO - Processing /home/airflow/.local/lib/python3.12/site-packages/airflow/example_dags/example_branch_operator.py took 0.090 seconds
[2024-10-19T00:17:09.463+0000] {processor.py:186} INFO - Started process (PID=1576) to work on /home/airflow/.local/lib/python3.12/site-packages/airflow/example_dags/example_branch_operator.py
[2024-10-19T00:17:09.464+0000] {processor.py:914} INFO - Processing file /home/airflow/.local/lib/python3.12/site-packages/airflow/example_dags/example_branch_operator.py for tasks to queue
[2024-10-19T00:17:09.467+0000] {logging_mixin.py:190} INFO - [2024-10-19T00:17:09.467+0000] {dagbag.py:588} INFO - Filling up the DagBag from /home/airflow/.local/lib/python3.12/site-packages/airflow/example_dags/example_branch_operator.py
[2024-10-19T00:17:09.487+0000] {processor.py:925} INFO - DAG(s) 'example_branch_operator' retrieved from /home/airflow/.local/lib/python3.12/site-packages/airflow/example_dags/example_branch_operator.py
[2024-10-19T00:17:09.518+0000] {logging_mixin.py:190} INFO - [2024-10-19T00:17:09.518+0000] {dag.py:3239} INFO - Sync 1 DAGs
[2024-10-19T00:17:09.544+0000] {logging_mixin.py:190} INFO - [2024-10-19T00:17:09.544+0000] {dag.py:4180} INFO - Setting next_dagrun for example_branch_operator to 2024-10-18 00:00:00+00:00, run_after=2024-10-19 00:00:00+00:00
[2024-10-19T00:17:09.566+0000] {processor.py:208} INFO - Processing /home/airflow/.local/lib/python3.12/site-packages/airflow/example_dags/example_branch_operator.py took 0.110 seconds
[2024-10-19T00:17:40.220+0000] {processor.py:186} INFO - Started process (PID=1638) to work on /home/airflow/.local/lib/python3.12/site-packages/airflow/example_dags/example_branch_operator.py
[2024-10-19T00:17:40.222+0000] {processor.py:914} INFO - Processing file /home/airflow/.local/lib/python3.12/site-packages/airflow/example_dags/example_branch_operator.py for tasks to queue
[2024-10-19T00:17:40.224+0000] {logging_mixin.py:190} INFO - [2024-10-19T00:17:40.223+0000] {dagbag.py:588} INFO - Filling up the DagBag from /home/airflow/.local/lib/python3.12/site-packages/airflow/example_dags/example_branch_operator.py
[2024-10-19T00:17:40.239+0000] {processor.py:925} INFO - DAG(s) 'example_branch_operator' retrieved from /home/airflow/.local/lib/python3.12/site-packages/airflow/example_dags/example_branch_operator.py
[2024-10-19T00:17:40.267+0000] {logging_mixin.py:190} INFO - [2024-10-19T00:17:40.266+0000] {dag.py:3239} INFO - Sync 1 DAGs
[2024-10-19T00:17:40.288+0000] {logging_mixin.py:190} INFO - [2024-10-19T00:17:40.288+0000] {dag.py:4180} INFO - Setting next_dagrun for example_branch_operator to 2024-10-18 00:00:00+00:00, run_after=2024-10-19 00:00:00+00:00
[2024-10-19T00:17:40.306+0000] {processor.py:208} INFO - Processing /home/airflow/.local/lib/python3.12/site-packages/airflow/example_dags/example_branch_operator.py took 0.091 seconds
[2024-10-19T00:18:10.774+0000] {processor.py:186} INFO - Started process (PID=1700) to work on /home/airflow/.local/lib/python3.12/site-packages/airflow/example_dags/example_branch_operator.py
[2024-10-19T00:18:10.775+0000] {processor.py:914} INFO - Processing file /home/airflow/.local/lib/python3.12/site-packages/airflow/example_dags/example_branch_operator.py for tasks to queue
[2024-10-19T00:18:10.777+0000] {logging_mixin.py:190} INFO - [2024-10-19T00:18:10.777+0000] {dagbag.py:588} INFO - Filling up the DagBag from /home/airflow/.local/lib/python3.12/site-packages/airflow/example_dags/example_branch_operator.py
[2024-10-19T00:18:10.789+0000] {processor.py:925} INFO - DAG(s) 'example_branch_operator' retrieved from /home/airflow/.local/lib/python3.12/site-packages/airflow/example_dags/example_branch_operator.py
[2024-10-19T00:18:10.811+0000] {logging_mixin.py:190} INFO - [2024-10-19T00:18:10.811+0000] {dag.py:3239} INFO - Sync 1 DAGs
[2024-10-19T00:18:10.828+0000] {logging_mixin.py:190} INFO - [2024-10-19T00:18:10.828+0000] {dag.py:4180} INFO - Setting next_dagrun for example_branch_operator to 2024-10-18 00:00:00+00:00, run_after=2024-10-19 00:00:00+00:00
[2024-10-19T00:18:10.846+0000] {processor.py:208} INFO - Processing /home/airflow/.local/lib/python3.12/site-packages/airflow/example_dags/example_branch_operator.py took 0.076 seconds
[2024-10-19T00:18:40.951+0000] {processor.py:186} INFO - Started process (PID=1761) to work on /home/airflow/.local/lib/python3.12/site-packages/airflow/example_dags/example_branch_operator.py
[2024-10-19T00:18:40.953+0000] {processor.py:914} INFO - Processing file /home/airflow/.local/lib/python3.12/site-packages/airflow/example_dags/example_branch_operator.py for tasks to queue
[2024-10-19T00:18:40.956+0000] {logging_mixin.py:190} INFO - [2024-10-19T00:18:40.956+0000] {dagbag.py:588} INFO - Filling up the DagBag from /home/airflow/.local/lib/python3.12/site-packages/airflow/example_dags/example_branch_operator.py
[2024-10-19T00:18:40.978+0000] {processor.py:925} INFO - DAG(s) 'example_branch_operator' retrieved from /home/airflow/.local/lib/python3.12/site-packages/airflow/example_dags/example_branch_operator.py
[2024-10-19T00:18:41.020+0000] {logging_mixin.py:190} INFO - [2024-10-19T00:18:41.019+0000] {dag.py:3239} INFO - Sync 1 DAGs
[2024-10-19T00:18:41.055+0000] {logging_mixin.py:190} INFO - [2024-10-19T00:18:41.054+0000] {dag.py:4180} INFO - Setting next_dagrun for example_branch_operator to 2024-10-18 00:00:00+00:00, run_after=2024-10-19 00:00:00+00:00
[2024-10-19T00:18:41.079+0000] {processor.py:208} INFO - Processing /home/airflow/.local/lib/python3.12/site-packages/airflow/example_dags/example_branch_operator.py took 0.134 seconds
[2024-10-19T00:19:12.145+0000] {processor.py:186} INFO - Started process (PID=1823) to work on /home/airflow/.local/lib/python3.12/site-packages/airflow/example_dags/example_branch_operator.py
[2024-10-19T00:19:12.146+0000] {processor.py:914} INFO - Processing file /home/airflow/.local/lib/python3.12/site-packages/airflow/example_dags/example_branch_operator.py for tasks to queue
[2024-10-19T00:19:12.149+0000] {logging_mixin.py:190} INFO - [2024-10-19T00:19:12.148+0000] {dagbag.py:588} INFO - Filling up the DagBag from /home/airflow/.local/lib/python3.12/site-packages/airflow/example_dags/example_branch_operator.py
[2024-10-19T00:19:12.164+0000] {processor.py:925} INFO - DAG(s) 'example_branch_operator' retrieved from /home/airflow/.local/lib/python3.12/site-packages/airflow/example_dags/example_branch_operator.py
[2024-10-19T00:19:12.189+0000] {logging_mixin.py:190} INFO - [2024-10-19T00:19:12.189+0000] {dag.py:3239} INFO - Sync 1 DAGs
[2024-10-19T00:19:12.211+0000] {logging_mixin.py:190} INFO - [2024-10-19T00:19:12.211+0000] {dag.py:4180} INFO - Setting next_dagrun for example_branch_operator to 2024-10-18 00:00:00+00:00, run_after=2024-10-19 00:00:00+00:00
[2024-10-19T00:19:12.230+0000] {processor.py:208} INFO - Processing /home/airflow/.local/lib/python3.12/site-packages/airflow/example_dags/example_branch_operator.py took 0.090 seconds
[2024-10-19T00:19:42.561+0000] {processor.py:186} INFO - Started process (PID=1885) to work on /home/airflow/.local/lib/python3.12/site-packages/airflow/example_dags/example_branch_operator.py
[2024-10-19T00:19:42.562+0000] {processor.py:914} INFO - Processing file /home/airflow/.local/lib/python3.12/site-packages/airflow/example_dags/example_branch_operator.py for tasks to queue
[2024-10-19T00:19:42.564+0000] {logging_mixin.py:190} INFO - [2024-10-19T00:19:42.564+0000] {dagbag.py:588} INFO - Filling up the DagBag from /home/airflow/.local/lib/python3.12/site-packages/airflow/example_dags/example_branch_operator.py
[2024-10-19T00:19:42.579+0000] {processor.py:925} INFO - DAG(s) 'example_branch_operator' retrieved from /home/airflow/.local/lib/python3.12/site-packages/airflow/example_dags/example_branch_operator.py
[2024-10-19T00:19:42.604+0000] {logging_mixin.py:190} INFO - [2024-10-19T00:19:42.604+0000] {dag.py:3239} INFO - Sync 1 DAGs
[2024-10-19T00:19:42.626+0000] {logging_mixin.py:190} INFO - [2024-10-19T00:19:42.626+0000] {dag.py:4180} INFO - Setting next_dagrun for example_branch_operator to 2024-10-18 00:00:00+00:00, run_after=2024-10-19 00:00:00+00:00
[2024-10-19T00:19:42.645+0000] {processor.py:208} INFO - Processing /home/airflow/.local/lib/python3.12/site-packages/airflow/example_dags/example_branch_operator.py took 0.090 seconds
[2024-10-19T00:20:13.328+0000] {processor.py:186} INFO - Started process (PID=1947) to work on /home/airflow/.local/lib/python3.12/site-packages/airflow/example_dags/example_branch_operator.py
[2024-10-19T00:20:13.329+0000] {processor.py:914} INFO - Processing file /home/airflow/.local/lib/python3.12/site-packages/airflow/example_dags/example_branch_operator.py for tasks to queue
[2024-10-19T00:20:13.331+0000] {logging_mixin.py:190} INFO - [2024-10-19T00:20:13.331+0000] {dagbag.py:588} INFO - Filling up the DagBag from /home/airflow/.local/lib/python3.12/site-packages/airflow/example_dags/example_branch_operator.py
[2024-10-19T00:20:13.347+0000] {processor.py:925} INFO - DAG(s) 'example_branch_operator' retrieved from /home/airflow/.local/lib/python3.12/site-packages/airflow/example_dags/example_branch_operator.py
[2024-10-19T00:20:13.370+0000] {logging_mixin.py:190} INFO - [2024-10-19T00:20:13.369+0000] {dag.py:3239} INFO - Sync 1 DAGs
[2024-10-19T00:20:13.390+0000] {logging_mixin.py:190} INFO - [2024-10-19T00:20:13.390+0000] {dag.py:4180} INFO - Setting next_dagrun for example_branch_operator to 2024-10-18 00:00:00+00:00, run_after=2024-10-19 00:00:00+00:00
[2024-10-19T00:20:13.409+0000] {processor.py:208} INFO - Processing /home/airflow/.local/lib/python3.12/site-packages/airflow/example_dags/example_branch_operator.py took 0.086 seconds
[2024-10-19T00:20:44.045+0000] {processor.py:186} INFO - Started process (PID=2009) to work on /home/airflow/.local/lib/python3.12/site-packages/airflow/example_dags/example_branch_operator.py
[2024-10-19T00:20:44.046+0000] {processor.py:914} INFO - Processing file /home/airflow/.local/lib/python3.12/site-packages/airflow/example_dags/example_branch_operator.py for tasks to queue
[2024-10-19T00:20:44.048+0000] {logging_mixin.py:190} INFO - [2024-10-19T00:20:44.048+0000] {dagbag.py:588} INFO - Filling up the DagBag from /home/airflow/.local/lib/python3.12/site-packages/airflow/example_dags/example_branch_operator.py
[2024-10-19T00:20:44.064+0000] {processor.py:925} INFO - DAG(s) 'example_branch_operator' retrieved from /home/airflow/.local/lib/python3.12/site-packages/airflow/example_dags/example_branch_operator.py
[2024-10-19T00:20:44.093+0000] {logging_mixin.py:190} INFO - [2024-10-19T00:20:44.093+0000] {dag.py:3239} INFO - Sync 1 DAGs
[2024-10-19T00:20:44.116+0000] {logging_mixin.py:190} INFO - [2024-10-19T00:20:44.115+0000] {dag.py:4180} INFO - Setting next_dagrun for example_branch_operator to 2024-10-18 00:00:00+00:00, run_after=2024-10-19 00:00:00+00:00
[2024-10-19T00:20:44.135+0000] {processor.py:208} INFO - Processing /home/airflow/.local/lib/python3.12/site-packages/airflow/example_dags/example_branch_operator.py took 0.097 seconds
[2024-10-19T00:21:15.204+0000] {processor.py:186} INFO - Started process (PID=2071) to work on /home/airflow/.local/lib/python3.12/site-packages/airflow/example_dags/example_branch_operator.py
[2024-10-19T00:21:15.205+0000] {processor.py:914} INFO - Processing file /home/airflow/.local/lib/python3.12/site-packages/airflow/example_dags/example_branch_operator.py for tasks to queue
[2024-10-19T00:21:15.208+0000] {logging_mixin.py:190} INFO - [2024-10-19T00:21:15.207+0000] {dagbag.py:588} INFO - Filling up the DagBag from /home/airflow/.local/lib/python3.12/site-packages/airflow/example_dags/example_branch_operator.py
[2024-10-19T00:21:15.227+0000] {processor.py:925} INFO - DAG(s) 'example_branch_operator' retrieved from /home/airflow/.local/lib/python3.12/site-packages/airflow/example_dags/example_branch_operator.py
[2024-10-19T00:21:15.253+0000] {logging_mixin.py:190} INFO - [2024-10-19T00:21:15.253+0000] {dag.py:3239} INFO - Sync 1 DAGs
[2024-10-19T00:21:15.276+0000] {logging_mixin.py:190} INFO - [2024-10-19T00:21:15.276+0000] {dag.py:4180} INFO - Setting next_dagrun for example_branch_operator to 2024-10-18 00:00:00+00:00, run_after=2024-10-19 00:00:00+00:00
[2024-10-19T00:21:15.298+0000] {processor.py:208} INFO - Processing /home/airflow/.local/lib/python3.12/site-packages/airflow/example_dags/example_branch_operator.py took 0.100 seconds
[2024-10-19T00:21:46.332+0000] {processor.py:186} INFO - Started process (PID=2134) to work on /home/airflow/.local/lib/python3.12/site-packages/airflow/example_dags/example_branch_operator.py
[2024-10-19T00:21:46.333+0000] {processor.py:914} INFO - Processing file /home/airflow/.local/lib/python3.12/site-packages/airflow/example_dags/example_branch_operator.py for tasks to queue
[2024-10-19T00:21:46.335+0000] {logging_mixin.py:190} INFO - [2024-10-19T00:21:46.334+0000] {dagbag.py:588} INFO - Filling up the DagBag from /home/airflow/.local/lib/python3.12/site-packages/airflow/example_dags/example_branch_operator.py
[2024-10-19T00:21:46.350+0000] {processor.py:925} INFO - DAG(s) 'example_branch_operator' retrieved from /home/airflow/.local/lib/python3.12/site-packages/airflow/example_dags/example_branch_operator.py
[2024-10-19T00:21:46.373+0000] {logging_mixin.py:190} INFO - [2024-10-19T00:21:46.373+0000] {dag.py:3239} INFO - Sync 1 DAGs
[2024-10-19T00:21:46.394+0000] {logging_mixin.py:190} INFO - [2024-10-19T00:21:46.394+0000] {dag.py:4180} INFO - Setting next_dagrun for example_branch_operator to 2024-10-18 00:00:00+00:00, run_after=2024-10-19 00:00:00+00:00
[2024-10-19T00:21:46.414+0000] {processor.py:208} INFO - Processing /home/airflow/.local/lib/python3.12/site-packages/airflow/example_dags/example_branch_operator.py took 0.087 seconds
[2024-10-19T00:22:17.064+0000] {processor.py:186} INFO - Started process (PID=2196) to work on /home/airflow/.local/lib/python3.12/site-packages/airflow/example_dags/example_branch_operator.py
[2024-10-19T00:22:17.065+0000] {processor.py:914} INFO - Processing file /home/airflow/.local/lib/python3.12/site-packages/airflow/example_dags/example_branch_operator.py for tasks to queue
[2024-10-19T00:22:17.067+0000] {logging_mixin.py:190} INFO - [2024-10-19T00:22:17.067+0000] {dagbag.py:588} INFO - Filling up the DagBag from /home/airflow/.local/lib/python3.12/site-packages/airflow/example_dags/example_branch_operator.py
[2024-10-19T00:22:17.080+0000] {processor.py:925} INFO - DAG(s) 'example_branch_operator' retrieved from /home/airflow/.local/lib/python3.12/site-packages/airflow/example_dags/example_branch_operator.py
[2024-10-19T00:22:17.103+0000] {logging_mixin.py:190} INFO - [2024-10-19T00:22:17.103+0000] {dag.py:3239} INFO - Sync 1 DAGs
[2024-10-19T00:22:17.122+0000] {logging_mixin.py:190} INFO - [2024-10-19T00:22:17.122+0000] {dag.py:4180} INFO - Setting next_dagrun for example_branch_operator to 2024-10-18 00:00:00+00:00, run_after=2024-10-19 00:00:00+00:00
[2024-10-19T00:22:17.143+0000] {processor.py:208} INFO - Processing /home/airflow/.local/lib/python3.12/site-packages/airflow/example_dags/example_branch_operator.py took 0.084 seconds
[2024-10-19T00:22:47.585+0000] {processor.py:186} INFO - Started process (PID=2259) to work on /home/airflow/.local/lib/python3.12/site-packages/airflow/example_dags/example_branch_operator.py
[2024-10-19T00:22:47.586+0000] {processor.py:914} INFO - Processing file /home/airflow/.local/lib/python3.12/site-packages/airflow/example_dags/example_branch_operator.py for tasks to queue
[2024-10-19T00:22:47.588+0000] {logging_mixin.py:190} INFO - [2024-10-19T00:22:47.588+0000] {dagbag.py:588} INFO - Filling up the DagBag from /home/airflow/.local/lib/python3.12/site-packages/airflow/example_dags/example_branch_operator.py
[2024-10-19T00:22:47.601+0000] {processor.py:925} INFO - DAG(s) 'example_branch_operator' retrieved from /home/airflow/.local/lib/python3.12/site-packages/airflow/example_dags/example_branch_operator.py
[2024-10-19T00:22:47.624+0000] {logging_mixin.py:190} INFO - [2024-10-19T00:22:47.624+0000] {dag.py:3239} INFO - Sync 1 DAGs
[2024-10-19T00:22:47.646+0000] {logging_mixin.py:190} INFO - [2024-10-19T00:22:47.645+0000] {dag.py:4180} INFO - Setting next_dagrun for example_branch_operator to 2024-10-18 00:00:00+00:00, run_after=2024-10-19 00:00:00+00:00
[2024-10-19T00:22:47.665+0000] {processor.py:208} INFO - Processing /home/airflow/.local/lib/python3.12/site-packages/airflow/example_dags/example_branch_operator.py took 0.085 seconds
[2024-10-19T00:23:17.911+0000] {processor.py:186} INFO - Started process (PID=2321) to work on /home/airflow/.local/lib/python3.12/site-packages/airflow/example_dags/example_branch_operator.py
[2024-10-19T00:23:17.912+0000] {processor.py:914} INFO - Processing file /home/airflow/.local/lib/python3.12/site-packages/airflow/example_dags/example_branch_operator.py for tasks to queue
[2024-10-19T00:23:17.915+0000] {logging_mixin.py:190} INFO - [2024-10-19T00:23:17.915+0000] {dagbag.py:588} INFO - Filling up the DagBag from /home/airflow/.local/lib/python3.12/site-packages/airflow/example_dags/example_branch_operator.py
[2024-10-19T00:23:17.929+0000] {processor.py:925} INFO - DAG(s) 'example_branch_operator' retrieved from /home/airflow/.local/lib/python3.12/site-packages/airflow/example_dags/example_branch_operator.py
[2024-10-19T00:23:17.951+0000] {logging_mixin.py:190} INFO - [2024-10-19T00:23:17.951+0000] {dag.py:3239} INFO - Sync 1 DAGs
[2024-10-19T00:23:17.970+0000] {logging_mixin.py:190} INFO - [2024-10-19T00:23:17.970+0000] {dag.py:4180} INFO - Setting next_dagrun for example_branch_operator to 2024-10-18 00:00:00+00:00, run_after=2024-10-19 00:00:00+00:00
[2024-10-19T00:23:17.993+0000] {processor.py:208} INFO - Processing /home/airflow/.local/lib/python3.12/site-packages/airflow/example_dags/example_branch_operator.py took 0.087 seconds
[2024-10-19T00:23:48.538+0000] {processor.py:186} INFO - Started process (PID=2383) to work on /home/airflow/.local/lib/python3.12/site-packages/airflow/example_dags/example_branch_operator.py
[2024-10-19T00:23:48.539+0000] {processor.py:914} INFO - Processing file /home/airflow/.local/lib/python3.12/site-packages/airflow/example_dags/example_branch_operator.py for tasks to queue
[2024-10-19T00:23:48.541+0000] {logging_mixin.py:190} INFO - [2024-10-19T00:23:48.541+0000] {dagbag.py:588} INFO - Filling up the DagBag from /home/airflow/.local/lib/python3.12/site-packages/airflow/example_dags/example_branch_operator.py
[2024-10-19T00:23:48.556+0000] {processor.py:925} INFO - DAG(s) 'example_branch_operator' retrieved from /home/airflow/.local/lib/python3.12/site-packages/airflow/example_dags/example_branch_operator.py
[2024-10-19T00:23:48.579+0000] {logging_mixin.py:190} INFO - [2024-10-19T00:23:48.579+0000] {dag.py:3239} INFO - Sync 1 DAGs
[2024-10-19T00:23:48.598+0000] {logging_mixin.py:190} INFO - [2024-10-19T00:23:48.598+0000] {dag.py:4180} INFO - Setting next_dagrun for example_branch_operator to 2024-10-18 00:00:00+00:00, run_after=2024-10-19 00:00:00+00:00
[2024-10-19T00:23:48.616+0000] {processor.py:208} INFO - Processing /home/airflow/.local/lib/python3.12/site-packages/airflow/example_dags/example_branch_operator.py took 0.083 seconds
[2024-10-19T00:24:19.081+0000] {processor.py:186} INFO - Started process (PID=2445) to work on /home/airflow/.local/lib/python3.12/site-packages/airflow/example_dags/example_branch_operator.py
[2024-10-19T00:24:19.082+0000] {processor.py:914} INFO - Processing file /home/airflow/.local/lib/python3.12/site-packages/airflow/example_dags/example_branch_operator.py for tasks to queue
[2024-10-19T00:24:19.084+0000] {logging_mixin.py:190} INFO - [2024-10-19T00:24:19.084+0000] {dagbag.py:588} INFO - Filling up the DagBag from /home/airflow/.local/lib/python3.12/site-packages/airflow/example_dags/example_branch_operator.py
[2024-10-19T00:24:19.099+0000] {processor.py:925} INFO - DAG(s) 'example_branch_operator' retrieved from /home/airflow/.local/lib/python3.12/site-packages/airflow/example_dags/example_branch_operator.py
[2024-10-19T00:24:19.122+0000] {logging_mixin.py:190} INFO - [2024-10-19T00:24:19.122+0000] {dag.py:3239} INFO - Sync 1 DAGs
[2024-10-19T00:24:19.141+0000] {logging_mixin.py:190} INFO - [2024-10-19T00:24:19.141+0000] {dag.py:4180} INFO - Setting next_dagrun for example_branch_operator to 2024-10-18 00:00:00+00:00, run_after=2024-10-19 00:00:00+00:00
[2024-10-19T00:24:19.159+0000] {processor.py:208} INFO - Processing /home/airflow/.local/lib/python3.12/site-packages/airflow/example_dags/example_branch_operator.py took 0.084 seconds
[2024-10-19T00:24:49.658+0000] {processor.py:186} INFO - Started process (PID=2507) to work on /home/airflow/.local/lib/python3.12/site-packages/airflow/example_dags/example_branch_operator.py
[2024-10-19T00:24:49.658+0000] {processor.py:914} INFO - Processing file /home/airflow/.local/lib/python3.12/site-packages/airflow/example_dags/example_branch_operator.py for tasks to queue
[2024-10-19T00:24:49.661+0000] {logging_mixin.py:190} INFO - [2024-10-19T00:24:49.661+0000] {dagbag.py:588} INFO - Filling up the DagBag from /home/airflow/.local/lib/python3.12/site-packages/airflow/example_dags/example_branch_operator.py
[2024-10-19T00:24:49.676+0000] {processor.py:925} INFO - DAG(s) 'example_branch_operator' retrieved from /home/airflow/.local/lib/python3.12/site-packages/airflow/example_dags/example_branch_operator.py
[2024-10-19T00:24:49.700+0000] {logging_mixin.py:190} INFO - [2024-10-19T00:24:49.700+0000] {dag.py:3239} INFO - Sync 1 DAGs
[2024-10-19T00:24:49.720+0000] {logging_mixin.py:190} INFO - [2024-10-19T00:24:49.720+0000] {dag.py:4180} INFO - Setting next_dagrun for example_branch_operator to 2024-10-18 00:00:00+00:00, run_after=2024-10-19 00:00:00+00:00
[2024-10-19T00:24:49.738+0000] {processor.py:208} INFO - Processing /home/airflow/.local/lib/python3.12/site-packages/airflow/example_dags/example_branch_operator.py took 0.087 seconds
[2024-10-19T00:25:20.581+0000] {processor.py:186} INFO - Started process (PID=2568) to work on /home/airflow/.local/lib/python3.12/site-packages/airflow/example_dags/example_branch_operator.py
[2024-10-19T00:25:20.582+0000] {processor.py:914} INFO - Processing file /home/airflow/.local/lib/python3.12/site-packages/airflow/example_dags/example_branch_operator.py for tasks to queue
[2024-10-19T00:25:20.585+0000] {logging_mixin.py:190} INFO - [2024-10-19T00:25:20.584+0000] {dagbag.py:588} INFO - Filling up the DagBag from /home/airflow/.local/lib/python3.12/site-packages/airflow/example_dags/example_branch_operator.py
[2024-10-19T00:25:20.603+0000] {processor.py:925} INFO - DAG(s) 'example_branch_operator' retrieved from /home/airflow/.local/lib/python3.12/site-packages/airflow/example_dags/example_branch_operator.py
[2024-10-19T00:25:20.631+0000] {logging_mixin.py:190} INFO - [2024-10-19T00:25:20.631+0000] {dag.py:3239} INFO - Sync 1 DAGs
[2024-10-19T00:25:20.656+0000] {logging_mixin.py:190} INFO - [2024-10-19T00:25:20.656+0000] {dag.py:4180} INFO - Setting next_dagrun for example_branch_operator to 2024-10-18 00:00:00+00:00, run_after=2024-10-19 00:00:00+00:00
[2024-10-19T00:25:20.680+0000] {processor.py:208} INFO - Processing /home/airflow/.local/lib/python3.12/site-packages/airflow/example_dags/example_branch_operator.py took 0.104 seconds
[2024-10-19T00:25:50.784+0000] {processor.py:186} INFO - Started process (PID=2631) to work on /home/airflow/.local/lib/python3.12/site-packages/airflow/example_dags/example_branch_operator.py
[2024-10-19T00:25:50.785+0000] {processor.py:914} INFO - Processing file /home/airflow/.local/lib/python3.12/site-packages/airflow/example_dags/example_branch_operator.py for tasks to queue
[2024-10-19T00:25:50.787+0000] {logging_mixin.py:190} INFO - [2024-10-19T00:25:50.787+0000] {dagbag.py:588} INFO - Filling up the DagBag from /home/airflow/.local/lib/python3.12/site-packages/airflow/example_dags/example_branch_operator.py
[2024-10-19T00:25:50.800+0000] {processor.py:925} INFO - DAG(s) 'example_branch_operator' retrieved from /home/airflow/.local/lib/python3.12/site-packages/airflow/example_dags/example_branch_operator.py
[2024-10-19T00:25:50.823+0000] {logging_mixin.py:190} INFO - [2024-10-19T00:25:50.822+0000] {dag.py:3239} INFO - Sync 1 DAGs
[2024-10-19T00:25:50.841+0000] {logging_mixin.py:190} INFO - [2024-10-19T00:25:50.841+0000] {dag.py:4180} INFO - Setting next_dagrun for example_branch_operator to 2024-10-18 00:00:00+00:00, run_after=2024-10-19 00:00:00+00:00
[2024-10-19T00:25:50.857+0000] {processor.py:208} INFO - Processing /home/airflow/.local/lib/python3.12/site-packages/airflow/example_dags/example_branch_operator.py took 0.077 seconds
[2024-10-19T00:26:21.829+0000] {processor.py:186} INFO - Started process (PID=2692) to work on /home/airflow/.local/lib/python3.12/site-packages/airflow/example_dags/example_branch_operator.py
[2024-10-19T00:26:21.830+0000] {processor.py:914} INFO - Processing file /home/airflow/.local/lib/python3.12/site-packages/airflow/example_dags/example_branch_operator.py for tasks to queue
[2024-10-19T00:26:21.832+0000] {logging_mixin.py:190} INFO - [2024-10-19T00:26:21.832+0000] {dagbag.py:588} INFO - Filling up the DagBag from /home/airflow/.local/lib/python3.12/site-packages/airflow/example_dags/example_branch_operator.py
[2024-10-19T00:26:21.848+0000] {processor.py:925} INFO - DAG(s) 'example_branch_operator' retrieved from /home/airflow/.local/lib/python3.12/site-packages/airflow/example_dags/example_branch_operator.py
[2024-10-19T00:26:21.872+0000] {logging_mixin.py:190} INFO - [2024-10-19T00:26:21.872+0000] {dag.py:3239} INFO - Sync 1 DAGs
[2024-10-19T00:26:21.892+0000] {logging_mixin.py:190} INFO - [2024-10-19T00:26:21.892+0000] {dag.py:4180} INFO - Setting next_dagrun for example_branch_operator to 2024-10-18 00:00:00+00:00, run_after=2024-10-19 00:00:00+00:00
[2024-10-19T00:26:21.911+0000] {processor.py:208} INFO - Processing /home/airflow/.local/lib/python3.12/site-packages/airflow/example_dags/example_branch_operator.py took 0.089 seconds
[2024-10-19T00:26:52.552+0000] {processor.py:186} INFO - Started process (PID=2759) to work on /home/airflow/.local/lib/python3.12/site-packages/airflow/example_dags/example_branch_operator.py
[2024-10-19T00:26:52.553+0000] {processor.py:914} INFO - Processing file /home/airflow/.local/lib/python3.12/site-packages/airflow/example_dags/example_branch_operator.py for tasks to queue
[2024-10-19T00:26:52.556+0000] {logging_mixin.py:190} INFO - [2024-10-19T00:26:52.556+0000] {dagbag.py:588} INFO - Filling up the DagBag from /home/airflow/.local/lib/python3.12/site-packages/airflow/example_dags/example_branch_operator.py
[2024-10-19T00:26:52.577+0000] {processor.py:925} INFO - DAG(s) 'example_branch_operator' retrieved from /home/airflow/.local/lib/python3.12/site-packages/airflow/example_dags/example_branch_operator.py
[2024-10-19T00:26:52.610+0000] {logging_mixin.py:190} INFO - [2024-10-19T00:26:52.610+0000] {dag.py:3239} INFO - Sync 1 DAGs
[2024-10-19T00:26:52.640+0000] {logging_mixin.py:190} INFO - [2024-10-19T00:26:52.640+0000] {dag.py:4180} INFO - Setting next_dagrun for example_branch_operator to 2024-10-18 00:00:00+00:00, run_after=2024-10-19 00:00:00+00:00
[2024-10-19T00:26:52.664+0000] {processor.py:208} INFO - Processing /home/airflow/.local/lib/python3.12/site-packages/airflow/example_dags/example_branch_operator.py took 0.120 seconds
[2024-10-19T00:27:23.361+0000] {processor.py:186} INFO - Started process (PID=2820) to work on /home/airflow/.local/lib/python3.12/site-packages/airflow/example_dags/example_branch_operator.py
[2024-10-19T00:27:23.362+0000] {processor.py:914} INFO - Processing file /home/airflow/.local/lib/python3.12/site-packages/airflow/example_dags/example_branch_operator.py for tasks to queue
[2024-10-19T00:27:23.364+0000] {logging_mixin.py:190} INFO - [2024-10-19T00:27:23.364+0000] {dagbag.py:588} INFO - Filling up the DagBag from /home/airflow/.local/lib/python3.12/site-packages/airflow/example_dags/example_branch_operator.py
[2024-10-19T00:27:23.377+0000] {processor.py:925} INFO - DAG(s) 'example_branch_operator' retrieved from /home/airflow/.local/lib/python3.12/site-packages/airflow/example_dags/example_branch_operator.py
[2024-10-19T00:27:23.400+0000] {logging_mixin.py:190} INFO - [2024-10-19T00:27:23.400+0000] {dag.py:3239} INFO - Sync 1 DAGs
[2024-10-19T00:27:23.420+0000] {logging_mixin.py:190} INFO - [2024-10-19T00:27:23.420+0000] {dag.py:4180} INFO - Setting next_dagrun for example_branch_operator to 2024-10-18 00:00:00+00:00, run_after=2024-10-19 00:00:00+00:00
[2024-10-19T00:27:23.443+0000] {processor.py:208} INFO - Processing /home/airflow/.local/lib/python3.12/site-packages/airflow/example_dags/example_branch_operator.py took 0.087 seconds
[2024-10-19T00:27:54.276+0000] {processor.py:186} INFO - Started process (PID=2882) to work on /home/airflow/.local/lib/python3.12/site-packages/airflow/example_dags/example_branch_operator.py
[2024-10-19T00:27:54.277+0000] {processor.py:914} INFO - Processing file /home/airflow/.local/lib/python3.12/site-packages/airflow/example_dags/example_branch_operator.py for tasks to queue
[2024-10-19T00:27:54.279+0000] {logging_mixin.py:190} INFO - [2024-10-19T00:27:54.278+0000] {dagbag.py:588} INFO - Filling up the DagBag from /home/airflow/.local/lib/python3.12/site-packages/airflow/example_dags/example_branch_operator.py
[2024-10-19T00:27:54.292+0000] {processor.py:925} INFO - DAG(s) 'example_branch_operator' retrieved from /home/airflow/.local/lib/python3.12/site-packages/airflow/example_dags/example_branch_operator.py
[2024-10-19T00:27:54.447+0000] {logging_mixin.py:190} INFO - [2024-10-19T00:27:54.447+0000] {dag.py:3239} INFO - Sync 1 DAGs
[2024-10-19T00:27:54.464+0000] {logging_mixin.py:190} INFO - [2024-10-19T00:27:54.463+0000] {dag.py:4180} INFO - Setting next_dagrun for example_branch_operator to 2024-10-18 00:00:00+00:00, run_after=2024-10-19 00:00:00+00:00
[2024-10-19T00:27:54.479+0000] {processor.py:208} INFO - Processing /home/airflow/.local/lib/python3.12/site-packages/airflow/example_dags/example_branch_operator.py took 0.208 seconds
[2024-10-19T00:28:25.190+0000] {processor.py:186} INFO - Started process (PID=2944) to work on /home/airflow/.local/lib/python3.12/site-packages/airflow/example_dags/example_branch_operator.py
[2024-10-19T00:28:25.191+0000] {processor.py:914} INFO - Processing file /home/airflow/.local/lib/python3.12/site-packages/airflow/example_dags/example_branch_operator.py for tasks to queue
[2024-10-19T00:28:25.193+0000] {logging_mixin.py:190} INFO - [2024-10-19T00:28:25.192+0000] {dagbag.py:588} INFO - Filling up the DagBag from /home/airflow/.local/lib/python3.12/site-packages/airflow/example_dags/example_branch_operator.py
[2024-10-19T00:28:25.205+0000] {processor.py:925} INFO - DAG(s) 'example_branch_operator' retrieved from /home/airflow/.local/lib/python3.12/site-packages/airflow/example_dags/example_branch_operator.py
[2024-10-19T00:28:25.227+0000] {logging_mixin.py:190} INFO - [2024-10-19T00:28:25.227+0000] {dag.py:3239} INFO - Sync 1 DAGs
[2024-10-19T00:28:25.244+0000] {logging_mixin.py:190} INFO - [2024-10-19T00:28:25.244+0000] {dag.py:4180} INFO - Setting next_dagrun for example_branch_operator to 2024-10-18 00:00:00+00:00, run_after=2024-10-19 00:00:00+00:00
[2024-10-19T00:28:25.264+0000] {processor.py:208} INFO - Processing /home/airflow/.local/lib/python3.12/site-packages/airflow/example_dags/example_branch_operator.py took 0.079 seconds
[2024-10-19T00:28:56.029+0000] {processor.py:186} INFO - Started process (PID=3006) to work on /home/airflow/.local/lib/python3.12/site-packages/airflow/example_dags/example_branch_operator.py
[2024-10-19T00:28:56.030+0000] {processor.py:914} INFO - Processing file /home/airflow/.local/lib/python3.12/site-packages/airflow/example_dags/example_branch_operator.py for tasks to queue
[2024-10-19T00:28:56.032+0000] {logging_mixin.py:190} INFO - [2024-10-19T00:28:56.032+0000] {dagbag.py:588} INFO - Filling up the DagBag from /home/airflow/.local/lib/python3.12/site-packages/airflow/example_dags/example_branch_operator.py
[2024-10-19T00:28:56.045+0000] {processor.py:925} INFO - DAG(s) 'example_branch_operator' retrieved from /home/airflow/.local/lib/python3.12/site-packages/airflow/example_dags/example_branch_operator.py
[2024-10-19T00:28:56.066+0000] {logging_mixin.py:190} INFO - [2024-10-19T00:28:56.066+0000] {dag.py:3239} INFO - Sync 1 DAGs
[2024-10-19T00:28:56.083+0000] {logging_mixin.py:190} INFO - [2024-10-19T00:28:56.083+0000] {dag.py:4180} INFO - Setting next_dagrun for example_branch_operator to 2024-10-18 00:00:00+00:00, run_after=2024-10-19 00:00:00+00:00
[2024-10-19T00:28:56.102+0000] {processor.py:208} INFO - Processing /home/airflow/.local/lib/python3.12/site-packages/airflow/example_dags/example_branch_operator.py took 0.078 seconds
[2024-10-19T00:29:26.788+0000] {processor.py:186} INFO - Started process (PID=3069) to work on /home/airflow/.local/lib/python3.12/site-packages/airflow/example_dags/example_branch_operator.py
[2024-10-19T00:29:26.789+0000] {processor.py:914} INFO - Processing file /home/airflow/.local/lib/python3.12/site-packages/airflow/example_dags/example_branch_operator.py for tasks to queue
[2024-10-19T00:29:26.791+0000] {logging_mixin.py:190} INFO - [2024-10-19T00:29:26.790+0000] {dagbag.py:588} INFO - Filling up the DagBag from /home/airflow/.local/lib/python3.12/site-packages/airflow/example_dags/example_branch_operator.py
[2024-10-19T00:29:26.805+0000] {processor.py:925} INFO - DAG(s) 'example_branch_operator' retrieved from /home/airflow/.local/lib/python3.12/site-packages/airflow/example_dags/example_branch_operator.py
[2024-10-19T00:29:26.825+0000] {logging_mixin.py:190} INFO - [2024-10-19T00:29:26.825+0000] {dag.py:3239} INFO - Sync 1 DAGs
[2024-10-19T00:29:26.842+0000] {logging_mixin.py:190} INFO - [2024-10-19T00:29:26.842+0000] {dag.py:4180} INFO - Setting next_dagrun for example_branch_operator to 2024-10-18 00:00:00+00:00, run_after=2024-10-19 00:00:00+00:00
[2024-10-19T00:29:26.859+0000] {processor.py:208} INFO - Processing /home/airflow/.local/lib/python3.12/site-packages/airflow/example_dags/example_branch_operator.py took 0.078 seconds
[2024-10-19T00:29:57.230+0000] {processor.py:186} INFO - Started process (PID=3131) to work on /home/airflow/.local/lib/python3.12/site-packages/airflow/example_dags/example_branch_operator.py
[2024-10-19T00:29:57.231+0000] {processor.py:914} INFO - Processing file /home/airflow/.local/lib/python3.12/site-packages/airflow/example_dags/example_branch_operator.py for tasks to queue
[2024-10-19T00:29:57.233+0000] {logging_mixin.py:190} INFO - [2024-10-19T00:29:57.232+0000] {dagbag.py:588} INFO - Filling up the DagBag from /home/airflow/.local/lib/python3.12/site-packages/airflow/example_dags/example_branch_operator.py
[2024-10-19T00:29:57.245+0000] {processor.py:925} INFO - DAG(s) 'example_branch_operator' retrieved from /home/airflow/.local/lib/python3.12/site-packages/airflow/example_dags/example_branch_operator.py
[2024-10-19T00:29:57.267+0000] {logging_mixin.py:190} INFO - [2024-10-19T00:29:57.267+0000] {dag.py:3239} INFO - Sync 1 DAGs
[2024-10-19T00:29:57.286+0000] {logging_mixin.py:190} INFO - [2024-10-19T00:29:57.286+0000] {dag.py:4180} INFO - Setting next_dagrun for example_branch_operator to 2024-10-18 00:00:00+00:00, run_after=2024-10-19 00:00:00+00:00
[2024-10-19T00:29:57.305+0000] {processor.py:208} INFO - Processing /home/airflow/.local/lib/python3.12/site-packages/airflow/example_dags/example_branch_operator.py took 0.080 seconds
[2024-10-19T00:30:27.499+0000] {processor.py:186} INFO - Started process (PID=3193) to work on /home/airflow/.local/lib/python3.12/site-packages/airflow/example_dags/example_branch_operator.py
[2024-10-19T00:30:27.500+0000] {processor.py:914} INFO - Processing file /home/airflow/.local/lib/python3.12/site-packages/airflow/example_dags/example_branch_operator.py for tasks to queue
[2024-10-19T00:30:27.502+0000] {logging_mixin.py:190} INFO - [2024-10-19T00:30:27.502+0000] {dagbag.py:588} INFO - Filling up the DagBag from /home/airflow/.local/lib/python3.12/site-packages/airflow/example_dags/example_branch_operator.py
[2024-10-19T00:30:27.515+0000] {processor.py:925} INFO - DAG(s) 'example_branch_operator' retrieved from /home/airflow/.local/lib/python3.12/site-packages/airflow/example_dags/example_branch_operator.py
[2024-10-19T00:30:27.536+0000] {logging_mixin.py:190} INFO - [2024-10-19T00:30:27.536+0000] {dag.py:3239} INFO - Sync 1 DAGs
[2024-10-19T00:30:27.553+0000] {logging_mixin.py:190} INFO - [2024-10-19T00:30:27.553+0000] {dag.py:4180} INFO - Setting next_dagrun for example_branch_operator to 2024-10-18 00:00:00+00:00, run_after=2024-10-19 00:00:00+00:00
[2024-10-19T00:30:27.570+0000] {processor.py:208} INFO - Processing /home/airflow/.local/lib/python3.12/site-packages/airflow/example_dags/example_branch_operator.py took 0.076 seconds
[2024-10-19T00:30:57.959+0000] {processor.py:186} INFO - Started process (PID=3255) to work on /home/airflow/.local/lib/python3.12/site-packages/airflow/example_dags/example_branch_operator.py
[2024-10-19T00:30:57.960+0000] {processor.py:914} INFO - Processing file /home/airflow/.local/lib/python3.12/site-packages/airflow/example_dags/example_branch_operator.py for tasks to queue
[2024-10-19T00:30:57.962+0000] {logging_mixin.py:190} INFO - [2024-10-19T00:30:57.962+0000] {dagbag.py:588} INFO - Filling up the DagBag from /home/airflow/.local/lib/python3.12/site-packages/airflow/example_dags/example_branch_operator.py
[2024-10-19T00:30:57.976+0000] {processor.py:925} INFO - DAG(s) 'example_branch_operator' retrieved from /home/airflow/.local/lib/python3.12/site-packages/airflow/example_dags/example_branch_operator.py
[2024-10-19T00:30:57.999+0000] {logging_mixin.py:190} INFO - [2024-10-19T00:30:57.999+0000] {dag.py:3239} INFO - Sync 1 DAGs
[2024-10-19T00:30:58.018+0000] {logging_mixin.py:190} INFO - [2024-10-19T00:30:58.017+0000] {dag.py:4180} INFO - Setting next_dagrun for example_branch_operator to 2024-10-18 00:00:00+00:00, run_after=2024-10-19 00:00:00+00:00
[2024-10-19T00:30:58.035+0000] {processor.py:208} INFO - Processing /home/airflow/.local/lib/python3.12/site-packages/airflow/example_dags/example_branch_operator.py took 0.081 seconds
[2024-10-19T00:31:28.362+0000] {processor.py:186} INFO - Started process (PID=3317) to work on /home/airflow/.local/lib/python3.12/site-packages/airflow/example_dags/example_branch_operator.py
[2024-10-19T00:31:28.363+0000] {processor.py:914} INFO - Processing file /home/airflow/.local/lib/python3.12/site-packages/airflow/example_dags/example_branch_operator.py for tasks to queue
[2024-10-19T00:31:28.365+0000] {logging_mixin.py:190} INFO - [2024-10-19T00:31:28.364+0000] {dagbag.py:588} INFO - Filling up the DagBag from /home/airflow/.local/lib/python3.12/site-packages/airflow/example_dags/example_branch_operator.py
[2024-10-19T00:31:28.378+0000] {processor.py:925} INFO - DAG(s) 'example_branch_operator' retrieved from /home/airflow/.local/lib/python3.12/site-packages/airflow/example_dags/example_branch_operator.py
[2024-10-19T00:31:28.402+0000] {logging_mixin.py:190} INFO - [2024-10-19T00:31:28.401+0000] {dag.py:3239} INFO - Sync 1 DAGs
[2024-10-19T00:31:28.422+0000] {logging_mixin.py:190} INFO - [2024-10-19T00:31:28.421+0000] {dag.py:4180} INFO - Setting next_dagrun for example_branch_operator to 2024-10-18 00:00:00+00:00, run_after=2024-10-19 00:00:00+00:00
[2024-10-19T00:31:28.439+0000] {processor.py:208} INFO - Processing /home/airflow/.local/lib/python3.12/site-packages/airflow/example_dags/example_branch_operator.py took 0.082 seconds
[2024-10-19T00:31:58.864+0000] {processor.py:186} INFO - Started process (PID=3379) to work on /home/airflow/.local/lib/python3.12/site-packages/airflow/example_dags/example_branch_operator.py
[2024-10-19T00:31:58.865+0000] {processor.py:914} INFO - Processing file /home/airflow/.local/lib/python3.12/site-packages/airflow/example_dags/example_branch_operator.py for tasks to queue
[2024-10-19T00:31:58.867+0000] {logging_mixin.py:190} INFO - [2024-10-19T00:31:58.867+0000] {dagbag.py:588} INFO - Filling up the DagBag from /home/airflow/.local/lib/python3.12/site-packages/airflow/example_dags/example_branch_operator.py
[2024-10-19T00:31:58.881+0000] {processor.py:925} INFO - DAG(s) 'example_branch_operator' retrieved from /home/airflow/.local/lib/python3.12/site-packages/airflow/example_dags/example_branch_operator.py
[2024-10-19T00:31:58.901+0000] {logging_mixin.py:190} INFO - [2024-10-19T00:31:58.901+0000] {dag.py:3239} INFO - Sync 1 DAGs
[2024-10-19T00:31:58.918+0000] {logging_mixin.py:190} INFO - [2024-10-19T00:31:58.918+0000] {dag.py:4180} INFO - Setting next_dagrun for example_branch_operator to 2024-10-18 00:00:00+00:00, run_after=2024-10-19 00:00:00+00:00
[2024-10-19T00:31:58.935+0000] {processor.py:208} INFO - Processing /home/airflow/.local/lib/python3.12/site-packages/airflow/example_dags/example_branch_operator.py took 0.076 seconds
[2024-10-19T00:32:29.202+0000] {processor.py:186} INFO - Started process (PID=3441) to work on /home/airflow/.local/lib/python3.12/site-packages/airflow/example_dags/example_branch_operator.py
[2024-10-19T00:32:29.203+0000] {processor.py:914} INFO - Processing file /home/airflow/.local/lib/python3.12/site-packages/airflow/example_dags/example_branch_operator.py for tasks to queue
[2024-10-19T00:32:29.204+0000] {logging_mixin.py:190} INFO - [2024-10-19T00:32:29.204+0000] {dagbag.py:588} INFO - Filling up the DagBag from /home/airflow/.local/lib/python3.12/site-packages/airflow/example_dags/example_branch_operator.py
[2024-10-19T00:32:29.218+0000] {processor.py:925} INFO - DAG(s) 'example_branch_operator' retrieved from /home/airflow/.local/lib/python3.12/site-packages/airflow/example_dags/example_branch_operator.py
[2024-10-19T00:32:29.239+0000] {logging_mixin.py:190} INFO - [2024-10-19T00:32:29.238+0000] {dag.py:3239} INFO - Sync 1 DAGs
[2024-10-19T00:32:29.256+0000] {logging_mixin.py:190} INFO - [2024-10-19T00:32:29.256+0000] {dag.py:4180} INFO - Setting next_dagrun for example_branch_operator to 2024-10-18 00:00:00+00:00, run_after=2024-10-19 00:00:00+00:00
[2024-10-19T00:32:29.271+0000] {processor.py:208} INFO - Processing /home/airflow/.local/lib/python3.12/site-packages/airflow/example_dags/example_branch_operator.py took 0.074 seconds
[2024-10-19T00:32:59.712+0000] {processor.py:186} INFO - Started process (PID=3504) to work on /home/airflow/.local/lib/python3.12/site-packages/airflow/example_dags/example_branch_operator.py
[2024-10-19T00:32:59.713+0000] {processor.py:914} INFO - Processing file /home/airflow/.local/lib/python3.12/site-packages/airflow/example_dags/example_branch_operator.py for tasks to queue
[2024-10-19T00:32:59.715+0000] {logging_mixin.py:190} INFO - [2024-10-19T00:32:59.715+0000] {dagbag.py:588} INFO - Filling up the DagBag from /home/airflow/.local/lib/python3.12/site-packages/airflow/example_dags/example_branch_operator.py
[2024-10-19T00:32:59.728+0000] {processor.py:925} INFO - DAG(s) 'example_branch_operator' retrieved from /home/airflow/.local/lib/python3.12/site-packages/airflow/example_dags/example_branch_operator.py
[2024-10-19T00:32:59.751+0000] {logging_mixin.py:190} INFO - [2024-10-19T00:32:59.750+0000] {dag.py:3239} INFO - Sync 1 DAGs
[2024-10-19T00:32:59.770+0000] {logging_mixin.py:190} INFO - [2024-10-19T00:32:59.769+0000] {dag.py:4180} INFO - Setting next_dagrun for example_branch_operator to 2024-10-18 00:00:00+00:00, run_after=2024-10-19 00:00:00+00:00
[2024-10-19T00:32:59.785+0000] {processor.py:208} INFO - Processing /home/airflow/.local/lib/python3.12/site-packages/airflow/example_dags/example_branch_operator.py took 0.078 seconds
[2024-10-19T00:33:30.109+0000] {processor.py:186} INFO - Started process (PID=3566) to work on /home/airflow/.local/lib/python3.12/site-packages/airflow/example_dags/example_branch_operator.py
[2024-10-19T00:33:30.110+0000] {processor.py:914} INFO - Processing file /home/airflow/.local/lib/python3.12/site-packages/airflow/example_dags/example_branch_operator.py for tasks to queue
[2024-10-19T00:33:30.112+0000] {logging_mixin.py:190} INFO - [2024-10-19T00:33:30.112+0000] {dagbag.py:588} INFO - Filling up the DagBag from /home/airflow/.local/lib/python3.12/site-packages/airflow/example_dags/example_branch_operator.py
[2024-10-19T00:33:30.128+0000] {processor.py:925} INFO - DAG(s) 'example_branch_operator' retrieved from /home/airflow/.local/lib/python3.12/site-packages/airflow/example_dags/example_branch_operator.py
[2024-10-19T00:33:30.153+0000] {logging_mixin.py:190} INFO - [2024-10-19T00:33:30.152+0000] {dag.py:3239} INFO - Sync 1 DAGs
[2024-10-19T00:33:30.172+0000] {logging_mixin.py:190} INFO - [2024-10-19T00:33:30.172+0000] {dag.py:4180} INFO - Setting next_dagrun for example_branch_operator to 2024-10-18 00:00:00+00:00, run_after=2024-10-19 00:00:00+00:00
[2024-10-19T00:33:30.190+0000] {processor.py:208} INFO - Processing /home/airflow/.local/lib/python3.12/site-packages/airflow/example_dags/example_branch_operator.py took 0.087 seconds
[2024-10-19T00:34:00.534+0000] {processor.py:186} INFO - Started process (PID=3628) to work on /home/airflow/.local/lib/python3.12/site-packages/airflow/example_dags/example_branch_operator.py
[2024-10-19T00:34:00.535+0000] {processor.py:914} INFO - Processing file /home/airflow/.local/lib/python3.12/site-packages/airflow/example_dags/example_branch_operator.py for tasks to queue
[2024-10-19T00:34:00.537+0000] {logging_mixin.py:190} INFO - [2024-10-19T00:34:00.536+0000] {dagbag.py:588} INFO - Filling up the DagBag from /home/airflow/.local/lib/python3.12/site-packages/airflow/example_dags/example_branch_operator.py
[2024-10-19T00:34:00.550+0000] {processor.py:925} INFO - DAG(s) 'example_branch_operator' retrieved from /home/airflow/.local/lib/python3.12/site-packages/airflow/example_dags/example_branch_operator.py
[2024-10-19T00:34:00.572+0000] {logging_mixin.py:190} INFO - [2024-10-19T00:34:00.572+0000] {dag.py:3239} INFO - Sync 1 DAGs
[2024-10-19T00:34:00.590+0000] {logging_mixin.py:190} INFO - [2024-10-19T00:34:00.590+0000] {dag.py:4180} INFO - Setting next_dagrun for example_branch_operator to 2024-10-18 00:00:00+00:00, run_after=2024-10-19 00:00:00+00:00
[2024-10-19T00:34:00.606+0000] {processor.py:208} INFO - Processing /home/airflow/.local/lib/python3.12/site-packages/airflow/example_dags/example_branch_operator.py took 0.077 seconds
[2024-10-19T00:34:30.970+0000] {processor.py:186} INFO - Started process (PID=3690) to work on /home/airflow/.local/lib/python3.12/site-packages/airflow/example_dags/example_branch_operator.py
[2024-10-19T00:34:30.971+0000] {processor.py:914} INFO - Processing file /home/airflow/.local/lib/python3.12/site-packages/airflow/example_dags/example_branch_operator.py for tasks to queue
[2024-10-19T00:34:30.973+0000] {logging_mixin.py:190} INFO - [2024-10-19T00:34:30.972+0000] {dagbag.py:588} INFO - Filling up the DagBag from /home/airflow/.local/lib/python3.12/site-packages/airflow/example_dags/example_branch_operator.py
[2024-10-19T00:34:30.986+0000] {processor.py:925} INFO - DAG(s) 'example_branch_operator' retrieved from /home/airflow/.local/lib/python3.12/site-packages/airflow/example_dags/example_branch_operator.py
[2024-10-19T00:34:31.009+0000] {logging_mixin.py:190} INFO - [2024-10-19T00:34:31.009+0000] {dag.py:3239} INFO - Sync 1 DAGs
[2024-10-19T00:34:31.027+0000] {logging_mixin.py:190} INFO - [2024-10-19T00:34:31.027+0000] {dag.py:4180} INFO - Setting next_dagrun for example_branch_operator to 2024-10-18 00:00:00+00:00, run_after=2024-10-19 00:00:00+00:00
[2024-10-19T00:34:31.044+0000] {processor.py:208} INFO - Processing /home/airflow/.local/lib/python3.12/site-packages/airflow/example_dags/example_branch_operator.py took 0.079 seconds
[2024-10-19T00:35:01.301+0000] {processor.py:186} INFO - Started process (PID=3751) to work on /home/airflow/.local/lib/python3.12/site-packages/airflow/example_dags/example_branch_operator.py
[2024-10-19T00:35:01.302+0000] {processor.py:914} INFO - Processing file /home/airflow/.local/lib/python3.12/site-packages/airflow/example_dags/example_branch_operator.py for tasks to queue
[2024-10-19T00:35:01.304+0000] {logging_mixin.py:190} INFO - [2024-10-19T00:35:01.304+0000] {dagbag.py:588} INFO - Filling up the DagBag from /home/airflow/.local/lib/python3.12/site-packages/airflow/example_dags/example_branch_operator.py
[2024-10-19T00:35:01.317+0000] {processor.py:925} INFO - DAG(s) 'example_branch_operator' retrieved from /home/airflow/.local/lib/python3.12/site-packages/airflow/example_dags/example_branch_operator.py
[2024-10-19T00:35:01.338+0000] {logging_mixin.py:190} INFO - [2024-10-19T00:35:01.338+0000] {dag.py:3239} INFO - Sync 1 DAGs
[2024-10-19T00:35:01.355+0000] {logging_mixin.py:190} INFO - [2024-10-19T00:35:01.354+0000] {dag.py:4180} INFO - Setting next_dagrun for example_branch_operator to 2024-10-18 00:00:00+00:00, run_after=2024-10-19 00:00:00+00:00
[2024-10-19T00:35:01.370+0000] {processor.py:208} INFO - Processing /home/airflow/.local/lib/python3.12/site-packages/airflow/example_dags/example_branch_operator.py took 0.074 seconds
[2024-10-19T00:35:31.706+0000] {processor.py:186} INFO - Started process (PID=3813) to work on /home/airflow/.local/lib/python3.12/site-packages/airflow/example_dags/example_branch_operator.py
[2024-10-19T00:35:31.707+0000] {processor.py:914} INFO - Processing file /home/airflow/.local/lib/python3.12/site-packages/airflow/example_dags/example_branch_operator.py for tasks to queue
[2024-10-19T00:35:31.709+0000] {logging_mixin.py:190} INFO - [2024-10-19T00:35:31.709+0000] {dagbag.py:588} INFO - Filling up the DagBag from /home/airflow/.local/lib/python3.12/site-packages/airflow/example_dags/example_branch_operator.py
[2024-10-19T00:35:31.722+0000] {processor.py:925} INFO - DAG(s) 'example_branch_operator' retrieved from /home/airflow/.local/lib/python3.12/site-packages/airflow/example_dags/example_branch_operator.py
[2024-10-19T00:35:31.744+0000] {logging_mixin.py:190} INFO - [2024-10-19T00:35:31.743+0000] {dag.py:3239} INFO - Sync 1 DAGs
[2024-10-19T00:35:31.761+0000] {logging_mixin.py:190} INFO - [2024-10-19T00:35:31.761+0000] {dag.py:4180} INFO - Setting next_dagrun for example_branch_operator to 2024-10-18 00:00:00+00:00, run_after=2024-10-19 00:00:00+00:00
[2024-10-19T00:35:31.780+0000] {processor.py:208} INFO - Processing /home/airflow/.local/lib/python3.12/site-packages/airflow/example_dags/example_branch_operator.py took 0.079 seconds
[2024-10-19T00:36:02.283+0000] {processor.py:186} INFO - Started process (PID=3875) to work on /home/airflow/.local/lib/python3.12/site-packages/airflow/example_dags/example_branch_operator.py
[2024-10-19T00:36:02.285+0000] {processor.py:914} INFO - Processing file /home/airflow/.local/lib/python3.12/site-packages/airflow/example_dags/example_branch_operator.py for tasks to queue
[2024-10-19T00:36:02.287+0000] {logging_mixin.py:190} INFO - [2024-10-19T00:36:02.287+0000] {dagbag.py:588} INFO - Filling up the DagBag from /home/airflow/.local/lib/python3.12/site-packages/airflow/example_dags/example_branch_operator.py
[2024-10-19T00:36:02.306+0000] {processor.py:925} INFO - DAG(s) 'example_branch_operator' retrieved from /home/airflow/.local/lib/python3.12/site-packages/airflow/example_dags/example_branch_operator.py
[2024-10-19T00:36:02.336+0000] {logging_mixin.py:190} INFO - [2024-10-19T00:36:02.336+0000] {dag.py:3239} INFO - Sync 1 DAGs
[2024-10-19T00:36:02.361+0000] {logging_mixin.py:190} INFO - [2024-10-19T00:36:02.361+0000] {dag.py:4180} INFO - Setting next_dagrun for example_branch_operator to 2024-10-18 00:00:00+00:00, run_after=2024-10-19 00:00:00+00:00
[2024-10-19T00:36:02.384+0000] {processor.py:208} INFO - Processing /home/airflow/.local/lib/python3.12/site-packages/airflow/example_dags/example_branch_operator.py took 0.107 seconds
[2024-10-19T00:36:33.181+0000] {processor.py:186} INFO - Started process (PID=3937) to work on /home/airflow/.local/lib/python3.12/site-packages/airflow/example_dags/example_branch_operator.py
[2024-10-19T00:36:33.183+0000] {processor.py:914} INFO - Processing file /home/airflow/.local/lib/python3.12/site-packages/airflow/example_dags/example_branch_operator.py for tasks to queue
[2024-10-19T00:36:33.188+0000] {logging_mixin.py:190} INFO - [2024-10-19T00:36:33.187+0000] {dagbag.py:588} INFO - Filling up the DagBag from /home/airflow/.local/lib/python3.12/site-packages/airflow/example_dags/example_branch_operator.py
[2024-10-19T00:36:33.221+0000] {processor.py:925} INFO - DAG(s) 'example_branch_operator' retrieved from /home/airflow/.local/lib/python3.12/site-packages/airflow/example_dags/example_branch_operator.py
[2024-10-19T00:36:33.263+0000] {logging_mixin.py:190} INFO - [2024-10-19T00:36:33.262+0000] {dag.py:3239} INFO - Sync 1 DAGs
[2024-10-19T00:36:33.300+0000] {logging_mixin.py:190} INFO - [2024-10-19T00:36:33.300+0000] {dag.py:4180} INFO - Setting next_dagrun for example_branch_operator to 2024-10-18 00:00:00+00:00, run_after=2024-10-19 00:00:00+00:00
[2024-10-19T00:36:33.332+0000] {processor.py:208} INFO - Processing /home/airflow/.local/lib/python3.12/site-packages/airflow/example_dags/example_branch_operator.py took 0.162 seconds
