[2024-10-19T00:04:55.406+0000] {processor.py:186} INFO - Started process (PID=96) to work on /home/airflow/.local/lib/python3.12/site-packages/airflow/example_dags/example_branch_operator_decorator.py
[2024-10-19T00:04:55.408+0000] {processor.py:914} INFO - Processing file /home/airflow/.local/lib/python3.12/site-packages/airflow/example_dags/example_branch_operator_decorator.py for tasks to queue
[2024-10-19T00:04:55.411+0000] {logging_mixin.py:190} INFO - [2024-10-19T00:04:55.411+0000] {dagbag.py:588} INFO - Filling up the DagBag from /home/airflow/.local/lib/python3.12/site-packages/airflow/example_dags/example_branch_operator_decorator.py
[2024-10-19T00:04:55.442+0000] {processor.py:925} INFO - DAG(s) 'example_branch_python_operator_decorator' retrieved from /home/airflow/.local/lib/python3.12/site-packages/airflow/example_dags/example_branch_operator_decorator.py
[2024-10-19T00:04:55.585+0000] {logging_mixin.py:190} INFO - [2024-10-19T00:04:55.584+0000] {override.py:1900} INFO - Created Permission View: can delete on DAG:example_branch_python_operator_decorator
[2024-10-19T00:04:55.599+0000] {logging_mixin.py:190} INFO - [2024-10-19T00:04:55.599+0000] {override.py:1900} INFO - Created Permission View: can read on DAG:example_branch_python_operator_decorator
[2024-10-19T00:04:55.609+0000] {logging_mixin.py:190} INFO - [2024-10-19T00:04:55.609+0000] {override.py:1900} INFO - Created Permission View: can edit on DAG:example_branch_python_operator_decorator
[2024-10-19T00:04:55.621+0000] {logging_mixin.py:190} INFO - [2024-10-19T00:04:55.621+0000] {override.py:1900} INFO - Created Permission View: can delete on DAG Run:example_branch_python_operator_decorator
[2024-10-19T00:04:55.630+0000] {logging_mixin.py:190} INFO - [2024-10-19T00:04:55.630+0000] {override.py:1900} INFO - Created Permission View: can read on DAG Run:example_branch_python_operator_decorator
[2024-10-19T00:04:55.639+0000] {logging_mixin.py:190} INFO - [2024-10-19T00:04:55.639+0000] {override.py:1900} INFO - Created Permission View: menu access on DAG Run:example_branch_python_operator_decorator
[2024-10-19T00:04:55.649+0000] {logging_mixin.py:190} INFO - [2024-10-19T00:04:55.648+0000] {override.py:1900} INFO - Created Permission View: can create on DAG Run:example_branch_python_operator_decorator
[2024-10-19T00:04:55.649+0000] {logging_mixin.py:190} INFO - [2024-10-19T00:04:55.649+0000] {dag.py:3239} INFO - Sync 1 DAGs
[2024-10-19T00:04:55.666+0000] {logging_mixin.py:190} INFO - [2024-10-19T00:04:55.665+0000] {dag.py:3262} INFO - Creating ORM DAG for example_branch_python_operator_decorator
[2024-10-19T00:04:55.679+0000] {logging_mixin.py:190} INFO - [2024-10-19T00:04:55.679+0000] {dag.py:4180} INFO - Setting next_dagrun for example_branch_python_operator_decorator to 2024-10-18 00:00:00+00:00, run_after=2024-10-19 00:00:00+00:00
[2024-10-19T00:04:55.704+0000] {processor.py:208} INFO - Processing /home/airflow/.local/lib/python3.12/site-packages/airflow/example_dags/example_branch_operator_decorator.py took 0.306 seconds
[2024-10-19T00:05:25.847+0000] {processor.py:186} INFO - Started process (PID=158) to work on /home/airflow/.local/lib/python3.12/site-packages/airflow/example_dags/example_branch_operator_decorator.py
[2024-10-19T00:05:25.848+0000] {processor.py:914} INFO - Processing file /home/airflow/.local/lib/python3.12/site-packages/airflow/example_dags/example_branch_operator_decorator.py for tasks to queue
[2024-10-19T00:05:25.853+0000] {logging_mixin.py:190} INFO - [2024-10-19T00:05:25.852+0000] {dagbag.py:588} INFO - Filling up the DagBag from /home/airflow/.local/lib/python3.12/site-packages/airflow/example_dags/example_branch_operator_decorator.py
[2024-10-19T00:05:25.881+0000] {processor.py:925} INFO - DAG(s) 'example_branch_python_operator_decorator' retrieved from /home/airflow/.local/lib/python3.12/site-packages/airflow/example_dags/example_branch_operator_decorator.py
[2024-10-19T00:05:25.917+0000] {logging_mixin.py:190} INFO - [2024-10-19T00:05:25.917+0000] {dag.py:3239} INFO - Sync 1 DAGs
[2024-10-19T00:05:25.945+0000] {logging_mixin.py:190} INFO - [2024-10-19T00:05:25.944+0000] {dag.py:4180} INFO - Setting next_dagrun for example_branch_python_operator_decorator to 2024-10-18 00:00:00+00:00, run_after=2024-10-19 00:00:00+00:00
[2024-10-19T00:05:25.966+0000] {processor.py:208} INFO - Processing /home/airflow/.local/lib/python3.12/site-packages/airflow/example_dags/example_branch_operator_decorator.py took 0.129 seconds
[2024-10-19T00:05:56.358+0000] {processor.py:186} INFO - Started process (PID=220) to work on /home/airflow/.local/lib/python3.12/site-packages/airflow/example_dags/example_branch_operator_decorator.py
[2024-10-19T00:05:56.359+0000] {processor.py:914} INFO - Processing file /home/airflow/.local/lib/python3.12/site-packages/airflow/example_dags/example_branch_operator_decorator.py for tasks to queue
[2024-10-19T00:05:56.361+0000] {logging_mixin.py:190} INFO - [2024-10-19T00:05:56.361+0000] {dagbag.py:588} INFO - Filling up the DagBag from /home/airflow/.local/lib/python3.12/site-packages/airflow/example_dags/example_branch_operator_decorator.py
[2024-10-19T00:05:56.382+0000] {processor.py:925} INFO - DAG(s) 'example_branch_python_operator_decorator' retrieved from /home/airflow/.local/lib/python3.12/site-packages/airflow/example_dags/example_branch_operator_decorator.py
[2024-10-19T00:05:56.413+0000] {logging_mixin.py:190} INFO - [2024-10-19T00:05:56.413+0000] {dag.py:3239} INFO - Sync 1 DAGs
[2024-10-19T00:05:56.441+0000] {logging_mixin.py:190} INFO - [2024-10-19T00:05:56.441+0000] {dag.py:4180} INFO - Setting next_dagrun for example_branch_python_operator_decorator to 2024-10-18 00:00:00+00:00, run_after=2024-10-19 00:00:00+00:00
[2024-10-19T00:05:56.462+0000] {processor.py:208} INFO - Processing /home/airflow/.local/lib/python3.12/site-packages/airflow/example_dags/example_branch_operator_decorator.py took 0.111 seconds
[2024-10-19T00:06:27.380+0000] {processor.py:186} INFO - Started process (PID=281) to work on /home/airflow/.local/lib/python3.12/site-packages/airflow/example_dags/example_branch_operator_decorator.py
[2024-10-19T00:06:27.381+0000] {processor.py:914} INFO - Processing file /home/airflow/.local/lib/python3.12/site-packages/airflow/example_dags/example_branch_operator_decorator.py for tasks to queue
[2024-10-19T00:06:27.384+0000] {logging_mixin.py:190} INFO - [2024-10-19T00:06:27.383+0000] {dagbag.py:588} INFO - Filling up the DagBag from /home/airflow/.local/lib/python3.12/site-packages/airflow/example_dags/example_branch_operator_decorator.py
[2024-10-19T00:06:27.403+0000] {processor.py:925} INFO - DAG(s) 'example_branch_python_operator_decorator' retrieved from /home/airflow/.local/lib/python3.12/site-packages/airflow/example_dags/example_branch_operator_decorator.py
[2024-10-19T00:06:27.427+0000] {logging_mixin.py:190} INFO - [2024-10-19T00:06:27.427+0000] {dag.py:3239} INFO - Sync 1 DAGs
[2024-10-19T00:06:27.449+0000] {logging_mixin.py:190} INFO - [2024-10-19T00:06:27.449+0000] {dag.py:4180} INFO - Setting next_dagrun for example_branch_python_operator_decorator to 2024-10-18 00:00:00+00:00, run_after=2024-10-19 00:00:00+00:00
[2024-10-19T00:06:27.466+0000] {processor.py:208} INFO - Processing /home/airflow/.local/lib/python3.12/site-packages/airflow/example_dags/example_branch_operator_decorator.py took 0.091 seconds
[2024-10-19T00:06:57.785+0000] {processor.py:186} INFO - Started process (PID=343) to work on /home/airflow/.local/lib/python3.12/site-packages/airflow/example_dags/example_branch_operator_decorator.py
[2024-10-19T00:06:57.786+0000] {processor.py:914} INFO - Processing file /home/airflow/.local/lib/python3.12/site-packages/airflow/example_dags/example_branch_operator_decorator.py for tasks to queue
[2024-10-19T00:06:57.789+0000] {logging_mixin.py:190} INFO - [2024-10-19T00:06:57.789+0000] {dagbag.py:588} INFO - Filling up the DagBag from /home/airflow/.local/lib/python3.12/site-packages/airflow/example_dags/example_branch_operator_decorator.py
[2024-10-19T00:06:57.811+0000] {processor.py:925} INFO - DAG(s) 'example_branch_python_operator_decorator' retrieved from /home/airflow/.local/lib/python3.12/site-packages/airflow/example_dags/example_branch_operator_decorator.py
[2024-10-19T00:06:57.838+0000] {logging_mixin.py:190} INFO - [2024-10-19T00:06:57.838+0000] {dag.py:3239} INFO - Sync 1 DAGs
[2024-10-19T00:06:57.861+0000] {logging_mixin.py:190} INFO - [2024-10-19T00:06:57.861+0000] {dag.py:4180} INFO - Setting next_dagrun for example_branch_python_operator_decorator to 2024-10-18 00:00:00+00:00, run_after=2024-10-19 00:00:00+00:00
[2024-10-19T00:06:57.879+0000] {processor.py:208} INFO - Processing /home/airflow/.local/lib/python3.12/site-packages/airflow/example_dags/example_branch_operator_decorator.py took 0.101 seconds
[2024-10-19T00:07:28.327+0000] {processor.py:186} INFO - Started process (PID=405) to work on /home/airflow/.local/lib/python3.12/site-packages/airflow/example_dags/example_branch_operator_decorator.py
[2024-10-19T00:07:28.329+0000] {processor.py:914} INFO - Processing file /home/airflow/.local/lib/python3.12/site-packages/airflow/example_dags/example_branch_operator_decorator.py for tasks to queue
[2024-10-19T00:07:28.332+0000] {logging_mixin.py:190} INFO - [2024-10-19T00:07:28.331+0000] {dagbag.py:588} INFO - Filling up the DagBag from /home/airflow/.local/lib/python3.12/site-packages/airflow/example_dags/example_branch_operator_decorator.py
[2024-10-19T00:07:28.354+0000] {processor.py:925} INFO - DAG(s) 'example_branch_python_operator_decorator' retrieved from /home/airflow/.local/lib/python3.12/site-packages/airflow/example_dags/example_branch_operator_decorator.py
[2024-10-19T00:07:28.386+0000] {logging_mixin.py:190} INFO - [2024-10-19T00:07:28.385+0000] {dag.py:3239} INFO - Sync 1 DAGs
[2024-10-19T00:07:28.410+0000] {logging_mixin.py:190} INFO - [2024-10-19T00:07:28.409+0000] {dag.py:4180} INFO - Setting next_dagrun for example_branch_python_operator_decorator to 2024-10-18 00:00:00+00:00, run_after=2024-10-19 00:00:00+00:00
[2024-10-19T00:07:28.431+0000] {processor.py:208} INFO - Processing /home/airflow/.local/lib/python3.12/site-packages/airflow/example_dags/example_branch_operator_decorator.py took 0.110 seconds
[2024-10-19T00:07:58.905+0000] {processor.py:186} INFO - Started process (PID=468) to work on /home/airflow/.local/lib/python3.12/site-packages/airflow/example_dags/example_branch_operator_decorator.py
[2024-10-19T00:07:58.906+0000] {processor.py:914} INFO - Processing file /home/airflow/.local/lib/python3.12/site-packages/airflow/example_dags/example_branch_operator_decorator.py for tasks to queue
[2024-10-19T00:07:58.908+0000] {logging_mixin.py:190} INFO - [2024-10-19T00:07:58.908+0000] {dagbag.py:588} INFO - Filling up the DagBag from /home/airflow/.local/lib/python3.12/site-packages/airflow/example_dags/example_branch_operator_decorator.py
[2024-10-19T00:07:58.927+0000] {processor.py:925} INFO - DAG(s) 'example_branch_python_operator_decorator' retrieved from /home/airflow/.local/lib/python3.12/site-packages/airflow/example_dags/example_branch_operator_decorator.py
[2024-10-19T00:07:58.954+0000] {logging_mixin.py:190} INFO - [2024-10-19T00:07:58.954+0000] {dag.py:3239} INFO - Sync 1 DAGs
[2024-10-19T00:07:58.975+0000] {logging_mixin.py:190} INFO - [2024-10-19T00:07:58.975+0000] {dag.py:4180} INFO - Setting next_dagrun for example_branch_python_operator_decorator to 2024-10-18 00:00:00+00:00, run_after=2024-10-19 00:00:00+00:00
[2024-10-19T00:07:58.995+0000] {processor.py:208} INFO - Processing /home/airflow/.local/lib/python3.12/site-packages/airflow/example_dags/example_branch_operator_decorator.py took 0.095 seconds
[2024-10-19T00:08:29.736+0000] {processor.py:186} INFO - Started process (PID=531) to work on /home/airflow/.local/lib/python3.12/site-packages/airflow/example_dags/example_branch_operator_decorator.py
[2024-10-19T00:08:29.737+0000] {processor.py:914} INFO - Processing file /home/airflow/.local/lib/python3.12/site-packages/airflow/example_dags/example_branch_operator_decorator.py for tasks to queue
[2024-10-19T00:08:29.740+0000] {logging_mixin.py:190} INFO - [2024-10-19T00:08:29.739+0000] {dagbag.py:588} INFO - Filling up the DagBag from /home/airflow/.local/lib/python3.12/site-packages/airflow/example_dags/example_branch_operator_decorator.py
[2024-10-19T00:08:29.759+0000] {processor.py:925} INFO - DAG(s) 'example_branch_python_operator_decorator' retrieved from /home/airflow/.local/lib/python3.12/site-packages/airflow/example_dags/example_branch_operator_decorator.py
[2024-10-19T00:08:29.788+0000] {logging_mixin.py:190} INFO - [2024-10-19T00:08:29.787+0000] {dag.py:3239} INFO - Sync 1 DAGs
[2024-10-19T00:08:29.812+0000] {logging_mixin.py:190} INFO - [2024-10-19T00:08:29.811+0000] {dag.py:4180} INFO - Setting next_dagrun for example_branch_python_operator_decorator to 2024-10-18 00:00:00+00:00, run_after=2024-10-19 00:00:00+00:00
[2024-10-19T00:08:29.842+0000] {processor.py:208} INFO - Processing /home/airflow/.local/lib/python3.12/site-packages/airflow/example_dags/example_branch_operator_decorator.py took 0.111 seconds
[2024-10-19T00:08:59.952+0000] {processor.py:186} INFO - Started process (PID=594) to work on /home/airflow/.local/lib/python3.12/site-packages/airflow/example_dags/example_branch_operator_decorator.py
[2024-10-19T00:08:59.953+0000] {processor.py:914} INFO - Processing file /home/airflow/.local/lib/python3.12/site-packages/airflow/example_dags/example_branch_operator_decorator.py for tasks to queue
[2024-10-19T00:08:59.956+0000] {logging_mixin.py:190} INFO - [2024-10-19T00:08:59.955+0000] {dagbag.py:588} INFO - Filling up the DagBag from /home/airflow/.local/lib/python3.12/site-packages/airflow/example_dags/example_branch_operator_decorator.py
[2024-10-19T00:08:59.978+0000] {processor.py:925} INFO - DAG(s) 'example_branch_python_operator_decorator' retrieved from /home/airflow/.local/lib/python3.12/site-packages/airflow/example_dags/example_branch_operator_decorator.py
[2024-10-19T00:09:00.008+0000] {logging_mixin.py:190} INFO - [2024-10-19T00:09:00.007+0000] {dag.py:3239} INFO - Sync 1 DAGs
[2024-10-19T00:09:00.039+0000] {logging_mixin.py:190} INFO - [2024-10-19T00:09:00.038+0000] {dag.py:4180} INFO - Setting next_dagrun for example_branch_python_operator_decorator to 2024-10-18 00:00:00+00:00, run_after=2024-10-19 00:00:00+00:00
[2024-10-19T00:09:00.069+0000] {processor.py:208} INFO - Processing /home/airflow/.local/lib/python3.12/site-packages/airflow/example_dags/example_branch_operator_decorator.py took 0.125 seconds
[2024-10-19T00:09:30.893+0000] {processor.py:186} INFO - Started process (PID=657) to work on /home/airflow/.local/lib/python3.12/site-packages/airflow/example_dags/example_branch_operator_decorator.py
[2024-10-19T00:09:30.894+0000] {processor.py:914} INFO - Processing file /home/airflow/.local/lib/python3.12/site-packages/airflow/example_dags/example_branch_operator_decorator.py for tasks to queue
[2024-10-19T00:09:30.895+0000] {logging_mixin.py:190} INFO - [2024-10-19T00:09:30.895+0000] {dagbag.py:588} INFO - Filling up the DagBag from /home/airflow/.local/lib/python3.12/site-packages/airflow/example_dags/example_branch_operator_decorator.py
[2024-10-19T00:09:30.911+0000] {processor.py:925} INFO - DAG(s) 'example_branch_python_operator_decorator' retrieved from /home/airflow/.local/lib/python3.12/site-packages/airflow/example_dags/example_branch_operator_decorator.py
[2024-10-19T00:09:30.932+0000] {logging_mixin.py:190} INFO - [2024-10-19T00:09:30.932+0000] {dag.py:3239} INFO - Sync 1 DAGs
[2024-10-19T00:09:30.950+0000] {logging_mixin.py:190} INFO - [2024-10-19T00:09:30.950+0000] {dag.py:4180} INFO - Setting next_dagrun for example_branch_python_operator_decorator to 2024-10-18 00:00:00+00:00, run_after=2024-10-19 00:00:00+00:00
[2024-10-19T00:09:30.968+0000] {processor.py:208} INFO - Processing /home/airflow/.local/lib/python3.12/site-packages/airflow/example_dags/example_branch_operator_decorator.py took 0.080 seconds
[2024-10-19T00:10:01.572+0000] {processor.py:186} INFO - Started process (PID=719) to work on /home/airflow/.local/lib/python3.12/site-packages/airflow/example_dags/example_branch_operator_decorator.py
[2024-10-19T00:10:01.574+0000] {processor.py:914} INFO - Processing file /home/airflow/.local/lib/python3.12/site-packages/airflow/example_dags/example_branch_operator_decorator.py for tasks to queue
[2024-10-19T00:10:01.577+0000] {logging_mixin.py:190} INFO - [2024-10-19T00:10:01.577+0000] {dagbag.py:588} INFO - Filling up the DagBag from /home/airflow/.local/lib/python3.12/site-packages/airflow/example_dags/example_branch_operator_decorator.py
[2024-10-19T00:10:01.600+0000] {processor.py:925} INFO - DAG(s) 'example_branch_python_operator_decorator' retrieved from /home/airflow/.local/lib/python3.12/site-packages/airflow/example_dags/example_branch_operator_decorator.py
[2024-10-19T00:10:01.636+0000] {logging_mixin.py:190} INFO - [2024-10-19T00:10:01.636+0000] {dag.py:3239} INFO - Sync 1 DAGs
[2024-10-19T00:10:01.670+0000] {logging_mixin.py:190} INFO - [2024-10-19T00:10:01.670+0000] {dag.py:4180} INFO - Setting next_dagrun for example_branch_python_operator_decorator to 2024-10-18 00:00:00+00:00, run_after=2024-10-19 00:00:00+00:00
[2024-10-19T00:10:01.702+0000] {processor.py:208} INFO - Processing /home/airflow/.local/lib/python3.12/site-packages/airflow/example_dags/example_branch_operator_decorator.py took 0.135 seconds
[2024-10-19T00:10:31.833+0000] {processor.py:186} INFO - Started process (PID=781) to work on /home/airflow/.local/lib/python3.12/site-packages/airflow/example_dags/example_branch_operator_decorator.py
[2024-10-19T00:10:31.834+0000] {processor.py:914} INFO - Processing file /home/airflow/.local/lib/python3.12/site-packages/airflow/example_dags/example_branch_operator_decorator.py for tasks to queue
[2024-10-19T00:10:31.837+0000] {logging_mixin.py:190} INFO - [2024-10-19T00:10:31.836+0000] {dagbag.py:588} INFO - Filling up the DagBag from /home/airflow/.local/lib/python3.12/site-packages/airflow/example_dags/example_branch_operator_decorator.py
[2024-10-19T00:10:31.856+0000] {processor.py:925} INFO - DAG(s) 'example_branch_python_operator_decorator' retrieved from /home/airflow/.local/lib/python3.12/site-packages/airflow/example_dags/example_branch_operator_decorator.py
[2024-10-19T00:10:31.884+0000] {logging_mixin.py:190} INFO - [2024-10-19T00:10:31.883+0000] {dag.py:3239} INFO - Sync 1 DAGs
[2024-10-19T00:10:31.908+0000] {logging_mixin.py:190} INFO - [2024-10-19T00:10:31.907+0000] {dag.py:4180} INFO - Setting next_dagrun for example_branch_python_operator_decorator to 2024-10-18 00:00:00+00:00, run_after=2024-10-19 00:00:00+00:00
[2024-10-19T00:10:31.932+0000] {processor.py:208} INFO - Processing /home/airflow/.local/lib/python3.12/site-packages/airflow/example_dags/example_branch_operator_decorator.py took 0.104 seconds
[2024-10-19T00:11:02.239+0000] {processor.py:186} INFO - Started process (PID=843) to work on /home/airflow/.local/lib/python3.12/site-packages/airflow/example_dags/example_branch_operator_decorator.py
[2024-10-19T00:11:02.241+0000] {processor.py:914} INFO - Processing file /home/airflow/.local/lib/python3.12/site-packages/airflow/example_dags/example_branch_operator_decorator.py for tasks to queue
[2024-10-19T00:11:02.243+0000] {logging_mixin.py:190} INFO - [2024-10-19T00:11:02.243+0000] {dagbag.py:588} INFO - Filling up the DagBag from /home/airflow/.local/lib/python3.12/site-packages/airflow/example_dags/example_branch_operator_decorator.py
[2024-10-19T00:11:02.267+0000] {processor.py:925} INFO - DAG(s) 'example_branch_python_operator_decorator' retrieved from /home/airflow/.local/lib/python3.12/site-packages/airflow/example_dags/example_branch_operator_decorator.py
[2024-10-19T00:11:02.300+0000] {logging_mixin.py:190} INFO - [2024-10-19T00:11:02.300+0000] {dag.py:3239} INFO - Sync 1 DAGs
[2024-10-19T00:11:02.328+0000] {logging_mixin.py:190} INFO - [2024-10-19T00:11:02.328+0000] {dag.py:4180} INFO - Setting next_dagrun for example_branch_python_operator_decorator to 2024-10-18 00:00:00+00:00, run_after=2024-10-19 00:00:00+00:00
[2024-10-19T00:11:02.353+0000] {processor.py:208} INFO - Processing /home/airflow/.local/lib/python3.12/site-packages/airflow/example_dags/example_branch_operator_decorator.py took 0.120 seconds
[2024-10-19T00:11:33.292+0000] {processor.py:186} INFO - Started process (PID=905) to work on /home/airflow/.local/lib/python3.12/site-packages/airflow/example_dags/example_branch_operator_decorator.py
[2024-10-19T00:11:33.294+0000] {processor.py:914} INFO - Processing file /home/airflow/.local/lib/python3.12/site-packages/airflow/example_dags/example_branch_operator_decorator.py for tasks to queue
[2024-10-19T00:11:33.297+0000] {logging_mixin.py:190} INFO - [2024-10-19T00:11:33.296+0000] {dagbag.py:588} INFO - Filling up the DagBag from /home/airflow/.local/lib/python3.12/site-packages/airflow/example_dags/example_branch_operator_decorator.py
[2024-10-19T00:11:33.319+0000] {processor.py:925} INFO - DAG(s) 'example_branch_python_operator_decorator' retrieved from /home/airflow/.local/lib/python3.12/site-packages/airflow/example_dags/example_branch_operator_decorator.py
[2024-10-19T00:11:33.351+0000] {logging_mixin.py:190} INFO - [2024-10-19T00:11:33.351+0000] {dag.py:3239} INFO - Sync 1 DAGs
[2024-10-19T00:11:33.376+0000] {logging_mixin.py:190} INFO - [2024-10-19T00:11:33.376+0000] {dag.py:4180} INFO - Setting next_dagrun for example_branch_python_operator_decorator to 2024-10-18 00:00:00+00:00, run_after=2024-10-19 00:00:00+00:00
[2024-10-19T00:11:33.396+0000] {processor.py:208} INFO - Processing /home/airflow/.local/lib/python3.12/site-packages/airflow/example_dags/example_branch_operator_decorator.py took 0.110 seconds
[2024-10-19T00:12:03.930+0000] {processor.py:186} INFO - Started process (PID=968) to work on /home/airflow/.local/lib/python3.12/site-packages/airflow/example_dags/example_branch_operator_decorator.py
[2024-10-19T00:12:03.931+0000] {processor.py:914} INFO - Processing file /home/airflow/.local/lib/python3.12/site-packages/airflow/example_dags/example_branch_operator_decorator.py for tasks to queue
[2024-10-19T00:12:03.933+0000] {logging_mixin.py:190} INFO - [2024-10-19T00:12:03.933+0000] {dagbag.py:588} INFO - Filling up the DagBag from /home/airflow/.local/lib/python3.12/site-packages/airflow/example_dags/example_branch_operator_decorator.py
[2024-10-19T00:12:03.951+0000] {processor.py:925} INFO - DAG(s) 'example_branch_python_operator_decorator' retrieved from /home/airflow/.local/lib/python3.12/site-packages/airflow/example_dags/example_branch_operator_decorator.py
[2024-10-19T00:12:03.977+0000] {logging_mixin.py:190} INFO - [2024-10-19T00:12:03.977+0000] {dag.py:3239} INFO - Sync 1 DAGs
[2024-10-19T00:12:04.001+0000] {logging_mixin.py:190} INFO - [2024-10-19T00:12:04.001+0000] {dag.py:4180} INFO - Setting next_dagrun for example_branch_python_operator_decorator to 2024-10-18 00:00:00+00:00, run_after=2024-10-19 00:00:00+00:00
[2024-10-19T00:12:04.021+0000] {processor.py:208} INFO - Processing /home/airflow/.local/lib/python3.12/site-packages/airflow/example_dags/example_branch_operator_decorator.py took 0.096 seconds
[2024-10-19T00:12:34.708+0000] {processor.py:186} INFO - Started process (PID=1030) to work on /home/airflow/.local/lib/python3.12/site-packages/airflow/example_dags/example_branch_operator_decorator.py
[2024-10-19T00:12:34.709+0000] {processor.py:914} INFO - Processing file /home/airflow/.local/lib/python3.12/site-packages/airflow/example_dags/example_branch_operator_decorator.py for tasks to queue
[2024-10-19T00:12:34.711+0000] {logging_mixin.py:190} INFO - [2024-10-19T00:12:34.711+0000] {dagbag.py:588} INFO - Filling up the DagBag from /home/airflow/.local/lib/python3.12/site-packages/airflow/example_dags/example_branch_operator_decorator.py
[2024-10-19T00:12:34.728+0000] {processor.py:925} INFO - DAG(s) 'example_branch_python_operator_decorator' retrieved from /home/airflow/.local/lib/python3.12/site-packages/airflow/example_dags/example_branch_operator_decorator.py
[2024-10-19T00:12:34.754+0000] {logging_mixin.py:190} INFO - [2024-10-19T00:12:34.753+0000] {dag.py:3239} INFO - Sync 1 DAGs
[2024-10-19T00:12:34.774+0000] {logging_mixin.py:190} INFO - [2024-10-19T00:12:34.774+0000] {dag.py:4180} INFO - Setting next_dagrun for example_branch_python_operator_decorator to 2024-10-18 00:00:00+00:00, run_after=2024-10-19 00:00:00+00:00
[2024-10-19T00:12:34.791+0000] {processor.py:208} INFO - Processing /home/airflow/.local/lib/python3.12/site-packages/airflow/example_dags/example_branch_operator_decorator.py took 0.088 seconds
[2024-10-19T00:13:05.100+0000] {processor.py:186} INFO - Started process (PID=1091) to work on /home/airflow/.local/lib/python3.12/site-packages/airflow/example_dags/example_branch_operator_decorator.py
[2024-10-19T00:13:05.100+0000] {processor.py:914} INFO - Processing file /home/airflow/.local/lib/python3.12/site-packages/airflow/example_dags/example_branch_operator_decorator.py for tasks to queue
[2024-10-19T00:13:05.102+0000] {logging_mixin.py:190} INFO - [2024-10-19T00:13:05.102+0000] {dagbag.py:588} INFO - Filling up the DagBag from /home/airflow/.local/lib/python3.12/site-packages/airflow/example_dags/example_branch_operator_decorator.py
[2024-10-19T00:13:05.120+0000] {processor.py:925} INFO - DAG(s) 'example_branch_python_operator_decorator' retrieved from /home/airflow/.local/lib/python3.12/site-packages/airflow/example_dags/example_branch_operator_decorator.py
[2024-10-19T00:13:05.144+0000] {logging_mixin.py:190} INFO - [2024-10-19T00:13:05.144+0000] {dag.py:3239} INFO - Sync 1 DAGs
[2024-10-19T00:13:05.166+0000] {logging_mixin.py:190} INFO - [2024-10-19T00:13:05.166+0000] {dag.py:4180} INFO - Setting next_dagrun for example_branch_python_operator_decorator to 2024-10-18 00:00:00+00:00, run_after=2024-10-19 00:00:00+00:00
[2024-10-19T00:13:05.186+0000] {processor.py:208} INFO - Processing /home/airflow/.local/lib/python3.12/site-packages/airflow/example_dags/example_branch_operator_decorator.py took 0.091 seconds
[2024-10-19T00:13:35.673+0000] {processor.py:186} INFO - Started process (PID=1153) to work on /home/airflow/.local/lib/python3.12/site-packages/airflow/example_dags/example_branch_operator_decorator.py
[2024-10-19T00:13:35.675+0000] {processor.py:914} INFO - Processing file /home/airflow/.local/lib/python3.12/site-packages/airflow/example_dags/example_branch_operator_decorator.py for tasks to queue
[2024-10-19T00:13:35.678+0000] {logging_mixin.py:190} INFO - [2024-10-19T00:13:35.678+0000] {dagbag.py:588} INFO - Filling up the DagBag from /home/airflow/.local/lib/python3.12/site-packages/airflow/example_dags/example_branch_operator_decorator.py
[2024-10-19T00:13:35.702+0000] {processor.py:925} INFO - DAG(s) 'example_branch_python_operator_decorator' retrieved from /home/airflow/.local/lib/python3.12/site-packages/airflow/example_dags/example_branch_operator_decorator.py
[2024-10-19T00:13:35.738+0000] {logging_mixin.py:190} INFO - [2024-10-19T00:13:35.737+0000] {dag.py:3239} INFO - Sync 1 DAGs
[2024-10-19T00:13:35.765+0000] {logging_mixin.py:190} INFO - [2024-10-19T00:13:35.764+0000] {dag.py:4180} INFO - Setting next_dagrun for example_branch_python_operator_decorator to 2024-10-18 00:00:00+00:00, run_after=2024-10-19 00:00:00+00:00
[2024-10-19T00:13:35.787+0000] {processor.py:208} INFO - Processing /home/airflow/.local/lib/python3.12/site-packages/airflow/example_dags/example_branch_operator_decorator.py took 0.121 seconds
[2024-10-19T00:14:06.047+0000] {processor.py:186} INFO - Started process (PID=1215) to work on /home/airflow/.local/lib/python3.12/site-packages/airflow/example_dags/example_branch_operator_decorator.py
[2024-10-19T00:14:06.048+0000] {processor.py:914} INFO - Processing file /home/airflow/.local/lib/python3.12/site-packages/airflow/example_dags/example_branch_operator_decorator.py for tasks to queue
[2024-10-19T00:14:06.050+0000] {logging_mixin.py:190} INFO - [2024-10-19T00:14:06.050+0000] {dagbag.py:588} INFO - Filling up the DagBag from /home/airflow/.local/lib/python3.12/site-packages/airflow/example_dags/example_branch_operator_decorator.py
[2024-10-19T00:14:06.069+0000] {processor.py:925} INFO - DAG(s) 'example_branch_python_operator_decorator' retrieved from /home/airflow/.local/lib/python3.12/site-packages/airflow/example_dags/example_branch_operator_decorator.py
[2024-10-19T00:14:06.126+0000] {logging_mixin.py:190} INFO - [2024-10-19T00:14:06.126+0000] {dag.py:3239} INFO - Sync 1 DAGs
[2024-10-19T00:14:06.159+0000] {logging_mixin.py:190} INFO - [2024-10-19T00:14:06.159+0000] {dag.py:4180} INFO - Setting next_dagrun for example_branch_python_operator_decorator to 2024-10-18 00:00:00+00:00, run_after=2024-10-19 00:00:00+00:00
[2024-10-19T00:14:06.190+0000] {processor.py:208} INFO - Processing /home/airflow/.local/lib/python3.12/site-packages/airflow/example_dags/example_branch_operator_decorator.py took 0.149 seconds
[2024-10-19T00:14:36.762+0000] {processor.py:186} INFO - Started process (PID=1277) to work on /home/airflow/.local/lib/python3.12/site-packages/airflow/example_dags/example_branch_operator_decorator.py
[2024-10-19T00:14:36.764+0000] {processor.py:914} INFO - Processing file /home/airflow/.local/lib/python3.12/site-packages/airflow/example_dags/example_branch_operator_decorator.py for tasks to queue
[2024-10-19T00:14:36.766+0000] {logging_mixin.py:190} INFO - [2024-10-19T00:14:36.765+0000] {dagbag.py:588} INFO - Filling up the DagBag from /home/airflow/.local/lib/python3.12/site-packages/airflow/example_dags/example_branch_operator_decorator.py
[2024-10-19T00:14:36.783+0000] {processor.py:925} INFO - DAG(s) 'example_branch_python_operator_decorator' retrieved from /home/airflow/.local/lib/python3.12/site-packages/airflow/example_dags/example_branch_operator_decorator.py
[2024-10-19T00:14:36.807+0000] {logging_mixin.py:190} INFO - [2024-10-19T00:14:36.807+0000] {dag.py:3239} INFO - Sync 1 DAGs
[2024-10-19T00:14:36.828+0000] {logging_mixin.py:190} INFO - [2024-10-19T00:14:36.828+0000] {dag.py:4180} INFO - Setting next_dagrun for example_branch_python_operator_decorator to 2024-10-18 00:00:00+00:00, run_after=2024-10-19 00:00:00+00:00
[2024-10-19T00:14:36.846+0000] {processor.py:208} INFO - Processing /home/airflow/.local/lib/python3.12/site-packages/airflow/example_dags/example_branch_operator_decorator.py took 0.089 seconds
[2024-10-19T00:15:07.423+0000] {processor.py:186} INFO - Started process (PID=1339) to work on /home/airflow/.local/lib/python3.12/site-packages/airflow/example_dags/example_branch_operator_decorator.py
[2024-10-19T00:15:07.424+0000] {processor.py:914} INFO - Processing file /home/airflow/.local/lib/python3.12/site-packages/airflow/example_dags/example_branch_operator_decorator.py for tasks to queue
[2024-10-19T00:15:07.426+0000] {logging_mixin.py:190} INFO - [2024-10-19T00:15:07.425+0000] {dagbag.py:588} INFO - Filling up the DagBag from /home/airflow/.local/lib/python3.12/site-packages/airflow/example_dags/example_branch_operator_decorator.py
[2024-10-19T00:15:07.442+0000] {processor.py:925} INFO - DAG(s) 'example_branch_python_operator_decorator' retrieved from /home/airflow/.local/lib/python3.12/site-packages/airflow/example_dags/example_branch_operator_decorator.py
[2024-10-19T00:15:07.463+0000] {logging_mixin.py:190} INFO - [2024-10-19T00:15:07.463+0000] {dag.py:3239} INFO - Sync 1 DAGs
[2024-10-19T00:15:07.483+0000] {logging_mixin.py:190} INFO - [2024-10-19T00:15:07.482+0000] {dag.py:4180} INFO - Setting next_dagrun for example_branch_python_operator_decorator to 2024-10-18 00:00:00+00:00, run_after=2024-10-19 00:00:00+00:00
[2024-10-19T00:15:07.502+0000] {processor.py:208} INFO - Processing /home/airflow/.local/lib/python3.12/site-packages/airflow/example_dags/example_branch_operator_decorator.py took 0.084 seconds
[2024-10-19T00:15:38.305+0000] {processor.py:186} INFO - Started process (PID=1401) to work on /home/airflow/.local/lib/python3.12/site-packages/airflow/example_dags/example_branch_operator_decorator.py
[2024-10-19T00:15:38.306+0000] {processor.py:914} INFO - Processing file /home/airflow/.local/lib/python3.12/site-packages/airflow/example_dags/example_branch_operator_decorator.py for tasks to queue
[2024-10-19T00:15:38.308+0000] {logging_mixin.py:190} INFO - [2024-10-19T00:15:38.308+0000] {dagbag.py:588} INFO - Filling up the DagBag from /home/airflow/.local/lib/python3.12/site-packages/airflow/example_dags/example_branch_operator_decorator.py
[2024-10-19T00:15:38.325+0000] {processor.py:925} INFO - DAG(s) 'example_branch_python_operator_decorator' retrieved from /home/airflow/.local/lib/python3.12/site-packages/airflow/example_dags/example_branch_operator_decorator.py
[2024-10-19T00:15:38.349+0000] {logging_mixin.py:190} INFO - [2024-10-19T00:15:38.349+0000] {dag.py:3239} INFO - Sync 1 DAGs
[2024-10-19T00:15:38.370+0000] {logging_mixin.py:190} INFO - [2024-10-19T00:15:38.370+0000] {dag.py:4180} INFO - Setting next_dagrun for example_branch_python_operator_decorator to 2024-10-18 00:00:00+00:00, run_after=2024-10-19 00:00:00+00:00
[2024-10-19T00:15:38.388+0000] {processor.py:208} INFO - Processing /home/airflow/.local/lib/python3.12/site-packages/airflow/example_dags/example_branch_operator_decorator.py took 0.087 seconds
[2024-10-19T00:16:09.009+0000] {processor.py:186} INFO - Started process (PID=1462) to work on /home/airflow/.local/lib/python3.12/site-packages/airflow/example_dags/example_branch_operator_decorator.py
[2024-10-19T00:16:09.010+0000] {processor.py:914} INFO - Processing file /home/airflow/.local/lib/python3.12/site-packages/airflow/example_dags/example_branch_operator_decorator.py for tasks to queue
[2024-10-19T00:16:09.013+0000] {logging_mixin.py:190} INFO - [2024-10-19T00:16:09.013+0000] {dagbag.py:588} INFO - Filling up the DagBag from /home/airflow/.local/lib/python3.12/site-packages/airflow/example_dags/example_branch_operator_decorator.py
[2024-10-19T00:16:09.032+0000] {processor.py:925} INFO - DAG(s) 'example_branch_python_operator_decorator' retrieved from /home/airflow/.local/lib/python3.12/site-packages/airflow/example_dags/example_branch_operator_decorator.py
[2024-10-19T00:16:09.059+0000] {logging_mixin.py:190} INFO - [2024-10-19T00:16:09.058+0000] {dag.py:3239} INFO - Sync 1 DAGs
[2024-10-19T00:16:09.084+0000] {logging_mixin.py:190} INFO - [2024-10-19T00:16:09.084+0000] {dag.py:4180} INFO - Setting next_dagrun for example_branch_python_operator_decorator to 2024-10-18 00:00:00+00:00, run_after=2024-10-19 00:00:00+00:00
[2024-10-19T00:16:09.104+0000] {processor.py:208} INFO - Processing /home/airflow/.local/lib/python3.12/site-packages/airflow/example_dags/example_branch_operator_decorator.py took 0.100 seconds
[2024-10-19T00:16:39.832+0000] {processor.py:186} INFO - Started process (PID=1524) to work on /home/airflow/.local/lib/python3.12/site-packages/airflow/example_dags/example_branch_operator_decorator.py
[2024-10-19T00:16:39.833+0000] {processor.py:914} INFO - Processing file /home/airflow/.local/lib/python3.12/site-packages/airflow/example_dags/example_branch_operator_decorator.py for tasks to queue
[2024-10-19T00:16:39.835+0000] {logging_mixin.py:190} INFO - [2024-10-19T00:16:39.835+0000] {dagbag.py:588} INFO - Filling up the DagBag from /home/airflow/.local/lib/python3.12/site-packages/airflow/example_dags/example_branch_operator_decorator.py
[2024-10-19T00:16:39.852+0000] {processor.py:925} INFO - DAG(s) 'example_branch_python_operator_decorator' retrieved from /home/airflow/.local/lib/python3.12/site-packages/airflow/example_dags/example_branch_operator_decorator.py
[2024-10-19T00:16:39.874+0000] {logging_mixin.py:190} INFO - [2024-10-19T00:16:39.873+0000] {dag.py:3239} INFO - Sync 1 DAGs
[2024-10-19T00:16:39.893+0000] {logging_mixin.py:190} INFO - [2024-10-19T00:16:39.893+0000] {dag.py:4180} INFO - Setting next_dagrun for example_branch_python_operator_decorator to 2024-10-18 00:00:00+00:00, run_after=2024-10-19 00:00:00+00:00
[2024-10-19T00:16:39.910+0000] {processor.py:208} INFO - Processing /home/airflow/.local/lib/python3.12/site-packages/airflow/example_dags/example_branch_operator_decorator.py took 0.083 seconds
[2024-10-19T00:17:10.149+0000] {processor.py:186} INFO - Started process (PID=1586) to work on /home/airflow/.local/lib/python3.12/site-packages/airflow/example_dags/example_branch_operator_decorator.py
[2024-10-19T00:17:10.151+0000] {processor.py:914} INFO - Processing file /home/airflow/.local/lib/python3.12/site-packages/airflow/example_dags/example_branch_operator_decorator.py for tasks to queue
[2024-10-19T00:17:10.153+0000] {logging_mixin.py:190} INFO - [2024-10-19T00:17:10.153+0000] {dagbag.py:588} INFO - Filling up the DagBag from /home/airflow/.local/lib/python3.12/site-packages/airflow/example_dags/example_branch_operator_decorator.py
[2024-10-19T00:17:10.173+0000] {processor.py:925} INFO - DAG(s) 'example_branch_python_operator_decorator' retrieved from /home/airflow/.local/lib/python3.12/site-packages/airflow/example_dags/example_branch_operator_decorator.py
[2024-10-19T00:17:10.199+0000] {logging_mixin.py:190} INFO - [2024-10-19T00:17:10.199+0000] {dag.py:3239} INFO - Sync 1 DAGs
[2024-10-19T00:17:10.224+0000] {logging_mixin.py:190} INFO - [2024-10-19T00:17:10.223+0000] {dag.py:4180} INFO - Setting next_dagrun for example_branch_python_operator_decorator to 2024-10-18 00:00:00+00:00, run_after=2024-10-19 00:00:00+00:00
[2024-10-19T00:17:10.245+0000] {processor.py:208} INFO - Processing /home/airflow/.local/lib/python3.12/site-packages/airflow/example_dags/example_branch_operator_decorator.py took 0.102 seconds
[2024-10-19T00:17:40.791+0000] {processor.py:186} INFO - Started process (PID=1648) to work on /home/airflow/.local/lib/python3.12/site-packages/airflow/example_dags/example_branch_operator_decorator.py
[2024-10-19T00:17:40.793+0000] {processor.py:914} INFO - Processing file /home/airflow/.local/lib/python3.12/site-packages/airflow/example_dags/example_branch_operator_decorator.py for tasks to queue
[2024-10-19T00:17:40.795+0000] {logging_mixin.py:190} INFO - [2024-10-19T00:17:40.795+0000] {dagbag.py:588} INFO - Filling up the DagBag from /home/airflow/.local/lib/python3.12/site-packages/airflow/example_dags/example_branch_operator_decorator.py
[2024-10-19T00:17:40.818+0000] {processor.py:925} INFO - DAG(s) 'example_branch_python_operator_decorator' retrieved from /home/airflow/.local/lib/python3.12/site-packages/airflow/example_dags/example_branch_operator_decorator.py
[2024-10-19T00:17:40.846+0000] {logging_mixin.py:190} INFO - [2024-10-19T00:17:40.846+0000] {dag.py:3239} INFO - Sync 1 DAGs
[2024-10-19T00:17:40.871+0000] {logging_mixin.py:190} INFO - [2024-10-19T00:17:40.871+0000] {dag.py:4180} INFO - Setting next_dagrun for example_branch_python_operator_decorator to 2024-10-18 00:00:00+00:00, run_after=2024-10-19 00:00:00+00:00
[2024-10-19T00:17:40.895+0000] {processor.py:208} INFO - Processing /home/airflow/.local/lib/python3.12/site-packages/airflow/example_dags/example_branch_operator_decorator.py took 0.110 seconds
[2024-10-19T00:18:11.443+0000] {processor.py:186} INFO - Started process (PID=1710) to work on /home/airflow/.local/lib/python3.12/site-packages/airflow/example_dags/example_branch_operator_decorator.py
[2024-10-19T00:18:11.444+0000] {processor.py:914} INFO - Processing file /home/airflow/.local/lib/python3.12/site-packages/airflow/example_dags/example_branch_operator_decorator.py for tasks to queue
[2024-10-19T00:18:11.446+0000] {logging_mixin.py:190} INFO - [2024-10-19T00:18:11.446+0000] {dagbag.py:588} INFO - Filling up the DagBag from /home/airflow/.local/lib/python3.12/site-packages/airflow/example_dags/example_branch_operator_decorator.py
[2024-10-19T00:18:11.467+0000] {processor.py:925} INFO - DAG(s) 'example_branch_python_operator_decorator' retrieved from /home/airflow/.local/lib/python3.12/site-packages/airflow/example_dags/example_branch_operator_decorator.py
[2024-10-19T00:18:11.495+0000] {logging_mixin.py:190} INFO - [2024-10-19T00:18:11.495+0000] {dag.py:3239} INFO - Sync 1 DAGs
[2024-10-19T00:18:11.517+0000] {logging_mixin.py:190} INFO - [2024-10-19T00:18:11.517+0000] {dag.py:4180} INFO - Setting next_dagrun for example_branch_python_operator_decorator to 2024-10-18 00:00:00+00:00, run_after=2024-10-19 00:00:00+00:00
[2024-10-19T00:18:11.537+0000] {processor.py:208} INFO - Processing /home/airflow/.local/lib/python3.12/site-packages/airflow/example_dags/example_branch_operator_decorator.py took 0.100 seconds
[2024-10-19T00:18:41.660+0000] {processor.py:186} INFO - Started process (PID=1771) to work on /home/airflow/.local/lib/python3.12/site-packages/airflow/example_dags/example_branch_operator_decorator.py
[2024-10-19T00:18:41.662+0000] {processor.py:914} INFO - Processing file /home/airflow/.local/lib/python3.12/site-packages/airflow/example_dags/example_branch_operator_decorator.py for tasks to queue
[2024-10-19T00:18:41.664+0000] {logging_mixin.py:190} INFO - [2024-10-19T00:18:41.664+0000] {dagbag.py:588} INFO - Filling up the DagBag from /home/airflow/.local/lib/python3.12/site-packages/airflow/example_dags/example_branch_operator_decorator.py
[2024-10-19T00:18:41.689+0000] {processor.py:925} INFO - DAG(s) 'example_branch_python_operator_decorator' retrieved from /home/airflow/.local/lib/python3.12/site-packages/airflow/example_dags/example_branch_operator_decorator.py
[2024-10-19T00:18:41.718+0000] {logging_mixin.py:190} INFO - [2024-10-19T00:18:41.717+0000] {dag.py:3239} INFO - Sync 1 DAGs
[2024-10-19T00:18:41.743+0000] {logging_mixin.py:190} INFO - [2024-10-19T00:18:41.742+0000] {dag.py:4180} INFO - Setting next_dagrun for example_branch_python_operator_decorator to 2024-10-18 00:00:00+00:00, run_after=2024-10-19 00:00:00+00:00
[2024-10-19T00:18:41.763+0000] {processor.py:208} INFO - Processing /home/airflow/.local/lib/python3.12/site-packages/airflow/example_dags/example_branch_operator_decorator.py took 0.109 seconds
[2024-10-19T00:19:12.696+0000] {processor.py:186} INFO - Started process (PID=1833) to work on /home/airflow/.local/lib/python3.12/site-packages/airflow/example_dags/example_branch_operator_decorator.py
[2024-10-19T00:19:12.697+0000] {processor.py:914} INFO - Processing file /home/airflow/.local/lib/python3.12/site-packages/airflow/example_dags/example_branch_operator_decorator.py for tasks to queue
[2024-10-19T00:19:12.699+0000] {logging_mixin.py:190} INFO - [2024-10-19T00:19:12.699+0000] {dagbag.py:588} INFO - Filling up the DagBag from /home/airflow/.local/lib/python3.12/site-packages/airflow/example_dags/example_branch_operator_decorator.py
[2024-10-19T00:19:12.719+0000] {processor.py:925} INFO - DAG(s) 'example_branch_python_operator_decorator' retrieved from /home/airflow/.local/lib/python3.12/site-packages/airflow/example_dags/example_branch_operator_decorator.py
[2024-10-19T00:19:12.747+0000] {logging_mixin.py:190} INFO - [2024-10-19T00:19:12.746+0000] {dag.py:3239} INFO - Sync 1 DAGs
[2024-10-19T00:19:12.772+0000] {logging_mixin.py:190} INFO - [2024-10-19T00:19:12.772+0000] {dag.py:4180} INFO - Setting next_dagrun for example_branch_python_operator_decorator to 2024-10-18 00:00:00+00:00, run_after=2024-10-19 00:00:00+00:00
[2024-10-19T00:19:12.791+0000] {processor.py:208} INFO - Processing /home/airflow/.local/lib/python3.12/site-packages/airflow/example_dags/example_branch_operator_decorator.py took 0.101 seconds
[2024-10-19T00:19:43.161+0000] {processor.py:186} INFO - Started process (PID=1895) to work on /home/airflow/.local/lib/python3.12/site-packages/airflow/example_dags/example_branch_operator_decorator.py
[2024-10-19T00:19:43.162+0000] {processor.py:914} INFO - Processing file /home/airflow/.local/lib/python3.12/site-packages/airflow/example_dags/example_branch_operator_decorator.py for tasks to queue
[2024-10-19T00:19:43.164+0000] {logging_mixin.py:190} INFO - [2024-10-19T00:19:43.164+0000] {dagbag.py:588} INFO - Filling up the DagBag from /home/airflow/.local/lib/python3.12/site-packages/airflow/example_dags/example_branch_operator_decorator.py
[2024-10-19T00:19:43.182+0000] {processor.py:925} INFO - DAG(s) 'example_branch_python_operator_decorator' retrieved from /home/airflow/.local/lib/python3.12/site-packages/airflow/example_dags/example_branch_operator_decorator.py
[2024-10-19T00:19:43.206+0000] {logging_mixin.py:190} INFO - [2024-10-19T00:19:43.206+0000] {dag.py:3239} INFO - Sync 1 DAGs
[2024-10-19T00:19:43.227+0000] {logging_mixin.py:190} INFO - [2024-10-19T00:19:43.227+0000] {dag.py:4180} INFO - Setting next_dagrun for example_branch_python_operator_decorator to 2024-10-18 00:00:00+00:00, run_after=2024-10-19 00:00:00+00:00
[2024-10-19T00:19:43.243+0000] {processor.py:208} INFO - Processing /home/airflow/.local/lib/python3.12/site-packages/airflow/example_dags/example_branch_operator_decorator.py took 0.087 seconds
[2024-10-19T00:20:13.837+0000] {processor.py:186} INFO - Started process (PID=1957) to work on /home/airflow/.local/lib/python3.12/site-packages/airflow/example_dags/example_branch_operator_decorator.py
[2024-10-19T00:20:13.838+0000] {processor.py:914} INFO - Processing file /home/airflow/.local/lib/python3.12/site-packages/airflow/example_dags/example_branch_operator_decorator.py for tasks to queue
[2024-10-19T00:20:13.840+0000] {logging_mixin.py:190} INFO - [2024-10-19T00:20:13.840+0000] {dagbag.py:588} INFO - Filling up the DagBag from /home/airflow/.local/lib/python3.12/site-packages/airflow/example_dags/example_branch_operator_decorator.py
[2024-10-19T00:20:13.858+0000] {processor.py:925} INFO - DAG(s) 'example_branch_python_operator_decorator' retrieved from /home/airflow/.local/lib/python3.12/site-packages/airflow/example_dags/example_branch_operator_decorator.py
[2024-10-19T00:20:13.881+0000] {logging_mixin.py:190} INFO - [2024-10-19T00:20:13.881+0000] {dag.py:3239} INFO - Sync 1 DAGs
[2024-10-19T00:20:13.904+0000] {logging_mixin.py:190} INFO - [2024-10-19T00:20:13.903+0000] {dag.py:4180} INFO - Setting next_dagrun for example_branch_python_operator_decorator to 2024-10-18 00:00:00+00:00, run_after=2024-10-19 00:00:00+00:00
[2024-10-19T00:20:13.921+0000] {processor.py:208} INFO - Processing /home/airflow/.local/lib/python3.12/site-packages/airflow/example_dags/example_branch_operator_decorator.py took 0.089 seconds
[2024-10-19T00:20:44.721+0000] {processor.py:186} INFO - Started process (PID=2019) to work on /home/airflow/.local/lib/python3.12/site-packages/airflow/example_dags/example_branch_operator_decorator.py
[2024-10-19T00:20:44.722+0000] {processor.py:914} INFO - Processing file /home/airflow/.local/lib/python3.12/site-packages/airflow/example_dags/example_branch_operator_decorator.py for tasks to queue
[2024-10-19T00:20:44.725+0000] {logging_mixin.py:190} INFO - [2024-10-19T00:20:44.725+0000] {dagbag.py:588} INFO - Filling up the DagBag from /home/airflow/.local/lib/python3.12/site-packages/airflow/example_dags/example_branch_operator_decorator.py
[2024-10-19T00:20:44.746+0000] {processor.py:925} INFO - DAG(s) 'example_branch_python_operator_decorator' retrieved from /home/airflow/.local/lib/python3.12/site-packages/airflow/example_dags/example_branch_operator_decorator.py
[2024-10-19T00:20:44.773+0000] {logging_mixin.py:190} INFO - [2024-10-19T00:20:44.773+0000] {dag.py:3239} INFO - Sync 1 DAGs
[2024-10-19T00:20:44.796+0000] {logging_mixin.py:190} INFO - [2024-10-19T00:20:44.796+0000] {dag.py:4180} INFO - Setting next_dagrun for example_branch_python_operator_decorator to 2024-10-18 00:00:00+00:00, run_after=2024-10-19 00:00:00+00:00
[2024-10-19T00:20:44.818+0000] {processor.py:208} INFO - Processing /home/airflow/.local/lib/python3.12/site-packages/airflow/example_dags/example_branch_operator_decorator.py took 0.103 seconds
[2024-10-19T00:21:15.918+0000] {processor.py:186} INFO - Started process (PID=2081) to work on /home/airflow/.local/lib/python3.12/site-packages/airflow/example_dags/example_branch_operator_decorator.py
[2024-10-19T00:21:15.920+0000] {processor.py:914} INFO - Processing file /home/airflow/.local/lib/python3.12/site-packages/airflow/example_dags/example_branch_operator_decorator.py for tasks to queue
[2024-10-19T00:21:15.923+0000] {logging_mixin.py:190} INFO - [2024-10-19T00:21:15.923+0000] {dagbag.py:588} INFO - Filling up the DagBag from /home/airflow/.local/lib/python3.12/site-packages/airflow/example_dags/example_branch_operator_decorator.py
[2024-10-19T00:21:15.949+0000] {processor.py:925} INFO - DAG(s) 'example_branch_python_operator_decorator' retrieved from /home/airflow/.local/lib/python3.12/site-packages/airflow/example_dags/example_branch_operator_decorator.py
[2024-10-19T00:21:15.989+0000] {logging_mixin.py:190} INFO - [2024-10-19T00:21:15.988+0000] {dag.py:3239} INFO - Sync 1 DAGs
[2024-10-19T00:21:16.023+0000] {logging_mixin.py:190} INFO - [2024-10-19T00:21:16.023+0000] {dag.py:4180} INFO - Setting next_dagrun for example_branch_python_operator_decorator to 2024-10-18 00:00:00+00:00, run_after=2024-10-19 00:00:00+00:00
[2024-10-19T00:21:16.047+0000] {processor.py:208} INFO - Processing /home/airflow/.local/lib/python3.12/site-packages/airflow/example_dags/example_branch_operator_decorator.py took 0.135 seconds
[2024-10-19T00:21:46.859+0000] {processor.py:186} INFO - Started process (PID=2144) to work on /home/airflow/.local/lib/python3.12/site-packages/airflow/example_dags/example_branch_operator_decorator.py
[2024-10-19T00:21:46.860+0000] {processor.py:914} INFO - Processing file /home/airflow/.local/lib/python3.12/site-packages/airflow/example_dags/example_branch_operator_decorator.py for tasks to queue
[2024-10-19T00:21:46.862+0000] {logging_mixin.py:190} INFO - [2024-10-19T00:21:46.862+0000] {dagbag.py:588} INFO - Filling up the DagBag from /home/airflow/.local/lib/python3.12/site-packages/airflow/example_dags/example_branch_operator_decorator.py
[2024-10-19T00:21:46.880+0000] {processor.py:925} INFO - DAG(s) 'example_branch_python_operator_decorator' retrieved from /home/airflow/.local/lib/python3.12/site-packages/airflow/example_dags/example_branch_operator_decorator.py
[2024-10-19T00:21:46.904+0000] {logging_mixin.py:190} INFO - [2024-10-19T00:21:46.904+0000] {dag.py:3239} INFO - Sync 1 DAGs
[2024-10-19T00:21:46.926+0000] {logging_mixin.py:190} INFO - [2024-10-19T00:21:46.926+0000] {dag.py:4180} INFO - Setting next_dagrun for example_branch_python_operator_decorator to 2024-10-18 00:00:00+00:00, run_after=2024-10-19 00:00:00+00:00
[2024-10-19T00:21:46.944+0000] {processor.py:208} INFO - Processing /home/airflow/.local/lib/python3.12/site-packages/airflow/example_dags/example_branch_operator_decorator.py took 0.090 seconds
[2024-10-19T00:22:17.560+0000] {processor.py:186} INFO - Started process (PID=2206) to work on /home/airflow/.local/lib/python3.12/site-packages/airflow/example_dags/example_branch_operator_decorator.py
[2024-10-19T00:22:17.561+0000] {processor.py:914} INFO - Processing file /home/airflow/.local/lib/python3.12/site-packages/airflow/example_dags/example_branch_operator_decorator.py for tasks to queue
[2024-10-19T00:22:17.563+0000] {logging_mixin.py:190} INFO - [2024-10-19T00:22:17.563+0000] {dagbag.py:588} INFO - Filling up the DagBag from /home/airflow/.local/lib/python3.12/site-packages/airflow/example_dags/example_branch_operator_decorator.py
[2024-10-19T00:22:17.580+0000] {processor.py:925} INFO - DAG(s) 'example_branch_python_operator_decorator' retrieved from /home/airflow/.local/lib/python3.12/site-packages/airflow/example_dags/example_branch_operator_decorator.py
[2024-10-19T00:22:17.604+0000] {logging_mixin.py:190} INFO - [2024-10-19T00:22:17.604+0000] {dag.py:3239} INFO - Sync 1 DAGs
[2024-10-19T00:22:17.624+0000] {logging_mixin.py:190} INFO - [2024-10-19T00:22:17.624+0000] {dag.py:4180} INFO - Setting next_dagrun for example_branch_python_operator_decorator to 2024-10-18 00:00:00+00:00, run_after=2024-10-19 00:00:00+00:00
[2024-10-19T00:22:17.641+0000] {processor.py:208} INFO - Processing /home/airflow/.local/lib/python3.12/site-packages/airflow/example_dags/example_branch_operator_decorator.py took 0.086 seconds
[2024-10-19T00:22:48.078+0000] {processor.py:186} INFO - Started process (PID=2269) to work on /home/airflow/.local/lib/python3.12/site-packages/airflow/example_dags/example_branch_operator_decorator.py
[2024-10-19T00:22:48.079+0000] {processor.py:914} INFO - Processing file /home/airflow/.local/lib/python3.12/site-packages/airflow/example_dags/example_branch_operator_decorator.py for tasks to queue
[2024-10-19T00:22:48.081+0000] {logging_mixin.py:190} INFO - [2024-10-19T00:22:48.081+0000] {dagbag.py:588} INFO - Filling up the DagBag from /home/airflow/.local/lib/python3.12/site-packages/airflow/example_dags/example_branch_operator_decorator.py
[2024-10-19T00:22:48.099+0000] {processor.py:925} INFO - DAG(s) 'example_branch_python_operator_decorator' retrieved from /home/airflow/.local/lib/python3.12/site-packages/airflow/example_dags/example_branch_operator_decorator.py
[2024-10-19T00:22:48.122+0000] {logging_mixin.py:190} INFO - [2024-10-19T00:22:48.122+0000] {dag.py:3239} INFO - Sync 1 DAGs
[2024-10-19T00:22:48.143+0000] {logging_mixin.py:190} INFO - [2024-10-19T00:22:48.143+0000] {dag.py:4180} INFO - Setting next_dagrun for example_branch_python_operator_decorator to 2024-10-18 00:00:00+00:00, run_after=2024-10-19 00:00:00+00:00
[2024-10-19T00:22:48.159+0000] {processor.py:208} INFO - Processing /home/airflow/.local/lib/python3.12/site-packages/airflow/example_dags/example_branch_operator_decorator.py took 0.087 seconds
[2024-10-19T00:23:18.503+0000] {processor.py:186} INFO - Started process (PID=2331) to work on /home/airflow/.local/lib/python3.12/site-packages/airflow/example_dags/example_branch_operator_decorator.py
[2024-10-19T00:23:18.504+0000] {processor.py:914} INFO - Processing file /home/airflow/.local/lib/python3.12/site-packages/airflow/example_dags/example_branch_operator_decorator.py for tasks to queue
[2024-10-19T00:23:18.506+0000] {logging_mixin.py:190} INFO - [2024-10-19T00:23:18.506+0000] {dagbag.py:588} INFO - Filling up the DagBag from /home/airflow/.local/lib/python3.12/site-packages/airflow/example_dags/example_branch_operator_decorator.py
[2024-10-19T00:23:18.524+0000] {processor.py:925} INFO - DAG(s) 'example_branch_python_operator_decorator' retrieved from /home/airflow/.local/lib/python3.12/site-packages/airflow/example_dags/example_branch_operator_decorator.py
[2024-10-19T00:23:18.548+0000] {logging_mixin.py:190} INFO - [2024-10-19T00:23:18.547+0000] {dag.py:3239} INFO - Sync 1 DAGs
[2024-10-19T00:23:18.570+0000] {logging_mixin.py:190} INFO - [2024-10-19T00:23:18.570+0000] {dag.py:4180} INFO - Setting next_dagrun for example_branch_python_operator_decorator to 2024-10-18 00:00:00+00:00, run_after=2024-10-19 00:00:00+00:00
[2024-10-19T00:23:18.589+0000] {processor.py:208} INFO - Processing /home/airflow/.local/lib/python3.12/site-packages/airflow/example_dags/example_branch_operator_decorator.py took 0.091 seconds
[2024-10-19T00:23:49.124+0000] {processor.py:186} INFO - Started process (PID=2393) to work on /home/airflow/.local/lib/python3.12/site-packages/airflow/example_dags/example_branch_operator_decorator.py
[2024-10-19T00:23:49.125+0000] {processor.py:914} INFO - Processing file /home/airflow/.local/lib/python3.12/site-packages/airflow/example_dags/example_branch_operator_decorator.py for tasks to queue
[2024-10-19T00:23:49.128+0000] {logging_mixin.py:190} INFO - [2024-10-19T00:23:49.128+0000] {dagbag.py:588} INFO - Filling up the DagBag from /home/airflow/.local/lib/python3.12/site-packages/airflow/example_dags/example_branch_operator_decorator.py
[2024-10-19T00:23:49.153+0000] {processor.py:925} INFO - DAG(s) 'example_branch_python_operator_decorator' retrieved from /home/airflow/.local/lib/python3.12/site-packages/airflow/example_dags/example_branch_operator_decorator.py
[2024-10-19T00:23:49.183+0000] {logging_mixin.py:190} INFO - [2024-10-19T00:23:49.183+0000] {dag.py:3239} INFO - Sync 1 DAGs
[2024-10-19T00:23:49.211+0000] {logging_mixin.py:190} INFO - [2024-10-19T00:23:49.210+0000] {dag.py:4180} INFO - Setting next_dagrun for example_branch_python_operator_decorator to 2024-10-18 00:00:00+00:00, run_after=2024-10-19 00:00:00+00:00
[2024-10-19T00:23:49.250+0000] {processor.py:208} INFO - Processing /home/airflow/.local/lib/python3.12/site-packages/airflow/example_dags/example_branch_operator_decorator.py took 0.133 seconds
[2024-10-19T00:24:19.623+0000] {processor.py:186} INFO - Started process (PID=2455) to work on /home/airflow/.local/lib/python3.12/site-packages/airflow/example_dags/example_branch_operator_decorator.py
[2024-10-19T00:24:19.624+0000] {processor.py:914} INFO - Processing file /home/airflow/.local/lib/python3.12/site-packages/airflow/example_dags/example_branch_operator_decorator.py for tasks to queue
[2024-10-19T00:24:19.626+0000] {logging_mixin.py:190} INFO - [2024-10-19T00:24:19.626+0000] {dagbag.py:588} INFO - Filling up the DagBag from /home/airflow/.local/lib/python3.12/site-packages/airflow/example_dags/example_branch_operator_decorator.py
[2024-10-19T00:24:19.642+0000] {processor.py:925} INFO - DAG(s) 'example_branch_python_operator_decorator' retrieved from /home/airflow/.local/lib/python3.12/site-packages/airflow/example_dags/example_branch_operator_decorator.py
[2024-10-19T00:24:19.667+0000] {logging_mixin.py:190} INFO - [2024-10-19T00:24:19.667+0000] {dag.py:3239} INFO - Sync 1 DAGs
[2024-10-19T00:24:19.687+0000] {logging_mixin.py:190} INFO - [2024-10-19T00:24:19.687+0000] {dag.py:4180} INFO - Setting next_dagrun for example_branch_python_operator_decorator to 2024-10-18 00:00:00+00:00, run_after=2024-10-19 00:00:00+00:00
[2024-10-19T00:24:19.703+0000] {processor.py:208} INFO - Processing /home/airflow/.local/lib/python3.12/site-packages/airflow/example_dags/example_branch_operator_decorator.py took 0.085 seconds
[2024-10-19T00:24:50.207+0000] {processor.py:186} INFO - Started process (PID=2517) to work on /home/airflow/.local/lib/python3.12/site-packages/airflow/example_dags/example_branch_operator_decorator.py
[2024-10-19T00:24:50.208+0000] {processor.py:914} INFO - Processing file /home/airflow/.local/lib/python3.12/site-packages/airflow/example_dags/example_branch_operator_decorator.py for tasks to queue
[2024-10-19T00:24:50.211+0000] {logging_mixin.py:190} INFO - [2024-10-19T00:24:50.210+0000] {dagbag.py:588} INFO - Filling up the DagBag from /home/airflow/.local/lib/python3.12/site-packages/airflow/example_dags/example_branch_operator_decorator.py
[2024-10-19T00:24:50.229+0000] {processor.py:925} INFO - DAG(s) 'example_branch_python_operator_decorator' retrieved from /home/airflow/.local/lib/python3.12/site-packages/airflow/example_dags/example_branch_operator_decorator.py
[2024-10-19T00:24:50.258+0000] {logging_mixin.py:190} INFO - [2024-10-19T00:24:50.258+0000] {dag.py:3239} INFO - Sync 1 DAGs
[2024-10-19T00:24:50.285+0000] {logging_mixin.py:190} INFO - [2024-10-19T00:24:50.285+0000] {dag.py:4180} INFO - Setting next_dagrun for example_branch_python_operator_decorator to 2024-10-18 00:00:00+00:00, run_after=2024-10-19 00:00:00+00:00
[2024-10-19T00:24:50.309+0000] {processor.py:208} INFO - Processing /home/airflow/.local/lib/python3.12/site-packages/airflow/example_dags/example_branch_operator_decorator.py took 0.107 seconds
[2024-10-19T00:25:21.310+0000] {processor.py:186} INFO - Started process (PID=2578) to work on /home/airflow/.local/lib/python3.12/site-packages/airflow/example_dags/example_branch_operator_decorator.py
[2024-10-19T00:25:21.312+0000] {processor.py:914} INFO - Processing file /home/airflow/.local/lib/python3.12/site-packages/airflow/example_dags/example_branch_operator_decorator.py for tasks to queue
[2024-10-19T00:25:21.315+0000] {logging_mixin.py:190} INFO - [2024-10-19T00:25:21.314+0000] {dagbag.py:588} INFO - Filling up the DagBag from /home/airflow/.local/lib/python3.12/site-packages/airflow/example_dags/example_branch_operator_decorator.py
[2024-10-19T00:25:21.339+0000] {processor.py:925} INFO - DAG(s) 'example_branch_python_operator_decorator' retrieved from /home/airflow/.local/lib/python3.12/site-packages/airflow/example_dags/example_branch_operator_decorator.py
[2024-10-19T00:25:21.367+0000] {logging_mixin.py:190} INFO - [2024-10-19T00:25:21.367+0000] {dag.py:3239} INFO - Sync 1 DAGs
[2024-10-19T00:25:21.390+0000] {logging_mixin.py:190} INFO - [2024-10-19T00:25:21.390+0000] {dag.py:4180} INFO - Setting next_dagrun for example_branch_python_operator_decorator to 2024-10-18 00:00:00+00:00, run_after=2024-10-19 00:00:00+00:00
[2024-10-19T00:25:21.412+0000] {processor.py:208} INFO - Processing /home/airflow/.local/lib/python3.12/site-packages/airflow/example_dags/example_branch_operator_decorator.py took 0.110 seconds
[2024-10-19T00:25:52.378+0000] {processor.py:186} INFO - Started process (PID=2646) to work on /home/airflow/.local/lib/python3.12/site-packages/airflow/example_dags/example_branch_operator_decorator.py
[2024-10-19T00:25:52.379+0000] {processor.py:914} INFO - Processing file /home/airflow/.local/lib/python3.12/site-packages/airflow/example_dags/example_branch_operator_decorator.py for tasks to queue
[2024-10-19T00:25:52.381+0000] {logging_mixin.py:190} INFO - [2024-10-19T00:25:52.381+0000] {dagbag.py:588} INFO - Filling up the DagBag from /home/airflow/.local/lib/python3.12/site-packages/airflow/example_dags/example_branch_operator_decorator.py
[2024-10-19T00:25:52.397+0000] {processor.py:925} INFO - DAG(s) 'example_branch_python_operator_decorator' retrieved from /home/airflow/.local/lib/python3.12/site-packages/airflow/example_dags/example_branch_operator_decorator.py
[2024-10-19T00:25:52.418+0000] {logging_mixin.py:190} INFO - [2024-10-19T00:25:52.418+0000] {dag.py:3239} INFO - Sync 1 DAGs
[2024-10-19T00:25:52.436+0000] {logging_mixin.py:190} INFO - [2024-10-19T00:25:52.436+0000] {dag.py:4180} INFO - Setting next_dagrun for example_branch_python_operator_decorator to 2024-10-18 00:00:00+00:00, run_after=2024-10-19 00:00:00+00:00
[2024-10-19T00:25:52.453+0000] {processor.py:208} INFO - Processing /home/airflow/.local/lib/python3.12/site-packages/airflow/example_dags/example_branch_operator_decorator.py took 0.079 seconds
[2024-10-19T00:26:22.510+0000] {processor.py:186} INFO - Started process (PID=2708) to work on /home/airflow/.local/lib/python3.12/site-packages/airflow/example_dags/example_branch_operator_decorator.py
[2024-10-19T00:26:22.511+0000] {processor.py:914} INFO - Processing file /home/airflow/.local/lib/python3.12/site-packages/airflow/example_dags/example_branch_operator_decorator.py for tasks to queue
[2024-10-19T00:26:22.513+0000] {logging_mixin.py:190} INFO - [2024-10-19T00:26:22.512+0000] {dagbag.py:588} INFO - Filling up the DagBag from /home/airflow/.local/lib/python3.12/site-packages/airflow/example_dags/example_branch_operator_decorator.py
[2024-10-19T00:26:22.528+0000] {processor.py:925} INFO - DAG(s) 'example_branch_python_operator_decorator' retrieved from /home/airflow/.local/lib/python3.12/site-packages/airflow/example_dags/example_branch_operator_decorator.py
[2024-10-19T00:26:22.550+0000] {logging_mixin.py:190} INFO - [2024-10-19T00:26:22.550+0000] {dag.py:3239} INFO - Sync 1 DAGs
[2024-10-19T00:26:22.569+0000] {logging_mixin.py:190} INFO - [2024-10-19T00:26:22.569+0000] {dag.py:4180} INFO - Setting next_dagrun for example_branch_python_operator_decorator to 2024-10-18 00:00:00+00:00, run_after=2024-10-19 00:00:00+00:00
[2024-10-19T00:26:22.591+0000] {processor.py:208} INFO - Processing /home/airflow/.local/lib/python3.12/site-packages/airflow/example_dags/example_branch_operator_decorator.py took 0.086 seconds
[2024-10-19T00:26:53.350+0000] {processor.py:186} INFO - Started process (PID=2769) to work on /home/airflow/.local/lib/python3.12/site-packages/airflow/example_dags/example_branch_operator_decorator.py
[2024-10-19T00:26:53.352+0000] {processor.py:914} INFO - Processing file /home/airflow/.local/lib/python3.12/site-packages/airflow/example_dags/example_branch_operator_decorator.py for tasks to queue
[2024-10-19T00:26:53.356+0000] {logging_mixin.py:190} INFO - [2024-10-19T00:26:53.355+0000] {dagbag.py:588} INFO - Filling up the DagBag from /home/airflow/.local/lib/python3.12/site-packages/airflow/example_dags/example_branch_operator_decorator.py
[2024-10-19T00:26:53.387+0000] {processor.py:925} INFO - DAG(s) 'example_branch_python_operator_decorator' retrieved from /home/airflow/.local/lib/python3.12/site-packages/airflow/example_dags/example_branch_operator_decorator.py
[2024-10-19T00:26:53.433+0000] {logging_mixin.py:190} INFO - [2024-10-19T00:26:53.433+0000] {dag.py:3239} INFO - Sync 1 DAGs
[2024-10-19T00:26:53.466+0000] {logging_mixin.py:190} INFO - [2024-10-19T00:26:53.466+0000] {dag.py:4180} INFO - Setting next_dagrun for example_branch_python_operator_decorator to 2024-10-18 00:00:00+00:00, run_after=2024-10-19 00:00:00+00:00
[2024-10-19T00:26:53.493+0000] {processor.py:208} INFO - Processing /home/airflow/.local/lib/python3.12/site-packages/airflow/example_dags/example_branch_operator_decorator.py took 0.151 seconds
[2024-10-19T00:27:24.065+0000] {processor.py:186} INFO - Started process (PID=2830) to work on /home/airflow/.local/lib/python3.12/site-packages/airflow/example_dags/example_branch_operator_decorator.py
[2024-10-19T00:27:24.066+0000] {processor.py:914} INFO - Processing file /home/airflow/.local/lib/python3.12/site-packages/airflow/example_dags/example_branch_operator_decorator.py for tasks to queue
[2024-10-19T00:27:24.068+0000] {logging_mixin.py:190} INFO - [2024-10-19T00:27:24.068+0000] {dagbag.py:588} INFO - Filling up the DagBag from /home/airflow/.local/lib/python3.12/site-packages/airflow/example_dags/example_branch_operator_decorator.py
[2024-10-19T00:27:24.085+0000] {processor.py:925} INFO - DAG(s) 'example_branch_python_operator_decorator' retrieved from /home/airflow/.local/lib/python3.12/site-packages/airflow/example_dags/example_branch_operator_decorator.py
[2024-10-19T00:27:24.111+0000] {logging_mixin.py:190} INFO - [2024-10-19T00:27:24.110+0000] {dag.py:3239} INFO - Sync 1 DAGs
[2024-10-19T00:27:24.130+0000] {logging_mixin.py:190} INFO - [2024-10-19T00:27:24.130+0000] {dag.py:4180} INFO - Setting next_dagrun for example_branch_python_operator_decorator to 2024-10-18 00:00:00+00:00, run_after=2024-10-19 00:00:00+00:00
[2024-10-19T00:27:24.149+0000] {processor.py:208} INFO - Processing /home/airflow/.local/lib/python3.12/site-packages/airflow/example_dags/example_branch_operator_decorator.py took 0.090 seconds
[2024-10-19T00:27:55.458+0000] {processor.py:186} INFO - Started process (PID=2892) to work on /home/airflow/.local/lib/python3.12/site-packages/airflow/example_dags/example_branch_operator_decorator.py
[2024-10-19T00:27:55.459+0000] {processor.py:914} INFO - Processing file /home/airflow/.local/lib/python3.12/site-packages/airflow/example_dags/example_branch_operator_decorator.py for tasks to queue
[2024-10-19T00:27:55.462+0000] {logging_mixin.py:190} INFO - [2024-10-19T00:27:55.461+0000] {dagbag.py:588} INFO - Filling up the DagBag from /home/airflow/.local/lib/python3.12/site-packages/airflow/example_dags/example_branch_operator_decorator.py
[2024-10-19T00:27:55.624+0000] {processor.py:925} INFO - DAG(s) 'example_branch_python_operator_decorator' retrieved from /home/airflow/.local/lib/python3.12/site-packages/airflow/example_dags/example_branch_operator_decorator.py
[2024-10-19T00:27:55.644+0000] {logging_mixin.py:190} INFO - [2024-10-19T00:27:55.644+0000] {dag.py:3239} INFO - Sync 1 DAGs
[2024-10-19T00:27:55.664+0000] {logging_mixin.py:190} INFO - [2024-10-19T00:27:55.663+0000] {dag.py:4180} INFO - Setting next_dagrun for example_branch_python_operator_decorator to 2024-10-18 00:00:00+00:00, run_after=2024-10-19 00:00:00+00:00
[2024-10-19T00:27:55.679+0000] {processor.py:208} INFO - Processing /home/airflow/.local/lib/python3.12/site-packages/airflow/example_dags/example_branch_operator_decorator.py took 0.226 seconds
[2024-10-19T00:28:25.775+0000] {processor.py:186} INFO - Started process (PID=2954) to work on /home/airflow/.local/lib/python3.12/site-packages/airflow/example_dags/example_branch_operator_decorator.py
[2024-10-19T00:28:25.775+0000] {processor.py:914} INFO - Processing file /home/airflow/.local/lib/python3.12/site-packages/airflow/example_dags/example_branch_operator_decorator.py for tasks to queue
[2024-10-19T00:28:25.777+0000] {logging_mixin.py:190} INFO - [2024-10-19T00:28:25.777+0000] {dagbag.py:588} INFO - Filling up the DagBag from /home/airflow/.local/lib/python3.12/site-packages/airflow/example_dags/example_branch_operator_decorator.py
[2024-10-19T00:28:25.793+0000] {processor.py:925} INFO - DAG(s) 'example_branch_python_operator_decorator' retrieved from /home/airflow/.local/lib/python3.12/site-packages/airflow/example_dags/example_branch_operator_decorator.py
[2024-10-19T00:28:25.814+0000] {logging_mixin.py:190} INFO - [2024-10-19T00:28:25.813+0000] {dag.py:3239} INFO - Sync 1 DAGs
[2024-10-19T00:28:25.832+0000] {logging_mixin.py:190} INFO - [2024-10-19T00:28:25.832+0000] {dag.py:4180} INFO - Setting next_dagrun for example_branch_python_operator_decorator to 2024-10-18 00:00:00+00:00, run_after=2024-10-19 00:00:00+00:00
[2024-10-19T00:28:25.848+0000] {processor.py:208} INFO - Processing /home/airflow/.local/lib/python3.12/site-packages/airflow/example_dags/example_branch_operator_decorator.py took 0.079 seconds
[2024-10-19T00:28:56.633+0000] {processor.py:186} INFO - Started process (PID=3016) to work on /home/airflow/.local/lib/python3.12/site-packages/airflow/example_dags/example_branch_operator_decorator.py
[2024-10-19T00:28:56.634+0000] {processor.py:914} INFO - Processing file /home/airflow/.local/lib/python3.12/site-packages/airflow/example_dags/example_branch_operator_decorator.py for tasks to queue
[2024-10-19T00:28:56.636+0000] {logging_mixin.py:190} INFO - [2024-10-19T00:28:56.635+0000] {dagbag.py:588} INFO - Filling up the DagBag from /home/airflow/.local/lib/python3.12/site-packages/airflow/example_dags/example_branch_operator_decorator.py
[2024-10-19T00:28:56.655+0000] {processor.py:925} INFO - DAG(s) 'example_branch_python_operator_decorator' retrieved from /home/airflow/.local/lib/python3.12/site-packages/airflow/example_dags/example_branch_operator_decorator.py
[2024-10-19T00:28:56.682+0000] {logging_mixin.py:190} INFO - [2024-10-19T00:28:56.682+0000] {dag.py:3239} INFO - Sync 1 DAGs
[2024-10-19T00:28:56.703+0000] {logging_mixin.py:190} INFO - [2024-10-19T00:28:56.702+0000] {dag.py:4180} INFO - Setting next_dagrun for example_branch_python_operator_decorator to 2024-10-18 00:00:00+00:00, run_after=2024-10-19 00:00:00+00:00
[2024-10-19T00:28:56.721+0000] {processor.py:208} INFO - Processing /home/airflow/.local/lib/python3.12/site-packages/airflow/example_dags/example_branch_operator_decorator.py took 0.093 seconds
[2024-10-19T00:29:27.364+0000] {processor.py:186} INFO - Started process (PID=3079) to work on /home/airflow/.local/lib/python3.12/site-packages/airflow/example_dags/example_branch_operator_decorator.py
[2024-10-19T00:29:27.365+0000] {processor.py:914} INFO - Processing file /home/airflow/.local/lib/python3.12/site-packages/airflow/example_dags/example_branch_operator_decorator.py for tasks to queue
[2024-10-19T00:29:27.366+0000] {logging_mixin.py:190} INFO - [2024-10-19T00:29:27.366+0000] {dagbag.py:588} INFO - Filling up the DagBag from /home/airflow/.local/lib/python3.12/site-packages/airflow/example_dags/example_branch_operator_decorator.py
[2024-10-19T00:29:27.383+0000] {processor.py:925} INFO - DAG(s) 'example_branch_python_operator_decorator' retrieved from /home/airflow/.local/lib/python3.12/site-packages/airflow/example_dags/example_branch_operator_decorator.py
[2024-10-19T00:29:27.407+0000] {logging_mixin.py:190} INFO - [2024-10-19T00:29:27.406+0000] {dag.py:3239} INFO - Sync 1 DAGs
[2024-10-19T00:29:27.424+0000] {logging_mixin.py:190} INFO - [2024-10-19T00:29:27.424+0000] {dag.py:4180} INFO - Setting next_dagrun for example_branch_python_operator_decorator to 2024-10-18 00:00:00+00:00, run_after=2024-10-19 00:00:00+00:00
[2024-10-19T00:29:27.441+0000] {processor.py:208} INFO - Processing /home/airflow/.local/lib/python3.12/site-packages/airflow/example_dags/example_branch_operator_decorator.py took 0.083 seconds
[2024-10-19T00:29:57.799+0000] {processor.py:186} INFO - Started process (PID=3141) to work on /home/airflow/.local/lib/python3.12/site-packages/airflow/example_dags/example_branch_operator_decorator.py
[2024-10-19T00:29:57.800+0000] {processor.py:914} INFO - Processing file /home/airflow/.local/lib/python3.12/site-packages/airflow/example_dags/example_branch_operator_decorator.py for tasks to queue
[2024-10-19T00:29:57.802+0000] {logging_mixin.py:190} INFO - [2024-10-19T00:29:57.802+0000] {dagbag.py:588} INFO - Filling up the DagBag from /home/airflow/.local/lib/python3.12/site-packages/airflow/example_dags/example_branch_operator_decorator.py
[2024-10-19T00:29:57.819+0000] {processor.py:925} INFO - DAG(s) 'example_branch_python_operator_decorator' retrieved from /home/airflow/.local/lib/python3.12/site-packages/airflow/example_dags/example_branch_operator_decorator.py
[2024-10-19T00:29:57.841+0000] {logging_mixin.py:190} INFO - [2024-10-19T00:29:57.841+0000] {dag.py:3239} INFO - Sync 1 DAGs
[2024-10-19T00:29:57.858+0000] {logging_mixin.py:190} INFO - [2024-10-19T00:29:57.858+0000] {dag.py:4180} INFO - Setting next_dagrun for example_branch_python_operator_decorator to 2024-10-18 00:00:00+00:00, run_after=2024-10-19 00:00:00+00:00
[2024-10-19T00:29:57.874+0000] {processor.py:208} INFO - Processing /home/airflow/.local/lib/python3.12/site-packages/airflow/example_dags/example_branch_operator_decorator.py took 0.079 seconds
[2024-10-19T00:30:28.097+0000] {processor.py:186} INFO - Started process (PID=3203) to work on /home/airflow/.local/lib/python3.12/site-packages/airflow/example_dags/example_branch_operator_decorator.py
[2024-10-19T00:30:28.099+0000] {processor.py:914} INFO - Processing file /home/airflow/.local/lib/python3.12/site-packages/airflow/example_dags/example_branch_operator_decorator.py for tasks to queue
[2024-10-19T00:30:28.101+0000] {logging_mixin.py:190} INFO - [2024-10-19T00:30:28.101+0000] {dagbag.py:588} INFO - Filling up the DagBag from /home/airflow/.local/lib/python3.12/site-packages/airflow/example_dags/example_branch_operator_decorator.py
[2024-10-19T00:30:28.117+0000] {processor.py:925} INFO - DAG(s) 'example_branch_python_operator_decorator' retrieved from /home/airflow/.local/lib/python3.12/site-packages/airflow/example_dags/example_branch_operator_decorator.py
[2024-10-19T00:30:28.141+0000] {logging_mixin.py:190} INFO - [2024-10-19T00:30:28.140+0000] {dag.py:3239} INFO - Sync 1 DAGs
[2024-10-19T00:30:28.158+0000] {logging_mixin.py:190} INFO - [2024-10-19T00:30:28.158+0000] {dag.py:4180} INFO - Setting next_dagrun for example_branch_python_operator_decorator to 2024-10-18 00:00:00+00:00, run_after=2024-10-19 00:00:00+00:00
[2024-10-19T00:30:28.175+0000] {processor.py:208} INFO - Processing /home/airflow/.local/lib/python3.12/site-packages/airflow/example_dags/example_branch_operator_decorator.py took 0.082 seconds
[2024-10-19T00:30:58.546+0000] {processor.py:186} INFO - Started process (PID=3265) to work on /home/airflow/.local/lib/python3.12/site-packages/airflow/example_dags/example_branch_operator_decorator.py
[2024-10-19T00:30:58.547+0000] {processor.py:914} INFO - Processing file /home/airflow/.local/lib/python3.12/site-packages/airflow/example_dags/example_branch_operator_decorator.py for tasks to queue
[2024-10-19T00:30:58.549+0000] {logging_mixin.py:190} INFO - [2024-10-19T00:30:58.549+0000] {dagbag.py:588} INFO - Filling up the DagBag from /home/airflow/.local/lib/python3.12/site-packages/airflow/example_dags/example_branch_operator_decorator.py
[2024-10-19T00:30:58.565+0000] {processor.py:925} INFO - DAG(s) 'example_branch_python_operator_decorator' retrieved from /home/airflow/.local/lib/python3.12/site-packages/airflow/example_dags/example_branch_operator_decorator.py
[2024-10-19T00:30:58.588+0000] {logging_mixin.py:190} INFO - [2024-10-19T00:30:58.588+0000] {dag.py:3239} INFO - Sync 1 DAGs
[2024-10-19T00:30:58.608+0000] {logging_mixin.py:190} INFO - [2024-10-19T00:30:58.608+0000] {dag.py:4180} INFO - Setting next_dagrun for example_branch_python_operator_decorator to 2024-10-18 00:00:00+00:00, run_after=2024-10-19 00:00:00+00:00
[2024-10-19T00:30:58.624+0000] {processor.py:208} INFO - Processing /home/airflow/.local/lib/python3.12/site-packages/airflow/example_dags/example_branch_operator_decorator.py took 0.083 seconds
[2024-10-19T00:31:28.945+0000] {processor.py:186} INFO - Started process (PID=3327) to work on /home/airflow/.local/lib/python3.12/site-packages/airflow/example_dags/example_branch_operator_decorator.py
[2024-10-19T00:31:28.946+0000] {processor.py:914} INFO - Processing file /home/airflow/.local/lib/python3.12/site-packages/airflow/example_dags/example_branch_operator_decorator.py for tasks to queue
[2024-10-19T00:31:28.948+0000] {logging_mixin.py:190} INFO - [2024-10-19T00:31:28.948+0000] {dagbag.py:588} INFO - Filling up the DagBag from /home/airflow/.local/lib/python3.12/site-packages/airflow/example_dags/example_branch_operator_decorator.py
[2024-10-19T00:31:28.963+0000] {processor.py:925} INFO - DAG(s) 'example_branch_python_operator_decorator' retrieved from /home/airflow/.local/lib/python3.12/site-packages/airflow/example_dags/example_branch_operator_decorator.py
[2024-10-19T00:31:28.986+0000] {logging_mixin.py:190} INFO - [2024-10-19T00:31:28.985+0000] {dag.py:3239} INFO - Sync 1 DAGs
[2024-10-19T00:31:29.005+0000] {logging_mixin.py:190} INFO - [2024-10-19T00:31:29.005+0000] {dag.py:4180} INFO - Setting next_dagrun for example_branch_python_operator_decorator to 2024-10-18 00:00:00+00:00, run_after=2024-10-19 00:00:00+00:00
[2024-10-19T00:31:29.021+0000] {processor.py:208} INFO - Processing /home/airflow/.local/lib/python3.12/site-packages/airflow/example_dags/example_branch_operator_decorator.py took 0.081 seconds
[2024-10-19T00:31:59.435+0000] {processor.py:186} INFO - Started process (PID=3389) to work on /home/airflow/.local/lib/python3.12/site-packages/airflow/example_dags/example_branch_operator_decorator.py
[2024-10-19T00:31:59.437+0000] {processor.py:914} INFO - Processing file /home/airflow/.local/lib/python3.12/site-packages/airflow/example_dags/example_branch_operator_decorator.py for tasks to queue
[2024-10-19T00:31:59.439+0000] {logging_mixin.py:190} INFO - [2024-10-19T00:31:59.439+0000] {dagbag.py:588} INFO - Filling up the DagBag from /home/airflow/.local/lib/python3.12/site-packages/airflow/example_dags/example_branch_operator_decorator.py
[2024-10-19T00:31:59.457+0000] {processor.py:925} INFO - DAG(s) 'example_branch_python_operator_decorator' retrieved from /home/airflow/.local/lib/python3.12/site-packages/airflow/example_dags/example_branch_operator_decorator.py
[2024-10-19T00:31:59.482+0000] {logging_mixin.py:190} INFO - [2024-10-19T00:31:59.482+0000] {dag.py:3239} INFO - Sync 1 DAGs
[2024-10-19T00:31:59.503+0000] {logging_mixin.py:190} INFO - [2024-10-19T00:31:59.503+0000] {dag.py:4180} INFO - Setting next_dagrun for example_branch_python_operator_decorator to 2024-10-18 00:00:00+00:00, run_after=2024-10-19 00:00:00+00:00
[2024-10-19T00:31:59.518+0000] {processor.py:208} INFO - Processing /home/airflow/.local/lib/python3.12/site-packages/airflow/example_dags/example_branch_operator_decorator.py took 0.088 seconds
[2024-10-19T00:32:29.861+0000] {processor.py:186} INFO - Started process (PID=3451) to work on /home/airflow/.local/lib/python3.12/site-packages/airflow/example_dags/example_branch_operator_decorator.py
[2024-10-19T00:32:29.862+0000] {processor.py:914} INFO - Processing file /home/airflow/.local/lib/python3.12/site-packages/airflow/example_dags/example_branch_operator_decorator.py for tasks to queue
[2024-10-19T00:32:29.864+0000] {logging_mixin.py:190} INFO - [2024-10-19T00:32:29.863+0000] {dagbag.py:588} INFO - Filling up the DagBag from /home/airflow/.local/lib/python3.12/site-packages/airflow/example_dags/example_branch_operator_decorator.py
[2024-10-19T00:32:29.883+0000] {processor.py:925} INFO - DAG(s) 'example_branch_python_operator_decorator' retrieved from /home/airflow/.local/lib/python3.12/site-packages/airflow/example_dags/example_branch_operator_decorator.py
[2024-10-19T00:32:29.911+0000] {logging_mixin.py:190} INFO - [2024-10-19T00:32:29.911+0000] {dag.py:3239} INFO - Sync 1 DAGs
[2024-10-19T00:32:29.933+0000] {logging_mixin.py:190} INFO - [2024-10-19T00:32:29.932+0000] {dag.py:4180} INFO - Setting next_dagrun for example_branch_python_operator_decorator to 2024-10-18 00:00:00+00:00, run_after=2024-10-19 00:00:00+00:00
[2024-10-19T00:32:29.950+0000] {processor.py:208} INFO - Processing /home/airflow/.local/lib/python3.12/site-packages/airflow/example_dags/example_branch_operator_decorator.py took 0.095 seconds
[2024-10-19T00:33:00.297+0000] {processor.py:186} INFO - Started process (PID=3514) to work on /home/airflow/.local/lib/python3.12/site-packages/airflow/example_dags/example_branch_operator_decorator.py
[2024-10-19T00:33:00.298+0000] {processor.py:914} INFO - Processing file /home/airflow/.local/lib/python3.12/site-packages/airflow/example_dags/example_branch_operator_decorator.py for tasks to queue
[2024-10-19T00:33:00.300+0000] {logging_mixin.py:190} INFO - [2024-10-19T00:33:00.300+0000] {dagbag.py:588} INFO - Filling up the DagBag from /home/airflow/.local/lib/python3.12/site-packages/airflow/example_dags/example_branch_operator_decorator.py
[2024-10-19T00:33:00.315+0000] {processor.py:925} INFO - DAG(s) 'example_branch_python_operator_decorator' retrieved from /home/airflow/.local/lib/python3.12/site-packages/airflow/example_dags/example_branch_operator_decorator.py
[2024-10-19T00:33:00.338+0000] {logging_mixin.py:190} INFO - [2024-10-19T00:33:00.338+0000] {dag.py:3239} INFO - Sync 1 DAGs
[2024-10-19T00:33:00.356+0000] {logging_mixin.py:190} INFO - [2024-10-19T00:33:00.355+0000] {dag.py:4180} INFO - Setting next_dagrun for example_branch_python_operator_decorator to 2024-10-18 00:00:00+00:00, run_after=2024-10-19 00:00:00+00:00
[2024-10-19T00:33:00.376+0000] {processor.py:208} INFO - Processing /home/airflow/.local/lib/python3.12/site-packages/airflow/example_dags/example_branch_operator_decorator.py took 0.083 seconds
[2024-10-19T00:33:30.635+0000] {processor.py:186} INFO - Started process (PID=3576) to work on /home/airflow/.local/lib/python3.12/site-packages/airflow/example_dags/example_branch_operator_decorator.py
[2024-10-19T00:33:30.636+0000] {processor.py:914} INFO - Processing file /home/airflow/.local/lib/python3.12/site-packages/airflow/example_dags/example_branch_operator_decorator.py for tasks to queue
[2024-10-19T00:33:30.639+0000] {logging_mixin.py:190} INFO - [2024-10-19T00:33:30.638+0000] {dagbag.py:588} INFO - Filling up the DagBag from /home/airflow/.local/lib/python3.12/site-packages/airflow/example_dags/example_branch_operator_decorator.py
[2024-10-19T00:33:30.656+0000] {processor.py:925} INFO - DAG(s) 'example_branch_python_operator_decorator' retrieved from /home/airflow/.local/lib/python3.12/site-packages/airflow/example_dags/example_branch_operator_decorator.py
[2024-10-19T00:33:30.681+0000] {logging_mixin.py:190} INFO - [2024-10-19T00:33:30.680+0000] {dag.py:3239} INFO - Sync 1 DAGs
[2024-10-19T00:33:30.700+0000] {logging_mixin.py:190} INFO - [2024-10-19T00:33:30.700+0000] {dag.py:4180} INFO - Setting next_dagrun for example_branch_python_operator_decorator to 2024-10-18 00:00:00+00:00, run_after=2024-10-19 00:00:00+00:00
[2024-10-19T00:33:30.717+0000] {processor.py:208} INFO - Processing /home/airflow/.local/lib/python3.12/site-packages/airflow/example_dags/example_branch_operator_decorator.py took 0.087 seconds
[2024-10-19T00:34:01.122+0000] {processor.py:186} INFO - Started process (PID=3638) to work on /home/airflow/.local/lib/python3.12/site-packages/airflow/example_dags/example_branch_operator_decorator.py
[2024-10-19T00:34:01.123+0000] {processor.py:914} INFO - Processing file /home/airflow/.local/lib/python3.12/site-packages/airflow/example_dags/example_branch_operator_decorator.py for tasks to queue
[2024-10-19T00:34:01.125+0000] {logging_mixin.py:190} INFO - [2024-10-19T00:34:01.124+0000] {dagbag.py:588} INFO - Filling up the DagBag from /home/airflow/.local/lib/python3.12/site-packages/airflow/example_dags/example_branch_operator_decorator.py
[2024-10-19T00:34:01.141+0000] {processor.py:925} INFO - DAG(s) 'example_branch_python_operator_decorator' retrieved from /home/airflow/.local/lib/python3.12/site-packages/airflow/example_dags/example_branch_operator_decorator.py
[2024-10-19T00:34:01.166+0000] {logging_mixin.py:190} INFO - [2024-10-19T00:34:01.165+0000] {dag.py:3239} INFO - Sync 1 DAGs
[2024-10-19T00:34:01.187+0000] {logging_mixin.py:190} INFO - [2024-10-19T00:34:01.186+0000] {dag.py:4180} INFO - Setting next_dagrun for example_branch_python_operator_decorator to 2024-10-18 00:00:00+00:00, run_after=2024-10-19 00:00:00+00:00
[2024-10-19T00:34:01.205+0000] {processor.py:208} INFO - Processing /home/airflow/.local/lib/python3.12/site-packages/airflow/example_dags/example_branch_operator_decorator.py took 0.088 seconds
[2024-10-19T00:34:31.483+0000] {processor.py:186} INFO - Started process (PID=3700) to work on /home/airflow/.local/lib/python3.12/site-packages/airflow/example_dags/example_branch_operator_decorator.py
[2024-10-19T00:34:31.484+0000] {processor.py:914} INFO - Processing file /home/airflow/.local/lib/python3.12/site-packages/airflow/example_dags/example_branch_operator_decorator.py for tasks to queue
[2024-10-19T00:34:31.486+0000] {logging_mixin.py:190} INFO - [2024-10-19T00:34:31.486+0000] {dagbag.py:588} INFO - Filling up the DagBag from /home/airflow/.local/lib/python3.12/site-packages/airflow/example_dags/example_branch_operator_decorator.py
[2024-10-19T00:34:31.504+0000] {processor.py:925} INFO - DAG(s) 'example_branch_python_operator_decorator' retrieved from /home/airflow/.local/lib/python3.12/site-packages/airflow/example_dags/example_branch_operator_decorator.py
[2024-10-19T00:34:31.527+0000] {logging_mixin.py:190} INFO - [2024-10-19T00:34:31.527+0000] {dag.py:3239} INFO - Sync 1 DAGs
[2024-10-19T00:34:31.545+0000] {logging_mixin.py:190} INFO - [2024-10-19T00:34:31.544+0000] {dag.py:4180} INFO - Setting next_dagrun for example_branch_python_operator_decorator to 2024-10-18 00:00:00+00:00, run_after=2024-10-19 00:00:00+00:00
[2024-10-19T00:34:31.558+0000] {processor.py:208} INFO - Processing /home/airflow/.local/lib/python3.12/site-packages/airflow/example_dags/example_branch_operator_decorator.py took 0.080 seconds
[2024-10-19T00:35:01.873+0000] {processor.py:186} INFO - Started process (PID=3761) to work on /home/airflow/.local/lib/python3.12/site-packages/airflow/example_dags/example_branch_operator_decorator.py
[2024-10-19T00:35:01.874+0000] {processor.py:914} INFO - Processing file /home/airflow/.local/lib/python3.12/site-packages/airflow/example_dags/example_branch_operator_decorator.py for tasks to queue
[2024-10-19T00:35:01.876+0000] {logging_mixin.py:190} INFO - [2024-10-19T00:35:01.876+0000] {dagbag.py:588} INFO - Filling up the DagBag from /home/airflow/.local/lib/python3.12/site-packages/airflow/example_dags/example_branch_operator_decorator.py
[2024-10-19T00:35:01.892+0000] {processor.py:925} INFO - DAG(s) 'example_branch_python_operator_decorator' retrieved from /home/airflow/.local/lib/python3.12/site-packages/airflow/example_dags/example_branch_operator_decorator.py
[2024-10-19T00:35:01.913+0000] {logging_mixin.py:190} INFO - [2024-10-19T00:35:01.913+0000] {dag.py:3239} INFO - Sync 1 DAGs
[2024-10-19T00:35:01.931+0000] {logging_mixin.py:190} INFO - [2024-10-19T00:35:01.931+0000] {dag.py:4180} INFO - Setting next_dagrun for example_branch_python_operator_decorator to 2024-10-18 00:00:00+00:00, run_after=2024-10-19 00:00:00+00:00
[2024-10-19T00:35:01.949+0000] {processor.py:208} INFO - Processing /home/airflow/.local/lib/python3.12/site-packages/airflow/example_dags/example_branch_operator_decorator.py took 0.080 seconds
[2024-10-19T00:35:32.343+0000] {processor.py:186} INFO - Started process (PID=3823) to work on /home/airflow/.local/lib/python3.12/site-packages/airflow/example_dags/example_branch_operator_decorator.py
[2024-10-19T00:35:32.344+0000] {processor.py:914} INFO - Processing file /home/airflow/.local/lib/python3.12/site-packages/airflow/example_dags/example_branch_operator_decorator.py for tasks to queue
[2024-10-19T00:35:32.346+0000] {logging_mixin.py:190} INFO - [2024-10-19T00:35:32.345+0000] {dagbag.py:588} INFO - Filling up the DagBag from /home/airflow/.local/lib/python3.12/site-packages/airflow/example_dags/example_branch_operator_decorator.py
[2024-10-19T00:35:32.361+0000] {processor.py:925} INFO - DAG(s) 'example_branch_python_operator_decorator' retrieved from /home/airflow/.local/lib/python3.12/site-packages/airflow/example_dags/example_branch_operator_decorator.py
[2024-10-19T00:35:32.386+0000] {logging_mixin.py:190} INFO - [2024-10-19T00:35:32.386+0000] {dag.py:3239} INFO - Sync 1 DAGs
[2024-10-19T00:35:32.406+0000] {logging_mixin.py:190} INFO - [2024-10-19T00:35:32.405+0000] {dag.py:4180} INFO - Setting next_dagrun for example_branch_python_operator_decorator to 2024-10-18 00:00:00+00:00, run_after=2024-10-19 00:00:00+00:00
[2024-10-19T00:35:32.423+0000] {processor.py:208} INFO - Processing /home/airflow/.local/lib/python3.12/site-packages/airflow/example_dags/example_branch_operator_decorator.py took 0.084 seconds
[2024-10-19T00:36:03.016+0000] {processor.py:186} INFO - Started process (PID=3885) to work on /home/airflow/.local/lib/python3.12/site-packages/airflow/example_dags/example_branch_operator_decorator.py
[2024-10-19T00:36:03.017+0000] {processor.py:914} INFO - Processing file /home/airflow/.local/lib/python3.12/site-packages/airflow/example_dags/example_branch_operator_decorator.py for tasks to queue
[2024-10-19T00:36:03.020+0000] {logging_mixin.py:190} INFO - [2024-10-19T00:36:03.020+0000] {dagbag.py:588} INFO - Filling up the DagBag from /home/airflow/.local/lib/python3.12/site-packages/airflow/example_dags/example_branch_operator_decorator.py
[2024-10-19T00:36:03.040+0000] {processor.py:925} INFO - DAG(s) 'example_branch_python_operator_decorator' retrieved from /home/airflow/.local/lib/python3.12/site-packages/airflow/example_dags/example_branch_operator_decorator.py
[2024-10-19T00:36:03.065+0000] {logging_mixin.py:190} INFO - [2024-10-19T00:36:03.065+0000] {dag.py:3239} INFO - Sync 1 DAGs
[2024-10-19T00:36:03.087+0000] {logging_mixin.py:190} INFO - [2024-10-19T00:36:03.087+0000] {dag.py:4180} INFO - Setting next_dagrun for example_branch_python_operator_decorator to 2024-10-18 00:00:00+00:00, run_after=2024-10-19 00:00:00+00:00
[2024-10-19T00:36:03.108+0000] {processor.py:208} INFO - Processing /home/airflow/.local/lib/python3.12/site-packages/airflow/example_dags/example_branch_operator_decorator.py took 0.099 seconds
