[2024-10-19T00:04:56.100+0000] {processor.py:186} INFO - Started process (PID=101) to work on /home/airflow/.local/lib/python3.12/site-packages/airflow/example_dags/example_sensors.py
[2024-10-19T00:04:56.102+0000] {processor.py:914} INFO - Processing file /home/airflow/.local/lib/python3.12/site-packages/airflow/example_dags/example_sensors.py for tasks to queue
[2024-10-19T00:04:56.106+0000] {logging_mixin.py:190} INFO - [2024-10-19T00:04:56.106+0000] {dagbag.py:588} INFO - Filling up the DagBag from /home/airflow/.local/lib/python3.12/site-packages/airflow/example_dags/example_sensors.py
[2024-10-19T00:04:56.124+0000] {processor.py:925} INFO - DAG(s) 'example_sensors' retrieved from /home/airflow/.local/lib/python3.12/site-packages/airflow/example_dags/example_sensors.py
[2024-10-19T00:04:56.260+0000] {logging_mixin.py:190} INFO - [2024-10-19T00:04:56.259+0000] {override.py:1900} INFO - Created Permission View: can delete on DAG:example_sensors
[2024-10-19T00:04:56.274+0000] {logging_mixin.py:190} INFO - [2024-10-19T00:04:56.273+0000] {override.py:1900} INFO - Created Permission View: can read on DAG:example_sensors
[2024-10-19T00:04:56.283+0000] {logging_mixin.py:190} INFO - [2024-10-19T00:04:56.282+0000] {override.py:1900} INFO - Created Permission View: can edit on DAG:example_sensors
[2024-10-19T00:04:56.301+0000] {logging_mixin.py:190} INFO - [2024-10-19T00:04:56.300+0000] {override.py:1900} INFO - Created Permission View: can delete on DAG Run:example_sensors
[2024-10-19T00:04:56.310+0000] {logging_mixin.py:190} INFO - [2024-10-19T00:04:56.310+0000] {override.py:1900} INFO - Created Permission View: can read on DAG Run:example_sensors
[2024-10-19T00:04:56.319+0000] {logging_mixin.py:190} INFO - [2024-10-19T00:04:56.319+0000] {override.py:1900} INFO - Created Permission View: menu access on DAG Run:example_sensors
[2024-10-19T00:04:56.329+0000] {logging_mixin.py:190} INFO - [2024-10-19T00:04:56.329+0000] {override.py:1900} INFO - Created Permission View: can create on DAG Run:example_sensors
[2024-10-19T00:04:56.330+0000] {logging_mixin.py:190} INFO - [2024-10-19T00:04:56.329+0000] {dag.py:3239} INFO - Sync 1 DAGs
[2024-10-19T00:04:56.345+0000] {logging_mixin.py:190} INFO - [2024-10-19T00:04:56.345+0000] {dag.py:3262} INFO - Creating ORM DAG for example_sensors
[2024-10-19T00:04:56.346+0000] {logging_mixin.py:190} INFO - [2024-10-19T00:04:56.346+0000] {dag.py:4180} INFO - Setting next_dagrun for example_sensors to None, run_after=None
[2024-10-19T00:04:56.368+0000] {processor.py:208} INFO - Processing /home/airflow/.local/lib/python3.12/site-packages/airflow/example_dags/example_sensors.py took 0.277 seconds
[2024-10-19T00:05:27.201+0000] {processor.py:186} INFO - Started process (PID=163) to work on /home/airflow/.local/lib/python3.12/site-packages/airflow/example_dags/example_sensors.py
[2024-10-19T00:05:27.202+0000] {processor.py:914} INFO - Processing file /home/airflow/.local/lib/python3.12/site-packages/airflow/example_dags/example_sensors.py for tasks to queue
[2024-10-19T00:05:27.205+0000] {logging_mixin.py:190} INFO - [2024-10-19T00:05:27.205+0000] {dagbag.py:588} INFO - Filling up the DagBag from /home/airflow/.local/lib/python3.12/site-packages/airflow/example_dags/example_sensors.py
[2024-10-19T00:05:27.215+0000] {processor.py:925} INFO - DAG(s) 'example_sensors' retrieved from /home/airflow/.local/lib/python3.12/site-packages/airflow/example_dags/example_sensors.py
[2024-10-19T00:05:27.242+0000] {logging_mixin.py:190} INFO - [2024-10-19T00:05:27.241+0000] {dag.py:3239} INFO - Sync 1 DAGs
[2024-10-19T00:05:27.256+0000] {logging_mixin.py:190} INFO - [2024-10-19T00:05:27.255+0000] {dag.py:4180} INFO - Setting next_dagrun for example_sensors to None, run_after=None
[2024-10-19T00:05:27.277+0000] {processor.py:208} INFO - Processing /home/airflow/.local/lib/python3.12/site-packages/airflow/example_dags/example_sensors.py took 0.081 seconds
[2024-10-19T00:05:57.779+0000] {processor.py:186} INFO - Started process (PID=225) to work on /home/airflow/.local/lib/python3.12/site-packages/airflow/example_dags/example_sensors.py
[2024-10-19T00:05:57.781+0000] {processor.py:914} INFO - Processing file /home/airflow/.local/lib/python3.12/site-packages/airflow/example_dags/example_sensors.py for tasks to queue
[2024-10-19T00:05:57.784+0000] {logging_mixin.py:190} INFO - [2024-10-19T00:05:57.784+0000] {dagbag.py:588} INFO - Filling up the DagBag from /home/airflow/.local/lib/python3.12/site-packages/airflow/example_dags/example_sensors.py
[2024-10-19T00:05:57.794+0000] {processor.py:925} INFO - DAG(s) 'example_sensors' retrieved from /home/airflow/.local/lib/python3.12/site-packages/airflow/example_dags/example_sensors.py
[2024-10-19T00:05:57.825+0000] {logging_mixin.py:190} INFO - [2024-10-19T00:05:57.825+0000] {dag.py:3239} INFO - Sync 1 DAGs
[2024-10-19T00:05:57.840+0000] {logging_mixin.py:190} INFO - [2024-10-19T00:05:57.840+0000] {dag.py:4180} INFO - Setting next_dagrun for example_sensors to None, run_after=None
[2024-10-19T00:05:57.865+0000] {processor.py:208} INFO - Processing /home/airflow/.local/lib/python3.12/site-packages/airflow/example_dags/example_sensors.py took 0.092 seconds
[2024-10-19T00:06:28.616+0000] {processor.py:186} INFO - Started process (PID=286) to work on /home/airflow/.local/lib/python3.12/site-packages/airflow/example_dags/example_sensors.py
[2024-10-19T00:06:28.618+0000] {processor.py:914} INFO - Processing file /home/airflow/.local/lib/python3.12/site-packages/airflow/example_dags/example_sensors.py for tasks to queue
[2024-10-19T00:06:28.620+0000] {logging_mixin.py:190} INFO - [2024-10-19T00:06:28.620+0000] {dagbag.py:588} INFO - Filling up the DagBag from /home/airflow/.local/lib/python3.12/site-packages/airflow/example_dags/example_sensors.py
[2024-10-19T00:06:28.630+0000] {processor.py:925} INFO - DAG(s) 'example_sensors' retrieved from /home/airflow/.local/lib/python3.12/site-packages/airflow/example_dags/example_sensors.py
[2024-10-19T00:06:28.654+0000] {logging_mixin.py:190} INFO - [2024-10-19T00:06:28.654+0000] {dag.py:3239} INFO - Sync 1 DAGs
[2024-10-19T00:06:28.668+0000] {logging_mixin.py:190} INFO - [2024-10-19T00:06:28.667+0000] {dag.py:4180} INFO - Setting next_dagrun for example_sensors to None, run_after=None
[2024-10-19T00:06:28.690+0000] {processor.py:208} INFO - Processing /home/airflow/.local/lib/python3.12/site-packages/airflow/example_dags/example_sensors.py took 0.080 seconds
[2024-10-19T00:06:59.105+0000] {processor.py:186} INFO - Started process (PID=348) to work on /home/airflow/.local/lib/python3.12/site-packages/airflow/example_dags/example_sensors.py
[2024-10-19T00:06:59.107+0000] {processor.py:914} INFO - Processing file /home/airflow/.local/lib/python3.12/site-packages/airflow/example_dags/example_sensors.py for tasks to queue
[2024-10-19T00:06:59.109+0000] {logging_mixin.py:190} INFO - [2024-10-19T00:06:59.109+0000] {dagbag.py:588} INFO - Filling up the DagBag from /home/airflow/.local/lib/python3.12/site-packages/airflow/example_dags/example_sensors.py
[2024-10-19T00:06:59.118+0000] {processor.py:925} INFO - DAG(s) 'example_sensors' retrieved from /home/airflow/.local/lib/python3.12/site-packages/airflow/example_dags/example_sensors.py
[2024-10-19T00:06:59.138+0000] {logging_mixin.py:190} INFO - [2024-10-19T00:06:59.138+0000] {dag.py:3239} INFO - Sync 1 DAGs
[2024-10-19T00:06:59.151+0000] {logging_mixin.py:190} INFO - [2024-10-19T00:06:59.151+0000] {dag.py:4180} INFO - Setting next_dagrun for example_sensors to None, run_after=None
[2024-10-19T00:06:59.171+0000] {processor.py:208} INFO - Processing /home/airflow/.local/lib/python3.12/site-packages/airflow/example_dags/example_sensors.py took 0.071 seconds
[2024-10-19T00:07:29.682+0000] {processor.py:186} INFO - Started process (PID=410) to work on /home/airflow/.local/lib/python3.12/site-packages/airflow/example_dags/example_sensors.py
[2024-10-19T00:07:29.683+0000] {processor.py:914} INFO - Processing file /home/airflow/.local/lib/python3.12/site-packages/airflow/example_dags/example_sensors.py for tasks to queue
[2024-10-19T00:07:29.686+0000] {logging_mixin.py:190} INFO - [2024-10-19T00:07:29.686+0000] {dagbag.py:588} INFO - Filling up the DagBag from /home/airflow/.local/lib/python3.12/site-packages/airflow/example_dags/example_sensors.py
[2024-10-19T00:07:29.695+0000] {processor.py:925} INFO - DAG(s) 'example_sensors' retrieved from /home/airflow/.local/lib/python3.12/site-packages/airflow/example_dags/example_sensors.py
[2024-10-19T00:07:29.721+0000] {logging_mixin.py:190} INFO - [2024-10-19T00:07:29.720+0000] {dag.py:3239} INFO - Sync 1 DAGs
[2024-10-19T00:07:29.733+0000] {logging_mixin.py:190} INFO - [2024-10-19T00:07:29.733+0000] {dag.py:4180} INFO - Setting next_dagrun for example_sensors to None, run_after=None
[2024-10-19T00:07:29.755+0000] {processor.py:208} INFO - Processing /home/airflow/.local/lib/python3.12/site-packages/airflow/example_dags/example_sensors.py took 0.079 seconds
[2024-10-19T00:08:00.276+0000] {processor.py:186} INFO - Started process (PID=473) to work on /home/airflow/.local/lib/python3.12/site-packages/airflow/example_dags/example_sensors.py
[2024-10-19T00:08:00.277+0000] {processor.py:914} INFO - Processing file /home/airflow/.local/lib/python3.12/site-packages/airflow/example_dags/example_sensors.py for tasks to queue
[2024-10-19T00:08:00.280+0000] {logging_mixin.py:190} INFO - [2024-10-19T00:08:00.280+0000] {dagbag.py:588} INFO - Filling up the DagBag from /home/airflow/.local/lib/python3.12/site-packages/airflow/example_dags/example_sensors.py
[2024-10-19T00:08:00.290+0000] {processor.py:925} INFO - DAG(s) 'example_sensors' retrieved from /home/airflow/.local/lib/python3.12/site-packages/airflow/example_dags/example_sensors.py
[2024-10-19T00:08:00.317+0000] {logging_mixin.py:190} INFO - [2024-10-19T00:08:00.317+0000] {dag.py:3239} INFO - Sync 1 DAGs
[2024-10-19T00:08:00.332+0000] {logging_mixin.py:190} INFO - [2024-10-19T00:08:00.331+0000] {dag.py:4180} INFO - Setting next_dagrun for example_sensors to None, run_after=None
[2024-10-19T00:08:00.357+0000] {processor.py:208} INFO - Processing /home/airflow/.local/lib/python3.12/site-packages/airflow/example_dags/example_sensors.py took 0.087 seconds
[2024-10-19T00:08:31.065+0000] {processor.py:186} INFO - Started process (PID=536) to work on /home/airflow/.local/lib/python3.12/site-packages/airflow/example_dags/example_sensors.py
[2024-10-19T00:08:31.066+0000] {processor.py:914} INFO - Processing file /home/airflow/.local/lib/python3.12/site-packages/airflow/example_dags/example_sensors.py for tasks to queue
[2024-10-19T00:08:31.068+0000] {logging_mixin.py:190} INFO - [2024-10-19T00:08:31.068+0000] {dagbag.py:588} INFO - Filling up the DagBag from /home/airflow/.local/lib/python3.12/site-packages/airflow/example_dags/example_sensors.py
[2024-10-19T00:08:31.076+0000] {processor.py:925} INFO - DAG(s) 'example_sensors' retrieved from /home/airflow/.local/lib/python3.12/site-packages/airflow/example_dags/example_sensors.py
[2024-10-19T00:08:31.097+0000] {logging_mixin.py:190} INFO - [2024-10-19T00:08:31.097+0000] {dag.py:3239} INFO - Sync 1 DAGs
[2024-10-19T00:08:31.108+0000] {logging_mixin.py:190} INFO - [2024-10-19T00:08:31.107+0000] {dag.py:4180} INFO - Setting next_dagrun for example_sensors to None, run_after=None
[2024-10-19T00:08:31.127+0000] {processor.py:208} INFO - Processing /home/airflow/.local/lib/python3.12/site-packages/airflow/example_dags/example_sensors.py took 0.067 seconds
[2024-10-19T00:09:01.378+0000] {processor.py:186} INFO - Started process (PID=599) to work on /home/airflow/.local/lib/python3.12/site-packages/airflow/example_dags/example_sensors.py
[2024-10-19T00:09:01.379+0000] {processor.py:914} INFO - Processing file /home/airflow/.local/lib/python3.12/site-packages/airflow/example_dags/example_sensors.py for tasks to queue
[2024-10-19T00:09:01.382+0000] {logging_mixin.py:190} INFO - [2024-10-19T00:09:01.382+0000] {dagbag.py:588} INFO - Filling up the DagBag from /home/airflow/.local/lib/python3.12/site-packages/airflow/example_dags/example_sensors.py
[2024-10-19T00:09:01.391+0000] {processor.py:925} INFO - DAG(s) 'example_sensors' retrieved from /home/airflow/.local/lib/python3.12/site-packages/airflow/example_dags/example_sensors.py
[2024-10-19T00:09:01.421+0000] {logging_mixin.py:190} INFO - [2024-10-19T00:09:01.421+0000] {dag.py:3239} INFO - Sync 1 DAGs
[2024-10-19T00:09:01.440+0000] {logging_mixin.py:190} INFO - [2024-10-19T00:09:01.440+0000] {dag.py:4180} INFO - Setting next_dagrun for example_sensors to None, run_after=None
[2024-10-19T00:09:01.469+0000] {processor.py:208} INFO - Processing /home/airflow/.local/lib/python3.12/site-packages/airflow/example_dags/example_sensors.py took 0.096 seconds
[2024-10-19T00:09:32.230+0000] {processor.py:186} INFO - Started process (PID=662) to work on /home/airflow/.local/lib/python3.12/site-packages/airflow/example_dags/example_sensors.py
[2024-10-19T00:09:32.231+0000] {processor.py:914} INFO - Processing file /home/airflow/.local/lib/python3.12/site-packages/airflow/example_dags/example_sensors.py for tasks to queue
[2024-10-19T00:09:32.233+0000] {logging_mixin.py:190} INFO - [2024-10-19T00:09:32.233+0000] {dagbag.py:588} INFO - Filling up the DagBag from /home/airflow/.local/lib/python3.12/site-packages/airflow/example_dags/example_sensors.py
[2024-10-19T00:09:32.241+0000] {processor.py:925} INFO - DAG(s) 'example_sensors' retrieved from /home/airflow/.local/lib/python3.12/site-packages/airflow/example_dags/example_sensors.py
[2024-10-19T00:09:32.262+0000] {logging_mixin.py:190} INFO - [2024-10-19T00:09:32.262+0000] {dag.py:3239} INFO - Sync 1 DAGs
[2024-10-19T00:09:32.274+0000] {logging_mixin.py:190} INFO - [2024-10-19T00:09:32.274+0000] {dag.py:4180} INFO - Setting next_dagrun for example_sensors to None, run_after=None
[2024-10-19T00:09:32.296+0000] {processor.py:208} INFO - Processing /home/airflow/.local/lib/python3.12/site-packages/airflow/example_dags/example_sensors.py took 0.070 seconds
[2024-10-19T00:10:02.969+0000] {processor.py:186} INFO - Started process (PID=724) to work on /home/airflow/.local/lib/python3.12/site-packages/airflow/example_dags/example_sensors.py
[2024-10-19T00:10:02.971+0000] {processor.py:914} INFO - Processing file /home/airflow/.local/lib/python3.12/site-packages/airflow/example_dags/example_sensors.py for tasks to queue
[2024-10-19T00:10:02.974+0000] {logging_mixin.py:190} INFO - [2024-10-19T00:10:02.973+0000] {dagbag.py:588} INFO - Filling up the DagBag from /home/airflow/.local/lib/python3.12/site-packages/airflow/example_dags/example_sensors.py
[2024-10-19T00:10:02.986+0000] {processor.py:925} INFO - DAG(s) 'example_sensors' retrieved from /home/airflow/.local/lib/python3.12/site-packages/airflow/example_dags/example_sensors.py
[2024-10-19T00:10:03.012+0000] {logging_mixin.py:190} INFO - [2024-10-19T00:10:03.011+0000] {dag.py:3239} INFO - Sync 1 DAGs
[2024-10-19T00:10:03.025+0000] {logging_mixin.py:190} INFO - [2024-10-19T00:10:03.024+0000] {dag.py:4180} INFO - Setting next_dagrun for example_sensors to None, run_after=None
[2024-10-19T00:10:03.047+0000] {processor.py:208} INFO - Processing /home/airflow/.local/lib/python3.12/site-packages/airflow/example_dags/example_sensors.py took 0.083 seconds
[2024-10-19T00:10:33.165+0000] {processor.py:186} INFO - Started process (PID=786) to work on /home/airflow/.local/lib/python3.12/site-packages/airflow/example_dags/example_sensors.py
[2024-10-19T00:10:33.166+0000] {processor.py:914} INFO - Processing file /home/airflow/.local/lib/python3.12/site-packages/airflow/example_dags/example_sensors.py for tasks to queue
[2024-10-19T00:10:33.168+0000] {logging_mixin.py:190} INFO - [2024-10-19T00:10:33.168+0000] {dagbag.py:588} INFO - Filling up the DagBag from /home/airflow/.local/lib/python3.12/site-packages/airflow/example_dags/example_sensors.py
[2024-10-19T00:10:33.177+0000] {processor.py:925} INFO - DAG(s) 'example_sensors' retrieved from /home/airflow/.local/lib/python3.12/site-packages/airflow/example_dags/example_sensors.py
[2024-10-19T00:10:33.201+0000] {logging_mixin.py:190} INFO - [2024-10-19T00:10:33.201+0000] {dag.py:3239} INFO - Sync 1 DAGs
[2024-10-19T00:10:33.213+0000] {logging_mixin.py:190} INFO - [2024-10-19T00:10:33.213+0000] {dag.py:4180} INFO - Setting next_dagrun for example_sensors to None, run_after=None
[2024-10-19T00:10:33.234+0000] {processor.py:208} INFO - Processing /home/airflow/.local/lib/python3.12/site-packages/airflow/example_dags/example_sensors.py took 0.073 seconds
[2024-10-19T00:11:03.582+0000] {processor.py:186} INFO - Started process (PID=848) to work on /home/airflow/.local/lib/python3.12/site-packages/airflow/example_dags/example_sensors.py
[2024-10-19T00:11:03.584+0000] {processor.py:914} INFO - Processing file /home/airflow/.local/lib/python3.12/site-packages/airflow/example_dags/example_sensors.py for tasks to queue
[2024-10-19T00:11:03.586+0000] {logging_mixin.py:190} INFO - [2024-10-19T00:11:03.585+0000] {dagbag.py:588} INFO - Filling up the DagBag from /home/airflow/.local/lib/python3.12/site-packages/airflow/example_dags/example_sensors.py
[2024-10-19T00:11:03.594+0000] {processor.py:925} INFO - DAG(s) 'example_sensors' retrieved from /home/airflow/.local/lib/python3.12/site-packages/airflow/example_dags/example_sensors.py
[2024-10-19T00:11:03.618+0000] {logging_mixin.py:190} INFO - [2024-10-19T00:11:03.618+0000] {dag.py:3239} INFO - Sync 1 DAGs
[2024-10-19T00:11:03.633+0000] {logging_mixin.py:190} INFO - [2024-10-19T00:11:03.632+0000] {dag.py:4180} INFO - Setting next_dagrun for example_sensors to None, run_after=None
[2024-10-19T00:11:03.658+0000] {processor.py:208} INFO - Processing /home/airflow/.local/lib/python3.12/site-packages/airflow/example_dags/example_sensors.py took 0.081 seconds
[2024-10-19T00:11:34.640+0000] {processor.py:186} INFO - Started process (PID=910) to work on /home/airflow/.local/lib/python3.12/site-packages/airflow/example_dags/example_sensors.py
[2024-10-19T00:11:34.641+0000] {processor.py:914} INFO - Processing file /home/airflow/.local/lib/python3.12/site-packages/airflow/example_dags/example_sensors.py for tasks to queue
[2024-10-19T00:11:34.643+0000] {logging_mixin.py:190} INFO - [2024-10-19T00:11:34.643+0000] {dagbag.py:588} INFO - Filling up the DagBag from /home/airflow/.local/lib/python3.12/site-packages/airflow/example_dags/example_sensors.py
[2024-10-19T00:11:34.652+0000] {processor.py:925} INFO - DAG(s) 'example_sensors' retrieved from /home/airflow/.local/lib/python3.12/site-packages/airflow/example_dags/example_sensors.py
[2024-10-19T00:11:34.674+0000] {logging_mixin.py:190} INFO - [2024-10-19T00:11:34.674+0000] {dag.py:3239} INFO - Sync 1 DAGs
[2024-10-19T00:11:34.686+0000] {logging_mixin.py:190} INFO - [2024-10-19T00:11:34.686+0000] {dag.py:4180} INFO - Setting next_dagrun for example_sensors to None, run_after=None
[2024-10-19T00:11:34.708+0000] {processor.py:208} INFO - Processing /home/airflow/.local/lib/python3.12/site-packages/airflow/example_dags/example_sensors.py took 0.073 seconds
[2024-10-19T00:12:05.211+0000] {processor.py:186} INFO - Started process (PID=973) to work on /home/airflow/.local/lib/python3.12/site-packages/airflow/example_dags/example_sensors.py
[2024-10-19T00:12:05.212+0000] {processor.py:914} INFO - Processing file /home/airflow/.local/lib/python3.12/site-packages/airflow/example_dags/example_sensors.py for tasks to queue
[2024-10-19T00:12:05.214+0000] {logging_mixin.py:190} INFO - [2024-10-19T00:12:05.213+0000] {dagbag.py:588} INFO - Filling up the DagBag from /home/airflow/.local/lib/python3.12/site-packages/airflow/example_dags/example_sensors.py
[2024-10-19T00:12:05.223+0000] {processor.py:925} INFO - DAG(s) 'example_sensors' retrieved from /home/airflow/.local/lib/python3.12/site-packages/airflow/example_dags/example_sensors.py
[2024-10-19T00:12:05.244+0000] {logging_mixin.py:190} INFO - [2024-10-19T00:12:05.244+0000] {dag.py:3239} INFO - Sync 1 DAGs
[2024-10-19T00:12:05.256+0000] {logging_mixin.py:190} INFO - [2024-10-19T00:12:05.256+0000] {dag.py:4180} INFO - Setting next_dagrun for example_sensors to None, run_after=None
[2024-10-19T00:12:05.276+0000] {processor.py:208} INFO - Processing /home/airflow/.local/lib/python3.12/site-packages/airflow/example_dags/example_sensors.py took 0.070 seconds
[2024-10-19T00:12:36.035+0000] {processor.py:186} INFO - Started process (PID=1035) to work on /home/airflow/.local/lib/python3.12/site-packages/airflow/example_dags/example_sensors.py
[2024-10-19T00:12:36.036+0000] {processor.py:914} INFO - Processing file /home/airflow/.local/lib/python3.12/site-packages/airflow/example_dags/example_sensors.py for tasks to queue
[2024-10-19T00:12:36.038+0000] {logging_mixin.py:190} INFO - [2024-10-19T00:12:36.038+0000] {dagbag.py:588} INFO - Filling up the DagBag from /home/airflow/.local/lib/python3.12/site-packages/airflow/example_dags/example_sensors.py
[2024-10-19T00:12:36.046+0000] {processor.py:925} INFO - DAG(s) 'example_sensors' retrieved from /home/airflow/.local/lib/python3.12/site-packages/airflow/example_dags/example_sensors.py
[2024-10-19T00:12:36.070+0000] {logging_mixin.py:190} INFO - [2024-10-19T00:12:36.070+0000] {dag.py:3239} INFO - Sync 1 DAGs
[2024-10-19T00:12:36.081+0000] {logging_mixin.py:190} INFO - [2024-10-19T00:12:36.081+0000] {dag.py:4180} INFO - Setting next_dagrun for example_sensors to None, run_after=None
[2024-10-19T00:12:36.102+0000] {processor.py:208} INFO - Processing /home/airflow/.local/lib/python3.12/site-packages/airflow/example_dags/example_sensors.py took 0.071 seconds
[2024-10-19T00:13:06.396+0000] {processor.py:186} INFO - Started process (PID=1096) to work on /home/airflow/.local/lib/python3.12/site-packages/airflow/example_dags/example_sensors.py
[2024-10-19T00:13:06.397+0000] {processor.py:914} INFO - Processing file /home/airflow/.local/lib/python3.12/site-packages/airflow/example_dags/example_sensors.py for tasks to queue
[2024-10-19T00:13:06.399+0000] {logging_mixin.py:190} INFO - [2024-10-19T00:13:06.399+0000] {dagbag.py:588} INFO - Filling up the DagBag from /home/airflow/.local/lib/python3.12/site-packages/airflow/example_dags/example_sensors.py
[2024-10-19T00:13:06.408+0000] {processor.py:925} INFO - DAG(s) 'example_sensors' retrieved from /home/airflow/.local/lib/python3.12/site-packages/airflow/example_dags/example_sensors.py
[2024-10-19T00:13:06.428+0000] {logging_mixin.py:190} INFO - [2024-10-19T00:13:06.428+0000] {dag.py:3239} INFO - Sync 1 DAGs
[2024-10-19T00:13:06.439+0000] {logging_mixin.py:190} INFO - [2024-10-19T00:13:06.439+0000] {dag.py:4180} INFO - Setting next_dagrun for example_sensors to None, run_after=None
[2024-10-19T00:13:06.460+0000] {processor.py:208} INFO - Processing /home/airflow/.local/lib/python3.12/site-packages/airflow/example_dags/example_sensors.py took 0.069 seconds
[2024-10-19T00:13:36.904+0000] {processor.py:186} INFO - Started process (PID=1158) to work on /home/airflow/.local/lib/python3.12/site-packages/airflow/example_dags/example_sensors.py
[2024-10-19T00:13:36.905+0000] {processor.py:914} INFO - Processing file /home/airflow/.local/lib/python3.12/site-packages/airflow/example_dags/example_sensors.py for tasks to queue
[2024-10-19T00:13:36.907+0000] {logging_mixin.py:190} INFO - [2024-10-19T00:13:36.907+0000] {dagbag.py:588} INFO - Filling up the DagBag from /home/airflow/.local/lib/python3.12/site-packages/airflow/example_dags/example_sensors.py
[2024-10-19T00:13:36.918+0000] {processor.py:925} INFO - DAG(s) 'example_sensors' retrieved from /home/airflow/.local/lib/python3.12/site-packages/airflow/example_dags/example_sensors.py
[2024-10-19T00:13:36.946+0000] {logging_mixin.py:190} INFO - [2024-10-19T00:13:36.945+0000] {dag.py:3239} INFO - Sync 1 DAGs
[2024-10-19T00:13:36.961+0000] {logging_mixin.py:190} INFO - [2024-10-19T00:13:36.961+0000] {dag.py:4180} INFO - Setting next_dagrun for example_sensors to None, run_after=None
[2024-10-19T00:13:36.981+0000] {processor.py:208} INFO - Processing /home/airflow/.local/lib/python3.12/site-packages/airflow/example_dags/example_sensors.py took 0.083 seconds
[2024-10-19T00:14:07.406+0000] {processor.py:186} INFO - Started process (PID=1220) to work on /home/airflow/.local/lib/python3.12/site-packages/airflow/example_dags/example_sensors.py
[2024-10-19T00:14:07.407+0000] {processor.py:914} INFO - Processing file /home/airflow/.local/lib/python3.12/site-packages/airflow/example_dags/example_sensors.py for tasks to queue
[2024-10-19T00:14:07.408+0000] {logging_mixin.py:190} INFO - [2024-10-19T00:14:07.408+0000] {dagbag.py:588} INFO - Filling up the DagBag from /home/airflow/.local/lib/python3.12/site-packages/airflow/example_dags/example_sensors.py
[2024-10-19T00:14:07.416+0000] {processor.py:925} INFO - DAG(s) 'example_sensors' retrieved from /home/airflow/.local/lib/python3.12/site-packages/airflow/example_dags/example_sensors.py
[2024-10-19T00:14:07.438+0000] {logging_mixin.py:190} INFO - [2024-10-19T00:14:07.438+0000] {dag.py:3239} INFO - Sync 1 DAGs
[2024-10-19T00:14:07.449+0000] {logging_mixin.py:190} INFO - [2024-10-19T00:14:07.449+0000] {dag.py:4180} INFO - Setting next_dagrun for example_sensors to None, run_after=None
[2024-10-19T00:14:07.467+0000] {processor.py:208} INFO - Processing /home/airflow/.local/lib/python3.12/site-packages/airflow/example_dags/example_sensors.py took 0.066 seconds
[2024-10-19T00:14:37.992+0000] {processor.py:186} INFO - Started process (PID=1282) to work on /home/airflow/.local/lib/python3.12/site-packages/airflow/example_dags/example_sensors.py
[2024-10-19T00:14:37.993+0000] {processor.py:914} INFO - Processing file /home/airflow/.local/lib/python3.12/site-packages/airflow/example_dags/example_sensors.py for tasks to queue
[2024-10-19T00:14:37.995+0000] {logging_mixin.py:190} INFO - [2024-10-19T00:14:37.994+0000] {dagbag.py:588} INFO - Filling up the DagBag from /home/airflow/.local/lib/python3.12/site-packages/airflow/example_dags/example_sensors.py
[2024-10-19T00:14:38.003+0000] {processor.py:925} INFO - DAG(s) 'example_sensors' retrieved from /home/airflow/.local/lib/python3.12/site-packages/airflow/example_dags/example_sensors.py
[2024-10-19T00:14:38.024+0000] {logging_mixin.py:190} INFO - [2024-10-19T00:14:38.024+0000] {dag.py:3239} INFO - Sync 1 DAGs
[2024-10-19T00:14:38.035+0000] {logging_mixin.py:190} INFO - [2024-10-19T00:14:38.035+0000] {dag.py:4180} INFO - Setting next_dagrun for example_sensors to None, run_after=None
[2024-10-19T00:14:38.054+0000] {processor.py:208} INFO - Processing /home/airflow/.local/lib/python3.12/site-packages/airflow/example_dags/example_sensors.py took 0.067 seconds
[2024-10-19T00:15:08.699+0000] {processor.py:186} INFO - Started process (PID=1344) to work on /home/airflow/.local/lib/python3.12/site-packages/airflow/example_dags/example_sensors.py
[2024-10-19T00:15:08.700+0000] {processor.py:914} INFO - Processing file /home/airflow/.local/lib/python3.12/site-packages/airflow/example_dags/example_sensors.py for tasks to queue
[2024-10-19T00:15:08.702+0000] {logging_mixin.py:190} INFO - [2024-10-19T00:15:08.702+0000] {dagbag.py:588} INFO - Filling up the DagBag from /home/airflow/.local/lib/python3.12/site-packages/airflow/example_dags/example_sensors.py
[2024-10-19T00:15:08.710+0000] {processor.py:925} INFO - DAG(s) 'example_sensors' retrieved from /home/airflow/.local/lib/python3.12/site-packages/airflow/example_dags/example_sensors.py
[2024-10-19T00:15:08.735+0000] {logging_mixin.py:190} INFO - [2024-10-19T00:15:08.734+0000] {dag.py:3239} INFO - Sync 1 DAGs
[2024-10-19T00:15:08.749+0000] {logging_mixin.py:190} INFO - [2024-10-19T00:15:08.749+0000] {dag.py:4180} INFO - Setting next_dagrun for example_sensors to None, run_after=None
[2024-10-19T00:15:08.770+0000] {processor.py:208} INFO - Processing /home/airflow/.local/lib/python3.12/site-packages/airflow/example_dags/example_sensors.py took 0.075 seconds
[2024-10-19T00:15:39.513+0000] {processor.py:186} INFO - Started process (PID=1406) to work on /home/airflow/.local/lib/python3.12/site-packages/airflow/example_dags/example_sensors.py
[2024-10-19T00:15:39.514+0000] {processor.py:914} INFO - Processing file /home/airflow/.local/lib/python3.12/site-packages/airflow/example_dags/example_sensors.py for tasks to queue
[2024-10-19T00:15:39.515+0000] {logging_mixin.py:190} INFO - [2024-10-19T00:15:39.515+0000] {dagbag.py:588} INFO - Filling up the DagBag from /home/airflow/.local/lib/python3.12/site-packages/airflow/example_dags/example_sensors.py
[2024-10-19T00:15:39.523+0000] {processor.py:925} INFO - DAG(s) 'example_sensors' retrieved from /home/airflow/.local/lib/python3.12/site-packages/airflow/example_dags/example_sensors.py
[2024-10-19T00:15:39.544+0000] {logging_mixin.py:190} INFO - [2024-10-19T00:15:39.543+0000] {dag.py:3239} INFO - Sync 1 DAGs
[2024-10-19T00:15:39.554+0000] {logging_mixin.py:190} INFO - [2024-10-19T00:15:39.554+0000] {dag.py:4180} INFO - Setting next_dagrun for example_sensors to None, run_after=None
[2024-10-19T00:15:39.571+0000] {processor.py:208} INFO - Processing /home/airflow/.local/lib/python3.12/site-packages/airflow/example_dags/example_sensors.py took 0.063 seconds
[2024-10-19T00:16:10.343+0000] {processor.py:186} INFO - Started process (PID=1467) to work on /home/airflow/.local/lib/python3.12/site-packages/airflow/example_dags/example_sensors.py
[2024-10-19T00:16:10.344+0000] {processor.py:914} INFO - Processing file /home/airflow/.local/lib/python3.12/site-packages/airflow/example_dags/example_sensors.py for tasks to queue
[2024-10-19T00:16:10.347+0000] {logging_mixin.py:190} INFO - [2024-10-19T00:16:10.347+0000] {dagbag.py:588} INFO - Filling up the DagBag from /home/airflow/.local/lib/python3.12/site-packages/airflow/example_dags/example_sensors.py
[2024-10-19T00:16:10.357+0000] {processor.py:925} INFO - DAG(s) 'example_sensors' retrieved from /home/airflow/.local/lib/python3.12/site-packages/airflow/example_dags/example_sensors.py
[2024-10-19T00:16:10.384+0000] {logging_mixin.py:190} INFO - [2024-10-19T00:16:10.384+0000] {dag.py:3239} INFO - Sync 1 DAGs
[2024-10-19T00:16:10.398+0000] {logging_mixin.py:190} INFO - [2024-10-19T00:16:10.397+0000] {dag.py:4180} INFO - Setting next_dagrun for example_sensors to None, run_after=None
[2024-10-19T00:16:10.415+0000] {processor.py:208} INFO - Processing /home/airflow/.local/lib/python3.12/site-packages/airflow/example_dags/example_sensors.py took 0.077 seconds
[2024-10-19T00:16:41.044+0000] {processor.py:186} INFO - Started process (PID=1529) to work on /home/airflow/.local/lib/python3.12/site-packages/airflow/example_dags/example_sensors.py
[2024-10-19T00:16:41.045+0000] {processor.py:914} INFO - Processing file /home/airflow/.local/lib/python3.12/site-packages/airflow/example_dags/example_sensors.py for tasks to queue
[2024-10-19T00:16:41.047+0000] {logging_mixin.py:190} INFO - [2024-10-19T00:16:41.047+0000] {dagbag.py:588} INFO - Filling up the DagBag from /home/airflow/.local/lib/python3.12/site-packages/airflow/example_dags/example_sensors.py
[2024-10-19T00:16:41.054+0000] {processor.py:925} INFO - DAG(s) 'example_sensors' retrieved from /home/airflow/.local/lib/python3.12/site-packages/airflow/example_dags/example_sensors.py
[2024-10-19T00:16:41.074+0000] {logging_mixin.py:190} INFO - [2024-10-19T00:16:41.074+0000] {dag.py:3239} INFO - Sync 1 DAGs
[2024-10-19T00:16:41.085+0000] {logging_mixin.py:190} INFO - [2024-10-19T00:16:41.085+0000] {dag.py:4180} INFO - Setting next_dagrun for example_sensors to None, run_after=None
[2024-10-19T00:16:41.104+0000] {processor.py:208} INFO - Processing /home/airflow/.local/lib/python3.12/site-packages/airflow/example_dags/example_sensors.py took 0.064 seconds
[2024-10-19T00:17:11.477+0000] {processor.py:186} INFO - Started process (PID=1591) to work on /home/airflow/.local/lib/python3.12/site-packages/airflow/example_dags/example_sensors.py
[2024-10-19T00:17:11.478+0000] {processor.py:914} INFO - Processing file /home/airflow/.local/lib/python3.12/site-packages/airflow/example_dags/example_sensors.py for tasks to queue
[2024-10-19T00:17:11.481+0000] {logging_mixin.py:190} INFO - [2024-10-19T00:17:11.481+0000] {dagbag.py:588} INFO - Filling up the DagBag from /home/airflow/.local/lib/python3.12/site-packages/airflow/example_dags/example_sensors.py
[2024-10-19T00:17:11.492+0000] {processor.py:925} INFO - DAG(s) 'example_sensors' retrieved from /home/airflow/.local/lib/python3.12/site-packages/airflow/example_dags/example_sensors.py
[2024-10-19T00:17:11.520+0000] {logging_mixin.py:190} INFO - [2024-10-19T00:17:11.520+0000] {dag.py:3239} INFO - Sync 1 DAGs
[2024-10-19T00:17:11.534+0000] {logging_mixin.py:190} INFO - [2024-10-19T00:17:11.534+0000] {dag.py:4180} INFO - Setting next_dagrun for example_sensors to None, run_after=None
[2024-10-19T00:17:11.555+0000] {processor.py:208} INFO - Processing /home/airflow/.local/lib/python3.12/site-packages/airflow/example_dags/example_sensors.py took 0.083 seconds
[2024-10-19T00:17:42.053+0000] {processor.py:186} INFO - Started process (PID=1653) to work on /home/airflow/.local/lib/python3.12/site-packages/airflow/example_dags/example_sensors.py
[2024-10-19T00:17:42.054+0000] {processor.py:914} INFO - Processing file /home/airflow/.local/lib/python3.12/site-packages/airflow/example_dags/example_sensors.py for tasks to queue
[2024-10-19T00:17:42.056+0000] {logging_mixin.py:190} INFO - [2024-10-19T00:17:42.056+0000] {dagbag.py:588} INFO - Filling up the DagBag from /home/airflow/.local/lib/python3.12/site-packages/airflow/example_dags/example_sensors.py
[2024-10-19T00:17:42.066+0000] {processor.py:925} INFO - DAG(s) 'example_sensors' retrieved from /home/airflow/.local/lib/python3.12/site-packages/airflow/example_dags/example_sensors.py
[2024-10-19T00:17:42.090+0000] {logging_mixin.py:190} INFO - [2024-10-19T00:17:42.089+0000] {dag.py:3239} INFO - Sync 1 DAGs
[2024-10-19T00:17:42.105+0000] {logging_mixin.py:190} INFO - [2024-10-19T00:17:42.104+0000] {dag.py:4180} INFO - Setting next_dagrun for example_sensors to None, run_after=None
[2024-10-19T00:17:42.127+0000] {processor.py:208} INFO - Processing /home/airflow/.local/lib/python3.12/site-packages/airflow/example_dags/example_sensors.py took 0.079 seconds
[2024-10-19T00:18:12.754+0000] {processor.py:186} INFO - Started process (PID=1715) to work on /home/airflow/.local/lib/python3.12/site-packages/airflow/example_dags/example_sensors.py
[2024-10-19T00:18:12.755+0000] {processor.py:914} INFO - Processing file /home/airflow/.local/lib/python3.12/site-packages/airflow/example_dags/example_sensors.py for tasks to queue
[2024-10-19T00:18:12.757+0000] {logging_mixin.py:190} INFO - [2024-10-19T00:18:12.757+0000] {dagbag.py:588} INFO - Filling up the DagBag from /home/airflow/.local/lib/python3.12/site-packages/airflow/example_dags/example_sensors.py
[2024-10-19T00:18:12.766+0000] {processor.py:925} INFO - DAG(s) 'example_sensors' retrieved from /home/airflow/.local/lib/python3.12/site-packages/airflow/example_dags/example_sensors.py
[2024-10-19T00:18:12.792+0000] {logging_mixin.py:190} INFO - [2024-10-19T00:18:12.791+0000] {dag.py:3239} INFO - Sync 1 DAGs
[2024-10-19T00:18:12.804+0000] {logging_mixin.py:190} INFO - [2024-10-19T00:18:12.804+0000] {dag.py:4180} INFO - Setting next_dagrun for example_sensors to None, run_after=None
[2024-10-19T00:18:12.824+0000] {processor.py:208} INFO - Processing /home/airflow/.local/lib/python3.12/site-packages/airflow/example_dags/example_sensors.py took 0.076 seconds
[2024-10-19T00:18:42.997+0000] {processor.py:186} INFO - Started process (PID=1776) to work on /home/airflow/.local/lib/python3.12/site-packages/airflow/example_dags/example_sensors.py
[2024-10-19T00:18:42.998+0000] {processor.py:914} INFO - Processing file /home/airflow/.local/lib/python3.12/site-packages/airflow/example_dags/example_sensors.py for tasks to queue
[2024-10-19T00:18:43.000+0000] {logging_mixin.py:190} INFO - [2024-10-19T00:18:43.000+0000] {dagbag.py:588} INFO - Filling up the DagBag from /home/airflow/.local/lib/python3.12/site-packages/airflow/example_dags/example_sensors.py
[2024-10-19T00:18:43.008+0000] {processor.py:925} INFO - DAG(s) 'example_sensors' retrieved from /home/airflow/.local/lib/python3.12/site-packages/airflow/example_dags/example_sensors.py
[2024-10-19T00:18:43.030+0000] {logging_mixin.py:190} INFO - [2024-10-19T00:18:43.030+0000] {dag.py:3239} INFO - Sync 1 DAGs
[2024-10-19T00:18:43.041+0000] {logging_mixin.py:190} INFO - [2024-10-19T00:18:43.041+0000] {dag.py:4180} INFO - Setting next_dagrun for example_sensors to None, run_after=None
[2024-10-19T00:18:43.060+0000] {processor.py:208} INFO - Processing /home/airflow/.local/lib/python3.12/site-packages/airflow/example_dags/example_sensors.py took 0.068 seconds
[2024-10-19T00:19:13.960+0000] {processor.py:186} INFO - Started process (PID=1838) to work on /home/airflow/.local/lib/python3.12/site-packages/airflow/example_dags/example_sensors.py
[2024-10-19T00:19:13.961+0000] {processor.py:914} INFO - Processing file /home/airflow/.local/lib/python3.12/site-packages/airflow/example_dags/example_sensors.py for tasks to queue
[2024-10-19T00:19:13.963+0000] {logging_mixin.py:190} INFO - [2024-10-19T00:19:13.963+0000] {dagbag.py:588} INFO - Filling up the DagBag from /home/airflow/.local/lib/python3.12/site-packages/airflow/example_dags/example_sensors.py
[2024-10-19T00:19:13.973+0000] {processor.py:925} INFO - DAG(s) 'example_sensors' retrieved from /home/airflow/.local/lib/python3.12/site-packages/airflow/example_dags/example_sensors.py
[2024-10-19T00:19:13.999+0000] {logging_mixin.py:190} INFO - [2024-10-19T00:19:13.999+0000] {dag.py:3239} INFO - Sync 1 DAGs
[2024-10-19T00:19:14.015+0000] {logging_mixin.py:190} INFO - [2024-10-19T00:19:14.014+0000] {dag.py:4180} INFO - Setting next_dagrun for example_sensors to None, run_after=None
[2024-10-19T00:19:14.037+0000] {processor.py:208} INFO - Processing /home/airflow/.local/lib/python3.12/site-packages/airflow/example_dags/example_sensors.py took 0.084 seconds
[2024-10-19T00:19:44.451+0000] {processor.py:186} INFO - Started process (PID=1900) to work on /home/airflow/.local/lib/python3.12/site-packages/airflow/example_dags/example_sensors.py
[2024-10-19T00:19:44.452+0000] {processor.py:914} INFO - Processing file /home/airflow/.local/lib/python3.12/site-packages/airflow/example_dags/example_sensors.py for tasks to queue
[2024-10-19T00:19:44.454+0000] {logging_mixin.py:190} INFO - [2024-10-19T00:19:44.453+0000] {dagbag.py:588} INFO - Filling up the DagBag from /home/airflow/.local/lib/python3.12/site-packages/airflow/example_dags/example_sensors.py
[2024-10-19T00:19:44.462+0000] {processor.py:925} INFO - DAG(s) 'example_sensors' retrieved from /home/airflow/.local/lib/python3.12/site-packages/airflow/example_dags/example_sensors.py
[2024-10-19T00:19:44.483+0000] {logging_mixin.py:190} INFO - [2024-10-19T00:19:44.483+0000] {dag.py:3239} INFO - Sync 1 DAGs
[2024-10-19T00:19:44.495+0000] {logging_mixin.py:190} INFO - [2024-10-19T00:19:44.495+0000] {dag.py:4180} INFO - Setting next_dagrun for example_sensors to None, run_after=None
[2024-10-19T00:19:44.515+0000] {processor.py:208} INFO - Processing /home/airflow/.local/lib/python3.12/site-packages/airflow/example_dags/example_sensors.py took 0.069 seconds
[2024-10-19T00:20:15.142+0000] {processor.py:186} INFO - Started process (PID=1962) to work on /home/airflow/.local/lib/python3.12/site-packages/airflow/example_dags/example_sensors.py
[2024-10-19T00:20:15.143+0000] {processor.py:914} INFO - Processing file /home/airflow/.local/lib/python3.12/site-packages/airflow/example_dags/example_sensors.py for tasks to queue
[2024-10-19T00:20:15.145+0000] {logging_mixin.py:190} INFO - [2024-10-19T00:20:15.145+0000] {dagbag.py:588} INFO - Filling up the DagBag from /home/airflow/.local/lib/python3.12/site-packages/airflow/example_dags/example_sensors.py
[2024-10-19T00:20:15.153+0000] {processor.py:925} INFO - DAG(s) 'example_sensors' retrieved from /home/airflow/.local/lib/python3.12/site-packages/airflow/example_dags/example_sensors.py
[2024-10-19T00:20:15.174+0000] {logging_mixin.py:190} INFO - [2024-10-19T00:20:15.174+0000] {dag.py:3239} INFO - Sync 1 DAGs
[2024-10-19T00:20:15.185+0000] {logging_mixin.py:190} INFO - [2024-10-19T00:20:15.185+0000] {dag.py:4180} INFO - Setting next_dagrun for example_sensors to None, run_after=None
[2024-10-19T00:20:15.202+0000] {processor.py:208} INFO - Processing /home/airflow/.local/lib/python3.12/site-packages/airflow/example_dags/example_sensors.py took 0.064 seconds
[2024-10-19T00:20:46.156+0000] {processor.py:186} INFO - Started process (PID=2024) to work on /home/airflow/.local/lib/python3.12/site-packages/airflow/example_dags/example_sensors.py
[2024-10-19T00:20:46.158+0000] {processor.py:914} INFO - Processing file /home/airflow/.local/lib/python3.12/site-packages/airflow/example_dags/example_sensors.py for tasks to queue
[2024-10-19T00:20:46.161+0000] {logging_mixin.py:190} INFO - [2024-10-19T00:20:46.161+0000] {dagbag.py:588} INFO - Filling up the DagBag from /home/airflow/.local/lib/python3.12/site-packages/airflow/example_dags/example_sensors.py
[2024-10-19T00:20:46.175+0000] {processor.py:925} INFO - DAG(s) 'example_sensors' retrieved from /home/airflow/.local/lib/python3.12/site-packages/airflow/example_dags/example_sensors.py
[2024-10-19T00:20:46.207+0000] {logging_mixin.py:190} INFO - [2024-10-19T00:20:46.207+0000] {dag.py:3239} INFO - Sync 1 DAGs
[2024-10-19T00:20:46.227+0000] {logging_mixin.py:190} INFO - [2024-10-19T00:20:46.227+0000] {dag.py:4180} INFO - Setting next_dagrun for example_sensors to None, run_after=None
[2024-10-19T00:20:46.253+0000] {processor.py:208} INFO - Processing /home/airflow/.local/lib/python3.12/site-packages/airflow/example_dags/example_sensors.py took 0.104 seconds
[2024-10-19T00:21:16.396+0000] {processor.py:186} INFO - Started process (PID=2086) to work on /home/airflow/.local/lib/python3.12/site-packages/airflow/example_dags/example_sensors.py
[2024-10-19T00:21:16.397+0000] {processor.py:914} INFO - Processing file /home/airflow/.local/lib/python3.12/site-packages/airflow/example_dags/example_sensors.py for tasks to queue
[2024-10-19T00:21:16.400+0000] {logging_mixin.py:190} INFO - [2024-10-19T00:21:16.400+0000] {dagbag.py:588} INFO - Filling up the DagBag from /home/airflow/.local/lib/python3.12/site-packages/airflow/example_dags/example_sensors.py
[2024-10-19T00:21:16.411+0000] {processor.py:925} INFO - DAG(s) 'example_sensors' retrieved from /home/airflow/.local/lib/python3.12/site-packages/airflow/example_dags/example_sensors.py
[2024-10-19T00:21:16.436+0000] {logging_mixin.py:190} INFO - [2024-10-19T00:21:16.436+0000] {dag.py:3239} INFO - Sync 1 DAGs
[2024-10-19T00:21:16.451+0000] {logging_mixin.py:190} INFO - [2024-10-19T00:21:16.451+0000] {dag.py:4180} INFO - Setting next_dagrun for example_sensors to None, run_after=None
[2024-10-19T00:21:16.477+0000] {processor.py:208} INFO - Processing /home/airflow/.local/lib/python3.12/site-packages/airflow/example_dags/example_sensors.py took 0.087 seconds
[2024-10-19T00:21:47.154+0000] {processor.py:186} INFO - Started process (PID=2149) to work on /home/airflow/.local/lib/python3.12/site-packages/airflow/example_dags/example_sensors.py
[2024-10-19T00:21:47.155+0000] {processor.py:914} INFO - Processing file /home/airflow/.local/lib/python3.12/site-packages/airflow/example_dags/example_sensors.py for tasks to queue
[2024-10-19T00:21:47.157+0000] {logging_mixin.py:190} INFO - [2024-10-19T00:21:47.157+0000] {dagbag.py:588} INFO - Filling up the DagBag from /home/airflow/.local/lib/python3.12/site-packages/airflow/example_dags/example_sensors.py
[2024-10-19T00:21:47.167+0000] {processor.py:925} INFO - DAG(s) 'example_sensors' retrieved from /home/airflow/.local/lib/python3.12/site-packages/airflow/example_dags/example_sensors.py
[2024-10-19T00:21:47.189+0000] {logging_mixin.py:190} INFO - [2024-10-19T00:21:47.189+0000] {dag.py:3239} INFO - Sync 1 DAGs
[2024-10-19T00:21:47.201+0000] {logging_mixin.py:190} INFO - [2024-10-19T00:21:47.201+0000] {dag.py:4180} INFO - Setting next_dagrun for example_sensors to None, run_after=None
[2024-10-19T00:21:47.219+0000] {processor.py:208} INFO - Processing /home/airflow/.local/lib/python3.12/site-packages/airflow/example_dags/example_sensors.py took 0.070 seconds
[2024-10-19T00:22:17.791+0000] {processor.py:186} INFO - Started process (PID=2211) to work on /home/airflow/.local/lib/python3.12/site-packages/airflow/example_dags/example_sensors.py
[2024-10-19T00:22:17.792+0000] {processor.py:914} INFO - Processing file /home/airflow/.local/lib/python3.12/site-packages/airflow/example_dags/example_sensors.py for tasks to queue
[2024-10-19T00:22:17.795+0000] {logging_mixin.py:190} INFO - [2024-10-19T00:22:17.794+0000] {dagbag.py:588} INFO - Filling up the DagBag from /home/airflow/.local/lib/python3.12/site-packages/airflow/example_dags/example_sensors.py
[2024-10-19T00:22:17.804+0000] {processor.py:925} INFO - DAG(s) 'example_sensors' retrieved from /home/airflow/.local/lib/python3.12/site-packages/airflow/example_dags/example_sensors.py
[2024-10-19T00:22:17.827+0000] {logging_mixin.py:190} INFO - [2024-10-19T00:22:17.826+0000] {dag.py:3239} INFO - Sync 1 DAGs
[2024-10-19T00:22:17.839+0000] {logging_mixin.py:190} INFO - [2024-10-19T00:22:17.839+0000] {dag.py:4180} INFO - Setting next_dagrun for example_sensors to None, run_after=None
[2024-10-19T00:22:17.858+0000] {processor.py:208} INFO - Processing /home/airflow/.local/lib/python3.12/site-packages/airflow/example_dags/example_sensors.py took 0.072 seconds
[2024-10-19T00:22:48.322+0000] {processor.py:186} INFO - Started process (PID=2274) to work on /home/airflow/.local/lib/python3.12/site-packages/airflow/example_dags/example_sensors.py
[2024-10-19T00:22:48.323+0000] {processor.py:914} INFO - Processing file /home/airflow/.local/lib/python3.12/site-packages/airflow/example_dags/example_sensors.py for tasks to queue
[2024-10-19T00:22:48.325+0000] {logging_mixin.py:190} INFO - [2024-10-19T00:22:48.324+0000] {dagbag.py:588} INFO - Filling up the DagBag from /home/airflow/.local/lib/python3.12/site-packages/airflow/example_dags/example_sensors.py
[2024-10-19T00:22:48.334+0000] {processor.py:925} INFO - DAG(s) 'example_sensors' retrieved from /home/airflow/.local/lib/python3.12/site-packages/airflow/example_dags/example_sensors.py
[2024-10-19T00:22:48.355+0000] {logging_mixin.py:190} INFO - [2024-10-19T00:22:48.355+0000] {dag.py:3239} INFO - Sync 1 DAGs
[2024-10-19T00:22:48.367+0000] {logging_mixin.py:190} INFO - [2024-10-19T00:22:48.367+0000] {dag.py:4180} INFO - Setting next_dagrun for example_sensors to None, run_after=None
[2024-10-19T00:22:48.385+0000] {processor.py:208} INFO - Processing /home/airflow/.local/lib/python3.12/site-packages/airflow/example_dags/example_sensors.py took 0.068 seconds
[2024-10-19T00:23:18.811+0000] {processor.py:186} INFO - Started process (PID=2336) to work on /home/airflow/.local/lib/python3.12/site-packages/airflow/example_dags/example_sensors.py
[2024-10-19T00:23:18.812+0000] {processor.py:914} INFO - Processing file /home/airflow/.local/lib/python3.12/site-packages/airflow/example_dags/example_sensors.py for tasks to queue
[2024-10-19T00:23:18.815+0000] {logging_mixin.py:190} INFO - [2024-10-19T00:23:18.815+0000] {dagbag.py:588} INFO - Filling up the DagBag from /home/airflow/.local/lib/python3.12/site-packages/airflow/example_dags/example_sensors.py
[2024-10-19T00:23:18.823+0000] {processor.py:925} INFO - DAG(s) 'example_sensors' retrieved from /home/airflow/.local/lib/python3.12/site-packages/airflow/example_dags/example_sensors.py
[2024-10-19T00:23:18.846+0000] {logging_mixin.py:190} INFO - [2024-10-19T00:23:18.846+0000] {dag.py:3239} INFO - Sync 1 DAGs
[2024-10-19T00:23:18.857+0000] {logging_mixin.py:190} INFO - [2024-10-19T00:23:18.856+0000] {dag.py:4180} INFO - Setting next_dagrun for example_sensors to None, run_after=None
[2024-10-19T00:23:18.878+0000] {processor.py:208} INFO - Processing /home/airflow/.local/lib/python3.12/site-packages/airflow/example_dags/example_sensors.py took 0.071 seconds
[2024-10-19T00:23:49.386+0000] {processor.py:186} INFO - Started process (PID=2398) to work on /home/airflow/.local/lib/python3.12/site-packages/airflow/example_dags/example_sensors.py
[2024-10-19T00:23:49.386+0000] {processor.py:914} INFO - Processing file /home/airflow/.local/lib/python3.12/site-packages/airflow/example_dags/example_sensors.py for tasks to queue
[2024-10-19T00:23:49.389+0000] {logging_mixin.py:190} INFO - [2024-10-19T00:23:49.388+0000] {dagbag.py:588} INFO - Filling up the DagBag from /home/airflow/.local/lib/python3.12/site-packages/airflow/example_dags/example_sensors.py
[2024-10-19T00:23:49.397+0000] {processor.py:925} INFO - DAG(s) 'example_sensors' retrieved from /home/airflow/.local/lib/python3.12/site-packages/airflow/example_dags/example_sensors.py
[2024-10-19T00:23:49.420+0000] {logging_mixin.py:190} INFO - [2024-10-19T00:23:49.420+0000] {dag.py:3239} INFO - Sync 1 DAGs
[2024-10-19T00:23:49.432+0000] {logging_mixin.py:190} INFO - [2024-10-19T00:23:49.432+0000] {dag.py:4180} INFO - Setting next_dagrun for example_sensors to None, run_after=None
[2024-10-19T00:23:49.449+0000] {processor.py:208} INFO - Processing /home/airflow/.local/lib/python3.12/site-packages/airflow/example_dags/example_sensors.py took 0.068 seconds
[2024-10-19T00:24:19.868+0000] {processor.py:186} INFO - Started process (PID=2460) to work on /home/airflow/.local/lib/python3.12/site-packages/airflow/example_dags/example_sensors.py
[2024-10-19T00:24:19.869+0000] {processor.py:914} INFO - Processing file /home/airflow/.local/lib/python3.12/site-packages/airflow/example_dags/example_sensors.py for tasks to queue
[2024-10-19T00:24:19.871+0000] {logging_mixin.py:190} INFO - [2024-10-19T00:24:19.870+0000] {dagbag.py:588} INFO - Filling up the DagBag from /home/airflow/.local/lib/python3.12/site-packages/airflow/example_dags/example_sensors.py
[2024-10-19T00:24:19.880+0000] {processor.py:925} INFO - DAG(s) 'example_sensors' retrieved from /home/airflow/.local/lib/python3.12/site-packages/airflow/example_dags/example_sensors.py
[2024-10-19T00:24:19.903+0000] {logging_mixin.py:190} INFO - [2024-10-19T00:24:19.903+0000] {dag.py:3239} INFO - Sync 1 DAGs
[2024-10-19T00:24:19.916+0000] {logging_mixin.py:190} INFO - [2024-10-19T00:24:19.916+0000] {dag.py:4180} INFO - Setting next_dagrun for example_sensors to None, run_after=None
[2024-10-19T00:24:19.935+0000] {processor.py:208} INFO - Processing /home/airflow/.local/lib/python3.12/site-packages/airflow/example_dags/example_sensors.py took 0.073 seconds
[2024-10-19T00:24:50.514+0000] {processor.py:186} INFO - Started process (PID=2522) to work on /home/airflow/.local/lib/python3.12/site-packages/airflow/example_dags/example_sensors.py
[2024-10-19T00:24:50.515+0000] {processor.py:914} INFO - Processing file /home/airflow/.local/lib/python3.12/site-packages/airflow/example_dags/example_sensors.py for tasks to queue
[2024-10-19T00:24:50.517+0000] {logging_mixin.py:190} INFO - [2024-10-19T00:24:50.517+0000] {dagbag.py:588} INFO - Filling up the DagBag from /home/airflow/.local/lib/python3.12/site-packages/airflow/example_dags/example_sensors.py
[2024-10-19T00:24:50.527+0000] {processor.py:925} INFO - DAG(s) 'example_sensors' retrieved from /home/airflow/.local/lib/python3.12/site-packages/airflow/example_dags/example_sensors.py
[2024-10-19T00:24:50.549+0000] {logging_mixin.py:190} INFO - [2024-10-19T00:24:50.548+0000] {dag.py:3239} INFO - Sync 1 DAGs
[2024-10-19T00:24:50.561+0000] {logging_mixin.py:190} INFO - [2024-10-19T00:24:50.561+0000] {dag.py:4180} INFO - Setting next_dagrun for example_sensors to None, run_after=None
[2024-10-19T00:24:50.581+0000] {processor.py:208} INFO - Processing /home/airflow/.local/lib/python3.12/site-packages/airflow/example_dags/example_sensors.py took 0.073 seconds
[2024-10-19T00:25:21.719+0000] {processor.py:186} INFO - Started process (PID=2583) to work on /home/airflow/.local/lib/python3.12/site-packages/airflow/example_dags/example_sensors.py
[2024-10-19T00:25:21.719+0000] {processor.py:914} INFO - Processing file /home/airflow/.local/lib/python3.12/site-packages/airflow/example_dags/example_sensors.py for tasks to queue
[2024-10-19T00:25:21.721+0000] {logging_mixin.py:190} INFO - [2024-10-19T00:25:21.721+0000] {dagbag.py:588} INFO - Filling up the DagBag from /home/airflow/.local/lib/python3.12/site-packages/airflow/example_dags/example_sensors.py
[2024-10-19T00:25:21.730+0000] {processor.py:925} INFO - DAG(s) 'example_sensors' retrieved from /home/airflow/.local/lib/python3.12/site-packages/airflow/example_dags/example_sensors.py
[2024-10-19T00:25:21.754+0000] {logging_mixin.py:190} INFO - [2024-10-19T00:25:21.754+0000] {dag.py:3239} INFO - Sync 1 DAGs
[2024-10-19T00:25:21.765+0000] {logging_mixin.py:190} INFO - [2024-10-19T00:25:21.765+0000] {dag.py:4180} INFO - Setting next_dagrun for example_sensors to None, run_after=None
[2024-10-19T00:25:21.789+0000] {processor.py:208} INFO - Processing /home/airflow/.local/lib/python3.12/site-packages/airflow/example_dags/example_sensors.py took 0.075 seconds
[2024-10-19T00:25:52.667+0000] {processor.py:186} INFO - Started process (PID=2651) to work on /home/airflow/.local/lib/python3.12/site-packages/airflow/example_dags/example_sensors.py
[2024-10-19T00:25:52.668+0000] {processor.py:914} INFO - Processing file /home/airflow/.local/lib/python3.12/site-packages/airflow/example_dags/example_sensors.py for tasks to queue
[2024-10-19T00:25:52.671+0000] {logging_mixin.py:190} INFO - [2024-10-19T00:25:52.670+0000] {dagbag.py:588} INFO - Filling up the DagBag from /home/airflow/.local/lib/python3.12/site-packages/airflow/example_dags/example_sensors.py
[2024-10-19T00:25:52.681+0000] {processor.py:925} INFO - DAG(s) 'example_sensors' retrieved from /home/airflow/.local/lib/python3.12/site-packages/airflow/example_dags/example_sensors.py
[2024-10-19T00:25:52.704+0000] {logging_mixin.py:190} INFO - [2024-10-19T00:25:52.704+0000] {dag.py:3239} INFO - Sync 1 DAGs
[2024-10-19T00:25:52.716+0000] {logging_mixin.py:190} INFO - [2024-10-19T00:25:52.715+0000] {dag.py:4180} INFO - Setting next_dagrun for example_sensors to None, run_after=None
[2024-10-19T00:25:52.735+0000] {processor.py:208} INFO - Processing /home/airflow/.local/lib/python3.12/site-packages/airflow/example_dags/example_sensors.py took 0.074 seconds
[2024-10-19T00:26:22.799+0000] {processor.py:186} INFO - Started process (PID=2713) to work on /home/airflow/.local/lib/python3.12/site-packages/airflow/example_dags/example_sensors.py
[2024-10-19T00:26:22.800+0000] {processor.py:914} INFO - Processing file /home/airflow/.local/lib/python3.12/site-packages/airflow/example_dags/example_sensors.py for tasks to queue
[2024-10-19T00:26:22.802+0000] {logging_mixin.py:190} INFO - [2024-10-19T00:26:22.802+0000] {dagbag.py:588} INFO - Filling up the DagBag from /home/airflow/.local/lib/python3.12/site-packages/airflow/example_dags/example_sensors.py
[2024-10-19T00:26:22.810+0000] {processor.py:925} INFO - DAG(s) 'example_sensors' retrieved from /home/airflow/.local/lib/python3.12/site-packages/airflow/example_dags/example_sensors.py
[2024-10-19T00:26:22.837+0000] {logging_mixin.py:190} INFO - [2024-10-19T00:26:22.837+0000] {dag.py:3239} INFO - Sync 1 DAGs
[2024-10-19T00:26:22.850+0000] {logging_mixin.py:190} INFO - [2024-10-19T00:26:22.849+0000] {dag.py:4180} INFO - Setting next_dagrun for example_sensors to None, run_after=None
[2024-10-19T00:26:22.868+0000] {processor.py:208} INFO - Processing /home/airflow/.local/lib/python3.12/site-packages/airflow/example_dags/example_sensors.py took 0.074 seconds
[2024-10-19T00:26:53.700+0000] {processor.py:186} INFO - Started process (PID=2774) to work on /home/airflow/.local/lib/python3.12/site-packages/airflow/example_dags/example_sensors.py
[2024-10-19T00:26:53.701+0000] {processor.py:914} INFO - Processing file /home/airflow/.local/lib/python3.12/site-packages/airflow/example_dags/example_sensors.py for tasks to queue
[2024-10-19T00:26:53.705+0000] {logging_mixin.py:190} INFO - [2024-10-19T00:26:53.704+0000] {dagbag.py:588} INFO - Filling up the DagBag from /home/airflow/.local/lib/python3.12/site-packages/airflow/example_dags/example_sensors.py
[2024-10-19T00:26:53.717+0000] {processor.py:925} INFO - DAG(s) 'example_sensors' retrieved from /home/airflow/.local/lib/python3.12/site-packages/airflow/example_dags/example_sensors.py
[2024-10-19T00:26:53.748+0000] {logging_mixin.py:190} INFO - [2024-10-19T00:26:53.748+0000] {dag.py:3239} INFO - Sync 1 DAGs
[2024-10-19T00:26:53.764+0000] {logging_mixin.py:190} INFO - [2024-10-19T00:26:53.764+0000] {dag.py:4180} INFO - Setting next_dagrun for example_sensors to None, run_after=None
[2024-10-19T00:26:53.785+0000] {processor.py:208} INFO - Processing /home/airflow/.local/lib/python3.12/site-packages/airflow/example_dags/example_sensors.py took 0.092 seconds
[2024-10-19T00:27:24.551+0000] {processor.py:186} INFO - Started process (PID=2835) to work on /home/airflow/.local/lib/python3.12/site-packages/airflow/example_dags/example_sensors.py
[2024-10-19T00:27:24.552+0000] {processor.py:914} INFO - Processing file /home/airflow/.local/lib/python3.12/site-packages/airflow/example_dags/example_sensors.py for tasks to queue
[2024-10-19T00:27:24.555+0000] {logging_mixin.py:190} INFO - [2024-10-19T00:27:24.554+0000] {dagbag.py:588} INFO - Filling up the DagBag from /home/airflow/.local/lib/python3.12/site-packages/airflow/example_dags/example_sensors.py
[2024-10-19T00:27:24.565+0000] {processor.py:925} INFO - DAG(s) 'example_sensors' retrieved from /home/airflow/.local/lib/python3.12/site-packages/airflow/example_dags/example_sensors.py
[2024-10-19T00:27:24.594+0000] {logging_mixin.py:190} INFO - [2024-10-19T00:27:24.594+0000] {dag.py:3239} INFO - Sync 1 DAGs
[2024-10-19T00:27:24.610+0000] {logging_mixin.py:190} INFO - [2024-10-19T00:27:24.609+0000] {dag.py:4180} INFO - Setting next_dagrun for example_sensors to None, run_after=None
[2024-10-19T00:27:24.631+0000] {processor.py:208} INFO - Processing /home/airflow/.local/lib/python3.12/site-packages/airflow/example_dags/example_sensors.py took 0.086 seconds
[2024-10-19T00:27:56.134+0000] {processor.py:186} INFO - Started process (PID=2897) to work on /home/airflow/.local/lib/python3.12/site-packages/airflow/example_dags/example_sensors.py
[2024-10-19T00:27:56.135+0000] {processor.py:914} INFO - Processing file /home/airflow/.local/lib/python3.12/site-packages/airflow/example_dags/example_sensors.py for tasks to queue
[2024-10-19T00:27:56.137+0000] {logging_mixin.py:190} INFO - [2024-10-19T00:27:56.137+0000] {dagbag.py:588} INFO - Filling up the DagBag from /home/airflow/.local/lib/python3.12/site-packages/airflow/example_dags/example_sensors.py
[2024-10-19T00:27:56.282+0000] {processor.py:925} INFO - DAG(s) 'example_sensors' retrieved from /home/airflow/.local/lib/python3.12/site-packages/airflow/example_dags/example_sensors.py
[2024-10-19T00:27:56.300+0000] {logging_mixin.py:190} INFO - [2024-10-19T00:27:56.300+0000] {dag.py:3239} INFO - Sync 1 DAGs
[2024-10-19T00:27:56.309+0000] {logging_mixin.py:190} INFO - [2024-10-19T00:27:56.309+0000] {dag.py:4180} INFO - Setting next_dagrun for example_sensors to None, run_after=None
[2024-10-19T00:27:56.328+0000] {processor.py:208} INFO - Processing /home/airflow/.local/lib/python3.12/site-packages/airflow/example_dags/example_sensors.py took 0.199 seconds
[2024-10-19T00:28:27.076+0000] {processor.py:186} INFO - Started process (PID=2959) to work on /home/airflow/.local/lib/python3.12/site-packages/airflow/example_dags/example_sensors.py
[2024-10-19T00:28:27.077+0000] {processor.py:914} INFO - Processing file /home/airflow/.local/lib/python3.12/site-packages/airflow/example_dags/example_sensors.py for tasks to queue
[2024-10-19T00:28:27.079+0000] {logging_mixin.py:190} INFO - [2024-10-19T00:28:27.079+0000] {dagbag.py:588} INFO - Filling up the DagBag from /home/airflow/.local/lib/python3.12/site-packages/airflow/example_dags/example_sensors.py
[2024-10-19T00:28:27.087+0000] {processor.py:925} INFO - DAG(s) 'example_sensors' retrieved from /home/airflow/.local/lib/python3.12/site-packages/airflow/example_dags/example_sensors.py
[2024-10-19T00:28:27.108+0000] {logging_mixin.py:190} INFO - [2024-10-19T00:28:27.108+0000] {dag.py:3239} INFO - Sync 1 DAGs
[2024-10-19T00:28:27.119+0000] {logging_mixin.py:190} INFO - [2024-10-19T00:28:27.119+0000] {dag.py:4180} INFO - Setting next_dagrun for example_sensors to None, run_after=None
[2024-10-19T00:28:27.136+0000] {processor.py:208} INFO - Processing /home/airflow/.local/lib/python3.12/site-packages/airflow/example_dags/example_sensors.py took 0.064 seconds
[2024-10-19T00:28:57.941+0000] {processor.py:186} INFO - Started process (PID=3021) to work on /home/airflow/.local/lib/python3.12/site-packages/airflow/example_dags/example_sensors.py
[2024-10-19T00:28:57.943+0000] {processor.py:914} INFO - Processing file /home/airflow/.local/lib/python3.12/site-packages/airflow/example_dags/example_sensors.py for tasks to queue
[2024-10-19T00:28:57.945+0000] {logging_mixin.py:190} INFO - [2024-10-19T00:28:57.945+0000] {dagbag.py:588} INFO - Filling up the DagBag from /home/airflow/.local/lib/python3.12/site-packages/airflow/example_dags/example_sensors.py
[2024-10-19T00:28:57.953+0000] {processor.py:925} INFO - DAG(s) 'example_sensors' retrieved from /home/airflow/.local/lib/python3.12/site-packages/airflow/example_dags/example_sensors.py
[2024-10-19T00:28:57.974+0000] {logging_mixin.py:190} INFO - [2024-10-19T00:28:57.974+0000] {dag.py:3239} INFO - Sync 1 DAGs
[2024-10-19T00:28:57.986+0000] {logging_mixin.py:190} INFO - [2024-10-19T00:28:57.986+0000] {dag.py:4180} INFO - Setting next_dagrun for example_sensors to None, run_after=None
[2024-10-19T00:28:58.006+0000] {processor.py:208} INFO - Processing /home/airflow/.local/lib/python3.12/site-packages/airflow/example_dags/example_sensors.py took 0.070 seconds
[2024-10-19T00:29:28.656+0000] {processor.py:186} INFO - Started process (PID=3084) to work on /home/airflow/.local/lib/python3.12/site-packages/airflow/example_dags/example_sensors.py
[2024-10-19T00:29:28.657+0000] {processor.py:914} INFO - Processing file /home/airflow/.local/lib/python3.12/site-packages/airflow/example_dags/example_sensors.py for tasks to queue
[2024-10-19T00:29:28.659+0000] {logging_mixin.py:190} INFO - [2024-10-19T00:29:28.659+0000] {dagbag.py:588} INFO - Filling up the DagBag from /home/airflow/.local/lib/python3.12/site-packages/airflow/example_dags/example_sensors.py
[2024-10-19T00:29:28.667+0000] {processor.py:925} INFO - DAG(s) 'example_sensors' retrieved from /home/airflow/.local/lib/python3.12/site-packages/airflow/example_dags/example_sensors.py
[2024-10-19T00:29:28.688+0000] {logging_mixin.py:190} INFO - [2024-10-19T00:29:28.688+0000] {dag.py:3239} INFO - Sync 1 DAGs
[2024-10-19T00:29:28.698+0000] {logging_mixin.py:190} INFO - [2024-10-19T00:29:28.698+0000] {dag.py:4180} INFO - Setting next_dagrun for example_sensors to None, run_after=None
[2024-10-19T00:29:28.716+0000] {processor.py:208} INFO - Processing /home/airflow/.local/lib/python3.12/site-packages/airflow/example_dags/example_sensors.py took 0.065 seconds
[2024-10-19T00:29:59.086+0000] {processor.py:186} INFO - Started process (PID=3146) to work on /home/airflow/.local/lib/python3.12/site-packages/airflow/example_dags/example_sensors.py
[2024-10-19T00:29:59.087+0000] {processor.py:914} INFO - Processing file /home/airflow/.local/lib/python3.12/site-packages/airflow/example_dags/example_sensors.py for tasks to queue
[2024-10-19T00:29:59.089+0000] {logging_mixin.py:190} INFO - [2024-10-19T00:29:59.089+0000] {dagbag.py:588} INFO - Filling up the DagBag from /home/airflow/.local/lib/python3.12/site-packages/airflow/example_dags/example_sensors.py
[2024-10-19T00:29:59.098+0000] {processor.py:925} INFO - DAG(s) 'example_sensors' retrieved from /home/airflow/.local/lib/python3.12/site-packages/airflow/example_dags/example_sensors.py
[2024-10-19T00:29:59.118+0000] {logging_mixin.py:190} INFO - [2024-10-19T00:29:59.118+0000] {dag.py:3239} INFO - Sync 1 DAGs
[2024-10-19T00:29:59.128+0000] {logging_mixin.py:190} INFO - [2024-10-19T00:29:59.128+0000] {dag.py:4180} INFO - Setting next_dagrun for example_sensors to None, run_after=None
[2024-10-19T00:29:59.146+0000] {processor.py:208} INFO - Processing /home/airflow/.local/lib/python3.12/site-packages/airflow/example_dags/example_sensors.py took 0.065 seconds
[2024-10-19T00:30:29.391+0000] {processor.py:186} INFO - Started process (PID=3208) to work on /home/airflow/.local/lib/python3.12/site-packages/airflow/example_dags/example_sensors.py
[2024-10-19T00:30:29.392+0000] {processor.py:914} INFO - Processing file /home/airflow/.local/lib/python3.12/site-packages/airflow/example_dags/example_sensors.py for tasks to queue
[2024-10-19T00:30:29.394+0000] {logging_mixin.py:190} INFO - [2024-10-19T00:30:29.394+0000] {dagbag.py:588} INFO - Filling up the DagBag from /home/airflow/.local/lib/python3.12/site-packages/airflow/example_dags/example_sensors.py
[2024-10-19T00:30:29.408+0000] {processor.py:925} INFO - DAG(s) 'example_sensors' retrieved from /home/airflow/.local/lib/python3.12/site-packages/airflow/example_dags/example_sensors.py
[2024-10-19T00:30:29.436+0000] {logging_mixin.py:190} INFO - [2024-10-19T00:30:29.436+0000] {dag.py:3239} INFO - Sync 1 DAGs
[2024-10-19T00:30:29.458+0000] {logging_mixin.py:190} INFO - [2024-10-19T00:30:29.458+0000] {dag.py:4180} INFO - Setting next_dagrun for example_sensors to None, run_after=None
[2024-10-19T00:30:29.489+0000] {processor.py:208} INFO - Processing /home/airflow/.local/lib/python3.12/site-packages/airflow/example_dags/example_sensors.py took 0.102 seconds
[2024-10-19T00:30:59.835+0000] {processor.py:186} INFO - Started process (PID=3270) to work on /home/airflow/.local/lib/python3.12/site-packages/airflow/example_dags/example_sensors.py
[2024-10-19T00:30:59.835+0000] {processor.py:914} INFO - Processing file /home/airflow/.local/lib/python3.12/site-packages/airflow/example_dags/example_sensors.py for tasks to queue
[2024-10-19T00:30:59.837+0000] {logging_mixin.py:190} INFO - [2024-10-19T00:30:59.837+0000] {dagbag.py:588} INFO - Filling up the DagBag from /home/airflow/.local/lib/python3.12/site-packages/airflow/example_dags/example_sensors.py
[2024-10-19T00:30:59.846+0000] {processor.py:925} INFO - DAG(s) 'example_sensors' retrieved from /home/airflow/.local/lib/python3.12/site-packages/airflow/example_dags/example_sensors.py
[2024-10-19T00:30:59.866+0000] {logging_mixin.py:190} INFO - [2024-10-19T00:30:59.866+0000] {dag.py:3239} INFO - Sync 1 DAGs
[2024-10-19T00:30:59.878+0000] {logging_mixin.py:190} INFO - [2024-10-19T00:30:59.878+0000] {dag.py:4180} INFO - Setting next_dagrun for example_sensors to None, run_after=None
[2024-10-19T00:30:59.895+0000] {processor.py:208} INFO - Processing /home/airflow/.local/lib/python3.12/site-packages/airflow/example_dags/example_sensors.py took 0.065 seconds
[2024-10-19T00:31:30.249+0000] {processor.py:186} INFO - Started process (PID=3332) to work on /home/airflow/.local/lib/python3.12/site-packages/airflow/example_dags/example_sensors.py
[2024-10-19T00:31:30.250+0000] {processor.py:914} INFO - Processing file /home/airflow/.local/lib/python3.12/site-packages/airflow/example_dags/example_sensors.py for tasks to queue
[2024-10-19T00:31:30.252+0000] {logging_mixin.py:190} INFO - [2024-10-19T00:31:30.251+0000] {dagbag.py:588} INFO - Filling up the DagBag from /home/airflow/.local/lib/python3.12/site-packages/airflow/example_dags/example_sensors.py
[2024-10-19T00:31:30.260+0000] {processor.py:925} INFO - DAG(s) 'example_sensors' retrieved from /home/airflow/.local/lib/python3.12/site-packages/airflow/example_dags/example_sensors.py
[2024-10-19T00:31:30.280+0000] {logging_mixin.py:190} INFO - [2024-10-19T00:31:30.280+0000] {dag.py:3239} INFO - Sync 1 DAGs
[2024-10-19T00:31:30.290+0000] {logging_mixin.py:190} INFO - [2024-10-19T00:31:30.290+0000] {dag.py:4180} INFO - Setting next_dagrun for example_sensors to None, run_after=None
[2024-10-19T00:31:30.310+0000] {processor.py:208} INFO - Processing /home/airflow/.local/lib/python3.12/site-packages/airflow/example_dags/example_sensors.py took 0.066 seconds
[2024-10-19T00:32:00.743+0000] {processor.py:186} INFO - Started process (PID=3394) to work on /home/airflow/.local/lib/python3.12/site-packages/airflow/example_dags/example_sensors.py
[2024-10-19T00:32:00.744+0000] {processor.py:914} INFO - Processing file /home/airflow/.local/lib/python3.12/site-packages/airflow/example_dags/example_sensors.py for tasks to queue
[2024-10-19T00:32:00.746+0000] {logging_mixin.py:190} INFO - [2024-10-19T00:32:00.746+0000] {dagbag.py:588} INFO - Filling up the DagBag from /home/airflow/.local/lib/python3.12/site-packages/airflow/example_dags/example_sensors.py
[2024-10-19T00:32:00.754+0000] {processor.py:925} INFO - DAG(s) 'example_sensors' retrieved from /home/airflow/.local/lib/python3.12/site-packages/airflow/example_dags/example_sensors.py
[2024-10-19T00:32:00.774+0000] {logging_mixin.py:190} INFO - [2024-10-19T00:32:00.774+0000] {dag.py:3239} INFO - Sync 1 DAGs
[2024-10-19T00:32:00.784+0000] {logging_mixin.py:190} INFO - [2024-10-19T00:32:00.784+0000] {dag.py:4180} INFO - Setting next_dagrun for example_sensors to None, run_after=None
[2024-10-19T00:32:00.802+0000] {processor.py:208} INFO - Processing /home/airflow/.local/lib/python3.12/site-packages/airflow/example_dags/example_sensors.py took 0.063 seconds
[2024-10-19T00:32:31.168+0000] {processor.py:186} INFO - Started process (PID=3456) to work on /home/airflow/.local/lib/python3.12/site-packages/airflow/example_dags/example_sensors.py
[2024-10-19T00:32:31.169+0000] {processor.py:914} INFO - Processing file /home/airflow/.local/lib/python3.12/site-packages/airflow/example_dags/example_sensors.py for tasks to queue
[2024-10-19T00:32:31.171+0000] {logging_mixin.py:190} INFO - [2024-10-19T00:32:31.171+0000] {dagbag.py:588} INFO - Filling up the DagBag from /home/airflow/.local/lib/python3.12/site-packages/airflow/example_dags/example_sensors.py
[2024-10-19T00:32:31.180+0000] {processor.py:925} INFO - DAG(s) 'example_sensors' retrieved from /home/airflow/.local/lib/python3.12/site-packages/airflow/example_dags/example_sensors.py
[2024-10-19T00:32:31.200+0000] {logging_mixin.py:190} INFO - [2024-10-19T00:32:31.200+0000] {dag.py:3239} INFO - Sync 1 DAGs
[2024-10-19T00:32:31.211+0000] {logging_mixin.py:190} INFO - [2024-10-19T00:32:31.211+0000] {dag.py:4180} INFO - Setting next_dagrun for example_sensors to None, run_after=None
[2024-10-19T00:32:31.226+0000] {processor.py:208} INFO - Processing /home/airflow/.local/lib/python3.12/site-packages/airflow/example_dags/example_sensors.py took 0.064 seconds
[2024-10-19T00:33:01.539+0000] {processor.py:186} INFO - Started process (PID=3519) to work on /home/airflow/.local/lib/python3.12/site-packages/airflow/example_dags/example_sensors.py
[2024-10-19T00:33:01.540+0000] {processor.py:914} INFO - Processing file /home/airflow/.local/lib/python3.12/site-packages/airflow/example_dags/example_sensors.py for tasks to queue
[2024-10-19T00:33:01.543+0000] {logging_mixin.py:190} INFO - [2024-10-19T00:33:01.543+0000] {dagbag.py:588} INFO - Filling up the DagBag from /home/airflow/.local/lib/python3.12/site-packages/airflow/example_dags/example_sensors.py
[2024-10-19T00:33:01.554+0000] {processor.py:925} INFO - DAG(s) 'example_sensors' retrieved from /home/airflow/.local/lib/python3.12/site-packages/airflow/example_dags/example_sensors.py
[2024-10-19T00:33:01.578+0000] {logging_mixin.py:190} INFO - [2024-10-19T00:33:01.578+0000] {dag.py:3239} INFO - Sync 1 DAGs
[2024-10-19T00:33:01.590+0000] {logging_mixin.py:190} INFO - [2024-10-19T00:33:01.590+0000] {dag.py:4180} INFO - Setting next_dagrun for example_sensors to None, run_after=None
[2024-10-19T00:33:01.610+0000] {processor.py:208} INFO - Processing /home/airflow/.local/lib/python3.12/site-packages/airflow/example_dags/example_sensors.py took 0.077 seconds
[2024-10-19T00:33:31.932+0000] {processor.py:186} INFO - Started process (PID=3581) to work on /home/airflow/.local/lib/python3.12/site-packages/airflow/example_dags/example_sensors.py
[2024-10-19T00:33:31.933+0000] {processor.py:914} INFO - Processing file /home/airflow/.local/lib/python3.12/site-packages/airflow/example_dags/example_sensors.py for tasks to queue
[2024-10-19T00:33:31.935+0000] {logging_mixin.py:190} INFO - [2024-10-19T00:33:31.934+0000] {dagbag.py:588} INFO - Filling up the DagBag from /home/airflow/.local/lib/python3.12/site-packages/airflow/example_dags/example_sensors.py
[2024-10-19T00:33:31.943+0000] {processor.py:925} INFO - DAG(s) 'example_sensors' retrieved from /home/airflow/.local/lib/python3.12/site-packages/airflow/example_dags/example_sensors.py
[2024-10-19T00:33:31.963+0000] {logging_mixin.py:190} INFO - [2024-10-19T00:33:31.963+0000] {dag.py:3239} INFO - Sync 1 DAGs
[2024-10-19T00:33:31.975+0000] {logging_mixin.py:190} INFO - [2024-10-19T00:33:31.975+0000] {dag.py:4180} INFO - Setting next_dagrun for example_sensors to None, run_after=None
[2024-10-19T00:33:31.992+0000] {processor.py:208} INFO - Processing /home/airflow/.local/lib/python3.12/site-packages/airflow/example_dags/example_sensors.py took 0.065 seconds
[2024-10-19T00:34:02.421+0000] {processor.py:186} INFO - Started process (PID=3643) to work on /home/airflow/.local/lib/python3.12/site-packages/airflow/example_dags/example_sensors.py
[2024-10-19T00:34:02.422+0000] {processor.py:914} INFO - Processing file /home/airflow/.local/lib/python3.12/site-packages/airflow/example_dags/example_sensors.py for tasks to queue
[2024-10-19T00:34:02.424+0000] {logging_mixin.py:190} INFO - [2024-10-19T00:34:02.424+0000] {dagbag.py:588} INFO - Filling up the DagBag from /home/airflow/.local/lib/python3.12/site-packages/airflow/example_dags/example_sensors.py
[2024-10-19T00:34:02.434+0000] {processor.py:925} INFO - DAG(s) 'example_sensors' retrieved from /home/airflow/.local/lib/python3.12/site-packages/airflow/example_dags/example_sensors.py
[2024-10-19T00:34:02.454+0000] {logging_mixin.py:190} INFO - [2024-10-19T00:34:02.454+0000] {dag.py:3239} INFO - Sync 1 DAGs
[2024-10-19T00:34:02.464+0000] {logging_mixin.py:190} INFO - [2024-10-19T00:34:02.464+0000] {dag.py:4180} INFO - Setting next_dagrun for example_sensors to None, run_after=None
[2024-10-19T00:34:02.484+0000] {processor.py:208} INFO - Processing /home/airflow/.local/lib/python3.12/site-packages/airflow/example_dags/example_sensors.py took 0.067 seconds
[2024-10-19T00:34:32.753+0000] {processor.py:186} INFO - Started process (PID=3705) to work on /home/airflow/.local/lib/python3.12/site-packages/airflow/example_dags/example_sensors.py
[2024-10-19T00:34:32.754+0000] {processor.py:914} INFO - Processing file /home/airflow/.local/lib/python3.12/site-packages/airflow/example_dags/example_sensors.py for tasks to queue
[2024-10-19T00:34:32.756+0000] {logging_mixin.py:190} INFO - [2024-10-19T00:34:32.756+0000] {dagbag.py:588} INFO - Filling up the DagBag from /home/airflow/.local/lib/python3.12/site-packages/airflow/example_dags/example_sensors.py
[2024-10-19T00:34:32.764+0000] {processor.py:925} INFO - DAG(s) 'example_sensors' retrieved from /home/airflow/.local/lib/python3.12/site-packages/airflow/example_dags/example_sensors.py
[2024-10-19T00:34:32.787+0000] {logging_mixin.py:190} INFO - [2024-10-19T00:34:32.787+0000] {dag.py:3239} INFO - Sync 1 DAGs
[2024-10-19T00:34:32.798+0000] {logging_mixin.py:190} INFO - [2024-10-19T00:34:32.798+0000] {dag.py:4180} INFO - Setting next_dagrun for example_sensors to None, run_after=None
[2024-10-19T00:34:32.816+0000] {processor.py:208} INFO - Processing /home/airflow/.local/lib/python3.12/site-packages/airflow/example_dags/example_sensors.py took 0.067 seconds
[2024-10-19T00:35:03.161+0000] {processor.py:186} INFO - Started process (PID=3766) to work on /home/airflow/.local/lib/python3.12/site-packages/airflow/example_dags/example_sensors.py
[2024-10-19T00:35:03.162+0000] {processor.py:914} INFO - Processing file /home/airflow/.local/lib/python3.12/site-packages/airflow/example_dags/example_sensors.py for tasks to queue
[2024-10-19T00:35:03.164+0000] {logging_mixin.py:190} INFO - [2024-10-19T00:35:03.164+0000] {dagbag.py:588} INFO - Filling up the DagBag from /home/airflow/.local/lib/python3.12/site-packages/airflow/example_dags/example_sensors.py
[2024-10-19T00:35:03.172+0000] {processor.py:925} INFO - DAG(s) 'example_sensors' retrieved from /home/airflow/.local/lib/python3.12/site-packages/airflow/example_dags/example_sensors.py
[2024-10-19T00:35:03.192+0000] {logging_mixin.py:190} INFO - [2024-10-19T00:35:03.192+0000] {dag.py:3239} INFO - Sync 1 DAGs
[2024-10-19T00:35:03.203+0000] {logging_mixin.py:190} INFO - [2024-10-19T00:35:03.202+0000] {dag.py:4180} INFO - Setting next_dagrun for example_sensors to None, run_after=None
[2024-10-19T00:35:03.220+0000] {processor.py:208} INFO - Processing /home/airflow/.local/lib/python3.12/site-packages/airflow/example_dags/example_sensors.py took 0.064 seconds
[2024-10-19T00:35:33.638+0000] {processor.py:186} INFO - Started process (PID=3828) to work on /home/airflow/.local/lib/python3.12/site-packages/airflow/example_dags/example_sensors.py
[2024-10-19T00:35:33.639+0000] {processor.py:914} INFO - Processing file /home/airflow/.local/lib/python3.12/site-packages/airflow/example_dags/example_sensors.py for tasks to queue
[2024-10-19T00:35:33.641+0000] {logging_mixin.py:190} INFO - [2024-10-19T00:35:33.641+0000] {dagbag.py:588} INFO - Filling up the DagBag from /home/airflow/.local/lib/python3.12/site-packages/airflow/example_dags/example_sensors.py
[2024-10-19T00:35:33.649+0000] {processor.py:925} INFO - DAG(s) 'example_sensors' retrieved from /home/airflow/.local/lib/python3.12/site-packages/airflow/example_dags/example_sensors.py
[2024-10-19T00:35:33.669+0000] {logging_mixin.py:190} INFO - [2024-10-19T00:35:33.669+0000] {dag.py:3239} INFO - Sync 1 DAGs
[2024-10-19T00:35:33.680+0000] {logging_mixin.py:190} INFO - [2024-10-19T00:35:33.680+0000] {dag.py:4180} INFO - Setting next_dagrun for example_sensors to None, run_after=None
[2024-10-19T00:35:33.699+0000] {processor.py:208} INFO - Processing /home/airflow/.local/lib/python3.12/site-packages/airflow/example_dags/example_sensors.py took 0.065 seconds
[2024-10-19T00:36:04.230+0000] {processor.py:186} INFO - Started process (PID=3890) to work on /home/airflow/.local/lib/python3.12/site-packages/airflow/example_dags/example_sensors.py
[2024-10-19T00:36:04.231+0000] {processor.py:914} INFO - Processing file /home/airflow/.local/lib/python3.12/site-packages/airflow/example_dags/example_sensors.py for tasks to queue
[2024-10-19T00:36:04.233+0000] {logging_mixin.py:190} INFO - [2024-10-19T00:36:04.233+0000] {dagbag.py:588} INFO - Filling up the DagBag from /home/airflow/.local/lib/python3.12/site-packages/airflow/example_dags/example_sensors.py
[2024-10-19T00:36:04.242+0000] {processor.py:925} INFO - DAG(s) 'example_sensors' retrieved from /home/airflow/.local/lib/python3.12/site-packages/airflow/example_dags/example_sensors.py
[2024-10-19T00:36:04.265+0000] {logging_mixin.py:190} INFO - [2024-10-19T00:36:04.265+0000] {dag.py:3239} INFO - Sync 1 DAGs
[2024-10-19T00:36:04.277+0000] {logging_mixin.py:190} INFO - [2024-10-19T00:36:04.277+0000] {dag.py:4180} INFO - Setting next_dagrun for example_sensors to None, run_after=None
[2024-10-19T00:36:04.296+0000] {processor.py:208} INFO - Processing /home/airflow/.local/lib/python3.12/site-packages/airflow/example_dags/example_sensors.py took 0.072 seconds
