[2024-10-19T00:04:59.016+0000] {processor.py:186} INFO - Started process (PID=117) to work on /home/airflow/.local/lib/python3.12/site-packages/airflow/example_dags/example_display_name.py
[2024-10-19T00:04:59.017+0000] {processor.py:914} INFO - Processing file /home/airflow/.local/lib/python3.12/site-packages/airflow/example_dags/example_display_name.py for tasks to queue
[2024-10-19T00:04:59.020+0000] {logging_mixin.py:190} INFO - [2024-10-19T00:04:59.019+0000] {dagbag.py:588} INFO - Filling up the DagBag from /home/airflow/.local/lib/python3.12/site-packages/airflow/example_dags/example_display_name.py
[2024-10-19T00:04:59.028+0000] {processor.py:925} INFO - DAG(s) 'example_display_name' retrieved from /home/airflow/.local/lib/python3.12/site-packages/airflow/example_dags/example_display_name.py
[2024-10-19T00:04:59.137+0000] {logging_mixin.py:190} INFO - [2024-10-19T00:04:59.137+0000] {override.py:1900} INFO - Created Permission View: can delete on DAG:example_display_name
[2024-10-19T00:04:59.151+0000] {logging_mixin.py:190} INFO - [2024-10-19T00:04:59.151+0000] {override.py:1900} INFO - Created Permission View: can read on DAG:example_display_name
[2024-10-19T00:04:59.160+0000] {logging_mixin.py:190} INFO - [2024-10-19T00:04:59.160+0000] {override.py:1900} INFO - Created Permission View: can edit on DAG:example_display_name
[2024-10-19T00:04:59.172+0000] {logging_mixin.py:190} INFO - [2024-10-19T00:04:59.171+0000] {override.py:1900} INFO - Created Permission View: can delete on DAG Run:example_display_name
[2024-10-19T00:04:59.181+0000] {logging_mixin.py:190} INFO - [2024-10-19T00:04:59.180+0000] {override.py:1900} INFO - Created Permission View: can read on DAG Run:example_display_name
[2024-10-19T00:04:59.189+0000] {logging_mixin.py:190} INFO - [2024-10-19T00:04:59.189+0000] {override.py:1900} INFO - Created Permission View: menu access on DAG Run:example_display_name
[2024-10-19T00:04:59.198+0000] {logging_mixin.py:190} INFO - [2024-10-19T00:04:59.198+0000] {override.py:1900} INFO - Created Permission View: can create on DAG Run:example_display_name
[2024-10-19T00:04:59.199+0000] {logging_mixin.py:190} INFO - [2024-10-19T00:04:59.199+0000] {dag.py:3239} INFO - Sync 1 DAGs
[2024-10-19T00:04:59.213+0000] {logging_mixin.py:190} INFO - [2024-10-19T00:04:59.213+0000] {dag.py:3262} INFO - Creating ORM DAG for example_display_name
[2024-10-19T00:04:59.215+0000] {logging_mixin.py:190} INFO - [2024-10-19T00:04:59.214+0000] {dag.py:4180} INFO - Setting next_dagrun for example_display_name to None, run_after=None
[2024-10-19T00:04:59.234+0000] {processor.py:208} INFO - Processing /home/airflow/.local/lib/python3.12/site-packages/airflow/example_dags/example_display_name.py took 0.223 seconds
[2024-10-19T00:05:29.302+0000] {processor.py:186} INFO - Started process (PID=179) to work on /home/airflow/.local/lib/python3.12/site-packages/airflow/example_dags/example_display_name.py
[2024-10-19T00:05:29.303+0000] {processor.py:914} INFO - Processing file /home/airflow/.local/lib/python3.12/site-packages/airflow/example_dags/example_display_name.py for tasks to queue
[2024-10-19T00:05:29.306+0000] {logging_mixin.py:190} INFO - [2024-10-19T00:05:29.306+0000] {dagbag.py:588} INFO - Filling up the DagBag from /home/airflow/.local/lib/python3.12/site-packages/airflow/example_dags/example_display_name.py
[2024-10-19T00:05:29.317+0000] {processor.py:925} INFO - DAG(s) 'example_display_name' retrieved from /home/airflow/.local/lib/python3.12/site-packages/airflow/example_dags/example_display_name.py
[2024-10-19T00:05:29.337+0000] {logging_mixin.py:190} INFO - [2024-10-19T00:05:29.337+0000] {dag.py:3239} INFO - Sync 1 DAGs
[2024-10-19T00:05:29.352+0000] {logging_mixin.py:190} INFO - [2024-10-19T00:05:29.352+0000] {dag.py:4180} INFO - Setting next_dagrun for example_display_name to None, run_after=None
[2024-10-19T00:05:29.370+0000] {processor.py:208} INFO - Processing /home/airflow/.local/lib/python3.12/site-packages/airflow/example_dags/example_display_name.py took 0.076 seconds
[2024-10-19T00:06:00.007+0000] {processor.py:186} INFO - Started process (PID=241) to work on /home/airflow/.local/lib/python3.12/site-packages/airflow/example_dags/example_display_name.py
[2024-10-19T00:06:00.008+0000] {processor.py:914} INFO - Processing file /home/airflow/.local/lib/python3.12/site-packages/airflow/example_dags/example_display_name.py for tasks to queue
[2024-10-19T00:06:00.013+0000] {logging_mixin.py:190} INFO - [2024-10-19T00:06:00.012+0000] {dagbag.py:588} INFO - Filling up the DagBag from /home/airflow/.local/lib/python3.12/site-packages/airflow/example_dags/example_display_name.py
[2024-10-19T00:06:00.024+0000] {processor.py:925} INFO - DAG(s) 'example_display_name' retrieved from /home/airflow/.local/lib/python3.12/site-packages/airflow/example_dags/example_display_name.py
[2024-10-19T00:06:00.047+0000] {logging_mixin.py:190} INFO - [2024-10-19T00:06:00.047+0000] {dag.py:3239} INFO - Sync 1 DAGs
[2024-10-19T00:06:00.064+0000] {logging_mixin.py:190} INFO - [2024-10-19T00:06:00.064+0000] {dag.py:4180} INFO - Setting next_dagrun for example_display_name to None, run_after=None
[2024-10-19T00:06:00.089+0000] {processor.py:208} INFO - Processing /home/airflow/.local/lib/python3.12/site-packages/airflow/example_dags/example_display_name.py took 0.090 seconds
[2024-10-19T00:06:30.607+0000] {processor.py:186} INFO - Started process (PID=302) to work on /home/airflow/.local/lib/python3.12/site-packages/airflow/example_dags/example_display_name.py
[2024-10-19T00:06:30.609+0000] {processor.py:914} INFO - Processing file /home/airflow/.local/lib/python3.12/site-packages/airflow/example_dags/example_display_name.py for tasks to queue
[2024-10-19T00:06:30.612+0000] {logging_mixin.py:190} INFO - [2024-10-19T00:06:30.611+0000] {dagbag.py:588} INFO - Filling up the DagBag from /home/airflow/.local/lib/python3.12/site-packages/airflow/example_dags/example_display_name.py
[2024-10-19T00:06:30.618+0000] {processor.py:925} INFO - DAG(s) 'example_display_name' retrieved from /home/airflow/.local/lib/python3.12/site-packages/airflow/example_dags/example_display_name.py
[2024-10-19T00:06:30.634+0000] {logging_mixin.py:190} INFO - [2024-10-19T00:06:30.634+0000] {dag.py:3239} INFO - Sync 1 DAGs
[2024-10-19T00:06:30.646+0000] {logging_mixin.py:190} INFO - [2024-10-19T00:06:30.646+0000] {dag.py:4180} INFO - Setting next_dagrun for example_display_name to None, run_after=None
[2024-10-19T00:06:30.660+0000] {processor.py:208} INFO - Processing /home/airflow/.local/lib/python3.12/site-packages/airflow/example_dags/example_display_name.py took 0.058 seconds
[2024-10-19T00:07:01.092+0000] {processor.py:186} INFO - Started process (PID=364) to work on /home/airflow/.local/lib/python3.12/site-packages/airflow/example_dags/example_display_name.py
[2024-10-19T00:07:01.094+0000] {processor.py:914} INFO - Processing file /home/airflow/.local/lib/python3.12/site-packages/airflow/example_dags/example_display_name.py for tasks to queue
[2024-10-19T00:07:01.096+0000] {logging_mixin.py:190} INFO - [2024-10-19T00:07:01.096+0000] {dagbag.py:588} INFO - Filling up the DagBag from /home/airflow/.local/lib/python3.12/site-packages/airflow/example_dags/example_display_name.py
[2024-10-19T00:07:01.103+0000] {processor.py:925} INFO - DAG(s) 'example_display_name' retrieved from /home/airflow/.local/lib/python3.12/site-packages/airflow/example_dags/example_display_name.py
[2024-10-19T00:07:01.121+0000] {logging_mixin.py:190} INFO - [2024-10-19T00:07:01.121+0000] {dag.py:3239} INFO - Sync 1 DAGs
[2024-10-19T00:07:01.134+0000] {logging_mixin.py:190} INFO - [2024-10-19T00:07:01.133+0000] {dag.py:4180} INFO - Setting next_dagrun for example_display_name to None, run_after=None
[2024-10-19T00:07:01.151+0000] {processor.py:208} INFO - Processing /home/airflow/.local/lib/python3.12/site-packages/airflow/example_dags/example_display_name.py took 0.064 seconds
[2024-10-19T00:07:31.780+0000] {processor.py:186} INFO - Started process (PID=426) to work on /home/airflow/.local/lib/python3.12/site-packages/airflow/example_dags/example_display_name.py
[2024-10-19T00:07:31.782+0000] {processor.py:914} INFO - Processing file /home/airflow/.local/lib/python3.12/site-packages/airflow/example_dags/example_display_name.py for tasks to queue
[2024-10-19T00:07:31.784+0000] {logging_mixin.py:190} INFO - [2024-10-19T00:07:31.783+0000] {dagbag.py:588} INFO - Filling up the DagBag from /home/airflow/.local/lib/python3.12/site-packages/airflow/example_dags/example_display_name.py
[2024-10-19T00:07:31.790+0000] {processor.py:925} INFO - DAG(s) 'example_display_name' retrieved from /home/airflow/.local/lib/python3.12/site-packages/airflow/example_dags/example_display_name.py
[2024-10-19T00:07:31.805+0000] {logging_mixin.py:190} INFO - [2024-10-19T00:07:31.805+0000] {dag.py:3239} INFO - Sync 1 DAGs
[2024-10-19T00:07:31.816+0000] {logging_mixin.py:190} INFO - [2024-10-19T00:07:31.816+0000] {dag.py:4180} INFO - Setting next_dagrun for example_display_name to None, run_after=None
[2024-10-19T00:07:31.832+0000] {processor.py:208} INFO - Processing /home/airflow/.local/lib/python3.12/site-packages/airflow/example_dags/example_display_name.py took 0.057 seconds
[2024-10-19T00:08:02.364+0000] {processor.py:186} INFO - Started process (PID=489) to work on /home/airflow/.local/lib/python3.12/site-packages/airflow/example_dags/example_display_name.py
[2024-10-19T00:08:02.365+0000] {processor.py:914} INFO - Processing file /home/airflow/.local/lib/python3.12/site-packages/airflow/example_dags/example_display_name.py for tasks to queue
[2024-10-19T00:08:02.368+0000] {logging_mixin.py:190} INFO - [2024-10-19T00:08:02.368+0000] {dagbag.py:588} INFO - Filling up the DagBag from /home/airflow/.local/lib/python3.12/site-packages/airflow/example_dags/example_display_name.py
[2024-10-19T00:08:02.375+0000] {processor.py:925} INFO - DAG(s) 'example_display_name' retrieved from /home/airflow/.local/lib/python3.12/site-packages/airflow/example_dags/example_display_name.py
[2024-10-19T00:08:02.405+0000] {logging_mixin.py:190} INFO - [2024-10-19T00:08:02.404+0000] {dag.py:3239} INFO - Sync 1 DAGs
[2024-10-19T00:08:02.419+0000] {logging_mixin.py:190} INFO - [2024-10-19T00:08:02.418+0000] {dag.py:4180} INFO - Setting next_dagrun for example_display_name to None, run_after=None
[2024-10-19T00:08:02.438+0000] {processor.py:208} INFO - Processing /home/airflow/.local/lib/python3.12/site-packages/airflow/example_dags/example_display_name.py took 0.080 seconds
[2024-10-19T00:08:33.287+0000] {processor.py:186} INFO - Started process (PID=552) to work on /home/airflow/.local/lib/python3.12/site-packages/airflow/example_dags/example_display_name.py
[2024-10-19T00:08:33.288+0000] {processor.py:914} INFO - Processing file /home/airflow/.local/lib/python3.12/site-packages/airflow/example_dags/example_display_name.py for tasks to queue
[2024-10-19T00:08:33.290+0000] {logging_mixin.py:190} INFO - [2024-10-19T00:08:33.290+0000] {dagbag.py:588} INFO - Filling up the DagBag from /home/airflow/.local/lib/python3.12/site-packages/airflow/example_dags/example_display_name.py
[2024-10-19T00:08:33.298+0000] {processor.py:925} INFO - DAG(s) 'example_display_name' retrieved from /home/airflow/.local/lib/python3.12/site-packages/airflow/example_dags/example_display_name.py
[2024-10-19T00:08:33.319+0000] {logging_mixin.py:190} INFO - [2024-10-19T00:08:33.319+0000] {dag.py:3239} INFO - Sync 1 DAGs
[2024-10-19T00:08:33.333+0000] {logging_mixin.py:190} INFO - [2024-10-19T00:08:33.332+0000] {dag.py:4180} INFO - Setting next_dagrun for example_display_name to None, run_after=None
[2024-10-19T00:08:33.350+0000] {processor.py:208} INFO - Processing /home/airflow/.local/lib/python3.12/site-packages/airflow/example_dags/example_display_name.py took 0.069 seconds
[2024-10-19T00:09:03.647+0000] {processor.py:186} INFO - Started process (PID=615) to work on /home/airflow/.local/lib/python3.12/site-packages/airflow/example_dags/example_display_name.py
[2024-10-19T00:09:03.648+0000] {processor.py:914} INFO - Processing file /home/airflow/.local/lib/python3.12/site-packages/airflow/example_dags/example_display_name.py for tasks to queue
[2024-10-19T00:09:03.650+0000] {logging_mixin.py:190} INFO - [2024-10-19T00:09:03.650+0000] {dagbag.py:588} INFO - Filling up the DagBag from /home/airflow/.local/lib/python3.12/site-packages/airflow/example_dags/example_display_name.py
[2024-10-19T00:09:03.657+0000] {processor.py:925} INFO - DAG(s) 'example_display_name' retrieved from /home/airflow/.local/lib/python3.12/site-packages/airflow/example_dags/example_display_name.py
[2024-10-19T00:09:03.676+0000] {logging_mixin.py:190} INFO - [2024-10-19T00:09:03.675+0000] {dag.py:3239} INFO - Sync 1 DAGs
[2024-10-19T00:09:03.689+0000] {logging_mixin.py:190} INFO - [2024-10-19T00:09:03.689+0000] {dag.py:4180} INFO - Setting next_dagrun for example_display_name to None, run_after=None
[2024-10-19T00:09:03.706+0000] {processor.py:208} INFO - Processing /home/airflow/.local/lib/python3.12/site-packages/airflow/example_dags/example_display_name.py took 0.064 seconds
[2024-10-19T00:09:34.364+0000] {processor.py:186} INFO - Started process (PID=678) to work on /home/airflow/.local/lib/python3.12/site-packages/airflow/example_dags/example_display_name.py
[2024-10-19T00:09:34.365+0000] {processor.py:914} INFO - Processing file /home/airflow/.local/lib/python3.12/site-packages/airflow/example_dags/example_display_name.py for tasks to queue
[2024-10-19T00:09:34.368+0000] {logging_mixin.py:190} INFO - [2024-10-19T00:09:34.368+0000] {dagbag.py:588} INFO - Filling up the DagBag from /home/airflow/.local/lib/python3.12/site-packages/airflow/example_dags/example_display_name.py
[2024-10-19T00:09:34.376+0000] {processor.py:925} INFO - DAG(s) 'example_display_name' retrieved from /home/airflow/.local/lib/python3.12/site-packages/airflow/example_dags/example_display_name.py
[2024-10-19T00:09:34.396+0000] {logging_mixin.py:190} INFO - [2024-10-19T00:09:34.396+0000] {dag.py:3239} INFO - Sync 1 DAGs
[2024-10-19T00:09:34.411+0000] {logging_mixin.py:190} INFO - [2024-10-19T00:09:34.411+0000] {dag.py:4180} INFO - Setting next_dagrun for example_display_name to None, run_after=None
[2024-10-19T00:09:34.434+0000] {processor.py:208} INFO - Processing /home/airflow/.local/lib/python3.12/site-packages/airflow/example_dags/example_display_name.py took 0.076 seconds
[2024-10-19T00:10:05.346+0000] {processor.py:186} INFO - Started process (PID=740) to work on /home/airflow/.local/lib/python3.12/site-packages/airflow/example_dags/example_display_name.py
[2024-10-19T00:10:05.347+0000] {processor.py:914} INFO - Processing file /home/airflow/.local/lib/python3.12/site-packages/airflow/example_dags/example_display_name.py for tasks to queue
[2024-10-19T00:10:05.350+0000] {logging_mixin.py:190} INFO - [2024-10-19T00:10:05.349+0000] {dagbag.py:588} INFO - Filling up the DagBag from /home/airflow/.local/lib/python3.12/site-packages/airflow/example_dags/example_display_name.py
[2024-10-19T00:10:05.356+0000] {processor.py:925} INFO - DAG(s) 'example_display_name' retrieved from /home/airflow/.local/lib/python3.12/site-packages/airflow/example_dags/example_display_name.py
[2024-10-19T00:10:05.373+0000] {logging_mixin.py:190} INFO - [2024-10-19T00:10:05.373+0000] {dag.py:3239} INFO - Sync 1 DAGs
[2024-10-19T00:10:05.386+0000] {logging_mixin.py:190} INFO - [2024-10-19T00:10:05.385+0000] {dag.py:4180} INFO - Setting next_dagrun for example_display_name to None, run_after=None
[2024-10-19T00:10:05.403+0000] {processor.py:208} INFO - Processing /home/airflow/.local/lib/python3.12/site-packages/airflow/example_dags/example_display_name.py took 0.063 seconds
[2024-10-19T00:10:36.332+0000] {processor.py:186} INFO - Started process (PID=802) to work on /home/airflow/.local/lib/python3.12/site-packages/airflow/example_dags/example_display_name.py
[2024-10-19T00:10:36.333+0000] {processor.py:914} INFO - Processing file /home/airflow/.local/lib/python3.12/site-packages/airflow/example_dags/example_display_name.py for tasks to queue
[2024-10-19T00:10:36.336+0000] {logging_mixin.py:190} INFO - [2024-10-19T00:10:36.335+0000] {dagbag.py:588} INFO - Filling up the DagBag from /home/airflow/.local/lib/python3.12/site-packages/airflow/example_dags/example_display_name.py
[2024-10-19T00:10:36.344+0000] {processor.py:925} INFO - DAG(s) 'example_display_name' retrieved from /home/airflow/.local/lib/python3.12/site-packages/airflow/example_dags/example_display_name.py
[2024-10-19T00:10:36.363+0000] {logging_mixin.py:190} INFO - [2024-10-19T00:10:36.363+0000] {dag.py:3239} INFO - Sync 1 DAGs
[2024-10-19T00:10:36.378+0000] {logging_mixin.py:190} INFO - [2024-10-19T00:10:36.378+0000] {dag.py:4180} INFO - Setting next_dagrun for example_display_name to None, run_after=None
[2024-10-19T00:10:36.396+0000] {processor.py:208} INFO - Processing /home/airflow/.local/lib/python3.12/site-packages/airflow/example_dags/example_display_name.py took 0.071 seconds
[2024-10-19T00:11:06.784+0000] {processor.py:186} INFO - Started process (PID=864) to work on /home/airflow/.local/lib/python3.12/site-packages/airflow/example_dags/example_display_name.py
[2024-10-19T00:11:06.785+0000] {processor.py:914} INFO - Processing file /home/airflow/.local/lib/python3.12/site-packages/airflow/example_dags/example_display_name.py for tasks to queue
[2024-10-19T00:11:06.787+0000] {logging_mixin.py:190} INFO - [2024-10-19T00:11:06.787+0000] {dagbag.py:588} INFO - Filling up the DagBag from /home/airflow/.local/lib/python3.12/site-packages/airflow/example_dags/example_display_name.py
[2024-10-19T00:11:06.795+0000] {processor.py:925} INFO - DAG(s) 'example_display_name' retrieved from /home/airflow/.local/lib/python3.12/site-packages/airflow/example_dags/example_display_name.py
[2024-10-19T00:11:06.815+0000] {logging_mixin.py:190} INFO - [2024-10-19T00:11:06.815+0000] {dag.py:3239} INFO - Sync 1 DAGs
[2024-10-19T00:11:06.831+0000] {logging_mixin.py:190} INFO - [2024-10-19T00:11:06.831+0000] {dag.py:4180} INFO - Setting next_dagrun for example_display_name to None, run_after=None
[2024-10-19T00:11:06.856+0000] {processor.py:208} INFO - Processing /home/airflow/.local/lib/python3.12/site-packages/airflow/example_dags/example_display_name.py took 0.078 seconds
[2024-10-19T00:11:37.757+0000] {processor.py:186} INFO - Started process (PID=926) to work on /home/airflow/.local/lib/python3.12/site-packages/airflow/example_dags/example_display_name.py
[2024-10-19T00:11:37.758+0000] {processor.py:914} INFO - Processing file /home/airflow/.local/lib/python3.12/site-packages/airflow/example_dags/example_display_name.py for tasks to queue
[2024-10-19T00:11:37.760+0000] {logging_mixin.py:190} INFO - [2024-10-19T00:11:37.760+0000] {dagbag.py:588} INFO - Filling up the DagBag from /home/airflow/.local/lib/python3.12/site-packages/airflow/example_dags/example_display_name.py
[2024-10-19T00:11:37.767+0000] {processor.py:925} INFO - DAG(s) 'example_display_name' retrieved from /home/airflow/.local/lib/python3.12/site-packages/airflow/example_dags/example_display_name.py
[2024-10-19T00:11:37.783+0000] {logging_mixin.py:190} INFO - [2024-10-19T00:11:37.783+0000] {dag.py:3239} INFO - Sync 1 DAGs
[2024-10-19T00:11:37.794+0000] {logging_mixin.py:190} INFO - [2024-10-19T00:11:37.794+0000] {dag.py:4180} INFO - Setting next_dagrun for example_display_name to None, run_after=None
[2024-10-19T00:11:37.810+0000] {processor.py:208} INFO - Processing /home/airflow/.local/lib/python3.12/site-packages/airflow/example_dags/example_display_name.py took 0.058 seconds
[2024-10-19T00:12:08.243+0000] {processor.py:186} INFO - Started process (PID=989) to work on /home/airflow/.local/lib/python3.12/site-packages/airflow/example_dags/example_display_name.py
[2024-10-19T00:12:08.244+0000] {processor.py:914} INFO - Processing file /home/airflow/.local/lib/python3.12/site-packages/airflow/example_dags/example_display_name.py for tasks to queue
[2024-10-19T00:12:08.246+0000] {logging_mixin.py:190} INFO - [2024-10-19T00:12:08.246+0000] {dagbag.py:588} INFO - Filling up the DagBag from /home/airflow/.local/lib/python3.12/site-packages/airflow/example_dags/example_display_name.py
[2024-10-19T00:12:08.253+0000] {processor.py:925} INFO - DAG(s) 'example_display_name' retrieved from /home/airflow/.local/lib/python3.12/site-packages/airflow/example_dags/example_display_name.py
[2024-10-19T00:12:08.274+0000] {logging_mixin.py:190} INFO - [2024-10-19T00:12:08.273+0000] {dag.py:3239} INFO - Sync 1 DAGs
[2024-10-19T00:12:08.286+0000] {logging_mixin.py:190} INFO - [2024-10-19T00:12:08.286+0000] {dag.py:4180} INFO - Setting next_dagrun for example_display_name to None, run_after=None
[2024-10-19T00:12:08.304+0000] {processor.py:208} INFO - Processing /home/airflow/.local/lib/python3.12/site-packages/airflow/example_dags/example_display_name.py took 0.067 seconds
[2024-10-19T00:12:39.031+0000] {processor.py:186} INFO - Started process (PID=1051) to work on /home/airflow/.local/lib/python3.12/site-packages/airflow/example_dags/example_display_name.py
[2024-10-19T00:12:39.032+0000] {processor.py:914} INFO - Processing file /home/airflow/.local/lib/python3.12/site-packages/airflow/example_dags/example_display_name.py for tasks to queue
[2024-10-19T00:12:39.035+0000] {logging_mixin.py:190} INFO - [2024-10-19T00:12:39.035+0000] {dagbag.py:588} INFO - Filling up the DagBag from /home/airflow/.local/lib/python3.12/site-packages/airflow/example_dags/example_display_name.py
[2024-10-19T00:12:39.043+0000] {processor.py:925} INFO - DAG(s) 'example_display_name' retrieved from /home/airflow/.local/lib/python3.12/site-packages/airflow/example_dags/example_display_name.py
[2024-10-19T00:12:39.059+0000] {logging_mixin.py:190} INFO - [2024-10-19T00:12:39.059+0000] {dag.py:3239} INFO - Sync 1 DAGs
[2024-10-19T00:12:39.072+0000] {logging_mixin.py:190} INFO - [2024-10-19T00:12:39.072+0000] {dag.py:4180} INFO - Setting next_dagrun for example_display_name to None, run_after=None
[2024-10-19T00:12:39.089+0000] {processor.py:208} INFO - Processing /home/airflow/.local/lib/python3.12/site-packages/airflow/example_dags/example_display_name.py took 0.064 seconds
[2024-10-19T00:13:09.289+0000] {processor.py:186} INFO - Started process (PID=1112) to work on /home/airflow/.local/lib/python3.12/site-packages/airflow/example_dags/example_display_name.py
[2024-10-19T00:13:09.290+0000] {processor.py:914} INFO - Processing file /home/airflow/.local/lib/python3.12/site-packages/airflow/example_dags/example_display_name.py for tasks to queue
[2024-10-19T00:13:09.292+0000] {logging_mixin.py:190} INFO - [2024-10-19T00:13:09.291+0000] {dagbag.py:588} INFO - Filling up the DagBag from /home/airflow/.local/lib/python3.12/site-packages/airflow/example_dags/example_display_name.py
[2024-10-19T00:13:09.298+0000] {processor.py:925} INFO - DAG(s) 'example_display_name' retrieved from /home/airflow/.local/lib/python3.12/site-packages/airflow/example_dags/example_display_name.py
[2024-10-19T00:13:09.315+0000] {logging_mixin.py:190} INFO - [2024-10-19T00:13:09.315+0000] {dag.py:3239} INFO - Sync 1 DAGs
[2024-10-19T00:13:09.328+0000] {logging_mixin.py:190} INFO - [2024-10-19T00:13:09.327+0000] {dag.py:4180} INFO - Setting next_dagrun for example_display_name to None, run_after=None
[2024-10-19T00:13:09.344+0000] {processor.py:208} INFO - Processing /home/airflow/.local/lib/python3.12/site-packages/airflow/example_dags/example_display_name.py took 0.060 seconds
[2024-10-19T00:13:40.521+0000] {processor.py:186} INFO - Started process (PID=1174) to work on /home/airflow/.local/lib/python3.12/site-packages/airflow/example_dags/example_display_name.py
[2024-10-19T00:13:40.522+0000] {processor.py:914} INFO - Processing file /home/airflow/.local/lib/python3.12/site-packages/airflow/example_dags/example_display_name.py for tasks to queue
[2024-10-19T00:13:40.525+0000] {logging_mixin.py:190} INFO - [2024-10-19T00:13:40.525+0000] {dagbag.py:588} INFO - Filling up the DagBag from /home/airflow/.local/lib/python3.12/site-packages/airflow/example_dags/example_display_name.py
[2024-10-19T00:13:40.533+0000] {processor.py:925} INFO - DAG(s) 'example_display_name' retrieved from /home/airflow/.local/lib/python3.12/site-packages/airflow/example_dags/example_display_name.py
[2024-10-19T00:13:40.558+0000] {logging_mixin.py:190} INFO - [2024-10-19T00:13:40.557+0000] {dag.py:3239} INFO - Sync 1 DAGs
[2024-10-19T00:13:40.575+0000] {logging_mixin.py:190} INFO - [2024-10-19T00:13:40.575+0000] {dag.py:4180} INFO - Setting next_dagrun for example_display_name to None, run_after=None
[2024-10-19T00:13:40.606+0000] {processor.py:208} INFO - Processing /home/airflow/.local/lib/python3.12/site-packages/airflow/example_dags/example_display_name.py took 0.091 seconds
[2024-10-19T00:14:10.664+0000] {processor.py:186} INFO - Started process (PID=1236) to work on /home/airflow/.local/lib/python3.12/site-packages/airflow/example_dags/example_display_name.py
[2024-10-19T00:14:10.665+0000] {processor.py:914} INFO - Processing file /home/airflow/.local/lib/python3.12/site-packages/airflow/example_dags/example_display_name.py for tasks to queue
[2024-10-19T00:14:10.668+0000] {logging_mixin.py:190} INFO - [2024-10-19T00:14:10.668+0000] {dagbag.py:588} INFO - Filling up the DagBag from /home/airflow/.local/lib/python3.12/site-packages/airflow/example_dags/example_display_name.py
[2024-10-19T00:14:10.675+0000] {processor.py:925} INFO - DAG(s) 'example_display_name' retrieved from /home/airflow/.local/lib/python3.12/site-packages/airflow/example_dags/example_display_name.py
[2024-10-19T00:14:10.692+0000] {logging_mixin.py:190} INFO - [2024-10-19T00:14:10.691+0000] {dag.py:3239} INFO - Sync 1 DAGs
[2024-10-19T00:14:10.705+0000] {logging_mixin.py:190} INFO - [2024-10-19T00:14:10.704+0000] {dag.py:4180} INFO - Setting next_dagrun for example_display_name to None, run_after=None
[2024-10-19T00:14:10.722+0000] {processor.py:208} INFO - Processing /home/airflow/.local/lib/python3.12/site-packages/airflow/example_dags/example_display_name.py took 0.063 seconds
[2024-10-19T00:14:41.293+0000] {processor.py:186} INFO - Started process (PID=1298) to work on /home/airflow/.local/lib/python3.12/site-packages/airflow/example_dags/example_display_name.py
[2024-10-19T00:14:41.294+0000] {processor.py:914} INFO - Processing file /home/airflow/.local/lib/python3.12/site-packages/airflow/example_dags/example_display_name.py for tasks to queue
[2024-10-19T00:14:41.296+0000] {logging_mixin.py:190} INFO - [2024-10-19T00:14:41.296+0000] {dagbag.py:588} INFO - Filling up the DagBag from /home/airflow/.local/lib/python3.12/site-packages/airflow/example_dags/example_display_name.py
[2024-10-19T00:14:41.302+0000] {processor.py:925} INFO - DAG(s) 'example_display_name' retrieved from /home/airflow/.local/lib/python3.12/site-packages/airflow/example_dags/example_display_name.py
[2024-10-19T00:14:41.316+0000] {logging_mixin.py:190} INFO - [2024-10-19T00:14:41.316+0000] {dag.py:3239} INFO - Sync 1 DAGs
[2024-10-19T00:14:41.327+0000] {logging_mixin.py:190} INFO - [2024-10-19T00:14:41.327+0000] {dag.py:4180} INFO - Setting next_dagrun for example_display_name to None, run_after=None
[2024-10-19T00:14:41.344+0000] {processor.py:208} INFO - Processing /home/airflow/.local/lib/python3.12/site-packages/airflow/example_dags/example_display_name.py took 0.056 seconds
[2024-10-19T00:15:12.029+0000] {processor.py:186} INFO - Started process (PID=1360) to work on /home/airflow/.local/lib/python3.12/site-packages/airflow/example_dags/example_display_name.py
[2024-10-19T00:15:12.030+0000] {processor.py:914} INFO - Processing file /home/airflow/.local/lib/python3.12/site-packages/airflow/example_dags/example_display_name.py for tasks to queue
[2024-10-19T00:15:12.032+0000] {logging_mixin.py:190} INFO - [2024-10-19T00:15:12.032+0000] {dagbag.py:588} INFO - Filling up the DagBag from /home/airflow/.local/lib/python3.12/site-packages/airflow/example_dags/example_display_name.py
[2024-10-19T00:15:12.038+0000] {processor.py:925} INFO - DAG(s) 'example_display_name' retrieved from /home/airflow/.local/lib/python3.12/site-packages/airflow/example_dags/example_display_name.py
[2024-10-19T00:15:12.053+0000] {logging_mixin.py:190} INFO - [2024-10-19T00:15:12.053+0000] {dag.py:3239} INFO - Sync 1 DAGs
[2024-10-19T00:15:12.064+0000] {logging_mixin.py:190} INFO - [2024-10-19T00:15:12.064+0000] {dag.py:4180} INFO - Setting next_dagrun for example_display_name to None, run_after=None
[2024-10-19T00:15:12.083+0000] {processor.py:208} INFO - Processing /home/airflow/.local/lib/python3.12/site-packages/airflow/example_dags/example_display_name.py took 0.059 seconds
[2024-10-19T00:15:42.471+0000] {processor.py:186} INFO - Started process (PID=1422) to work on /home/airflow/.local/lib/python3.12/site-packages/airflow/example_dags/example_display_name.py
[2024-10-19T00:15:42.472+0000] {processor.py:914} INFO - Processing file /home/airflow/.local/lib/python3.12/site-packages/airflow/example_dags/example_display_name.py for tasks to queue
[2024-10-19T00:15:42.475+0000] {logging_mixin.py:190} INFO - [2024-10-19T00:15:42.474+0000] {dagbag.py:588} INFO - Filling up the DagBag from /home/airflow/.local/lib/python3.12/site-packages/airflow/example_dags/example_display_name.py
[2024-10-19T00:15:42.481+0000] {processor.py:925} INFO - DAG(s) 'example_display_name' retrieved from /home/airflow/.local/lib/python3.12/site-packages/airflow/example_dags/example_display_name.py
[2024-10-19T00:15:42.498+0000] {logging_mixin.py:190} INFO - [2024-10-19T00:15:42.498+0000] {dag.py:3239} INFO - Sync 1 DAGs
[2024-10-19T00:15:42.510+0000] {logging_mixin.py:190} INFO - [2024-10-19T00:15:42.510+0000] {dag.py:4180} INFO - Setting next_dagrun for example_display_name to None, run_after=None
[2024-10-19T00:15:42.525+0000] {processor.py:208} INFO - Processing /home/airflow/.local/lib/python3.12/site-packages/airflow/example_dags/example_display_name.py took 0.059 seconds
[2024-10-19T00:16:13.308+0000] {processor.py:186} INFO - Started process (PID=1483) to work on /home/airflow/.local/lib/python3.12/site-packages/airflow/example_dags/example_display_name.py
[2024-10-19T00:16:13.308+0000] {processor.py:914} INFO - Processing file /home/airflow/.local/lib/python3.12/site-packages/airflow/example_dags/example_display_name.py for tasks to queue
[2024-10-19T00:16:13.310+0000] {logging_mixin.py:190} INFO - [2024-10-19T00:16:13.310+0000] {dagbag.py:588} INFO - Filling up the DagBag from /home/airflow/.local/lib/python3.12/site-packages/airflow/example_dags/example_display_name.py
[2024-10-19T00:16:13.316+0000] {processor.py:925} INFO - DAG(s) 'example_display_name' retrieved from /home/airflow/.local/lib/python3.12/site-packages/airflow/example_dags/example_display_name.py
[2024-10-19T00:16:13.332+0000] {logging_mixin.py:190} INFO - [2024-10-19T00:16:13.331+0000] {dag.py:3239} INFO - Sync 1 DAGs
[2024-10-19T00:16:13.344+0000] {logging_mixin.py:190} INFO - [2024-10-19T00:16:13.344+0000] {dag.py:4180} INFO - Setting next_dagrun for example_display_name to None, run_after=None
[2024-10-19T00:16:13.359+0000] {processor.py:208} INFO - Processing /home/airflow/.local/lib/python3.12/site-packages/airflow/example_dags/example_display_name.py took 0.057 seconds
[2024-10-19T00:16:43.989+0000] {processor.py:186} INFO - Started process (PID=1545) to work on /home/airflow/.local/lib/python3.12/site-packages/airflow/example_dags/example_display_name.py
[2024-10-19T00:16:43.990+0000] {processor.py:914} INFO - Processing file /home/airflow/.local/lib/python3.12/site-packages/airflow/example_dags/example_display_name.py for tasks to queue
[2024-10-19T00:16:43.992+0000] {logging_mixin.py:190} INFO - [2024-10-19T00:16:43.991+0000] {dagbag.py:588} INFO - Filling up the DagBag from /home/airflow/.local/lib/python3.12/site-packages/airflow/example_dags/example_display_name.py
[2024-10-19T00:16:43.998+0000] {processor.py:925} INFO - DAG(s) 'example_display_name' retrieved from /home/airflow/.local/lib/python3.12/site-packages/airflow/example_dags/example_display_name.py
[2024-10-19T00:16:44.017+0000] {logging_mixin.py:190} INFO - [2024-10-19T00:16:44.017+0000] {dag.py:3239} INFO - Sync 1 DAGs
[2024-10-19T00:16:44.028+0000] {logging_mixin.py:190} INFO - [2024-10-19T00:16:44.027+0000] {dag.py:4180} INFO - Setting next_dagrun for example_display_name to None, run_after=None
[2024-10-19T00:16:44.041+0000] {processor.py:208} INFO - Processing /home/airflow/.local/lib/python3.12/site-packages/airflow/example_dags/example_display_name.py took 0.057 seconds
[2024-10-19T00:17:14.653+0000] {processor.py:186} INFO - Started process (PID=1607) to work on /home/airflow/.local/lib/python3.12/site-packages/airflow/example_dags/example_display_name.py
[2024-10-19T00:17:14.654+0000] {processor.py:914} INFO - Processing file /home/airflow/.local/lib/python3.12/site-packages/airflow/example_dags/example_display_name.py for tasks to queue
[2024-10-19T00:17:14.657+0000] {logging_mixin.py:190} INFO - [2024-10-19T00:17:14.656+0000] {dagbag.py:588} INFO - Filling up the DagBag from /home/airflow/.local/lib/python3.12/site-packages/airflow/example_dags/example_display_name.py
[2024-10-19T00:17:14.663+0000] {processor.py:925} INFO - DAG(s) 'example_display_name' retrieved from /home/airflow/.local/lib/python3.12/site-packages/airflow/example_dags/example_display_name.py
[2024-10-19T00:17:14.681+0000] {logging_mixin.py:190} INFO - [2024-10-19T00:17:14.680+0000] {dag.py:3239} INFO - Sync 1 DAGs
[2024-10-19T00:17:14.694+0000] {logging_mixin.py:190} INFO - [2024-10-19T00:17:14.694+0000] {dag.py:4180} INFO - Setting next_dagrun for example_display_name to None, run_after=None
[2024-10-19T00:17:14.710+0000] {processor.py:208} INFO - Processing /home/airflow/.local/lib/python3.12/site-packages/airflow/example_dags/example_display_name.py took 0.063 seconds
[2024-10-19T00:17:45.191+0000] {processor.py:186} INFO - Started process (PID=1669) to work on /home/airflow/.local/lib/python3.12/site-packages/airflow/example_dags/example_display_name.py
[2024-10-19T00:17:45.192+0000] {processor.py:914} INFO - Processing file /home/airflow/.local/lib/python3.12/site-packages/airflow/example_dags/example_display_name.py for tasks to queue
[2024-10-19T00:17:45.194+0000] {logging_mixin.py:190} INFO - [2024-10-19T00:17:45.194+0000] {dagbag.py:588} INFO - Filling up the DagBag from /home/airflow/.local/lib/python3.12/site-packages/airflow/example_dags/example_display_name.py
[2024-10-19T00:17:45.201+0000] {processor.py:925} INFO - DAG(s) 'example_display_name' retrieved from /home/airflow/.local/lib/python3.12/site-packages/airflow/example_dags/example_display_name.py
[2024-10-19T00:17:45.219+0000] {logging_mixin.py:190} INFO - [2024-10-19T00:17:45.218+0000] {dag.py:3239} INFO - Sync 1 DAGs
[2024-10-19T00:17:45.230+0000] {logging_mixin.py:190} INFO - [2024-10-19T00:17:45.230+0000] {dag.py:4180} INFO - Setting next_dagrun for example_display_name to None, run_after=None
[2024-10-19T00:17:45.244+0000] {processor.py:208} INFO - Processing /home/airflow/.local/lib/python3.12/site-packages/airflow/example_dags/example_display_name.py took 0.058 seconds
[2024-10-19T00:18:16.152+0000] {processor.py:186} INFO - Started process (PID=1731) to work on /home/airflow/.local/lib/python3.12/site-packages/airflow/example_dags/example_display_name.py
[2024-10-19T00:18:16.153+0000] {processor.py:914} INFO - Processing file /home/airflow/.local/lib/python3.12/site-packages/airflow/example_dags/example_display_name.py for tasks to queue
[2024-10-19T00:18:16.156+0000] {logging_mixin.py:190} INFO - [2024-10-19T00:18:16.156+0000] {dagbag.py:588} INFO - Filling up the DagBag from /home/airflow/.local/lib/python3.12/site-packages/airflow/example_dags/example_display_name.py
[2024-10-19T00:18:16.163+0000] {processor.py:925} INFO - DAG(s) 'example_display_name' retrieved from /home/airflow/.local/lib/python3.12/site-packages/airflow/example_dags/example_display_name.py
[2024-10-19T00:18:16.181+0000] {logging_mixin.py:190} INFO - [2024-10-19T00:18:16.181+0000] {dag.py:3239} INFO - Sync 1 DAGs
[2024-10-19T00:18:16.194+0000] {logging_mixin.py:190} INFO - [2024-10-19T00:18:16.194+0000] {dag.py:4180} INFO - Setting next_dagrun for example_display_name to None, run_after=None
[2024-10-19T00:18:16.216+0000] {processor.py:208} INFO - Processing /home/airflow/.local/lib/python3.12/site-packages/airflow/example_dags/example_display_name.py took 0.070 seconds
[2024-10-19T00:18:47.411+0000] {processor.py:186} INFO - Started process (PID=1792) to work on /home/airflow/.local/lib/python3.12/site-packages/airflow/example_dags/example_display_name.py
[2024-10-19T00:18:47.413+0000] {processor.py:914} INFO - Processing file /home/airflow/.local/lib/python3.12/site-packages/airflow/example_dags/example_display_name.py for tasks to queue
[2024-10-19T00:18:47.416+0000] {logging_mixin.py:190} INFO - [2024-10-19T00:18:47.415+0000] {dagbag.py:588} INFO - Filling up the DagBag from /home/airflow/.local/lib/python3.12/site-packages/airflow/example_dags/example_display_name.py
[2024-10-19T00:18:47.425+0000] {processor.py:925} INFO - DAG(s) 'example_display_name' retrieved from /home/airflow/.local/lib/python3.12/site-packages/airflow/example_dags/example_display_name.py
[2024-10-19T00:18:47.447+0000] {logging_mixin.py:190} INFO - [2024-10-19T00:18:47.446+0000] {dag.py:3239} INFO - Sync 1 DAGs
[2024-10-19T00:18:47.462+0000] {logging_mixin.py:190} INFO - [2024-10-19T00:18:47.462+0000] {dag.py:4180} INFO - Setting next_dagrun for example_display_name to None, run_after=None
[2024-10-19T00:18:47.484+0000] {processor.py:208} INFO - Processing /home/airflow/.local/lib/python3.12/site-packages/airflow/example_dags/example_display_name.py took 0.081 seconds
[2024-10-19T00:19:18.491+0000] {processor.py:186} INFO - Started process (PID=1854) to work on /home/airflow/.local/lib/python3.12/site-packages/airflow/example_dags/example_display_name.py
[2024-10-19T00:19:18.493+0000] {processor.py:914} INFO - Processing file /home/airflow/.local/lib/python3.12/site-packages/airflow/example_dags/example_display_name.py for tasks to queue
[2024-10-19T00:19:18.496+0000] {logging_mixin.py:190} INFO - [2024-10-19T00:19:18.495+0000] {dagbag.py:588} INFO - Filling up the DagBag from /home/airflow/.local/lib/python3.12/site-packages/airflow/example_dags/example_display_name.py
[2024-10-19T00:19:18.503+0000] {processor.py:925} INFO - DAG(s) 'example_display_name' retrieved from /home/airflow/.local/lib/python3.12/site-packages/airflow/example_dags/example_display_name.py
[2024-10-19T00:19:18.527+0000] {logging_mixin.py:190} INFO - [2024-10-19T00:19:18.526+0000] {dag.py:3239} INFO - Sync 1 DAGs
[2024-10-19T00:19:18.545+0000] {logging_mixin.py:190} INFO - [2024-10-19T00:19:18.544+0000] {dag.py:4180} INFO - Setting next_dagrun for example_display_name to None, run_after=None
[2024-10-19T00:19:18.585+0000] {processor.py:208} INFO - Processing /home/airflow/.local/lib/python3.12/site-packages/airflow/example_dags/example_display_name.py took 0.100 seconds
[2024-10-19T00:19:48.675+0000] {processor.py:186} INFO - Started process (PID=1916) to work on /home/airflow/.local/lib/python3.12/site-packages/airflow/example_dags/example_display_name.py
[2024-10-19T00:19:48.677+0000] {processor.py:914} INFO - Processing file /home/airflow/.local/lib/python3.12/site-packages/airflow/example_dags/example_display_name.py for tasks to queue
[2024-10-19T00:19:48.680+0000] {logging_mixin.py:190} INFO - [2024-10-19T00:19:48.680+0000] {dagbag.py:588} INFO - Filling up the DagBag from /home/airflow/.local/lib/python3.12/site-packages/airflow/example_dags/example_display_name.py
[2024-10-19T00:19:48.688+0000] {processor.py:925} INFO - DAG(s) 'example_display_name' retrieved from /home/airflow/.local/lib/python3.12/site-packages/airflow/example_dags/example_display_name.py
[2024-10-19T00:19:48.706+0000] {logging_mixin.py:190} INFO - [2024-10-19T00:19:48.705+0000] {dag.py:3239} INFO - Sync 1 DAGs
[2024-10-19T00:19:48.719+0000] {logging_mixin.py:190} INFO - [2024-10-19T00:19:48.719+0000] {dag.py:4180} INFO - Setting next_dagrun for example_display_name to None, run_after=None
[2024-10-19T00:19:48.739+0000] {processor.py:208} INFO - Processing /home/airflow/.local/lib/python3.12/site-packages/airflow/example_dags/example_display_name.py took 0.070 seconds
[2024-10-19T00:20:19.332+0000] {processor.py:186} INFO - Started process (PID=1978) to work on /home/airflow/.local/lib/python3.12/site-packages/airflow/example_dags/example_display_name.py
[2024-10-19T00:20:19.333+0000] {processor.py:914} INFO - Processing file /home/airflow/.local/lib/python3.12/site-packages/airflow/example_dags/example_display_name.py for tasks to queue
[2024-10-19T00:20:19.335+0000] {logging_mixin.py:190} INFO - [2024-10-19T00:20:19.335+0000] {dagbag.py:588} INFO - Filling up the DagBag from /home/airflow/.local/lib/python3.12/site-packages/airflow/example_dags/example_display_name.py
[2024-10-19T00:20:19.342+0000] {processor.py:925} INFO - DAG(s) 'example_display_name' retrieved from /home/airflow/.local/lib/python3.12/site-packages/airflow/example_dags/example_display_name.py
[2024-10-19T00:20:19.360+0000] {logging_mixin.py:190} INFO - [2024-10-19T00:20:19.360+0000] {dag.py:3239} INFO - Sync 1 DAGs
[2024-10-19T00:20:19.376+0000] {logging_mixin.py:190} INFO - [2024-10-19T00:20:19.375+0000] {dag.py:4180} INFO - Setting next_dagrun for example_display_name to None, run_after=None
[2024-10-19T00:20:19.397+0000] {processor.py:208} INFO - Processing /home/airflow/.local/lib/python3.12/site-packages/airflow/example_dags/example_display_name.py took 0.070 seconds
[2024-10-19T00:20:50.573+0000] {processor.py:186} INFO - Started process (PID=2040) to work on /home/airflow/.local/lib/python3.12/site-packages/airflow/example_dags/example_display_name.py
[2024-10-19T00:20:50.574+0000] {processor.py:914} INFO - Processing file /home/airflow/.local/lib/python3.12/site-packages/airflow/example_dags/example_display_name.py for tasks to queue
[2024-10-19T00:20:50.576+0000] {logging_mixin.py:190} INFO - [2024-10-19T00:20:50.576+0000] {dagbag.py:588} INFO - Filling up the DagBag from /home/airflow/.local/lib/python3.12/site-packages/airflow/example_dags/example_display_name.py
[2024-10-19T00:20:50.583+0000] {processor.py:925} INFO - DAG(s) 'example_display_name' retrieved from /home/airflow/.local/lib/python3.12/site-packages/airflow/example_dags/example_display_name.py
[2024-10-19T00:20:50.600+0000] {logging_mixin.py:190} INFO - [2024-10-19T00:20:50.600+0000] {dag.py:3239} INFO - Sync 1 DAGs
[2024-10-19T00:20:50.614+0000] {logging_mixin.py:190} INFO - [2024-10-19T00:20:50.613+0000] {dag.py:4180} INFO - Setting next_dagrun for example_display_name to None, run_after=None
[2024-10-19T00:20:50.633+0000] {processor.py:208} INFO - Processing /home/airflow/.local/lib/python3.12/site-packages/airflow/example_dags/example_display_name.py took 0.066 seconds
[2024-10-19T00:21:21.845+0000] {processor.py:186} INFO - Started process (PID=2109) to work on /home/airflow/.local/lib/python3.12/site-packages/airflow/example_dags/example_display_name.py
[2024-10-19T00:21:21.846+0000] {processor.py:914} INFO - Processing file /home/airflow/.local/lib/python3.12/site-packages/airflow/example_dags/example_display_name.py for tasks to queue
[2024-10-19T00:21:21.848+0000] {logging_mixin.py:190} INFO - [2024-10-19T00:21:21.848+0000] {dagbag.py:588} INFO - Filling up the DagBag from /home/airflow/.local/lib/python3.12/site-packages/airflow/example_dags/example_display_name.py
[2024-10-19T00:21:21.855+0000] {processor.py:925} INFO - DAG(s) 'example_display_name' retrieved from /home/airflow/.local/lib/python3.12/site-packages/airflow/example_dags/example_display_name.py
[2024-10-19T00:21:21.872+0000] {logging_mixin.py:190} INFO - [2024-10-19T00:21:21.872+0000] {dag.py:3239} INFO - Sync 1 DAGs
[2024-10-19T00:21:21.885+0000] {logging_mixin.py:190} INFO - [2024-10-19T00:21:21.884+0000] {dag.py:4180} INFO - Setting next_dagrun for example_display_name to None, run_after=None
[2024-10-19T00:21:21.903+0000] {processor.py:208} INFO - Processing /home/airflow/.local/lib/python3.12/site-packages/airflow/example_dags/example_display_name.py took 0.063 seconds
[2024-10-19T00:21:52.431+0000] {processor.py:186} INFO - Started process (PID=2171) to work on /home/airflow/.local/lib/python3.12/site-packages/airflow/example_dags/example_display_name.py
[2024-10-19T00:21:52.432+0000] {processor.py:914} INFO - Processing file /home/airflow/.local/lib/python3.12/site-packages/airflow/example_dags/example_display_name.py for tasks to queue
[2024-10-19T00:21:52.434+0000] {logging_mixin.py:190} INFO - [2024-10-19T00:21:52.434+0000] {dagbag.py:588} INFO - Filling up the DagBag from /home/airflow/.local/lib/python3.12/site-packages/airflow/example_dags/example_display_name.py
[2024-10-19T00:21:52.441+0000] {processor.py:925} INFO - DAG(s) 'example_display_name' retrieved from /home/airflow/.local/lib/python3.12/site-packages/airflow/example_dags/example_display_name.py
[2024-10-19T00:21:52.456+0000] {logging_mixin.py:190} INFO - [2024-10-19T00:21:52.455+0000] {dag.py:3239} INFO - Sync 1 DAGs
[2024-10-19T00:21:52.468+0000] {logging_mixin.py:190} INFO - [2024-10-19T00:21:52.468+0000] {dag.py:4180} INFO - Setting next_dagrun for example_display_name to None, run_after=None
[2024-10-19T00:21:52.488+0000] {processor.py:208} INFO - Processing /home/airflow/.local/lib/python3.12/site-packages/airflow/example_dags/example_display_name.py took 0.062 seconds
[2024-10-19T00:22:22.895+0000] {processor.py:186} INFO - Started process (PID=2234) to work on /home/airflow/.local/lib/python3.12/site-packages/airflow/example_dags/example_display_name.py
[2024-10-19T00:22:22.896+0000] {processor.py:914} INFO - Processing file /home/airflow/.local/lib/python3.12/site-packages/airflow/example_dags/example_display_name.py for tasks to queue
[2024-10-19T00:22:22.898+0000] {logging_mixin.py:190} INFO - [2024-10-19T00:22:22.898+0000] {dagbag.py:588} INFO - Filling up the DagBag from /home/airflow/.local/lib/python3.12/site-packages/airflow/example_dags/example_display_name.py
[2024-10-19T00:22:22.905+0000] {processor.py:925} INFO - DAG(s) 'example_display_name' retrieved from /home/airflow/.local/lib/python3.12/site-packages/airflow/example_dags/example_display_name.py
[2024-10-19T00:22:22.920+0000] {logging_mixin.py:190} INFO - [2024-10-19T00:22:22.920+0000] {dag.py:3239} INFO - Sync 1 DAGs
[2024-10-19T00:22:22.933+0000] {logging_mixin.py:190} INFO - [2024-10-19T00:22:22.933+0000] {dag.py:4180} INFO - Setting next_dagrun for example_display_name to None, run_after=None
[2024-10-19T00:22:22.955+0000] {processor.py:208} INFO - Processing /home/airflow/.local/lib/python3.12/site-packages/airflow/example_dags/example_display_name.py took 0.065 seconds
[2024-10-19T00:22:53.353+0000] {processor.py:186} INFO - Started process (PID=2296) to work on /home/airflow/.local/lib/python3.12/site-packages/airflow/example_dags/example_display_name.py
[2024-10-19T00:22:53.354+0000] {processor.py:914} INFO - Processing file /home/airflow/.local/lib/python3.12/site-packages/airflow/example_dags/example_display_name.py for tasks to queue
[2024-10-19T00:22:53.357+0000] {logging_mixin.py:190} INFO - [2024-10-19T00:22:53.356+0000] {dagbag.py:588} INFO - Filling up the DagBag from /home/airflow/.local/lib/python3.12/site-packages/airflow/example_dags/example_display_name.py
[2024-10-19T00:22:53.363+0000] {processor.py:925} INFO - DAG(s) 'example_display_name' retrieved from /home/airflow/.local/lib/python3.12/site-packages/airflow/example_dags/example_display_name.py
[2024-10-19T00:22:53.378+0000] {logging_mixin.py:190} INFO - [2024-10-19T00:22:53.377+0000] {dag.py:3239} INFO - Sync 1 DAGs
[2024-10-19T00:22:53.390+0000] {logging_mixin.py:190} INFO - [2024-10-19T00:22:53.390+0000] {dag.py:4180} INFO - Setting next_dagrun for example_display_name to None, run_after=None
[2024-10-19T00:22:53.408+0000] {processor.py:208} INFO - Processing /home/airflow/.local/lib/python3.12/site-packages/airflow/example_dags/example_display_name.py took 0.059 seconds
[2024-10-19T00:23:24.027+0000] {processor.py:186} INFO - Started process (PID=2358) to work on /home/airflow/.local/lib/python3.12/site-packages/airflow/example_dags/example_display_name.py
[2024-10-19T00:23:24.028+0000] {processor.py:914} INFO - Processing file /home/airflow/.local/lib/python3.12/site-packages/airflow/example_dags/example_display_name.py for tasks to queue
[2024-10-19T00:23:24.031+0000] {logging_mixin.py:190} INFO - [2024-10-19T00:23:24.030+0000] {dagbag.py:588} INFO - Filling up the DagBag from /home/airflow/.local/lib/python3.12/site-packages/airflow/example_dags/example_display_name.py
[2024-10-19T00:23:24.038+0000] {processor.py:925} INFO - DAG(s) 'example_display_name' retrieved from /home/airflow/.local/lib/python3.12/site-packages/airflow/example_dags/example_display_name.py
[2024-10-19T00:23:24.057+0000] {logging_mixin.py:190} INFO - [2024-10-19T00:23:24.057+0000] {dag.py:3239} INFO - Sync 1 DAGs
[2024-10-19T00:23:24.071+0000] {logging_mixin.py:190} INFO - [2024-10-19T00:23:24.071+0000] {dag.py:4180} INFO - Setting next_dagrun for example_display_name to None, run_after=None
[2024-10-19T00:23:24.092+0000] {processor.py:208} INFO - Processing /home/airflow/.local/lib/python3.12/site-packages/airflow/example_dags/example_display_name.py took 0.072 seconds
[2024-10-19T00:23:54.407+0000] {processor.py:186} INFO - Started process (PID=2420) to work on /home/airflow/.local/lib/python3.12/site-packages/airflow/example_dags/example_display_name.py
[2024-10-19T00:23:54.408+0000] {processor.py:914} INFO - Processing file /home/airflow/.local/lib/python3.12/site-packages/airflow/example_dags/example_display_name.py for tasks to queue
[2024-10-19T00:23:54.410+0000] {logging_mixin.py:190} INFO - [2024-10-19T00:23:54.410+0000] {dagbag.py:588} INFO - Filling up the DagBag from /home/airflow/.local/lib/python3.12/site-packages/airflow/example_dags/example_display_name.py
[2024-10-19T00:23:54.416+0000] {processor.py:925} INFO - DAG(s) 'example_display_name' retrieved from /home/airflow/.local/lib/python3.12/site-packages/airflow/example_dags/example_display_name.py
[2024-10-19T00:23:54.430+0000] {logging_mixin.py:190} INFO - [2024-10-19T00:23:54.430+0000] {dag.py:3239} INFO - Sync 1 DAGs
[2024-10-19T00:23:54.441+0000] {logging_mixin.py:190} INFO - [2024-10-19T00:23:54.441+0000] {dag.py:4180} INFO - Setting next_dagrun for example_display_name to None, run_after=None
[2024-10-19T00:23:54.459+0000] {processor.py:208} INFO - Processing /home/airflow/.local/lib/python3.12/site-packages/airflow/example_dags/example_display_name.py took 0.056 seconds
[2024-10-19T00:24:25.007+0000] {processor.py:186} INFO - Started process (PID=2482) to work on /home/airflow/.local/lib/python3.12/site-packages/airflow/example_dags/example_display_name.py
[2024-10-19T00:24:25.008+0000] {processor.py:914} INFO - Processing file /home/airflow/.local/lib/python3.12/site-packages/airflow/example_dags/example_display_name.py for tasks to queue
[2024-10-19T00:24:25.010+0000] {logging_mixin.py:190} INFO - [2024-10-19T00:24:25.010+0000] {dagbag.py:588} INFO - Filling up the DagBag from /home/airflow/.local/lib/python3.12/site-packages/airflow/example_dags/example_display_name.py
[2024-10-19T00:24:25.018+0000] {processor.py:925} INFO - DAG(s) 'example_display_name' retrieved from /home/airflow/.local/lib/python3.12/site-packages/airflow/example_dags/example_display_name.py
[2024-10-19T00:24:25.040+0000] {logging_mixin.py:190} INFO - [2024-10-19T00:24:25.040+0000] {dag.py:3239} INFO - Sync 1 DAGs
[2024-10-19T00:24:25.056+0000] {logging_mixin.py:190} INFO - [2024-10-19T00:24:25.055+0000] {dag.py:4180} INFO - Setting next_dagrun for example_display_name to None, run_after=None
[2024-10-19T00:24:25.076+0000] {processor.py:208} INFO - Processing /home/airflow/.local/lib/python3.12/site-packages/airflow/example_dags/example_display_name.py took 0.075 seconds
[2024-10-19T00:24:55.642+0000] {processor.py:186} INFO - Started process (PID=2543) to work on /home/airflow/.local/lib/python3.12/site-packages/airflow/example_dags/example_display_name.py
[2024-10-19T00:24:55.642+0000] {processor.py:914} INFO - Processing file /home/airflow/.local/lib/python3.12/site-packages/airflow/example_dags/example_display_name.py for tasks to queue
[2024-10-19T00:24:55.645+0000] {logging_mixin.py:190} INFO - [2024-10-19T00:24:55.644+0000] {dagbag.py:588} INFO - Filling up the DagBag from /home/airflow/.local/lib/python3.12/site-packages/airflow/example_dags/example_display_name.py
[2024-10-19T00:24:55.651+0000] {processor.py:925} INFO - DAG(s) 'example_display_name' retrieved from /home/airflow/.local/lib/python3.12/site-packages/airflow/example_dags/example_display_name.py
[2024-10-19T00:24:55.667+0000] {logging_mixin.py:190} INFO - [2024-10-19T00:24:55.667+0000] {dag.py:3239} INFO - Sync 1 DAGs
[2024-10-19T00:24:55.679+0000] {logging_mixin.py:190} INFO - [2024-10-19T00:24:55.679+0000] {dag.py:4180} INFO - Setting next_dagrun for example_display_name to None, run_after=None
[2024-10-19T00:24:55.698+0000] {processor.py:208} INFO - Processing /home/airflow/.local/lib/python3.12/site-packages/airflow/example_dags/example_display_name.py took 0.061 seconds
[2024-10-19T00:25:26.989+0000] {processor.py:186} INFO - Started process (PID=2605) to work on /home/airflow/.local/lib/python3.12/site-packages/airflow/example_dags/example_display_name.py
[2024-10-19T00:25:26.990+0000] {processor.py:914} INFO - Processing file /home/airflow/.local/lib/python3.12/site-packages/airflow/example_dags/example_display_name.py for tasks to queue
[2024-10-19T00:25:26.992+0000] {logging_mixin.py:190} INFO - [2024-10-19T00:25:26.992+0000] {dagbag.py:588} INFO - Filling up the DagBag from /home/airflow/.local/lib/python3.12/site-packages/airflow/example_dags/example_display_name.py
[2024-10-19T00:25:26.998+0000] {processor.py:925} INFO - DAG(s) 'example_display_name' retrieved from /home/airflow/.local/lib/python3.12/site-packages/airflow/example_dags/example_display_name.py
[2024-10-19T00:25:27.016+0000] {logging_mixin.py:190} INFO - [2024-10-19T00:25:27.016+0000] {dag.py:3239} INFO - Sync 1 DAGs
[2024-10-19T00:25:27.030+0000] {logging_mixin.py:190} INFO - [2024-10-19T00:25:27.030+0000] {dag.py:4180} INFO - Setting next_dagrun for example_display_name to None, run_after=None
[2024-10-19T00:25:27.050+0000] {processor.py:208} INFO - Processing /home/airflow/.local/lib/python3.12/site-packages/airflow/example_dags/example_display_name.py took 0.067 seconds
[2024-10-19T00:25:57.721+0000] {processor.py:186} INFO - Started process (PID=2667) to work on /home/airflow/.local/lib/python3.12/site-packages/airflow/example_dags/example_display_name.py
[2024-10-19T00:25:57.722+0000] {processor.py:914} INFO - Processing file /home/airflow/.local/lib/python3.12/site-packages/airflow/example_dags/example_display_name.py for tasks to queue
[2024-10-19T00:25:57.724+0000] {logging_mixin.py:190} INFO - [2024-10-19T00:25:57.724+0000] {dagbag.py:588} INFO - Filling up the DagBag from /home/airflow/.local/lib/python3.12/site-packages/airflow/example_dags/example_display_name.py
[2024-10-19T00:25:57.730+0000] {processor.py:925} INFO - DAG(s) 'example_display_name' retrieved from /home/airflow/.local/lib/python3.12/site-packages/airflow/example_dags/example_display_name.py
[2024-10-19T00:25:57.746+0000] {logging_mixin.py:190} INFO - [2024-10-19T00:25:57.746+0000] {dag.py:3239} INFO - Sync 1 DAGs
[2024-10-19T00:25:57.758+0000] {logging_mixin.py:190} INFO - [2024-10-19T00:25:57.758+0000] {dag.py:4180} INFO - Setting next_dagrun for example_display_name to None, run_after=None
[2024-10-19T00:25:57.778+0000] {processor.py:208} INFO - Processing /home/airflow/.local/lib/python3.12/site-packages/airflow/example_dags/example_display_name.py took 0.063 seconds
[2024-10-19T00:26:29.197+0000] {processor.py:186} INFO - Started process (PID=2729) to work on /home/airflow/.local/lib/python3.12/site-packages/airflow/example_dags/example_display_name.py
[2024-10-19T00:26:29.198+0000] {processor.py:914} INFO - Processing file /home/airflow/.local/lib/python3.12/site-packages/airflow/example_dags/example_display_name.py for tasks to queue
[2024-10-19T00:26:29.201+0000] {logging_mixin.py:190} INFO - [2024-10-19T00:26:29.200+0000] {dagbag.py:588} INFO - Filling up the DagBag from /home/airflow/.local/lib/python3.12/site-packages/airflow/example_dags/example_display_name.py
[2024-10-19T00:26:29.208+0000] {processor.py:925} INFO - DAG(s) 'example_display_name' retrieved from /home/airflow/.local/lib/python3.12/site-packages/airflow/example_dags/example_display_name.py
[2024-10-19T00:26:29.227+0000] {logging_mixin.py:190} INFO - [2024-10-19T00:26:29.227+0000] {dag.py:3239} INFO - Sync 1 DAGs
[2024-10-19T00:26:29.241+0000] {logging_mixin.py:190} INFO - [2024-10-19T00:26:29.241+0000] {dag.py:4180} INFO - Setting next_dagrun for example_display_name to None, run_after=None
[2024-10-19T00:26:29.261+0000] {processor.py:208} INFO - Processing /home/airflow/.local/lib/python3.12/site-packages/airflow/example_dags/example_display_name.py took 0.069 seconds
[2024-10-19T00:26:59.839+0000] {processor.py:186} INFO - Started process (PID=2790) to work on /home/airflow/.local/lib/python3.12/site-packages/airflow/example_dags/example_display_name.py
[2024-10-19T00:26:59.840+0000] {processor.py:914} INFO - Processing file /home/airflow/.local/lib/python3.12/site-packages/airflow/example_dags/example_display_name.py for tasks to queue
[2024-10-19T00:26:59.842+0000] {logging_mixin.py:190} INFO - [2024-10-19T00:26:59.842+0000] {dagbag.py:588} INFO - Filling up the DagBag from /home/airflow/.local/lib/python3.12/site-packages/airflow/example_dags/example_display_name.py
[2024-10-19T00:26:59.848+0000] {processor.py:925} INFO - DAG(s) 'example_display_name' retrieved from /home/airflow/.local/lib/python3.12/site-packages/airflow/example_dags/example_display_name.py
[2024-10-19T00:26:59.866+0000] {logging_mixin.py:190} INFO - [2024-10-19T00:26:59.866+0000] {dag.py:3239} INFO - Sync 1 DAGs
[2024-10-19T00:26:59.878+0000] {logging_mixin.py:190} INFO - [2024-10-19T00:26:59.877+0000] {dag.py:4180} INFO - Setting next_dagrun for example_display_name to None, run_after=None
[2024-10-19T00:26:59.897+0000] {processor.py:208} INFO - Processing /home/airflow/.local/lib/python3.12/site-packages/airflow/example_dags/example_display_name.py took 0.063 seconds
[2024-10-19T00:27:30.789+0000] {processor.py:186} INFO - Started process (PID=2851) to work on /home/airflow/.local/lib/python3.12/site-packages/airflow/example_dags/example_display_name.py
[2024-10-19T00:27:30.790+0000] {processor.py:914} INFO - Processing file /home/airflow/.local/lib/python3.12/site-packages/airflow/example_dags/example_display_name.py for tasks to queue
[2024-10-19T00:27:30.792+0000] {logging_mixin.py:190} INFO - [2024-10-19T00:27:30.792+0000] {dagbag.py:588} INFO - Filling up the DagBag from /home/airflow/.local/lib/python3.12/site-packages/airflow/example_dags/example_display_name.py
[2024-10-19T00:27:30.799+0000] {processor.py:925} INFO - DAG(s) 'example_display_name' retrieved from /home/airflow/.local/lib/python3.12/site-packages/airflow/example_dags/example_display_name.py
[2024-10-19T00:27:30.815+0000] {logging_mixin.py:190} INFO - [2024-10-19T00:27:30.815+0000] {dag.py:3239} INFO - Sync 1 DAGs
[2024-10-19T00:27:30.826+0000] {logging_mixin.py:190} INFO - [2024-10-19T00:27:30.826+0000] {dag.py:4180} INFO - Setting next_dagrun for example_display_name to None, run_after=None
[2024-10-19T00:27:30.844+0000] {processor.py:208} INFO - Processing /home/airflow/.local/lib/python3.12/site-packages/airflow/example_dags/example_display_name.py took 0.060 seconds
[2024-10-19T00:28:01.674+0000] {processor.py:186} INFO - Started process (PID=2913) to work on /home/airflow/.local/lib/python3.12/site-packages/airflow/example_dags/example_display_name.py
[2024-10-19T00:28:01.675+0000] {processor.py:914} INFO - Processing file /home/airflow/.local/lib/python3.12/site-packages/airflow/example_dags/example_display_name.py for tasks to queue
[2024-10-19T00:28:01.677+0000] {logging_mixin.py:190} INFO - [2024-10-19T00:28:01.676+0000] {dagbag.py:588} INFO - Filling up the DagBag from /home/airflow/.local/lib/python3.12/site-packages/airflow/example_dags/example_display_name.py
[2024-10-19T00:28:01.683+0000] {processor.py:925} INFO - DAG(s) 'example_display_name' retrieved from /home/airflow/.local/lib/python3.12/site-packages/airflow/example_dags/example_display_name.py
[2024-10-19T00:28:01.700+0000] {logging_mixin.py:190} INFO - [2024-10-19T00:28:01.700+0000] {dag.py:3239} INFO - Sync 1 DAGs
[2024-10-19T00:28:01.712+0000] {logging_mixin.py:190} INFO - [2024-10-19T00:28:01.712+0000] {dag.py:4180} INFO - Setting next_dagrun for example_display_name to None, run_after=None
[2024-10-19T00:28:01.729+0000] {processor.py:208} INFO - Processing /home/airflow/.local/lib/python3.12/site-packages/airflow/example_dags/example_display_name.py took 0.060 seconds
[2024-10-19T00:28:32.403+0000] {processor.py:186} INFO - Started process (PID=2975) to work on /home/airflow/.local/lib/python3.12/site-packages/airflow/example_dags/example_display_name.py
[2024-10-19T00:28:32.404+0000] {processor.py:914} INFO - Processing file /home/airflow/.local/lib/python3.12/site-packages/airflow/example_dags/example_display_name.py for tasks to queue
[2024-10-19T00:28:32.407+0000] {logging_mixin.py:190} INFO - [2024-10-19T00:28:32.407+0000] {dagbag.py:588} INFO - Filling up the DagBag from /home/airflow/.local/lib/python3.12/site-packages/airflow/example_dags/example_display_name.py
[2024-10-19T00:28:32.415+0000] {processor.py:925} INFO - DAG(s) 'example_display_name' retrieved from /home/airflow/.local/lib/python3.12/site-packages/airflow/example_dags/example_display_name.py
[2024-10-19T00:28:32.436+0000] {logging_mixin.py:190} INFO - [2024-10-19T00:28:32.435+0000] {dag.py:3239} INFO - Sync 1 DAGs
[2024-10-19T00:28:32.452+0000] {logging_mixin.py:190} INFO - [2024-10-19T00:28:32.451+0000] {dag.py:4180} INFO - Setting next_dagrun for example_display_name to None, run_after=None
[2024-10-19T00:28:32.474+0000] {processor.py:208} INFO - Processing /home/airflow/.local/lib/python3.12/site-packages/airflow/example_dags/example_display_name.py took 0.077 seconds
[2024-10-19T00:29:03.073+0000] {processor.py:186} INFO - Started process (PID=3037) to work on /home/airflow/.local/lib/python3.12/site-packages/airflow/example_dags/example_display_name.py
[2024-10-19T00:29:03.075+0000] {processor.py:914} INFO - Processing file /home/airflow/.local/lib/python3.12/site-packages/airflow/example_dags/example_display_name.py for tasks to queue
[2024-10-19T00:29:03.078+0000] {logging_mixin.py:190} INFO - [2024-10-19T00:29:03.077+0000] {dagbag.py:588} INFO - Filling up the DagBag from /home/airflow/.local/lib/python3.12/site-packages/airflow/example_dags/example_display_name.py
[2024-10-19T00:29:03.088+0000] {processor.py:925} INFO - DAG(s) 'example_display_name' retrieved from /home/airflow/.local/lib/python3.12/site-packages/airflow/example_dags/example_display_name.py
[2024-10-19T00:29:03.113+0000] {logging_mixin.py:190} INFO - [2024-10-19T00:29:03.113+0000] {dag.py:3239} INFO - Sync 1 DAGs
[2024-10-19T00:29:03.132+0000] {logging_mixin.py:190} INFO - [2024-10-19T00:29:03.131+0000] {dag.py:4180} INFO - Setting next_dagrun for example_display_name to None, run_after=None
[2024-10-19T00:29:03.157+0000] {processor.py:208} INFO - Processing /home/airflow/.local/lib/python3.12/site-packages/airflow/example_dags/example_display_name.py took 0.092 seconds
[2024-10-19T00:29:33.617+0000] {processor.py:186} INFO - Started process (PID=3100) to work on /home/airflow/.local/lib/python3.12/site-packages/airflow/example_dags/example_display_name.py
[2024-10-19T00:29:33.618+0000] {processor.py:914} INFO - Processing file /home/airflow/.local/lib/python3.12/site-packages/airflow/example_dags/example_display_name.py for tasks to queue
[2024-10-19T00:29:33.620+0000] {logging_mixin.py:190} INFO - [2024-10-19T00:29:33.620+0000] {dagbag.py:588} INFO - Filling up the DagBag from /home/airflow/.local/lib/python3.12/site-packages/airflow/example_dags/example_display_name.py
[2024-10-19T00:29:33.626+0000] {processor.py:925} INFO - DAG(s) 'example_display_name' retrieved from /home/airflow/.local/lib/python3.12/site-packages/airflow/example_dags/example_display_name.py
[2024-10-19T00:29:33.644+0000] {logging_mixin.py:190} INFO - [2024-10-19T00:29:33.644+0000] {dag.py:3239} INFO - Sync 1 DAGs
[2024-10-19T00:29:33.655+0000] {logging_mixin.py:190} INFO - [2024-10-19T00:29:33.655+0000] {dag.py:4180} INFO - Setting next_dagrun for example_display_name to None, run_after=None
[2024-10-19T00:29:33.672+0000] {processor.py:208} INFO - Processing /home/airflow/.local/lib/python3.12/site-packages/airflow/example_dags/example_display_name.py took 0.060 seconds
[2024-10-19T00:30:04.035+0000] {processor.py:186} INFO - Started process (PID=3162) to work on /home/airflow/.local/lib/python3.12/site-packages/airflow/example_dags/example_display_name.py
[2024-10-19T00:30:04.036+0000] {processor.py:914} INFO - Processing file /home/airflow/.local/lib/python3.12/site-packages/airflow/example_dags/example_display_name.py for tasks to queue
[2024-10-19T00:30:04.038+0000] {logging_mixin.py:190} INFO - [2024-10-19T00:30:04.038+0000] {dagbag.py:588} INFO - Filling up the DagBag from /home/airflow/.local/lib/python3.12/site-packages/airflow/example_dags/example_display_name.py
[2024-10-19T00:30:04.045+0000] {processor.py:925} INFO - DAG(s) 'example_display_name' retrieved from /home/airflow/.local/lib/python3.12/site-packages/airflow/example_dags/example_display_name.py
[2024-10-19T00:30:04.066+0000] {logging_mixin.py:190} INFO - [2024-10-19T00:30:04.066+0000] {dag.py:3239} INFO - Sync 1 DAGs
[2024-10-19T00:30:04.080+0000] {logging_mixin.py:190} INFO - [2024-10-19T00:30:04.079+0000] {dag.py:4180} INFO - Setting next_dagrun for example_display_name to None, run_after=None
[2024-10-19T00:30:04.098+0000] {processor.py:208} INFO - Processing /home/airflow/.local/lib/python3.12/site-packages/airflow/example_dags/example_display_name.py took 0.068 seconds
[2024-10-19T00:30:34.424+0000] {processor.py:186} INFO - Started process (PID=3224) to work on /home/airflow/.local/lib/python3.12/site-packages/airflow/example_dags/example_display_name.py
[2024-10-19T00:30:34.426+0000] {processor.py:914} INFO - Processing file /home/airflow/.local/lib/python3.12/site-packages/airflow/example_dags/example_display_name.py for tasks to queue
[2024-10-19T00:30:34.428+0000] {logging_mixin.py:190} INFO - [2024-10-19T00:30:34.427+0000] {dagbag.py:588} INFO - Filling up the DagBag from /home/airflow/.local/lib/python3.12/site-packages/airflow/example_dags/example_display_name.py
[2024-10-19T00:30:34.434+0000] {processor.py:925} INFO - DAG(s) 'example_display_name' retrieved from /home/airflow/.local/lib/python3.12/site-packages/airflow/example_dags/example_display_name.py
[2024-10-19T00:30:34.450+0000] {logging_mixin.py:190} INFO - [2024-10-19T00:30:34.449+0000] {dag.py:3239} INFO - Sync 1 DAGs
[2024-10-19T00:30:34.462+0000] {logging_mixin.py:190} INFO - [2024-10-19T00:30:34.462+0000] {dag.py:4180} INFO - Setting next_dagrun for example_display_name to None, run_after=None
[2024-10-19T00:30:34.478+0000] {processor.py:208} INFO - Processing /home/airflow/.local/lib/python3.12/site-packages/airflow/example_dags/example_display_name.py took 0.059 seconds
[2024-10-19T00:31:04.839+0000] {processor.py:186} INFO - Started process (PID=3286) to work on /home/airflow/.local/lib/python3.12/site-packages/airflow/example_dags/example_display_name.py
[2024-10-19T00:31:04.840+0000] {processor.py:914} INFO - Processing file /home/airflow/.local/lib/python3.12/site-packages/airflow/example_dags/example_display_name.py for tasks to queue
[2024-10-19T00:31:04.842+0000] {logging_mixin.py:190} INFO - [2024-10-19T00:31:04.842+0000] {dagbag.py:588} INFO - Filling up the DagBag from /home/airflow/.local/lib/python3.12/site-packages/airflow/example_dags/example_display_name.py
[2024-10-19T00:31:04.848+0000] {processor.py:925} INFO - DAG(s) 'example_display_name' retrieved from /home/airflow/.local/lib/python3.12/site-packages/airflow/example_dags/example_display_name.py
[2024-10-19T00:31:04.866+0000] {logging_mixin.py:190} INFO - [2024-10-19T00:31:04.866+0000] {dag.py:3239} INFO - Sync 1 DAGs
[2024-10-19T00:31:04.878+0000] {logging_mixin.py:190} INFO - [2024-10-19T00:31:04.878+0000] {dag.py:4180} INFO - Setting next_dagrun for example_display_name to None, run_after=None
[2024-10-19T00:31:04.895+0000] {processor.py:208} INFO - Processing /home/airflow/.local/lib/python3.12/site-packages/airflow/example_dags/example_display_name.py took 0.061 seconds
[2024-10-19T00:31:35.253+0000] {processor.py:186} INFO - Started process (PID=3348) to work on /home/airflow/.local/lib/python3.12/site-packages/airflow/example_dags/example_display_name.py
[2024-10-19T00:31:35.254+0000] {processor.py:914} INFO - Processing file /home/airflow/.local/lib/python3.12/site-packages/airflow/example_dags/example_display_name.py for tasks to queue
[2024-10-19T00:31:35.256+0000] {logging_mixin.py:190} INFO - [2024-10-19T00:31:35.255+0000] {dagbag.py:588} INFO - Filling up the DagBag from /home/airflow/.local/lib/python3.12/site-packages/airflow/example_dags/example_display_name.py
[2024-10-19T00:31:35.262+0000] {processor.py:925} INFO - DAG(s) 'example_display_name' retrieved from /home/airflow/.local/lib/python3.12/site-packages/airflow/example_dags/example_display_name.py
[2024-10-19T00:31:35.279+0000] {logging_mixin.py:190} INFO - [2024-10-19T00:31:35.279+0000] {dag.py:3239} INFO - Sync 1 DAGs
[2024-10-19T00:31:35.291+0000] {logging_mixin.py:190} INFO - [2024-10-19T00:31:35.291+0000] {dag.py:4180} INFO - Setting next_dagrun for example_display_name to None, run_after=None
[2024-10-19T00:31:35.306+0000] {processor.py:208} INFO - Processing /home/airflow/.local/lib/python3.12/site-packages/airflow/example_dags/example_display_name.py took 0.058 seconds
[2024-10-19T00:32:05.710+0000] {processor.py:186} INFO - Started process (PID=3410) to work on /home/airflow/.local/lib/python3.12/site-packages/airflow/example_dags/example_display_name.py
[2024-10-19T00:32:05.711+0000] {processor.py:914} INFO - Processing file /home/airflow/.local/lib/python3.12/site-packages/airflow/example_dags/example_display_name.py for tasks to queue
[2024-10-19T00:32:05.714+0000] {logging_mixin.py:190} INFO - [2024-10-19T00:32:05.713+0000] {dagbag.py:588} INFO - Filling up the DagBag from /home/airflow/.local/lib/python3.12/site-packages/airflow/example_dags/example_display_name.py
[2024-10-19T00:32:05.720+0000] {processor.py:925} INFO - DAG(s) 'example_display_name' retrieved from /home/airflow/.local/lib/python3.12/site-packages/airflow/example_dags/example_display_name.py
[2024-10-19T00:32:05.737+0000] {logging_mixin.py:190} INFO - [2024-10-19T00:32:05.736+0000] {dag.py:3239} INFO - Sync 1 DAGs
[2024-10-19T00:32:05.748+0000] {logging_mixin.py:190} INFO - [2024-10-19T00:32:05.748+0000] {dag.py:4180} INFO - Setting next_dagrun for example_display_name to None, run_after=None
[2024-10-19T00:32:05.765+0000] {processor.py:208} INFO - Processing /home/airflow/.local/lib/python3.12/site-packages/airflow/example_dags/example_display_name.py took 0.061 seconds
[2024-10-19T00:32:36.179+0000] {processor.py:186} INFO - Started process (PID=3472) to work on /home/airflow/.local/lib/python3.12/site-packages/airflow/example_dags/example_display_name.py
[2024-10-19T00:32:36.180+0000] {processor.py:914} INFO - Processing file /home/airflow/.local/lib/python3.12/site-packages/airflow/example_dags/example_display_name.py for tasks to queue
[2024-10-19T00:32:36.182+0000] {logging_mixin.py:190} INFO - [2024-10-19T00:32:36.181+0000] {dagbag.py:588} INFO - Filling up the DagBag from /home/airflow/.local/lib/python3.12/site-packages/airflow/example_dags/example_display_name.py
[2024-10-19T00:32:36.188+0000] {processor.py:925} INFO - DAG(s) 'example_display_name' retrieved from /home/airflow/.local/lib/python3.12/site-packages/airflow/example_dags/example_display_name.py
[2024-10-19T00:32:36.204+0000] {logging_mixin.py:190} INFO - [2024-10-19T00:32:36.204+0000] {dag.py:3239} INFO - Sync 1 DAGs
[2024-10-19T00:32:36.217+0000] {logging_mixin.py:190} INFO - [2024-10-19T00:32:36.217+0000] {dag.py:4180} INFO - Setting next_dagrun for example_display_name to None, run_after=None
[2024-10-19T00:32:36.236+0000] {processor.py:208} INFO - Processing /home/airflow/.local/lib/python3.12/site-packages/airflow/example_dags/example_display_name.py took 0.062 seconds
[2024-10-19T00:33:06.497+0000] {processor.py:186} INFO - Started process (PID=3535) to work on /home/airflow/.local/lib/python3.12/site-packages/airflow/example_dags/example_display_name.py
[2024-10-19T00:33:06.498+0000] {processor.py:914} INFO - Processing file /home/airflow/.local/lib/python3.12/site-packages/airflow/example_dags/example_display_name.py for tasks to queue
[2024-10-19T00:33:06.500+0000] {logging_mixin.py:190} INFO - [2024-10-19T00:33:06.500+0000] {dagbag.py:588} INFO - Filling up the DagBag from /home/airflow/.local/lib/python3.12/site-packages/airflow/example_dags/example_display_name.py
[2024-10-19T00:33:06.506+0000] {processor.py:925} INFO - DAG(s) 'example_display_name' retrieved from /home/airflow/.local/lib/python3.12/site-packages/airflow/example_dags/example_display_name.py
[2024-10-19T00:33:06.523+0000] {logging_mixin.py:190} INFO - [2024-10-19T00:33:06.522+0000] {dag.py:3239} INFO - Sync 1 DAGs
[2024-10-19T00:33:06.534+0000] {logging_mixin.py:190} INFO - [2024-10-19T00:33:06.534+0000] {dag.py:4180} INFO - Setting next_dagrun for example_display_name to None, run_after=None
[2024-10-19T00:33:06.550+0000] {processor.py:208} INFO - Processing /home/airflow/.local/lib/python3.12/site-packages/airflow/example_dags/example_display_name.py took 0.058 seconds
[2024-10-19T00:33:36.993+0000] {processor.py:186} INFO - Started process (PID=3597) to work on /home/airflow/.local/lib/python3.12/site-packages/airflow/example_dags/example_display_name.py
[2024-10-19T00:33:36.995+0000] {processor.py:914} INFO - Processing file /home/airflow/.local/lib/python3.12/site-packages/airflow/example_dags/example_display_name.py for tasks to queue
[2024-10-19T00:33:36.997+0000] {logging_mixin.py:190} INFO - [2024-10-19T00:33:36.997+0000] {dagbag.py:588} INFO - Filling up the DagBag from /home/airflow/.local/lib/python3.12/site-packages/airflow/example_dags/example_display_name.py
[2024-10-19T00:33:37.004+0000] {processor.py:925} INFO - DAG(s) 'example_display_name' retrieved from /home/airflow/.local/lib/python3.12/site-packages/airflow/example_dags/example_display_name.py
[2024-10-19T00:33:37.022+0000] {logging_mixin.py:190} INFO - [2024-10-19T00:33:37.021+0000] {dag.py:3239} INFO - Sync 1 DAGs
[2024-10-19T00:33:37.034+0000] {logging_mixin.py:190} INFO - [2024-10-19T00:33:37.034+0000] {dag.py:4180} INFO - Setting next_dagrun for example_display_name to None, run_after=None
[2024-10-19T00:33:37.051+0000] {processor.py:208} INFO - Processing /home/airflow/.local/lib/python3.12/site-packages/airflow/example_dags/example_display_name.py took 0.064 seconds
[2024-10-19T00:34:07.391+0000] {processor.py:186} INFO - Started process (PID=3659) to work on /home/airflow/.local/lib/python3.12/site-packages/airflow/example_dags/example_display_name.py
[2024-10-19T00:34:07.392+0000] {processor.py:914} INFO - Processing file /home/airflow/.local/lib/python3.12/site-packages/airflow/example_dags/example_display_name.py for tasks to queue
[2024-10-19T00:34:07.394+0000] {logging_mixin.py:190} INFO - [2024-10-19T00:34:07.394+0000] {dagbag.py:588} INFO - Filling up the DagBag from /home/airflow/.local/lib/python3.12/site-packages/airflow/example_dags/example_display_name.py
[2024-10-19T00:34:07.401+0000] {processor.py:925} INFO - DAG(s) 'example_display_name' retrieved from /home/airflow/.local/lib/python3.12/site-packages/airflow/example_dags/example_display_name.py
[2024-10-19T00:34:07.417+0000] {logging_mixin.py:190} INFO - [2024-10-19T00:34:07.417+0000] {dag.py:3239} INFO - Sync 1 DAGs
[2024-10-19T00:34:07.429+0000] {logging_mixin.py:190} INFO - [2024-10-19T00:34:07.428+0000] {dag.py:4180} INFO - Setting next_dagrun for example_display_name to None, run_after=None
[2024-10-19T00:34:07.444+0000] {processor.py:208} INFO - Processing /home/airflow/.local/lib/python3.12/site-packages/airflow/example_dags/example_display_name.py took 0.058 seconds
[2024-10-19T00:34:37.740+0000] {processor.py:186} INFO - Started process (PID=3721) to work on /home/airflow/.local/lib/python3.12/site-packages/airflow/example_dags/example_display_name.py
[2024-10-19T00:34:37.742+0000] {processor.py:914} INFO - Processing file /home/airflow/.local/lib/python3.12/site-packages/airflow/example_dags/example_display_name.py for tasks to queue
[2024-10-19T00:34:37.744+0000] {logging_mixin.py:190} INFO - [2024-10-19T00:34:37.744+0000] {dagbag.py:588} INFO - Filling up the DagBag from /home/airflow/.local/lib/python3.12/site-packages/airflow/example_dags/example_display_name.py
[2024-10-19T00:34:37.750+0000] {processor.py:925} INFO - DAG(s) 'example_display_name' retrieved from /home/airflow/.local/lib/python3.12/site-packages/airflow/example_dags/example_display_name.py
[2024-10-19T00:34:37.767+0000] {logging_mixin.py:190} INFO - [2024-10-19T00:34:37.767+0000] {dag.py:3239} INFO - Sync 1 DAGs
[2024-10-19T00:34:37.779+0000] {logging_mixin.py:190} INFO - [2024-10-19T00:34:37.779+0000] {dag.py:4180} INFO - Setting next_dagrun for example_display_name to None, run_after=None
[2024-10-19T00:34:37.796+0000] {processor.py:208} INFO - Processing /home/airflow/.local/lib/python3.12/site-packages/airflow/example_dags/example_display_name.py took 0.060 seconds
[2024-10-19T00:35:08.123+0000] {processor.py:186} INFO - Started process (PID=3782) to work on /home/airflow/.local/lib/python3.12/site-packages/airflow/example_dags/example_display_name.py
[2024-10-19T00:35:08.124+0000] {processor.py:914} INFO - Processing file /home/airflow/.local/lib/python3.12/site-packages/airflow/example_dags/example_display_name.py for tasks to queue
[2024-10-19T00:35:08.126+0000] {logging_mixin.py:190} INFO - [2024-10-19T00:35:08.125+0000] {dagbag.py:588} INFO - Filling up the DagBag from /home/airflow/.local/lib/python3.12/site-packages/airflow/example_dags/example_display_name.py
[2024-10-19T00:35:08.132+0000] {processor.py:925} INFO - DAG(s) 'example_display_name' retrieved from /home/airflow/.local/lib/python3.12/site-packages/airflow/example_dags/example_display_name.py
[2024-10-19T00:35:08.149+0000] {logging_mixin.py:190} INFO - [2024-10-19T00:35:08.149+0000] {dag.py:3239} INFO - Sync 1 DAGs
[2024-10-19T00:35:08.161+0000] {logging_mixin.py:190} INFO - [2024-10-19T00:35:08.161+0000] {dag.py:4180} INFO - Setting next_dagrun for example_display_name to None, run_after=None
[2024-10-19T00:35:08.176+0000] {processor.py:208} INFO - Processing /home/airflow/.local/lib/python3.12/site-packages/airflow/example_dags/example_display_name.py took 0.059 seconds
[2024-10-19T00:35:38.629+0000] {processor.py:186} INFO - Started process (PID=3844) to work on /home/airflow/.local/lib/python3.12/site-packages/airflow/example_dags/example_display_name.py
[2024-10-19T00:35:38.630+0000] {processor.py:914} INFO - Processing file /home/airflow/.local/lib/python3.12/site-packages/airflow/example_dags/example_display_name.py for tasks to queue
[2024-10-19T00:35:38.633+0000] {logging_mixin.py:190} INFO - [2024-10-19T00:35:38.632+0000] {dagbag.py:588} INFO - Filling up the DagBag from /home/airflow/.local/lib/python3.12/site-packages/airflow/example_dags/example_display_name.py
[2024-10-19T00:35:38.639+0000] {processor.py:925} INFO - DAG(s) 'example_display_name' retrieved from /home/airflow/.local/lib/python3.12/site-packages/airflow/example_dags/example_display_name.py
[2024-10-19T00:35:38.656+0000] {logging_mixin.py:190} INFO - [2024-10-19T00:35:38.656+0000] {dag.py:3239} INFO - Sync 1 DAGs
[2024-10-19T00:35:38.668+0000] {logging_mixin.py:190} INFO - [2024-10-19T00:35:38.667+0000] {dag.py:4180} INFO - Setting next_dagrun for example_display_name to None, run_after=None
[2024-10-19T00:35:38.684+0000] {processor.py:208} INFO - Processing /home/airflow/.local/lib/python3.12/site-packages/airflow/example_dags/example_display_name.py took 0.060 seconds
[2024-10-19T00:36:09.285+0000] {processor.py:186} INFO - Started process (PID=3906) to work on /home/airflow/.local/lib/python3.12/site-packages/airflow/example_dags/example_display_name.py
[2024-10-19T00:36:09.287+0000] {processor.py:914} INFO - Processing file /home/airflow/.local/lib/python3.12/site-packages/airflow/example_dags/example_display_name.py for tasks to queue
[2024-10-19T00:36:09.289+0000] {logging_mixin.py:190} INFO - [2024-10-19T00:36:09.289+0000] {dagbag.py:588} INFO - Filling up the DagBag from /home/airflow/.local/lib/python3.12/site-packages/airflow/example_dags/example_display_name.py
[2024-10-19T00:36:09.296+0000] {processor.py:925} INFO - DAG(s) 'example_display_name' retrieved from /home/airflow/.local/lib/python3.12/site-packages/airflow/example_dags/example_display_name.py
[2024-10-19T00:36:09.314+0000] {logging_mixin.py:190} INFO - [2024-10-19T00:36:09.314+0000] {dag.py:3239} INFO - Sync 1 DAGs
[2024-10-19T00:36:09.327+0000] {logging_mixin.py:190} INFO - [2024-10-19T00:36:09.327+0000] {dag.py:4180} INFO - Setting next_dagrun for example_display_name to None, run_after=None
[2024-10-19T00:36:09.345+0000] {processor.py:208} INFO - Processing /home/airflow/.local/lib/python3.12/site-packages/airflow/example_dags/example_display_name.py took 0.066 seconds
