[2024-10-19T00:04:59.420+0000] {processor.py:186} INFO - Started process (PID=120) to work on /home/airflow/.local/lib/python3.12/site-packages/airflow/example_dags/example_xcom.py
[2024-10-19T00:04:59.421+0000] {processor.py:914} INFO - Processing file /home/airflow/.local/lib/python3.12/site-packages/airflow/example_dags/example_xcom.py for tasks to queue
[2024-10-19T00:04:59.425+0000] {logging_mixin.py:190} INFO - [2024-10-19T00:04:59.424+0000] {dagbag.py:588} INFO - Filling up the DagBag from /home/airflow/.local/lib/python3.12/site-packages/airflow/example_dags/example_xcom.py
[2024-10-19T00:04:59.435+0000] {processor.py:925} INFO - DAG(s) 'example_xcom' retrieved from /home/airflow/.local/lib/python3.12/site-packages/airflow/example_dags/example_xcom.py
[2024-10-19T00:04:59.538+0000] {logging_mixin.py:190} INFO - [2024-10-19T00:04:59.537+0000] {override.py:1900} INFO - Created Permission View: can delete on DAG:example_xcom
[2024-10-19T00:04:59.550+0000] {logging_mixin.py:190} INFO - [2024-10-19T00:04:59.549+0000] {override.py:1900} INFO - Created Permission View: can read on DAG:example_xcom
[2024-10-19T00:04:59.558+0000] {logging_mixin.py:190} INFO - [2024-10-19T00:04:59.557+0000] {override.py:1900} INFO - Created Permission View: can edit on DAG:example_xcom
[2024-10-19T00:04:59.566+0000] {logging_mixin.py:190} INFO - [2024-10-19T00:04:59.566+0000] {override.py:1900} INFO - Created Permission View: can delete on DAG Run:example_xcom
[2024-10-19T00:04:59.574+0000] {logging_mixin.py:190} INFO - [2024-10-19T00:04:59.574+0000] {override.py:1900} INFO - Created Permission View: can read on DAG Run:example_xcom
[2024-10-19T00:04:59.581+0000] {logging_mixin.py:190} INFO - [2024-10-19T00:04:59.581+0000] {override.py:1900} INFO - Created Permission View: menu access on DAG Run:example_xcom
[2024-10-19T00:04:59.589+0000] {logging_mixin.py:190} INFO - [2024-10-19T00:04:59.589+0000] {override.py:1900} INFO - Created Permission View: can create on DAG Run:example_xcom
[2024-10-19T00:04:59.590+0000] {logging_mixin.py:190} INFO - [2024-10-19T00:04:59.590+0000] {dag.py:3239} INFO - Sync 1 DAGs
[2024-10-19T00:04:59.602+0000] {logging_mixin.py:190} INFO - [2024-10-19T00:04:59.602+0000] {dag.py:3262} INFO - Creating ORM DAG for example_xcom
[2024-10-19T00:04:59.611+0000] {logging_mixin.py:190} INFO - [2024-10-19T00:04:59.611+0000] {dag.py:4180} INFO - Setting next_dagrun for example_xcom to 2021-01-01 00:00:00+00:00, run_after=2021-01-01 00:00:00+00:00
[2024-10-19T00:04:59.631+0000] {processor.py:208} INFO - Processing /home/airflow/.local/lib/python3.12/site-packages/airflow/example_dags/example_xcom.py took 0.217 seconds
[2024-10-19T00:05:30.438+0000] {processor.py:186} INFO - Started process (PID=182) to work on /home/airflow/.local/lib/python3.12/site-packages/airflow/example_dags/example_xcom.py
[2024-10-19T00:05:30.439+0000] {processor.py:914} INFO - Processing file /home/airflow/.local/lib/python3.12/site-packages/airflow/example_dags/example_xcom.py for tasks to queue
[2024-10-19T00:05:30.442+0000] {logging_mixin.py:190} INFO - [2024-10-19T00:05:30.441+0000] {dagbag.py:588} INFO - Filling up the DagBag from /home/airflow/.local/lib/python3.12/site-packages/airflow/example_dags/example_xcom.py
[2024-10-19T00:05:30.450+0000] {processor.py:925} INFO - DAG(s) 'example_xcom' retrieved from /home/airflow/.local/lib/python3.12/site-packages/airflow/example_dags/example_xcom.py
[2024-10-19T00:05:30.468+0000] {logging_mixin.py:190} INFO - [2024-10-19T00:05:30.467+0000] {dag.py:3239} INFO - Sync 1 DAGs
[2024-10-19T00:05:30.488+0000] {logging_mixin.py:190} INFO - [2024-10-19T00:05:30.488+0000] {dag.py:4180} INFO - Setting next_dagrun for example_xcom to 2021-01-01 00:00:00+00:00, run_after=2021-01-01 00:00:00+00:00
[2024-10-19T00:05:30.510+0000] {processor.py:208} INFO - Processing /home/airflow/.local/lib/python3.12/site-packages/airflow/example_dags/example_xcom.py took 0.077 seconds
[2024-10-19T00:06:01.158+0000] {processor.py:186} INFO - Started process (PID=244) to work on /home/airflow/.local/lib/python3.12/site-packages/airflow/example_dags/example_xcom.py
[2024-10-19T00:06:01.159+0000] {processor.py:914} INFO - Processing file /home/airflow/.local/lib/python3.12/site-packages/airflow/example_dags/example_xcom.py for tasks to queue
[2024-10-19T00:06:01.162+0000] {logging_mixin.py:190} INFO - [2024-10-19T00:06:01.161+0000] {dagbag.py:588} INFO - Filling up the DagBag from /home/airflow/.local/lib/python3.12/site-packages/airflow/example_dags/example_xcom.py
[2024-10-19T00:06:01.170+0000] {processor.py:925} INFO - DAG(s) 'example_xcom' retrieved from /home/airflow/.local/lib/python3.12/site-packages/airflow/example_dags/example_xcom.py
[2024-10-19T00:06:01.191+0000] {logging_mixin.py:190} INFO - [2024-10-19T00:06:01.190+0000] {dag.py:3239} INFO - Sync 1 DAGs
[2024-10-19T00:06:01.211+0000] {logging_mixin.py:190} INFO - [2024-10-19T00:06:01.211+0000] {dag.py:4180} INFO - Setting next_dagrun for example_xcom to 2021-01-01 00:00:00+00:00, run_after=2021-01-01 00:00:00+00:00
[2024-10-19T00:06:01.228+0000] {processor.py:208} INFO - Processing /home/airflow/.local/lib/python3.12/site-packages/airflow/example_dags/example_xcom.py took 0.075 seconds
[2024-10-19T00:06:31.778+0000] {processor.py:186} INFO - Started process (PID=305) to work on /home/airflow/.local/lib/python3.12/site-packages/airflow/example_dags/example_xcom.py
[2024-10-19T00:06:31.780+0000] {processor.py:914} INFO - Processing file /home/airflow/.local/lib/python3.12/site-packages/airflow/example_dags/example_xcom.py for tasks to queue
[2024-10-19T00:06:31.781+0000] {logging_mixin.py:190} INFO - [2024-10-19T00:06:31.781+0000] {dagbag.py:588} INFO - Filling up the DagBag from /home/airflow/.local/lib/python3.12/site-packages/airflow/example_dags/example_xcom.py
[2024-10-19T00:06:31.788+0000] {processor.py:925} INFO - DAG(s) 'example_xcom' retrieved from /home/airflow/.local/lib/python3.12/site-packages/airflow/example_dags/example_xcom.py
[2024-10-19T00:06:31.805+0000] {logging_mixin.py:190} INFO - [2024-10-19T00:06:31.805+0000] {dag.py:3239} INFO - Sync 1 DAGs
[2024-10-19T00:06:31.823+0000] {logging_mixin.py:190} INFO - [2024-10-19T00:06:31.823+0000] {dag.py:4180} INFO - Setting next_dagrun for example_xcom to 2021-01-01 00:00:00+00:00, run_after=2021-01-01 00:00:00+00:00
[2024-10-19T00:06:31.842+0000] {processor.py:208} INFO - Processing /home/airflow/.local/lib/python3.12/site-packages/airflow/example_dags/example_xcom.py took 0.068 seconds
[2024-10-19T00:07:02.247+0000] {processor.py:186} INFO - Started process (PID=367) to work on /home/airflow/.local/lib/python3.12/site-packages/airflow/example_dags/example_xcom.py
[2024-10-19T00:07:02.248+0000] {processor.py:914} INFO - Processing file /home/airflow/.local/lib/python3.12/site-packages/airflow/example_dags/example_xcom.py for tasks to queue
[2024-10-19T00:07:02.250+0000] {logging_mixin.py:190} INFO - [2024-10-19T00:07:02.250+0000] {dagbag.py:588} INFO - Filling up the DagBag from /home/airflow/.local/lib/python3.12/site-packages/airflow/example_dags/example_xcom.py
[2024-10-19T00:07:02.258+0000] {processor.py:925} INFO - DAG(s) 'example_xcom' retrieved from /home/airflow/.local/lib/python3.12/site-packages/airflow/example_dags/example_xcom.py
[2024-10-19T00:07:02.276+0000] {logging_mixin.py:190} INFO - [2024-10-19T00:07:02.276+0000] {dag.py:3239} INFO - Sync 1 DAGs
[2024-10-19T00:07:02.295+0000] {logging_mixin.py:190} INFO - [2024-10-19T00:07:02.295+0000] {dag.py:4180} INFO - Setting next_dagrun for example_xcom to 2021-01-01 00:00:00+00:00, run_after=2021-01-01 00:00:00+00:00
[2024-10-19T00:07:02.316+0000] {processor.py:208} INFO - Processing /home/airflow/.local/lib/python3.12/site-packages/airflow/example_dags/example_xcom.py took 0.074 seconds
[2024-10-19T00:07:32.913+0000] {processor.py:186} INFO - Started process (PID=429) to work on /home/airflow/.local/lib/python3.12/site-packages/airflow/example_dags/example_xcom.py
[2024-10-19T00:07:32.914+0000] {processor.py:914} INFO - Processing file /home/airflow/.local/lib/python3.12/site-packages/airflow/example_dags/example_xcom.py for tasks to queue
[2024-10-19T00:07:32.917+0000] {logging_mixin.py:190} INFO - [2024-10-19T00:07:32.916+0000] {dagbag.py:588} INFO - Filling up the DagBag from /home/airflow/.local/lib/python3.12/site-packages/airflow/example_dags/example_xcom.py
[2024-10-19T00:07:32.927+0000] {processor.py:925} INFO - DAG(s) 'example_xcom' retrieved from /home/airflow/.local/lib/python3.12/site-packages/airflow/example_dags/example_xcom.py
[2024-10-19T00:07:32.947+0000] {logging_mixin.py:190} INFO - [2024-10-19T00:07:32.946+0000] {dag.py:3239} INFO - Sync 1 DAGs
[2024-10-19T00:07:32.968+0000] {logging_mixin.py:190} INFO - [2024-10-19T00:07:32.968+0000] {dag.py:4180} INFO - Setting next_dagrun for example_xcom to 2021-01-01 00:00:00+00:00, run_after=2021-01-01 00:00:00+00:00
[2024-10-19T00:07:32.993+0000] {processor.py:208} INFO - Processing /home/airflow/.local/lib/python3.12/site-packages/airflow/example_dags/example_xcom.py took 0.088 seconds
[2024-10-19T00:08:03.536+0000] {processor.py:186} INFO - Started process (PID=492) to work on /home/airflow/.local/lib/python3.12/site-packages/airflow/example_dags/example_xcom.py
[2024-10-19T00:08:03.538+0000] {processor.py:914} INFO - Processing file /home/airflow/.local/lib/python3.12/site-packages/airflow/example_dags/example_xcom.py for tasks to queue
[2024-10-19T00:08:03.548+0000] {logging_mixin.py:190} INFO - [2024-10-19T00:08:03.547+0000] {dagbag.py:588} INFO - Filling up the DagBag from /home/airflow/.local/lib/python3.12/site-packages/airflow/example_dags/example_xcom.py
[2024-10-19T00:08:03.560+0000] {processor.py:925} INFO - DAG(s) 'example_xcom' retrieved from /home/airflow/.local/lib/python3.12/site-packages/airflow/example_dags/example_xcom.py
[2024-10-19T00:08:03.592+0000] {logging_mixin.py:190} INFO - [2024-10-19T00:08:03.592+0000] {dag.py:3239} INFO - Sync 1 DAGs
[2024-10-19T00:08:03.613+0000] {logging_mixin.py:190} INFO - [2024-10-19T00:08:03.613+0000] {dag.py:4180} INFO - Setting next_dagrun for example_xcom to 2021-01-01 00:00:00+00:00, run_after=2021-01-01 00:00:00+00:00
[2024-10-19T00:08:03.631+0000] {processor.py:208} INFO - Processing /home/airflow/.local/lib/python3.12/site-packages/airflow/example_dags/example_xcom.py took 0.101 seconds
[2024-10-19T00:08:34.463+0000] {processor.py:186} INFO - Started process (PID=555) to work on /home/airflow/.local/lib/python3.12/site-packages/airflow/example_dags/example_xcom.py
[2024-10-19T00:08:34.464+0000] {processor.py:914} INFO - Processing file /home/airflow/.local/lib/python3.12/site-packages/airflow/example_dags/example_xcom.py for tasks to queue
[2024-10-19T00:08:34.467+0000] {logging_mixin.py:190} INFO - [2024-10-19T00:08:34.467+0000] {dagbag.py:588} INFO - Filling up the DagBag from /home/airflow/.local/lib/python3.12/site-packages/airflow/example_dags/example_xcom.py
[2024-10-19T00:08:34.477+0000] {processor.py:925} INFO - DAG(s) 'example_xcom' retrieved from /home/airflow/.local/lib/python3.12/site-packages/airflow/example_dags/example_xcom.py
[2024-10-19T00:08:34.499+0000] {logging_mixin.py:190} INFO - [2024-10-19T00:08:34.499+0000] {dag.py:3239} INFO - Sync 1 DAGs
[2024-10-19T00:08:34.520+0000] {logging_mixin.py:190} INFO - [2024-10-19T00:08:34.520+0000] {dag.py:4180} INFO - Setting next_dagrun for example_xcom to 2021-01-01 00:00:00+00:00, run_after=2021-01-01 00:00:00+00:00
[2024-10-19T00:08:34.540+0000] {processor.py:208} INFO - Processing /home/airflow/.local/lib/python3.12/site-packages/airflow/example_dags/example_xcom.py took 0.084 seconds
[2024-10-19T00:09:04.801+0000] {processor.py:186} INFO - Started process (PID=618) to work on /home/airflow/.local/lib/python3.12/site-packages/airflow/example_dags/example_xcom.py
[2024-10-19T00:09:04.802+0000] {processor.py:914} INFO - Processing file /home/airflow/.local/lib/python3.12/site-packages/airflow/example_dags/example_xcom.py for tasks to queue
[2024-10-19T00:09:04.804+0000] {logging_mixin.py:190} INFO - [2024-10-19T00:09:04.804+0000] {dagbag.py:588} INFO - Filling up the DagBag from /home/airflow/.local/lib/python3.12/site-packages/airflow/example_dags/example_xcom.py
[2024-10-19T00:09:04.812+0000] {processor.py:925} INFO - DAG(s) 'example_xcom' retrieved from /home/airflow/.local/lib/python3.12/site-packages/airflow/example_dags/example_xcom.py
[2024-10-19T00:09:04.828+0000] {logging_mixin.py:190} INFO - [2024-10-19T00:09:04.828+0000] {dag.py:3239} INFO - Sync 1 DAGs
[2024-10-19T00:09:04.846+0000] {logging_mixin.py:190} INFO - [2024-10-19T00:09:04.846+0000] {dag.py:4180} INFO - Setting next_dagrun for example_xcom to 2021-01-01 00:00:00+00:00, run_after=2021-01-01 00:00:00+00:00
[2024-10-19T00:09:04.861+0000] {processor.py:208} INFO - Processing /home/airflow/.local/lib/python3.12/site-packages/airflow/example_dags/example_xcom.py took 0.064 seconds
[2024-10-19T00:09:35.568+0000] {processor.py:186} INFO - Started process (PID=681) to work on /home/airflow/.local/lib/python3.12/site-packages/airflow/example_dags/example_xcom.py
[2024-10-19T00:09:35.569+0000] {processor.py:914} INFO - Processing file /home/airflow/.local/lib/python3.12/site-packages/airflow/example_dags/example_xcom.py for tasks to queue
[2024-10-19T00:09:35.572+0000] {logging_mixin.py:190} INFO - [2024-10-19T00:09:35.571+0000] {dagbag.py:588} INFO - Filling up the DagBag from /home/airflow/.local/lib/python3.12/site-packages/airflow/example_dags/example_xcom.py
[2024-10-19T00:09:35.580+0000] {processor.py:925} INFO - DAG(s) 'example_xcom' retrieved from /home/airflow/.local/lib/python3.12/site-packages/airflow/example_dags/example_xcom.py
[2024-10-19T00:09:35.599+0000] {logging_mixin.py:190} INFO - [2024-10-19T00:09:35.599+0000] {dag.py:3239} INFO - Sync 1 DAGs
[2024-10-19T00:09:35.618+0000] {logging_mixin.py:190} INFO - [2024-10-19T00:09:35.618+0000] {dag.py:4180} INFO - Setting next_dagrun for example_xcom to 2021-01-01 00:00:00+00:00, run_after=2021-01-01 00:00:00+00:00
[2024-10-19T00:09:35.637+0000] {processor.py:208} INFO - Processing /home/airflow/.local/lib/python3.12/site-packages/airflow/example_dags/example_xcom.py took 0.075 seconds
[2024-10-19T00:10:06.518+0000] {processor.py:186} INFO - Started process (PID=743) to work on /home/airflow/.local/lib/python3.12/site-packages/airflow/example_dags/example_xcom.py
[2024-10-19T00:10:06.520+0000] {processor.py:914} INFO - Processing file /home/airflow/.local/lib/python3.12/site-packages/airflow/example_dags/example_xcom.py for tasks to queue
[2024-10-19T00:10:06.522+0000] {logging_mixin.py:190} INFO - [2024-10-19T00:10:06.522+0000] {dagbag.py:588} INFO - Filling up the DagBag from /home/airflow/.local/lib/python3.12/site-packages/airflow/example_dags/example_xcom.py
[2024-10-19T00:10:06.530+0000] {processor.py:925} INFO - DAG(s) 'example_xcom' retrieved from /home/airflow/.local/lib/python3.12/site-packages/airflow/example_dags/example_xcom.py
[2024-10-19T00:10:06.548+0000] {logging_mixin.py:190} INFO - [2024-10-19T00:10:06.548+0000] {dag.py:3239} INFO - Sync 1 DAGs
[2024-10-19T00:10:06.567+0000] {logging_mixin.py:190} INFO - [2024-10-19T00:10:06.567+0000] {dag.py:4180} INFO - Setting next_dagrun for example_xcom to 2021-01-01 00:00:00+00:00, run_after=2021-01-01 00:00:00+00:00
[2024-10-19T00:10:06.583+0000] {processor.py:208} INFO - Processing /home/airflow/.local/lib/python3.12/site-packages/airflow/example_dags/example_xcom.py took 0.070 seconds
[2024-10-19T00:10:37.525+0000] {processor.py:186} INFO - Started process (PID=805) to work on /home/airflow/.local/lib/python3.12/site-packages/airflow/example_dags/example_xcom.py
[2024-10-19T00:10:37.526+0000] {processor.py:914} INFO - Processing file /home/airflow/.local/lib/python3.12/site-packages/airflow/example_dags/example_xcom.py for tasks to queue
[2024-10-19T00:10:37.529+0000] {logging_mixin.py:190} INFO - [2024-10-19T00:10:37.529+0000] {dagbag.py:588} INFO - Filling up the DagBag from /home/airflow/.local/lib/python3.12/site-packages/airflow/example_dags/example_xcom.py
[2024-10-19T00:10:37.539+0000] {processor.py:925} INFO - DAG(s) 'example_xcom' retrieved from /home/airflow/.local/lib/python3.12/site-packages/airflow/example_dags/example_xcom.py
[2024-10-19T00:10:37.562+0000] {logging_mixin.py:190} INFO - [2024-10-19T00:10:37.562+0000] {dag.py:3239} INFO - Sync 1 DAGs
[2024-10-19T00:10:37.588+0000] {logging_mixin.py:190} INFO - [2024-10-19T00:10:37.587+0000] {dag.py:4180} INFO - Setting next_dagrun for example_xcom to 2021-01-01 00:00:00+00:00, run_after=2021-01-01 00:00:00+00:00
[2024-10-19T00:10:37.612+0000] {processor.py:208} INFO - Processing /home/airflow/.local/lib/python3.12/site-packages/airflow/example_dags/example_xcom.py took 0.094 seconds
[2024-10-19T00:11:07.928+0000] {processor.py:186} INFO - Started process (PID=867) to work on /home/airflow/.local/lib/python3.12/site-packages/airflow/example_dags/example_xcom.py
[2024-10-19T00:11:07.929+0000] {processor.py:914} INFO - Processing file /home/airflow/.local/lib/python3.12/site-packages/airflow/example_dags/example_xcom.py for tasks to queue
[2024-10-19T00:11:07.932+0000] {logging_mixin.py:190} INFO - [2024-10-19T00:11:07.932+0000] {dagbag.py:588} INFO - Filling up the DagBag from /home/airflow/.local/lib/python3.12/site-packages/airflow/example_dags/example_xcom.py
[2024-10-19T00:11:07.939+0000] {processor.py:925} INFO - DAG(s) 'example_xcom' retrieved from /home/airflow/.local/lib/python3.12/site-packages/airflow/example_dags/example_xcom.py
[2024-10-19T00:11:07.957+0000] {logging_mixin.py:190} INFO - [2024-10-19T00:11:07.956+0000] {dag.py:3239} INFO - Sync 1 DAGs
[2024-10-19T00:11:07.976+0000] {logging_mixin.py:190} INFO - [2024-10-19T00:11:07.976+0000] {dag.py:4180} INFO - Setting next_dagrun for example_xcom to 2021-01-01 00:00:00+00:00, run_after=2021-01-01 00:00:00+00:00
[2024-10-19T00:11:07.995+0000] {processor.py:208} INFO - Processing /home/airflow/.local/lib/python3.12/site-packages/airflow/example_dags/example_xcom.py took 0.071 seconds
[2024-10-19T00:11:38.901+0000] {processor.py:186} INFO - Started process (PID=929) to work on /home/airflow/.local/lib/python3.12/site-packages/airflow/example_dags/example_xcom.py
[2024-10-19T00:11:38.902+0000] {processor.py:914} INFO - Processing file /home/airflow/.local/lib/python3.12/site-packages/airflow/example_dags/example_xcom.py for tasks to queue
[2024-10-19T00:11:38.904+0000] {logging_mixin.py:190} INFO - [2024-10-19T00:11:38.903+0000] {dagbag.py:588} INFO - Filling up the DagBag from /home/airflow/.local/lib/python3.12/site-packages/airflow/example_dags/example_xcom.py
[2024-10-19T00:11:38.910+0000] {processor.py:925} INFO - DAG(s) 'example_xcom' retrieved from /home/airflow/.local/lib/python3.12/site-packages/airflow/example_dags/example_xcom.py
[2024-10-19T00:11:38.927+0000] {logging_mixin.py:190} INFO - [2024-10-19T00:11:38.926+0000] {dag.py:3239} INFO - Sync 1 DAGs
[2024-10-19T00:11:38.943+0000] {logging_mixin.py:190} INFO - [2024-10-19T00:11:38.943+0000] {dag.py:4180} INFO - Setting next_dagrun for example_xcom to 2021-01-01 00:00:00+00:00, run_after=2021-01-01 00:00:00+00:00
[2024-10-19T00:11:38.959+0000] {processor.py:208} INFO - Processing /home/airflow/.local/lib/python3.12/site-packages/airflow/example_dags/example_xcom.py took 0.062 seconds
[2024-10-19T00:12:09.413+0000] {processor.py:186} INFO - Started process (PID=992) to work on /home/airflow/.local/lib/python3.12/site-packages/airflow/example_dags/example_xcom.py
[2024-10-19T00:12:09.415+0000] {processor.py:914} INFO - Processing file /home/airflow/.local/lib/python3.12/site-packages/airflow/example_dags/example_xcom.py for tasks to queue
[2024-10-19T00:12:09.417+0000] {logging_mixin.py:190} INFO - [2024-10-19T00:12:09.417+0000] {dagbag.py:588} INFO - Filling up the DagBag from /home/airflow/.local/lib/python3.12/site-packages/airflow/example_dags/example_xcom.py
[2024-10-19T00:12:09.428+0000] {processor.py:925} INFO - DAG(s) 'example_xcom' retrieved from /home/airflow/.local/lib/python3.12/site-packages/airflow/example_dags/example_xcom.py
[2024-10-19T00:12:09.448+0000] {logging_mixin.py:190} INFO - [2024-10-19T00:12:09.448+0000] {dag.py:3239} INFO - Sync 1 DAGs
[2024-10-19T00:12:09.470+0000] {logging_mixin.py:190} INFO - [2024-10-19T00:12:09.469+0000] {dag.py:4180} INFO - Setting next_dagrun for example_xcom to 2021-01-01 00:00:00+00:00, run_after=2021-01-01 00:00:00+00:00
[2024-10-19T00:12:09.490+0000] {processor.py:208} INFO - Processing /home/airflow/.local/lib/python3.12/site-packages/airflow/example_dags/example_xcom.py took 0.083 seconds
[2024-10-19T00:12:40.166+0000] {processor.py:186} INFO - Started process (PID=1054) to work on /home/airflow/.local/lib/python3.12/site-packages/airflow/example_dags/example_xcom.py
[2024-10-19T00:12:40.167+0000] {processor.py:914} INFO - Processing file /home/airflow/.local/lib/python3.12/site-packages/airflow/example_dags/example_xcom.py for tasks to queue
[2024-10-19T00:12:40.169+0000] {logging_mixin.py:190} INFO - [2024-10-19T00:12:40.169+0000] {dagbag.py:588} INFO - Filling up the DagBag from /home/airflow/.local/lib/python3.12/site-packages/airflow/example_dags/example_xcom.py
[2024-10-19T00:12:40.177+0000] {processor.py:925} INFO - DAG(s) 'example_xcom' retrieved from /home/airflow/.local/lib/python3.12/site-packages/airflow/example_dags/example_xcom.py
[2024-10-19T00:12:40.196+0000] {logging_mixin.py:190} INFO - [2024-10-19T00:12:40.195+0000] {dag.py:3239} INFO - Sync 1 DAGs
[2024-10-19T00:12:40.217+0000] {logging_mixin.py:190} INFO - [2024-10-19T00:12:40.216+0000] {dag.py:4180} INFO - Setting next_dagrun for example_xcom to 2021-01-01 00:00:00+00:00, run_after=2021-01-01 00:00:00+00:00
[2024-10-19T00:12:40.236+0000] {processor.py:208} INFO - Processing /home/airflow/.local/lib/python3.12/site-packages/airflow/example_dags/example_xcom.py took 0.075 seconds
[2024-10-19T00:13:10.452+0000] {processor.py:186} INFO - Started process (PID=1115) to work on /home/airflow/.local/lib/python3.12/site-packages/airflow/example_dags/example_xcom.py
[2024-10-19T00:13:10.453+0000] {processor.py:914} INFO - Processing file /home/airflow/.local/lib/python3.12/site-packages/airflow/example_dags/example_xcom.py for tasks to queue
[2024-10-19T00:13:10.455+0000] {logging_mixin.py:190} INFO - [2024-10-19T00:13:10.454+0000] {dagbag.py:588} INFO - Filling up the DagBag from /home/airflow/.local/lib/python3.12/site-packages/airflow/example_dags/example_xcom.py
[2024-10-19T00:13:10.462+0000] {processor.py:925} INFO - DAG(s) 'example_xcom' retrieved from /home/airflow/.local/lib/python3.12/site-packages/airflow/example_dags/example_xcom.py
[2024-10-19T00:13:10.480+0000] {logging_mixin.py:190} INFO - [2024-10-19T00:13:10.479+0000] {dag.py:3239} INFO - Sync 1 DAGs
[2024-10-19T00:13:10.497+0000] {logging_mixin.py:190} INFO - [2024-10-19T00:13:10.497+0000] {dag.py:4180} INFO - Setting next_dagrun for example_xcom to 2021-01-01 00:00:00+00:00, run_after=2021-01-01 00:00:00+00:00
[2024-10-19T00:13:10.513+0000] {processor.py:208} INFO - Processing /home/airflow/.local/lib/python3.12/site-packages/airflow/example_dags/example_xcom.py took 0.066 seconds
[2024-10-19T00:13:40.854+0000] {processor.py:186} INFO - Started process (PID=1177) to work on /home/airflow/.local/lib/python3.12/site-packages/airflow/example_dags/example_xcom.py
[2024-10-19T00:13:40.855+0000] {processor.py:914} INFO - Processing file /home/airflow/.local/lib/python3.12/site-packages/airflow/example_dags/example_xcom.py for tasks to queue
[2024-10-19T00:13:40.859+0000] {logging_mixin.py:190} INFO - [2024-10-19T00:13:40.858+0000] {dagbag.py:588} INFO - Filling up the DagBag from /home/airflow/.local/lib/python3.12/site-packages/airflow/example_dags/example_xcom.py
[2024-10-19T00:13:40.870+0000] {processor.py:925} INFO - DAG(s) 'example_xcom' retrieved from /home/airflow/.local/lib/python3.12/site-packages/airflow/example_dags/example_xcom.py
[2024-10-19T00:13:40.896+0000] {logging_mixin.py:190} INFO - [2024-10-19T00:13:40.895+0000] {dag.py:3239} INFO - Sync 1 DAGs
[2024-10-19T00:13:40.922+0000] {logging_mixin.py:190} INFO - [2024-10-19T00:13:40.922+0000] {dag.py:4180} INFO - Setting next_dagrun for example_xcom to 2021-01-01 00:00:00+00:00, run_after=2021-01-01 00:00:00+00:00
[2024-10-19T00:13:40.954+0000] {processor.py:208} INFO - Processing /home/airflow/.local/lib/python3.12/site-packages/airflow/example_dags/example_xcom.py took 0.107 seconds
[2024-10-19T00:14:11.772+0000] {processor.py:186} INFO - Started process (PID=1239) to work on /home/airflow/.local/lib/python3.12/site-packages/airflow/example_dags/example_xcom.py
[2024-10-19T00:14:11.773+0000] {processor.py:914} INFO - Processing file /home/airflow/.local/lib/python3.12/site-packages/airflow/example_dags/example_xcom.py for tasks to queue
[2024-10-19T00:14:11.775+0000] {logging_mixin.py:190} INFO - [2024-10-19T00:14:11.774+0000] {dagbag.py:588} INFO - Filling up the DagBag from /home/airflow/.local/lib/python3.12/site-packages/airflow/example_dags/example_xcom.py
[2024-10-19T00:14:11.782+0000] {processor.py:925} INFO - DAG(s) 'example_xcom' retrieved from /home/airflow/.local/lib/python3.12/site-packages/airflow/example_dags/example_xcom.py
[2024-10-19T00:14:11.798+0000] {logging_mixin.py:190} INFO - [2024-10-19T00:14:11.798+0000] {dag.py:3239} INFO - Sync 1 DAGs
[2024-10-19T00:14:11.814+0000] {logging_mixin.py:190} INFO - [2024-10-19T00:14:11.814+0000] {dag.py:4180} INFO - Setting next_dagrun for example_xcom to 2021-01-01 00:00:00+00:00, run_after=2021-01-01 00:00:00+00:00
[2024-10-19T00:14:11.828+0000] {processor.py:208} INFO - Processing /home/airflow/.local/lib/python3.12/site-packages/airflow/example_dags/example_xcom.py took 0.060 seconds
[2024-10-19T00:14:42.419+0000] {processor.py:186} INFO - Started process (PID=1301) to work on /home/airflow/.local/lib/python3.12/site-packages/airflow/example_dags/example_xcom.py
[2024-10-19T00:14:42.419+0000] {processor.py:914} INFO - Processing file /home/airflow/.local/lib/python3.12/site-packages/airflow/example_dags/example_xcom.py for tasks to queue
[2024-10-19T00:14:42.421+0000] {logging_mixin.py:190} INFO - [2024-10-19T00:14:42.421+0000] {dagbag.py:588} INFO - Filling up the DagBag from /home/airflow/.local/lib/python3.12/site-packages/airflow/example_dags/example_xcom.py
[2024-10-19T00:14:42.429+0000] {processor.py:925} INFO - DAG(s) 'example_xcom' retrieved from /home/airflow/.local/lib/python3.12/site-packages/airflow/example_dags/example_xcom.py
[2024-10-19T00:14:42.445+0000] {logging_mixin.py:190} INFO - [2024-10-19T00:14:42.445+0000] {dag.py:3239} INFO - Sync 1 DAGs
[2024-10-19T00:14:42.461+0000] {logging_mixin.py:190} INFO - [2024-10-19T00:14:42.461+0000] {dag.py:4180} INFO - Setting next_dagrun for example_xcom to 2021-01-01 00:00:00+00:00, run_after=2021-01-01 00:00:00+00:00
[2024-10-19T00:14:42.481+0000] {processor.py:208} INFO - Processing /home/airflow/.local/lib/python3.12/site-packages/airflow/example_dags/example_xcom.py took 0.067 seconds
[2024-10-19T00:15:13.153+0000] {processor.py:186} INFO - Started process (PID=1363) to work on /home/airflow/.local/lib/python3.12/site-packages/airflow/example_dags/example_xcom.py
[2024-10-19T00:15:13.154+0000] {processor.py:914} INFO - Processing file /home/airflow/.local/lib/python3.12/site-packages/airflow/example_dags/example_xcom.py for tasks to queue
[2024-10-19T00:15:13.156+0000] {logging_mixin.py:190} INFO - [2024-10-19T00:15:13.156+0000] {dagbag.py:588} INFO - Filling up the DagBag from /home/airflow/.local/lib/python3.12/site-packages/airflow/example_dags/example_xcom.py
[2024-10-19T00:15:13.163+0000] {processor.py:925} INFO - DAG(s) 'example_xcom' retrieved from /home/airflow/.local/lib/python3.12/site-packages/airflow/example_dags/example_xcom.py
[2024-10-19T00:15:13.179+0000] {logging_mixin.py:190} INFO - [2024-10-19T00:15:13.179+0000] {dag.py:3239} INFO - Sync 1 DAGs
[2024-10-19T00:15:13.196+0000] {logging_mixin.py:190} INFO - [2024-10-19T00:15:13.196+0000] {dag.py:4180} INFO - Setting next_dagrun for example_xcom to 2021-01-01 00:00:00+00:00, run_after=2021-01-01 00:00:00+00:00
[2024-10-19T00:15:13.217+0000] {processor.py:208} INFO - Processing /home/airflow/.local/lib/python3.12/site-packages/airflow/example_dags/example_xcom.py took 0.069 seconds
[2024-10-19T00:15:43.640+0000] {processor.py:186} INFO - Started process (PID=1425) to work on /home/airflow/.local/lib/python3.12/site-packages/airflow/example_dags/example_xcom.py
[2024-10-19T00:15:43.641+0000] {processor.py:914} INFO - Processing file /home/airflow/.local/lib/python3.12/site-packages/airflow/example_dags/example_xcom.py for tasks to queue
[2024-10-19T00:15:43.643+0000] {logging_mixin.py:190} INFO - [2024-10-19T00:15:43.643+0000] {dagbag.py:588} INFO - Filling up the DagBag from /home/airflow/.local/lib/python3.12/site-packages/airflow/example_dags/example_xcom.py
[2024-10-19T00:15:43.650+0000] {processor.py:925} INFO - DAG(s) 'example_xcom' retrieved from /home/airflow/.local/lib/python3.12/site-packages/airflow/example_dags/example_xcom.py
[2024-10-19T00:15:43.670+0000] {logging_mixin.py:190} INFO - [2024-10-19T00:15:43.670+0000] {dag.py:3239} INFO - Sync 1 DAGs
[2024-10-19T00:15:43.689+0000] {logging_mixin.py:190} INFO - [2024-10-19T00:15:43.689+0000] {dag.py:4180} INFO - Setting next_dagrun for example_xcom to 2021-01-01 00:00:00+00:00, run_after=2021-01-01 00:00:00+00:00
[2024-10-19T00:15:43.707+0000] {processor.py:208} INFO - Processing /home/airflow/.local/lib/python3.12/site-packages/airflow/example_dags/example_xcom.py took 0.071 seconds
[2024-10-19T00:16:14.474+0000] {processor.py:186} INFO - Started process (PID=1486) to work on /home/airflow/.local/lib/python3.12/site-packages/airflow/example_dags/example_xcom.py
[2024-10-19T00:16:14.475+0000] {processor.py:914} INFO - Processing file /home/airflow/.local/lib/python3.12/site-packages/airflow/example_dags/example_xcom.py for tasks to queue
[2024-10-19T00:16:14.477+0000] {logging_mixin.py:190} INFO - [2024-10-19T00:16:14.476+0000] {dagbag.py:588} INFO - Filling up the DagBag from /home/airflow/.local/lib/python3.12/site-packages/airflow/example_dags/example_xcom.py
[2024-10-19T00:16:14.485+0000] {processor.py:925} INFO - DAG(s) 'example_xcom' retrieved from /home/airflow/.local/lib/python3.12/site-packages/airflow/example_dags/example_xcom.py
[2024-10-19T00:16:14.504+0000] {logging_mixin.py:190} INFO - [2024-10-19T00:16:14.504+0000] {dag.py:3239} INFO - Sync 1 DAGs
[2024-10-19T00:16:14.533+0000] {logging_mixin.py:190} INFO - [2024-10-19T00:16:14.532+0000] {dag.py:4180} INFO - Setting next_dagrun for example_xcom to 2021-01-01 00:00:00+00:00, run_after=2021-01-01 00:00:00+00:00
[2024-10-19T00:16:14.555+0000] {processor.py:208} INFO - Processing /home/airflow/.local/lib/python3.12/site-packages/airflow/example_dags/example_xcom.py took 0.086 seconds
[2024-10-19T00:16:45.134+0000] {processor.py:186} INFO - Started process (PID=1548) to work on /home/airflow/.local/lib/python3.12/site-packages/airflow/example_dags/example_xcom.py
[2024-10-19T00:16:45.135+0000] {processor.py:914} INFO - Processing file /home/airflow/.local/lib/python3.12/site-packages/airflow/example_dags/example_xcom.py for tasks to queue
[2024-10-19T00:16:45.137+0000] {logging_mixin.py:190} INFO - [2024-10-19T00:16:45.136+0000] {dagbag.py:588} INFO - Filling up the DagBag from /home/airflow/.local/lib/python3.12/site-packages/airflow/example_dags/example_xcom.py
[2024-10-19T00:16:45.144+0000] {processor.py:925} INFO - DAG(s) 'example_xcom' retrieved from /home/airflow/.local/lib/python3.12/site-packages/airflow/example_dags/example_xcom.py
[2024-10-19T00:16:45.159+0000] {logging_mixin.py:190} INFO - [2024-10-19T00:16:45.159+0000] {dag.py:3239} INFO - Sync 1 DAGs
[2024-10-19T00:16:45.175+0000] {logging_mixin.py:190} INFO - [2024-10-19T00:16:45.175+0000] {dag.py:4180} INFO - Setting next_dagrun for example_xcom to 2021-01-01 00:00:00+00:00, run_after=2021-01-01 00:00:00+00:00
[2024-10-19T00:16:45.191+0000] {processor.py:208} INFO - Processing /home/airflow/.local/lib/python3.12/site-packages/airflow/example_dags/example_xcom.py took 0.062 seconds
[2024-10-19T00:17:15.825+0000] {processor.py:186} INFO - Started process (PID=1610) to work on /home/airflow/.local/lib/python3.12/site-packages/airflow/example_dags/example_xcom.py
[2024-10-19T00:17:15.826+0000] {processor.py:914} INFO - Processing file /home/airflow/.local/lib/python3.12/site-packages/airflow/example_dags/example_xcom.py for tasks to queue
[2024-10-19T00:17:15.827+0000] {logging_mixin.py:190} INFO - [2024-10-19T00:17:15.827+0000] {dagbag.py:588} INFO - Filling up the DagBag from /home/airflow/.local/lib/python3.12/site-packages/airflow/example_dags/example_xcom.py
[2024-10-19T00:17:15.835+0000] {processor.py:925} INFO - DAG(s) 'example_xcom' retrieved from /home/airflow/.local/lib/python3.12/site-packages/airflow/example_dags/example_xcom.py
[2024-10-19T00:17:15.852+0000] {logging_mixin.py:190} INFO - [2024-10-19T00:17:15.851+0000] {dag.py:3239} INFO - Sync 1 DAGs
[2024-10-19T00:17:15.869+0000] {logging_mixin.py:190} INFO - [2024-10-19T00:17:15.869+0000] {dag.py:4180} INFO - Setting next_dagrun for example_xcom to 2021-01-01 00:00:00+00:00, run_after=2021-01-01 00:00:00+00:00
[2024-10-19T00:17:15.889+0000] {processor.py:208} INFO - Processing /home/airflow/.local/lib/python3.12/site-packages/airflow/example_dags/example_xcom.py took 0.069 seconds
[2024-10-19T00:17:46.339+0000] {processor.py:186} INFO - Started process (PID=1672) to work on /home/airflow/.local/lib/python3.12/site-packages/airflow/example_dags/example_xcom.py
[2024-10-19T00:17:46.340+0000] {processor.py:914} INFO - Processing file /home/airflow/.local/lib/python3.12/site-packages/airflow/example_dags/example_xcom.py for tasks to queue
[2024-10-19T00:17:46.342+0000] {logging_mixin.py:190} INFO - [2024-10-19T00:17:46.342+0000] {dagbag.py:588} INFO - Filling up the DagBag from /home/airflow/.local/lib/python3.12/site-packages/airflow/example_dags/example_xcom.py
[2024-10-19T00:17:46.349+0000] {processor.py:925} INFO - DAG(s) 'example_xcom' retrieved from /home/airflow/.local/lib/python3.12/site-packages/airflow/example_dags/example_xcom.py
[2024-10-19T00:17:46.367+0000] {logging_mixin.py:190} INFO - [2024-10-19T00:17:46.366+0000] {dag.py:3239} INFO - Sync 1 DAGs
[2024-10-19T00:17:46.383+0000] {logging_mixin.py:190} INFO - [2024-10-19T00:17:46.383+0000] {dag.py:4180} INFO - Setting next_dagrun for example_xcom to 2021-01-01 00:00:00+00:00, run_after=2021-01-01 00:00:00+00:00
[2024-10-19T00:17:46.401+0000] {processor.py:208} INFO - Processing /home/airflow/.local/lib/python3.12/site-packages/airflow/example_dags/example_xcom.py took 0.067 seconds
[2024-10-19T00:18:17.272+0000] {processor.py:186} INFO - Started process (PID=1734) to work on /home/airflow/.local/lib/python3.12/site-packages/airflow/example_dags/example_xcom.py
[2024-10-19T00:18:17.273+0000] {processor.py:914} INFO - Processing file /home/airflow/.local/lib/python3.12/site-packages/airflow/example_dags/example_xcom.py for tasks to queue
[2024-10-19T00:18:17.275+0000] {logging_mixin.py:190} INFO - [2024-10-19T00:18:17.275+0000] {dagbag.py:588} INFO - Filling up the DagBag from /home/airflow/.local/lib/python3.12/site-packages/airflow/example_dags/example_xcom.py
[2024-10-19T00:18:17.282+0000] {processor.py:925} INFO - DAG(s) 'example_xcom' retrieved from /home/airflow/.local/lib/python3.12/site-packages/airflow/example_dags/example_xcom.py
[2024-10-19T00:18:17.298+0000] {logging_mixin.py:190} INFO - [2024-10-19T00:18:17.298+0000] {dag.py:3239} INFO - Sync 1 DAGs
[2024-10-19T00:18:17.316+0000] {logging_mixin.py:190} INFO - [2024-10-19T00:18:17.315+0000] {dag.py:4180} INFO - Setting next_dagrun for example_xcom to 2021-01-01 00:00:00+00:00, run_after=2021-01-01 00:00:00+00:00
[2024-10-19T00:18:17.332+0000] {processor.py:208} INFO - Processing /home/airflow/.local/lib/python3.12/site-packages/airflow/example_dags/example_xcom.py took 0.064 seconds
[2024-10-19T00:18:47.535+0000] {processor.py:186} INFO - Started process (PID=1795) to work on /home/airflow/.local/lib/python3.12/site-packages/airflow/example_dags/example_xcom.py
[2024-10-19T00:18:47.536+0000] {processor.py:914} INFO - Processing file /home/airflow/.local/lib/python3.12/site-packages/airflow/example_dags/example_xcom.py for tasks to queue
[2024-10-19T00:18:47.539+0000] {logging_mixin.py:190} INFO - [2024-10-19T00:18:47.539+0000] {dagbag.py:588} INFO - Filling up the DagBag from /home/airflow/.local/lib/python3.12/site-packages/airflow/example_dags/example_xcom.py
[2024-10-19T00:18:47.549+0000] {processor.py:925} INFO - DAG(s) 'example_xcom' retrieved from /home/airflow/.local/lib/python3.12/site-packages/airflow/example_dags/example_xcom.py
[2024-10-19T00:18:47.571+0000] {logging_mixin.py:190} INFO - [2024-10-19T00:18:47.571+0000] {dag.py:3239} INFO - Sync 1 DAGs
[2024-10-19T00:18:47.596+0000] {logging_mixin.py:190} INFO - [2024-10-19T00:18:47.596+0000] {dag.py:4180} INFO - Setting next_dagrun for example_xcom to 2021-01-01 00:00:00+00:00, run_after=2021-01-01 00:00:00+00:00
[2024-10-19T00:18:47.619+0000] {processor.py:208} INFO - Processing /home/airflow/.local/lib/python3.12/site-packages/airflow/example_dags/example_xcom.py took 0.091 seconds
[2024-10-19T00:19:18.651+0000] {processor.py:186} INFO - Started process (PID=1857) to work on /home/airflow/.local/lib/python3.12/site-packages/airflow/example_dags/example_xcom.py
[2024-10-19T00:19:18.653+0000] {processor.py:914} INFO - Processing file /home/airflow/.local/lib/python3.12/site-packages/airflow/example_dags/example_xcom.py for tasks to queue
[2024-10-19T00:19:18.656+0000] {logging_mixin.py:190} INFO - [2024-10-19T00:19:18.656+0000] {dagbag.py:588} INFO - Filling up the DagBag from /home/airflow/.local/lib/python3.12/site-packages/airflow/example_dags/example_xcom.py
[2024-10-19T00:19:18.668+0000] {processor.py:925} INFO - DAG(s) 'example_xcom' retrieved from /home/airflow/.local/lib/python3.12/site-packages/airflow/example_dags/example_xcom.py
[2024-10-19T00:19:18.692+0000] {logging_mixin.py:190} INFO - [2024-10-19T00:19:18.692+0000] {dag.py:3239} INFO - Sync 1 DAGs
[2024-10-19T00:19:18.716+0000] {logging_mixin.py:190} INFO - [2024-10-19T00:19:18.716+0000] {dag.py:4180} INFO - Setting next_dagrun for example_xcom to 2021-01-01 00:00:00+00:00, run_after=2021-01-01 00:00:00+00:00
[2024-10-19T00:19:18.740+0000] {processor.py:208} INFO - Processing /home/airflow/.local/lib/python3.12/site-packages/airflow/example_dags/example_xcom.py took 0.096 seconds
[2024-10-19T00:19:48.804+0000] {processor.py:186} INFO - Started process (PID=1919) to work on /home/airflow/.local/lib/python3.12/site-packages/airflow/example_dags/example_xcom.py
[2024-10-19T00:19:48.805+0000] {processor.py:914} INFO - Processing file /home/airflow/.local/lib/python3.12/site-packages/airflow/example_dags/example_xcom.py for tasks to queue
[2024-10-19T00:19:48.808+0000] {logging_mixin.py:190} INFO - [2024-10-19T00:19:48.808+0000] {dagbag.py:588} INFO - Filling up the DagBag from /home/airflow/.local/lib/python3.12/site-packages/airflow/example_dags/example_xcom.py
[2024-10-19T00:19:48.825+0000] {processor.py:925} INFO - DAG(s) 'example_xcom' retrieved from /home/airflow/.local/lib/python3.12/site-packages/airflow/example_dags/example_xcom.py
[2024-10-19T00:19:48.852+0000] {logging_mixin.py:190} INFO - [2024-10-19T00:19:48.851+0000] {dag.py:3239} INFO - Sync 1 DAGs
[2024-10-19T00:19:48.876+0000] {logging_mixin.py:190} INFO - [2024-10-19T00:19:48.876+0000] {dag.py:4180} INFO - Setting next_dagrun for example_xcom to 2021-01-01 00:00:00+00:00, run_after=2021-01-01 00:00:00+00:00
[2024-10-19T00:19:48.896+0000] {processor.py:208} INFO - Processing /home/airflow/.local/lib/python3.12/site-packages/airflow/example_dags/example_xcom.py took 0.099 seconds
[2024-10-19T00:20:19.499+0000] {processor.py:186} INFO - Started process (PID=1981) to work on /home/airflow/.local/lib/python3.12/site-packages/airflow/example_dags/example_xcom.py
[2024-10-19T00:20:19.500+0000] {processor.py:914} INFO - Processing file /home/airflow/.local/lib/python3.12/site-packages/airflow/example_dags/example_xcom.py for tasks to queue
[2024-10-19T00:20:19.503+0000] {logging_mixin.py:190} INFO - [2024-10-19T00:20:19.503+0000] {dagbag.py:588} INFO - Filling up the DagBag from /home/airflow/.local/lib/python3.12/site-packages/airflow/example_dags/example_xcom.py
[2024-10-19T00:20:19.515+0000] {processor.py:925} INFO - DAG(s) 'example_xcom' retrieved from /home/airflow/.local/lib/python3.12/site-packages/airflow/example_dags/example_xcom.py
[2024-10-19T00:20:19.541+0000] {logging_mixin.py:190} INFO - [2024-10-19T00:20:19.541+0000] {dag.py:3239} INFO - Sync 1 DAGs
[2024-10-19T00:20:19.566+0000] {logging_mixin.py:190} INFO - [2024-10-19T00:20:19.566+0000] {dag.py:4180} INFO - Setting next_dagrun for example_xcom to 2021-01-01 00:00:00+00:00, run_after=2021-01-01 00:00:00+00:00
[2024-10-19T00:20:19.590+0000] {processor.py:208} INFO - Processing /home/airflow/.local/lib/python3.12/site-packages/airflow/example_dags/example_xcom.py took 0.099 seconds
[2024-10-19T00:20:50.765+0000] {processor.py:186} INFO - Started process (PID=2043) to work on /home/airflow/.local/lib/python3.12/site-packages/airflow/example_dags/example_xcom.py
[2024-10-19T00:20:50.766+0000] {processor.py:914} INFO - Processing file /home/airflow/.local/lib/python3.12/site-packages/airflow/example_dags/example_xcom.py for tasks to queue
[2024-10-19T00:20:50.768+0000] {logging_mixin.py:190} INFO - [2024-10-19T00:20:50.768+0000] {dagbag.py:588} INFO - Filling up the DagBag from /home/airflow/.local/lib/python3.12/site-packages/airflow/example_dags/example_xcom.py
[2024-10-19T00:20:50.777+0000] {processor.py:925} INFO - DAG(s) 'example_xcom' retrieved from /home/airflow/.local/lib/python3.12/site-packages/airflow/example_dags/example_xcom.py
[2024-10-19T00:20:50.796+0000] {logging_mixin.py:190} INFO - [2024-10-19T00:20:50.796+0000] {dag.py:3239} INFO - Sync 1 DAGs
[2024-10-19T00:20:50.818+0000] {logging_mixin.py:190} INFO - [2024-10-19T00:20:50.818+0000] {dag.py:4180} INFO - Setting next_dagrun for example_xcom to 2021-01-01 00:00:00+00:00, run_after=2021-01-01 00:00:00+00:00
[2024-10-19T00:20:50.840+0000] {processor.py:208} INFO - Processing /home/airflow/.local/lib/python3.12/site-packages/airflow/example_dags/example_xcom.py took 0.080 seconds
[2024-10-19T00:21:21.991+0000] {processor.py:186} INFO - Started process (PID=2112) to work on /home/airflow/.local/lib/python3.12/site-packages/airflow/example_dags/example_xcom.py
[2024-10-19T00:21:21.992+0000] {processor.py:914} INFO - Processing file /home/airflow/.local/lib/python3.12/site-packages/airflow/example_dags/example_xcom.py for tasks to queue
[2024-10-19T00:21:21.994+0000] {logging_mixin.py:190} INFO - [2024-10-19T00:21:21.994+0000] {dagbag.py:588} INFO - Filling up the DagBag from /home/airflow/.local/lib/python3.12/site-packages/airflow/example_dags/example_xcom.py
[2024-10-19T00:21:22.002+0000] {processor.py:925} INFO - DAG(s) 'example_xcom' retrieved from /home/airflow/.local/lib/python3.12/site-packages/airflow/example_dags/example_xcom.py
[2024-10-19T00:21:22.021+0000] {logging_mixin.py:190} INFO - [2024-10-19T00:21:22.020+0000] {dag.py:3239} INFO - Sync 1 DAGs
[2024-10-19T00:21:22.041+0000] {logging_mixin.py:190} INFO - [2024-10-19T00:21:22.040+0000] {dag.py:4180} INFO - Setting next_dagrun for example_xcom to 2021-01-01 00:00:00+00:00, run_after=2021-01-01 00:00:00+00:00
[2024-10-19T00:21:22.058+0000] {processor.py:208} INFO - Processing /home/airflow/.local/lib/python3.12/site-packages/airflow/example_dags/example_xcom.py took 0.073 seconds
[2024-10-19T00:21:52.548+0000] {processor.py:186} INFO - Started process (PID=2174) to work on /home/airflow/.local/lib/python3.12/site-packages/airflow/example_dags/example_xcom.py
[2024-10-19T00:21:52.549+0000] {processor.py:914} INFO - Processing file /home/airflow/.local/lib/python3.12/site-packages/airflow/example_dags/example_xcom.py for tasks to queue
[2024-10-19T00:21:52.552+0000] {logging_mixin.py:190} INFO - [2024-10-19T00:21:52.552+0000] {dagbag.py:588} INFO - Filling up the DagBag from /home/airflow/.local/lib/python3.12/site-packages/airflow/example_dags/example_xcom.py
[2024-10-19T00:21:52.561+0000] {processor.py:925} INFO - DAG(s) 'example_xcom' retrieved from /home/airflow/.local/lib/python3.12/site-packages/airflow/example_dags/example_xcom.py
[2024-10-19T00:21:52.581+0000] {logging_mixin.py:190} INFO - [2024-10-19T00:21:52.581+0000] {dag.py:3239} INFO - Sync 1 DAGs
[2024-10-19T00:21:52.602+0000] {logging_mixin.py:190} INFO - [2024-10-19T00:21:52.602+0000] {dag.py:4180} INFO - Setting next_dagrun for example_xcom to 2021-01-01 00:00:00+00:00, run_after=2021-01-01 00:00:00+00:00
[2024-10-19T00:21:52.622+0000] {processor.py:208} INFO - Processing /home/airflow/.local/lib/python3.12/site-packages/airflow/example_dags/example_xcom.py took 0.079 seconds
[2024-10-19T00:22:23.082+0000] {processor.py:186} INFO - Started process (PID=2237) to work on /home/airflow/.local/lib/python3.12/site-packages/airflow/example_dags/example_xcom.py
[2024-10-19T00:22:23.083+0000] {processor.py:914} INFO - Processing file /home/airflow/.local/lib/python3.12/site-packages/airflow/example_dags/example_xcom.py for tasks to queue
[2024-10-19T00:22:23.085+0000] {logging_mixin.py:190} INFO - [2024-10-19T00:22:23.085+0000] {dagbag.py:588} INFO - Filling up the DagBag from /home/airflow/.local/lib/python3.12/site-packages/airflow/example_dags/example_xcom.py
[2024-10-19T00:22:23.092+0000] {processor.py:925} INFO - DAG(s) 'example_xcom' retrieved from /home/airflow/.local/lib/python3.12/site-packages/airflow/example_dags/example_xcom.py
[2024-10-19T00:22:23.110+0000] {logging_mixin.py:190} INFO - [2024-10-19T00:22:23.110+0000] {dag.py:3239} INFO - Sync 1 DAGs
[2024-10-19T00:22:23.130+0000] {logging_mixin.py:190} INFO - [2024-10-19T00:22:23.130+0000] {dag.py:4180} INFO - Setting next_dagrun for example_xcom to 2021-01-01 00:00:00+00:00, run_after=2021-01-01 00:00:00+00:00
[2024-10-19T00:22:23.148+0000] {processor.py:208} INFO - Processing /home/airflow/.local/lib/python3.12/site-packages/airflow/example_dags/example_xcom.py took 0.070 seconds
[2024-10-19T00:22:53.458+0000] {processor.py:186} INFO - Started process (PID=2299) to work on /home/airflow/.local/lib/python3.12/site-packages/airflow/example_dags/example_xcom.py
[2024-10-19T00:22:53.459+0000] {processor.py:914} INFO - Processing file /home/airflow/.local/lib/python3.12/site-packages/airflow/example_dags/example_xcom.py for tasks to queue
[2024-10-19T00:22:53.461+0000] {logging_mixin.py:190} INFO - [2024-10-19T00:22:53.461+0000] {dagbag.py:588} INFO - Filling up the DagBag from /home/airflow/.local/lib/python3.12/site-packages/airflow/example_dags/example_xcom.py
[2024-10-19T00:22:53.472+0000] {processor.py:925} INFO - DAG(s) 'example_xcom' retrieved from /home/airflow/.local/lib/python3.12/site-packages/airflow/example_dags/example_xcom.py
[2024-10-19T00:22:53.489+0000] {logging_mixin.py:190} INFO - [2024-10-19T00:22:53.489+0000] {dag.py:3239} INFO - Sync 1 DAGs
[2024-10-19T00:22:53.508+0000] {logging_mixin.py:190} INFO - [2024-10-19T00:22:53.508+0000] {dag.py:4180} INFO - Setting next_dagrun for example_xcom to 2021-01-01 00:00:00+00:00, run_after=2021-01-01 00:00:00+00:00
[2024-10-19T00:22:53.524+0000] {processor.py:208} INFO - Processing /home/airflow/.local/lib/python3.12/site-packages/airflow/example_dags/example_xcom.py took 0.072 seconds
[2024-10-19T00:23:24.189+0000] {processor.py:186} INFO - Started process (PID=2361) to work on /home/airflow/.local/lib/python3.12/site-packages/airflow/example_dags/example_xcom.py
[2024-10-19T00:23:24.190+0000] {processor.py:914} INFO - Processing file /home/airflow/.local/lib/python3.12/site-packages/airflow/example_dags/example_xcom.py for tasks to queue
[2024-10-19T00:23:24.193+0000] {logging_mixin.py:190} INFO - [2024-10-19T00:23:24.192+0000] {dagbag.py:588} INFO - Filling up the DagBag from /home/airflow/.local/lib/python3.12/site-packages/airflow/example_dags/example_xcom.py
[2024-10-19T00:23:24.201+0000] {processor.py:925} INFO - DAG(s) 'example_xcom' retrieved from /home/airflow/.local/lib/python3.12/site-packages/airflow/example_dags/example_xcom.py
[2024-10-19T00:23:24.221+0000] {logging_mixin.py:190} INFO - [2024-10-19T00:23:24.220+0000] {dag.py:3239} INFO - Sync 1 DAGs
[2024-10-19T00:23:24.240+0000] {logging_mixin.py:190} INFO - [2024-10-19T00:23:24.240+0000] {dag.py:4180} INFO - Setting next_dagrun for example_xcom to 2021-01-01 00:00:00+00:00, run_after=2021-01-01 00:00:00+00:00
[2024-10-19T00:23:24.256+0000] {processor.py:208} INFO - Processing /home/airflow/.local/lib/python3.12/site-packages/airflow/example_dags/example_xcom.py took 0.073 seconds
[2024-10-19T00:23:54.581+0000] {processor.py:186} INFO - Started process (PID=2423) to work on /home/airflow/.local/lib/python3.12/site-packages/airflow/example_dags/example_xcom.py
[2024-10-19T00:23:54.582+0000] {processor.py:914} INFO - Processing file /home/airflow/.local/lib/python3.12/site-packages/airflow/example_dags/example_xcom.py for tasks to queue
[2024-10-19T00:23:54.584+0000] {logging_mixin.py:190} INFO - [2024-10-19T00:23:54.583+0000] {dagbag.py:588} INFO - Filling up the DagBag from /home/airflow/.local/lib/python3.12/site-packages/airflow/example_dags/example_xcom.py
[2024-10-19T00:23:54.591+0000] {processor.py:925} INFO - DAG(s) 'example_xcom' retrieved from /home/airflow/.local/lib/python3.12/site-packages/airflow/example_dags/example_xcom.py
[2024-10-19T00:23:54.606+0000] {logging_mixin.py:190} INFO - [2024-10-19T00:23:54.606+0000] {dag.py:3239} INFO - Sync 1 DAGs
[2024-10-19T00:23:54.623+0000] {logging_mixin.py:190} INFO - [2024-10-19T00:23:54.623+0000] {dag.py:4180} INFO - Setting next_dagrun for example_xcom to 2021-01-01 00:00:00+00:00, run_after=2021-01-01 00:00:00+00:00
[2024-10-19T00:23:54.648+0000] {processor.py:208} INFO - Processing /home/airflow/.local/lib/python3.12/site-packages/airflow/example_dags/example_xcom.py took 0.072 seconds
[2024-10-19T00:24:25.177+0000] {processor.py:186} INFO - Started process (PID=2485) to work on /home/airflow/.local/lib/python3.12/site-packages/airflow/example_dags/example_xcom.py
[2024-10-19T00:24:25.178+0000] {processor.py:914} INFO - Processing file /home/airflow/.local/lib/python3.12/site-packages/airflow/example_dags/example_xcom.py for tasks to queue
[2024-10-19T00:24:25.181+0000] {logging_mixin.py:190} INFO - [2024-10-19T00:24:25.180+0000] {dagbag.py:588} INFO - Filling up the DagBag from /home/airflow/.local/lib/python3.12/site-packages/airflow/example_dags/example_xcom.py
[2024-10-19T00:24:25.190+0000] {processor.py:925} INFO - DAG(s) 'example_xcom' retrieved from /home/airflow/.local/lib/python3.12/site-packages/airflow/example_dags/example_xcom.py
[2024-10-19T00:24:25.211+0000] {logging_mixin.py:190} INFO - [2024-10-19T00:24:25.211+0000] {dag.py:3239} INFO - Sync 1 DAGs
[2024-10-19T00:24:25.231+0000] {logging_mixin.py:190} INFO - [2024-10-19T00:24:25.231+0000] {dag.py:4180} INFO - Setting next_dagrun for example_xcom to 2021-01-01 00:00:00+00:00, run_after=2021-01-01 00:00:00+00:00
[2024-10-19T00:24:25.253+0000] {processor.py:208} INFO - Processing /home/airflow/.local/lib/python3.12/site-packages/airflow/example_dags/example_xcom.py took 0.082 seconds
[2024-10-19T00:24:55.770+0000] {processor.py:186} INFO - Started process (PID=2546) to work on /home/airflow/.local/lib/python3.12/site-packages/airflow/example_dags/example_xcom.py
[2024-10-19T00:24:55.771+0000] {processor.py:914} INFO - Processing file /home/airflow/.local/lib/python3.12/site-packages/airflow/example_dags/example_xcom.py for tasks to queue
[2024-10-19T00:24:55.773+0000] {logging_mixin.py:190} INFO - [2024-10-19T00:24:55.773+0000] {dagbag.py:588} INFO - Filling up the DagBag from /home/airflow/.local/lib/python3.12/site-packages/airflow/example_dags/example_xcom.py
[2024-10-19T00:24:55.781+0000] {processor.py:925} INFO - DAG(s) 'example_xcom' retrieved from /home/airflow/.local/lib/python3.12/site-packages/airflow/example_dags/example_xcom.py
[2024-10-19T00:24:55.802+0000] {logging_mixin.py:190} INFO - [2024-10-19T00:24:55.801+0000] {dag.py:3239} INFO - Sync 1 DAGs
[2024-10-19T00:24:55.821+0000] {logging_mixin.py:190} INFO - [2024-10-19T00:24:55.821+0000] {dag.py:4180} INFO - Setting next_dagrun for example_xcom to 2021-01-01 00:00:00+00:00, run_after=2021-01-01 00:00:00+00:00
[2024-10-19T00:24:55.838+0000] {processor.py:208} INFO - Processing /home/airflow/.local/lib/python3.12/site-packages/airflow/example_dags/example_xcom.py took 0.074 seconds
[2024-10-19T00:25:27.173+0000] {processor.py:186} INFO - Started process (PID=2608) to work on /home/airflow/.local/lib/python3.12/site-packages/airflow/example_dags/example_xcom.py
[2024-10-19T00:25:27.175+0000] {processor.py:914} INFO - Processing file /home/airflow/.local/lib/python3.12/site-packages/airflow/example_dags/example_xcom.py for tasks to queue
[2024-10-19T00:25:27.177+0000] {logging_mixin.py:190} INFO - [2024-10-19T00:25:27.176+0000] {dagbag.py:588} INFO - Filling up the DagBag from /home/airflow/.local/lib/python3.12/site-packages/airflow/example_dags/example_xcom.py
[2024-10-19T00:25:27.184+0000] {processor.py:925} INFO - DAG(s) 'example_xcom' retrieved from /home/airflow/.local/lib/python3.12/site-packages/airflow/example_dags/example_xcom.py
[2024-10-19T00:25:27.203+0000] {logging_mixin.py:190} INFO - [2024-10-19T00:25:27.203+0000] {dag.py:3239} INFO - Sync 1 DAGs
[2024-10-19T00:25:27.223+0000] {logging_mixin.py:190} INFO - [2024-10-19T00:25:27.222+0000] {dag.py:4180} INFO - Setting next_dagrun for example_xcom to 2021-01-01 00:00:00+00:00, run_after=2021-01-01 00:00:00+00:00
[2024-10-19T00:25:27.242+0000] {processor.py:208} INFO - Processing /home/airflow/.local/lib/python3.12/site-packages/airflow/example_dags/example_xcom.py took 0.074 seconds
[2024-10-19T00:25:57.840+0000] {processor.py:186} INFO - Started process (PID=2670) to work on /home/airflow/.local/lib/python3.12/site-packages/airflow/example_dags/example_xcom.py
[2024-10-19T00:25:57.841+0000] {processor.py:914} INFO - Processing file /home/airflow/.local/lib/python3.12/site-packages/airflow/example_dags/example_xcom.py for tasks to queue
[2024-10-19T00:25:57.843+0000] {logging_mixin.py:190} INFO - [2024-10-19T00:25:57.842+0000] {dagbag.py:588} INFO - Filling up the DagBag from /home/airflow/.local/lib/python3.12/site-packages/airflow/example_dags/example_xcom.py
[2024-10-19T00:25:57.851+0000] {processor.py:925} INFO - DAG(s) 'example_xcom' retrieved from /home/airflow/.local/lib/python3.12/site-packages/airflow/example_dags/example_xcom.py
[2024-10-19T00:25:57.872+0000] {logging_mixin.py:190} INFO - [2024-10-19T00:25:57.872+0000] {dag.py:3239} INFO - Sync 1 DAGs
[2024-10-19T00:25:57.891+0000] {logging_mixin.py:190} INFO - [2024-10-19T00:25:57.891+0000] {dag.py:4180} INFO - Setting next_dagrun for example_xcom to 2021-01-01 00:00:00+00:00, run_after=2021-01-01 00:00:00+00:00
[2024-10-19T00:25:57.909+0000] {processor.py:208} INFO - Processing /home/airflow/.local/lib/python3.12/site-packages/airflow/example_dags/example_xcom.py took 0.074 seconds
[2024-10-19T00:26:29.349+0000] {processor.py:186} INFO - Started process (PID=2732) to work on /home/airflow/.local/lib/python3.12/site-packages/airflow/example_dags/example_xcom.py
[2024-10-19T00:26:29.350+0000] {processor.py:914} INFO - Processing file /home/airflow/.local/lib/python3.12/site-packages/airflow/example_dags/example_xcom.py for tasks to queue
[2024-10-19T00:26:29.352+0000] {logging_mixin.py:190} INFO - [2024-10-19T00:26:29.352+0000] {dagbag.py:588} INFO - Filling up the DagBag from /home/airflow/.local/lib/python3.12/site-packages/airflow/example_dags/example_xcom.py
[2024-10-19T00:26:29.361+0000] {processor.py:925} INFO - DAG(s) 'example_xcom' retrieved from /home/airflow/.local/lib/python3.12/site-packages/airflow/example_dags/example_xcom.py
[2024-10-19T00:26:29.407+0000] {logging_mixin.py:190} INFO - [2024-10-19T00:26:29.406+0000] {dag.py:3239} INFO - Sync 1 DAGs
[2024-10-19T00:26:29.475+0000] {logging_mixin.py:190} INFO - [2024-10-19T00:26:29.475+0000] {dag.py:4180} INFO - Setting next_dagrun for example_xcom to 2021-01-01 00:00:00+00:00, run_after=2021-01-01 00:00:00+00:00
[2024-10-19T00:26:29.520+0000] {processor.py:208} INFO - Processing /home/airflow/.local/lib/python3.12/site-packages/airflow/example_dags/example_xcom.py took 0.178 seconds
[2024-10-19T00:26:59.942+0000] {processor.py:186} INFO - Started process (PID=2793) to work on /home/airflow/.local/lib/python3.12/site-packages/airflow/example_dags/example_xcom.py
[2024-10-19T00:26:59.943+0000] {processor.py:914} INFO - Processing file /home/airflow/.local/lib/python3.12/site-packages/airflow/example_dags/example_xcom.py for tasks to queue
[2024-10-19T00:26:59.945+0000] {logging_mixin.py:190} INFO - [2024-10-19T00:26:59.945+0000] {dagbag.py:588} INFO - Filling up the DagBag from /home/airflow/.local/lib/python3.12/site-packages/airflow/example_dags/example_xcom.py
[2024-10-19T00:26:59.953+0000] {processor.py:925} INFO - DAG(s) 'example_xcom' retrieved from /home/airflow/.local/lib/python3.12/site-packages/airflow/example_dags/example_xcom.py
[2024-10-19T00:26:59.974+0000] {logging_mixin.py:190} INFO - [2024-10-19T00:26:59.974+0000] {dag.py:3239} INFO - Sync 1 DAGs
[2024-10-19T00:27:00.011+0000] {logging_mixin.py:190} INFO - [2024-10-19T00:27:00.011+0000] {dag.py:4180} INFO - Setting next_dagrun for example_xcom to 2021-01-01 00:00:00+00:00, run_after=2021-01-01 00:00:00+00:00
[2024-10-19T00:27:00.039+0000] {processor.py:208} INFO - Processing /home/airflow/.local/lib/python3.12/site-packages/airflow/example_dags/example_xcom.py took 0.103 seconds
[2024-10-19T00:27:30.950+0000] {processor.py:186} INFO - Started process (PID=2854) to work on /home/airflow/.local/lib/python3.12/site-packages/airflow/example_dags/example_xcom.py
[2024-10-19T00:27:30.951+0000] {processor.py:914} INFO - Processing file /home/airflow/.local/lib/python3.12/site-packages/airflow/example_dags/example_xcom.py for tasks to queue
[2024-10-19T00:27:30.953+0000] {logging_mixin.py:190} INFO - [2024-10-19T00:27:30.953+0000] {dagbag.py:588} INFO - Filling up the DagBag from /home/airflow/.local/lib/python3.12/site-packages/airflow/example_dags/example_xcom.py
[2024-10-19T00:27:30.961+0000] {processor.py:925} INFO - DAG(s) 'example_xcom' retrieved from /home/airflow/.local/lib/python3.12/site-packages/airflow/example_dags/example_xcom.py
[2024-10-19T00:27:30.978+0000] {logging_mixin.py:190} INFO - [2024-10-19T00:27:30.978+0000] {dag.py:3239} INFO - Sync 1 DAGs
[2024-10-19T00:27:30.999+0000] {logging_mixin.py:190} INFO - [2024-10-19T00:27:30.999+0000] {dag.py:4180} INFO - Setting next_dagrun for example_xcom to 2021-01-01 00:00:00+00:00, run_after=2021-01-01 00:00:00+00:00
[2024-10-19T00:27:31.019+0000] {processor.py:208} INFO - Processing /home/airflow/.local/lib/python3.12/site-packages/airflow/example_dags/example_xcom.py took 0.074 seconds
[2024-10-19T00:28:01.823+0000] {processor.py:186} INFO - Started process (PID=2916) to work on /home/airflow/.local/lib/python3.12/site-packages/airflow/example_dags/example_xcom.py
[2024-10-19T00:28:01.824+0000] {processor.py:914} INFO - Processing file /home/airflow/.local/lib/python3.12/site-packages/airflow/example_dags/example_xcom.py for tasks to queue
[2024-10-19T00:28:01.826+0000] {logging_mixin.py:190} INFO - [2024-10-19T00:28:01.826+0000] {dagbag.py:588} INFO - Filling up the DagBag from /home/airflow/.local/lib/python3.12/site-packages/airflow/example_dags/example_xcom.py
[2024-10-19T00:28:01.834+0000] {processor.py:925} INFO - DAG(s) 'example_xcom' retrieved from /home/airflow/.local/lib/python3.12/site-packages/airflow/example_dags/example_xcom.py
[2024-10-19T00:28:01.850+0000] {logging_mixin.py:190} INFO - [2024-10-19T00:28:01.850+0000] {dag.py:3239} INFO - Sync 1 DAGs
[2024-10-19T00:28:01.869+0000] {logging_mixin.py:190} INFO - [2024-10-19T00:28:01.869+0000] {dag.py:4180} INFO - Setting next_dagrun for example_xcom to 2021-01-01 00:00:00+00:00, run_after=2021-01-01 00:00:00+00:00
[2024-10-19T00:28:01.889+0000] {processor.py:208} INFO - Processing /home/airflow/.local/lib/python3.12/site-packages/airflow/example_dags/example_xcom.py took 0.071 seconds
[2024-10-19T00:28:32.586+0000] {processor.py:186} INFO - Started process (PID=2978) to work on /home/airflow/.local/lib/python3.12/site-packages/airflow/example_dags/example_xcom.py
[2024-10-19T00:28:32.587+0000] {processor.py:914} INFO - Processing file /home/airflow/.local/lib/python3.12/site-packages/airflow/example_dags/example_xcom.py for tasks to queue
[2024-10-19T00:28:32.590+0000] {logging_mixin.py:190} INFO - [2024-10-19T00:28:32.589+0000] {dagbag.py:588} INFO - Filling up the DagBag from /home/airflow/.local/lib/python3.12/site-packages/airflow/example_dags/example_xcom.py
[2024-10-19T00:28:32.600+0000] {processor.py:925} INFO - DAG(s) 'example_xcom' retrieved from /home/airflow/.local/lib/python3.12/site-packages/airflow/example_dags/example_xcom.py
[2024-10-19T00:28:32.619+0000] {logging_mixin.py:190} INFO - [2024-10-19T00:28:32.619+0000] {dag.py:3239} INFO - Sync 1 DAGs
[2024-10-19T00:28:32.644+0000] {logging_mixin.py:190} INFO - [2024-10-19T00:28:32.643+0000] {dag.py:4180} INFO - Setting next_dagrun for example_xcom to 2021-01-01 00:00:00+00:00, run_after=2021-01-01 00:00:00+00:00
[2024-10-19T00:28:32.668+0000] {processor.py:208} INFO - Processing /home/airflow/.local/lib/python3.12/site-packages/airflow/example_dags/example_xcom.py took 0.088 seconds
[2024-10-19T00:29:03.291+0000] {processor.py:186} INFO - Started process (PID=3040) to work on /home/airflow/.local/lib/python3.12/site-packages/airflow/example_dags/example_xcom.py
[2024-10-19T00:29:03.292+0000] {processor.py:914} INFO - Processing file /home/airflow/.local/lib/python3.12/site-packages/airflow/example_dags/example_xcom.py for tasks to queue
[2024-10-19T00:29:03.294+0000] {logging_mixin.py:190} INFO - [2024-10-19T00:29:03.294+0000] {dagbag.py:588} INFO - Filling up the DagBag from /home/airflow/.local/lib/python3.12/site-packages/airflow/example_dags/example_xcom.py
[2024-10-19T00:29:03.304+0000] {processor.py:925} INFO - DAG(s) 'example_xcom' retrieved from /home/airflow/.local/lib/python3.12/site-packages/airflow/example_dags/example_xcom.py
[2024-10-19T00:29:03.327+0000] {logging_mixin.py:190} INFO - [2024-10-19T00:29:03.327+0000] {dag.py:3239} INFO - Sync 1 DAGs
[2024-10-19T00:29:03.354+0000] {logging_mixin.py:190} INFO - [2024-10-19T00:29:03.353+0000] {dag.py:4180} INFO - Setting next_dagrun for example_xcom to 2021-01-01 00:00:00+00:00, run_after=2021-01-01 00:00:00+00:00
[2024-10-19T00:29:03.391+0000] {processor.py:208} INFO - Processing /home/airflow/.local/lib/python3.12/site-packages/airflow/example_dags/example_xcom.py took 0.107 seconds
[2024-10-19T00:29:33.767+0000] {processor.py:186} INFO - Started process (PID=3103) to work on /home/airflow/.local/lib/python3.12/site-packages/airflow/example_dags/example_xcom.py
[2024-10-19T00:29:33.768+0000] {processor.py:914} INFO - Processing file /home/airflow/.local/lib/python3.12/site-packages/airflow/example_dags/example_xcom.py for tasks to queue
[2024-10-19T00:29:33.770+0000] {logging_mixin.py:190} INFO - [2024-10-19T00:29:33.770+0000] {dagbag.py:588} INFO - Filling up the DagBag from /home/airflow/.local/lib/python3.12/site-packages/airflow/example_dags/example_xcom.py
[2024-10-19T00:29:33.778+0000] {processor.py:925} INFO - DAG(s) 'example_xcom' retrieved from /home/airflow/.local/lib/python3.12/site-packages/airflow/example_dags/example_xcom.py
[2024-10-19T00:29:33.799+0000] {logging_mixin.py:190} INFO - [2024-10-19T00:29:33.799+0000] {dag.py:3239} INFO - Sync 1 DAGs
[2024-10-19T00:29:33.818+0000] {logging_mixin.py:190} INFO - [2024-10-19T00:29:33.818+0000] {dag.py:4180} INFO - Setting next_dagrun for example_xcom to 2021-01-01 00:00:00+00:00, run_after=2021-01-01 00:00:00+00:00
[2024-10-19T00:29:33.834+0000] {processor.py:208} INFO - Processing /home/airflow/.local/lib/python3.12/site-packages/airflow/example_dags/example_xcom.py took 0.072 seconds
[2024-10-19T00:30:04.171+0000] {processor.py:186} INFO - Started process (PID=3165) to work on /home/airflow/.local/lib/python3.12/site-packages/airflow/example_dags/example_xcom.py
[2024-10-19T00:30:04.172+0000] {processor.py:914} INFO - Processing file /home/airflow/.local/lib/python3.12/site-packages/airflow/example_dags/example_xcom.py for tasks to queue
[2024-10-19T00:30:04.174+0000] {logging_mixin.py:190} INFO - [2024-10-19T00:30:04.174+0000] {dagbag.py:588} INFO - Filling up the DagBag from /home/airflow/.local/lib/python3.12/site-packages/airflow/example_dags/example_xcom.py
[2024-10-19T00:30:04.182+0000] {processor.py:925} INFO - DAG(s) 'example_xcom' retrieved from /home/airflow/.local/lib/python3.12/site-packages/airflow/example_dags/example_xcom.py
[2024-10-19T00:30:04.199+0000] {logging_mixin.py:190} INFO - [2024-10-19T00:30:04.198+0000] {dag.py:3239} INFO - Sync 1 DAGs
[2024-10-19T00:30:04.217+0000] {logging_mixin.py:190} INFO - [2024-10-19T00:30:04.217+0000] {dag.py:4180} INFO - Setting next_dagrun for example_xcom to 2021-01-01 00:00:00+00:00, run_after=2021-01-01 00:00:00+00:00
[2024-10-19T00:30:04.233+0000] {processor.py:208} INFO - Processing /home/airflow/.local/lib/python3.12/site-packages/airflow/example_dags/example_xcom.py took 0.067 seconds
[2024-10-19T00:30:34.567+0000] {processor.py:186} INFO - Started process (PID=3227) to work on /home/airflow/.local/lib/python3.12/site-packages/airflow/example_dags/example_xcom.py
[2024-10-19T00:30:34.568+0000] {processor.py:914} INFO - Processing file /home/airflow/.local/lib/python3.12/site-packages/airflow/example_dags/example_xcom.py for tasks to queue
[2024-10-19T00:30:34.570+0000] {logging_mixin.py:190} INFO - [2024-10-19T00:30:34.570+0000] {dagbag.py:588} INFO - Filling up the DagBag from /home/airflow/.local/lib/python3.12/site-packages/airflow/example_dags/example_xcom.py
[2024-10-19T00:30:34.578+0000] {processor.py:925} INFO - DAG(s) 'example_xcom' retrieved from /home/airflow/.local/lib/python3.12/site-packages/airflow/example_dags/example_xcom.py
[2024-10-19T00:30:34.596+0000] {logging_mixin.py:190} INFO - [2024-10-19T00:30:34.596+0000] {dag.py:3239} INFO - Sync 1 DAGs
[2024-10-19T00:30:34.615+0000] {logging_mixin.py:190} INFO - [2024-10-19T00:30:34.615+0000] {dag.py:4180} INFO - Setting next_dagrun for example_xcom to 2021-01-01 00:00:00+00:00, run_after=2021-01-01 00:00:00+00:00
[2024-10-19T00:30:34.630+0000] {processor.py:208} INFO - Processing /home/airflow/.local/lib/python3.12/site-packages/airflow/example_dags/example_xcom.py took 0.069 seconds
[2024-10-19T00:31:04.969+0000] {processor.py:186} INFO - Started process (PID=3289) to work on /home/airflow/.local/lib/python3.12/site-packages/airflow/example_dags/example_xcom.py
[2024-10-19T00:31:04.970+0000] {processor.py:914} INFO - Processing file /home/airflow/.local/lib/python3.12/site-packages/airflow/example_dags/example_xcom.py for tasks to queue
[2024-10-19T00:31:04.972+0000] {logging_mixin.py:190} INFO - [2024-10-19T00:31:04.972+0000] {dagbag.py:588} INFO - Filling up the DagBag from /home/airflow/.local/lib/python3.12/site-packages/airflow/example_dags/example_xcom.py
[2024-10-19T00:31:04.980+0000] {processor.py:925} INFO - DAG(s) 'example_xcom' retrieved from /home/airflow/.local/lib/python3.12/site-packages/airflow/example_dags/example_xcom.py
[2024-10-19T00:31:04.997+0000] {logging_mixin.py:190} INFO - [2024-10-19T00:31:04.997+0000] {dag.py:3239} INFO - Sync 1 DAGs
[2024-10-19T00:31:05.016+0000] {logging_mixin.py:190} INFO - [2024-10-19T00:31:05.016+0000] {dag.py:4180} INFO - Setting next_dagrun for example_xcom to 2021-01-01 00:00:00+00:00, run_after=2021-01-01 00:00:00+00:00
[2024-10-19T00:31:05.034+0000] {processor.py:208} INFO - Processing /home/airflow/.local/lib/python3.12/site-packages/airflow/example_dags/example_xcom.py took 0.070 seconds
[2024-10-19T00:31:35.392+0000] {processor.py:186} INFO - Started process (PID=3351) to work on /home/airflow/.local/lib/python3.12/site-packages/airflow/example_dags/example_xcom.py
[2024-10-19T00:31:35.392+0000] {processor.py:914} INFO - Processing file /home/airflow/.local/lib/python3.12/site-packages/airflow/example_dags/example_xcom.py for tasks to queue
[2024-10-19T00:31:35.395+0000] {logging_mixin.py:190} INFO - [2024-10-19T00:31:35.394+0000] {dagbag.py:588} INFO - Filling up the DagBag from /home/airflow/.local/lib/python3.12/site-packages/airflow/example_dags/example_xcom.py
[2024-10-19T00:31:35.402+0000] {processor.py:925} INFO - DAG(s) 'example_xcom' retrieved from /home/airflow/.local/lib/python3.12/site-packages/airflow/example_dags/example_xcom.py
[2024-10-19T00:31:35.423+0000] {logging_mixin.py:190} INFO - [2024-10-19T00:31:35.422+0000] {dag.py:3239} INFO - Sync 1 DAGs
[2024-10-19T00:31:35.444+0000] {logging_mixin.py:190} INFO - [2024-10-19T00:31:35.444+0000] {dag.py:4180} INFO - Setting next_dagrun for example_xcom to 2021-01-01 00:00:00+00:00, run_after=2021-01-01 00:00:00+00:00
[2024-10-19T00:31:35.461+0000] {processor.py:208} INFO - Processing /home/airflow/.local/lib/python3.12/site-packages/airflow/example_dags/example_xcom.py took 0.074 seconds
[2024-10-19T00:32:05.854+0000] {processor.py:186} INFO - Started process (PID=3413) to work on /home/airflow/.local/lib/python3.12/site-packages/airflow/example_dags/example_xcom.py
[2024-10-19T00:32:05.855+0000] {processor.py:914} INFO - Processing file /home/airflow/.local/lib/python3.12/site-packages/airflow/example_dags/example_xcom.py for tasks to queue
[2024-10-19T00:32:05.857+0000] {logging_mixin.py:190} INFO - [2024-10-19T00:32:05.857+0000] {dagbag.py:588} INFO - Filling up the DagBag from /home/airflow/.local/lib/python3.12/site-packages/airflow/example_dags/example_xcom.py
[2024-10-19T00:32:05.865+0000] {processor.py:925} INFO - DAG(s) 'example_xcom' retrieved from /home/airflow/.local/lib/python3.12/site-packages/airflow/example_dags/example_xcom.py
[2024-10-19T00:32:05.883+0000] {logging_mixin.py:190} INFO - [2024-10-19T00:32:05.883+0000] {dag.py:3239} INFO - Sync 1 DAGs
[2024-10-19T00:32:05.902+0000] {logging_mixin.py:190} INFO - [2024-10-19T00:32:05.902+0000] {dag.py:4180} INFO - Setting next_dagrun for example_xcom to 2021-01-01 00:00:00+00:00, run_after=2021-01-01 00:00:00+00:00
[2024-10-19T00:32:05.919+0000] {processor.py:208} INFO - Processing /home/airflow/.local/lib/python3.12/site-packages/airflow/example_dags/example_xcom.py took 0.071 seconds
[2024-10-19T00:32:36.294+0000] {processor.py:186} INFO - Started process (PID=3475) to work on /home/airflow/.local/lib/python3.12/site-packages/airflow/example_dags/example_xcom.py
[2024-10-19T00:32:36.295+0000] {processor.py:914} INFO - Processing file /home/airflow/.local/lib/python3.12/site-packages/airflow/example_dags/example_xcom.py for tasks to queue
[2024-10-19T00:32:36.297+0000] {logging_mixin.py:190} INFO - [2024-10-19T00:32:36.297+0000] {dagbag.py:588} INFO - Filling up the DagBag from /home/airflow/.local/lib/python3.12/site-packages/airflow/example_dags/example_xcom.py
[2024-10-19T00:32:36.304+0000] {processor.py:925} INFO - DAG(s) 'example_xcom' retrieved from /home/airflow/.local/lib/python3.12/site-packages/airflow/example_dags/example_xcom.py
[2024-10-19T00:32:36.322+0000] {logging_mixin.py:190} INFO - [2024-10-19T00:32:36.322+0000] {dag.py:3239} INFO - Sync 1 DAGs
[2024-10-19T00:32:36.341+0000] {logging_mixin.py:190} INFO - [2024-10-19T00:32:36.341+0000] {dag.py:4180} INFO - Setting next_dagrun for example_xcom to 2021-01-01 00:00:00+00:00, run_after=2021-01-01 00:00:00+00:00
[2024-10-19T00:32:36.357+0000] {processor.py:208} INFO - Processing /home/airflow/.local/lib/python3.12/site-packages/airflow/example_dags/example_xcom.py took 0.069 seconds
[2024-10-19T00:33:06.638+0000] {processor.py:186} INFO - Started process (PID=3538) to work on /home/airflow/.local/lib/python3.12/site-packages/airflow/example_dags/example_xcom.py
[2024-10-19T00:33:06.639+0000] {processor.py:914} INFO - Processing file /home/airflow/.local/lib/python3.12/site-packages/airflow/example_dags/example_xcom.py for tasks to queue
[2024-10-19T00:33:06.641+0000] {logging_mixin.py:190} INFO - [2024-10-19T00:33:06.641+0000] {dagbag.py:588} INFO - Filling up the DagBag from /home/airflow/.local/lib/python3.12/site-packages/airflow/example_dags/example_xcom.py
[2024-10-19T00:33:06.650+0000] {processor.py:925} INFO - DAG(s) 'example_xcom' retrieved from /home/airflow/.local/lib/python3.12/site-packages/airflow/example_dags/example_xcom.py
[2024-10-19T00:33:06.668+0000] {logging_mixin.py:190} INFO - [2024-10-19T00:33:06.667+0000] {dag.py:3239} INFO - Sync 1 DAGs
[2024-10-19T00:33:06.687+0000] {logging_mixin.py:190} INFO - [2024-10-19T00:33:06.687+0000] {dag.py:4180} INFO - Setting next_dagrun for example_xcom to 2021-01-01 00:00:00+00:00, run_after=2021-01-01 00:00:00+00:00
[2024-10-19T00:33:06.704+0000] {processor.py:208} INFO - Processing /home/airflow/.local/lib/python3.12/site-packages/airflow/example_dags/example_xcom.py took 0.072 seconds
[2024-10-19T00:33:37.136+0000] {processor.py:186} INFO - Started process (PID=3600) to work on /home/airflow/.local/lib/python3.12/site-packages/airflow/example_dags/example_xcom.py
[2024-10-19T00:33:37.137+0000] {processor.py:914} INFO - Processing file /home/airflow/.local/lib/python3.12/site-packages/airflow/example_dags/example_xcom.py for tasks to queue
[2024-10-19T00:33:37.139+0000] {logging_mixin.py:190} INFO - [2024-10-19T00:33:37.139+0000] {dagbag.py:588} INFO - Filling up the DagBag from /home/airflow/.local/lib/python3.12/site-packages/airflow/example_dags/example_xcom.py
[2024-10-19T00:33:37.147+0000] {processor.py:925} INFO - DAG(s) 'example_xcom' retrieved from /home/airflow/.local/lib/python3.12/site-packages/airflow/example_dags/example_xcom.py
[2024-10-19T00:33:37.164+0000] {logging_mixin.py:190} INFO - [2024-10-19T00:33:37.164+0000] {dag.py:3239} INFO - Sync 1 DAGs
[2024-10-19T00:33:37.183+0000] {logging_mixin.py:190} INFO - [2024-10-19T00:33:37.183+0000] {dag.py:4180} INFO - Setting next_dagrun for example_xcom to 2021-01-01 00:00:00+00:00, run_after=2021-01-01 00:00:00+00:00
[2024-10-19T00:33:37.199+0000] {processor.py:208} INFO - Processing /home/airflow/.local/lib/python3.12/site-packages/airflow/example_dags/example_xcom.py took 0.068 seconds
[2024-10-19T00:34:07.526+0000] {processor.py:186} INFO - Started process (PID=3662) to work on /home/airflow/.local/lib/python3.12/site-packages/airflow/example_dags/example_xcom.py
[2024-10-19T00:34:07.527+0000] {processor.py:914} INFO - Processing file /home/airflow/.local/lib/python3.12/site-packages/airflow/example_dags/example_xcom.py for tasks to queue
[2024-10-19T00:34:07.529+0000] {logging_mixin.py:190} INFO - [2024-10-19T00:34:07.529+0000] {dagbag.py:588} INFO - Filling up the DagBag from /home/airflow/.local/lib/python3.12/site-packages/airflow/example_dags/example_xcom.py
[2024-10-19T00:34:07.539+0000] {processor.py:925} INFO - DAG(s) 'example_xcom' retrieved from /home/airflow/.local/lib/python3.12/site-packages/airflow/example_dags/example_xcom.py
[2024-10-19T00:34:07.557+0000] {logging_mixin.py:190} INFO - [2024-10-19T00:34:07.557+0000] {dag.py:3239} INFO - Sync 1 DAGs
[2024-10-19T00:34:07.576+0000] {logging_mixin.py:190} INFO - [2024-10-19T00:34:07.575+0000] {dag.py:4180} INFO - Setting next_dagrun for example_xcom to 2021-01-01 00:00:00+00:00, run_after=2021-01-01 00:00:00+00:00
[2024-10-19T00:34:07.594+0000] {processor.py:208} INFO - Processing /home/airflow/.local/lib/python3.12/site-packages/airflow/example_dags/example_xcom.py took 0.073 seconds
[2024-10-19T00:34:37.896+0000] {processor.py:186} INFO - Started process (PID=3724) to work on /home/airflow/.local/lib/python3.12/site-packages/airflow/example_dags/example_xcom.py
[2024-10-19T00:34:37.897+0000] {processor.py:914} INFO - Processing file /home/airflow/.local/lib/python3.12/site-packages/airflow/example_dags/example_xcom.py for tasks to queue
[2024-10-19T00:34:37.900+0000] {logging_mixin.py:190} INFO - [2024-10-19T00:34:37.899+0000] {dagbag.py:588} INFO - Filling up the DagBag from /home/airflow/.local/lib/python3.12/site-packages/airflow/example_dags/example_xcom.py
[2024-10-19T00:34:37.907+0000] {processor.py:925} INFO - DAG(s) 'example_xcom' retrieved from /home/airflow/.local/lib/python3.12/site-packages/airflow/example_dags/example_xcom.py
[2024-10-19T00:34:37.926+0000] {logging_mixin.py:190} INFO - [2024-10-19T00:34:37.925+0000] {dag.py:3239} INFO - Sync 1 DAGs
[2024-10-19T00:34:37.943+0000] {logging_mixin.py:190} INFO - [2024-10-19T00:34:37.943+0000] {dag.py:4180} INFO - Setting next_dagrun for example_xcom to 2021-01-01 00:00:00+00:00, run_after=2021-01-01 00:00:00+00:00
[2024-10-19T00:34:37.962+0000] {processor.py:208} INFO - Processing /home/airflow/.local/lib/python3.12/site-packages/airflow/example_dags/example_xcom.py took 0.071 seconds
[2024-10-19T00:35:08.262+0000] {processor.py:186} INFO - Started process (PID=3785) to work on /home/airflow/.local/lib/python3.12/site-packages/airflow/example_dags/example_xcom.py
[2024-10-19T00:35:08.263+0000] {processor.py:914} INFO - Processing file /home/airflow/.local/lib/python3.12/site-packages/airflow/example_dags/example_xcom.py for tasks to queue
[2024-10-19T00:35:08.265+0000] {logging_mixin.py:190} INFO - [2024-10-19T00:35:08.265+0000] {dagbag.py:588} INFO - Filling up the DagBag from /home/airflow/.local/lib/python3.12/site-packages/airflow/example_dags/example_xcom.py
[2024-10-19T00:35:08.273+0000] {processor.py:925} INFO - DAG(s) 'example_xcom' retrieved from /home/airflow/.local/lib/python3.12/site-packages/airflow/example_dags/example_xcom.py
[2024-10-19T00:35:08.293+0000] {logging_mixin.py:190} INFO - [2024-10-19T00:35:08.293+0000] {dag.py:3239} INFO - Sync 1 DAGs
[2024-10-19T00:35:08.312+0000] {logging_mixin.py:190} INFO - [2024-10-19T00:35:08.311+0000] {dag.py:4180} INFO - Setting next_dagrun for example_xcom to 2021-01-01 00:00:00+00:00, run_after=2021-01-01 00:00:00+00:00
[2024-10-19T00:35:08.327+0000] {processor.py:208} INFO - Processing /home/airflow/.local/lib/python3.12/site-packages/airflow/example_dags/example_xcom.py took 0.070 seconds
[2024-10-19T00:35:38.767+0000] {processor.py:186} INFO - Started process (PID=3847) to work on /home/airflow/.local/lib/python3.12/site-packages/airflow/example_dags/example_xcom.py
[2024-10-19T00:35:38.768+0000] {processor.py:914} INFO - Processing file /home/airflow/.local/lib/python3.12/site-packages/airflow/example_dags/example_xcom.py for tasks to queue
[2024-10-19T00:35:38.770+0000] {logging_mixin.py:190} INFO - [2024-10-19T00:35:38.770+0000] {dagbag.py:588} INFO - Filling up the DagBag from /home/airflow/.local/lib/python3.12/site-packages/airflow/example_dags/example_xcom.py
[2024-10-19T00:35:38.778+0000] {processor.py:925} INFO - DAG(s) 'example_xcom' retrieved from /home/airflow/.local/lib/python3.12/site-packages/airflow/example_dags/example_xcom.py
[2024-10-19T00:35:38.796+0000] {logging_mixin.py:190} INFO - [2024-10-19T00:35:38.795+0000] {dag.py:3239} INFO - Sync 1 DAGs
[2024-10-19T00:35:38.815+0000] {logging_mixin.py:190} INFO - [2024-10-19T00:35:38.814+0000] {dag.py:4180} INFO - Setting next_dagrun for example_xcom to 2021-01-01 00:00:00+00:00, run_after=2021-01-01 00:00:00+00:00
[2024-10-19T00:35:38.830+0000] {processor.py:208} INFO - Processing /home/airflow/.local/lib/python3.12/site-packages/airflow/example_dags/example_xcom.py took 0.068 seconds
[2024-10-19T00:36:09.457+0000] {processor.py:186} INFO - Started process (PID=3909) to work on /home/airflow/.local/lib/python3.12/site-packages/airflow/example_dags/example_xcom.py
[2024-10-19T00:36:09.458+0000] {processor.py:914} INFO - Processing file /home/airflow/.local/lib/python3.12/site-packages/airflow/example_dags/example_xcom.py for tasks to queue
[2024-10-19T00:36:09.461+0000] {logging_mixin.py:190} INFO - [2024-10-19T00:36:09.461+0000] {dagbag.py:588} INFO - Filling up the DagBag from /home/airflow/.local/lib/python3.12/site-packages/airflow/example_dags/example_xcom.py
[2024-10-19T00:36:09.469+0000] {processor.py:925} INFO - DAG(s) 'example_xcom' retrieved from /home/airflow/.local/lib/python3.12/site-packages/airflow/example_dags/example_xcom.py
[2024-10-19T00:36:09.488+0000] {logging_mixin.py:190} INFO - [2024-10-19T00:36:09.487+0000] {dag.py:3239} INFO - Sync 1 DAGs
[2024-10-19T00:36:09.508+0000] {logging_mixin.py:190} INFO - [2024-10-19T00:36:09.508+0000] {dag.py:4180} INFO - Setting next_dagrun for example_xcom to 2021-01-01 00:00:00+00:00, run_after=2021-01-01 00:00:00+00:00
[2024-10-19T00:36:09.528+0000] {processor.py:208} INFO - Processing /home/airflow/.local/lib/python3.12/site-packages/airflow/example_dags/example_xcom.py took 0.076 seconds
