[2024-10-19T00:04:52.411+0000] {processor.py:186} INFO - Started process (PID=79) to work on /home/airflow/.local/lib/python3.12/site-packages/airflow/example_dags/example_complex.py
[2024-10-19T00:04:52.412+0000] {processor.py:914} INFO - Processing file /home/airflow/.local/lib/python3.12/site-packages/airflow/example_dags/example_complex.py for tasks to queue
[2024-10-19T00:04:52.415+0000] {logging_mixin.py:190} INFO - [2024-10-19T00:04:52.415+0000] {dagbag.py:588} INFO - Filling up the DagBag from /home/airflow/.local/lib/python3.12/site-packages/airflow/example_dags/example_complex.py
[2024-10-19T00:04:52.433+0000] {processor.py:925} INFO - DAG(s) 'example_complex' retrieved from /home/airflow/.local/lib/python3.12/site-packages/airflow/example_dags/example_complex.py
[2024-10-19T00:04:52.573+0000] {logging_mixin.py:190} INFO - [2024-10-19T00:04:52.572+0000] {override.py:1900} INFO - Created Permission View: can delete on DAG:example_complex
[2024-10-19T00:04:52.585+0000] {logging_mixin.py:190} INFO - [2024-10-19T00:04:52.585+0000] {override.py:1900} INFO - Created Permission View: can read on DAG:example_complex
[2024-10-19T00:04:52.592+0000] {logging_mixin.py:190} INFO - [2024-10-19T00:04:52.592+0000] {override.py:1900} INFO - Created Permission View: can edit on DAG:example_complex
[2024-10-19T00:04:52.602+0000] {logging_mixin.py:190} INFO - [2024-10-19T00:04:52.602+0000] {override.py:1900} INFO - Created Permission View: can delete on DAG Run:example_complex
[2024-10-19T00:04:52.612+0000] {logging_mixin.py:190} INFO - [2024-10-19T00:04:52.612+0000] {override.py:1900} INFO - Created Permission View: can read on DAG Run:example_complex
[2024-10-19T00:04:52.620+0000] {logging_mixin.py:190} INFO - [2024-10-19T00:04:52.620+0000] {override.py:1900} INFO - Created Permission View: menu access on DAG Run:example_complex
[2024-10-19T00:04:52.630+0000] {logging_mixin.py:190} INFO - [2024-10-19T00:04:52.629+0000] {override.py:1900} INFO - Created Permission View: can create on DAG Run:example_complex
[2024-10-19T00:04:52.631+0000] {logging_mixin.py:190} INFO - [2024-10-19T00:04:52.631+0000] {dag.py:3239} INFO - Sync 1 DAGs
[2024-10-19T00:04:52.661+0000] {logging_mixin.py:190} INFO - [2024-10-19T00:04:52.661+0000] {dag.py:3262} INFO - Creating ORM DAG for example_complex
[2024-10-19T00:04:52.664+0000] {logging_mixin.py:190} INFO - [2024-10-19T00:04:52.663+0000] {dag.py:4180} INFO - Setting next_dagrun for example_complex to None, run_after=None
[2024-10-19T00:04:52.706+0000] {processor.py:208} INFO - Processing /home/airflow/.local/lib/python3.12/site-packages/airflow/example_dags/example_complex.py took 0.303 seconds
[2024-10-19T00:05:22.894+0000] {processor.py:186} INFO - Started process (PID=141) to work on /home/airflow/.local/lib/python3.12/site-packages/airflow/example_dags/example_complex.py
[2024-10-19T00:05:22.895+0000] {processor.py:914} INFO - Processing file /home/airflow/.local/lib/python3.12/site-packages/airflow/example_dags/example_complex.py for tasks to queue
[2024-10-19T00:05:22.897+0000] {logging_mixin.py:190} INFO - [2024-10-19T00:05:22.897+0000] {dagbag.py:588} INFO - Filling up the DagBag from /home/airflow/.local/lib/python3.12/site-packages/airflow/example_dags/example_complex.py
[2024-10-19T00:05:22.906+0000] {processor.py:925} INFO - DAG(s) 'example_complex' retrieved from /home/airflow/.local/lib/python3.12/site-packages/airflow/example_dags/example_complex.py
[2024-10-19T00:05:22.933+0000] {logging_mixin.py:190} INFO - [2024-10-19T00:05:22.933+0000] {dag.py:3239} INFO - Sync 1 DAGs
[2024-10-19T00:05:22.948+0000] {logging_mixin.py:190} INFO - [2024-10-19T00:05:22.948+0000] {dag.py:4180} INFO - Setting next_dagrun for example_complex to None, run_after=None
[2024-10-19T00:05:22.966+0000] {processor.py:208} INFO - Processing /home/airflow/.local/lib/python3.12/site-packages/airflow/example_dags/example_complex.py took 0.076 seconds
[2024-10-19T00:05:53.440+0000] {processor.py:186} INFO - Started process (PID=203) to work on /home/airflow/.local/lib/python3.12/site-packages/airflow/example_dags/example_complex.py
[2024-10-19T00:05:53.441+0000] {processor.py:914} INFO - Processing file /home/airflow/.local/lib/python3.12/site-packages/airflow/example_dags/example_complex.py for tasks to queue
[2024-10-19T00:05:53.443+0000] {logging_mixin.py:190} INFO - [2024-10-19T00:05:53.443+0000] {dagbag.py:588} INFO - Filling up the DagBag from /home/airflow/.local/lib/python3.12/site-packages/airflow/example_dags/example_complex.py
[2024-10-19T00:05:53.454+0000] {processor.py:925} INFO - DAG(s) 'example_complex' retrieved from /home/airflow/.local/lib/python3.12/site-packages/airflow/example_dags/example_complex.py
[2024-10-19T00:05:53.482+0000] {logging_mixin.py:190} INFO - [2024-10-19T00:05:53.482+0000] {dag.py:3239} INFO - Sync 1 DAGs
[2024-10-19T00:05:53.495+0000] {logging_mixin.py:190} INFO - [2024-10-19T00:05:53.494+0000] {dag.py:4180} INFO - Setting next_dagrun for example_complex to None, run_after=None
[2024-10-19T00:05:53.514+0000] {processor.py:208} INFO - Processing /home/airflow/.local/lib/python3.12/site-packages/airflow/example_dags/example_complex.py took 0.080 seconds
[2024-10-19T00:06:24.478+0000] {processor.py:186} INFO - Started process (PID=264) to work on /home/airflow/.local/lib/python3.12/site-packages/airflow/example_dags/example_complex.py
[2024-10-19T00:06:24.480+0000] {processor.py:914} INFO - Processing file /home/airflow/.local/lib/python3.12/site-packages/airflow/example_dags/example_complex.py for tasks to queue
[2024-10-19T00:06:24.484+0000] {logging_mixin.py:190} INFO - [2024-10-19T00:06:24.483+0000] {dagbag.py:588} INFO - Filling up the DagBag from /home/airflow/.local/lib/python3.12/site-packages/airflow/example_dags/example_complex.py
[2024-10-19T00:06:24.503+0000] {processor.py:925} INFO - DAG(s) 'example_complex' retrieved from /home/airflow/.local/lib/python3.12/site-packages/airflow/example_dags/example_complex.py
[2024-10-19T00:06:24.546+0000] {logging_mixin.py:190} INFO - [2024-10-19T00:06:24.545+0000] {dag.py:3239} INFO - Sync 1 DAGs
[2024-10-19T00:06:24.565+0000] {logging_mixin.py:190} INFO - [2024-10-19T00:06:24.565+0000] {dag.py:4180} INFO - Setting next_dagrun for example_complex to None, run_after=None
[2024-10-19T00:06:24.589+0000] {processor.py:208} INFO - Processing /home/airflow/.local/lib/python3.12/site-packages/airflow/example_dags/example_complex.py took 0.121 seconds
[2024-10-19T00:06:54.780+0000] {processor.py:186} INFO - Started process (PID=326) to work on /home/airflow/.local/lib/python3.12/site-packages/airflow/example_dags/example_complex.py
[2024-10-19T00:06:54.780+0000] {processor.py:914} INFO - Processing file /home/airflow/.local/lib/python3.12/site-packages/airflow/example_dags/example_complex.py for tasks to queue
[2024-10-19T00:06:54.783+0000] {logging_mixin.py:190} INFO - [2024-10-19T00:06:54.782+0000] {dagbag.py:588} INFO - Filling up the DagBag from /home/airflow/.local/lib/python3.12/site-packages/airflow/example_dags/example_complex.py
[2024-10-19T00:06:54.793+0000] {processor.py:925} INFO - DAG(s) 'example_complex' retrieved from /home/airflow/.local/lib/python3.12/site-packages/airflow/example_dags/example_complex.py
[2024-10-19T00:06:54.822+0000] {logging_mixin.py:190} INFO - [2024-10-19T00:06:54.821+0000] {dag.py:3239} INFO - Sync 1 DAGs
[2024-10-19T00:06:54.835+0000] {logging_mixin.py:190} INFO - [2024-10-19T00:06:54.835+0000] {dag.py:4180} INFO - Setting next_dagrun for example_complex to None, run_after=None
[2024-10-19T00:06:54.854+0000] {processor.py:208} INFO - Processing /home/airflow/.local/lib/python3.12/site-packages/airflow/example_dags/example_complex.py took 0.080 seconds
[2024-10-19T00:07:25.424+0000] {processor.py:186} INFO - Started process (PID=388) to work on /home/airflow/.local/lib/python3.12/site-packages/airflow/example_dags/example_complex.py
[2024-10-19T00:07:25.425+0000] {processor.py:914} INFO - Processing file /home/airflow/.local/lib/python3.12/site-packages/airflow/example_dags/example_complex.py for tasks to queue
[2024-10-19T00:07:25.432+0000] {logging_mixin.py:190} INFO - [2024-10-19T00:07:25.431+0000] {dagbag.py:588} INFO - Filling up the DagBag from /home/airflow/.local/lib/python3.12/site-packages/airflow/example_dags/example_complex.py
[2024-10-19T00:07:25.448+0000] {processor.py:925} INFO - DAG(s) 'example_complex' retrieved from /home/airflow/.local/lib/python3.12/site-packages/airflow/example_dags/example_complex.py
[2024-10-19T00:07:25.475+0000] {logging_mixin.py:190} INFO - [2024-10-19T00:07:25.475+0000] {dag.py:3239} INFO - Sync 1 DAGs
[2024-10-19T00:07:25.487+0000] {logging_mixin.py:190} INFO - [2024-10-19T00:07:25.487+0000] {dag.py:4180} INFO - Setting next_dagrun for example_complex to None, run_after=None
[2024-10-19T00:07:25.504+0000] {processor.py:208} INFO - Processing /home/airflow/.local/lib/python3.12/site-packages/airflow/example_dags/example_complex.py took 0.086 seconds
[2024-10-19T00:07:56.080+0000] {processor.py:186} INFO - Started process (PID=451) to work on /home/airflow/.local/lib/python3.12/site-packages/airflow/example_dags/example_complex.py
[2024-10-19T00:07:56.081+0000] {processor.py:914} INFO - Processing file /home/airflow/.local/lib/python3.12/site-packages/airflow/example_dags/example_complex.py for tasks to queue
[2024-10-19T00:07:56.083+0000] {logging_mixin.py:190} INFO - [2024-10-19T00:07:56.083+0000] {dagbag.py:588} INFO - Filling up the DagBag from /home/airflow/.local/lib/python3.12/site-packages/airflow/example_dags/example_complex.py
[2024-10-19T00:07:56.094+0000] {processor.py:925} INFO - DAG(s) 'example_complex' retrieved from /home/airflow/.local/lib/python3.12/site-packages/airflow/example_dags/example_complex.py
[2024-10-19T00:07:56.127+0000] {logging_mixin.py:190} INFO - [2024-10-19T00:07:56.127+0000] {dag.py:3239} INFO - Sync 1 DAGs
[2024-10-19T00:07:56.140+0000] {logging_mixin.py:190} INFO - [2024-10-19T00:07:56.140+0000] {dag.py:4180} INFO - Setting next_dagrun for example_complex to None, run_after=None
[2024-10-19T00:07:56.163+0000] {processor.py:208} INFO - Processing /home/airflow/.local/lib/python3.12/site-packages/airflow/example_dags/example_complex.py took 0.088 seconds
[2024-10-19T00:08:26.600+0000] {processor.py:186} INFO - Started process (PID=514) to work on /home/airflow/.local/lib/python3.12/site-packages/airflow/example_dags/example_complex.py
[2024-10-19T00:08:26.602+0000] {processor.py:914} INFO - Processing file /home/airflow/.local/lib/python3.12/site-packages/airflow/example_dags/example_complex.py for tasks to queue
[2024-10-19T00:08:26.605+0000] {logging_mixin.py:190} INFO - [2024-10-19T00:08:26.605+0000] {dagbag.py:588} INFO - Filling up the DagBag from /home/airflow/.local/lib/python3.12/site-packages/airflow/example_dags/example_complex.py
[2024-10-19T00:08:26.621+0000] {processor.py:925} INFO - DAG(s) 'example_complex' retrieved from /home/airflow/.local/lib/python3.12/site-packages/airflow/example_dags/example_complex.py
[2024-10-19T00:08:26.659+0000] {logging_mixin.py:190} INFO - [2024-10-19T00:08:26.659+0000] {dag.py:3239} INFO - Sync 1 DAGs
[2024-10-19T00:08:26.675+0000] {logging_mixin.py:190} INFO - [2024-10-19T00:08:26.675+0000] {dag.py:4180} INFO - Setting next_dagrun for example_complex to None, run_after=None
[2024-10-19T00:08:26.696+0000] {processor.py:208} INFO - Processing /home/airflow/.local/lib/python3.12/site-packages/airflow/example_dags/example_complex.py took 0.104 seconds
[2024-10-19T00:08:57.736+0000] {processor.py:186} INFO - Started process (PID=577) to work on /home/airflow/.local/lib/python3.12/site-packages/airflow/example_dags/example_complex.py
[2024-10-19T00:08:57.737+0000] {processor.py:914} INFO - Processing file /home/airflow/.local/lib/python3.12/site-packages/airflow/example_dags/example_complex.py for tasks to queue
[2024-10-19T00:08:57.739+0000] {logging_mixin.py:190} INFO - [2024-10-19T00:08:57.739+0000] {dagbag.py:588} INFO - Filling up the DagBag from /home/airflow/.local/lib/python3.12/site-packages/airflow/example_dags/example_complex.py
[2024-10-19T00:08:57.749+0000] {processor.py:925} INFO - DAG(s) 'example_complex' retrieved from /home/airflow/.local/lib/python3.12/site-packages/airflow/example_dags/example_complex.py
[2024-10-19T00:08:57.780+0000] {logging_mixin.py:190} INFO - [2024-10-19T00:08:57.780+0000] {dag.py:3239} INFO - Sync 1 DAGs
[2024-10-19T00:08:57.793+0000] {logging_mixin.py:190} INFO - [2024-10-19T00:08:57.793+0000] {dag.py:4180} INFO - Setting next_dagrun for example_complex to None, run_after=None
[2024-10-19T00:08:57.814+0000] {processor.py:208} INFO - Processing /home/airflow/.local/lib/python3.12/site-packages/airflow/example_dags/example_complex.py took 0.083 seconds
[2024-10-19T00:09:27.971+0000] {processor.py:186} INFO - Started process (PID=640) to work on /home/airflow/.local/lib/python3.12/site-packages/airflow/example_dags/example_complex.py
[2024-10-19T00:09:27.972+0000] {processor.py:914} INFO - Processing file /home/airflow/.local/lib/python3.12/site-packages/airflow/example_dags/example_complex.py for tasks to queue
[2024-10-19T00:09:27.974+0000] {logging_mixin.py:190} INFO - [2024-10-19T00:09:27.973+0000] {dagbag.py:588} INFO - Filling up the DagBag from /home/airflow/.local/lib/python3.12/site-packages/airflow/example_dags/example_complex.py
[2024-10-19T00:09:27.983+0000] {processor.py:925} INFO - DAG(s) 'example_complex' retrieved from /home/airflow/.local/lib/python3.12/site-packages/airflow/example_dags/example_complex.py
[2024-10-19T00:09:28.009+0000] {logging_mixin.py:190} INFO - [2024-10-19T00:09:28.009+0000] {dag.py:3239} INFO - Sync 1 DAGs
[2024-10-19T00:09:28.021+0000] {logging_mixin.py:190} INFO - [2024-10-19T00:09:28.021+0000] {dag.py:4180} INFO - Setting next_dagrun for example_complex to None, run_after=None
[2024-10-19T00:09:28.037+0000] {processor.py:208} INFO - Processing /home/airflow/.local/lib/python3.12/site-packages/airflow/example_dags/example_complex.py took 0.071 seconds
[2024-10-19T00:09:58.589+0000] {processor.py:186} INFO - Started process (PID=702) to work on /home/airflow/.local/lib/python3.12/site-packages/airflow/example_dags/example_complex.py
[2024-10-19T00:09:58.590+0000] {processor.py:914} INFO - Processing file /home/airflow/.local/lib/python3.12/site-packages/airflow/example_dags/example_complex.py for tasks to queue
[2024-10-19T00:09:58.593+0000] {logging_mixin.py:190} INFO - [2024-10-19T00:09:58.592+0000] {dagbag.py:588} INFO - Filling up the DagBag from /home/airflow/.local/lib/python3.12/site-packages/airflow/example_dags/example_complex.py
[2024-10-19T00:09:58.603+0000] {processor.py:925} INFO - DAG(s) 'example_complex' retrieved from /home/airflow/.local/lib/python3.12/site-packages/airflow/example_dags/example_complex.py
[2024-10-19T00:09:58.631+0000] {logging_mixin.py:190} INFO - [2024-10-19T00:09:58.631+0000] {dag.py:3239} INFO - Sync 1 DAGs
[2024-10-19T00:09:58.645+0000] {logging_mixin.py:190} INFO - [2024-10-19T00:09:58.645+0000] {dag.py:4180} INFO - Setting next_dagrun for example_complex to None, run_after=None
[2024-10-19T00:09:58.665+0000] {processor.py:208} INFO - Processing /home/airflow/.local/lib/python3.12/site-packages/airflow/example_dags/example_complex.py took 0.082 seconds
[2024-10-19T00:10:29.829+0000] {processor.py:186} INFO - Started process (PID=764) to work on /home/airflow/.local/lib/python3.12/site-packages/airflow/example_dags/example_complex.py
[2024-10-19T00:10:29.830+0000] {processor.py:914} INFO - Processing file /home/airflow/.local/lib/python3.12/site-packages/airflow/example_dags/example_complex.py for tasks to queue
[2024-10-19T00:10:29.834+0000] {logging_mixin.py:190} INFO - [2024-10-19T00:10:29.833+0000] {dagbag.py:588} INFO - Filling up the DagBag from /home/airflow/.local/lib/python3.12/site-packages/airflow/example_dags/example_complex.py
[2024-10-19T00:10:29.846+0000] {processor.py:925} INFO - DAG(s) 'example_complex' retrieved from /home/airflow/.local/lib/python3.12/site-packages/airflow/example_dags/example_complex.py
[2024-10-19T00:10:29.878+0000] {logging_mixin.py:190} INFO - [2024-10-19T00:10:29.878+0000] {dag.py:3239} INFO - Sync 1 DAGs
[2024-10-19T00:10:29.895+0000] {logging_mixin.py:190} INFO - [2024-10-19T00:10:29.894+0000] {dag.py:4180} INFO - Setting next_dagrun for example_complex to None, run_after=None
[2024-10-19T00:10:29.919+0000] {processor.py:208} INFO - Processing /home/airflow/.local/lib/python3.12/site-packages/airflow/example_dags/example_complex.py took 0.096 seconds
[2024-10-19T00:11:00.749+0000] {processor.py:186} INFO - Started process (PID=826) to work on /home/airflow/.local/lib/python3.12/site-packages/airflow/example_dags/example_complex.py
[2024-10-19T00:11:00.750+0000] {processor.py:914} INFO - Processing file /home/airflow/.local/lib/python3.12/site-packages/airflow/example_dags/example_complex.py for tasks to queue
[2024-10-19T00:11:00.753+0000] {logging_mixin.py:190} INFO - [2024-10-19T00:11:00.753+0000] {dagbag.py:588} INFO - Filling up the DagBag from /home/airflow/.local/lib/python3.12/site-packages/airflow/example_dags/example_complex.py
[2024-10-19T00:11:00.767+0000] {processor.py:925} INFO - DAG(s) 'example_complex' retrieved from /home/airflow/.local/lib/python3.12/site-packages/airflow/example_dags/example_complex.py
[2024-10-19T00:11:00.808+0000] {logging_mixin.py:190} INFO - [2024-10-19T00:11:00.807+0000] {dag.py:3239} INFO - Sync 1 DAGs
[2024-10-19T00:11:00.829+0000] {logging_mixin.py:190} INFO - [2024-10-19T00:11:00.828+0000] {dag.py:4180} INFO - Setting next_dagrun for example_complex to None, run_after=None
[2024-10-19T00:11:00.861+0000] {processor.py:208} INFO - Processing /home/airflow/.local/lib/python3.12/site-packages/airflow/example_dags/example_complex.py took 0.118 seconds
[2024-10-19T00:11:31.183+0000] {processor.py:186} INFO - Started process (PID=888) to work on /home/airflow/.local/lib/python3.12/site-packages/airflow/example_dags/example_complex.py
[2024-10-19T00:11:31.185+0000] {processor.py:914} INFO - Processing file /home/airflow/.local/lib/python3.12/site-packages/airflow/example_dags/example_complex.py for tasks to queue
[2024-10-19T00:11:31.187+0000] {logging_mixin.py:190} INFO - [2024-10-19T00:11:31.187+0000] {dagbag.py:588} INFO - Filling up the DagBag from /home/airflow/.local/lib/python3.12/site-packages/airflow/example_dags/example_complex.py
[2024-10-19T00:11:31.198+0000] {processor.py:925} INFO - DAG(s) 'example_complex' retrieved from /home/airflow/.local/lib/python3.12/site-packages/airflow/example_dags/example_complex.py
[2024-10-19T00:11:31.226+0000] {logging_mixin.py:190} INFO - [2024-10-19T00:11:31.226+0000] {dag.py:3239} INFO - Sync 1 DAGs
[2024-10-19T00:11:31.239+0000] {logging_mixin.py:190} INFO - [2024-10-19T00:11:31.239+0000] {dag.py:4180} INFO - Setting next_dagrun for example_complex to None, run_after=None
[2024-10-19T00:11:31.257+0000] {processor.py:208} INFO - Processing /home/airflow/.local/lib/python3.12/site-packages/airflow/example_dags/example_complex.py took 0.081 seconds
[2024-10-19T00:12:01.904+0000] {processor.py:186} INFO - Started process (PID=951) to work on /home/airflow/.local/lib/python3.12/site-packages/airflow/example_dags/example_complex.py
[2024-10-19T00:12:01.905+0000] {processor.py:914} INFO - Processing file /home/airflow/.local/lib/python3.12/site-packages/airflow/example_dags/example_complex.py for tasks to queue
[2024-10-19T00:12:01.907+0000] {logging_mixin.py:190} INFO - [2024-10-19T00:12:01.907+0000] {dagbag.py:588} INFO - Filling up the DagBag from /home/airflow/.local/lib/python3.12/site-packages/airflow/example_dags/example_complex.py
[2024-10-19T00:12:01.917+0000] {processor.py:925} INFO - DAG(s) 'example_complex' retrieved from /home/airflow/.local/lib/python3.12/site-packages/airflow/example_dags/example_complex.py
[2024-10-19T00:12:01.945+0000] {logging_mixin.py:190} INFO - [2024-10-19T00:12:01.944+0000] {dag.py:3239} INFO - Sync 1 DAGs
[2024-10-19T00:12:01.957+0000] {logging_mixin.py:190} INFO - [2024-10-19T00:12:01.957+0000] {dag.py:4180} INFO - Setting next_dagrun for example_complex to None, run_after=None
[2024-10-19T00:12:01.977+0000] {processor.py:208} INFO - Processing /home/airflow/.local/lib/python3.12/site-packages/airflow/example_dags/example_complex.py took 0.078 seconds
[2024-10-19T00:12:32.595+0000] {processor.py:186} INFO - Started process (PID=1012) to work on /home/airflow/.local/lib/python3.12/site-packages/airflow/example_dags/example_complex.py
[2024-10-19T00:12:32.596+0000] {processor.py:914} INFO - Processing file /home/airflow/.local/lib/python3.12/site-packages/airflow/example_dags/example_complex.py for tasks to queue
[2024-10-19T00:12:32.599+0000] {logging_mixin.py:190} INFO - [2024-10-19T00:12:32.598+0000] {dagbag.py:588} INFO - Filling up the DagBag from /home/airflow/.local/lib/python3.12/site-packages/airflow/example_dags/example_complex.py
[2024-10-19T00:12:32.611+0000] {processor.py:925} INFO - DAG(s) 'example_complex' retrieved from /home/airflow/.local/lib/python3.12/site-packages/airflow/example_dags/example_complex.py
[2024-10-19T00:12:32.643+0000] {logging_mixin.py:190} INFO - [2024-10-19T00:12:32.642+0000] {dag.py:3239} INFO - Sync 1 DAGs
[2024-10-19T00:12:32.657+0000] {logging_mixin.py:190} INFO - [2024-10-19T00:12:32.657+0000] {dag.py:4180} INFO - Setting next_dagrun for example_complex to None, run_after=None
[2024-10-19T00:12:32.679+0000] {processor.py:208} INFO - Processing /home/airflow/.local/lib/python3.12/site-packages/airflow/example_dags/example_complex.py took 0.091 seconds
[2024-10-19T00:13:03.155+0000] {processor.py:186} INFO - Started process (PID=1073) to work on /home/airflow/.local/lib/python3.12/site-packages/airflow/example_dags/example_complex.py
[2024-10-19T00:13:03.156+0000] {processor.py:914} INFO - Processing file /home/airflow/.local/lib/python3.12/site-packages/airflow/example_dags/example_complex.py for tasks to queue
[2024-10-19T00:13:03.159+0000] {logging_mixin.py:190} INFO - [2024-10-19T00:13:03.158+0000] {dagbag.py:588} INFO - Filling up the DagBag from /home/airflow/.local/lib/python3.12/site-packages/airflow/example_dags/example_complex.py
[2024-10-19T00:13:03.171+0000] {processor.py:925} INFO - DAG(s) 'example_complex' retrieved from /home/airflow/.local/lib/python3.12/site-packages/airflow/example_dags/example_complex.py
[2024-10-19T00:13:03.201+0000] {logging_mixin.py:190} INFO - [2024-10-19T00:13:03.200+0000] {dag.py:3239} INFO - Sync 1 DAGs
[2024-10-19T00:13:03.215+0000] {logging_mixin.py:190} INFO - [2024-10-19T00:13:03.215+0000] {dag.py:4180} INFO - Setting next_dagrun for example_complex to None, run_after=None
[2024-10-19T00:13:03.235+0000] {processor.py:208} INFO - Processing /home/airflow/.local/lib/python3.12/site-packages/airflow/example_dags/example_complex.py took 0.086 seconds
[2024-10-19T00:13:33.499+0000] {processor.py:186} INFO - Started process (PID=1136) to work on /home/airflow/.local/lib/python3.12/site-packages/airflow/example_dags/example_complex.py
[2024-10-19T00:13:33.500+0000] {processor.py:914} INFO - Processing file /home/airflow/.local/lib/python3.12/site-packages/airflow/example_dags/example_complex.py for tasks to queue
[2024-10-19T00:13:33.502+0000] {logging_mixin.py:190} INFO - [2024-10-19T00:13:33.502+0000] {dagbag.py:588} INFO - Filling up the DagBag from /home/airflow/.local/lib/python3.12/site-packages/airflow/example_dags/example_complex.py
[2024-10-19T00:13:33.512+0000] {processor.py:925} INFO - DAG(s) 'example_complex' retrieved from /home/airflow/.local/lib/python3.12/site-packages/airflow/example_dags/example_complex.py
[2024-10-19T00:13:33.539+0000] {logging_mixin.py:190} INFO - [2024-10-19T00:13:33.539+0000] {dag.py:3239} INFO - Sync 1 DAGs
[2024-10-19T00:13:33.551+0000] {logging_mixin.py:190} INFO - [2024-10-19T00:13:33.551+0000] {dag.py:4180} INFO - Setting next_dagrun for example_complex to None, run_after=None
[2024-10-19T00:13:33.569+0000] {processor.py:208} INFO - Processing /home/airflow/.local/lib/python3.12/site-packages/airflow/example_dags/example_complex.py took 0.076 seconds
[2024-10-19T00:14:04.139+0000] {processor.py:186} INFO - Started process (PID=1198) to work on /home/airflow/.local/lib/python3.12/site-packages/airflow/example_dags/example_complex.py
[2024-10-19T00:14:04.140+0000] {processor.py:914} INFO - Processing file /home/airflow/.local/lib/python3.12/site-packages/airflow/example_dags/example_complex.py for tasks to queue
[2024-10-19T00:14:04.142+0000] {logging_mixin.py:190} INFO - [2024-10-19T00:14:04.142+0000] {dagbag.py:588} INFO - Filling up the DagBag from /home/airflow/.local/lib/python3.12/site-packages/airflow/example_dags/example_complex.py
[2024-10-19T00:14:04.154+0000] {processor.py:925} INFO - DAG(s) 'example_complex' retrieved from /home/airflow/.local/lib/python3.12/site-packages/airflow/example_dags/example_complex.py
[2024-10-19T00:14:04.185+0000] {logging_mixin.py:190} INFO - [2024-10-19T00:14:04.185+0000] {dag.py:3239} INFO - Sync 1 DAGs
[2024-10-19T00:14:04.199+0000] {logging_mixin.py:190} INFO - [2024-10-19T00:14:04.199+0000] {dag.py:4180} INFO - Setting next_dagrun for example_complex to None, run_after=None
[2024-10-19T00:14:04.218+0000] {processor.py:208} INFO - Processing /home/airflow/.local/lib/python3.12/site-packages/airflow/example_dags/example_complex.py took 0.085 seconds
[2024-10-19T00:14:34.776+0000] {processor.py:186} INFO - Started process (PID=1260) to work on /home/airflow/.local/lib/python3.12/site-packages/airflow/example_dags/example_complex.py
[2024-10-19T00:14:34.777+0000] {processor.py:914} INFO - Processing file /home/airflow/.local/lib/python3.12/site-packages/airflow/example_dags/example_complex.py for tasks to queue
[2024-10-19T00:14:34.779+0000] {logging_mixin.py:190} INFO - [2024-10-19T00:14:34.779+0000] {dagbag.py:588} INFO - Filling up the DagBag from /home/airflow/.local/lib/python3.12/site-packages/airflow/example_dags/example_complex.py
[2024-10-19T00:14:34.790+0000] {processor.py:925} INFO - DAG(s) 'example_complex' retrieved from /home/airflow/.local/lib/python3.12/site-packages/airflow/example_dags/example_complex.py
[2024-10-19T00:14:34.815+0000] {logging_mixin.py:190} INFO - [2024-10-19T00:14:34.815+0000] {dag.py:3239} INFO - Sync 1 DAGs
[2024-10-19T00:14:34.827+0000] {logging_mixin.py:190} INFO - [2024-10-19T00:14:34.826+0000] {dag.py:4180} INFO - Setting next_dagrun for example_complex to None, run_after=None
[2024-10-19T00:14:34.845+0000] {processor.py:208} INFO - Processing /home/airflow/.local/lib/python3.12/site-packages/airflow/example_dags/example_complex.py took 0.075 seconds
[2024-10-19T00:15:05.446+0000] {processor.py:186} INFO - Started process (PID=1322) to work on /home/airflow/.local/lib/python3.12/site-packages/airflow/example_dags/example_complex.py
[2024-10-19T00:15:05.447+0000] {processor.py:914} INFO - Processing file /home/airflow/.local/lib/python3.12/site-packages/airflow/example_dags/example_complex.py for tasks to queue
[2024-10-19T00:15:05.449+0000] {logging_mixin.py:190} INFO - [2024-10-19T00:15:05.449+0000] {dagbag.py:588} INFO - Filling up the DagBag from /home/airflow/.local/lib/python3.12/site-packages/airflow/example_dags/example_complex.py
[2024-10-19T00:15:05.457+0000] {processor.py:925} INFO - DAG(s) 'example_complex' retrieved from /home/airflow/.local/lib/python3.12/site-packages/airflow/example_dags/example_complex.py
[2024-10-19T00:15:05.486+0000] {logging_mixin.py:190} INFO - [2024-10-19T00:15:05.485+0000] {dag.py:3239} INFO - Sync 1 DAGs
[2024-10-19T00:15:05.498+0000] {logging_mixin.py:190} INFO - [2024-10-19T00:15:05.498+0000] {dag.py:4180} INFO - Setting next_dagrun for example_complex to None, run_after=None
[2024-10-19T00:15:05.519+0000] {processor.py:208} INFO - Processing /home/airflow/.local/lib/python3.12/site-packages/airflow/example_dags/example_complex.py took 0.077 seconds
[2024-10-19T00:15:36.296+0000] {processor.py:186} INFO - Started process (PID=1384) to work on /home/airflow/.local/lib/python3.12/site-packages/airflow/example_dags/example_complex.py
[2024-10-19T00:15:36.297+0000] {processor.py:914} INFO - Processing file /home/airflow/.local/lib/python3.12/site-packages/airflow/example_dags/example_complex.py for tasks to queue
[2024-10-19T00:15:36.299+0000] {logging_mixin.py:190} INFO - [2024-10-19T00:15:36.299+0000] {dagbag.py:588} INFO - Filling up the DagBag from /home/airflow/.local/lib/python3.12/site-packages/airflow/example_dags/example_complex.py
[2024-10-19T00:15:36.309+0000] {processor.py:925} INFO - DAG(s) 'example_complex' retrieved from /home/airflow/.local/lib/python3.12/site-packages/airflow/example_dags/example_complex.py
[2024-10-19T00:15:36.337+0000] {logging_mixin.py:190} INFO - [2024-10-19T00:15:36.337+0000] {dag.py:3239} INFO - Sync 1 DAGs
[2024-10-19T00:15:36.351+0000] {logging_mixin.py:190} INFO - [2024-10-19T00:15:36.350+0000] {dag.py:4180} INFO - Setting next_dagrun for example_complex to None, run_after=None
[2024-10-19T00:15:36.367+0000] {processor.py:208} INFO - Processing /home/airflow/.local/lib/python3.12/site-packages/airflow/example_dags/example_complex.py took 0.077 seconds
[2024-10-19T00:16:06.831+0000] {processor.py:186} INFO - Started process (PID=1445) to work on /home/airflow/.local/lib/python3.12/site-packages/airflow/example_dags/example_complex.py
[2024-10-19T00:16:06.832+0000] {processor.py:914} INFO - Processing file /home/airflow/.local/lib/python3.12/site-packages/airflow/example_dags/example_complex.py for tasks to queue
[2024-10-19T00:16:06.836+0000] {logging_mixin.py:190} INFO - [2024-10-19T00:16:06.836+0000] {dagbag.py:588} INFO - Filling up the DagBag from /home/airflow/.local/lib/python3.12/site-packages/airflow/example_dags/example_complex.py
[2024-10-19T00:16:06.859+0000] {processor.py:925} INFO - DAG(s) 'example_complex' retrieved from /home/airflow/.local/lib/python3.12/site-packages/airflow/example_dags/example_complex.py
[2024-10-19T00:16:06.894+0000] {logging_mixin.py:190} INFO - [2024-10-19T00:16:06.893+0000] {dag.py:3239} INFO - Sync 1 DAGs
[2024-10-19T00:16:06.917+0000] {logging_mixin.py:190} INFO - [2024-10-19T00:16:06.917+0000] {dag.py:4180} INFO - Setting next_dagrun for example_complex to None, run_after=None
[2024-10-19T00:16:06.940+0000] {processor.py:208} INFO - Processing /home/airflow/.local/lib/python3.12/site-packages/airflow/example_dags/example_complex.py took 0.114 seconds
[2024-10-19T00:16:37.857+0000] {processor.py:186} INFO - Started process (PID=1507) to work on /home/airflow/.local/lib/python3.12/site-packages/airflow/example_dags/example_complex.py
[2024-10-19T00:16:37.858+0000] {processor.py:914} INFO - Processing file /home/airflow/.local/lib/python3.12/site-packages/airflow/example_dags/example_complex.py for tasks to queue
[2024-10-19T00:16:37.860+0000] {logging_mixin.py:190} INFO - [2024-10-19T00:16:37.860+0000] {dagbag.py:588} INFO - Filling up the DagBag from /home/airflow/.local/lib/python3.12/site-packages/airflow/example_dags/example_complex.py
[2024-10-19T00:16:37.877+0000] {processor.py:925} INFO - DAG(s) 'example_complex' retrieved from /home/airflow/.local/lib/python3.12/site-packages/airflow/example_dags/example_complex.py
[2024-10-19T00:16:37.913+0000] {logging_mixin.py:190} INFO - [2024-10-19T00:16:37.913+0000] {dag.py:3239} INFO - Sync 1 DAGs
[2024-10-19T00:16:37.928+0000] {logging_mixin.py:190} INFO - [2024-10-19T00:16:37.927+0000] {dag.py:4180} INFO - Setting next_dagrun for example_complex to None, run_after=None
[2024-10-19T00:16:37.948+0000] {processor.py:208} INFO - Processing /home/airflow/.local/lib/python3.12/site-packages/airflow/example_dags/example_complex.py took 0.097 seconds
[2024-10-19T00:17:08.689+0000] {processor.py:186} INFO - Started process (PID=1569) to work on /home/airflow/.local/lib/python3.12/site-packages/airflow/example_dags/example_complex.py
[2024-10-19T00:17:08.691+0000] {processor.py:914} INFO - Processing file /home/airflow/.local/lib/python3.12/site-packages/airflow/example_dags/example_complex.py for tasks to queue
[2024-10-19T00:17:08.694+0000] {logging_mixin.py:190} INFO - [2024-10-19T00:17:08.693+0000] {dagbag.py:588} INFO - Filling up the DagBag from /home/airflow/.local/lib/python3.12/site-packages/airflow/example_dags/example_complex.py
[2024-10-19T00:17:08.707+0000] {processor.py:925} INFO - DAG(s) 'example_complex' retrieved from /home/airflow/.local/lib/python3.12/site-packages/airflow/example_dags/example_complex.py
[2024-10-19T00:17:08.749+0000] {logging_mixin.py:190} INFO - [2024-10-19T00:17:08.749+0000] {dag.py:3239} INFO - Sync 1 DAGs
[2024-10-19T00:17:08.770+0000] {logging_mixin.py:190} INFO - [2024-10-19T00:17:08.770+0000] {dag.py:4180} INFO - Setting next_dagrun for example_complex to None, run_after=None
[2024-10-19T00:17:08.801+0000] {processor.py:208} INFO - Processing /home/airflow/.local/lib/python3.12/site-packages/airflow/example_dags/example_complex.py took 0.120 seconds
[2024-10-19T00:17:38.895+0000] {processor.py:186} INFO - Started process (PID=1631) to work on /home/airflow/.local/lib/python3.12/site-packages/airflow/example_dags/example_complex.py
[2024-10-19T00:17:38.896+0000] {processor.py:914} INFO - Processing file /home/airflow/.local/lib/python3.12/site-packages/airflow/example_dags/example_complex.py for tasks to queue
[2024-10-19T00:17:38.898+0000] {logging_mixin.py:190} INFO - [2024-10-19T00:17:38.898+0000] {dagbag.py:588} INFO - Filling up the DagBag from /home/airflow/.local/lib/python3.12/site-packages/airflow/example_dags/example_complex.py
[2024-10-19T00:17:38.907+0000] {processor.py:925} INFO - DAG(s) 'example_complex' retrieved from /home/airflow/.local/lib/python3.12/site-packages/airflow/example_dags/example_complex.py
[2024-10-19T00:17:38.932+0000] {logging_mixin.py:190} INFO - [2024-10-19T00:17:38.931+0000] {dag.py:3239} INFO - Sync 1 DAGs
[2024-10-19T00:17:38.942+0000] {logging_mixin.py:190} INFO - [2024-10-19T00:17:38.942+0000] {dag.py:4180} INFO - Setting next_dagrun for example_complex to None, run_after=None
[2024-10-19T00:17:38.959+0000] {processor.py:208} INFO - Processing /home/airflow/.local/lib/python3.12/site-packages/airflow/example_dags/example_complex.py took 0.068 seconds
[2024-10-19T00:18:09.312+0000] {processor.py:186} INFO - Started process (PID=1693) to work on /home/airflow/.local/lib/python3.12/site-packages/airflow/example_dags/example_complex.py
[2024-10-19T00:18:09.313+0000] {processor.py:914} INFO - Processing file /home/airflow/.local/lib/python3.12/site-packages/airflow/example_dags/example_complex.py for tasks to queue
[2024-10-19T00:18:09.315+0000] {logging_mixin.py:190} INFO - [2024-10-19T00:18:09.315+0000] {dagbag.py:588} INFO - Filling up the DagBag from /home/airflow/.local/lib/python3.12/site-packages/airflow/example_dags/example_complex.py
[2024-10-19T00:18:09.324+0000] {processor.py:925} INFO - DAG(s) 'example_complex' retrieved from /home/airflow/.local/lib/python3.12/site-packages/airflow/example_dags/example_complex.py
[2024-10-19T00:18:09.347+0000] {logging_mixin.py:190} INFO - [2024-10-19T00:18:09.347+0000] {dag.py:3239} INFO - Sync 1 DAGs
[2024-10-19T00:18:09.358+0000] {logging_mixin.py:190} INFO - [2024-10-19T00:18:09.358+0000] {dag.py:4180} INFO - Setting next_dagrun for example_complex to None, run_after=None
[2024-10-19T00:18:09.378+0000] {processor.py:208} INFO - Processing /home/airflow/.local/lib/python3.12/site-packages/airflow/example_dags/example_complex.py took 0.071 seconds
[2024-10-19T00:18:40.570+0000] {processor.py:186} INFO - Started process (PID=1754) to work on /home/airflow/.local/lib/python3.12/site-packages/airflow/example_dags/example_complex.py
[2024-10-19T00:18:40.571+0000] {processor.py:914} INFO - Processing file /home/airflow/.local/lib/python3.12/site-packages/airflow/example_dags/example_complex.py for tasks to queue
[2024-10-19T00:18:40.573+0000] {logging_mixin.py:190} INFO - [2024-10-19T00:18:40.573+0000] {dagbag.py:588} INFO - Filling up the DagBag from /home/airflow/.local/lib/python3.12/site-packages/airflow/example_dags/example_complex.py
[2024-10-19T00:18:40.583+0000] {processor.py:925} INFO - DAG(s) 'example_complex' retrieved from /home/airflow/.local/lib/python3.12/site-packages/airflow/example_dags/example_complex.py
[2024-10-19T00:18:40.612+0000] {logging_mixin.py:190} INFO - [2024-10-19T00:18:40.612+0000] {dag.py:3239} INFO - Sync 1 DAGs
[2024-10-19T00:18:40.627+0000] {logging_mixin.py:190} INFO - [2024-10-19T00:18:40.627+0000] {dag.py:4180} INFO - Setting next_dagrun for example_complex to None, run_after=None
[2024-10-19T00:18:40.647+0000] {processor.py:208} INFO - Processing /home/airflow/.local/lib/python3.12/site-packages/airflow/example_dags/example_complex.py took 0.082 seconds
[2024-10-19T00:19:11.798+0000] {processor.py:186} INFO - Started process (PID=1816) to work on /home/airflow/.local/lib/python3.12/site-packages/airflow/example_dags/example_complex.py
[2024-10-19T00:19:11.800+0000] {processor.py:914} INFO - Processing file /home/airflow/.local/lib/python3.12/site-packages/airflow/example_dags/example_complex.py for tasks to queue
[2024-10-19T00:19:11.802+0000] {logging_mixin.py:190} INFO - [2024-10-19T00:19:11.802+0000] {dagbag.py:588} INFO - Filling up the DagBag from /home/airflow/.local/lib/python3.12/site-packages/airflow/example_dags/example_complex.py
[2024-10-19T00:19:11.813+0000] {processor.py:925} INFO - DAG(s) 'example_complex' retrieved from /home/airflow/.local/lib/python3.12/site-packages/airflow/example_dags/example_complex.py
[2024-10-19T00:19:11.840+0000] {logging_mixin.py:190} INFO - [2024-10-19T00:19:11.840+0000] {dag.py:3239} INFO - Sync 1 DAGs
[2024-10-19T00:19:11.852+0000] {logging_mixin.py:190} INFO - [2024-10-19T00:19:11.852+0000] {dag.py:4180} INFO - Setting next_dagrun for example_complex to None, run_after=None
[2024-10-19T00:19:11.870+0000] {processor.py:208} INFO - Processing /home/airflow/.local/lib/python3.12/site-packages/airflow/example_dags/example_complex.py took 0.077 seconds
[2024-10-19T00:19:42.220+0000] {processor.py:186} INFO - Started process (PID=1878) to work on /home/airflow/.local/lib/python3.12/site-packages/airflow/example_dags/example_complex.py
[2024-10-19T00:19:42.221+0000] {processor.py:914} INFO - Processing file /home/airflow/.local/lib/python3.12/site-packages/airflow/example_dags/example_complex.py for tasks to queue
[2024-10-19T00:19:42.223+0000] {logging_mixin.py:190} INFO - [2024-10-19T00:19:42.223+0000] {dagbag.py:588} INFO - Filling up the DagBag from /home/airflow/.local/lib/python3.12/site-packages/airflow/example_dags/example_complex.py
[2024-10-19T00:19:42.233+0000] {processor.py:925} INFO - DAG(s) 'example_complex' retrieved from /home/airflow/.local/lib/python3.12/site-packages/airflow/example_dags/example_complex.py
[2024-10-19T00:19:42.260+0000] {logging_mixin.py:190} INFO - [2024-10-19T00:19:42.260+0000] {dag.py:3239} INFO - Sync 1 DAGs
[2024-10-19T00:19:42.273+0000] {logging_mixin.py:190} INFO - [2024-10-19T00:19:42.273+0000] {dag.py:4180} INFO - Setting next_dagrun for example_complex to None, run_after=None
[2024-10-19T00:19:42.290+0000] {processor.py:208} INFO - Processing /home/airflow/.local/lib/python3.12/site-packages/airflow/example_dags/example_complex.py took 0.076 seconds
[2024-10-19T00:20:12.972+0000] {processor.py:186} INFO - Started process (PID=1940) to work on /home/airflow/.local/lib/python3.12/site-packages/airflow/example_dags/example_complex.py
[2024-10-19T00:20:12.973+0000] {processor.py:914} INFO - Processing file /home/airflow/.local/lib/python3.12/site-packages/airflow/example_dags/example_complex.py for tasks to queue
[2024-10-19T00:20:12.975+0000] {logging_mixin.py:190} INFO - [2024-10-19T00:20:12.975+0000] {dagbag.py:588} INFO - Filling up the DagBag from /home/airflow/.local/lib/python3.12/site-packages/airflow/example_dags/example_complex.py
[2024-10-19T00:20:12.984+0000] {processor.py:925} INFO - DAG(s) 'example_complex' retrieved from /home/airflow/.local/lib/python3.12/site-packages/airflow/example_dags/example_complex.py
[2024-10-19T00:20:13.011+0000] {logging_mixin.py:190} INFO - [2024-10-19T00:20:13.011+0000] {dag.py:3239} INFO - Sync 1 DAGs
[2024-10-19T00:20:13.023+0000] {logging_mixin.py:190} INFO - [2024-10-19T00:20:13.022+0000] {dag.py:4180} INFO - Setting next_dagrun for example_complex to None, run_after=None
[2024-10-19T00:20:13.041+0000] {processor.py:208} INFO - Processing /home/airflow/.local/lib/python3.12/site-packages/airflow/example_dags/example_complex.py took 0.074 seconds
[2024-10-19T00:20:43.624+0000] {processor.py:186} INFO - Started process (PID=2002) to work on /home/airflow/.local/lib/python3.12/site-packages/airflow/example_dags/example_complex.py
[2024-10-19T00:20:43.625+0000] {processor.py:914} INFO - Processing file /home/airflow/.local/lib/python3.12/site-packages/airflow/example_dags/example_complex.py for tasks to queue
[2024-10-19T00:20:43.627+0000] {logging_mixin.py:190} INFO - [2024-10-19T00:20:43.627+0000] {dagbag.py:588} INFO - Filling up the DagBag from /home/airflow/.local/lib/python3.12/site-packages/airflow/example_dags/example_complex.py
[2024-10-19T00:20:43.637+0000] {processor.py:925} INFO - DAG(s) 'example_complex' retrieved from /home/airflow/.local/lib/python3.12/site-packages/airflow/example_dags/example_complex.py
[2024-10-19T00:20:43.667+0000] {logging_mixin.py:190} INFO - [2024-10-19T00:20:43.667+0000] {dag.py:3239} INFO - Sync 1 DAGs
[2024-10-19T00:20:43.679+0000] {logging_mixin.py:190} INFO - [2024-10-19T00:20:43.679+0000] {dag.py:4180} INFO - Setting next_dagrun for example_complex to None, run_after=None
[2024-10-19T00:20:43.697+0000] {processor.py:208} INFO - Processing /home/airflow/.local/lib/python3.12/site-packages/airflow/example_dags/example_complex.py took 0.079 seconds
[2024-10-19T00:21:14.829+0000] {processor.py:186} INFO - Started process (PID=2064) to work on /home/airflow/.local/lib/python3.12/site-packages/airflow/example_dags/example_complex.py
[2024-10-19T00:21:14.830+0000] {processor.py:914} INFO - Processing file /home/airflow/.local/lib/python3.12/site-packages/airflow/example_dags/example_complex.py for tasks to queue
[2024-10-19T00:21:14.833+0000] {logging_mixin.py:190} INFO - [2024-10-19T00:21:14.832+0000] {dagbag.py:588} INFO - Filling up the DagBag from /home/airflow/.local/lib/python3.12/site-packages/airflow/example_dags/example_complex.py
[2024-10-19T00:21:14.844+0000] {processor.py:925} INFO - DAG(s) 'example_complex' retrieved from /home/airflow/.local/lib/python3.12/site-packages/airflow/example_dags/example_complex.py
[2024-10-19T00:21:14.873+0000] {logging_mixin.py:190} INFO - [2024-10-19T00:21:14.873+0000] {dag.py:3239} INFO - Sync 1 DAGs
[2024-10-19T00:21:14.887+0000] {logging_mixin.py:190} INFO - [2024-10-19T00:21:14.887+0000] {dag.py:4180} INFO - Setting next_dagrun for example_complex to None, run_after=None
[2024-10-19T00:21:14.907+0000] {processor.py:208} INFO - Processing /home/airflow/.local/lib/python3.12/site-packages/airflow/example_dags/example_complex.py took 0.084 seconds
[2024-10-19T00:21:45.989+0000] {processor.py:186} INFO - Started process (PID=2127) to work on /home/airflow/.local/lib/python3.12/site-packages/airflow/example_dags/example_complex.py
[2024-10-19T00:21:45.990+0000] {processor.py:914} INFO - Processing file /home/airflow/.local/lib/python3.12/site-packages/airflow/example_dags/example_complex.py for tasks to queue
[2024-10-19T00:21:45.992+0000] {logging_mixin.py:190} INFO - [2024-10-19T00:21:45.992+0000] {dagbag.py:588} INFO - Filling up the DagBag from /home/airflow/.local/lib/python3.12/site-packages/airflow/example_dags/example_complex.py
[2024-10-19T00:21:46.003+0000] {processor.py:925} INFO - DAG(s) 'example_complex' retrieved from /home/airflow/.local/lib/python3.12/site-packages/airflow/example_dags/example_complex.py
[2024-10-19T00:21:46.030+0000] {logging_mixin.py:190} INFO - [2024-10-19T00:21:46.029+0000] {dag.py:3239} INFO - Sync 1 DAGs
[2024-10-19T00:21:46.042+0000] {logging_mixin.py:190} INFO - [2024-10-19T00:21:46.042+0000] {dag.py:4180} INFO - Setting next_dagrun for example_complex to None, run_after=None
[2024-10-19T00:21:46.061+0000] {processor.py:208} INFO - Processing /home/airflow/.local/lib/python3.12/site-packages/airflow/example_dags/example_complex.py took 0.077 seconds
[2024-10-19T00:22:16.681+0000] {processor.py:186} INFO - Started process (PID=2189) to work on /home/airflow/.local/lib/python3.12/site-packages/airflow/example_dags/example_complex.py
[2024-10-19T00:22:16.683+0000] {processor.py:914} INFO - Processing file /home/airflow/.local/lib/python3.12/site-packages/airflow/example_dags/example_complex.py for tasks to queue
[2024-10-19T00:22:16.685+0000] {logging_mixin.py:190} INFO - [2024-10-19T00:22:16.685+0000] {dagbag.py:588} INFO - Filling up the DagBag from /home/airflow/.local/lib/python3.12/site-packages/airflow/example_dags/example_complex.py
[2024-10-19T00:22:16.696+0000] {processor.py:925} INFO - DAG(s) 'example_complex' retrieved from /home/airflow/.local/lib/python3.12/site-packages/airflow/example_dags/example_complex.py
[2024-10-19T00:22:16.725+0000] {logging_mixin.py:190} INFO - [2024-10-19T00:22:16.725+0000] {dag.py:3239} INFO - Sync 1 DAGs
[2024-10-19T00:22:16.737+0000] {logging_mixin.py:190} INFO - [2024-10-19T00:22:16.737+0000] {dag.py:4180} INFO - Setting next_dagrun for example_complex to None, run_after=None
[2024-10-19T00:22:16.756+0000] {processor.py:208} INFO - Processing /home/airflow/.local/lib/python3.12/site-packages/airflow/example_dags/example_complex.py took 0.080 seconds
[2024-10-19T00:22:47.223+0000] {processor.py:186} INFO - Started process (PID=2252) to work on /home/airflow/.local/lib/python3.12/site-packages/airflow/example_dags/example_complex.py
[2024-10-19T00:22:47.224+0000] {processor.py:914} INFO - Processing file /home/airflow/.local/lib/python3.12/site-packages/airflow/example_dags/example_complex.py for tasks to queue
[2024-10-19T00:22:47.227+0000] {logging_mixin.py:190} INFO - [2024-10-19T00:22:47.226+0000] {dagbag.py:588} INFO - Filling up the DagBag from /home/airflow/.local/lib/python3.12/site-packages/airflow/example_dags/example_complex.py
[2024-10-19T00:22:47.238+0000] {processor.py:925} INFO - DAG(s) 'example_complex' retrieved from /home/airflow/.local/lib/python3.12/site-packages/airflow/example_dags/example_complex.py
[2024-10-19T00:22:47.263+0000] {logging_mixin.py:190} INFO - [2024-10-19T00:22:47.263+0000] {dag.py:3239} INFO - Sync 1 DAGs
[2024-10-19T00:22:47.275+0000] {logging_mixin.py:190} INFO - [2024-10-19T00:22:47.275+0000] {dag.py:4180} INFO - Setting next_dagrun for example_complex to None, run_after=None
[2024-10-19T00:22:47.294+0000] {processor.py:208} INFO - Processing /home/airflow/.local/lib/python3.12/site-packages/airflow/example_dags/example_complex.py took 0.076 seconds
[2024-10-19T00:23:17.572+0000] {processor.py:186} INFO - Started process (PID=2314) to work on /home/airflow/.local/lib/python3.12/site-packages/airflow/example_dags/example_complex.py
[2024-10-19T00:23:17.573+0000] {processor.py:914} INFO - Processing file /home/airflow/.local/lib/python3.12/site-packages/airflow/example_dags/example_complex.py for tasks to queue
[2024-10-19T00:23:17.575+0000] {logging_mixin.py:190} INFO - [2024-10-19T00:23:17.574+0000] {dagbag.py:588} INFO - Filling up the DagBag from /home/airflow/.local/lib/python3.12/site-packages/airflow/example_dags/example_complex.py
[2024-10-19T00:23:17.584+0000] {processor.py:925} INFO - DAG(s) 'example_complex' retrieved from /home/airflow/.local/lib/python3.12/site-packages/airflow/example_dags/example_complex.py
[2024-10-19T00:23:17.611+0000] {logging_mixin.py:190} INFO - [2024-10-19T00:23:17.610+0000] {dag.py:3239} INFO - Sync 1 DAGs
[2024-10-19T00:23:17.623+0000] {logging_mixin.py:190} INFO - [2024-10-19T00:23:17.623+0000] {dag.py:4180} INFO - Setting next_dagrun for example_complex to None, run_after=None
[2024-10-19T00:23:17.640+0000] {processor.py:208} INFO - Processing /home/airflow/.local/lib/python3.12/site-packages/airflow/example_dags/example_complex.py took 0.073 seconds
[2024-10-19T00:23:48.194+0000] {processor.py:186} INFO - Started process (PID=2376) to work on /home/airflow/.local/lib/python3.12/site-packages/airflow/example_dags/example_complex.py
[2024-10-19T00:23:48.195+0000] {processor.py:914} INFO - Processing file /home/airflow/.local/lib/python3.12/site-packages/airflow/example_dags/example_complex.py for tasks to queue
[2024-10-19T00:23:48.197+0000] {logging_mixin.py:190} INFO - [2024-10-19T00:23:48.196+0000] {dagbag.py:588} INFO - Filling up the DagBag from /home/airflow/.local/lib/python3.12/site-packages/airflow/example_dags/example_complex.py
[2024-10-19T00:23:48.206+0000] {processor.py:925} INFO - DAG(s) 'example_complex' retrieved from /home/airflow/.local/lib/python3.12/site-packages/airflow/example_dags/example_complex.py
[2024-10-19T00:23:48.232+0000] {logging_mixin.py:190} INFO - [2024-10-19T00:23:48.232+0000] {dag.py:3239} INFO - Sync 1 DAGs
[2024-10-19T00:23:48.244+0000] {logging_mixin.py:190} INFO - [2024-10-19T00:23:48.244+0000] {dag.py:4180} INFO - Setting next_dagrun for example_complex to None, run_after=None
[2024-10-19T00:23:48.262+0000] {processor.py:208} INFO - Processing /home/airflow/.local/lib/python3.12/site-packages/airflow/example_dags/example_complex.py took 0.073 seconds
[2024-10-19T00:24:18.708+0000] {processor.py:186} INFO - Started process (PID=2438) to work on /home/airflow/.local/lib/python3.12/site-packages/airflow/example_dags/example_complex.py
[2024-10-19T00:24:18.709+0000] {processor.py:914} INFO - Processing file /home/airflow/.local/lib/python3.12/site-packages/airflow/example_dags/example_complex.py for tasks to queue
[2024-10-19T00:24:18.711+0000] {logging_mixin.py:190} INFO - [2024-10-19T00:24:18.711+0000] {dagbag.py:588} INFO - Filling up the DagBag from /home/airflow/.local/lib/python3.12/site-packages/airflow/example_dags/example_complex.py
[2024-10-19T00:24:18.720+0000] {processor.py:925} INFO - DAG(s) 'example_complex' retrieved from /home/airflow/.local/lib/python3.12/site-packages/airflow/example_dags/example_complex.py
[2024-10-19T00:24:18.745+0000] {logging_mixin.py:190} INFO - [2024-10-19T00:24:18.745+0000] {dag.py:3239} INFO - Sync 1 DAGs
[2024-10-19T00:24:18.757+0000] {logging_mixin.py:190} INFO - [2024-10-19T00:24:18.757+0000] {dag.py:4180} INFO - Setting next_dagrun for example_complex to None, run_after=None
[2024-10-19T00:24:18.775+0000] {processor.py:208} INFO - Processing /home/airflow/.local/lib/python3.12/site-packages/airflow/example_dags/example_complex.py took 0.073 seconds
[2024-10-19T00:24:49.239+0000] {processor.py:186} INFO - Started process (PID=2500) to work on /home/airflow/.local/lib/python3.12/site-packages/airflow/example_dags/example_complex.py
[2024-10-19T00:24:49.240+0000] {processor.py:914} INFO - Processing file /home/airflow/.local/lib/python3.12/site-packages/airflow/example_dags/example_complex.py for tasks to queue
[2024-10-19T00:24:49.243+0000] {logging_mixin.py:190} INFO - [2024-10-19T00:24:49.243+0000] {dagbag.py:588} INFO - Filling up the DagBag from /home/airflow/.local/lib/python3.12/site-packages/airflow/example_dags/example_complex.py
[2024-10-19T00:24:49.253+0000] {processor.py:925} INFO - DAG(s) 'example_complex' retrieved from /home/airflow/.local/lib/python3.12/site-packages/airflow/example_dags/example_complex.py
[2024-10-19T00:24:49.283+0000] {logging_mixin.py:190} INFO - [2024-10-19T00:24:49.282+0000] {dag.py:3239} INFO - Sync 1 DAGs
[2024-10-19T00:24:49.296+0000] {logging_mixin.py:190} INFO - [2024-10-19T00:24:49.295+0000] {dag.py:4180} INFO - Setting next_dagrun for example_complex to None, run_after=None
[2024-10-19T00:24:49.315+0000] {processor.py:208} INFO - Processing /home/airflow/.local/lib/python3.12/site-packages/airflow/example_dags/example_complex.py took 0.081 seconds
[2024-10-19T00:25:19.895+0000] {processor.py:186} INFO - Started process (PID=2561) to work on /home/airflow/.local/lib/python3.12/site-packages/airflow/example_dags/example_complex.py
[2024-10-19T00:25:19.897+0000] {processor.py:914} INFO - Processing file /home/airflow/.local/lib/python3.12/site-packages/airflow/example_dags/example_complex.py for tasks to queue
[2024-10-19T00:25:19.901+0000] {logging_mixin.py:190} INFO - [2024-10-19T00:25:19.900+0000] {dagbag.py:588} INFO - Filling up the DagBag from /home/airflow/.local/lib/python3.12/site-packages/airflow/example_dags/example_complex.py
[2024-10-19T00:25:19.922+0000] {processor.py:925} INFO - DAG(s) 'example_complex' retrieved from /home/airflow/.local/lib/python3.12/site-packages/airflow/example_dags/example_complex.py
[2024-10-19T00:25:19.978+0000] {logging_mixin.py:190} INFO - [2024-10-19T00:25:19.977+0000] {dag.py:3239} INFO - Sync 1 DAGs
[2024-10-19T00:25:19.998+0000] {logging_mixin.py:190} INFO - [2024-10-19T00:25:19.998+0000] {dag.py:4180} INFO - Setting next_dagrun for example_complex to None, run_after=None
[2024-10-19T00:25:20.027+0000] {processor.py:208} INFO - Processing /home/airflow/.local/lib/python3.12/site-packages/airflow/example_dags/example_complex.py took 0.141 seconds
[2024-10-19T00:25:50.264+0000] {processor.py:186} INFO - Started process (PID=2623) to work on /home/airflow/.local/lib/python3.12/site-packages/airflow/example_dags/example_complex.py
[2024-10-19T00:25:50.265+0000] {processor.py:914} INFO - Processing file /home/airflow/.local/lib/python3.12/site-packages/airflow/example_dags/example_complex.py for tasks to queue
[2024-10-19T00:25:50.267+0000] {logging_mixin.py:190} INFO - [2024-10-19T00:25:50.266+0000] {dagbag.py:588} INFO - Filling up the DagBag from /home/airflow/.local/lib/python3.12/site-packages/airflow/example_dags/example_complex.py
[2024-10-19T00:25:50.277+0000] {processor.py:925} INFO - DAG(s) 'example_complex' retrieved from /home/airflow/.local/lib/python3.12/site-packages/airflow/example_dags/example_complex.py
[2024-10-19T00:25:50.302+0000] {logging_mixin.py:190} INFO - [2024-10-19T00:25:50.302+0000] {dag.py:3239} INFO - Sync 1 DAGs
[2024-10-19T00:25:50.314+0000] {logging_mixin.py:190} INFO - [2024-10-19T00:25:50.313+0000] {dag.py:4180} INFO - Setting next_dagrun for example_complex to None, run_after=None
[2024-10-19T00:25:50.329+0000] {processor.py:208} INFO - Processing /home/airflow/.local/lib/python3.12/site-packages/airflow/example_dags/example_complex.py took 0.071 seconds
[2024-10-19T00:26:21.358+0000] {processor.py:186} INFO - Started process (PID=2685) to work on /home/airflow/.local/lib/python3.12/site-packages/airflow/example_dags/example_complex.py
[2024-10-19T00:26:21.359+0000] {processor.py:914} INFO - Processing file /home/airflow/.local/lib/python3.12/site-packages/airflow/example_dags/example_complex.py for tasks to queue
[2024-10-19T00:26:21.361+0000] {logging_mixin.py:190} INFO - [2024-10-19T00:26:21.361+0000] {dagbag.py:588} INFO - Filling up the DagBag from /home/airflow/.local/lib/python3.12/site-packages/airflow/example_dags/example_complex.py
[2024-10-19T00:26:21.373+0000] {processor.py:925} INFO - DAG(s) 'example_complex' retrieved from /home/airflow/.local/lib/python3.12/site-packages/airflow/example_dags/example_complex.py
[2024-10-19T00:26:21.430+0000] {logging_mixin.py:190} INFO - [2024-10-19T00:26:21.430+0000] {dag.py:3239} INFO - Sync 1 DAGs
[2024-10-19T00:26:21.456+0000] {logging_mixin.py:190} INFO - [2024-10-19T00:26:21.455+0000] {dag.py:4180} INFO - Setting next_dagrun for example_complex to None, run_after=None
[2024-10-19T00:26:21.481+0000] {processor.py:208} INFO - Processing /home/airflow/.local/lib/python3.12/site-packages/airflow/example_dags/example_complex.py took 0.129 seconds
[2024-10-19T00:26:52.005+0000] {processor.py:186} INFO - Started process (PID=2747) to work on /home/airflow/.local/lib/python3.12/site-packages/airflow/example_dags/example_complex.py
[2024-10-19T00:26:52.007+0000] {processor.py:914} INFO - Processing file /home/airflow/.local/lib/python3.12/site-packages/airflow/example_dags/example_complex.py for tasks to queue
[2024-10-19T00:26:52.011+0000] {logging_mixin.py:190} INFO - [2024-10-19T00:26:52.010+0000] {dagbag.py:588} INFO - Filling up the DagBag from /home/airflow/.local/lib/python3.12/site-packages/airflow/example_dags/example_complex.py
[2024-10-19T00:26:52.030+0000] {processor.py:925} INFO - DAG(s) 'example_complex' retrieved from /home/airflow/.local/lib/python3.12/site-packages/airflow/example_dags/example_complex.py
[2024-10-19T00:26:52.076+0000] {logging_mixin.py:190} INFO - [2024-10-19T00:26:52.075+0000] {dag.py:3239} INFO - Sync 1 DAGs
[2024-10-19T00:26:52.097+0000] {logging_mixin.py:190} INFO - [2024-10-19T00:26:52.097+0000] {dag.py:4180} INFO - Setting next_dagrun for example_complex to None, run_after=None
[2024-10-19T00:26:52.144+0000] {processor.py:208} INFO - Processing /home/airflow/.local/lib/python3.12/site-packages/airflow/example_dags/example_complex.py took 0.148 seconds
[2024-10-19T00:27:22.419+0000] {processor.py:186} INFO - Started process (PID=2813) to work on /home/airflow/.local/lib/python3.12/site-packages/airflow/example_dags/example_complex.py
[2024-10-19T00:27:22.420+0000] {processor.py:914} INFO - Processing file /home/airflow/.local/lib/python3.12/site-packages/airflow/example_dags/example_complex.py for tasks to queue
[2024-10-19T00:27:22.423+0000] {logging_mixin.py:190} INFO - [2024-10-19T00:27:22.422+0000] {dagbag.py:588} INFO - Filling up the DagBag from /home/airflow/.local/lib/python3.12/site-packages/airflow/example_dags/example_complex.py
[2024-10-19T00:27:22.433+0000] {processor.py:925} INFO - DAG(s) 'example_complex' retrieved from /home/airflow/.local/lib/python3.12/site-packages/airflow/example_dags/example_complex.py
[2024-10-19T00:27:22.597+0000] {logging_mixin.py:190} INFO - [2024-10-19T00:27:22.597+0000] {dag.py:3239} INFO - Sync 1 DAGs
[2024-10-19T00:27:22.608+0000] {logging_mixin.py:190} INFO - [2024-10-19T00:27:22.608+0000] {dag.py:4180} INFO - Setting next_dagrun for example_complex to None, run_after=None
[2024-10-19T00:27:22.625+0000] {processor.py:208} INFO - Processing /home/airflow/.local/lib/python3.12/site-packages/airflow/example_dags/example_complex.py took 0.212 seconds
[2024-10-19T00:27:53.367+0000] {processor.py:186} INFO - Started process (PID=2875) to work on /home/airflow/.local/lib/python3.12/site-packages/airflow/example_dags/example_complex.py
[2024-10-19T00:27:53.368+0000] {processor.py:914} INFO - Processing file /home/airflow/.local/lib/python3.12/site-packages/airflow/example_dags/example_complex.py for tasks to queue
[2024-10-19T00:27:53.370+0000] {logging_mixin.py:190} INFO - [2024-10-19T00:27:53.370+0000] {dagbag.py:588} INFO - Filling up the DagBag from /home/airflow/.local/lib/python3.12/site-packages/airflow/example_dags/example_complex.py
[2024-10-19T00:27:53.381+0000] {processor.py:925} INFO - DAG(s) 'example_complex' retrieved from /home/airflow/.local/lib/python3.12/site-packages/airflow/example_dags/example_complex.py
[2024-10-19T00:27:53.411+0000] {logging_mixin.py:190} INFO - [2024-10-19T00:27:53.410+0000] {dag.py:3239} INFO - Sync 1 DAGs
[2024-10-19T00:27:53.565+0000] {logging_mixin.py:190} INFO - [2024-10-19T00:27:53.565+0000] {dag.py:4180} INFO - Setting next_dagrun for example_complex to None, run_after=None
[2024-10-19T00:27:53.582+0000] {processor.py:208} INFO - Processing /home/airflow/.local/lib/python3.12/site-packages/airflow/example_dags/example_complex.py took 0.221 seconds
[2024-10-19T00:28:23.885+0000] {processor.py:186} INFO - Started process (PID=2937) to work on /home/airflow/.local/lib/python3.12/site-packages/airflow/example_dags/example_complex.py
[2024-10-19T00:28:23.886+0000] {processor.py:914} INFO - Processing file /home/airflow/.local/lib/python3.12/site-packages/airflow/example_dags/example_complex.py for tasks to queue
[2024-10-19T00:28:23.889+0000] {logging_mixin.py:190} INFO - [2024-10-19T00:28:23.889+0000] {dagbag.py:588} INFO - Filling up the DagBag from /home/airflow/.local/lib/python3.12/site-packages/airflow/example_dags/example_complex.py
[2024-10-19T00:28:23.898+0000] {processor.py:925} INFO - DAG(s) 'example_complex' retrieved from /home/airflow/.local/lib/python3.12/site-packages/airflow/example_dags/example_complex.py
[2024-10-19T00:28:23.926+0000] {logging_mixin.py:190} INFO - [2024-10-19T00:28:23.926+0000] {dag.py:3239} INFO - Sync 1 DAGs
[2024-10-19T00:28:23.937+0000] {logging_mixin.py:190} INFO - [2024-10-19T00:28:23.937+0000] {dag.py:4180} INFO - Setting next_dagrun for example_complex to None, run_after=None
[2024-10-19T00:28:23.955+0000] {processor.py:208} INFO - Processing /home/airflow/.local/lib/python3.12/site-packages/airflow/example_dags/example_complex.py took 0.075 seconds
[2024-10-19T00:28:54.658+0000] {processor.py:186} INFO - Started process (PID=2999) to work on /home/airflow/.local/lib/python3.12/site-packages/airflow/example_dags/example_complex.py
[2024-10-19T00:28:54.659+0000] {processor.py:914} INFO - Processing file /home/airflow/.local/lib/python3.12/site-packages/airflow/example_dags/example_complex.py for tasks to queue
[2024-10-19T00:28:54.662+0000] {logging_mixin.py:190} INFO - [2024-10-19T00:28:54.661+0000] {dagbag.py:588} INFO - Filling up the DagBag from /home/airflow/.local/lib/python3.12/site-packages/airflow/example_dags/example_complex.py
[2024-10-19T00:28:54.672+0000] {processor.py:925} INFO - DAG(s) 'example_complex' retrieved from /home/airflow/.local/lib/python3.12/site-packages/airflow/example_dags/example_complex.py
[2024-10-19T00:28:54.702+0000] {logging_mixin.py:190} INFO - [2024-10-19T00:28:54.701+0000] {dag.py:3239} INFO - Sync 1 DAGs
[2024-10-19T00:28:54.716+0000] {logging_mixin.py:190} INFO - [2024-10-19T00:28:54.715+0000] {dag.py:4180} INFO - Setting next_dagrun for example_complex to None, run_after=None
[2024-10-19T00:28:54.734+0000] {processor.py:208} INFO - Processing /home/airflow/.local/lib/python3.12/site-packages/airflow/example_dags/example_complex.py took 0.082 seconds
[2024-10-19T00:29:25.402+0000] {processor.py:186} INFO - Started process (PID=3062) to work on /home/airflow/.local/lib/python3.12/site-packages/airflow/example_dags/example_complex.py
[2024-10-19T00:29:25.404+0000] {processor.py:914} INFO - Processing file /home/airflow/.local/lib/python3.12/site-packages/airflow/example_dags/example_complex.py for tasks to queue
[2024-10-19T00:29:25.407+0000] {logging_mixin.py:190} INFO - [2024-10-19T00:29:25.407+0000] {dagbag.py:588} INFO - Filling up the DagBag from /home/airflow/.local/lib/python3.12/site-packages/airflow/example_dags/example_complex.py
[2024-10-19T00:29:25.419+0000] {processor.py:925} INFO - DAG(s) 'example_complex' retrieved from /home/airflow/.local/lib/python3.12/site-packages/airflow/example_dags/example_complex.py
[2024-10-19T00:29:25.446+0000] {logging_mixin.py:190} INFO - [2024-10-19T00:29:25.445+0000] {dag.py:3239} INFO - Sync 1 DAGs
[2024-10-19T00:29:25.459+0000] {logging_mixin.py:190} INFO - [2024-10-19T00:29:25.458+0000] {dag.py:4180} INFO - Setting next_dagrun for example_complex to None, run_after=None
[2024-10-19T00:29:25.477+0000] {processor.py:208} INFO - Processing /home/airflow/.local/lib/python3.12/site-packages/airflow/example_dags/example_complex.py took 0.079 seconds
[2024-10-19T00:29:55.868+0000] {processor.py:186} INFO - Started process (PID=3124) to work on /home/airflow/.local/lib/python3.12/site-packages/airflow/example_dags/example_complex.py
[2024-10-19T00:29:55.869+0000] {processor.py:914} INFO - Processing file /home/airflow/.local/lib/python3.12/site-packages/airflow/example_dags/example_complex.py for tasks to queue
[2024-10-19T00:29:55.871+0000] {logging_mixin.py:190} INFO - [2024-10-19T00:29:55.871+0000] {dagbag.py:588} INFO - Filling up the DagBag from /home/airflow/.local/lib/python3.12/site-packages/airflow/example_dags/example_complex.py
[2024-10-19T00:29:55.880+0000] {processor.py:925} INFO - DAG(s) 'example_complex' retrieved from /home/airflow/.local/lib/python3.12/site-packages/airflow/example_dags/example_complex.py
[2024-10-19T00:29:55.907+0000] {logging_mixin.py:190} INFO - [2024-10-19T00:29:55.907+0000] {dag.py:3239} INFO - Sync 1 DAGs
[2024-10-19T00:29:55.920+0000] {logging_mixin.py:190} INFO - [2024-10-19T00:29:55.920+0000] {dag.py:4180} INFO - Setting next_dagrun for example_complex to None, run_after=None
[2024-10-19T00:29:55.939+0000] {processor.py:208} INFO - Processing /home/airflow/.local/lib/python3.12/site-packages/airflow/example_dags/example_complex.py took 0.076 seconds
[2024-10-19T00:30:26.127+0000] {processor.py:186} INFO - Started process (PID=3186) to work on /home/airflow/.local/lib/python3.12/site-packages/airflow/example_dags/example_complex.py
[2024-10-19T00:30:26.128+0000] {processor.py:914} INFO - Processing file /home/airflow/.local/lib/python3.12/site-packages/airflow/example_dags/example_complex.py for tasks to queue
[2024-10-19T00:30:26.130+0000] {logging_mixin.py:190} INFO - [2024-10-19T00:30:26.130+0000] {dagbag.py:588} INFO - Filling up the DagBag from /home/airflow/.local/lib/python3.12/site-packages/airflow/example_dags/example_complex.py
[2024-10-19T00:30:26.139+0000] {processor.py:925} INFO - DAG(s) 'example_complex' retrieved from /home/airflow/.local/lib/python3.12/site-packages/airflow/example_dags/example_complex.py
[2024-10-19T00:30:26.165+0000] {logging_mixin.py:190} INFO - [2024-10-19T00:30:26.165+0000] {dag.py:3239} INFO - Sync 1 DAGs
[2024-10-19T00:30:26.176+0000] {logging_mixin.py:190} INFO - [2024-10-19T00:30:26.176+0000] {dag.py:4180} INFO - Setting next_dagrun for example_complex to None, run_after=None
[2024-10-19T00:30:26.195+0000] {processor.py:208} INFO - Processing /home/airflow/.local/lib/python3.12/site-packages/airflow/example_dags/example_complex.py took 0.074 seconds
[2024-10-19T00:30:56.587+0000] {processor.py:186} INFO - Started process (PID=3248) to work on /home/airflow/.local/lib/python3.12/site-packages/airflow/example_dags/example_complex.py
[2024-10-19T00:30:56.588+0000] {processor.py:914} INFO - Processing file /home/airflow/.local/lib/python3.12/site-packages/airflow/example_dags/example_complex.py for tasks to queue
[2024-10-19T00:30:56.590+0000] {logging_mixin.py:190} INFO - [2024-10-19T00:30:56.590+0000] {dagbag.py:588} INFO - Filling up the DagBag from /home/airflow/.local/lib/python3.12/site-packages/airflow/example_dags/example_complex.py
[2024-10-19T00:30:56.599+0000] {processor.py:925} INFO - DAG(s) 'example_complex' retrieved from /home/airflow/.local/lib/python3.12/site-packages/airflow/example_dags/example_complex.py
[2024-10-19T00:30:56.627+0000] {logging_mixin.py:190} INFO - [2024-10-19T00:30:56.626+0000] {dag.py:3239} INFO - Sync 1 DAGs
[2024-10-19T00:30:56.639+0000] {logging_mixin.py:190} INFO - [2024-10-19T00:30:56.639+0000] {dag.py:4180} INFO - Setting next_dagrun for example_complex to None, run_after=None
[2024-10-19T00:30:56.657+0000] {processor.py:208} INFO - Processing /home/airflow/.local/lib/python3.12/site-packages/airflow/example_dags/example_complex.py took 0.075 seconds
[2024-10-19T00:31:26.991+0000] {processor.py:186} INFO - Started process (PID=3310) to work on /home/airflow/.local/lib/python3.12/site-packages/airflow/example_dags/example_complex.py
[2024-10-19T00:31:26.992+0000] {processor.py:914} INFO - Processing file /home/airflow/.local/lib/python3.12/site-packages/airflow/example_dags/example_complex.py for tasks to queue
[2024-10-19T00:31:26.994+0000] {logging_mixin.py:190} INFO - [2024-10-19T00:31:26.993+0000] {dagbag.py:588} INFO - Filling up the DagBag from /home/airflow/.local/lib/python3.12/site-packages/airflow/example_dags/example_complex.py
[2024-10-19T00:31:27.003+0000] {processor.py:925} INFO - DAG(s) 'example_complex' retrieved from /home/airflow/.local/lib/python3.12/site-packages/airflow/example_dags/example_complex.py
[2024-10-19T00:31:27.031+0000] {logging_mixin.py:190} INFO - [2024-10-19T00:31:27.031+0000] {dag.py:3239} INFO - Sync 1 DAGs
[2024-10-19T00:31:27.043+0000] {logging_mixin.py:190} INFO - [2024-10-19T00:31:27.043+0000] {dag.py:4180} INFO - Setting next_dagrun for example_complex to None, run_after=None
[2024-10-19T00:31:27.059+0000] {processor.py:208} INFO - Processing /home/airflow/.local/lib/python3.12/site-packages/airflow/example_dags/example_complex.py took 0.074 seconds
[2024-10-19T00:31:57.441+0000] {processor.py:186} INFO - Started process (PID=3372) to work on /home/airflow/.local/lib/python3.12/site-packages/airflow/example_dags/example_complex.py
[2024-10-19T00:31:57.442+0000] {processor.py:914} INFO - Processing file /home/airflow/.local/lib/python3.12/site-packages/airflow/example_dags/example_complex.py for tasks to queue
[2024-10-19T00:31:57.445+0000] {logging_mixin.py:190} INFO - [2024-10-19T00:31:57.445+0000] {dagbag.py:588} INFO - Filling up the DagBag from /home/airflow/.local/lib/python3.12/site-packages/airflow/example_dags/example_complex.py
[2024-10-19T00:31:57.457+0000] {processor.py:925} INFO - DAG(s) 'example_complex' retrieved from /home/airflow/.local/lib/python3.12/site-packages/airflow/example_dags/example_complex.py
[2024-10-19T00:31:57.488+0000] {logging_mixin.py:190} INFO - [2024-10-19T00:31:57.487+0000] {dag.py:3239} INFO - Sync 1 DAGs
[2024-10-19T00:31:57.501+0000] {logging_mixin.py:190} INFO - [2024-10-19T00:31:57.501+0000] {dag.py:4180} INFO - Setting next_dagrun for example_complex to None, run_after=None
[2024-10-19T00:31:57.520+0000] {processor.py:208} INFO - Processing /home/airflow/.local/lib/python3.12/site-packages/airflow/example_dags/example_complex.py took 0.085 seconds
[2024-10-19T00:32:27.890+0000] {processor.py:186} INFO - Started process (PID=3434) to work on /home/airflow/.local/lib/python3.12/site-packages/airflow/example_dags/example_complex.py
[2024-10-19T00:32:27.891+0000] {processor.py:914} INFO - Processing file /home/airflow/.local/lib/python3.12/site-packages/airflow/example_dags/example_complex.py for tasks to queue
[2024-10-19T00:32:27.893+0000] {logging_mixin.py:190} INFO - [2024-10-19T00:32:27.893+0000] {dagbag.py:588} INFO - Filling up the DagBag from /home/airflow/.local/lib/python3.12/site-packages/airflow/example_dags/example_complex.py
[2024-10-19T00:32:27.902+0000] {processor.py:925} INFO - DAG(s) 'example_complex' retrieved from /home/airflow/.local/lib/python3.12/site-packages/airflow/example_dags/example_complex.py
[2024-10-19T00:32:27.926+0000] {logging_mixin.py:190} INFO - [2024-10-19T00:32:27.925+0000] {dag.py:3239} INFO - Sync 1 DAGs
[2024-10-19T00:32:27.936+0000] {logging_mixin.py:190} INFO - [2024-10-19T00:32:27.936+0000] {dag.py:4180} INFO - Setting next_dagrun for example_complex to None, run_after=None
[2024-10-19T00:32:27.955+0000] {processor.py:208} INFO - Processing /home/airflow/.local/lib/python3.12/site-packages/airflow/example_dags/example_complex.py took 0.069 seconds
[2024-10-19T00:32:58.332+0000] {processor.py:186} INFO - Started process (PID=3497) to work on /home/airflow/.local/lib/python3.12/site-packages/airflow/example_dags/example_complex.py
[2024-10-19T00:32:58.333+0000] {processor.py:914} INFO - Processing file /home/airflow/.local/lib/python3.12/site-packages/airflow/example_dags/example_complex.py for tasks to queue
[2024-10-19T00:32:58.335+0000] {logging_mixin.py:190} INFO - [2024-10-19T00:32:58.335+0000] {dagbag.py:588} INFO - Filling up the DagBag from /home/airflow/.local/lib/python3.12/site-packages/airflow/example_dags/example_complex.py
[2024-10-19T00:32:58.344+0000] {processor.py:925} INFO - DAG(s) 'example_complex' retrieved from /home/airflow/.local/lib/python3.12/site-packages/airflow/example_dags/example_complex.py
[2024-10-19T00:32:58.368+0000] {logging_mixin.py:190} INFO - [2024-10-19T00:32:58.368+0000] {dag.py:3239} INFO - Sync 1 DAGs
[2024-10-19T00:32:58.378+0000] {logging_mixin.py:190} INFO - [2024-10-19T00:32:58.378+0000] {dag.py:4180} INFO - Setting next_dagrun for example_complex to None, run_after=None
[2024-10-19T00:32:58.398+0000] {processor.py:208} INFO - Processing /home/airflow/.local/lib/python3.12/site-packages/airflow/example_dags/example_complex.py took 0.070 seconds
[2024-10-19T00:33:28.734+0000] {processor.py:186} INFO - Started process (PID=3559) to work on /home/airflow/.local/lib/python3.12/site-packages/airflow/example_dags/example_complex.py
[2024-10-19T00:33:28.735+0000] {processor.py:914} INFO - Processing file /home/airflow/.local/lib/python3.12/site-packages/airflow/example_dags/example_complex.py for tasks to queue
[2024-10-19T00:33:28.737+0000] {logging_mixin.py:190} INFO - [2024-10-19T00:33:28.737+0000] {dagbag.py:588} INFO - Filling up the DagBag from /home/airflow/.local/lib/python3.12/site-packages/airflow/example_dags/example_complex.py
[2024-10-19T00:33:28.746+0000] {processor.py:925} INFO - DAG(s) 'example_complex' retrieved from /home/airflow/.local/lib/python3.12/site-packages/airflow/example_dags/example_complex.py
[2024-10-19T00:33:28.769+0000] {logging_mixin.py:190} INFO - [2024-10-19T00:33:28.769+0000] {dag.py:3239} INFO - Sync 1 DAGs
[2024-10-19T00:33:28.780+0000] {logging_mixin.py:190} INFO - [2024-10-19T00:33:28.780+0000] {dag.py:4180} INFO - Setting next_dagrun for example_complex to None, run_after=None
[2024-10-19T00:33:28.795+0000] {processor.py:208} INFO - Processing /home/airflow/.local/lib/python3.12/site-packages/airflow/example_dags/example_complex.py took 0.066 seconds
[2024-10-19T00:33:59.153+0000] {processor.py:186} INFO - Started process (PID=3621) to work on /home/airflow/.local/lib/python3.12/site-packages/airflow/example_dags/example_complex.py
[2024-10-19T00:33:59.153+0000] {processor.py:914} INFO - Processing file /home/airflow/.local/lib/python3.12/site-packages/airflow/example_dags/example_complex.py for tasks to queue
[2024-10-19T00:33:59.155+0000] {logging_mixin.py:190} INFO - [2024-10-19T00:33:59.155+0000] {dagbag.py:588} INFO - Filling up the DagBag from /home/airflow/.local/lib/python3.12/site-packages/airflow/example_dags/example_complex.py
[2024-10-19T00:33:59.164+0000] {processor.py:925} INFO - DAG(s) 'example_complex' retrieved from /home/airflow/.local/lib/python3.12/site-packages/airflow/example_dags/example_complex.py
[2024-10-19T00:33:59.187+0000] {logging_mixin.py:190} INFO - [2024-10-19T00:33:59.187+0000] {dag.py:3239} INFO - Sync 1 DAGs
[2024-10-19T00:33:59.198+0000] {logging_mixin.py:190} INFO - [2024-10-19T00:33:59.198+0000] {dag.py:4180} INFO - Setting next_dagrun for example_complex to None, run_after=None
[2024-10-19T00:33:59.215+0000] {processor.py:208} INFO - Processing /home/airflow/.local/lib/python3.12/site-packages/airflow/example_dags/example_complex.py took 0.067 seconds
[2024-10-19T00:34:29.659+0000] {processor.py:186} INFO - Started process (PID=3683) to work on /home/airflow/.local/lib/python3.12/site-packages/airflow/example_dags/example_complex.py
[2024-10-19T00:34:29.660+0000] {processor.py:914} INFO - Processing file /home/airflow/.local/lib/python3.12/site-packages/airflow/example_dags/example_complex.py for tasks to queue
[2024-10-19T00:34:29.662+0000] {logging_mixin.py:190} INFO - [2024-10-19T00:34:29.662+0000] {dagbag.py:588} INFO - Filling up the DagBag from /home/airflow/.local/lib/python3.12/site-packages/airflow/example_dags/example_complex.py
[2024-10-19T00:34:29.671+0000] {processor.py:925} INFO - DAG(s) 'example_complex' retrieved from /home/airflow/.local/lib/python3.12/site-packages/airflow/example_dags/example_complex.py
[2024-10-19T00:34:29.697+0000] {logging_mixin.py:190} INFO - [2024-10-19T00:34:29.697+0000] {dag.py:3239} INFO - Sync 1 DAGs
[2024-10-19T00:34:29.708+0000] {logging_mixin.py:190} INFO - [2024-10-19T00:34:29.708+0000] {dag.py:4180} INFO - Setting next_dagrun for example_complex to None, run_after=None
[2024-10-19T00:34:29.727+0000] {processor.py:208} INFO - Processing /home/airflow/.local/lib/python3.12/site-packages/airflow/example_dags/example_complex.py took 0.073 seconds
[2024-10-19T00:34:59.920+0000] {processor.py:186} INFO - Started process (PID=3744) to work on /home/airflow/.local/lib/python3.12/site-packages/airflow/example_dags/example_complex.py
[2024-10-19T00:34:59.921+0000] {processor.py:914} INFO - Processing file /home/airflow/.local/lib/python3.12/site-packages/airflow/example_dags/example_complex.py for tasks to queue
[2024-10-19T00:34:59.923+0000] {logging_mixin.py:190} INFO - [2024-10-19T00:34:59.923+0000] {dagbag.py:588} INFO - Filling up the DagBag from /home/airflow/.local/lib/python3.12/site-packages/airflow/example_dags/example_complex.py
[2024-10-19T00:34:59.933+0000] {processor.py:925} INFO - DAG(s) 'example_complex' retrieved from /home/airflow/.local/lib/python3.12/site-packages/airflow/example_dags/example_complex.py
[2024-10-19T00:34:59.960+0000] {logging_mixin.py:190} INFO - [2024-10-19T00:34:59.960+0000] {dag.py:3239} INFO - Sync 1 DAGs
[2024-10-19T00:34:59.973+0000] {logging_mixin.py:190} INFO - [2024-10-19T00:34:59.973+0000] {dag.py:4180} INFO - Setting next_dagrun for example_complex to None, run_after=None
[2024-10-19T00:34:59.989+0000] {processor.py:208} INFO - Processing /home/airflow/.local/lib/python3.12/site-packages/airflow/example_dags/example_complex.py took 0.074 seconds
[2024-10-19T00:35:30.296+0000] {processor.py:186} INFO - Started process (PID=3806) to work on /home/airflow/.local/lib/python3.12/site-packages/airflow/example_dags/example_complex.py
[2024-10-19T00:35:30.297+0000] {processor.py:914} INFO - Processing file /home/airflow/.local/lib/python3.12/site-packages/airflow/example_dags/example_complex.py for tasks to queue
[2024-10-19T00:35:30.300+0000] {logging_mixin.py:190} INFO - [2024-10-19T00:35:30.300+0000] {dagbag.py:588} INFO - Filling up the DagBag from /home/airflow/.local/lib/python3.12/site-packages/airflow/example_dags/example_complex.py
[2024-10-19T00:35:30.311+0000] {processor.py:925} INFO - DAG(s) 'example_complex' retrieved from /home/airflow/.local/lib/python3.12/site-packages/airflow/example_dags/example_complex.py
[2024-10-19T00:35:30.342+0000] {logging_mixin.py:190} INFO - [2024-10-19T00:35:30.342+0000] {dag.py:3239} INFO - Sync 1 DAGs
[2024-10-19T00:35:30.356+0000] {logging_mixin.py:190} INFO - [2024-10-19T00:35:30.356+0000] {dag.py:4180} INFO - Setting next_dagrun for example_complex to None, run_after=None
[2024-10-19T00:35:30.377+0000] {processor.py:208} INFO - Processing /home/airflow/.local/lib/python3.12/site-packages/airflow/example_dags/example_complex.py took 0.086 seconds
[2024-10-19T00:36:00.775+0000] {processor.py:186} INFO - Started process (PID=3868) to work on /home/airflow/.local/lib/python3.12/site-packages/airflow/example_dags/example_complex.py
[2024-10-19T00:36:00.776+0000] {processor.py:914} INFO - Processing file /home/airflow/.local/lib/python3.12/site-packages/airflow/example_dags/example_complex.py for tasks to queue
[2024-10-19T00:36:00.777+0000] {logging_mixin.py:190} INFO - [2024-10-19T00:36:00.777+0000] {dagbag.py:588} INFO - Filling up the DagBag from /home/airflow/.local/lib/python3.12/site-packages/airflow/example_dags/example_complex.py
[2024-10-19T00:36:00.786+0000] {processor.py:925} INFO - DAG(s) 'example_complex' retrieved from /home/airflow/.local/lib/python3.12/site-packages/airflow/example_dags/example_complex.py
[2024-10-19T00:36:00.813+0000] {logging_mixin.py:190} INFO - [2024-10-19T00:36:00.813+0000] {dag.py:3239} INFO - Sync 1 DAGs
[2024-10-19T00:36:00.826+0000] {logging_mixin.py:190} INFO - [2024-10-19T00:36:00.826+0000] {dag.py:4180} INFO - Setting next_dagrun for example_complex to None, run_after=None
[2024-10-19T00:36:00.846+0000] {processor.py:208} INFO - Processing /home/airflow/.local/lib/python3.12/site-packages/airflow/example_dags/example_complex.py took 0.076 seconds
[2024-10-19T00:36:31.615+0000] {processor.py:186} INFO - Started process (PID=3930) to work on /home/airflow/.local/lib/python3.12/site-packages/airflow/example_dags/example_complex.py
[2024-10-19T00:36:31.617+0000] {processor.py:914} INFO - Processing file /home/airflow/.local/lib/python3.12/site-packages/airflow/example_dags/example_complex.py for tasks to queue
[2024-10-19T00:36:31.621+0000] {logging_mixin.py:190} INFO - [2024-10-19T00:36:31.620+0000] {dagbag.py:588} INFO - Filling up the DagBag from /home/airflow/.local/lib/python3.12/site-packages/airflow/example_dags/example_complex.py
[2024-10-19T00:36:31.635+0000] {processor.py:925} INFO - DAG(s) 'example_complex' retrieved from /home/airflow/.local/lib/python3.12/site-packages/airflow/example_dags/example_complex.py
[2024-10-19T00:36:31.674+0000] {logging_mixin.py:190} INFO - [2024-10-19T00:36:31.673+0000] {dag.py:3239} INFO - Sync 1 DAGs
[2024-10-19T00:36:31.692+0000] {logging_mixin.py:190} INFO - [2024-10-19T00:36:31.691+0000] {dag.py:4180} INFO - Setting next_dagrun for example_complex to None, run_after=None
[2024-10-19T00:36:31.716+0000] {processor.py:208} INFO - Processing /home/airflow/.local/lib/python3.12/site-packages/airflow/example_dags/example_complex.py took 0.109 seconds
