[2024-10-19T00:04:55.770+0000] {processor.py:186} INFO - Started process (PID=99) to work on /home/airflow/.local/lib/python3.12/site-packages/airflow/example_dags/example_branch_labels.py
[2024-10-19T00:04:55.771+0000] {processor.py:914} INFO - Processing file /home/airflow/.local/lib/python3.12/site-packages/airflow/example_dags/example_branch_labels.py for tasks to queue
[2024-10-19T00:04:55.774+0000] {logging_mixin.py:190} INFO - [2024-10-19T00:04:55.774+0000] {dagbag.py:588} INFO - Filling up the DagBag from /home/airflow/.local/lib/python3.12/site-packages/airflow/example_dags/example_branch_labels.py
[2024-10-19T00:04:55.786+0000] {processor.py:925} INFO - DAG(s) 'example_branch_labels' retrieved from /home/airflow/.local/lib/python3.12/site-packages/airflow/example_dags/example_branch_labels.py
[2024-10-19T00:04:55.909+0000] {logging_mixin.py:190} INFO - [2024-10-19T00:04:55.908+0000] {override.py:1900} INFO - Created Permission View: can delete on DAG:example_branch_labels
[2024-10-19T00:04:55.923+0000] {logging_mixin.py:190} INFO - [2024-10-19T00:04:55.923+0000] {override.py:1900} INFO - Created Permission View: can read on DAG:example_branch_labels
[2024-10-19T00:04:55.933+0000] {logging_mixin.py:190} INFO - [2024-10-19T00:04:55.933+0000] {override.py:1900} INFO - Created Permission View: can edit on DAG:example_branch_labels
[2024-10-19T00:04:55.946+0000] {logging_mixin.py:190} INFO - [2024-10-19T00:04:55.945+0000] {override.py:1900} INFO - Created Permission View: can delete on DAG Run:example_branch_labels
[2024-10-19T00:04:55.954+0000] {logging_mixin.py:190} INFO - [2024-10-19T00:04:55.954+0000] {override.py:1900} INFO - Created Permission View: can read on DAG Run:example_branch_labels
[2024-10-19T00:04:55.964+0000] {logging_mixin.py:190} INFO - [2024-10-19T00:04:55.963+0000] {override.py:1900} INFO - Created Permission View: menu access on DAG Run:example_branch_labels
[2024-10-19T00:04:55.973+0000] {logging_mixin.py:190} INFO - [2024-10-19T00:04:55.973+0000] {override.py:1900} INFO - Created Permission View: can create on DAG Run:example_branch_labels
[2024-10-19T00:04:55.974+0000] {logging_mixin.py:190} INFO - [2024-10-19T00:04:55.974+0000] {dag.py:3239} INFO - Sync 1 DAGs
[2024-10-19T00:04:55.991+0000] {logging_mixin.py:190} INFO - [2024-10-19T00:04:55.991+0000] {dag.py:3262} INFO - Creating ORM DAG for example_branch_labels
[2024-10-19T00:04:56.007+0000] {logging_mixin.py:190} INFO - [2024-10-19T00:04:56.007+0000] {dag.py:4180} INFO - Setting next_dagrun for example_branch_labels to 2024-10-18 00:00:00+00:00, run_after=2024-10-19 00:00:00+00:00
[2024-10-19T00:04:56.029+0000] {processor.py:208} INFO - Processing /home/airflow/.local/lib/python3.12/site-packages/airflow/example_dags/example_branch_labels.py took 0.266 seconds
[2024-10-19T00:05:26.995+0000] {processor.py:186} INFO - Started process (PID=161) to work on /home/airflow/.local/lib/python3.12/site-packages/airflow/example_dags/example_branch_labels.py
[2024-10-19T00:05:26.996+0000] {processor.py:914} INFO - Processing file /home/airflow/.local/lib/python3.12/site-packages/airflow/example_dags/example_branch_labels.py for tasks to queue
[2024-10-19T00:05:26.998+0000] {logging_mixin.py:190} INFO - [2024-10-19T00:05:26.998+0000] {dagbag.py:588} INFO - Filling up the DagBag from /home/airflow/.local/lib/python3.12/site-packages/airflow/example_dags/example_branch_labels.py
[2024-10-19T00:05:27.007+0000] {processor.py:925} INFO - DAG(s) 'example_branch_labels' retrieved from /home/airflow/.local/lib/python3.12/site-packages/airflow/example_dags/example_branch_labels.py
[2024-10-19T00:05:27.023+0000] {logging_mixin.py:190} INFO - [2024-10-19T00:05:27.023+0000] {dag.py:3239} INFO - Sync 1 DAGs
[2024-10-19T00:05:27.044+0000] {logging_mixin.py:190} INFO - [2024-10-19T00:05:27.044+0000] {dag.py:4180} INFO - Setting next_dagrun for example_branch_labels to 2024-10-18 00:00:00+00:00, run_after=2024-10-19 00:00:00+00:00
[2024-10-19T00:05:27.069+0000] {processor.py:208} INFO - Processing /home/airflow/.local/lib/python3.12/site-packages/airflow/example_dags/example_branch_labels.py took 0.078 seconds
[2024-10-19T00:05:57.519+0000] {processor.py:186} INFO - Started process (PID=223) to work on /home/airflow/.local/lib/python3.12/site-packages/airflow/example_dags/example_branch_labels.py
[2024-10-19T00:05:57.521+0000] {processor.py:914} INFO - Processing file /home/airflow/.local/lib/python3.12/site-packages/airflow/example_dags/example_branch_labels.py for tasks to queue
[2024-10-19T00:05:57.522+0000] {logging_mixin.py:190} INFO - [2024-10-19T00:05:57.522+0000] {dagbag.py:588} INFO - Filling up the DagBag from /home/airflow/.local/lib/python3.12/site-packages/airflow/example_dags/example_branch_labels.py
[2024-10-19T00:05:57.531+0000] {processor.py:925} INFO - DAG(s) 'example_branch_labels' retrieved from /home/airflow/.local/lib/python3.12/site-packages/airflow/example_dags/example_branch_labels.py
[2024-10-19T00:05:57.550+0000] {logging_mixin.py:190} INFO - [2024-10-19T00:05:57.550+0000] {dag.py:3239} INFO - Sync 1 DAGs
[2024-10-19T00:05:57.575+0000] {logging_mixin.py:190} INFO - [2024-10-19T00:05:57.574+0000] {dag.py:4180} INFO - Setting next_dagrun for example_branch_labels to 2024-10-18 00:00:00+00:00, run_after=2024-10-19 00:00:00+00:00
[2024-10-19T00:05:57.601+0000] {processor.py:208} INFO - Processing /home/airflow/.local/lib/python3.12/site-packages/airflow/example_dags/example_branch_labels.py took 0.087 seconds
[2024-10-19T00:06:28.507+0000] {processor.py:186} INFO - Started process (PID=284) to work on /home/airflow/.local/lib/python3.12/site-packages/airflow/example_dags/example_branch_labels.py
[2024-10-19T00:06:28.508+0000] {processor.py:914} INFO - Processing file /home/airflow/.local/lib/python3.12/site-packages/airflow/example_dags/example_branch_labels.py for tasks to queue
[2024-10-19T00:06:28.510+0000] {logging_mixin.py:190} INFO - [2024-10-19T00:06:28.510+0000] {dagbag.py:588} INFO - Filling up the DagBag from /home/airflow/.local/lib/python3.12/site-packages/airflow/example_dags/example_branch_labels.py
[2024-10-19T00:06:28.519+0000] {processor.py:925} INFO - DAG(s) 'example_branch_labels' retrieved from /home/airflow/.local/lib/python3.12/site-packages/airflow/example_dags/example_branch_labels.py
[2024-10-19T00:06:28.535+0000] {logging_mixin.py:190} INFO - [2024-10-19T00:06:28.535+0000] {dag.py:3239} INFO - Sync 1 DAGs
[2024-10-19T00:06:28.558+0000] {logging_mixin.py:190} INFO - [2024-10-19T00:06:28.558+0000] {dag.py:4180} INFO - Setting next_dagrun for example_branch_labels to 2024-10-18 00:00:00+00:00, run_after=2024-10-19 00:00:00+00:00
[2024-10-19T00:06:28.577+0000] {processor.py:208} INFO - Processing /home/airflow/.local/lib/python3.12/site-packages/airflow/example_dags/example_branch_labels.py took 0.075 seconds
[2024-10-19T00:06:58.931+0000] {processor.py:186} INFO - Started process (PID=346) to work on /home/airflow/.local/lib/python3.12/site-packages/airflow/example_dags/example_branch_labels.py
[2024-10-19T00:06:58.932+0000] {processor.py:914} INFO - Processing file /home/airflow/.local/lib/python3.12/site-packages/airflow/example_dags/example_branch_labels.py for tasks to queue
[2024-10-19T00:06:58.935+0000] {logging_mixin.py:190} INFO - [2024-10-19T00:06:58.934+0000] {dagbag.py:588} INFO - Filling up the DagBag from /home/airflow/.local/lib/python3.12/site-packages/airflow/example_dags/example_branch_labels.py
[2024-10-19T00:06:58.942+0000] {processor.py:925} INFO - DAG(s) 'example_branch_labels' retrieved from /home/airflow/.local/lib/python3.12/site-packages/airflow/example_dags/example_branch_labels.py
[2024-10-19T00:06:58.958+0000] {logging_mixin.py:190} INFO - [2024-10-19T00:06:58.958+0000] {dag.py:3239} INFO - Sync 1 DAGs
[2024-10-19T00:06:58.976+0000] {logging_mixin.py:190} INFO - [2024-10-19T00:06:58.976+0000] {dag.py:4180} INFO - Setting next_dagrun for example_branch_labels to 2024-10-18 00:00:00+00:00, run_after=2024-10-19 00:00:00+00:00
[2024-10-19T00:06:58.996+0000] {processor.py:208} INFO - Processing /home/airflow/.local/lib/python3.12/site-packages/airflow/example_dags/example_branch_labels.py took 0.075 seconds
[2024-10-19T00:07:29.478+0000] {processor.py:186} INFO - Started process (PID=408) to work on /home/airflow/.local/lib/python3.12/site-packages/airflow/example_dags/example_branch_labels.py
[2024-10-19T00:07:29.481+0000] {processor.py:914} INFO - Processing file /home/airflow/.local/lib/python3.12/site-packages/airflow/example_dags/example_branch_labels.py for tasks to queue
[2024-10-19T00:07:29.483+0000] {logging_mixin.py:190} INFO - [2024-10-19T00:07:29.483+0000] {dagbag.py:588} INFO - Filling up the DagBag from /home/airflow/.local/lib/python3.12/site-packages/airflow/example_dags/example_branch_labels.py
[2024-10-19T00:07:29.491+0000] {processor.py:925} INFO - DAG(s) 'example_branch_labels' retrieved from /home/airflow/.local/lib/python3.12/site-packages/airflow/example_dags/example_branch_labels.py
[2024-10-19T00:07:29.510+0000] {logging_mixin.py:190} INFO - [2024-10-19T00:07:29.510+0000] {dag.py:3239} INFO - Sync 1 DAGs
[2024-10-19T00:07:29.534+0000] {logging_mixin.py:190} INFO - [2024-10-19T00:07:29.534+0000] {dag.py:4180} INFO - Setting next_dagrun for example_branch_labels to 2024-10-18 00:00:00+00:00, run_after=2024-10-19 00:00:00+00:00
[2024-10-19T00:07:29.558+0000] {processor.py:208} INFO - Processing /home/airflow/.local/lib/python3.12/site-packages/airflow/example_dags/example_branch_labels.py took 0.085 seconds
[2024-10-19T00:08:00.039+0000] {processor.py:186} INFO - Started process (PID=471) to work on /home/airflow/.local/lib/python3.12/site-packages/airflow/example_dags/example_branch_labels.py
[2024-10-19T00:08:00.039+0000] {processor.py:914} INFO - Processing file /home/airflow/.local/lib/python3.12/site-packages/airflow/example_dags/example_branch_labels.py for tasks to queue
[2024-10-19T00:08:00.041+0000] {logging_mixin.py:190} INFO - [2024-10-19T00:08:00.041+0000] {dagbag.py:588} INFO - Filling up the DagBag from /home/airflow/.local/lib/python3.12/site-packages/airflow/example_dags/example_branch_labels.py
[2024-10-19T00:08:00.048+0000] {processor.py:925} INFO - DAG(s) 'example_branch_labels' retrieved from /home/airflow/.local/lib/python3.12/site-packages/airflow/example_dags/example_branch_labels.py
[2024-10-19T00:08:00.074+0000] {logging_mixin.py:190} INFO - [2024-10-19T00:08:00.073+0000] {dag.py:3239} INFO - Sync 1 DAGs
[2024-10-19T00:08:00.110+0000] {logging_mixin.py:190} INFO - [2024-10-19T00:08:00.110+0000] {dag.py:4180} INFO - Setting next_dagrun for example_branch_labels to 2024-10-18 00:00:00+00:00, run_after=2024-10-19 00:00:00+00:00
[2024-10-19T00:08:00.134+0000] {processor.py:208} INFO - Processing /home/airflow/.local/lib/python3.12/site-packages/airflow/example_dags/example_branch_labels.py took 0.100 seconds
[2024-10-19T00:08:30.893+0000] {processor.py:186} INFO - Started process (PID=534) to work on /home/airflow/.local/lib/python3.12/site-packages/airflow/example_dags/example_branch_labels.py
[2024-10-19T00:08:30.894+0000] {processor.py:914} INFO - Processing file /home/airflow/.local/lib/python3.12/site-packages/airflow/example_dags/example_branch_labels.py for tasks to queue
[2024-10-19T00:08:30.896+0000] {logging_mixin.py:190} INFO - [2024-10-19T00:08:30.895+0000] {dagbag.py:588} INFO - Filling up the DagBag from /home/airflow/.local/lib/python3.12/site-packages/airflow/example_dags/example_branch_labels.py
[2024-10-19T00:08:30.904+0000] {processor.py:925} INFO - DAG(s) 'example_branch_labels' retrieved from /home/airflow/.local/lib/python3.12/site-packages/airflow/example_dags/example_branch_labels.py
[2024-10-19T00:08:30.922+0000] {logging_mixin.py:190} INFO - [2024-10-19T00:08:30.922+0000] {dag.py:3239} INFO - Sync 1 DAGs
[2024-10-19T00:08:30.939+0000] {logging_mixin.py:190} INFO - [2024-10-19T00:08:30.939+0000] {dag.py:4180} INFO - Setting next_dagrun for example_branch_labels to 2024-10-18 00:00:00+00:00, run_after=2024-10-19 00:00:00+00:00
[2024-10-19T00:08:30.957+0000] {processor.py:208} INFO - Processing /home/airflow/.local/lib/python3.12/site-packages/airflow/example_dags/example_branch_labels.py took 0.071 seconds
[2024-10-19T00:09:01.123+0000] {processor.py:186} INFO - Started process (PID=597) to work on /home/airflow/.local/lib/python3.12/site-packages/airflow/example_dags/example_branch_labels.py
[2024-10-19T00:09:01.125+0000] {processor.py:914} INFO - Processing file /home/airflow/.local/lib/python3.12/site-packages/airflow/example_dags/example_branch_labels.py for tasks to queue
[2024-10-19T00:09:01.127+0000] {logging_mixin.py:190} INFO - [2024-10-19T00:09:01.127+0000] {dagbag.py:588} INFO - Filling up the DagBag from /home/airflow/.local/lib/python3.12/site-packages/airflow/example_dags/example_branch_labels.py
[2024-10-19T00:09:01.138+0000] {processor.py:925} INFO - DAG(s) 'example_branch_labels' retrieved from /home/airflow/.local/lib/python3.12/site-packages/airflow/example_dags/example_branch_labels.py
[2024-10-19T00:09:01.162+0000] {logging_mixin.py:190} INFO - [2024-10-19T00:09:01.162+0000] {dag.py:3239} INFO - Sync 1 DAGs
[2024-10-19T00:09:01.191+0000] {logging_mixin.py:190} INFO - [2024-10-19T00:09:01.191+0000] {dag.py:4180} INFO - Setting next_dagrun for example_branch_labels to 2024-10-18 00:00:00+00:00, run_after=2024-10-19 00:00:00+00:00
[2024-10-19T00:09:01.218+0000] {processor.py:208} INFO - Processing /home/airflow/.local/lib/python3.12/site-packages/airflow/example_dags/example_branch_labels.py took 0.103 seconds
[2024-10-19T00:09:32.021+0000] {processor.py:186} INFO - Started process (PID=660) to work on /home/airflow/.local/lib/python3.12/site-packages/airflow/example_dags/example_branch_labels.py
[2024-10-19T00:09:32.022+0000] {processor.py:914} INFO - Processing file /home/airflow/.local/lib/python3.12/site-packages/airflow/example_dags/example_branch_labels.py for tasks to queue
[2024-10-19T00:09:32.025+0000] {logging_mixin.py:190} INFO - [2024-10-19T00:09:32.024+0000] {dagbag.py:588} INFO - Filling up the DagBag from /home/airflow/.local/lib/python3.12/site-packages/airflow/example_dags/example_branch_labels.py
[2024-10-19T00:09:32.032+0000] {processor.py:925} INFO - DAG(s) 'example_branch_labels' retrieved from /home/airflow/.local/lib/python3.12/site-packages/airflow/example_dags/example_branch_labels.py
[2024-10-19T00:09:32.066+0000] {logging_mixin.py:190} INFO - [2024-10-19T00:09:32.065+0000] {dag.py:3239} INFO - Sync 1 DAGs
[2024-10-19T00:09:32.089+0000] {logging_mixin.py:190} INFO - [2024-10-19T00:09:32.089+0000] {dag.py:4180} INFO - Setting next_dagrun for example_branch_labels to 2024-10-18 00:00:00+00:00, run_after=2024-10-19 00:00:00+00:00
[2024-10-19T00:09:32.116+0000] {processor.py:208} INFO - Processing /home/airflow/.local/lib/python3.12/site-packages/airflow/example_dags/example_branch_labels.py took 0.103 seconds
[2024-10-19T00:10:02.753+0000] {processor.py:186} INFO - Started process (PID=722) to work on /home/airflow/.local/lib/python3.12/site-packages/airflow/example_dags/example_branch_labels.py
[2024-10-19T00:10:02.760+0000] {processor.py:914} INFO - Processing file /home/airflow/.local/lib/python3.12/site-packages/airflow/example_dags/example_branch_labels.py for tasks to queue
[2024-10-19T00:10:02.762+0000] {logging_mixin.py:190} INFO - [2024-10-19T00:10:02.762+0000] {dagbag.py:588} INFO - Filling up the DagBag from /home/airflow/.local/lib/python3.12/site-packages/airflow/example_dags/example_branch_labels.py
[2024-10-19T00:10:02.770+0000] {processor.py:925} INFO - DAG(s) 'example_branch_labels' retrieved from /home/airflow/.local/lib/python3.12/site-packages/airflow/example_dags/example_branch_labels.py
[2024-10-19T00:10:02.788+0000] {logging_mixin.py:190} INFO - [2024-10-19T00:10:02.788+0000] {dag.py:3239} INFO - Sync 1 DAGs
[2024-10-19T00:10:02.810+0000] {logging_mixin.py:190} INFO - [2024-10-19T00:10:02.809+0000] {dag.py:4180} INFO - Setting next_dagrun for example_branch_labels to 2024-10-18 00:00:00+00:00, run_after=2024-10-19 00:00:00+00:00
[2024-10-19T00:10:02.831+0000] {processor.py:208} INFO - Processing /home/airflow/.local/lib/python3.12/site-packages/airflow/example_dags/example_branch_labels.py took 0.083 seconds
[2024-10-19T00:10:32.978+0000] {processor.py:186} INFO - Started process (PID=784) to work on /home/airflow/.local/lib/python3.12/site-packages/airflow/example_dags/example_branch_labels.py
[2024-10-19T00:10:32.979+0000] {processor.py:914} INFO - Processing file /home/airflow/.local/lib/python3.12/site-packages/airflow/example_dags/example_branch_labels.py for tasks to queue
[2024-10-19T00:10:32.980+0000] {logging_mixin.py:190} INFO - [2024-10-19T00:10:32.980+0000] {dagbag.py:588} INFO - Filling up the DagBag from /home/airflow/.local/lib/python3.12/site-packages/airflow/example_dags/example_branch_labels.py
[2024-10-19T00:10:32.989+0000] {processor.py:925} INFO - DAG(s) 'example_branch_labels' retrieved from /home/airflow/.local/lib/python3.12/site-packages/airflow/example_dags/example_branch_labels.py
[2024-10-19T00:10:33.007+0000] {logging_mixin.py:190} INFO - [2024-10-19T00:10:33.007+0000] {dag.py:3239} INFO - Sync 1 DAGs
[2024-10-19T00:10:33.028+0000] {logging_mixin.py:190} INFO - [2024-10-19T00:10:33.028+0000] {dag.py:4180} INFO - Setting next_dagrun for example_branch_labels to 2024-10-18 00:00:00+00:00, run_after=2024-10-19 00:00:00+00:00
[2024-10-19T00:10:33.050+0000] {processor.py:208} INFO - Processing /home/airflow/.local/lib/python3.12/site-packages/airflow/example_dags/example_branch_labels.py took 0.077 seconds
[2024-10-19T00:11:03.401+0000] {processor.py:186} INFO - Started process (PID=846) to work on /home/airflow/.local/lib/python3.12/site-packages/airflow/example_dags/example_branch_labels.py
[2024-10-19T00:11:03.402+0000] {processor.py:914} INFO - Processing file /home/airflow/.local/lib/python3.12/site-packages/airflow/example_dags/example_branch_labels.py for tasks to queue
[2024-10-19T00:11:03.403+0000] {logging_mixin.py:190} INFO - [2024-10-19T00:11:03.403+0000] {dagbag.py:588} INFO - Filling up the DagBag from /home/airflow/.local/lib/python3.12/site-packages/airflow/example_dags/example_branch_labels.py
[2024-10-19T00:11:03.411+0000] {processor.py:925} INFO - DAG(s) 'example_branch_labels' retrieved from /home/airflow/.local/lib/python3.12/site-packages/airflow/example_dags/example_branch_labels.py
[2024-10-19T00:11:03.426+0000] {logging_mixin.py:190} INFO - [2024-10-19T00:11:03.426+0000] {dag.py:3239} INFO - Sync 1 DAGs
[2024-10-19T00:11:03.444+0000] {logging_mixin.py:190} INFO - [2024-10-19T00:11:03.444+0000] {dag.py:4180} INFO - Setting next_dagrun for example_branch_labels to 2024-10-18 00:00:00+00:00, run_after=2024-10-19 00:00:00+00:00
[2024-10-19T00:11:03.463+0000] {processor.py:208} INFO - Processing /home/airflow/.local/lib/python3.12/site-packages/airflow/example_dags/example_branch_labels.py took 0.067 seconds
[2024-10-19T00:11:34.443+0000] {processor.py:186} INFO - Started process (PID=908) to work on /home/airflow/.local/lib/python3.12/site-packages/airflow/example_dags/example_branch_labels.py
[2024-10-19T00:11:34.446+0000] {processor.py:914} INFO - Processing file /home/airflow/.local/lib/python3.12/site-packages/airflow/example_dags/example_branch_labels.py for tasks to queue
[2024-10-19T00:11:34.448+0000] {logging_mixin.py:190} INFO - [2024-10-19T00:11:34.448+0000] {dagbag.py:588} INFO - Filling up the DagBag from /home/airflow/.local/lib/python3.12/site-packages/airflow/example_dags/example_branch_labels.py
[2024-10-19T00:11:34.456+0000] {processor.py:925} INFO - DAG(s) 'example_branch_labels' retrieved from /home/airflow/.local/lib/python3.12/site-packages/airflow/example_dags/example_branch_labels.py
[2024-10-19T00:11:34.472+0000] {logging_mixin.py:190} INFO - [2024-10-19T00:11:34.472+0000] {dag.py:3239} INFO - Sync 1 DAGs
[2024-10-19T00:11:34.493+0000] {logging_mixin.py:190} INFO - [2024-10-19T00:11:34.493+0000] {dag.py:4180} INFO - Setting next_dagrun for example_branch_labels to 2024-10-18 00:00:00+00:00, run_after=2024-10-19 00:00:00+00:00
[2024-10-19T00:11:34.513+0000] {processor.py:208} INFO - Processing /home/airflow/.local/lib/python3.12/site-packages/airflow/example_dags/example_branch_labels.py took 0.075 seconds
[2024-10-19T00:12:05.071+0000] {processor.py:186} INFO - Started process (PID=971) to work on /home/airflow/.local/lib/python3.12/site-packages/airflow/example_dags/example_branch_labels.py
[2024-10-19T00:12:05.072+0000] {processor.py:914} INFO - Processing file /home/airflow/.local/lib/python3.12/site-packages/airflow/example_dags/example_branch_labels.py for tasks to queue
[2024-10-19T00:12:05.080+0000] {logging_mixin.py:190} INFO - [2024-10-19T00:12:05.079+0000] {dagbag.py:588} INFO - Filling up the DagBag from /home/airflow/.local/lib/python3.12/site-packages/airflow/example_dags/example_branch_labels.py
[2024-10-19T00:12:05.097+0000] {processor.py:925} INFO - DAG(s) 'example_branch_labels' retrieved from /home/airflow/.local/lib/python3.12/site-packages/airflow/example_dags/example_branch_labels.py
[2024-10-19T00:12:05.130+0000] {logging_mixin.py:190} INFO - [2024-10-19T00:12:05.130+0000] {dag.py:3239} INFO - Sync 1 DAGs
[2024-10-19T00:12:05.156+0000] {logging_mixin.py:190} INFO - [2024-10-19T00:12:05.156+0000] {dag.py:4180} INFO - Setting next_dagrun for example_branch_labels to 2024-10-18 00:00:00+00:00, run_after=2024-10-19 00:00:00+00:00
[2024-10-19T00:12:05.178+0000] {processor.py:208} INFO - Processing /home/airflow/.local/lib/python3.12/site-packages/airflow/example_dags/example_branch_labels.py took 0.113 seconds
[2024-10-19T00:12:35.835+0000] {processor.py:186} INFO - Started process (PID=1033) to work on /home/airflow/.local/lib/python3.12/site-packages/airflow/example_dags/example_branch_labels.py
[2024-10-19T00:12:35.836+0000] {processor.py:914} INFO - Processing file /home/airflow/.local/lib/python3.12/site-packages/airflow/example_dags/example_branch_labels.py for tasks to queue
[2024-10-19T00:12:35.838+0000] {logging_mixin.py:190} INFO - [2024-10-19T00:12:35.838+0000] {dagbag.py:588} INFO - Filling up the DagBag from /home/airflow/.local/lib/python3.12/site-packages/airflow/example_dags/example_branch_labels.py
[2024-10-19T00:12:35.846+0000] {processor.py:925} INFO - DAG(s) 'example_branch_labels' retrieved from /home/airflow/.local/lib/python3.12/site-packages/airflow/example_dags/example_branch_labels.py
[2024-10-19T00:12:35.867+0000] {logging_mixin.py:190} INFO - [2024-10-19T00:12:35.867+0000] {dag.py:3239} INFO - Sync 1 DAGs
[2024-10-19T00:12:35.888+0000] {logging_mixin.py:190} INFO - [2024-10-19T00:12:35.888+0000] {dag.py:4180} INFO - Setting next_dagrun for example_branch_labels to 2024-10-18 00:00:00+00:00, run_after=2024-10-19 00:00:00+00:00
[2024-10-19T00:12:35.910+0000] {processor.py:208} INFO - Processing /home/airflow/.local/lib/python3.12/site-packages/airflow/example_dags/example_branch_labels.py took 0.080 seconds
[2024-10-19T00:13:06.225+0000] {processor.py:186} INFO - Started process (PID=1094) to work on /home/airflow/.local/lib/python3.12/site-packages/airflow/example_dags/example_branch_labels.py
[2024-10-19T00:13:06.226+0000] {processor.py:914} INFO - Processing file /home/airflow/.local/lib/python3.12/site-packages/airflow/example_dags/example_branch_labels.py for tasks to queue
[2024-10-19T00:13:06.229+0000] {logging_mixin.py:190} INFO - [2024-10-19T00:13:06.228+0000] {dagbag.py:588} INFO - Filling up the DagBag from /home/airflow/.local/lib/python3.12/site-packages/airflow/example_dags/example_branch_labels.py
[2024-10-19T00:13:06.236+0000] {processor.py:925} INFO - DAG(s) 'example_branch_labels' retrieved from /home/airflow/.local/lib/python3.12/site-packages/airflow/example_dags/example_branch_labels.py
[2024-10-19T00:13:06.252+0000] {logging_mixin.py:190} INFO - [2024-10-19T00:13:06.252+0000] {dag.py:3239} INFO - Sync 1 DAGs
[2024-10-19T00:13:06.270+0000] {logging_mixin.py:190} INFO - [2024-10-19T00:13:06.270+0000] {dag.py:4180} INFO - Setting next_dagrun for example_branch_labels to 2024-10-18 00:00:00+00:00, run_after=2024-10-19 00:00:00+00:00
[2024-10-19T00:13:06.288+0000] {processor.py:208} INFO - Processing /home/airflow/.local/lib/python3.12/site-packages/airflow/example_dags/example_branch_labels.py took 0.067 seconds
[2024-10-19T00:13:36.800+0000] {processor.py:186} INFO - Started process (PID=1156) to work on /home/airflow/.local/lib/python3.12/site-packages/airflow/example_dags/example_branch_labels.py
[2024-10-19T00:13:36.801+0000] {processor.py:914} INFO - Processing file /home/airflow/.local/lib/python3.12/site-packages/airflow/example_dags/example_branch_labels.py for tasks to queue
[2024-10-19T00:13:36.804+0000] {logging_mixin.py:190} INFO - [2024-10-19T00:13:36.804+0000] {dagbag.py:588} INFO - Filling up the DagBag from /home/airflow/.local/lib/python3.12/site-packages/airflow/example_dags/example_branch_labels.py
[2024-10-19T00:13:36.812+0000] {processor.py:925} INFO - DAG(s) 'example_branch_labels' retrieved from /home/airflow/.local/lib/python3.12/site-packages/airflow/example_dags/example_branch_labels.py
[2024-10-19T00:13:36.828+0000] {logging_mixin.py:190} INFO - [2024-10-19T00:13:36.828+0000] {dag.py:3239} INFO - Sync 1 DAGs
[2024-10-19T00:13:36.848+0000] {logging_mixin.py:190} INFO - [2024-10-19T00:13:36.848+0000] {dag.py:4180} INFO - Setting next_dagrun for example_branch_labels to 2024-10-18 00:00:00+00:00, run_after=2024-10-19 00:00:00+00:00
[2024-10-19T00:13:36.866+0000] {processor.py:208} INFO - Processing /home/airflow/.local/lib/python3.12/site-packages/airflow/example_dags/example_branch_labels.py took 0.070 seconds
[2024-10-19T00:14:07.236+0000] {processor.py:186} INFO - Started process (PID=1218) to work on /home/airflow/.local/lib/python3.12/site-packages/airflow/example_dags/example_branch_labels.py
[2024-10-19T00:14:07.237+0000] {processor.py:914} INFO - Processing file /home/airflow/.local/lib/python3.12/site-packages/airflow/example_dags/example_branch_labels.py for tasks to queue
[2024-10-19T00:14:07.239+0000] {logging_mixin.py:190} INFO - [2024-10-19T00:14:07.238+0000] {dagbag.py:588} INFO - Filling up the DagBag from /home/airflow/.local/lib/python3.12/site-packages/airflow/example_dags/example_branch_labels.py
[2024-10-19T00:14:07.246+0000] {processor.py:925} INFO - DAG(s) 'example_branch_labels' retrieved from /home/airflow/.local/lib/python3.12/site-packages/airflow/example_dags/example_branch_labels.py
[2024-10-19T00:14:07.263+0000] {logging_mixin.py:190} INFO - [2024-10-19T00:14:07.263+0000] {dag.py:3239} INFO - Sync 1 DAGs
[2024-10-19T00:14:07.283+0000] {logging_mixin.py:190} INFO - [2024-10-19T00:14:07.283+0000] {dag.py:4180} INFO - Setting next_dagrun for example_branch_labels to 2024-10-18 00:00:00+00:00, run_after=2024-10-19 00:00:00+00:00
[2024-10-19T00:14:07.304+0000] {processor.py:208} INFO - Processing /home/airflow/.local/lib/python3.12/site-packages/airflow/example_dags/example_branch_labels.py took 0.073 seconds
[2024-10-19T00:14:37.895+0000] {processor.py:186} INFO - Started process (PID=1280) to work on /home/airflow/.local/lib/python3.12/site-packages/airflow/example_dags/example_branch_labels.py
[2024-10-19T00:14:37.896+0000] {processor.py:914} INFO - Processing file /home/airflow/.local/lib/python3.12/site-packages/airflow/example_dags/example_branch_labels.py for tasks to queue
[2024-10-19T00:14:37.899+0000] {logging_mixin.py:190} INFO - [2024-10-19T00:14:37.898+0000] {dagbag.py:588} INFO - Filling up the DagBag from /home/airflow/.local/lib/python3.12/site-packages/airflow/example_dags/example_branch_labels.py
[2024-10-19T00:14:37.907+0000] {processor.py:925} INFO - DAG(s) 'example_branch_labels' retrieved from /home/airflow/.local/lib/python3.12/site-packages/airflow/example_dags/example_branch_labels.py
[2024-10-19T00:14:37.923+0000] {logging_mixin.py:190} INFO - [2024-10-19T00:14:37.923+0000] {dag.py:3239} INFO - Sync 1 DAGs
[2024-10-19T00:14:37.941+0000] {logging_mixin.py:190} INFO - [2024-10-19T00:14:37.941+0000] {dag.py:4180} INFO - Setting next_dagrun for example_branch_labels to 2024-10-18 00:00:00+00:00, run_after=2024-10-19 00:00:00+00:00
[2024-10-19T00:14:37.960+0000] {processor.py:208} INFO - Processing /home/airflow/.local/lib/python3.12/site-packages/airflow/example_dags/example_branch_labels.py took 0.069 seconds
[2024-10-19T00:15:08.532+0000] {processor.py:186} INFO - Started process (PID=1342) to work on /home/airflow/.local/lib/python3.12/site-packages/airflow/example_dags/example_branch_labels.py
[2024-10-19T00:15:08.533+0000] {processor.py:914} INFO - Processing file /home/airflow/.local/lib/python3.12/site-packages/airflow/example_dags/example_branch_labels.py for tasks to queue
[2024-10-19T00:15:08.536+0000] {logging_mixin.py:190} INFO - [2024-10-19T00:15:08.535+0000] {dagbag.py:588} INFO - Filling up the DagBag from /home/airflow/.local/lib/python3.12/site-packages/airflow/example_dags/example_branch_labels.py
[2024-10-19T00:15:08.544+0000] {processor.py:925} INFO - DAG(s) 'example_branch_labels' retrieved from /home/airflow/.local/lib/python3.12/site-packages/airflow/example_dags/example_branch_labels.py
[2024-10-19T00:15:08.561+0000] {logging_mixin.py:190} INFO - [2024-10-19T00:15:08.561+0000] {dag.py:3239} INFO - Sync 1 DAGs
[2024-10-19T00:15:08.580+0000] {logging_mixin.py:190} INFO - [2024-10-19T00:15:08.580+0000] {dag.py:4180} INFO - Setting next_dagrun for example_branch_labels to 2024-10-18 00:00:00+00:00, run_after=2024-10-19 00:00:00+00:00
[2024-10-19T00:15:08.598+0000] {processor.py:208} INFO - Processing /home/airflow/.local/lib/python3.12/site-packages/airflow/example_dags/example_branch_labels.py took 0.071 seconds
[2024-10-19T00:15:39.417+0000] {processor.py:186} INFO - Started process (PID=1404) to work on /home/airflow/.local/lib/python3.12/site-packages/airflow/example_dags/example_branch_labels.py
[2024-10-19T00:15:39.418+0000] {processor.py:914} INFO - Processing file /home/airflow/.local/lib/python3.12/site-packages/airflow/example_dags/example_branch_labels.py for tasks to queue
[2024-10-19T00:15:39.420+0000] {logging_mixin.py:190} INFO - [2024-10-19T00:15:39.420+0000] {dagbag.py:588} INFO - Filling up the DagBag from /home/airflow/.local/lib/python3.12/site-packages/airflow/example_dags/example_branch_labels.py
[2024-10-19T00:15:39.427+0000] {processor.py:925} INFO - DAG(s) 'example_branch_labels' retrieved from /home/airflow/.local/lib/python3.12/site-packages/airflow/example_dags/example_branch_labels.py
[2024-10-19T00:15:39.444+0000] {logging_mixin.py:190} INFO - [2024-10-19T00:15:39.444+0000] {dag.py:3239} INFO - Sync 1 DAGs
[2024-10-19T00:15:39.462+0000] {logging_mixin.py:190} INFO - [2024-10-19T00:15:39.462+0000] {dag.py:4180} INFO - Setting next_dagrun for example_branch_labels to 2024-10-18 00:00:00+00:00, run_after=2024-10-19 00:00:00+00:00
[2024-10-19T00:15:39.481+0000] {processor.py:208} INFO - Processing /home/airflow/.local/lib/python3.12/site-packages/airflow/example_dags/example_branch_labels.py took 0.068 seconds
[2024-10-19T00:16:10.159+0000] {processor.py:186} INFO - Started process (PID=1465) to work on /home/airflow/.local/lib/python3.12/site-packages/airflow/example_dags/example_branch_labels.py
[2024-10-19T00:16:10.161+0000] {processor.py:914} INFO - Processing file /home/airflow/.local/lib/python3.12/site-packages/airflow/example_dags/example_branch_labels.py for tasks to queue
[2024-10-19T00:16:10.163+0000] {logging_mixin.py:190} INFO - [2024-10-19T00:16:10.162+0000] {dagbag.py:588} INFO - Filling up the DagBag from /home/airflow/.local/lib/python3.12/site-packages/airflow/example_dags/example_branch_labels.py
[2024-10-19T00:16:10.170+0000] {processor.py:925} INFO - DAG(s) 'example_branch_labels' retrieved from /home/airflow/.local/lib/python3.12/site-packages/airflow/example_dags/example_branch_labels.py
[2024-10-19T00:16:10.186+0000] {logging_mixin.py:190} INFO - [2024-10-19T00:16:10.186+0000] {dag.py:3239} INFO - Sync 1 DAGs
[2024-10-19T00:16:10.204+0000] {logging_mixin.py:190} INFO - [2024-10-19T00:16:10.204+0000] {dag.py:4180} INFO - Setting next_dagrun for example_branch_labels to 2024-10-18 00:00:00+00:00, run_after=2024-10-19 00:00:00+00:00
[2024-10-19T00:16:10.224+0000] {processor.py:208} INFO - Processing /home/airflow/.local/lib/python3.12/site-packages/airflow/example_dags/example_branch_labels.py took 0.069 seconds
[2024-10-19T00:16:40.955+0000] {processor.py:186} INFO - Started process (PID=1527) to work on /home/airflow/.local/lib/python3.12/site-packages/airflow/example_dags/example_branch_labels.py
[2024-10-19T00:16:40.955+0000] {processor.py:914} INFO - Processing file /home/airflow/.local/lib/python3.12/site-packages/airflow/example_dags/example_branch_labels.py for tasks to queue
[2024-10-19T00:16:40.958+0000] {logging_mixin.py:190} INFO - [2024-10-19T00:16:40.957+0000] {dagbag.py:588} INFO - Filling up the DagBag from /home/airflow/.local/lib/python3.12/site-packages/airflow/example_dags/example_branch_labels.py
[2024-10-19T00:16:40.966+0000] {processor.py:925} INFO - DAG(s) 'example_branch_labels' retrieved from /home/airflow/.local/lib/python3.12/site-packages/airflow/example_dags/example_branch_labels.py
[2024-10-19T00:16:40.980+0000] {logging_mixin.py:190} INFO - [2024-10-19T00:16:40.980+0000] {dag.py:3239} INFO - Sync 1 DAGs
[2024-10-19T00:16:40.997+0000] {logging_mixin.py:190} INFO - [2024-10-19T00:16:40.997+0000] {dag.py:4180} INFO - Setting next_dagrun for example_branch_labels to 2024-10-18 00:00:00+00:00, run_after=2024-10-19 00:00:00+00:00
[2024-10-19T00:16:41.013+0000] {processor.py:208} INFO - Processing /home/airflow/.local/lib/python3.12/site-packages/airflow/example_dags/example_branch_labels.py took 0.065 seconds
[2024-10-19T00:17:11.293+0000] {processor.py:186} INFO - Started process (PID=1589) to work on /home/airflow/.local/lib/python3.12/site-packages/airflow/example_dags/example_branch_labels.py
[2024-10-19T00:17:11.293+0000] {processor.py:914} INFO - Processing file /home/airflow/.local/lib/python3.12/site-packages/airflow/example_dags/example_branch_labels.py for tasks to queue
[2024-10-19T00:17:11.295+0000] {logging_mixin.py:190} INFO - [2024-10-19T00:17:11.295+0000] {dagbag.py:588} INFO - Filling up the DagBag from /home/airflow/.local/lib/python3.12/site-packages/airflow/example_dags/example_branch_labels.py
[2024-10-19T00:17:11.303+0000] {processor.py:925} INFO - DAG(s) 'example_branch_labels' retrieved from /home/airflow/.local/lib/python3.12/site-packages/airflow/example_dags/example_branch_labels.py
[2024-10-19T00:17:11.319+0000] {logging_mixin.py:190} INFO - [2024-10-19T00:17:11.319+0000] {dag.py:3239} INFO - Sync 1 DAGs
[2024-10-19T00:17:11.336+0000] {logging_mixin.py:190} INFO - [2024-10-19T00:17:11.336+0000] {dag.py:4180} INFO - Setting next_dagrun for example_branch_labels to 2024-10-18 00:00:00+00:00, run_after=2024-10-19 00:00:00+00:00
[2024-10-19T00:17:11.353+0000] {processor.py:208} INFO - Processing /home/airflow/.local/lib/python3.12/site-packages/airflow/example_dags/example_branch_labels.py took 0.065 seconds
[2024-10-19T00:17:41.940+0000] {processor.py:186} INFO - Started process (PID=1651) to work on /home/airflow/.local/lib/python3.12/site-packages/airflow/example_dags/example_branch_labels.py
[2024-10-19T00:17:41.942+0000] {processor.py:914} INFO - Processing file /home/airflow/.local/lib/python3.12/site-packages/airflow/example_dags/example_branch_labels.py for tasks to queue
[2024-10-19T00:17:41.944+0000] {logging_mixin.py:190} INFO - [2024-10-19T00:17:41.944+0000] {dagbag.py:588} INFO - Filling up the DagBag from /home/airflow/.local/lib/python3.12/site-packages/airflow/example_dags/example_branch_labels.py
[2024-10-19T00:17:41.953+0000] {processor.py:925} INFO - DAG(s) 'example_branch_labels' retrieved from /home/airflow/.local/lib/python3.12/site-packages/airflow/example_dags/example_branch_labels.py
[2024-10-19T00:17:41.971+0000] {logging_mixin.py:190} INFO - [2024-10-19T00:17:41.971+0000] {dag.py:3239} INFO - Sync 1 DAGs
[2024-10-19T00:17:41.995+0000] {logging_mixin.py:190} INFO - [2024-10-19T00:17:41.995+0000] {dag.py:4180} INFO - Setting next_dagrun for example_branch_labels to 2024-10-18 00:00:00+00:00, run_after=2024-10-19 00:00:00+00:00
[2024-10-19T00:17:42.016+0000] {processor.py:208} INFO - Processing /home/airflow/.local/lib/python3.12/site-packages/airflow/example_dags/example_branch_labels.py took 0.082 seconds
[2024-10-19T00:18:12.564+0000] {processor.py:186} INFO - Started process (PID=1713) to work on /home/airflow/.local/lib/python3.12/site-packages/airflow/example_dags/example_branch_labels.py
[2024-10-19T00:18:12.565+0000] {processor.py:914} INFO - Processing file /home/airflow/.local/lib/python3.12/site-packages/airflow/example_dags/example_branch_labels.py for tasks to queue
[2024-10-19T00:18:12.568+0000] {logging_mixin.py:190} INFO - [2024-10-19T00:18:12.567+0000] {dagbag.py:588} INFO - Filling up the DagBag from /home/airflow/.local/lib/python3.12/site-packages/airflow/example_dags/example_branch_labels.py
[2024-10-19T00:18:12.576+0000] {processor.py:925} INFO - DAG(s) 'example_branch_labels' retrieved from /home/airflow/.local/lib/python3.12/site-packages/airflow/example_dags/example_branch_labels.py
[2024-10-19T00:18:12.592+0000] {logging_mixin.py:190} INFO - [2024-10-19T00:18:12.592+0000] {dag.py:3239} INFO - Sync 1 DAGs
[2024-10-19T00:18:12.614+0000] {logging_mixin.py:190} INFO - [2024-10-19T00:18:12.614+0000] {dag.py:4180} INFO - Setting next_dagrun for example_branch_labels to 2024-10-18 00:00:00+00:00, run_after=2024-10-19 00:00:00+00:00
[2024-10-19T00:18:12.636+0000] {processor.py:208} INFO - Processing /home/airflow/.local/lib/python3.12/site-packages/airflow/example_dags/example_branch_labels.py took 0.076 seconds
[2024-10-19T00:18:42.815+0000] {processor.py:186} INFO - Started process (PID=1774) to work on /home/airflow/.local/lib/python3.12/site-packages/airflow/example_dags/example_branch_labels.py
[2024-10-19T00:18:42.816+0000] {processor.py:914} INFO - Processing file /home/airflow/.local/lib/python3.12/site-packages/airflow/example_dags/example_branch_labels.py for tasks to queue
[2024-10-19T00:18:42.818+0000] {logging_mixin.py:190} INFO - [2024-10-19T00:18:42.818+0000] {dagbag.py:588} INFO - Filling up the DagBag from /home/airflow/.local/lib/python3.12/site-packages/airflow/example_dags/example_branch_labels.py
[2024-10-19T00:18:42.825+0000] {processor.py:925} INFO - DAG(s) 'example_branch_labels' retrieved from /home/airflow/.local/lib/python3.12/site-packages/airflow/example_dags/example_branch_labels.py
[2024-10-19T00:18:42.842+0000] {logging_mixin.py:190} INFO - [2024-10-19T00:18:42.842+0000] {dag.py:3239} INFO - Sync 1 DAGs
[2024-10-19T00:18:42.862+0000] {logging_mixin.py:190} INFO - [2024-10-19T00:18:42.862+0000] {dag.py:4180} INFO - Setting next_dagrun for example_branch_labels to 2024-10-18 00:00:00+00:00, run_after=2024-10-19 00:00:00+00:00
[2024-10-19T00:18:42.879+0000] {processor.py:208} INFO - Processing /home/airflow/.local/lib/python3.12/site-packages/airflow/example_dags/example_branch_labels.py took 0.069 seconds
[2024-10-19T00:19:13.847+0000] {processor.py:186} INFO - Started process (PID=1836) to work on /home/airflow/.local/lib/python3.12/site-packages/airflow/example_dags/example_branch_labels.py
[2024-10-19T00:19:13.848+0000] {processor.py:914} INFO - Processing file /home/airflow/.local/lib/python3.12/site-packages/airflow/example_dags/example_branch_labels.py for tasks to queue
[2024-10-19T00:19:13.850+0000] {logging_mixin.py:190} INFO - [2024-10-19T00:19:13.850+0000] {dagbag.py:588} INFO - Filling up the DagBag from /home/airflow/.local/lib/python3.12/site-packages/airflow/example_dags/example_branch_labels.py
[2024-10-19T00:19:13.860+0000] {processor.py:925} INFO - DAG(s) 'example_branch_labels' retrieved from /home/airflow/.local/lib/python3.12/site-packages/airflow/example_dags/example_branch_labels.py
[2024-10-19T00:19:13.877+0000] {logging_mixin.py:190} INFO - [2024-10-19T00:19:13.877+0000] {dag.py:3239} INFO - Sync 1 DAGs
[2024-10-19T00:19:13.899+0000] {logging_mixin.py:190} INFO - [2024-10-19T00:19:13.898+0000] {dag.py:4180} INFO - Setting next_dagrun for example_branch_labels to 2024-10-18 00:00:00+00:00, run_after=2024-10-19 00:00:00+00:00
[2024-10-19T00:19:13.921+0000] {processor.py:208} INFO - Processing /home/airflow/.local/lib/python3.12/site-packages/airflow/example_dags/example_branch_labels.py took 0.079 seconds
[2024-10-19T00:19:44.272+0000] {processor.py:186} INFO - Started process (PID=1898) to work on /home/airflow/.local/lib/python3.12/site-packages/airflow/example_dags/example_branch_labels.py
[2024-10-19T00:19:44.273+0000] {processor.py:914} INFO - Processing file /home/airflow/.local/lib/python3.12/site-packages/airflow/example_dags/example_branch_labels.py for tasks to queue
[2024-10-19T00:19:44.276+0000] {logging_mixin.py:190} INFO - [2024-10-19T00:19:44.275+0000] {dagbag.py:588} INFO - Filling up the DagBag from /home/airflow/.local/lib/python3.12/site-packages/airflow/example_dags/example_branch_labels.py
[2024-10-19T00:19:44.283+0000] {processor.py:925} INFO - DAG(s) 'example_branch_labels' retrieved from /home/airflow/.local/lib/python3.12/site-packages/airflow/example_dags/example_branch_labels.py
[2024-10-19T00:19:44.301+0000] {logging_mixin.py:190} INFO - [2024-10-19T00:19:44.301+0000] {dag.py:3239} INFO - Sync 1 DAGs
[2024-10-19T00:19:44.320+0000] {logging_mixin.py:190} INFO - [2024-10-19T00:19:44.320+0000] {dag.py:4180} INFO - Setting next_dagrun for example_branch_labels to 2024-10-18 00:00:00+00:00, run_after=2024-10-19 00:00:00+00:00
[2024-10-19T00:19:44.337+0000] {processor.py:208} INFO - Processing /home/airflow/.local/lib/python3.12/site-packages/airflow/example_dags/example_branch_labels.py took 0.069 seconds
[2024-10-19T00:20:14.968+0000] {processor.py:186} INFO - Started process (PID=1960) to work on /home/airflow/.local/lib/python3.12/site-packages/airflow/example_dags/example_branch_labels.py
[2024-10-19T00:20:14.969+0000] {processor.py:914} INFO - Processing file /home/airflow/.local/lib/python3.12/site-packages/airflow/example_dags/example_branch_labels.py for tasks to queue
[2024-10-19T00:20:14.971+0000] {logging_mixin.py:190} INFO - [2024-10-19T00:20:14.971+0000] {dagbag.py:588} INFO - Filling up the DagBag from /home/airflow/.local/lib/python3.12/site-packages/airflow/example_dags/example_branch_labels.py
[2024-10-19T00:20:14.979+0000] {processor.py:925} INFO - DAG(s) 'example_branch_labels' retrieved from /home/airflow/.local/lib/python3.12/site-packages/airflow/example_dags/example_branch_labels.py
[2024-10-19T00:20:14.994+0000] {logging_mixin.py:190} INFO - [2024-10-19T00:20:14.994+0000] {dag.py:3239} INFO - Sync 1 DAGs
[2024-10-19T00:20:15.012+0000] {logging_mixin.py:190} INFO - [2024-10-19T00:20:15.012+0000] {dag.py:4180} INFO - Setting next_dagrun for example_branch_labels to 2024-10-18 00:00:00+00:00, run_after=2024-10-19 00:00:00+00:00
[2024-10-19T00:20:15.031+0000] {processor.py:208} INFO - Processing /home/airflow/.local/lib/python3.12/site-packages/airflow/example_dags/example_branch_labels.py took 0.068 seconds
[2024-10-19T00:20:45.878+0000] {processor.py:186} INFO - Started process (PID=2022) to work on /home/airflow/.local/lib/python3.12/site-packages/airflow/example_dags/example_branch_labels.py
[2024-10-19T00:20:45.880+0000] {processor.py:914} INFO - Processing file /home/airflow/.local/lib/python3.12/site-packages/airflow/example_dags/example_branch_labels.py for tasks to queue
[2024-10-19T00:20:45.883+0000] {logging_mixin.py:190} INFO - [2024-10-19T00:20:45.882+0000] {dagbag.py:588} INFO - Filling up the DagBag from /home/airflow/.local/lib/python3.12/site-packages/airflow/example_dags/example_branch_labels.py
[2024-10-19T00:20:45.894+0000] {processor.py:925} INFO - DAG(s) 'example_branch_labels' retrieved from /home/airflow/.local/lib/python3.12/site-packages/airflow/example_dags/example_branch_labels.py
[2024-10-19T00:20:45.923+0000] {logging_mixin.py:190} INFO - [2024-10-19T00:20:45.922+0000] {dag.py:3239} INFO - Sync 1 DAGs
[2024-10-19T00:20:45.955+0000] {logging_mixin.py:190} INFO - [2024-10-19T00:20:45.954+0000] {dag.py:4180} INFO - Setting next_dagrun for example_branch_labels to 2024-10-18 00:00:00+00:00, run_after=2024-10-19 00:00:00+00:00
[2024-10-19T00:20:45.982+0000] {processor.py:208} INFO - Processing /home/airflow/.local/lib/python3.12/site-packages/airflow/example_dags/example_branch_labels.py took 0.112 seconds
[2024-10-19T00:21:16.180+0000] {processor.py:186} INFO - Started process (PID=2084) to work on /home/airflow/.local/lib/python3.12/site-packages/airflow/example_dags/example_branch_labels.py
[2024-10-19T00:21:16.181+0000] {processor.py:914} INFO - Processing file /home/airflow/.local/lib/python3.12/site-packages/airflow/example_dags/example_branch_labels.py for tasks to queue
[2024-10-19T00:21:16.183+0000] {logging_mixin.py:190} INFO - [2024-10-19T00:21:16.183+0000] {dagbag.py:588} INFO - Filling up the DagBag from /home/airflow/.local/lib/python3.12/site-packages/airflow/example_dags/example_branch_labels.py
[2024-10-19T00:21:16.191+0000] {processor.py:925} INFO - DAG(s) 'example_branch_labels' retrieved from /home/airflow/.local/lib/python3.12/site-packages/airflow/example_dags/example_branch_labels.py
[2024-10-19T00:21:16.210+0000] {logging_mixin.py:190} INFO - [2024-10-19T00:21:16.210+0000] {dag.py:3239} INFO - Sync 1 DAGs
[2024-10-19T00:21:16.231+0000] {logging_mixin.py:190} INFO - [2024-10-19T00:21:16.231+0000] {dag.py:4180} INFO - Setting next_dagrun for example_branch_labels to 2024-10-18 00:00:00+00:00, run_after=2024-10-19 00:00:00+00:00
[2024-10-19T00:21:16.251+0000] {processor.py:208} INFO - Processing /home/airflow/.local/lib/python3.12/site-packages/airflow/example_dags/example_branch_labels.py took 0.076 seconds
[2024-10-19T00:21:47.051+0000] {processor.py:186} INFO - Started process (PID=2147) to work on /home/airflow/.local/lib/python3.12/site-packages/airflow/example_dags/example_branch_labels.py
[2024-10-19T00:21:47.052+0000] {processor.py:914} INFO - Processing file /home/airflow/.local/lib/python3.12/site-packages/airflow/example_dags/example_branch_labels.py for tasks to queue
[2024-10-19T00:21:47.054+0000] {logging_mixin.py:190} INFO - [2024-10-19T00:21:47.054+0000] {dagbag.py:588} INFO - Filling up the DagBag from /home/airflow/.local/lib/python3.12/site-packages/airflow/example_dags/example_branch_labels.py
[2024-10-19T00:21:47.064+0000] {processor.py:925} INFO - DAG(s) 'example_branch_labels' retrieved from /home/airflow/.local/lib/python3.12/site-packages/airflow/example_dags/example_branch_labels.py
[2024-10-19T00:21:47.083+0000] {logging_mixin.py:190} INFO - [2024-10-19T00:21:47.083+0000] {dag.py:3239} INFO - Sync 1 DAGs
[2024-10-19T00:21:47.106+0000] {logging_mixin.py:190} INFO - [2024-10-19T00:21:47.105+0000] {dag.py:4180} INFO - Setting next_dagrun for example_branch_labels to 2024-10-18 00:00:00+00:00, run_after=2024-10-19 00:00:00+00:00
[2024-10-19T00:21:47.124+0000] {processor.py:208} INFO - Processing /home/airflow/.local/lib/python3.12/site-packages/airflow/example_dags/example_branch_labels.py took 0.080 seconds
[2024-10-19T00:22:17.697+0000] {processor.py:186} INFO - Started process (PID=2209) to work on /home/airflow/.local/lib/python3.12/site-packages/airflow/example_dags/example_branch_labels.py
[2024-10-19T00:22:17.698+0000] {processor.py:914} INFO - Processing file /home/airflow/.local/lib/python3.12/site-packages/airflow/example_dags/example_branch_labels.py for tasks to queue
[2024-10-19T00:22:17.700+0000] {logging_mixin.py:190} INFO - [2024-10-19T00:22:17.700+0000] {dagbag.py:588} INFO - Filling up the DagBag from /home/airflow/.local/lib/python3.12/site-packages/airflow/example_dags/example_branch_labels.py
[2024-10-19T00:22:17.708+0000] {processor.py:925} INFO - DAG(s) 'example_branch_labels' retrieved from /home/airflow/.local/lib/python3.12/site-packages/airflow/example_dags/example_branch_labels.py
[2024-10-19T00:22:17.724+0000] {logging_mixin.py:190} INFO - [2024-10-19T00:22:17.724+0000] {dag.py:3239} INFO - Sync 1 DAGs
[2024-10-19T00:22:17.745+0000] {logging_mixin.py:190} INFO - [2024-10-19T00:22:17.745+0000] {dag.py:4180} INFO - Setting next_dagrun for example_branch_labels to 2024-10-18 00:00:00+00:00, run_after=2024-10-19 00:00:00+00:00
[2024-10-19T00:22:17.763+0000] {processor.py:208} INFO - Processing /home/airflow/.local/lib/python3.12/site-packages/airflow/example_dags/example_branch_labels.py took 0.071 seconds
[2024-10-19T00:22:48.229+0000] {processor.py:186} INFO - Started process (PID=2272) to work on /home/airflow/.local/lib/python3.12/site-packages/airflow/example_dags/example_branch_labels.py
[2024-10-19T00:22:48.230+0000] {processor.py:914} INFO - Processing file /home/airflow/.local/lib/python3.12/site-packages/airflow/example_dags/example_branch_labels.py for tasks to queue
[2024-10-19T00:22:48.231+0000] {logging_mixin.py:190} INFO - [2024-10-19T00:22:48.231+0000] {dagbag.py:588} INFO - Filling up the DagBag from /home/airflow/.local/lib/python3.12/site-packages/airflow/example_dags/example_branch_labels.py
[2024-10-19T00:22:48.239+0000] {processor.py:925} INFO - DAG(s) 'example_branch_labels' retrieved from /home/airflow/.local/lib/python3.12/site-packages/airflow/example_dags/example_branch_labels.py
[2024-10-19T00:22:48.256+0000] {logging_mixin.py:190} INFO - [2024-10-19T00:22:48.256+0000] {dag.py:3239} INFO - Sync 1 DAGs
[2024-10-19T00:22:48.277+0000] {logging_mixin.py:190} INFO - [2024-10-19T00:22:48.277+0000] {dag.py:4180} INFO - Setting next_dagrun for example_branch_labels to 2024-10-18 00:00:00+00:00, run_after=2024-10-19 00:00:00+00:00
[2024-10-19T00:22:48.294+0000] {processor.py:208} INFO - Processing /home/airflow/.local/lib/python3.12/site-packages/airflow/example_dags/example_branch_labels.py took 0.070 seconds
[2024-10-19T00:23:18.712+0000] {processor.py:186} INFO - Started process (PID=2334) to work on /home/airflow/.local/lib/python3.12/site-packages/airflow/example_dags/example_branch_labels.py
[2024-10-19T00:23:18.713+0000] {processor.py:914} INFO - Processing file /home/airflow/.local/lib/python3.12/site-packages/airflow/example_dags/example_branch_labels.py for tasks to queue
[2024-10-19T00:23:18.715+0000] {logging_mixin.py:190} INFO - [2024-10-19T00:23:18.715+0000] {dagbag.py:588} INFO - Filling up the DagBag from /home/airflow/.local/lib/python3.12/site-packages/airflow/example_dags/example_branch_labels.py
[2024-10-19T00:23:18.723+0000] {processor.py:925} INFO - DAG(s) 'example_branch_labels' retrieved from /home/airflow/.local/lib/python3.12/site-packages/airflow/example_dags/example_branch_labels.py
[2024-10-19T00:23:18.738+0000] {logging_mixin.py:190} INFO - [2024-10-19T00:23:18.738+0000] {dag.py:3239} INFO - Sync 1 DAGs
[2024-10-19T00:23:18.755+0000] {logging_mixin.py:190} INFO - [2024-10-19T00:23:18.755+0000] {dag.py:4180} INFO - Setting next_dagrun for example_branch_labels to 2024-10-18 00:00:00+00:00, run_after=2024-10-19 00:00:00+00:00
[2024-10-19T00:23:18.772+0000] {processor.py:208} INFO - Processing /home/airflow/.local/lib/python3.12/site-packages/airflow/example_dags/example_branch_labels.py took 0.065 seconds
[2024-10-19T00:23:49.287+0000] {processor.py:186} INFO - Started process (PID=2396) to work on /home/airflow/.local/lib/python3.12/site-packages/airflow/example_dags/example_branch_labels.py
[2024-10-19T00:23:49.288+0000] {processor.py:914} INFO - Processing file /home/airflow/.local/lib/python3.12/site-packages/airflow/example_dags/example_branch_labels.py for tasks to queue
[2024-10-19T00:23:49.291+0000] {logging_mixin.py:190} INFO - [2024-10-19T00:23:49.290+0000] {dagbag.py:588} INFO - Filling up the DagBag from /home/airflow/.local/lib/python3.12/site-packages/airflow/example_dags/example_branch_labels.py
[2024-10-19T00:23:49.300+0000] {processor.py:925} INFO - DAG(s) 'example_branch_labels' retrieved from /home/airflow/.local/lib/python3.12/site-packages/airflow/example_dags/example_branch_labels.py
[2024-10-19T00:23:49.319+0000] {logging_mixin.py:190} INFO - [2024-10-19T00:23:49.319+0000] {dag.py:3239} INFO - Sync 1 DAGs
[2024-10-19T00:23:49.339+0000] {logging_mixin.py:190} INFO - [2024-10-19T00:23:49.339+0000] {dag.py:4180} INFO - Setting next_dagrun for example_branch_labels to 2024-10-18 00:00:00+00:00, run_after=2024-10-19 00:00:00+00:00
[2024-10-19T00:23:49.356+0000] {processor.py:208} INFO - Processing /home/airflow/.local/lib/python3.12/site-packages/airflow/example_dags/example_branch_labels.py took 0.076 seconds
[2024-10-19T00:24:19.772+0000] {processor.py:186} INFO - Started process (PID=2458) to work on /home/airflow/.local/lib/python3.12/site-packages/airflow/example_dags/example_branch_labels.py
[2024-10-19T00:24:19.773+0000] {processor.py:914} INFO - Processing file /home/airflow/.local/lib/python3.12/site-packages/airflow/example_dags/example_branch_labels.py for tasks to queue
[2024-10-19T00:24:19.775+0000] {logging_mixin.py:190} INFO - [2024-10-19T00:24:19.774+0000] {dagbag.py:588} INFO - Filling up the DagBag from /home/airflow/.local/lib/python3.12/site-packages/airflow/example_dags/example_branch_labels.py
[2024-10-19T00:24:19.783+0000] {processor.py:925} INFO - DAG(s) 'example_branch_labels' retrieved from /home/airflow/.local/lib/python3.12/site-packages/airflow/example_dags/example_branch_labels.py
[2024-10-19T00:24:19.801+0000] {logging_mixin.py:190} INFO - [2024-10-19T00:24:19.801+0000] {dag.py:3239} INFO - Sync 1 DAGs
[2024-10-19T00:24:19.821+0000] {logging_mixin.py:190} INFO - [2024-10-19T00:24:19.820+0000] {dag.py:4180} INFO - Setting next_dagrun for example_branch_labels to 2024-10-18 00:00:00+00:00, run_after=2024-10-19 00:00:00+00:00
[2024-10-19T00:24:19.837+0000] {processor.py:208} INFO - Processing /home/airflow/.local/lib/python3.12/site-packages/airflow/example_dags/example_branch_labels.py took 0.071 seconds
[2024-10-19T00:24:50.412+0000] {processor.py:186} INFO - Started process (PID=2520) to work on /home/airflow/.local/lib/python3.12/site-packages/airflow/example_dags/example_branch_labels.py
[2024-10-19T00:24:50.413+0000] {processor.py:914} INFO - Processing file /home/airflow/.local/lib/python3.12/site-packages/airflow/example_dags/example_branch_labels.py for tasks to queue
[2024-10-19T00:24:50.416+0000] {logging_mixin.py:190} INFO - [2024-10-19T00:24:50.415+0000] {dagbag.py:588} INFO - Filling up the DagBag from /home/airflow/.local/lib/python3.12/site-packages/airflow/example_dags/example_branch_labels.py
[2024-10-19T00:24:50.425+0000] {processor.py:925} INFO - DAG(s) 'example_branch_labels' retrieved from /home/airflow/.local/lib/python3.12/site-packages/airflow/example_dags/example_branch_labels.py
[2024-10-19T00:24:50.446+0000] {logging_mixin.py:190} INFO - [2024-10-19T00:24:50.445+0000] {dag.py:3239} INFO - Sync 1 DAGs
[2024-10-19T00:24:50.468+0000] {logging_mixin.py:190} INFO - [2024-10-19T00:24:50.468+0000] {dag.py:4180} INFO - Setting next_dagrun for example_branch_labels to 2024-10-18 00:00:00+00:00, run_after=2024-10-19 00:00:00+00:00
[2024-10-19T00:24:50.486+0000] {processor.py:208} INFO - Processing /home/airflow/.local/lib/python3.12/site-packages/airflow/example_dags/example_branch_labels.py took 0.081 seconds
[2024-10-19T00:25:21.542+0000] {processor.py:186} INFO - Started process (PID=2581) to work on /home/airflow/.local/lib/python3.12/site-packages/airflow/example_dags/example_branch_labels.py
[2024-10-19T00:25:21.543+0000] {processor.py:914} INFO - Processing file /home/airflow/.local/lib/python3.12/site-packages/airflow/example_dags/example_branch_labels.py for tasks to queue
[2024-10-19T00:25:21.545+0000] {logging_mixin.py:190} INFO - [2024-10-19T00:25:21.545+0000] {dagbag.py:588} INFO - Filling up the DagBag from /home/airflow/.local/lib/python3.12/site-packages/airflow/example_dags/example_branch_labels.py
[2024-10-19T00:25:21.554+0000] {processor.py:925} INFO - DAG(s) 'example_branch_labels' retrieved from /home/airflow/.local/lib/python3.12/site-packages/airflow/example_dags/example_branch_labels.py
[2024-10-19T00:25:21.571+0000] {logging_mixin.py:190} INFO - [2024-10-19T00:25:21.571+0000] {dag.py:3239} INFO - Sync 1 DAGs
[2024-10-19T00:25:21.589+0000] {logging_mixin.py:190} INFO - [2024-10-19T00:25:21.589+0000] {dag.py:4180} INFO - Setting next_dagrun for example_branch_labels to 2024-10-18 00:00:00+00:00, run_after=2024-10-19 00:00:00+00:00
[2024-10-19T00:25:21.607+0000] {processor.py:208} INFO - Processing /home/airflow/.local/lib/python3.12/site-packages/airflow/example_dags/example_branch_labels.py took 0.070 seconds
[2024-10-19T00:25:52.572+0000] {processor.py:186} INFO - Started process (PID=2649) to work on /home/airflow/.local/lib/python3.12/site-packages/airflow/example_dags/example_branch_labels.py
[2024-10-19T00:25:52.573+0000] {processor.py:914} INFO - Processing file /home/airflow/.local/lib/python3.12/site-packages/airflow/example_dags/example_branch_labels.py for tasks to queue
[2024-10-19T00:25:52.575+0000] {logging_mixin.py:190} INFO - [2024-10-19T00:25:52.575+0000] {dagbag.py:588} INFO - Filling up the DagBag from /home/airflow/.local/lib/python3.12/site-packages/airflow/example_dags/example_branch_labels.py
[2024-10-19T00:25:52.583+0000] {processor.py:925} INFO - DAG(s) 'example_branch_labels' retrieved from /home/airflow/.local/lib/python3.12/site-packages/airflow/example_dags/example_branch_labels.py
[2024-10-19T00:25:52.598+0000] {logging_mixin.py:190} INFO - [2024-10-19T00:25:52.598+0000] {dag.py:3239} INFO - Sync 1 DAGs
[2024-10-19T00:25:52.616+0000] {logging_mixin.py:190} INFO - [2024-10-19T00:25:52.615+0000] {dag.py:4180} INFO - Setting next_dagrun for example_branch_labels to 2024-10-18 00:00:00+00:00, run_after=2024-10-19 00:00:00+00:00
[2024-10-19T00:25:52.632+0000] {processor.py:208} INFO - Processing /home/airflow/.local/lib/python3.12/site-packages/airflow/example_dags/example_branch_labels.py took 0.064 seconds
[2024-10-19T00:26:22.707+0000] {processor.py:186} INFO - Started process (PID=2711) to work on /home/airflow/.local/lib/python3.12/site-packages/airflow/example_dags/example_branch_labels.py
[2024-10-19T00:26:22.708+0000] {processor.py:914} INFO - Processing file /home/airflow/.local/lib/python3.12/site-packages/airflow/example_dags/example_branch_labels.py for tasks to queue
[2024-10-19T00:26:22.710+0000] {logging_mixin.py:190} INFO - [2024-10-19T00:26:22.710+0000] {dagbag.py:588} INFO - Filling up the DagBag from /home/airflow/.local/lib/python3.12/site-packages/airflow/example_dags/example_branch_labels.py
[2024-10-19T00:26:22.717+0000] {processor.py:925} INFO - DAG(s) 'example_branch_labels' retrieved from /home/airflow/.local/lib/python3.12/site-packages/airflow/example_dags/example_branch_labels.py
[2024-10-19T00:26:22.733+0000] {logging_mixin.py:190} INFO - [2024-10-19T00:26:22.732+0000] {dag.py:3239} INFO - Sync 1 DAGs
[2024-10-19T00:26:22.753+0000] {logging_mixin.py:190} INFO - [2024-10-19T00:26:22.752+0000] {dag.py:4180} INFO - Setting next_dagrun for example_branch_labels to 2024-10-18 00:00:00+00:00, run_after=2024-10-19 00:00:00+00:00
[2024-10-19T00:26:22.768+0000] {processor.py:208} INFO - Processing /home/airflow/.local/lib/python3.12/site-packages/airflow/example_dags/example_branch_labels.py took 0.066 seconds
[2024-10-19T00:26:53.562+0000] {processor.py:186} INFO - Started process (PID=2772) to work on /home/airflow/.local/lib/python3.12/site-packages/airflow/example_dags/example_branch_labels.py
[2024-10-19T00:26:53.564+0000] {processor.py:914} INFO - Processing file /home/airflow/.local/lib/python3.12/site-packages/airflow/example_dags/example_branch_labels.py for tasks to queue
[2024-10-19T00:26:53.567+0000] {logging_mixin.py:190} INFO - [2024-10-19T00:26:53.567+0000] {dagbag.py:588} INFO - Filling up the DagBag from /home/airflow/.local/lib/python3.12/site-packages/airflow/example_dags/example_branch_labels.py
[2024-10-19T00:26:53.579+0000] {processor.py:925} INFO - DAG(s) 'example_branch_labels' retrieved from /home/airflow/.local/lib/python3.12/site-packages/airflow/example_dags/example_branch_labels.py
[2024-10-19T00:26:53.605+0000] {logging_mixin.py:190} INFO - [2024-10-19T00:26:53.605+0000] {dag.py:3239} INFO - Sync 1 DAGs
[2024-10-19T00:26:53.634+0000] {logging_mixin.py:190} INFO - [2024-10-19T00:26:53.634+0000] {dag.py:4180} INFO - Setting next_dagrun for example_branch_labels to 2024-10-18 00:00:00+00:00, run_after=2024-10-19 00:00:00+00:00
[2024-10-19T00:26:53.659+0000] {processor.py:208} INFO - Processing /home/airflow/.local/lib/python3.12/site-packages/airflow/example_dags/example_branch_labels.py took 0.104 seconds
[2024-10-19T00:27:24.312+0000] {processor.py:186} INFO - Started process (PID=2833) to work on /home/airflow/.local/lib/python3.12/site-packages/airflow/example_dags/example_branch_labels.py
[2024-10-19T00:27:24.314+0000] {processor.py:914} INFO - Processing file /home/airflow/.local/lib/python3.12/site-packages/airflow/example_dags/example_branch_labels.py for tasks to queue
[2024-10-19T00:27:24.316+0000] {logging_mixin.py:190} INFO - [2024-10-19T00:27:24.316+0000] {dagbag.py:588} INFO - Filling up the DagBag from /home/airflow/.local/lib/python3.12/site-packages/airflow/example_dags/example_branch_labels.py
[2024-10-19T00:27:24.328+0000] {processor.py:925} INFO - DAG(s) 'example_branch_labels' retrieved from /home/airflow/.local/lib/python3.12/site-packages/airflow/example_dags/example_branch_labels.py
[2024-10-19T00:27:24.350+0000] {logging_mixin.py:190} INFO - [2024-10-19T00:27:24.350+0000] {dag.py:3239} INFO - Sync 1 DAGs
[2024-10-19T00:27:24.379+0000] {logging_mixin.py:190} INFO - [2024-10-19T00:27:24.378+0000] {dag.py:4180} INFO - Setting next_dagrun for example_branch_labels to 2024-10-18 00:00:00+00:00, run_after=2024-10-19 00:00:00+00:00
[2024-10-19T00:27:24.402+0000] {processor.py:208} INFO - Processing /home/airflow/.local/lib/python3.12/site-packages/airflow/example_dags/example_branch_labels.py took 0.096 seconds
[2024-10-19T00:27:55.906+0000] {processor.py:186} INFO - Started process (PID=2895) to work on /home/airflow/.local/lib/python3.12/site-packages/airflow/example_dags/example_branch_labels.py
[2024-10-19T00:27:55.908+0000] {processor.py:914} INFO - Processing file /home/airflow/.local/lib/python3.12/site-packages/airflow/example_dags/example_branch_labels.py for tasks to queue
[2024-10-19T00:27:55.911+0000] {logging_mixin.py:190} INFO - [2024-10-19T00:27:55.910+0000] {dagbag.py:588} INFO - Filling up the DagBag from /home/airflow/.local/lib/python3.12/site-packages/airflow/example_dags/example_branch_labels.py
[2024-10-19T00:27:56.059+0000] {processor.py:925} INFO - DAG(s) 'example_branch_labels' retrieved from /home/airflow/.local/lib/python3.12/site-packages/airflow/example_dags/example_branch_labels.py
[2024-10-19T00:27:56.072+0000] {logging_mixin.py:190} INFO - [2024-10-19T00:27:56.072+0000] {dag.py:3239} INFO - Sync 1 DAGs
[2024-10-19T00:27:56.088+0000] {logging_mixin.py:190} INFO - [2024-10-19T00:27:56.088+0000] {dag.py:4180} INFO - Setting next_dagrun for example_branch_labels to 2024-10-18 00:00:00+00:00, run_after=2024-10-19 00:00:00+00:00
[2024-10-19T00:27:56.104+0000] {processor.py:208} INFO - Processing /home/airflow/.local/lib/python3.12/site-packages/airflow/example_dags/example_branch_labels.py took 0.203 seconds
[2024-10-19T00:28:26.985+0000] {processor.py:186} INFO - Started process (PID=2957) to work on /home/airflow/.local/lib/python3.12/site-packages/airflow/example_dags/example_branch_labels.py
[2024-10-19T00:28:26.986+0000] {processor.py:914} INFO - Processing file /home/airflow/.local/lib/python3.12/site-packages/airflow/example_dags/example_branch_labels.py for tasks to queue
[2024-10-19T00:28:26.988+0000] {logging_mixin.py:190} INFO - [2024-10-19T00:28:26.988+0000] {dagbag.py:588} INFO - Filling up the DagBag from /home/airflow/.local/lib/python3.12/site-packages/airflow/example_dags/example_branch_labels.py
[2024-10-19T00:28:26.995+0000] {processor.py:925} INFO - DAG(s) 'example_branch_labels' retrieved from /home/airflow/.local/lib/python3.12/site-packages/airflow/example_dags/example_branch_labels.py
[2024-10-19T00:28:27.012+0000] {logging_mixin.py:190} INFO - [2024-10-19T00:28:27.012+0000] {dag.py:3239} INFO - Sync 1 DAGs
[2024-10-19T00:28:27.030+0000] {logging_mixin.py:190} INFO - [2024-10-19T00:28:27.030+0000] {dag.py:4180} INFO - Setting next_dagrun for example_branch_labels to 2024-10-18 00:00:00+00:00, run_after=2024-10-19 00:00:00+00:00
[2024-10-19T00:28:27.043+0000] {processor.py:208} INFO - Processing /home/airflow/.local/lib/python3.12/site-packages/airflow/example_dags/example_branch_labels.py took 0.064 seconds
[2024-10-19T00:28:57.845+0000] {processor.py:186} INFO - Started process (PID=3019) to work on /home/airflow/.local/lib/python3.12/site-packages/airflow/example_dags/example_branch_labels.py
[2024-10-19T00:28:57.846+0000] {processor.py:914} INFO - Processing file /home/airflow/.local/lib/python3.12/site-packages/airflow/example_dags/example_branch_labels.py for tasks to queue
[2024-10-19T00:28:57.848+0000] {logging_mixin.py:190} INFO - [2024-10-19T00:28:57.847+0000] {dagbag.py:588} INFO - Filling up the DagBag from /home/airflow/.local/lib/python3.12/site-packages/airflow/example_dags/example_branch_labels.py
[2024-10-19T00:28:57.855+0000] {processor.py:925} INFO - DAG(s) 'example_branch_labels' retrieved from /home/airflow/.local/lib/python3.12/site-packages/airflow/example_dags/example_branch_labels.py
[2024-10-19T00:28:57.871+0000] {logging_mixin.py:190} INFO - [2024-10-19T00:28:57.871+0000] {dag.py:3239} INFO - Sync 1 DAGs
[2024-10-19T00:28:57.889+0000] {logging_mixin.py:190} INFO - [2024-10-19T00:28:57.889+0000] {dag.py:4180} INFO - Setting next_dagrun for example_branch_labels to 2024-10-18 00:00:00+00:00, run_after=2024-10-19 00:00:00+00:00
[2024-10-19T00:28:57.907+0000] {processor.py:208} INFO - Processing /home/airflow/.local/lib/python3.12/site-packages/airflow/example_dags/example_branch_labels.py took 0.067 seconds
[2024-10-19T00:29:28.557+0000] {processor.py:186} INFO - Started process (PID=3082) to work on /home/airflow/.local/lib/python3.12/site-packages/airflow/example_dags/example_branch_labels.py
[2024-10-19T00:29:28.558+0000] {processor.py:914} INFO - Processing file /home/airflow/.local/lib/python3.12/site-packages/airflow/example_dags/example_branch_labels.py for tasks to queue
[2024-10-19T00:29:28.560+0000] {logging_mixin.py:190} INFO - [2024-10-19T00:29:28.559+0000] {dagbag.py:588} INFO - Filling up the DagBag from /home/airflow/.local/lib/python3.12/site-packages/airflow/example_dags/example_branch_labels.py
[2024-10-19T00:29:28.567+0000] {processor.py:925} INFO - DAG(s) 'example_branch_labels' retrieved from /home/airflow/.local/lib/python3.12/site-packages/airflow/example_dags/example_branch_labels.py
[2024-10-19T00:29:28.585+0000] {logging_mixin.py:190} INFO - [2024-10-19T00:29:28.584+0000] {dag.py:3239} INFO - Sync 1 DAGs
[2024-10-19T00:29:28.603+0000] {logging_mixin.py:190} INFO - [2024-10-19T00:29:28.603+0000] {dag.py:4180} INFO - Setting next_dagrun for example_branch_labels to 2024-10-18 00:00:00+00:00, run_after=2024-10-19 00:00:00+00:00
[2024-10-19T00:29:28.621+0000] {processor.py:208} INFO - Processing /home/airflow/.local/lib/python3.12/site-packages/airflow/example_dags/example_branch_labels.py took 0.069 seconds
[2024-10-19T00:29:58.993+0000] {processor.py:186} INFO - Started process (PID=3144) to work on /home/airflow/.local/lib/python3.12/site-packages/airflow/example_dags/example_branch_labels.py
[2024-10-19T00:29:58.994+0000] {processor.py:914} INFO - Processing file /home/airflow/.local/lib/python3.12/site-packages/airflow/example_dags/example_branch_labels.py for tasks to queue
[2024-10-19T00:29:58.996+0000] {logging_mixin.py:190} INFO - [2024-10-19T00:29:58.995+0000] {dagbag.py:588} INFO - Filling up the DagBag from /home/airflow/.local/lib/python3.12/site-packages/airflow/example_dags/example_branch_labels.py
[2024-10-19T00:29:59.003+0000] {processor.py:925} INFO - DAG(s) 'example_branch_labels' retrieved from /home/airflow/.local/lib/python3.12/site-packages/airflow/example_dags/example_branch_labels.py
[2024-10-19T00:29:59.020+0000] {logging_mixin.py:190} INFO - [2024-10-19T00:29:59.019+0000] {dag.py:3239} INFO - Sync 1 DAGs
[2024-10-19T00:29:59.037+0000] {logging_mixin.py:190} INFO - [2024-10-19T00:29:59.037+0000] {dag.py:4180} INFO - Setting next_dagrun for example_branch_labels to 2024-10-18 00:00:00+00:00, run_after=2024-10-19 00:00:00+00:00
[2024-10-19T00:29:59.050+0000] {processor.py:208} INFO - Processing /home/airflow/.local/lib/python3.12/site-packages/airflow/example_dags/example_branch_labels.py took 0.062 seconds
[2024-10-19T00:30:29.300+0000] {processor.py:186} INFO - Started process (PID=3206) to work on /home/airflow/.local/lib/python3.12/site-packages/airflow/example_dags/example_branch_labels.py
[2024-10-19T00:30:29.301+0000] {processor.py:914} INFO - Processing file /home/airflow/.local/lib/python3.12/site-packages/airflow/example_dags/example_branch_labels.py for tasks to queue
[2024-10-19T00:30:29.303+0000] {logging_mixin.py:190} INFO - [2024-10-19T00:30:29.302+0000] {dagbag.py:588} INFO - Filling up the DagBag from /home/airflow/.local/lib/python3.12/site-packages/airflow/example_dags/example_branch_labels.py
[2024-10-19T00:30:29.310+0000] {processor.py:925} INFO - DAG(s) 'example_branch_labels' retrieved from /home/airflow/.local/lib/python3.12/site-packages/airflow/example_dags/example_branch_labels.py
[2024-10-19T00:30:29.326+0000] {logging_mixin.py:190} INFO - [2024-10-19T00:30:29.326+0000] {dag.py:3239} INFO - Sync 1 DAGs
[2024-10-19T00:30:29.344+0000] {logging_mixin.py:190} INFO - [2024-10-19T00:30:29.344+0000] {dag.py:4180} INFO - Setting next_dagrun for example_branch_labels to 2024-10-18 00:00:00+00:00, run_after=2024-10-19 00:00:00+00:00
[2024-10-19T00:30:29.360+0000] {processor.py:208} INFO - Processing /home/airflow/.local/lib/python3.12/site-packages/airflow/example_dags/example_branch_labels.py took 0.065 seconds
[2024-10-19T00:30:59.742+0000] {processor.py:186} INFO - Started process (PID=3268) to work on /home/airflow/.local/lib/python3.12/site-packages/airflow/example_dags/example_branch_labels.py
[2024-10-19T00:30:59.743+0000] {processor.py:914} INFO - Processing file /home/airflow/.local/lib/python3.12/site-packages/airflow/example_dags/example_branch_labels.py for tasks to queue
[2024-10-19T00:30:59.745+0000] {logging_mixin.py:190} INFO - [2024-10-19T00:30:59.744+0000] {dagbag.py:588} INFO - Filling up the DagBag from /home/airflow/.local/lib/python3.12/site-packages/airflow/example_dags/example_branch_labels.py
[2024-10-19T00:30:59.752+0000] {processor.py:925} INFO - DAG(s) 'example_branch_labels' retrieved from /home/airflow/.local/lib/python3.12/site-packages/airflow/example_dags/example_branch_labels.py
[2024-10-19T00:30:59.769+0000] {logging_mixin.py:190} INFO - [2024-10-19T00:30:59.768+0000] {dag.py:3239} INFO - Sync 1 DAGs
[2024-10-19T00:30:59.787+0000] {logging_mixin.py:190} INFO - [2024-10-19T00:30:59.787+0000] {dag.py:4180} INFO - Setting next_dagrun for example_branch_labels to 2024-10-18 00:00:00+00:00, run_after=2024-10-19 00:00:00+00:00
[2024-10-19T00:30:59.802+0000] {processor.py:208} INFO - Processing /home/airflow/.local/lib/python3.12/site-packages/airflow/example_dags/example_branch_labels.py took 0.065 seconds
[2024-10-19T00:31:30.162+0000] {processor.py:186} INFO - Started process (PID=3330) to work on /home/airflow/.local/lib/python3.12/site-packages/airflow/example_dags/example_branch_labels.py
[2024-10-19T00:31:30.163+0000] {processor.py:914} INFO - Processing file /home/airflow/.local/lib/python3.12/site-packages/airflow/example_dags/example_branch_labels.py for tasks to queue
[2024-10-19T00:31:30.167+0000] {logging_mixin.py:190} INFO - [2024-10-19T00:31:30.166+0000] {dagbag.py:588} INFO - Filling up the DagBag from /home/airflow/.local/lib/python3.12/site-packages/airflow/example_dags/example_branch_labels.py
[2024-10-19T00:31:30.174+0000] {processor.py:925} INFO - DAG(s) 'example_branch_labels' retrieved from /home/airflow/.local/lib/python3.12/site-packages/airflow/example_dags/example_branch_labels.py
[2024-10-19T00:31:30.190+0000] {logging_mixin.py:190} INFO - [2024-10-19T00:31:30.190+0000] {dag.py:3239} INFO - Sync 1 DAGs
[2024-10-19T00:31:30.208+0000] {logging_mixin.py:190} INFO - [2024-10-19T00:31:30.208+0000] {dag.py:4180} INFO - Setting next_dagrun for example_branch_labels to 2024-10-18 00:00:00+00:00, run_after=2024-10-19 00:00:00+00:00
[2024-10-19T00:31:30.227+0000] {processor.py:208} INFO - Processing /home/airflow/.local/lib/python3.12/site-packages/airflow/example_dags/example_branch_labels.py took 0.069 seconds
[2024-10-19T00:32:00.648+0000] {processor.py:186} INFO - Started process (PID=3392) to work on /home/airflow/.local/lib/python3.12/site-packages/airflow/example_dags/example_branch_labels.py
[2024-10-19T00:32:00.649+0000] {processor.py:914} INFO - Processing file /home/airflow/.local/lib/python3.12/site-packages/airflow/example_dags/example_branch_labels.py for tasks to queue
[2024-10-19T00:32:00.651+0000] {logging_mixin.py:190} INFO - [2024-10-19T00:32:00.650+0000] {dagbag.py:588} INFO - Filling up the DagBag from /home/airflow/.local/lib/python3.12/site-packages/airflow/example_dags/example_branch_labels.py
[2024-10-19T00:32:00.658+0000] {processor.py:925} INFO - DAG(s) 'example_branch_labels' retrieved from /home/airflow/.local/lib/python3.12/site-packages/airflow/example_dags/example_branch_labels.py
[2024-10-19T00:32:00.675+0000] {logging_mixin.py:190} INFO - [2024-10-19T00:32:00.675+0000] {dag.py:3239} INFO - Sync 1 DAGs
[2024-10-19T00:32:00.692+0000] {logging_mixin.py:190} INFO - [2024-10-19T00:32:00.692+0000] {dag.py:4180} INFO - Setting next_dagrun for example_branch_labels to 2024-10-18 00:00:00+00:00, run_after=2024-10-19 00:00:00+00:00
[2024-10-19T00:32:00.709+0000] {processor.py:208} INFO - Processing /home/airflow/.local/lib/python3.12/site-packages/airflow/example_dags/example_branch_labels.py took 0.066 seconds
[2024-10-19T00:32:31.073+0000] {processor.py:186} INFO - Started process (PID=3454) to work on /home/airflow/.local/lib/python3.12/site-packages/airflow/example_dags/example_branch_labels.py
[2024-10-19T00:32:31.074+0000] {processor.py:914} INFO - Processing file /home/airflow/.local/lib/python3.12/site-packages/airflow/example_dags/example_branch_labels.py for tasks to queue
[2024-10-19T00:32:31.076+0000] {logging_mixin.py:190} INFO - [2024-10-19T00:32:31.076+0000] {dagbag.py:588} INFO - Filling up the DagBag from /home/airflow/.local/lib/python3.12/site-packages/airflow/example_dags/example_branch_labels.py
[2024-10-19T00:32:31.084+0000] {processor.py:925} INFO - DAG(s) 'example_branch_labels' retrieved from /home/airflow/.local/lib/python3.12/site-packages/airflow/example_dags/example_branch_labels.py
[2024-10-19T00:32:31.101+0000] {logging_mixin.py:190} INFO - [2024-10-19T00:32:31.100+0000] {dag.py:3239} INFO - Sync 1 DAGs
[2024-10-19T00:32:31.118+0000] {logging_mixin.py:190} INFO - [2024-10-19T00:32:31.118+0000] {dag.py:4180} INFO - Setting next_dagrun for example_branch_labels to 2024-10-18 00:00:00+00:00, run_after=2024-10-19 00:00:00+00:00
[2024-10-19T00:32:31.133+0000] {processor.py:208} INFO - Processing /home/airflow/.local/lib/python3.12/site-packages/airflow/example_dags/example_branch_labels.py took 0.065 seconds
[2024-10-19T00:33:01.427+0000] {processor.py:186} INFO - Started process (PID=3517) to work on /home/airflow/.local/lib/python3.12/site-packages/airflow/example_dags/example_branch_labels.py
[2024-10-19T00:33:01.428+0000] {processor.py:914} INFO - Processing file /home/airflow/.local/lib/python3.12/site-packages/airflow/example_dags/example_branch_labels.py for tasks to queue
[2024-10-19T00:33:01.431+0000] {logging_mixin.py:190} INFO - [2024-10-19T00:33:01.430+0000] {dagbag.py:588} INFO - Filling up the DagBag from /home/airflow/.local/lib/python3.12/site-packages/airflow/example_dags/example_branch_labels.py
[2024-10-19T00:33:01.438+0000] {processor.py:925} INFO - DAG(s) 'example_branch_labels' retrieved from /home/airflow/.local/lib/python3.12/site-packages/airflow/example_dags/example_branch_labels.py
[2024-10-19T00:33:01.455+0000] {logging_mixin.py:190} INFO - [2024-10-19T00:33:01.454+0000] {dag.py:3239} INFO - Sync 1 DAGs
[2024-10-19T00:33:01.472+0000] {logging_mixin.py:190} INFO - [2024-10-19T00:33:01.472+0000] {dag.py:4180} INFO - Setting next_dagrun for example_branch_labels to 2024-10-18 00:00:00+00:00, run_after=2024-10-19 00:00:00+00:00
[2024-10-19T00:33:01.508+0000] {processor.py:208} INFO - Processing /home/airflow/.local/lib/python3.12/site-packages/airflow/example_dags/example_branch_labels.py took 0.086 seconds
[2024-10-19T00:33:31.834+0000] {processor.py:186} INFO - Started process (PID=3579) to work on /home/airflow/.local/lib/python3.12/site-packages/airflow/example_dags/example_branch_labels.py
[2024-10-19T00:33:31.835+0000] {processor.py:914} INFO - Processing file /home/airflow/.local/lib/python3.12/site-packages/airflow/example_dags/example_branch_labels.py for tasks to queue
[2024-10-19T00:33:31.838+0000] {logging_mixin.py:190} INFO - [2024-10-19T00:33:31.838+0000] {dagbag.py:588} INFO - Filling up the DagBag from /home/airflow/.local/lib/python3.12/site-packages/airflow/example_dags/example_branch_labels.py
[2024-10-19T00:33:31.847+0000] {processor.py:925} INFO - DAG(s) 'example_branch_labels' retrieved from /home/airflow/.local/lib/python3.12/site-packages/airflow/example_dags/example_branch_labels.py
[2024-10-19T00:33:31.864+0000] {logging_mixin.py:190} INFO - [2024-10-19T00:33:31.864+0000] {dag.py:3239} INFO - Sync 1 DAGs
[2024-10-19T00:33:31.882+0000] {logging_mixin.py:190} INFO - [2024-10-19T00:33:31.882+0000] {dag.py:4180} INFO - Setting next_dagrun for example_branch_labels to 2024-10-18 00:00:00+00:00, run_after=2024-10-19 00:00:00+00:00
[2024-10-19T00:33:31.897+0000] {processor.py:208} INFO - Processing /home/airflow/.local/lib/python3.12/site-packages/airflow/example_dags/example_branch_labels.py took 0.068 seconds
[2024-10-19T00:34:02.327+0000] {processor.py:186} INFO - Started process (PID=3641) to work on /home/airflow/.local/lib/python3.12/site-packages/airflow/example_dags/example_branch_labels.py
[2024-10-19T00:34:02.328+0000] {processor.py:914} INFO - Processing file /home/airflow/.local/lib/python3.12/site-packages/airflow/example_dags/example_branch_labels.py for tasks to queue
[2024-10-19T00:34:02.330+0000] {logging_mixin.py:190} INFO - [2024-10-19T00:34:02.330+0000] {dagbag.py:588} INFO - Filling up the DagBag from /home/airflow/.local/lib/python3.12/site-packages/airflow/example_dags/example_branch_labels.py
[2024-10-19T00:34:02.337+0000] {processor.py:925} INFO - DAG(s) 'example_branch_labels' retrieved from /home/airflow/.local/lib/python3.12/site-packages/airflow/example_dags/example_branch_labels.py
[2024-10-19T00:34:02.352+0000] {logging_mixin.py:190} INFO - [2024-10-19T00:34:02.352+0000] {dag.py:3239} INFO - Sync 1 DAGs
[2024-10-19T00:34:02.369+0000] {logging_mixin.py:190} INFO - [2024-10-19T00:34:02.369+0000] {dag.py:4180} INFO - Setting next_dagrun for example_branch_labels to 2024-10-18 00:00:00+00:00, run_after=2024-10-19 00:00:00+00:00
[2024-10-19T00:34:02.386+0000] {processor.py:208} INFO - Processing /home/airflow/.local/lib/python3.12/site-packages/airflow/example_dags/example_branch_labels.py took 0.064 seconds
[2024-10-19T00:34:32.653+0000] {processor.py:186} INFO - Started process (PID=3703) to work on /home/airflow/.local/lib/python3.12/site-packages/airflow/example_dags/example_branch_labels.py
[2024-10-19T00:34:32.654+0000] {processor.py:914} INFO - Processing file /home/airflow/.local/lib/python3.12/site-packages/airflow/example_dags/example_branch_labels.py for tasks to queue
[2024-10-19T00:34:32.656+0000] {logging_mixin.py:190} INFO - [2024-10-19T00:34:32.656+0000] {dagbag.py:588} INFO - Filling up the DagBag from /home/airflow/.local/lib/python3.12/site-packages/airflow/example_dags/example_branch_labels.py
[2024-10-19T00:34:32.665+0000] {processor.py:925} INFO - DAG(s) 'example_branch_labels' retrieved from /home/airflow/.local/lib/python3.12/site-packages/airflow/example_dags/example_branch_labels.py
[2024-10-19T00:34:32.683+0000] {logging_mixin.py:190} INFO - [2024-10-19T00:34:32.683+0000] {dag.py:3239} INFO - Sync 1 DAGs
[2024-10-19T00:34:32.700+0000] {logging_mixin.py:190} INFO - [2024-10-19T00:34:32.700+0000] {dag.py:4180} INFO - Setting next_dagrun for example_branch_labels to 2024-10-18 00:00:00+00:00, run_after=2024-10-19 00:00:00+00:00
[2024-10-19T00:34:32.718+0000] {processor.py:208} INFO - Processing /home/airflow/.local/lib/python3.12/site-packages/airflow/example_dags/example_branch_labels.py took 0.071 seconds
[2024-10-19T00:35:03.067+0000] {processor.py:186} INFO - Started process (PID=3764) to work on /home/airflow/.local/lib/python3.12/site-packages/airflow/example_dags/example_branch_labels.py
[2024-10-19T00:35:03.068+0000] {processor.py:914} INFO - Processing file /home/airflow/.local/lib/python3.12/site-packages/airflow/example_dags/example_branch_labels.py for tasks to queue
[2024-10-19T00:35:03.070+0000] {logging_mixin.py:190} INFO - [2024-10-19T00:35:03.070+0000] {dagbag.py:588} INFO - Filling up the DagBag from /home/airflow/.local/lib/python3.12/site-packages/airflow/example_dags/example_branch_labels.py
[2024-10-19T00:35:03.078+0000] {processor.py:925} INFO - DAG(s) 'example_branch_labels' retrieved from /home/airflow/.local/lib/python3.12/site-packages/airflow/example_dags/example_branch_labels.py
[2024-10-19T00:35:03.097+0000] {logging_mixin.py:190} INFO - [2024-10-19T00:35:03.097+0000] {dag.py:3239} INFO - Sync 1 DAGs
[2024-10-19T00:35:03.115+0000] {logging_mixin.py:190} INFO - [2024-10-19T00:35:03.114+0000] {dag.py:4180} INFO - Setting next_dagrun for example_branch_labels to 2024-10-18 00:00:00+00:00, run_after=2024-10-19 00:00:00+00:00
[2024-10-19T00:35:03.128+0000] {processor.py:208} INFO - Processing /home/airflow/.local/lib/python3.12/site-packages/airflow/example_dags/example_branch_labels.py took 0.066 seconds
[2024-10-19T00:35:33.545+0000] {processor.py:186} INFO - Started process (PID=3826) to work on /home/airflow/.local/lib/python3.12/site-packages/airflow/example_dags/example_branch_labels.py
[2024-10-19T00:35:33.546+0000] {processor.py:914} INFO - Processing file /home/airflow/.local/lib/python3.12/site-packages/airflow/example_dags/example_branch_labels.py for tasks to queue
[2024-10-19T00:35:33.548+0000] {logging_mixin.py:190} INFO - [2024-10-19T00:35:33.548+0000] {dagbag.py:588} INFO - Filling up the DagBag from /home/airflow/.local/lib/python3.12/site-packages/airflow/example_dags/example_branch_labels.py
[2024-10-19T00:35:33.555+0000] {processor.py:925} INFO - DAG(s) 'example_branch_labels' retrieved from /home/airflow/.local/lib/python3.12/site-packages/airflow/example_dags/example_branch_labels.py
[2024-10-19T00:35:33.572+0000] {logging_mixin.py:190} INFO - [2024-10-19T00:35:33.572+0000] {dag.py:3239} INFO - Sync 1 DAGs
[2024-10-19T00:35:33.589+0000] {logging_mixin.py:190} INFO - [2024-10-19T00:35:33.589+0000] {dag.py:4180} INFO - Setting next_dagrun for example_branch_labels to 2024-10-18 00:00:00+00:00, run_after=2024-10-19 00:00:00+00:00
[2024-10-19T00:35:33.604+0000] {processor.py:208} INFO - Processing /home/airflow/.local/lib/python3.12/site-packages/airflow/example_dags/example_branch_labels.py took 0.063 seconds
[2024-10-19T00:36:04.122+0000] {processor.py:186} INFO - Started process (PID=3888) to work on /home/airflow/.local/lib/python3.12/site-packages/airflow/example_dags/example_branch_labels.py
[2024-10-19T00:36:04.123+0000] {processor.py:914} INFO - Processing file /home/airflow/.local/lib/python3.12/site-packages/airflow/example_dags/example_branch_labels.py for tasks to queue
[2024-10-19T00:36:04.125+0000] {logging_mixin.py:190} INFO - [2024-10-19T00:36:04.125+0000] {dagbag.py:588} INFO - Filling up the DagBag from /home/airflow/.local/lib/python3.12/site-packages/airflow/example_dags/example_branch_labels.py
[2024-10-19T00:36:04.133+0000] {processor.py:925} INFO - DAG(s) 'example_branch_labels' retrieved from /home/airflow/.local/lib/python3.12/site-packages/airflow/example_dags/example_branch_labels.py
[2024-10-19T00:36:04.151+0000] {logging_mixin.py:190} INFO - [2024-10-19T00:36:04.151+0000] {dag.py:3239} INFO - Sync 1 DAGs
[2024-10-19T00:36:04.173+0000] {logging_mixin.py:190} INFO - [2024-10-19T00:36:04.173+0000] {dag.py:4180} INFO - Setting next_dagrun for example_branch_labels to 2024-10-18 00:00:00+00:00, run_after=2024-10-19 00:00:00+00:00
[2024-10-19T00:36:04.194+0000] {processor.py:208} INFO - Processing /home/airflow/.local/lib/python3.12/site-packages/airflow/example_dags/example_branch_labels.py took 0.078 seconds
