[2024-10-19T00:04:55.745+0000] {processor.py:186} INFO - Started process (PID=98) to work on /home/airflow/.local/lib/python3.12/site-packages/airflow/example_dags/example_skip_dag.py
[2024-10-19T00:04:55.747+0000] {processor.py:914} INFO - Processing file /home/airflow/.local/lib/python3.12/site-packages/airflow/example_dags/example_skip_dag.py for tasks to queue
[2024-10-19T00:04:55.750+0000] {logging_mixin.py:190} INFO - [2024-10-19T00:04:55.750+0000] {dagbag.py:588} INFO - Filling up the DagBag from /home/airflow/.local/lib/python3.12/site-packages/airflow/example_dags/example_skip_dag.py
[2024-10-19T00:04:55.760+0000] {processor.py:925} INFO - DAG(s) 'example_skip_dag' retrieved from /home/airflow/.local/lib/python3.12/site-packages/airflow/example_dags/example_skip_dag.py
[2024-10-19T00:04:55.883+0000] {logging_mixin.py:190} INFO - [2024-10-19T00:04:55.882+0000] {override.py:1900} INFO - Created Permission View: can delete on DAG:example_skip_dag
[2024-10-19T00:04:55.897+0000] {logging_mixin.py:190} INFO - [2024-10-19T00:04:55.896+0000] {override.py:1900} INFO - Created Permission View: can read on DAG:example_skip_dag
[2024-10-19T00:04:55.906+0000] {logging_mixin.py:190} INFO - [2024-10-19T00:04:55.905+0000] {override.py:1900} INFO - Created Permission View: can edit on DAG:example_skip_dag
[2024-10-19T00:04:55.921+0000] {logging_mixin.py:190} INFO - [2024-10-19T00:04:55.921+0000] {override.py:1900} INFO - Created Permission View: can delete on DAG Run:example_skip_dag
[2024-10-19T00:04:55.931+0000] {logging_mixin.py:190} INFO - [2024-10-19T00:04:55.931+0000] {override.py:1900} INFO - Created Permission View: can read on DAG Run:example_skip_dag
[2024-10-19T00:04:55.942+0000] {logging_mixin.py:190} INFO - [2024-10-19T00:04:55.942+0000] {override.py:1900} INFO - Created Permission View: menu access on DAG Run:example_skip_dag
[2024-10-19T00:04:55.952+0000] {logging_mixin.py:190} INFO - [2024-10-19T00:04:55.952+0000] {override.py:1900} INFO - Created Permission View: can create on DAG Run:example_skip_dag
[2024-10-19T00:04:55.953+0000] {logging_mixin.py:190} INFO - [2024-10-19T00:04:55.953+0000] {dag.py:3239} INFO - Sync 1 DAGs
[2024-10-19T00:04:55.967+0000] {logging_mixin.py:190} INFO - [2024-10-19T00:04:55.967+0000] {dag.py:3262} INFO - Creating ORM DAG for example_skip_dag
[2024-10-19T00:04:55.980+0000] {logging_mixin.py:190} INFO - [2024-10-19T00:04:55.979+0000] {dag.py:4180} INFO - Setting next_dagrun for example_skip_dag to 2024-10-18 00:00:00+00:00, run_after=2024-10-19 00:00:00+00:00
[2024-10-19T00:04:56.002+0000] {processor.py:208} INFO - Processing /home/airflow/.local/lib/python3.12/site-packages/airflow/example_dags/example_skip_dag.py took 0.264 seconds
[2024-10-19T00:05:26.995+0000] {processor.py:186} INFO - Started process (PID=160) to work on /home/airflow/.local/lib/python3.12/site-packages/airflow/example_dags/example_skip_dag.py
[2024-10-19T00:05:26.996+0000] {processor.py:914} INFO - Processing file /home/airflow/.local/lib/python3.12/site-packages/airflow/example_dags/example_skip_dag.py for tasks to queue
[2024-10-19T00:05:26.998+0000] {logging_mixin.py:190} INFO - [2024-10-19T00:05:26.998+0000] {dagbag.py:588} INFO - Filling up the DagBag from /home/airflow/.local/lib/python3.12/site-packages/airflow/example_dags/example_skip_dag.py
[2024-10-19T00:05:27.006+0000] {processor.py:925} INFO - DAG(s) 'example_skip_dag' retrieved from /home/airflow/.local/lib/python3.12/site-packages/airflow/example_dags/example_skip_dag.py
[2024-10-19T00:05:27.024+0000] {logging_mixin.py:190} INFO - [2024-10-19T00:05:27.024+0000] {dag.py:3239} INFO - Sync 1 DAGs
[2024-10-19T00:05:27.043+0000] {logging_mixin.py:190} INFO - [2024-10-19T00:05:27.043+0000] {dag.py:4180} INFO - Setting next_dagrun for example_skip_dag to 2024-10-18 00:00:00+00:00, run_after=2024-10-19 00:00:00+00:00
[2024-10-19T00:05:27.067+0000] {processor.py:208} INFO - Processing /home/airflow/.local/lib/python3.12/site-packages/airflow/example_dags/example_skip_dag.py took 0.077 seconds
[2024-10-19T00:05:57.519+0000] {processor.py:186} INFO - Started process (PID=222) to work on /home/airflow/.local/lib/python3.12/site-packages/airflow/example_dags/example_skip_dag.py
[2024-10-19T00:05:57.520+0000] {processor.py:914} INFO - Processing file /home/airflow/.local/lib/python3.12/site-packages/airflow/example_dags/example_skip_dag.py for tasks to queue
[2024-10-19T00:05:57.522+0000] {logging_mixin.py:190} INFO - [2024-10-19T00:05:57.522+0000] {dagbag.py:588} INFO - Filling up the DagBag from /home/airflow/.local/lib/python3.12/site-packages/airflow/example_dags/example_skip_dag.py
[2024-10-19T00:05:57.530+0000] {processor.py:925} INFO - DAG(s) 'example_skip_dag' retrieved from /home/airflow/.local/lib/python3.12/site-packages/airflow/example_dags/example_skip_dag.py
[2024-10-19T00:05:57.550+0000] {logging_mixin.py:190} INFO - [2024-10-19T00:05:57.550+0000] {dag.py:3239} INFO - Sync 1 DAGs
[2024-10-19T00:05:57.574+0000] {logging_mixin.py:190} INFO - [2024-10-19T00:05:57.574+0000] {dag.py:4180} INFO - Setting next_dagrun for example_skip_dag to 2024-10-18 00:00:00+00:00, run_after=2024-10-19 00:00:00+00:00
[2024-10-19T00:05:57.599+0000] {processor.py:208} INFO - Processing /home/airflow/.local/lib/python3.12/site-packages/airflow/example_dags/example_skip_dag.py took 0.085 seconds
[2024-10-19T00:06:28.507+0000] {processor.py:186} INFO - Started process (PID=283) to work on /home/airflow/.local/lib/python3.12/site-packages/airflow/example_dags/example_skip_dag.py
[2024-10-19T00:06:28.508+0000] {processor.py:914} INFO - Processing file /home/airflow/.local/lib/python3.12/site-packages/airflow/example_dags/example_skip_dag.py for tasks to queue
[2024-10-19T00:06:28.510+0000] {logging_mixin.py:190} INFO - [2024-10-19T00:06:28.510+0000] {dagbag.py:588} INFO - Filling up the DagBag from /home/airflow/.local/lib/python3.12/site-packages/airflow/example_dags/example_skip_dag.py
[2024-10-19T00:06:28.517+0000] {processor.py:925} INFO - DAG(s) 'example_skip_dag' retrieved from /home/airflow/.local/lib/python3.12/site-packages/airflow/example_dags/example_skip_dag.py
[2024-10-19T00:06:28.535+0000] {logging_mixin.py:190} INFO - [2024-10-19T00:06:28.535+0000] {dag.py:3239} INFO - Sync 1 DAGs
[2024-10-19T00:06:28.557+0000] {logging_mixin.py:190} INFO - [2024-10-19T00:06:28.557+0000] {dag.py:4180} INFO - Setting next_dagrun for example_skip_dag to 2024-10-18 00:00:00+00:00, run_after=2024-10-19 00:00:00+00:00
[2024-10-19T00:06:28.578+0000] {processor.py:208} INFO - Processing /home/airflow/.local/lib/python3.12/site-packages/airflow/example_dags/example_skip_dag.py took 0.075 seconds
[2024-10-19T00:06:58.931+0000] {processor.py:186} INFO - Started process (PID=345) to work on /home/airflow/.local/lib/python3.12/site-packages/airflow/example_dags/example_skip_dag.py
[2024-10-19T00:06:58.932+0000] {processor.py:914} INFO - Processing file /home/airflow/.local/lib/python3.12/site-packages/airflow/example_dags/example_skip_dag.py for tasks to queue
[2024-10-19T00:06:58.935+0000] {logging_mixin.py:190} INFO - [2024-10-19T00:06:58.934+0000] {dagbag.py:588} INFO - Filling up the DagBag from /home/airflow/.local/lib/python3.12/site-packages/airflow/example_dags/example_skip_dag.py
[2024-10-19T00:06:58.941+0000] {processor.py:925} INFO - DAG(s) 'example_skip_dag' retrieved from /home/airflow/.local/lib/python3.12/site-packages/airflow/example_dags/example_skip_dag.py
[2024-10-19T00:06:58.958+0000] {logging_mixin.py:190} INFO - [2024-10-19T00:06:58.958+0000] {dag.py:3239} INFO - Sync 1 DAGs
[2024-10-19T00:06:58.975+0000] {logging_mixin.py:190} INFO - [2024-10-19T00:06:58.975+0000] {dag.py:4180} INFO - Setting next_dagrun for example_skip_dag to 2024-10-18 00:00:00+00:00, run_after=2024-10-19 00:00:00+00:00
[2024-10-19T00:06:58.992+0000] {processor.py:208} INFO - Processing /home/airflow/.local/lib/python3.12/site-packages/airflow/example_dags/example_skip_dag.py took 0.071 seconds
[2024-10-19T00:07:29.478+0000] {processor.py:186} INFO - Started process (PID=407) to work on /home/airflow/.local/lib/python3.12/site-packages/airflow/example_dags/example_skip_dag.py
[2024-10-19T00:07:29.481+0000] {processor.py:914} INFO - Processing file /home/airflow/.local/lib/python3.12/site-packages/airflow/example_dags/example_skip_dag.py for tasks to queue
[2024-10-19T00:07:29.483+0000] {logging_mixin.py:190} INFO - [2024-10-19T00:07:29.483+0000] {dagbag.py:588} INFO - Filling up the DagBag from /home/airflow/.local/lib/python3.12/site-packages/airflow/example_dags/example_skip_dag.py
[2024-10-19T00:07:29.490+0000] {processor.py:925} INFO - DAG(s) 'example_skip_dag' retrieved from /home/airflow/.local/lib/python3.12/site-packages/airflow/example_dags/example_skip_dag.py
[2024-10-19T00:07:29.510+0000] {logging_mixin.py:190} INFO - [2024-10-19T00:07:29.510+0000] {dag.py:3239} INFO - Sync 1 DAGs
[2024-10-19T00:07:29.533+0000] {logging_mixin.py:190} INFO - [2024-10-19T00:07:29.533+0000] {dag.py:4180} INFO - Setting next_dagrun for example_skip_dag to 2024-10-18 00:00:00+00:00, run_after=2024-10-19 00:00:00+00:00
[2024-10-19T00:07:29.557+0000] {processor.py:208} INFO - Processing /home/airflow/.local/lib/python3.12/site-packages/airflow/example_dags/example_skip_dag.py took 0.084 seconds
[2024-10-19T00:08:00.039+0000] {processor.py:186} INFO - Started process (PID=470) to work on /home/airflow/.local/lib/python3.12/site-packages/airflow/example_dags/example_skip_dag.py
[2024-10-19T00:08:00.039+0000] {processor.py:914} INFO - Processing file /home/airflow/.local/lib/python3.12/site-packages/airflow/example_dags/example_skip_dag.py for tasks to queue
[2024-10-19T00:08:00.041+0000] {logging_mixin.py:190} INFO - [2024-10-19T00:08:00.041+0000] {dagbag.py:588} INFO - Filling up the DagBag from /home/airflow/.local/lib/python3.12/site-packages/airflow/example_dags/example_skip_dag.py
[2024-10-19T00:08:00.047+0000] {processor.py:925} INFO - DAG(s) 'example_skip_dag' retrieved from /home/airflow/.local/lib/python3.12/site-packages/airflow/example_dags/example_skip_dag.py
[2024-10-19T00:08:00.080+0000] {logging_mixin.py:190} INFO - [2024-10-19T00:08:00.079+0000] {dag.py:3239} INFO - Sync 1 DAGs
[2024-10-19T00:08:00.111+0000] {logging_mixin.py:190} INFO - [2024-10-19T00:08:00.111+0000] {dag.py:4180} INFO - Setting next_dagrun for example_skip_dag to 2024-10-18 00:00:00+00:00, run_after=2024-10-19 00:00:00+00:00
[2024-10-19T00:08:00.136+0000] {processor.py:208} INFO - Processing /home/airflow/.local/lib/python3.12/site-packages/airflow/example_dags/example_skip_dag.py took 0.102 seconds
[2024-10-19T00:08:30.890+0000] {processor.py:186} INFO - Started process (PID=533) to work on /home/airflow/.local/lib/python3.12/site-packages/airflow/example_dags/example_skip_dag.py
[2024-10-19T00:08:30.891+0000] {processor.py:914} INFO - Processing file /home/airflow/.local/lib/python3.12/site-packages/airflow/example_dags/example_skip_dag.py for tasks to queue
[2024-10-19T00:08:30.894+0000] {logging_mixin.py:190} INFO - [2024-10-19T00:08:30.893+0000] {dagbag.py:588} INFO - Filling up the DagBag from /home/airflow/.local/lib/python3.12/site-packages/airflow/example_dags/example_skip_dag.py
[2024-10-19T00:08:30.900+0000] {processor.py:925} INFO - DAG(s) 'example_skip_dag' retrieved from /home/airflow/.local/lib/python3.12/site-packages/airflow/example_dags/example_skip_dag.py
[2024-10-19T00:08:30.918+0000] {logging_mixin.py:190} INFO - [2024-10-19T00:08:30.918+0000] {dag.py:3239} INFO - Sync 1 DAGs
[2024-10-19T00:08:30.937+0000] {logging_mixin.py:190} INFO - [2024-10-19T00:08:30.937+0000] {dag.py:4180} INFO - Setting next_dagrun for example_skip_dag to 2024-10-18 00:00:00+00:00, run_after=2024-10-19 00:00:00+00:00
[2024-10-19T00:08:30.955+0000] {processor.py:208} INFO - Processing /home/airflow/.local/lib/python3.12/site-packages/airflow/example_dags/example_skip_dag.py took 0.070 seconds
[2024-10-19T00:09:01.122+0000] {processor.py:186} INFO - Started process (PID=596) to work on /home/airflow/.local/lib/python3.12/site-packages/airflow/example_dags/example_skip_dag.py
[2024-10-19T00:09:01.123+0000] {processor.py:914} INFO - Processing file /home/airflow/.local/lib/python3.12/site-packages/airflow/example_dags/example_skip_dag.py for tasks to queue
[2024-10-19T00:09:01.126+0000] {logging_mixin.py:190} INFO - [2024-10-19T00:09:01.125+0000] {dagbag.py:588} INFO - Filling up the DagBag from /home/airflow/.local/lib/python3.12/site-packages/airflow/example_dags/example_skip_dag.py
[2024-10-19T00:09:01.136+0000] {processor.py:925} INFO - DAG(s) 'example_skip_dag' retrieved from /home/airflow/.local/lib/python3.12/site-packages/airflow/example_dags/example_skip_dag.py
[2024-10-19T00:09:01.162+0000] {logging_mixin.py:190} INFO - [2024-10-19T00:09:01.162+0000] {dag.py:3239} INFO - Sync 1 DAGs
[2024-10-19T00:09:01.191+0000] {logging_mixin.py:190} INFO - [2024-10-19T00:09:01.190+0000] {dag.py:4180} INFO - Setting next_dagrun for example_skip_dag to 2024-10-18 00:00:00+00:00, run_after=2024-10-19 00:00:00+00:00
[2024-10-19T00:09:01.219+0000] {processor.py:208} INFO - Processing /home/airflow/.local/lib/python3.12/site-packages/airflow/example_dags/example_skip_dag.py took 0.102 seconds
[2024-10-19T00:09:32.021+0000] {processor.py:186} INFO - Started process (PID=659) to work on /home/airflow/.local/lib/python3.12/site-packages/airflow/example_dags/example_skip_dag.py
[2024-10-19T00:09:32.022+0000] {processor.py:914} INFO - Processing file /home/airflow/.local/lib/python3.12/site-packages/airflow/example_dags/example_skip_dag.py for tasks to queue
[2024-10-19T00:09:32.025+0000] {logging_mixin.py:190} INFO - [2024-10-19T00:09:32.024+0000] {dagbag.py:588} INFO - Filling up the DagBag from /home/airflow/.local/lib/python3.12/site-packages/airflow/example_dags/example_skip_dag.py
[2024-10-19T00:09:32.031+0000] {processor.py:925} INFO - DAG(s) 'example_skip_dag' retrieved from /home/airflow/.local/lib/python3.12/site-packages/airflow/example_dags/example_skip_dag.py
[2024-10-19T00:09:32.054+0000] {logging_mixin.py:190} INFO - [2024-10-19T00:09:32.053+0000] {dag.py:3239} INFO - Sync 1 DAGs
[2024-10-19T00:09:32.080+0000] {logging_mixin.py:190} INFO - [2024-10-19T00:09:32.080+0000] {dag.py:4180} INFO - Setting next_dagrun for example_skip_dag to 2024-10-18 00:00:00+00:00, run_after=2024-10-19 00:00:00+00:00
[2024-10-19T00:09:32.107+0000] {processor.py:208} INFO - Processing /home/airflow/.local/lib/python3.12/site-packages/airflow/example_dags/example_skip_dag.py took 0.095 seconds
[2024-10-19T00:10:02.753+0000] {processor.py:186} INFO - Started process (PID=721) to work on /home/airflow/.local/lib/python3.12/site-packages/airflow/example_dags/example_skip_dag.py
[2024-10-19T00:10:02.760+0000] {processor.py:914} INFO - Processing file /home/airflow/.local/lib/python3.12/site-packages/airflow/example_dags/example_skip_dag.py for tasks to queue
[2024-10-19T00:10:02.762+0000] {logging_mixin.py:190} INFO - [2024-10-19T00:10:02.762+0000] {dagbag.py:588} INFO - Filling up the DagBag from /home/airflow/.local/lib/python3.12/site-packages/airflow/example_dags/example_skip_dag.py
[2024-10-19T00:10:02.769+0000] {processor.py:925} INFO - DAG(s) 'example_skip_dag' retrieved from /home/airflow/.local/lib/python3.12/site-packages/airflow/example_dags/example_skip_dag.py
[2024-10-19T00:10:02.788+0000] {logging_mixin.py:190} INFO - [2024-10-19T00:10:02.788+0000] {dag.py:3239} INFO - Sync 1 DAGs
[2024-10-19T00:10:02.809+0000] {logging_mixin.py:190} INFO - [2024-10-19T00:10:02.809+0000] {dag.py:4180} INFO - Setting next_dagrun for example_skip_dag to 2024-10-18 00:00:00+00:00, run_after=2024-10-19 00:00:00+00:00
[2024-10-19T00:10:02.832+0000] {processor.py:208} INFO - Processing /home/airflow/.local/lib/python3.12/site-packages/airflow/example_dags/example_skip_dag.py took 0.085 seconds
[2024-10-19T00:10:32.978+0000] {processor.py:186} INFO - Started process (PID=783) to work on /home/airflow/.local/lib/python3.12/site-packages/airflow/example_dags/example_skip_dag.py
[2024-10-19T00:10:32.979+0000] {processor.py:914} INFO - Processing file /home/airflow/.local/lib/python3.12/site-packages/airflow/example_dags/example_skip_dag.py for tasks to queue
[2024-10-19T00:10:32.980+0000] {logging_mixin.py:190} INFO - [2024-10-19T00:10:32.980+0000] {dagbag.py:588} INFO - Filling up the DagBag from /home/airflow/.local/lib/python3.12/site-packages/airflow/example_dags/example_skip_dag.py
[2024-10-19T00:10:32.987+0000] {processor.py:925} INFO - DAG(s) 'example_skip_dag' retrieved from /home/airflow/.local/lib/python3.12/site-packages/airflow/example_dags/example_skip_dag.py
[2024-10-19T00:10:33.007+0000] {logging_mixin.py:190} INFO - [2024-10-19T00:10:33.007+0000] {dag.py:3239} INFO - Sync 1 DAGs
[2024-10-19T00:10:33.027+0000] {logging_mixin.py:190} INFO - [2024-10-19T00:10:33.027+0000] {dag.py:4180} INFO - Setting next_dagrun for example_skip_dag to 2024-10-18 00:00:00+00:00, run_after=2024-10-19 00:00:00+00:00
[2024-10-19T00:10:33.051+0000] {processor.py:208} INFO - Processing /home/airflow/.local/lib/python3.12/site-packages/airflow/example_dags/example_skip_dag.py took 0.079 seconds
[2024-10-19T00:11:03.400+0000] {processor.py:186} INFO - Started process (PID=845) to work on /home/airflow/.local/lib/python3.12/site-packages/airflow/example_dags/example_skip_dag.py
[2024-10-19T00:11:03.401+0000] {processor.py:914} INFO - Processing file /home/airflow/.local/lib/python3.12/site-packages/airflow/example_dags/example_skip_dag.py for tasks to queue
[2024-10-19T00:11:03.403+0000] {logging_mixin.py:190} INFO - [2024-10-19T00:11:03.403+0000] {dagbag.py:588} INFO - Filling up the DagBag from /home/airflow/.local/lib/python3.12/site-packages/airflow/example_dags/example_skip_dag.py
[2024-10-19T00:11:03.409+0000] {processor.py:925} INFO - DAG(s) 'example_skip_dag' retrieved from /home/airflow/.local/lib/python3.12/site-packages/airflow/example_dags/example_skip_dag.py
[2024-10-19T00:11:03.426+0000] {logging_mixin.py:190} INFO - [2024-10-19T00:11:03.426+0000] {dag.py:3239} INFO - Sync 1 DAGs
[2024-10-19T00:11:03.443+0000] {logging_mixin.py:190} INFO - [2024-10-19T00:11:03.443+0000] {dag.py:4180} INFO - Setting next_dagrun for example_skip_dag to 2024-10-18 00:00:00+00:00, run_after=2024-10-19 00:00:00+00:00
[2024-10-19T00:11:03.465+0000] {processor.py:208} INFO - Processing /home/airflow/.local/lib/python3.12/site-packages/airflow/example_dags/example_skip_dag.py took 0.069 seconds
[2024-10-19T00:11:34.443+0000] {processor.py:186} INFO - Started process (PID=907) to work on /home/airflow/.local/lib/python3.12/site-packages/airflow/example_dags/example_skip_dag.py
[2024-10-19T00:11:34.446+0000] {processor.py:914} INFO - Processing file /home/airflow/.local/lib/python3.12/site-packages/airflow/example_dags/example_skip_dag.py for tasks to queue
[2024-10-19T00:11:34.448+0000] {logging_mixin.py:190} INFO - [2024-10-19T00:11:34.448+0000] {dagbag.py:588} INFO - Filling up the DagBag from /home/airflow/.local/lib/python3.12/site-packages/airflow/example_dags/example_skip_dag.py
[2024-10-19T00:11:34.455+0000] {processor.py:925} INFO - DAG(s) 'example_skip_dag' retrieved from /home/airflow/.local/lib/python3.12/site-packages/airflow/example_dags/example_skip_dag.py
[2024-10-19T00:11:34.473+0000] {logging_mixin.py:190} INFO - [2024-10-19T00:11:34.472+0000] {dag.py:3239} INFO - Sync 1 DAGs
[2024-10-19T00:11:34.493+0000] {logging_mixin.py:190} INFO - [2024-10-19T00:11:34.493+0000] {dag.py:4180} INFO - Setting next_dagrun for example_skip_dag to 2024-10-18 00:00:00+00:00, run_after=2024-10-19 00:00:00+00:00
[2024-10-19T00:11:34.515+0000] {processor.py:208} INFO - Processing /home/airflow/.local/lib/python3.12/site-packages/airflow/example_dags/example_skip_dag.py took 0.078 seconds
[2024-10-19T00:12:05.071+0000] {processor.py:186} INFO - Started process (PID=970) to work on /home/airflow/.local/lib/python3.12/site-packages/airflow/example_dags/example_skip_dag.py
[2024-10-19T00:12:05.072+0000] {processor.py:914} INFO - Processing file /home/airflow/.local/lib/python3.12/site-packages/airflow/example_dags/example_skip_dag.py for tasks to queue
[2024-10-19T00:12:05.085+0000] {logging_mixin.py:190} INFO - [2024-10-19T00:12:05.076+0000] {dagbag.py:588} INFO - Filling up the DagBag from /home/airflow/.local/lib/python3.12/site-packages/airflow/example_dags/example_skip_dag.py
[2024-10-19T00:12:05.098+0000] {processor.py:925} INFO - DAG(s) 'example_skip_dag' retrieved from /home/airflow/.local/lib/python3.12/site-packages/airflow/example_dags/example_skip_dag.py
[2024-10-19T00:12:05.130+0000] {logging_mixin.py:190} INFO - [2024-10-19T00:12:05.130+0000] {dag.py:3239} INFO - Sync 1 DAGs
[2024-10-19T00:12:05.155+0000] {logging_mixin.py:190} INFO - [2024-10-19T00:12:05.155+0000] {dag.py:4180} INFO - Setting next_dagrun for example_skip_dag to 2024-10-18 00:00:00+00:00, run_after=2024-10-19 00:00:00+00:00
[2024-10-19T00:12:05.178+0000] {processor.py:208} INFO - Processing /home/airflow/.local/lib/python3.12/site-packages/airflow/example_dags/example_skip_dag.py took 0.114 seconds
[2024-10-19T00:12:35.835+0000] {processor.py:186} INFO - Started process (PID=1032) to work on /home/airflow/.local/lib/python3.12/site-packages/airflow/example_dags/example_skip_dag.py
[2024-10-19T00:12:35.836+0000] {processor.py:914} INFO - Processing file /home/airflow/.local/lib/python3.12/site-packages/airflow/example_dags/example_skip_dag.py for tasks to queue
[2024-10-19T00:12:35.838+0000] {logging_mixin.py:190} INFO - [2024-10-19T00:12:35.838+0000] {dagbag.py:588} INFO - Filling up the DagBag from /home/airflow/.local/lib/python3.12/site-packages/airflow/example_dags/example_skip_dag.py
[2024-10-19T00:12:35.848+0000] {processor.py:925} INFO - DAG(s) 'example_skip_dag' retrieved from /home/airflow/.local/lib/python3.12/site-packages/airflow/example_dags/example_skip_dag.py
[2024-10-19T00:12:35.867+0000] {logging_mixin.py:190} INFO - [2024-10-19T00:12:35.867+0000] {dag.py:3239} INFO - Sync 1 DAGs
[2024-10-19T00:12:35.887+0000] {logging_mixin.py:190} INFO - [2024-10-19T00:12:35.887+0000] {dag.py:4180} INFO - Setting next_dagrun for example_skip_dag to 2024-10-18 00:00:00+00:00, run_after=2024-10-19 00:00:00+00:00
[2024-10-19T00:12:35.913+0000] {processor.py:208} INFO - Processing /home/airflow/.local/lib/python3.12/site-packages/airflow/example_dags/example_skip_dag.py took 0.082 seconds
[2024-10-19T00:13:06.225+0000] {processor.py:186} INFO - Started process (PID=1093) to work on /home/airflow/.local/lib/python3.12/site-packages/airflow/example_dags/example_skip_dag.py
[2024-10-19T00:13:06.226+0000] {processor.py:914} INFO - Processing file /home/airflow/.local/lib/python3.12/site-packages/airflow/example_dags/example_skip_dag.py for tasks to queue
[2024-10-19T00:13:06.229+0000] {logging_mixin.py:190} INFO - [2024-10-19T00:13:06.228+0000] {dagbag.py:588} INFO - Filling up the DagBag from /home/airflow/.local/lib/python3.12/site-packages/airflow/example_dags/example_skip_dag.py
[2024-10-19T00:13:06.235+0000] {processor.py:925} INFO - DAG(s) 'example_skip_dag' retrieved from /home/airflow/.local/lib/python3.12/site-packages/airflow/example_dags/example_skip_dag.py
[2024-10-19T00:13:06.252+0000] {logging_mixin.py:190} INFO - [2024-10-19T00:13:06.252+0000] {dag.py:3239} INFO - Sync 1 DAGs
[2024-10-19T00:13:06.269+0000] {logging_mixin.py:190} INFO - [2024-10-19T00:13:06.269+0000] {dag.py:4180} INFO - Setting next_dagrun for example_skip_dag to 2024-10-18 00:00:00+00:00, run_after=2024-10-19 00:00:00+00:00
[2024-10-19T00:13:06.285+0000] {processor.py:208} INFO - Processing /home/airflow/.local/lib/python3.12/site-packages/airflow/example_dags/example_skip_dag.py took 0.066 seconds
[2024-10-19T00:13:36.800+0000] {processor.py:186} INFO - Started process (PID=1155) to work on /home/airflow/.local/lib/python3.12/site-packages/airflow/example_dags/example_skip_dag.py
[2024-10-19T00:13:36.801+0000] {processor.py:914} INFO - Processing file /home/airflow/.local/lib/python3.12/site-packages/airflow/example_dags/example_skip_dag.py for tasks to queue
[2024-10-19T00:13:36.804+0000] {logging_mixin.py:190} INFO - [2024-10-19T00:13:36.804+0000] {dagbag.py:588} INFO - Filling up the DagBag from /home/airflow/.local/lib/python3.12/site-packages/airflow/example_dags/example_skip_dag.py
[2024-10-19T00:13:36.810+0000] {processor.py:925} INFO - DAG(s) 'example_skip_dag' retrieved from /home/airflow/.local/lib/python3.12/site-packages/airflow/example_dags/example_skip_dag.py
[2024-10-19T00:13:36.828+0000] {logging_mixin.py:190} INFO - [2024-10-19T00:13:36.828+0000] {dag.py:3239} INFO - Sync 1 DAGs
[2024-10-19T00:13:36.847+0000] {logging_mixin.py:190} INFO - [2024-10-19T00:13:36.847+0000] {dag.py:4180} INFO - Setting next_dagrun for example_skip_dag to 2024-10-18 00:00:00+00:00, run_after=2024-10-19 00:00:00+00:00
[2024-10-19T00:13:36.866+0000] {processor.py:208} INFO - Processing /home/airflow/.local/lib/python3.12/site-packages/airflow/example_dags/example_skip_dag.py took 0.071 seconds
[2024-10-19T00:14:07.237+0000] {processor.py:186} INFO - Started process (PID=1217) to work on /home/airflow/.local/lib/python3.12/site-packages/airflow/example_dags/example_skip_dag.py
[2024-10-19T00:14:07.237+0000] {processor.py:914} INFO - Processing file /home/airflow/.local/lib/python3.12/site-packages/airflow/example_dags/example_skip_dag.py for tasks to queue
[2024-10-19T00:14:07.239+0000] {logging_mixin.py:190} INFO - [2024-10-19T00:14:07.239+0000] {dagbag.py:588} INFO - Filling up the DagBag from /home/airflow/.local/lib/python3.12/site-packages/airflow/example_dags/example_skip_dag.py
[2024-10-19T00:14:07.246+0000] {processor.py:925} INFO - DAG(s) 'example_skip_dag' retrieved from /home/airflow/.local/lib/python3.12/site-packages/airflow/example_dags/example_skip_dag.py
[2024-10-19T00:14:07.263+0000] {logging_mixin.py:190} INFO - [2024-10-19T00:14:07.263+0000] {dag.py:3239} INFO - Sync 1 DAGs
[2024-10-19T00:14:07.282+0000] {logging_mixin.py:190} INFO - [2024-10-19T00:14:07.282+0000] {dag.py:4180} INFO - Setting next_dagrun for example_skip_dag to 2024-10-18 00:00:00+00:00, run_after=2024-10-19 00:00:00+00:00
[2024-10-19T00:14:07.301+0000] {processor.py:208} INFO - Processing /home/airflow/.local/lib/python3.12/site-packages/airflow/example_dags/example_skip_dag.py took 0.070 seconds
[2024-10-19T00:14:37.896+0000] {processor.py:186} INFO - Started process (PID=1279) to work on /home/airflow/.local/lib/python3.12/site-packages/airflow/example_dags/example_skip_dag.py
[2024-10-19T00:14:37.897+0000] {processor.py:914} INFO - Processing file /home/airflow/.local/lib/python3.12/site-packages/airflow/example_dags/example_skip_dag.py for tasks to queue
[2024-10-19T00:14:37.899+0000] {logging_mixin.py:190} INFO - [2024-10-19T00:14:37.899+0000] {dagbag.py:588} INFO - Filling up the DagBag from /home/airflow/.local/lib/python3.12/site-packages/airflow/example_dags/example_skip_dag.py
[2024-10-19T00:14:37.906+0000] {processor.py:925} INFO - DAG(s) 'example_skip_dag' retrieved from /home/airflow/.local/lib/python3.12/site-packages/airflow/example_dags/example_skip_dag.py
[2024-10-19T00:14:37.923+0000] {logging_mixin.py:190} INFO - [2024-10-19T00:14:37.923+0000] {dag.py:3239} INFO - Sync 1 DAGs
[2024-10-19T00:14:37.941+0000] {logging_mixin.py:190} INFO - [2024-10-19T00:14:37.941+0000] {dag.py:4180} INFO - Setting next_dagrun for example_skip_dag to 2024-10-18 00:00:00+00:00, run_after=2024-10-19 00:00:00+00:00
[2024-10-19T00:14:37.960+0000] {processor.py:208} INFO - Processing /home/airflow/.local/lib/python3.12/site-packages/airflow/example_dags/example_skip_dag.py took 0.069 seconds
[2024-10-19T00:15:08.526+0000] {processor.py:186} INFO - Started process (PID=1341) to work on /home/airflow/.local/lib/python3.12/site-packages/airflow/example_dags/example_skip_dag.py
[2024-10-19T00:15:08.527+0000] {processor.py:914} INFO - Processing file /home/airflow/.local/lib/python3.12/site-packages/airflow/example_dags/example_skip_dag.py for tasks to queue
[2024-10-19T00:15:08.529+0000] {logging_mixin.py:190} INFO - [2024-10-19T00:15:08.529+0000] {dagbag.py:588} INFO - Filling up the DagBag from /home/airflow/.local/lib/python3.12/site-packages/airflow/example_dags/example_skip_dag.py
[2024-10-19T00:15:08.535+0000] {processor.py:925} INFO - DAG(s) 'example_skip_dag' retrieved from /home/airflow/.local/lib/python3.12/site-packages/airflow/example_dags/example_skip_dag.py
[2024-10-19T00:15:08.553+0000] {logging_mixin.py:190} INFO - [2024-10-19T00:15:08.553+0000] {dag.py:3239} INFO - Sync 1 DAGs
[2024-10-19T00:15:08.573+0000] {logging_mixin.py:190} INFO - [2024-10-19T00:15:08.572+0000] {dag.py:4180} INFO - Setting next_dagrun for example_skip_dag to 2024-10-18 00:00:00+00:00, run_after=2024-10-19 00:00:00+00:00
[2024-10-19T00:15:08.591+0000] {processor.py:208} INFO - Processing /home/airflow/.local/lib/python3.12/site-packages/airflow/example_dags/example_skip_dag.py took 0.072 seconds
[2024-10-19T00:15:39.417+0000] {processor.py:186} INFO - Started process (PID=1403) to work on /home/airflow/.local/lib/python3.12/site-packages/airflow/example_dags/example_skip_dag.py
[2024-10-19T00:15:39.418+0000] {processor.py:914} INFO - Processing file /home/airflow/.local/lib/python3.12/site-packages/airflow/example_dags/example_skip_dag.py for tasks to queue
[2024-10-19T00:15:39.420+0000] {logging_mixin.py:190} INFO - [2024-10-19T00:15:39.420+0000] {dagbag.py:588} INFO - Filling up the DagBag from /home/airflow/.local/lib/python3.12/site-packages/airflow/example_dags/example_skip_dag.py
[2024-10-19T00:15:39.426+0000] {processor.py:925} INFO - DAG(s) 'example_skip_dag' retrieved from /home/airflow/.local/lib/python3.12/site-packages/airflow/example_dags/example_skip_dag.py
[2024-10-19T00:15:39.445+0000] {logging_mixin.py:190} INFO - [2024-10-19T00:15:39.445+0000] {dag.py:3239} INFO - Sync 1 DAGs
[2024-10-19T00:15:39.462+0000] {logging_mixin.py:190} INFO - [2024-10-19T00:15:39.462+0000] {dag.py:4180} INFO - Setting next_dagrun for example_skip_dag to 2024-10-18 00:00:00+00:00, run_after=2024-10-19 00:00:00+00:00
[2024-10-19T00:15:39.481+0000] {processor.py:208} INFO - Processing /home/airflow/.local/lib/python3.12/site-packages/airflow/example_dags/example_skip_dag.py took 0.068 seconds
[2024-10-19T00:16:10.159+0000] {processor.py:186} INFO - Started process (PID=1464) to work on /home/airflow/.local/lib/python3.12/site-packages/airflow/example_dags/example_skip_dag.py
[2024-10-19T00:16:10.161+0000] {processor.py:914} INFO - Processing file /home/airflow/.local/lib/python3.12/site-packages/airflow/example_dags/example_skip_dag.py for tasks to queue
[2024-10-19T00:16:10.163+0000] {logging_mixin.py:190} INFO - [2024-10-19T00:16:10.163+0000] {dagbag.py:588} INFO - Filling up the DagBag from /home/airflow/.local/lib/python3.12/site-packages/airflow/example_dags/example_skip_dag.py
[2024-10-19T00:16:10.169+0000] {processor.py:925} INFO - DAG(s) 'example_skip_dag' retrieved from /home/airflow/.local/lib/python3.12/site-packages/airflow/example_dags/example_skip_dag.py
[2024-10-19T00:16:10.186+0000] {logging_mixin.py:190} INFO - [2024-10-19T00:16:10.186+0000] {dag.py:3239} INFO - Sync 1 DAGs
[2024-10-19T00:16:10.204+0000] {logging_mixin.py:190} INFO - [2024-10-19T00:16:10.204+0000] {dag.py:4180} INFO - Setting next_dagrun for example_skip_dag to 2024-10-18 00:00:00+00:00, run_after=2024-10-19 00:00:00+00:00
[2024-10-19T00:16:10.224+0000] {processor.py:208} INFO - Processing /home/airflow/.local/lib/python3.12/site-packages/airflow/example_dags/example_skip_dag.py took 0.070 seconds
[2024-10-19T00:16:40.952+0000] {processor.py:186} INFO - Started process (PID=1526) to work on /home/airflow/.local/lib/python3.12/site-packages/airflow/example_dags/example_skip_dag.py
[2024-10-19T00:16:40.953+0000] {processor.py:914} INFO - Processing file /home/airflow/.local/lib/python3.12/site-packages/airflow/example_dags/example_skip_dag.py for tasks to queue
[2024-10-19T00:16:40.956+0000] {logging_mixin.py:190} INFO - [2024-10-19T00:16:40.955+0000] {dagbag.py:588} INFO - Filling up the DagBag from /home/airflow/.local/lib/python3.12/site-packages/airflow/example_dags/example_skip_dag.py
[2024-10-19T00:16:40.962+0000] {processor.py:925} INFO - DAG(s) 'example_skip_dag' retrieved from /home/airflow/.local/lib/python3.12/site-packages/airflow/example_dags/example_skip_dag.py
[2024-10-19T00:16:40.979+0000] {logging_mixin.py:190} INFO - [2024-10-19T00:16:40.979+0000] {dag.py:3239} INFO - Sync 1 DAGs
[2024-10-19T00:16:40.997+0000] {logging_mixin.py:190} INFO - [2024-10-19T00:16:40.996+0000] {dag.py:4180} INFO - Setting next_dagrun for example_skip_dag to 2024-10-18 00:00:00+00:00, run_after=2024-10-19 00:00:00+00:00
[2024-10-19T00:16:41.014+0000] {processor.py:208} INFO - Processing /home/airflow/.local/lib/python3.12/site-packages/airflow/example_dags/example_skip_dag.py took 0.066 seconds
[2024-10-19T00:17:11.291+0000] {processor.py:186} INFO - Started process (PID=1588) to work on /home/airflow/.local/lib/python3.12/site-packages/airflow/example_dags/example_skip_dag.py
[2024-10-19T00:17:11.292+0000] {processor.py:914} INFO - Processing file /home/airflow/.local/lib/python3.12/site-packages/airflow/example_dags/example_skip_dag.py for tasks to queue
[2024-10-19T00:17:11.294+0000] {logging_mixin.py:190} INFO - [2024-10-19T00:17:11.294+0000] {dagbag.py:588} INFO - Filling up the DagBag from /home/airflow/.local/lib/python3.12/site-packages/airflow/example_dags/example_skip_dag.py
[2024-10-19T00:17:11.300+0000] {processor.py:925} INFO - DAG(s) 'example_skip_dag' retrieved from /home/airflow/.local/lib/python3.12/site-packages/airflow/example_dags/example_skip_dag.py
[2024-10-19T00:17:11.318+0000] {logging_mixin.py:190} INFO - [2024-10-19T00:17:11.318+0000] {dag.py:3239} INFO - Sync 1 DAGs
[2024-10-19T00:17:11.335+0000] {logging_mixin.py:190} INFO - [2024-10-19T00:17:11.335+0000] {dag.py:4180} INFO - Setting next_dagrun for example_skip_dag to 2024-10-18 00:00:00+00:00, run_after=2024-10-19 00:00:00+00:00
[2024-10-19T00:17:11.354+0000] {processor.py:208} INFO - Processing /home/airflow/.local/lib/python3.12/site-packages/airflow/example_dags/example_skip_dag.py took 0.068 seconds
[2024-10-19T00:17:41.938+0000] {processor.py:186} INFO - Started process (PID=1650) to work on /home/airflow/.local/lib/python3.12/site-packages/airflow/example_dags/example_skip_dag.py
[2024-10-19T00:17:41.939+0000] {processor.py:914} INFO - Processing file /home/airflow/.local/lib/python3.12/site-packages/airflow/example_dags/example_skip_dag.py for tasks to queue
[2024-10-19T00:17:41.943+0000] {logging_mixin.py:190} INFO - [2024-10-19T00:17:41.942+0000] {dagbag.py:588} INFO - Filling up the DagBag from /home/airflow/.local/lib/python3.12/site-packages/airflow/example_dags/example_skip_dag.py
[2024-10-19T00:17:41.950+0000] {processor.py:925} INFO - DAG(s) 'example_skip_dag' retrieved from /home/airflow/.local/lib/python3.12/site-packages/airflow/example_dags/example_skip_dag.py
[2024-10-19T00:17:41.971+0000] {logging_mixin.py:190} INFO - [2024-10-19T00:17:41.971+0000] {dag.py:3239} INFO - Sync 1 DAGs
[2024-10-19T00:17:41.994+0000] {logging_mixin.py:190} INFO - [2024-10-19T00:17:41.994+0000] {dag.py:4180} INFO - Setting next_dagrun for example_skip_dag to 2024-10-18 00:00:00+00:00, run_after=2024-10-19 00:00:00+00:00
[2024-10-19T00:17:42.017+0000] {processor.py:208} INFO - Processing /home/airflow/.local/lib/python3.12/site-packages/airflow/example_dags/example_skip_dag.py took 0.084 seconds
[2024-10-19T00:18:12.565+0000] {processor.py:186} INFO - Started process (PID=1712) to work on /home/airflow/.local/lib/python3.12/site-packages/airflow/example_dags/example_skip_dag.py
[2024-10-19T00:18:12.566+0000] {processor.py:914} INFO - Processing file /home/airflow/.local/lib/python3.12/site-packages/airflow/example_dags/example_skip_dag.py for tasks to queue
[2024-10-19T00:18:12.569+0000] {logging_mixin.py:190} INFO - [2024-10-19T00:18:12.569+0000] {dagbag.py:588} INFO - Filling up the DagBag from /home/airflow/.local/lib/python3.12/site-packages/airflow/example_dags/example_skip_dag.py
[2024-10-19T00:18:12.575+0000] {processor.py:925} INFO - DAG(s) 'example_skip_dag' retrieved from /home/airflow/.local/lib/python3.12/site-packages/airflow/example_dags/example_skip_dag.py
[2024-10-19T00:18:12.593+0000] {logging_mixin.py:190} INFO - [2024-10-19T00:18:12.593+0000] {dag.py:3239} INFO - Sync 1 DAGs
[2024-10-19T00:18:12.613+0000] {logging_mixin.py:190} INFO - [2024-10-19T00:18:12.613+0000] {dag.py:4180} INFO - Setting next_dagrun for example_skip_dag to 2024-10-18 00:00:00+00:00, run_after=2024-10-19 00:00:00+00:00
[2024-10-19T00:18:12.635+0000] {processor.py:208} INFO - Processing /home/airflow/.local/lib/python3.12/site-packages/airflow/example_dags/example_skip_dag.py took 0.075 seconds
[2024-10-19T00:18:42.816+0000] {processor.py:186} INFO - Started process (PID=1773) to work on /home/airflow/.local/lib/python3.12/site-packages/airflow/example_dags/example_skip_dag.py
[2024-10-19T00:18:42.817+0000] {processor.py:914} INFO - Processing file /home/airflow/.local/lib/python3.12/site-packages/airflow/example_dags/example_skip_dag.py for tasks to queue
[2024-10-19T00:18:42.819+0000] {logging_mixin.py:190} INFO - [2024-10-19T00:18:42.819+0000] {dagbag.py:588} INFO - Filling up the DagBag from /home/airflow/.local/lib/python3.12/site-packages/airflow/example_dags/example_skip_dag.py
[2024-10-19T00:18:42.825+0000] {processor.py:925} INFO - DAG(s) 'example_skip_dag' retrieved from /home/airflow/.local/lib/python3.12/site-packages/airflow/example_dags/example_skip_dag.py
[2024-10-19T00:18:42.842+0000] {logging_mixin.py:190} INFO - [2024-10-19T00:18:42.842+0000] {dag.py:3239} INFO - Sync 1 DAGs
[2024-10-19T00:18:42.861+0000] {logging_mixin.py:190} INFO - [2024-10-19T00:18:42.861+0000] {dag.py:4180} INFO - Setting next_dagrun for example_skip_dag to 2024-10-18 00:00:00+00:00, run_after=2024-10-19 00:00:00+00:00
[2024-10-19T00:18:42.880+0000] {processor.py:208} INFO - Processing /home/airflow/.local/lib/python3.12/site-packages/airflow/example_dags/example_skip_dag.py took 0.069 seconds
[2024-10-19T00:19:13.847+0000] {processor.py:186} INFO - Started process (PID=1835) to work on /home/airflow/.local/lib/python3.12/site-packages/airflow/example_dags/example_skip_dag.py
[2024-10-19T00:19:13.848+0000] {processor.py:914} INFO - Processing file /home/airflow/.local/lib/python3.12/site-packages/airflow/example_dags/example_skip_dag.py for tasks to queue
[2024-10-19T00:19:13.850+0000] {logging_mixin.py:190} INFO - [2024-10-19T00:19:13.850+0000] {dagbag.py:588} INFO - Filling up the DagBag from /home/airflow/.local/lib/python3.12/site-packages/airflow/example_dags/example_skip_dag.py
[2024-10-19T00:19:13.857+0000] {processor.py:925} INFO - DAG(s) 'example_skip_dag' retrieved from /home/airflow/.local/lib/python3.12/site-packages/airflow/example_dags/example_skip_dag.py
[2024-10-19T00:19:13.877+0000] {logging_mixin.py:190} INFO - [2024-10-19T00:19:13.877+0000] {dag.py:3239} INFO - Sync 1 DAGs
[2024-10-19T00:19:13.898+0000] {logging_mixin.py:190} INFO - [2024-10-19T00:19:13.898+0000] {dag.py:4180} INFO - Setting next_dagrun for example_skip_dag to 2024-10-18 00:00:00+00:00, run_after=2024-10-19 00:00:00+00:00
[2024-10-19T00:19:13.921+0000] {processor.py:208} INFO - Processing /home/airflow/.local/lib/python3.12/site-packages/airflow/example_dags/example_skip_dag.py took 0.080 seconds
[2024-10-19T00:19:44.273+0000] {processor.py:186} INFO - Started process (PID=1897) to work on /home/airflow/.local/lib/python3.12/site-packages/airflow/example_dags/example_skip_dag.py
[2024-10-19T00:19:44.274+0000] {processor.py:914} INFO - Processing file /home/airflow/.local/lib/python3.12/site-packages/airflow/example_dags/example_skip_dag.py for tasks to queue
[2024-10-19T00:19:44.276+0000] {logging_mixin.py:190} INFO - [2024-10-19T00:19:44.276+0000] {dagbag.py:588} INFO - Filling up the DagBag from /home/airflow/.local/lib/python3.12/site-packages/airflow/example_dags/example_skip_dag.py
[2024-10-19T00:19:44.284+0000] {processor.py:925} INFO - DAG(s) 'example_skip_dag' retrieved from /home/airflow/.local/lib/python3.12/site-packages/airflow/example_dags/example_skip_dag.py
[2024-10-19T00:19:44.301+0000] {logging_mixin.py:190} INFO - [2024-10-19T00:19:44.301+0000] {dag.py:3239} INFO - Sync 1 DAGs
[2024-10-19T00:19:44.319+0000] {logging_mixin.py:190} INFO - [2024-10-19T00:19:44.319+0000] {dag.py:4180} INFO - Setting next_dagrun for example_skip_dag to 2024-10-18 00:00:00+00:00, run_after=2024-10-19 00:00:00+00:00
[2024-10-19T00:19:44.341+0000] {processor.py:208} INFO - Processing /home/airflow/.local/lib/python3.12/site-packages/airflow/example_dags/example_skip_dag.py took 0.073 seconds
[2024-10-19T00:20:14.966+0000] {processor.py:186} INFO - Started process (PID=1959) to work on /home/airflow/.local/lib/python3.12/site-packages/airflow/example_dags/example_skip_dag.py
[2024-10-19T00:20:14.967+0000] {processor.py:914} INFO - Processing file /home/airflow/.local/lib/python3.12/site-packages/airflow/example_dags/example_skip_dag.py for tasks to queue
[2024-10-19T00:20:14.969+0000] {logging_mixin.py:190} INFO - [2024-10-19T00:20:14.969+0000] {dagbag.py:588} INFO - Filling up the DagBag from /home/airflow/.local/lib/python3.12/site-packages/airflow/example_dags/example_skip_dag.py
[2024-10-19T00:20:14.976+0000] {processor.py:925} INFO - DAG(s) 'example_skip_dag' retrieved from /home/airflow/.local/lib/python3.12/site-packages/airflow/example_dags/example_skip_dag.py
[2024-10-19T00:20:14.994+0000] {logging_mixin.py:190} INFO - [2024-10-19T00:20:14.993+0000] {dag.py:3239} INFO - Sync 1 DAGs
[2024-10-19T00:20:15.011+0000] {logging_mixin.py:190} INFO - [2024-10-19T00:20:15.011+0000] {dag.py:4180} INFO - Setting next_dagrun for example_skip_dag to 2024-10-18 00:00:00+00:00, run_after=2024-10-19 00:00:00+00:00
[2024-10-19T00:20:15.033+0000] {processor.py:208} INFO - Processing /home/airflow/.local/lib/python3.12/site-packages/airflow/example_dags/example_skip_dag.py took 0.072 seconds
[2024-10-19T00:20:45.877+0000] {processor.py:186} INFO - Started process (PID=2021) to work on /home/airflow/.local/lib/python3.12/site-packages/airflow/example_dags/example_skip_dag.py
[2024-10-19T00:20:45.879+0000] {processor.py:914} INFO - Processing file /home/airflow/.local/lib/python3.12/site-packages/airflow/example_dags/example_skip_dag.py for tasks to queue
[2024-10-19T00:20:45.882+0000] {logging_mixin.py:190} INFO - [2024-10-19T00:20:45.881+0000] {dagbag.py:588} INFO - Filling up the DagBag from /home/airflow/.local/lib/python3.12/site-packages/airflow/example_dags/example_skip_dag.py
[2024-10-19T00:20:45.891+0000] {processor.py:925} INFO - DAG(s) 'example_skip_dag' retrieved from /home/airflow/.local/lib/python3.12/site-packages/airflow/example_dags/example_skip_dag.py
[2024-10-19T00:20:45.920+0000] {logging_mixin.py:190} INFO - [2024-10-19T00:20:45.920+0000] {dag.py:3239} INFO - Sync 1 DAGs
[2024-10-19T00:20:45.951+0000] {logging_mixin.py:190} INFO - [2024-10-19T00:20:45.950+0000] {dag.py:4180} INFO - Setting next_dagrun for example_skip_dag to 2024-10-18 00:00:00+00:00, run_after=2024-10-19 00:00:00+00:00
[2024-10-19T00:20:45.980+0000] {processor.py:208} INFO - Processing /home/airflow/.local/lib/python3.12/site-packages/airflow/example_dags/example_skip_dag.py took 0.111 seconds
[2024-10-19T00:21:16.179+0000] {processor.py:186} INFO - Started process (PID=2083) to work on /home/airflow/.local/lib/python3.12/site-packages/airflow/example_dags/example_skip_dag.py
[2024-10-19T00:21:16.180+0000] {processor.py:914} INFO - Processing file /home/airflow/.local/lib/python3.12/site-packages/airflow/example_dags/example_skip_dag.py for tasks to queue
[2024-10-19T00:21:16.182+0000] {logging_mixin.py:190} INFO - [2024-10-19T00:21:16.182+0000] {dagbag.py:588} INFO - Filling up the DagBag from /home/airflow/.local/lib/python3.12/site-packages/airflow/example_dags/example_skip_dag.py
[2024-10-19T00:21:16.189+0000] {processor.py:925} INFO - DAG(s) 'example_skip_dag' retrieved from /home/airflow/.local/lib/python3.12/site-packages/airflow/example_dags/example_skip_dag.py
[2024-10-19T00:21:16.208+0000] {logging_mixin.py:190} INFO - [2024-10-19T00:21:16.208+0000] {dag.py:3239} INFO - Sync 1 DAGs
[2024-10-19T00:21:16.230+0000] {logging_mixin.py:190} INFO - [2024-10-19T00:21:16.230+0000] {dag.py:4180} INFO - Setting next_dagrun for example_skip_dag to 2024-10-18 00:00:00+00:00, run_after=2024-10-19 00:00:00+00:00
[2024-10-19T00:21:16.251+0000] {processor.py:208} INFO - Processing /home/airflow/.local/lib/python3.12/site-packages/airflow/example_dags/example_skip_dag.py took 0.077 seconds
[2024-10-19T00:21:46.975+0000] {processor.py:186} INFO - Started process (PID=2146) to work on /home/airflow/.local/lib/python3.12/site-packages/airflow/example_dags/example_skip_dag.py
[2024-10-19T00:21:46.976+0000] {processor.py:914} INFO - Processing file /home/airflow/.local/lib/python3.12/site-packages/airflow/example_dags/example_skip_dag.py for tasks to queue
[2024-10-19T00:21:46.978+0000] {logging_mixin.py:190} INFO - [2024-10-19T00:21:46.978+0000] {dagbag.py:588} INFO - Filling up the DagBag from /home/airflow/.local/lib/python3.12/site-packages/airflow/example_dags/example_skip_dag.py
[2024-10-19T00:21:46.985+0000] {processor.py:925} INFO - DAG(s) 'example_skip_dag' retrieved from /home/airflow/.local/lib/python3.12/site-packages/airflow/example_dags/example_skip_dag.py
[2024-10-19T00:21:47.004+0000] {logging_mixin.py:190} INFO - [2024-10-19T00:21:47.003+0000] {dag.py:3239} INFO - Sync 1 DAGs
[2024-10-19T00:21:47.027+0000] {logging_mixin.py:190} INFO - [2024-10-19T00:21:47.026+0000] {dag.py:4180} INFO - Setting next_dagrun for example_skip_dag to 2024-10-18 00:00:00+00:00, run_after=2024-10-19 00:00:00+00:00
[2024-10-19T00:21:47.046+0000] {processor.py:208} INFO - Processing /home/airflow/.local/lib/python3.12/site-packages/airflow/example_dags/example_skip_dag.py took 0.076 seconds
[2024-10-19T00:22:17.668+0000] {processor.py:186} INFO - Started process (PID=2208) to work on /home/airflow/.local/lib/python3.12/site-packages/airflow/example_dags/example_skip_dag.py
[2024-10-19T00:22:17.669+0000] {processor.py:914} INFO - Processing file /home/airflow/.local/lib/python3.12/site-packages/airflow/example_dags/example_skip_dag.py for tasks to queue
[2024-10-19T00:22:17.671+0000] {logging_mixin.py:190} INFO - [2024-10-19T00:22:17.671+0000] {dagbag.py:588} INFO - Filling up the DagBag from /home/airflow/.local/lib/python3.12/site-packages/airflow/example_dags/example_skip_dag.py
[2024-10-19T00:22:17.678+0000] {processor.py:925} INFO - DAG(s) 'example_skip_dag' retrieved from /home/airflow/.local/lib/python3.12/site-packages/airflow/example_dags/example_skip_dag.py
[2024-10-19T00:22:17.696+0000] {logging_mixin.py:190} INFO - [2024-10-19T00:22:17.696+0000] {dag.py:3239} INFO - Sync 1 DAGs
[2024-10-19T00:22:17.717+0000] {logging_mixin.py:190} INFO - [2024-10-19T00:22:17.716+0000] {dag.py:4180} INFO - Setting next_dagrun for example_skip_dag to 2024-10-18 00:00:00+00:00, run_after=2024-10-19 00:00:00+00:00
[2024-10-19T00:22:17.736+0000] {processor.py:208} INFO - Processing /home/airflow/.local/lib/python3.12/site-packages/airflow/example_dags/example_skip_dag.py took 0.074 seconds
[2024-10-19T00:22:48.185+0000] {processor.py:186} INFO - Started process (PID=2271) to work on /home/airflow/.local/lib/python3.12/site-packages/airflow/example_dags/example_skip_dag.py
[2024-10-19T00:22:48.186+0000] {processor.py:914} INFO - Processing file /home/airflow/.local/lib/python3.12/site-packages/airflow/example_dags/example_skip_dag.py for tasks to queue
[2024-10-19T00:22:48.188+0000] {logging_mixin.py:190} INFO - [2024-10-19T00:22:48.188+0000] {dagbag.py:588} INFO - Filling up the DagBag from /home/airflow/.local/lib/python3.12/site-packages/airflow/example_dags/example_skip_dag.py
[2024-10-19T00:22:48.194+0000] {processor.py:925} INFO - DAG(s) 'example_skip_dag' retrieved from /home/airflow/.local/lib/python3.12/site-packages/airflow/example_dags/example_skip_dag.py
[2024-10-19T00:22:48.212+0000] {logging_mixin.py:190} INFO - [2024-10-19T00:22:48.212+0000] {dag.py:3239} INFO - Sync 1 DAGs
[2024-10-19T00:22:48.232+0000] {logging_mixin.py:190} INFO - [2024-10-19T00:22:48.232+0000] {dag.py:4180} INFO - Setting next_dagrun for example_skip_dag to 2024-10-18 00:00:00+00:00, run_after=2024-10-19 00:00:00+00:00
[2024-10-19T00:22:48.248+0000] {processor.py:208} INFO - Processing /home/airflow/.local/lib/python3.12/site-packages/airflow/example_dags/example_skip_dag.py took 0.068 seconds
[2024-10-19T00:23:18.624+0000] {processor.py:186} INFO - Started process (PID=2333) to work on /home/airflow/.local/lib/python3.12/site-packages/airflow/example_dags/example_skip_dag.py
[2024-10-19T00:23:18.625+0000] {processor.py:914} INFO - Processing file /home/airflow/.local/lib/python3.12/site-packages/airflow/example_dags/example_skip_dag.py for tasks to queue
[2024-10-19T00:23:18.627+0000] {logging_mixin.py:190} INFO - [2024-10-19T00:23:18.627+0000] {dagbag.py:588} INFO - Filling up the DagBag from /home/airflow/.local/lib/python3.12/site-packages/airflow/example_dags/example_skip_dag.py
[2024-10-19T00:23:18.634+0000] {processor.py:925} INFO - DAG(s) 'example_skip_dag' retrieved from /home/airflow/.local/lib/python3.12/site-packages/airflow/example_dags/example_skip_dag.py
[2024-10-19T00:23:18.651+0000] {logging_mixin.py:190} INFO - [2024-10-19T00:23:18.651+0000] {dag.py:3239} INFO - Sync 1 DAGs
[2024-10-19T00:23:18.670+0000] {logging_mixin.py:190} INFO - [2024-10-19T00:23:18.670+0000] {dag.py:4180} INFO - Setting next_dagrun for example_skip_dag to 2024-10-18 00:00:00+00:00, run_after=2024-10-19 00:00:00+00:00
[2024-10-19T00:23:18.687+0000] {processor.py:208} INFO - Processing /home/airflow/.local/lib/python3.12/site-packages/airflow/example_dags/example_skip_dag.py took 0.068 seconds
[2024-10-19T00:23:49.256+0000] {processor.py:186} INFO - Started process (PID=2395) to work on /home/airflow/.local/lib/python3.12/site-packages/airflow/example_dags/example_skip_dag.py
[2024-10-19T00:23:49.257+0000] {processor.py:914} INFO - Processing file /home/airflow/.local/lib/python3.12/site-packages/airflow/example_dags/example_skip_dag.py for tasks to queue
[2024-10-19T00:23:49.260+0000] {logging_mixin.py:190} INFO - [2024-10-19T00:23:49.260+0000] {dagbag.py:588} INFO - Filling up the DagBag from /home/airflow/.local/lib/python3.12/site-packages/airflow/example_dags/example_skip_dag.py
[2024-10-19T00:23:49.270+0000] {processor.py:925} INFO - DAG(s) 'example_skip_dag' retrieved from /home/airflow/.local/lib/python3.12/site-packages/airflow/example_dags/example_skip_dag.py
[2024-10-19T00:23:49.292+0000] {logging_mixin.py:190} INFO - [2024-10-19T00:23:49.291+0000] {dag.py:3239} INFO - Sync 1 DAGs
[2024-10-19T00:23:49.313+0000] {logging_mixin.py:190} INFO - [2024-10-19T00:23:49.313+0000] {dag.py:4180} INFO - Setting next_dagrun for example_skip_dag to 2024-10-18 00:00:00+00:00, run_after=2024-10-19 00:00:00+00:00
[2024-10-19T00:23:49.333+0000] {processor.py:208} INFO - Processing /home/airflow/.local/lib/python3.12/site-packages/airflow/example_dags/example_skip_dag.py took 0.084 seconds
[2024-10-19T00:24:19.729+0000] {processor.py:186} INFO - Started process (PID=2457) to work on /home/airflow/.local/lib/python3.12/site-packages/airflow/example_dags/example_skip_dag.py
[2024-10-19T00:24:19.730+0000] {processor.py:914} INFO - Processing file /home/airflow/.local/lib/python3.12/site-packages/airflow/example_dags/example_skip_dag.py for tasks to queue
[2024-10-19T00:24:19.732+0000] {logging_mixin.py:190} INFO - [2024-10-19T00:24:19.731+0000] {dagbag.py:588} INFO - Filling up the DagBag from /home/airflow/.local/lib/python3.12/site-packages/airflow/example_dags/example_skip_dag.py
[2024-10-19T00:24:19.738+0000] {processor.py:925} INFO - DAG(s) 'example_skip_dag' retrieved from /home/airflow/.local/lib/python3.12/site-packages/airflow/example_dags/example_skip_dag.py
[2024-10-19T00:24:19.756+0000] {logging_mixin.py:190} INFO - [2024-10-19T00:24:19.756+0000] {dag.py:3239} INFO - Sync 1 DAGs
[2024-10-19T00:24:19.775+0000] {logging_mixin.py:190} INFO - [2024-10-19T00:24:19.775+0000] {dag.py:4180} INFO - Setting next_dagrun for example_skip_dag to 2024-10-18 00:00:00+00:00, run_after=2024-10-19 00:00:00+00:00
[2024-10-19T00:24:19.791+0000] {processor.py:208} INFO - Processing /home/airflow/.local/lib/python3.12/site-packages/airflow/example_dags/example_skip_dag.py took 0.068 seconds
[2024-10-19T00:24:50.344+0000] {processor.py:186} INFO - Started process (PID=2519) to work on /home/airflow/.local/lib/python3.12/site-packages/airflow/example_dags/example_skip_dag.py
[2024-10-19T00:24:50.345+0000] {processor.py:914} INFO - Processing file /home/airflow/.local/lib/python3.12/site-packages/airflow/example_dags/example_skip_dag.py for tasks to queue
[2024-10-19T00:24:50.348+0000] {logging_mixin.py:190} INFO - [2024-10-19T00:24:50.348+0000] {dagbag.py:588} INFO - Filling up the DagBag from /home/airflow/.local/lib/python3.12/site-packages/airflow/example_dags/example_skip_dag.py
[2024-10-19T00:24:50.358+0000] {processor.py:925} INFO - DAG(s) 'example_skip_dag' retrieved from /home/airflow/.local/lib/python3.12/site-packages/airflow/example_dags/example_skip_dag.py
[2024-10-19T00:24:50.383+0000] {logging_mixin.py:190} INFO - [2024-10-19T00:24:50.382+0000] {dag.py:3239} INFO - Sync 1 DAGs
[2024-10-19T00:24:50.408+0000] {logging_mixin.py:190} INFO - [2024-10-19T00:24:50.408+0000] {dag.py:4180} INFO - Setting next_dagrun for example_skip_dag to 2024-10-18 00:00:00+00:00, run_after=2024-10-19 00:00:00+00:00
[2024-10-19T00:24:50.428+0000] {processor.py:208} INFO - Processing /home/airflow/.local/lib/python3.12/site-packages/airflow/example_dags/example_skip_dag.py took 0.091 seconds
[2024-10-19T00:25:21.451+0000] {processor.py:186} INFO - Started process (PID=2580) to work on /home/airflow/.local/lib/python3.12/site-packages/airflow/example_dags/example_skip_dag.py
[2024-10-19T00:25:21.453+0000] {processor.py:914} INFO - Processing file /home/airflow/.local/lib/python3.12/site-packages/airflow/example_dags/example_skip_dag.py for tasks to queue
[2024-10-19T00:25:21.455+0000] {logging_mixin.py:190} INFO - [2024-10-19T00:25:21.455+0000] {dagbag.py:588} INFO - Filling up the DagBag from /home/airflow/.local/lib/python3.12/site-packages/airflow/example_dags/example_skip_dag.py
[2024-10-19T00:25:21.463+0000] {processor.py:925} INFO - DAG(s) 'example_skip_dag' retrieved from /home/airflow/.local/lib/python3.12/site-packages/airflow/example_dags/example_skip_dag.py
[2024-10-19T00:25:21.484+0000] {logging_mixin.py:190} INFO - [2024-10-19T00:25:21.483+0000] {dag.py:3239} INFO - Sync 1 DAGs
[2024-10-19T00:25:21.504+0000] {logging_mixin.py:190} INFO - [2024-10-19T00:25:21.504+0000] {dag.py:4180} INFO - Setting next_dagrun for example_skip_dag to 2024-10-18 00:00:00+00:00, run_after=2024-10-19 00:00:00+00:00
[2024-10-19T00:25:21.520+0000] {processor.py:208} INFO - Processing /home/airflow/.local/lib/python3.12/site-packages/airflow/example_dags/example_skip_dag.py took 0.075 seconds
[2024-10-19T00:25:52.486+0000] {processor.py:186} INFO - Started process (PID=2648) to work on /home/airflow/.local/lib/python3.12/site-packages/airflow/example_dags/example_skip_dag.py
[2024-10-19T00:25:52.487+0000] {processor.py:914} INFO - Processing file /home/airflow/.local/lib/python3.12/site-packages/airflow/example_dags/example_skip_dag.py for tasks to queue
[2024-10-19T00:25:52.490+0000] {logging_mixin.py:190} INFO - [2024-10-19T00:25:52.489+0000] {dagbag.py:588} INFO - Filling up the DagBag from /home/airflow/.local/lib/python3.12/site-packages/airflow/example_dags/example_skip_dag.py
[2024-10-19T00:25:52.495+0000] {processor.py:925} INFO - DAG(s) 'example_skip_dag' retrieved from /home/airflow/.local/lib/python3.12/site-packages/airflow/example_dags/example_skip_dag.py
[2024-10-19T00:25:52.513+0000] {logging_mixin.py:190} INFO - [2024-10-19T00:25:52.513+0000] {dag.py:3239} INFO - Sync 1 DAGs
[2024-10-19T00:25:52.531+0000] {logging_mixin.py:190} INFO - [2024-10-19T00:25:52.531+0000] {dag.py:4180} INFO - Setting next_dagrun for example_skip_dag to 2024-10-18 00:00:00+00:00, run_after=2024-10-19 00:00:00+00:00
[2024-10-19T00:25:52.548+0000] {processor.py:208} INFO - Processing /home/airflow/.local/lib/python3.12/site-packages/airflow/example_dags/example_skip_dag.py took 0.067 seconds
[2024-10-19T00:26:22.623+0000] {processor.py:186} INFO - Started process (PID=2710) to work on /home/airflow/.local/lib/python3.12/site-packages/airflow/example_dags/example_skip_dag.py
[2024-10-19T00:26:22.624+0000] {processor.py:914} INFO - Processing file /home/airflow/.local/lib/python3.12/site-packages/airflow/example_dags/example_skip_dag.py for tasks to queue
[2024-10-19T00:26:22.626+0000] {logging_mixin.py:190} INFO - [2024-10-19T00:26:22.626+0000] {dagbag.py:588} INFO - Filling up the DagBag from /home/airflow/.local/lib/python3.12/site-packages/airflow/example_dags/example_skip_dag.py
[2024-10-19T00:26:22.632+0000] {processor.py:925} INFO - DAG(s) 'example_skip_dag' retrieved from /home/airflow/.local/lib/python3.12/site-packages/airflow/example_dags/example_skip_dag.py
[2024-10-19T00:26:22.650+0000] {logging_mixin.py:190} INFO - [2024-10-19T00:26:22.649+0000] {dag.py:3239} INFO - Sync 1 DAGs
[2024-10-19T00:26:22.668+0000] {logging_mixin.py:190} INFO - [2024-10-19T00:26:22.668+0000] {dag.py:4180} INFO - Setting next_dagrun for example_skip_dag to 2024-10-18 00:00:00+00:00, run_after=2024-10-19 00:00:00+00:00
[2024-10-19T00:26:22.685+0000] {processor.py:208} INFO - Processing /home/airflow/.local/lib/python3.12/site-packages/airflow/example_dags/example_skip_dag.py took 0.066 seconds
[2024-10-19T00:26:53.534+0000] {processor.py:186} INFO - Started process (PID=2771) to work on /home/airflow/.local/lib/python3.12/site-packages/airflow/example_dags/example_skip_dag.py
[2024-10-19T00:26:53.535+0000] {processor.py:914} INFO - Processing file /home/airflow/.local/lib/python3.12/site-packages/airflow/example_dags/example_skip_dag.py for tasks to queue
[2024-10-19T00:26:53.539+0000] {logging_mixin.py:190} INFO - [2024-10-19T00:26:53.538+0000] {dagbag.py:588} INFO - Filling up the DagBag from /home/airflow/.local/lib/python3.12/site-packages/airflow/example_dags/example_skip_dag.py
[2024-10-19T00:26:53.548+0000] {processor.py:925} INFO - DAG(s) 'example_skip_dag' retrieved from /home/airflow/.local/lib/python3.12/site-packages/airflow/example_dags/example_skip_dag.py
[2024-10-19T00:26:53.576+0000] {logging_mixin.py:190} INFO - [2024-10-19T00:26:53.575+0000] {dag.py:3239} INFO - Sync 1 DAGs
[2024-10-19T00:26:53.606+0000] {logging_mixin.py:190} INFO - [2024-10-19T00:26:53.605+0000] {dag.py:4180} INFO - Setting next_dagrun for example_skip_dag to 2024-10-18 00:00:00+00:00, run_after=2024-10-19 00:00:00+00:00
[2024-10-19T00:26:53.634+0000] {processor.py:208} INFO - Processing /home/airflow/.local/lib/python3.12/site-packages/airflow/example_dags/example_skip_dag.py took 0.108 seconds
[2024-10-19T00:27:24.312+0000] {processor.py:186} INFO - Started process (PID=2832) to work on /home/airflow/.local/lib/python3.12/site-packages/airflow/example_dags/example_skip_dag.py
[2024-10-19T00:27:24.314+0000] {processor.py:914} INFO - Processing file /home/airflow/.local/lib/python3.12/site-packages/airflow/example_dags/example_skip_dag.py for tasks to queue
[2024-10-19T00:27:24.316+0000] {logging_mixin.py:190} INFO - [2024-10-19T00:27:24.316+0000] {dagbag.py:588} INFO - Filling up the DagBag from /home/airflow/.local/lib/python3.12/site-packages/airflow/example_dags/example_skip_dag.py
[2024-10-19T00:27:24.326+0000] {processor.py:925} INFO - DAG(s) 'example_skip_dag' retrieved from /home/airflow/.local/lib/python3.12/site-packages/airflow/example_dags/example_skip_dag.py
[2024-10-19T00:27:24.350+0000] {logging_mixin.py:190} INFO - [2024-10-19T00:27:24.350+0000] {dag.py:3239} INFO - Sync 1 DAGs
[2024-10-19T00:27:24.377+0000] {logging_mixin.py:190} INFO - [2024-10-19T00:27:24.377+0000] {dag.py:4180} INFO - Setting next_dagrun for example_skip_dag to 2024-10-18 00:00:00+00:00, run_after=2024-10-19 00:00:00+00:00
[2024-10-19T00:27:24.400+0000] {processor.py:208} INFO - Processing /home/airflow/.local/lib/python3.12/site-packages/airflow/example_dags/example_skip_dag.py took 0.094 seconds
[2024-10-19T00:27:55.711+0000] {processor.py:186} INFO - Started process (PID=2894) to work on /home/airflow/.local/lib/python3.12/site-packages/airflow/example_dags/example_skip_dag.py
[2024-10-19T00:27:55.713+0000] {processor.py:914} INFO - Processing file /home/airflow/.local/lib/python3.12/site-packages/airflow/example_dags/example_skip_dag.py for tasks to queue
[2024-10-19T00:27:55.715+0000] {logging_mixin.py:190} INFO - [2024-10-19T00:27:55.715+0000] {dagbag.py:588} INFO - Filling up the DagBag from /home/airflow/.local/lib/python3.12/site-packages/airflow/example_dags/example_skip_dag.py
[2024-10-19T00:27:55.857+0000] {processor.py:925} INFO - DAG(s) 'example_skip_dag' retrieved from /home/airflow/.local/lib/python3.12/site-packages/airflow/example_dags/example_skip_dag.py
[2024-10-19T00:27:55.872+0000] {logging_mixin.py:190} INFO - [2024-10-19T00:27:55.872+0000] {dag.py:3239} INFO - Sync 1 DAGs
[2024-10-19T00:27:55.889+0000] {logging_mixin.py:190} INFO - [2024-10-19T00:27:55.889+0000] {dag.py:4180} INFO - Setting next_dagrun for example_skip_dag to 2024-10-18 00:00:00+00:00, run_after=2024-10-19 00:00:00+00:00
[2024-10-19T00:27:55.906+0000] {processor.py:208} INFO - Processing /home/airflow/.local/lib/python3.12/site-packages/airflow/example_dags/example_skip_dag.py took 0.200 seconds
[2024-10-19T00:28:26.889+0000] {processor.py:186} INFO - Started process (PID=2956) to work on /home/airflow/.local/lib/python3.12/site-packages/airflow/example_dags/example_skip_dag.py
[2024-10-19T00:28:26.890+0000] {processor.py:914} INFO - Processing file /home/airflow/.local/lib/python3.12/site-packages/airflow/example_dags/example_skip_dag.py for tasks to queue
[2024-10-19T00:28:26.892+0000] {logging_mixin.py:190} INFO - [2024-10-19T00:28:26.892+0000] {dagbag.py:588} INFO - Filling up the DagBag from /home/airflow/.local/lib/python3.12/site-packages/airflow/example_dags/example_skip_dag.py
[2024-10-19T00:28:26.899+0000] {processor.py:925} INFO - DAG(s) 'example_skip_dag' retrieved from /home/airflow/.local/lib/python3.12/site-packages/airflow/example_dags/example_skip_dag.py
[2024-10-19T00:28:26.920+0000] {logging_mixin.py:190} INFO - [2024-10-19T00:28:26.920+0000] {dag.py:3239} INFO - Sync 1 DAGs
[2024-10-19T00:28:26.938+0000] {logging_mixin.py:190} INFO - [2024-10-19T00:28:26.938+0000] {dag.py:4180} INFO - Setting next_dagrun for example_skip_dag to 2024-10-18 00:00:00+00:00, run_after=2024-10-19 00:00:00+00:00
[2024-10-19T00:28:26.958+0000] {processor.py:208} INFO - Processing /home/airflow/.local/lib/python3.12/site-packages/airflow/example_dags/example_skip_dag.py took 0.074 seconds
[2024-10-19T00:28:57.758+0000] {processor.py:186} INFO - Started process (PID=3018) to work on /home/airflow/.local/lib/python3.12/site-packages/airflow/example_dags/example_skip_dag.py
[2024-10-19T00:28:57.759+0000] {processor.py:914} INFO - Processing file /home/airflow/.local/lib/python3.12/site-packages/airflow/example_dags/example_skip_dag.py for tasks to queue
[2024-10-19T00:28:57.762+0000] {logging_mixin.py:190} INFO - [2024-10-19T00:28:57.761+0000] {dagbag.py:588} INFO - Filling up the DagBag from /home/airflow/.local/lib/python3.12/site-packages/airflow/example_dags/example_skip_dag.py
[2024-10-19T00:28:57.768+0000] {processor.py:925} INFO - DAG(s) 'example_skip_dag' retrieved from /home/airflow/.local/lib/python3.12/site-packages/airflow/example_dags/example_skip_dag.py
[2024-10-19T00:28:57.785+0000] {logging_mixin.py:190} INFO - [2024-10-19T00:28:57.785+0000] {dag.py:3239} INFO - Sync 1 DAGs
[2024-10-19T00:28:57.803+0000] {logging_mixin.py:190} INFO - [2024-10-19T00:28:57.803+0000] {dag.py:4180} INFO - Setting next_dagrun for example_skip_dag to 2024-10-18 00:00:00+00:00, run_after=2024-10-19 00:00:00+00:00
[2024-10-19T00:28:57.821+0000] {processor.py:208} INFO - Processing /home/airflow/.local/lib/python3.12/site-packages/airflow/example_dags/example_skip_dag.py took 0.073 seconds
[2024-10-19T00:29:28.476+0000] {processor.py:186} INFO - Started process (PID=3081) to work on /home/airflow/.local/lib/python3.12/site-packages/airflow/example_dags/example_skip_dag.py
[2024-10-19T00:29:28.476+0000] {processor.py:914} INFO - Processing file /home/airflow/.local/lib/python3.12/site-packages/airflow/example_dags/example_skip_dag.py for tasks to queue
[2024-10-19T00:29:28.478+0000] {logging_mixin.py:190} INFO - [2024-10-19T00:29:28.478+0000] {dagbag.py:588} INFO - Filling up the DagBag from /home/airflow/.local/lib/python3.12/site-packages/airflow/example_dags/example_skip_dag.py
[2024-10-19T00:29:28.484+0000] {processor.py:925} INFO - DAG(s) 'example_skip_dag' retrieved from /home/airflow/.local/lib/python3.12/site-packages/airflow/example_dags/example_skip_dag.py
[2024-10-19T00:29:28.500+0000] {logging_mixin.py:190} INFO - [2024-10-19T00:29:28.500+0000] {dag.py:3239} INFO - Sync 1 DAGs
[2024-10-19T00:29:28.518+0000] {logging_mixin.py:190} INFO - [2024-10-19T00:29:28.518+0000] {dag.py:4180} INFO - Setting next_dagrun for example_skip_dag to 2024-10-18 00:00:00+00:00, run_after=2024-10-19 00:00:00+00:00
[2024-10-19T00:29:28.536+0000] {processor.py:208} INFO - Processing /home/airflow/.local/lib/python3.12/site-packages/airflow/example_dags/example_skip_dag.py took 0.066 seconds
[2024-10-19T00:29:58.908+0000] {processor.py:186} INFO - Started process (PID=3143) to work on /home/airflow/.local/lib/python3.12/site-packages/airflow/example_dags/example_skip_dag.py
[2024-10-19T00:29:58.909+0000] {processor.py:914} INFO - Processing file /home/airflow/.local/lib/python3.12/site-packages/airflow/example_dags/example_skip_dag.py for tasks to queue
[2024-10-19T00:29:58.911+0000] {logging_mixin.py:190} INFO - [2024-10-19T00:29:58.911+0000] {dagbag.py:588} INFO - Filling up the DagBag from /home/airflow/.local/lib/python3.12/site-packages/airflow/example_dags/example_skip_dag.py
[2024-10-19T00:29:58.917+0000] {processor.py:925} INFO - DAG(s) 'example_skip_dag' retrieved from /home/airflow/.local/lib/python3.12/site-packages/airflow/example_dags/example_skip_dag.py
[2024-10-19T00:29:58.935+0000] {logging_mixin.py:190} INFO - [2024-10-19T00:29:58.934+0000] {dag.py:3239} INFO - Sync 1 DAGs
[2024-10-19T00:29:58.952+0000] {logging_mixin.py:190} INFO - [2024-10-19T00:29:58.952+0000] {dag.py:4180} INFO - Setting next_dagrun for example_skip_dag to 2024-10-18 00:00:00+00:00, run_after=2024-10-19 00:00:00+00:00
[2024-10-19T00:29:58.970+0000] {processor.py:208} INFO - Processing /home/airflow/.local/lib/python3.12/site-packages/airflow/example_dags/example_skip_dag.py took 0.066 seconds
[2024-10-19T00:30:29.215+0000] {processor.py:186} INFO - Started process (PID=3205) to work on /home/airflow/.local/lib/python3.12/site-packages/airflow/example_dags/example_skip_dag.py
[2024-10-19T00:30:29.216+0000] {processor.py:914} INFO - Processing file /home/airflow/.local/lib/python3.12/site-packages/airflow/example_dags/example_skip_dag.py for tasks to queue
[2024-10-19T00:30:29.218+0000] {logging_mixin.py:190} INFO - [2024-10-19T00:30:29.218+0000] {dagbag.py:588} INFO - Filling up the DagBag from /home/airflow/.local/lib/python3.12/site-packages/airflow/example_dags/example_skip_dag.py
[2024-10-19T00:30:29.225+0000] {processor.py:925} INFO - DAG(s) 'example_skip_dag' retrieved from /home/airflow/.local/lib/python3.12/site-packages/airflow/example_dags/example_skip_dag.py
[2024-10-19T00:30:29.241+0000] {logging_mixin.py:190} INFO - [2024-10-19T00:30:29.240+0000] {dag.py:3239} INFO - Sync 1 DAGs
[2024-10-19T00:30:29.259+0000] {logging_mixin.py:190} INFO - [2024-10-19T00:30:29.258+0000] {dag.py:4180} INFO - Setting next_dagrun for example_skip_dag to 2024-10-18 00:00:00+00:00, run_after=2024-10-19 00:00:00+00:00
[2024-10-19T00:30:29.276+0000] {processor.py:208} INFO - Processing /home/airflow/.local/lib/python3.12/site-packages/airflow/example_dags/example_skip_dag.py took 0.066 seconds
[2024-10-19T00:30:59.658+0000] {processor.py:186} INFO - Started process (PID=3267) to work on /home/airflow/.local/lib/python3.12/site-packages/airflow/example_dags/example_skip_dag.py
[2024-10-19T00:30:59.659+0000] {processor.py:914} INFO - Processing file /home/airflow/.local/lib/python3.12/site-packages/airflow/example_dags/example_skip_dag.py for tasks to queue
[2024-10-19T00:30:59.661+0000] {logging_mixin.py:190} INFO - [2024-10-19T00:30:59.660+0000] {dagbag.py:588} INFO - Filling up the DagBag from /home/airflow/.local/lib/python3.12/site-packages/airflow/example_dags/example_skip_dag.py
[2024-10-19T00:30:59.666+0000] {processor.py:925} INFO - DAG(s) 'example_skip_dag' retrieved from /home/airflow/.local/lib/python3.12/site-packages/airflow/example_dags/example_skip_dag.py
[2024-10-19T00:30:59.684+0000] {logging_mixin.py:190} INFO - [2024-10-19T00:30:59.684+0000] {dag.py:3239} INFO - Sync 1 DAGs
[2024-10-19T00:30:59.702+0000] {logging_mixin.py:190} INFO - [2024-10-19T00:30:59.702+0000] {dag.py:4180} INFO - Setting next_dagrun for example_skip_dag to 2024-10-18 00:00:00+00:00, run_after=2024-10-19 00:00:00+00:00
[2024-10-19T00:30:59.718+0000] {processor.py:208} INFO - Processing /home/airflow/.local/lib/python3.12/site-packages/airflow/example_dags/example_skip_dag.py took 0.064 seconds
[2024-10-19T00:31:30.066+0000] {processor.py:186} INFO - Started process (PID=3329) to work on /home/airflow/.local/lib/python3.12/site-packages/airflow/example_dags/example_skip_dag.py
[2024-10-19T00:31:30.067+0000] {processor.py:914} INFO - Processing file /home/airflow/.local/lib/python3.12/site-packages/airflow/example_dags/example_skip_dag.py for tasks to queue
[2024-10-19T00:31:30.069+0000] {logging_mixin.py:190} INFO - [2024-10-19T00:31:30.069+0000] {dagbag.py:588} INFO - Filling up the DagBag from /home/airflow/.local/lib/python3.12/site-packages/airflow/example_dags/example_skip_dag.py
[2024-10-19T00:31:30.075+0000] {processor.py:925} INFO - DAG(s) 'example_skip_dag' retrieved from /home/airflow/.local/lib/python3.12/site-packages/airflow/example_dags/example_skip_dag.py
[2024-10-19T00:31:30.093+0000] {logging_mixin.py:190} INFO - [2024-10-19T00:31:30.093+0000] {dag.py:3239} INFO - Sync 1 DAGs
[2024-10-19T00:31:30.113+0000] {logging_mixin.py:190} INFO - [2024-10-19T00:31:30.112+0000] {dag.py:4180} INFO - Setting next_dagrun for example_skip_dag to 2024-10-18 00:00:00+00:00, run_after=2024-10-19 00:00:00+00:00
[2024-10-19T00:31:30.130+0000] {processor.py:208} INFO - Processing /home/airflow/.local/lib/python3.12/site-packages/airflow/example_dags/example_skip_dag.py took 0.069 seconds
[2024-10-19T00:32:00.559+0000] {processor.py:186} INFO - Started process (PID=3391) to work on /home/airflow/.local/lib/python3.12/site-packages/airflow/example_dags/example_skip_dag.py
[2024-10-19T00:32:00.560+0000] {processor.py:914} INFO - Processing file /home/airflow/.local/lib/python3.12/site-packages/airflow/example_dags/example_skip_dag.py for tasks to queue
[2024-10-19T00:32:00.562+0000] {logging_mixin.py:190} INFO - [2024-10-19T00:32:00.562+0000] {dagbag.py:588} INFO - Filling up the DagBag from /home/airflow/.local/lib/python3.12/site-packages/airflow/example_dags/example_skip_dag.py
[2024-10-19T00:32:00.569+0000] {processor.py:925} INFO - DAG(s) 'example_skip_dag' retrieved from /home/airflow/.local/lib/python3.12/site-packages/airflow/example_dags/example_skip_dag.py
[2024-10-19T00:32:00.588+0000] {logging_mixin.py:190} INFO - [2024-10-19T00:32:00.588+0000] {dag.py:3239} INFO - Sync 1 DAGs
[2024-10-19T00:32:00.606+0000] {logging_mixin.py:190} INFO - [2024-10-19T00:32:00.605+0000] {dag.py:4180} INFO - Setting next_dagrun for example_skip_dag to 2024-10-18 00:00:00+00:00, run_after=2024-10-19 00:00:00+00:00
[2024-10-19T00:32:00.624+0000] {processor.py:208} INFO - Processing /home/airflow/.local/lib/python3.12/site-packages/airflow/example_dags/example_skip_dag.py took 0.070 seconds
[2024-10-19T00:32:30.987+0000] {processor.py:186} INFO - Started process (PID=3453) to work on /home/airflow/.local/lib/python3.12/site-packages/airflow/example_dags/example_skip_dag.py
[2024-10-19T00:32:30.988+0000] {processor.py:914} INFO - Processing file /home/airflow/.local/lib/python3.12/site-packages/airflow/example_dags/example_skip_dag.py for tasks to queue
[2024-10-19T00:32:30.990+0000] {logging_mixin.py:190} INFO - [2024-10-19T00:32:30.990+0000] {dagbag.py:588} INFO - Filling up the DagBag from /home/airflow/.local/lib/python3.12/site-packages/airflow/example_dags/example_skip_dag.py
[2024-10-19T00:32:30.997+0000] {processor.py:925} INFO - DAG(s) 'example_skip_dag' retrieved from /home/airflow/.local/lib/python3.12/site-packages/airflow/example_dags/example_skip_dag.py
[2024-10-19T00:32:31.014+0000] {logging_mixin.py:190} INFO - [2024-10-19T00:32:31.013+0000] {dag.py:3239} INFO - Sync 1 DAGs
[2024-10-19T00:32:31.031+0000] {logging_mixin.py:190} INFO - [2024-10-19T00:32:31.031+0000] {dag.py:4180} INFO - Setting next_dagrun for example_skip_dag to 2024-10-18 00:00:00+00:00, run_after=2024-10-19 00:00:00+00:00
[2024-10-19T00:32:31.049+0000] {processor.py:208} INFO - Processing /home/airflow/.local/lib/python3.12/site-packages/airflow/example_dags/example_skip_dag.py took 0.067 seconds
[2024-10-19T00:33:01.332+0000] {processor.py:186} INFO - Started process (PID=3516) to work on /home/airflow/.local/lib/python3.12/site-packages/airflow/example_dags/example_skip_dag.py
[2024-10-19T00:33:01.333+0000] {processor.py:914} INFO - Processing file /home/airflow/.local/lib/python3.12/site-packages/airflow/example_dags/example_skip_dag.py for tasks to queue
[2024-10-19T00:33:01.335+0000] {logging_mixin.py:190} INFO - [2024-10-19T00:33:01.335+0000] {dagbag.py:588} INFO - Filling up the DagBag from /home/airflow/.local/lib/python3.12/site-packages/airflow/example_dags/example_skip_dag.py
[2024-10-19T00:33:01.341+0000] {processor.py:925} INFO - DAG(s) 'example_skip_dag' retrieved from /home/airflow/.local/lib/python3.12/site-packages/airflow/example_dags/example_skip_dag.py
[2024-10-19T00:33:01.359+0000] {logging_mixin.py:190} INFO - [2024-10-19T00:33:01.359+0000] {dag.py:3239} INFO - Sync 1 DAGs
[2024-10-19T00:33:01.377+0000] {logging_mixin.py:190} INFO - [2024-10-19T00:33:01.377+0000] {dag.py:4180} INFO - Setting next_dagrun for example_skip_dag to 2024-10-18 00:00:00+00:00, run_after=2024-10-19 00:00:00+00:00
[2024-10-19T00:33:01.397+0000] {processor.py:208} INFO - Processing /home/airflow/.local/lib/python3.12/site-packages/airflow/example_dags/example_skip_dag.py took 0.074 seconds
[2024-10-19T00:33:31.726+0000] {processor.py:186} INFO - Started process (PID=3578) to work on /home/airflow/.local/lib/python3.12/site-packages/airflow/example_dags/example_skip_dag.py
[2024-10-19T00:33:31.727+0000] {processor.py:914} INFO - Processing file /home/airflow/.local/lib/python3.12/site-packages/airflow/example_dags/example_skip_dag.py for tasks to queue
[2024-10-19T00:33:31.730+0000] {logging_mixin.py:190} INFO - [2024-10-19T00:33:31.730+0000] {dagbag.py:588} INFO - Filling up the DagBag from /home/airflow/.local/lib/python3.12/site-packages/airflow/example_dags/example_skip_dag.py
[2024-10-19T00:33:31.739+0000] {processor.py:925} INFO - DAG(s) 'example_skip_dag' retrieved from /home/airflow/.local/lib/python3.12/site-packages/airflow/example_dags/example_skip_dag.py
[2024-10-19T00:33:31.764+0000] {logging_mixin.py:190} INFO - [2024-10-19T00:33:31.764+0000] {dag.py:3239} INFO - Sync 1 DAGs
[2024-10-19T00:33:31.788+0000] {logging_mixin.py:190} INFO - [2024-10-19T00:33:31.788+0000] {dag.py:4180} INFO - Setting next_dagrun for example_skip_dag to 2024-10-18 00:00:00+00:00, run_after=2024-10-19 00:00:00+00:00
[2024-10-19T00:33:31.808+0000] {processor.py:208} INFO - Processing /home/airflow/.local/lib/python3.12/site-packages/airflow/example_dags/example_skip_dag.py took 0.090 seconds
[2024-10-19T00:34:02.237+0000] {processor.py:186} INFO - Started process (PID=3640) to work on /home/airflow/.local/lib/python3.12/site-packages/airflow/example_dags/example_skip_dag.py
[2024-10-19T00:34:02.238+0000] {processor.py:914} INFO - Processing file /home/airflow/.local/lib/python3.12/site-packages/airflow/example_dags/example_skip_dag.py for tasks to queue
[2024-10-19T00:34:02.240+0000] {logging_mixin.py:190} INFO - [2024-10-19T00:34:02.240+0000] {dagbag.py:588} INFO - Filling up the DagBag from /home/airflow/.local/lib/python3.12/site-packages/airflow/example_dags/example_skip_dag.py
[2024-10-19T00:34:02.246+0000] {processor.py:925} INFO - DAG(s) 'example_skip_dag' retrieved from /home/airflow/.local/lib/python3.12/site-packages/airflow/example_dags/example_skip_dag.py
[2024-10-19T00:34:02.267+0000] {logging_mixin.py:190} INFO - [2024-10-19T00:34:02.267+0000] {dag.py:3239} INFO - Sync 1 DAGs
[2024-10-19T00:34:02.285+0000] {logging_mixin.py:190} INFO - [2024-10-19T00:34:02.285+0000] {dag.py:4180} INFO - Setting next_dagrun for example_skip_dag to 2024-10-18 00:00:00+00:00, run_after=2024-10-19 00:00:00+00:00
[2024-10-19T00:34:02.302+0000] {processor.py:208} INFO - Processing /home/airflow/.local/lib/python3.12/site-packages/airflow/example_dags/example_skip_dag.py took 0.069 seconds
[2024-10-19T00:34:32.560+0000] {processor.py:186} INFO - Started process (PID=3702) to work on /home/airflow/.local/lib/python3.12/site-packages/airflow/example_dags/example_skip_dag.py
[2024-10-19T00:34:32.562+0000] {processor.py:914} INFO - Processing file /home/airflow/.local/lib/python3.12/site-packages/airflow/example_dags/example_skip_dag.py for tasks to queue
[2024-10-19T00:34:32.565+0000] {logging_mixin.py:190} INFO - [2024-10-19T00:34:32.564+0000] {dagbag.py:588} INFO - Filling up the DagBag from /home/airflow/.local/lib/python3.12/site-packages/airflow/example_dags/example_skip_dag.py
[2024-10-19T00:34:32.571+0000] {processor.py:925} INFO - DAG(s) 'example_skip_dag' retrieved from /home/airflow/.local/lib/python3.12/site-packages/airflow/example_dags/example_skip_dag.py
[2024-10-19T00:34:32.589+0000] {logging_mixin.py:190} INFO - [2024-10-19T00:34:32.589+0000] {dag.py:3239} INFO - Sync 1 DAGs
[2024-10-19T00:34:32.606+0000] {logging_mixin.py:190} INFO - [2024-10-19T00:34:32.606+0000] {dag.py:4180} INFO - Setting next_dagrun for example_skip_dag to 2024-10-18 00:00:00+00:00, run_after=2024-10-19 00:00:00+00:00
[2024-10-19T00:34:32.626+0000] {processor.py:208} INFO - Processing /home/airflow/.local/lib/python3.12/site-packages/airflow/example_dags/example_skip_dag.py took 0.076 seconds
[2024-10-19T00:35:02.986+0000] {processor.py:186} INFO - Started process (PID=3763) to work on /home/airflow/.local/lib/python3.12/site-packages/airflow/example_dags/example_skip_dag.py
[2024-10-19T00:35:02.987+0000] {processor.py:914} INFO - Processing file /home/airflow/.local/lib/python3.12/site-packages/airflow/example_dags/example_skip_dag.py for tasks to queue
[2024-10-19T00:35:02.989+0000] {logging_mixin.py:190} INFO - [2024-10-19T00:35:02.989+0000] {dagbag.py:588} INFO - Filling up the DagBag from /home/airflow/.local/lib/python3.12/site-packages/airflow/example_dags/example_skip_dag.py
[2024-10-19T00:35:02.995+0000] {processor.py:925} INFO - DAG(s) 'example_skip_dag' retrieved from /home/airflow/.local/lib/python3.12/site-packages/airflow/example_dags/example_skip_dag.py
[2024-10-19T00:35:03.012+0000] {logging_mixin.py:190} INFO - [2024-10-19T00:35:03.012+0000] {dag.py:3239} INFO - Sync 1 DAGs
[2024-10-19T00:35:03.030+0000] {logging_mixin.py:190} INFO - [2024-10-19T00:35:03.030+0000] {dag.py:4180} INFO - Setting next_dagrun for example_skip_dag to 2024-10-18 00:00:00+00:00, run_after=2024-10-19 00:00:00+00:00
[2024-10-19T00:35:03.046+0000] {processor.py:208} INFO - Processing /home/airflow/.local/lib/python3.12/site-packages/airflow/example_dags/example_skip_dag.py took 0.064 seconds
[2024-10-19T00:35:33.461+0000] {processor.py:186} INFO - Started process (PID=3825) to work on /home/airflow/.local/lib/python3.12/site-packages/airflow/example_dags/example_skip_dag.py
[2024-10-19T00:35:33.462+0000] {processor.py:914} INFO - Processing file /home/airflow/.local/lib/python3.12/site-packages/airflow/example_dags/example_skip_dag.py for tasks to queue
[2024-10-19T00:35:33.464+0000] {logging_mixin.py:190} INFO - [2024-10-19T00:35:33.463+0000] {dagbag.py:588} INFO - Filling up the DagBag from /home/airflow/.local/lib/python3.12/site-packages/airflow/example_dags/example_skip_dag.py
[2024-10-19T00:35:33.469+0000] {processor.py:925} INFO - DAG(s) 'example_skip_dag' retrieved from /home/airflow/.local/lib/python3.12/site-packages/airflow/example_dags/example_skip_dag.py
[2024-10-19T00:35:33.486+0000] {logging_mixin.py:190} INFO - [2024-10-19T00:35:33.486+0000] {dag.py:3239} INFO - Sync 1 DAGs
[2024-10-19T00:35:33.504+0000] {logging_mixin.py:190} INFO - [2024-10-19T00:35:33.504+0000] {dag.py:4180} INFO - Setting next_dagrun for example_skip_dag to 2024-10-18 00:00:00+00:00, run_after=2024-10-19 00:00:00+00:00
[2024-10-19T00:35:33.523+0000] {processor.py:208} INFO - Processing /home/airflow/.local/lib/python3.12/site-packages/airflow/example_dags/example_skip_dag.py took 0.066 seconds
[2024-10-19T00:36:04.028+0000] {processor.py:186} INFO - Started process (PID=3887) to work on /home/airflow/.local/lib/python3.12/site-packages/airflow/example_dags/example_skip_dag.py
[2024-10-19T00:36:04.029+0000] {processor.py:914} INFO - Processing file /home/airflow/.local/lib/python3.12/site-packages/airflow/example_dags/example_skip_dag.py for tasks to queue
[2024-10-19T00:36:04.031+0000] {logging_mixin.py:190} INFO - [2024-10-19T00:36:04.031+0000] {dagbag.py:588} INFO - Filling up the DagBag from /home/airflow/.local/lib/python3.12/site-packages/airflow/example_dags/example_skip_dag.py
[2024-10-19T00:36:04.038+0000] {processor.py:925} INFO - DAG(s) 'example_skip_dag' retrieved from /home/airflow/.local/lib/python3.12/site-packages/airflow/example_dags/example_skip_dag.py
[2024-10-19T00:36:04.056+0000] {logging_mixin.py:190} INFO - [2024-10-19T00:36:04.056+0000] {dag.py:3239} INFO - Sync 1 DAGs
[2024-10-19T00:36:04.074+0000] {logging_mixin.py:190} INFO - [2024-10-19T00:36:04.074+0000] {dag.py:4180} INFO - Setting next_dagrun for example_skip_dag to 2024-10-18 00:00:00+00:00, run_after=2024-10-19 00:00:00+00:00
[2024-10-19T00:36:04.094+0000] {processor.py:208} INFO - Processing /home/airflow/.local/lib/python3.12/site-packages/airflow/example_dags/example_skip_dag.py took 0.071 seconds
