[2024-10-19T00:04:54.114+0000] {processor.py:186} INFO - Started process (PID=89) to work on /home/airflow/.local/lib/python3.12/site-packages/airflow/example_dags/example_bash_operator.py
[2024-10-19T00:04:54.116+0000] {processor.py:914} INFO - Processing file /home/airflow/.local/lib/python3.12/site-packages/airflow/example_dags/example_bash_operator.py for tasks to queue
[2024-10-19T00:04:54.118+0000] {logging_mixin.py:190} INFO - [2024-10-19T00:04:54.118+0000] {dagbag.py:588} INFO - Filling up the DagBag from /home/airflow/.local/lib/python3.12/site-packages/airflow/example_dags/example_bash_operator.py
[2024-10-19T00:04:54.133+0000] {processor.py:925} INFO - DAG(s) 'example_bash_operator' retrieved from /home/airflow/.local/lib/python3.12/site-packages/airflow/example_dags/example_bash_operator.py
[2024-10-19T00:04:54.275+0000] {logging_mixin.py:190} INFO - [2024-10-19T00:04:54.274+0000] {override.py:1900} INFO - Created Permission View: can delete on DAG:example_bash_operator
[2024-10-19T00:04:54.290+0000] {logging_mixin.py:190} INFO - [2024-10-19T00:04:54.289+0000] {override.py:1900} INFO - Created Permission View: can read on DAG:example_bash_operator
[2024-10-19T00:04:54.301+0000] {logging_mixin.py:190} INFO - [2024-10-19T00:04:54.300+0000] {override.py:1900} INFO - Created Permission View: can edit on DAG:example_bash_operator
[2024-10-19T00:04:54.313+0000] {logging_mixin.py:190} INFO - [2024-10-19T00:04:54.312+0000] {override.py:1900} INFO - Created Permission View: can delete on DAG Run:example_bash_operator
[2024-10-19T00:04:54.323+0000] {logging_mixin.py:190} INFO - [2024-10-19T00:04:54.322+0000] {override.py:1900} INFO - Created Permission View: can read on DAG Run:example_bash_operator
[2024-10-19T00:04:54.333+0000] {logging_mixin.py:190} INFO - [2024-10-19T00:04:54.332+0000] {override.py:1900} INFO - Created Permission View: menu access on DAG Run:example_bash_operator
[2024-10-19T00:04:54.343+0000] {logging_mixin.py:190} INFO - [2024-10-19T00:04:54.342+0000] {override.py:1900} INFO - Created Permission View: can create on DAG Run:example_bash_operator
[2024-10-19T00:04:54.344+0000] {logging_mixin.py:190} INFO - [2024-10-19T00:04:54.343+0000] {dag.py:3239} INFO - Sync 1 DAGs
[2024-10-19T00:04:54.361+0000] {logging_mixin.py:190} INFO - [2024-10-19T00:04:54.360+0000] {dag.py:3262} INFO - Creating ORM DAG for example_bash_operator
[2024-10-19T00:04:54.377+0000] {logging_mixin.py:190} INFO - [2024-10-19T00:04:54.377+0000] {dag.py:4180} INFO - Setting next_dagrun for example_bash_operator to 2024-10-18 00:00:00+00:00, run_after=2024-10-19 00:00:00+00:00
[2024-10-19T00:04:54.403+0000] {processor.py:208} INFO - Processing /home/airflow/.local/lib/python3.12/site-packages/airflow/example_dags/example_bash_operator.py took 0.295 seconds
[2024-10-19T00:05:25.340+0000] {processor.py:186} INFO - Started process (PID=151) to work on /home/airflow/.local/lib/python3.12/site-packages/airflow/example_dags/example_bash_operator.py
[2024-10-19T00:05:25.341+0000] {processor.py:914} INFO - Processing file /home/airflow/.local/lib/python3.12/site-packages/airflow/example_dags/example_bash_operator.py for tasks to queue
[2024-10-19T00:05:25.343+0000] {logging_mixin.py:190} INFO - [2024-10-19T00:05:25.343+0000] {dagbag.py:588} INFO - Filling up the DagBag from /home/airflow/.local/lib/python3.12/site-packages/airflow/example_dags/example_bash_operator.py
[2024-10-19T00:05:25.355+0000] {processor.py:925} INFO - DAG(s) 'example_bash_operator' retrieved from /home/airflow/.local/lib/python3.12/site-packages/airflow/example_dags/example_bash_operator.py
[2024-10-19T00:05:25.375+0000] {logging_mixin.py:190} INFO - [2024-10-19T00:05:25.375+0000] {dag.py:3239} INFO - Sync 1 DAGs
[2024-10-19T00:05:25.397+0000] {logging_mixin.py:190} INFO - [2024-10-19T00:05:25.396+0000] {dag.py:4180} INFO - Setting next_dagrun for example_bash_operator to 2024-10-18 00:00:00+00:00, run_after=2024-10-19 00:00:00+00:00
[2024-10-19T00:05:25.421+0000] {processor.py:208} INFO - Processing /home/airflow/.local/lib/python3.12/site-packages/airflow/example_dags/example_bash_operator.py took 0.086 seconds
[2024-10-19T00:05:55.983+0000] {processor.py:186} INFO - Started process (PID=213) to work on /home/airflow/.local/lib/python3.12/site-packages/airflow/example_dags/example_bash_operator.py
[2024-10-19T00:05:55.984+0000] {processor.py:914} INFO - Processing file /home/airflow/.local/lib/python3.12/site-packages/airflow/example_dags/example_bash_operator.py for tasks to queue
[2024-10-19T00:05:55.987+0000] {logging_mixin.py:190} INFO - [2024-10-19T00:05:55.986+0000] {dagbag.py:588} INFO - Filling up the DagBag from /home/airflow/.local/lib/python3.12/site-packages/airflow/example_dags/example_bash_operator.py
[2024-10-19T00:05:55.999+0000] {processor.py:925} INFO - DAG(s) 'example_bash_operator' retrieved from /home/airflow/.local/lib/python3.12/site-packages/airflow/example_dags/example_bash_operator.py
[2024-10-19T00:05:56.025+0000] {logging_mixin.py:190} INFO - [2024-10-19T00:05:56.025+0000] {dag.py:3239} INFO - Sync 1 DAGs
[2024-10-19T00:05:56.048+0000] {logging_mixin.py:190} INFO - [2024-10-19T00:05:56.048+0000] {dag.py:4180} INFO - Setting next_dagrun for example_bash_operator to 2024-10-18 00:00:00+00:00, run_after=2024-10-19 00:00:00+00:00
[2024-10-19T00:05:56.069+0000] {processor.py:208} INFO - Processing /home/airflow/.local/lib/python3.12/site-packages/airflow/example_dags/example_bash_operator.py took 0.093 seconds
[2024-10-19T00:06:27.042+0000] {processor.py:186} INFO - Started process (PID=274) to work on /home/airflow/.local/lib/python3.12/site-packages/airflow/example_dags/example_bash_operator.py
[2024-10-19T00:06:27.043+0000] {processor.py:914} INFO - Processing file /home/airflow/.local/lib/python3.12/site-packages/airflow/example_dags/example_bash_operator.py for tasks to queue
[2024-10-19T00:06:27.045+0000] {logging_mixin.py:190} INFO - [2024-10-19T00:06:27.045+0000] {dagbag.py:588} INFO - Filling up the DagBag from /home/airflow/.local/lib/python3.12/site-packages/airflow/example_dags/example_bash_operator.py
[2024-10-19T00:06:27.057+0000] {processor.py:925} INFO - DAG(s) 'example_bash_operator' retrieved from /home/airflow/.local/lib/python3.12/site-packages/airflow/example_dags/example_bash_operator.py
[2024-10-19T00:06:27.079+0000] {logging_mixin.py:190} INFO - [2024-10-19T00:06:27.079+0000] {dag.py:3239} INFO - Sync 1 DAGs
[2024-10-19T00:06:27.102+0000] {logging_mixin.py:190} INFO - [2024-10-19T00:06:27.102+0000] {dag.py:4180} INFO - Setting next_dagrun for example_bash_operator to 2024-10-18 00:00:00+00:00, run_after=2024-10-19 00:00:00+00:00
[2024-10-19T00:06:27.123+0000] {processor.py:208} INFO - Processing /home/airflow/.local/lib/python3.12/site-packages/airflow/example_dags/example_bash_operator.py took 0.086 seconds
[2024-10-19T00:06:57.402+0000] {processor.py:186} INFO - Started process (PID=336) to work on /home/airflow/.local/lib/python3.12/site-packages/airflow/example_dags/example_bash_operator.py
[2024-10-19T00:06:57.403+0000] {processor.py:914} INFO - Processing file /home/airflow/.local/lib/python3.12/site-packages/airflow/example_dags/example_bash_operator.py for tasks to queue
[2024-10-19T00:06:57.406+0000] {logging_mixin.py:190} INFO - [2024-10-19T00:06:57.405+0000] {dagbag.py:588} INFO - Filling up the DagBag from /home/airflow/.local/lib/python3.12/site-packages/airflow/example_dags/example_bash_operator.py
[2024-10-19T00:06:57.418+0000] {processor.py:925} INFO - DAG(s) 'example_bash_operator' retrieved from /home/airflow/.local/lib/python3.12/site-packages/airflow/example_dags/example_bash_operator.py
[2024-10-19T00:06:57.446+0000] {logging_mixin.py:190} INFO - [2024-10-19T00:06:57.446+0000] {dag.py:3239} INFO - Sync 1 DAGs
[2024-10-19T00:06:57.469+0000] {logging_mixin.py:190} INFO - [2024-10-19T00:06:57.468+0000] {dag.py:4180} INFO - Setting next_dagrun for example_bash_operator to 2024-10-18 00:00:00+00:00, run_after=2024-10-19 00:00:00+00:00
[2024-10-19T00:06:57.490+0000] {processor.py:208} INFO - Processing /home/airflow/.local/lib/python3.12/site-packages/airflow/example_dags/example_bash_operator.py took 0.094 seconds
[2024-10-19T00:07:27.939+0000] {processor.py:186} INFO - Started process (PID=398) to work on /home/airflow/.local/lib/python3.12/site-packages/airflow/example_dags/example_bash_operator.py
[2024-10-19T00:07:27.940+0000] {processor.py:914} INFO - Processing file /home/airflow/.local/lib/python3.12/site-packages/airflow/example_dags/example_bash_operator.py for tasks to queue
[2024-10-19T00:07:27.943+0000] {logging_mixin.py:190} INFO - [2024-10-19T00:07:27.943+0000] {dagbag.py:588} INFO - Filling up the DagBag from /home/airflow/.local/lib/python3.12/site-packages/airflow/example_dags/example_bash_operator.py
[2024-10-19T00:07:27.958+0000] {processor.py:925} INFO - DAG(s) 'example_bash_operator' retrieved from /home/airflow/.local/lib/python3.12/site-packages/airflow/example_dags/example_bash_operator.py
[2024-10-19T00:07:27.987+0000] {logging_mixin.py:190} INFO - [2024-10-19T00:07:27.987+0000] {dag.py:3239} INFO - Sync 1 DAGs
[2024-10-19T00:07:28.012+0000] {logging_mixin.py:190} INFO - [2024-10-19T00:07:28.012+0000] {dag.py:4180} INFO - Setting next_dagrun for example_bash_operator to 2024-10-18 00:00:00+00:00, run_after=2024-10-19 00:00:00+00:00
[2024-10-19T00:07:28.031+0000] {processor.py:208} INFO - Processing /home/airflow/.local/lib/python3.12/site-packages/airflow/example_dags/example_bash_operator.py took 0.098 seconds
[2024-10-19T00:07:58.582+0000] {processor.py:186} INFO - Started process (PID=461) to work on /home/airflow/.local/lib/python3.12/site-packages/airflow/example_dags/example_bash_operator.py
[2024-10-19T00:07:58.584+0000] {processor.py:914} INFO - Processing file /home/airflow/.local/lib/python3.12/site-packages/airflow/example_dags/example_bash_operator.py for tasks to queue
[2024-10-19T00:07:58.586+0000] {logging_mixin.py:190} INFO - [2024-10-19T00:07:58.586+0000] {dagbag.py:588} INFO - Filling up the DagBag from /home/airflow/.local/lib/python3.12/site-packages/airflow/example_dags/example_bash_operator.py
[2024-10-19T00:07:58.597+0000] {processor.py:925} INFO - DAG(s) 'example_bash_operator' retrieved from /home/airflow/.local/lib/python3.12/site-packages/airflow/example_dags/example_bash_operator.py
[2024-10-19T00:07:58.621+0000] {logging_mixin.py:190} INFO - [2024-10-19T00:07:58.620+0000] {dag.py:3239} INFO - Sync 1 DAGs
[2024-10-19T00:07:58.643+0000] {logging_mixin.py:190} INFO - [2024-10-19T00:07:58.642+0000] {dag.py:4180} INFO - Setting next_dagrun for example_bash_operator to 2024-10-18 00:00:00+00:00, run_after=2024-10-19 00:00:00+00:00
[2024-10-19T00:07:58.661+0000] {processor.py:208} INFO - Processing /home/airflow/.local/lib/python3.12/site-packages/airflow/example_dags/example_bash_operator.py took 0.084 seconds
[2024-10-19T00:08:29.179+0000] {processor.py:186} INFO - Started process (PID=524) to work on /home/airflow/.local/lib/python3.12/site-packages/airflow/example_dags/example_bash_operator.py
[2024-10-19T00:08:29.179+0000] {processor.py:914} INFO - Processing file /home/airflow/.local/lib/python3.12/site-packages/airflow/example_dags/example_bash_operator.py for tasks to queue
[2024-10-19T00:08:29.182+0000] {logging_mixin.py:190} INFO - [2024-10-19T00:08:29.181+0000] {dagbag.py:588} INFO - Filling up the DagBag from /home/airflow/.local/lib/python3.12/site-packages/airflow/example_dags/example_bash_operator.py
[2024-10-19T00:08:29.195+0000] {processor.py:925} INFO - DAG(s) 'example_bash_operator' retrieved from /home/airflow/.local/lib/python3.12/site-packages/airflow/example_dags/example_bash_operator.py
[2024-10-19T00:08:29.229+0000] {logging_mixin.py:190} INFO - [2024-10-19T00:08:29.228+0000] {dag.py:3239} INFO - Sync 1 DAGs
[2024-10-19T00:08:29.281+0000] {logging_mixin.py:190} INFO - [2024-10-19T00:08:29.280+0000] {dag.py:4180} INFO - Setting next_dagrun for example_bash_operator to 2024-10-18 00:00:00+00:00, run_after=2024-10-19 00:00:00+00:00
[2024-10-19T00:08:29.319+0000] {processor.py:208} INFO - Processing /home/airflow/.local/lib/python3.12/site-packages/airflow/example_dags/example_bash_operator.py took 0.146 seconds
[2024-10-19T00:08:59.524+0000] {processor.py:186} INFO - Started process (PID=587) to work on /home/airflow/.local/lib/python3.12/site-packages/airflow/example_dags/example_bash_operator.py
[2024-10-19T00:08:59.525+0000] {processor.py:914} INFO - Processing file /home/airflow/.local/lib/python3.12/site-packages/airflow/example_dags/example_bash_operator.py for tasks to queue
[2024-10-19T00:08:59.529+0000] {logging_mixin.py:190} INFO - [2024-10-19T00:08:59.528+0000] {dagbag.py:588} INFO - Filling up the DagBag from /home/airflow/.local/lib/python3.12/site-packages/airflow/example_dags/example_bash_operator.py
[2024-10-19T00:08:59.542+0000] {processor.py:925} INFO - DAG(s) 'example_bash_operator' retrieved from /home/airflow/.local/lib/python3.12/site-packages/airflow/example_dags/example_bash_operator.py
[2024-10-19T00:08:59.568+0000] {logging_mixin.py:190} INFO - [2024-10-19T00:08:59.568+0000] {dag.py:3239} INFO - Sync 1 DAGs
[2024-10-19T00:08:59.591+0000] {logging_mixin.py:190} INFO - [2024-10-19T00:08:59.591+0000] {dag.py:4180} INFO - Setting next_dagrun for example_bash_operator to 2024-10-18 00:00:00+00:00, run_after=2024-10-19 00:00:00+00:00
[2024-10-19T00:08:59.608+0000] {processor.py:208} INFO - Processing /home/airflow/.local/lib/python3.12/site-packages/airflow/example_dags/example_bash_operator.py took 0.090 seconds
[2024-10-19T00:09:30.536+0000] {processor.py:186} INFO - Started process (PID=650) to work on /home/airflow/.local/lib/python3.12/site-packages/airflow/example_dags/example_bash_operator.py
[2024-10-19T00:09:30.537+0000] {processor.py:914} INFO - Processing file /home/airflow/.local/lib/python3.12/site-packages/airflow/example_dags/example_bash_operator.py for tasks to queue
[2024-10-19T00:09:30.539+0000] {logging_mixin.py:190} INFO - [2024-10-19T00:09:30.539+0000] {dagbag.py:588} INFO - Filling up the DagBag from /home/airflow/.local/lib/python3.12/site-packages/airflow/example_dags/example_bash_operator.py
[2024-10-19T00:09:30.549+0000] {processor.py:925} INFO - DAG(s) 'example_bash_operator' retrieved from /home/airflow/.local/lib/python3.12/site-packages/airflow/example_dags/example_bash_operator.py
[2024-10-19T00:09:30.570+0000] {logging_mixin.py:190} INFO - [2024-10-19T00:09:30.570+0000] {dag.py:3239} INFO - Sync 1 DAGs
[2024-10-19T00:09:30.588+0000] {logging_mixin.py:190} INFO - [2024-10-19T00:09:30.588+0000] {dag.py:4180} INFO - Setting next_dagrun for example_bash_operator to 2024-10-18 00:00:00+00:00, run_after=2024-10-19 00:00:00+00:00
[2024-10-19T00:09:30.605+0000] {processor.py:208} INFO - Processing /home/airflow/.local/lib/python3.12/site-packages/airflow/example_dags/example_bash_operator.py took 0.073 seconds
[2024-10-19T00:10:01.149+0000] {processor.py:186} INFO - Started process (PID=712) to work on /home/airflow/.local/lib/python3.12/site-packages/airflow/example_dags/example_bash_operator.py
[2024-10-19T00:10:01.150+0000] {processor.py:914} INFO - Processing file /home/airflow/.local/lib/python3.12/site-packages/airflow/example_dags/example_bash_operator.py for tasks to queue
[2024-10-19T00:10:01.154+0000] {logging_mixin.py:190} INFO - [2024-10-19T00:10:01.153+0000] {dagbag.py:588} INFO - Filling up the DagBag from /home/airflow/.local/lib/python3.12/site-packages/airflow/example_dags/example_bash_operator.py
[2024-10-19T00:10:01.168+0000] {processor.py:925} INFO - DAG(s) 'example_bash_operator' retrieved from /home/airflow/.local/lib/python3.12/site-packages/airflow/example_dags/example_bash_operator.py
[2024-10-19T00:10:01.195+0000] {logging_mixin.py:190} INFO - [2024-10-19T00:10:01.194+0000] {dag.py:3239} INFO - Sync 1 DAGs
[2024-10-19T00:10:01.226+0000] {logging_mixin.py:190} INFO - [2024-10-19T00:10:01.226+0000] {dag.py:4180} INFO - Setting next_dagrun for example_bash_operator to 2024-10-18 00:00:00+00:00, run_after=2024-10-19 00:00:00+00:00
[2024-10-19T00:10:01.251+0000] {processor.py:208} INFO - Processing /home/airflow/.local/lib/python3.12/site-packages/airflow/example_dags/example_bash_operator.py took 0.109 seconds
[2024-10-19T00:10:31.501+0000] {processor.py:186} INFO - Started process (PID=774) to work on /home/airflow/.local/lib/python3.12/site-packages/airflow/example_dags/example_bash_operator.py
[2024-10-19T00:10:31.502+0000] {processor.py:914} INFO - Processing file /home/airflow/.local/lib/python3.12/site-packages/airflow/example_dags/example_bash_operator.py for tasks to queue
[2024-10-19T00:10:31.504+0000] {logging_mixin.py:190} INFO - [2024-10-19T00:10:31.504+0000] {dagbag.py:588} INFO - Filling up the DagBag from /home/airflow/.local/lib/python3.12/site-packages/airflow/example_dags/example_bash_operator.py
[2024-10-19T00:10:31.517+0000] {processor.py:925} INFO - DAG(s) 'example_bash_operator' retrieved from /home/airflow/.local/lib/python3.12/site-packages/airflow/example_dags/example_bash_operator.py
[2024-10-19T00:10:31.541+0000] {logging_mixin.py:190} INFO - [2024-10-19T00:10:31.540+0000] {dag.py:3239} INFO - Sync 1 DAGs
[2024-10-19T00:10:31.561+0000] {logging_mixin.py:190} INFO - [2024-10-19T00:10:31.561+0000] {dag.py:4180} INFO - Setting next_dagrun for example_bash_operator to 2024-10-18 00:00:00+00:00, run_after=2024-10-19 00:00:00+00:00
[2024-10-19T00:10:31.583+0000] {processor.py:208} INFO - Processing /home/airflow/.local/lib/python3.12/site-packages/airflow/example_dags/example_bash_operator.py took 0.088 seconds
[2024-10-19T00:11:01.738+0000] {processor.py:186} INFO - Started process (PID=836) to work on /home/airflow/.local/lib/python3.12/site-packages/airflow/example_dags/example_bash_operator.py
[2024-10-19T00:11:01.739+0000] {processor.py:914} INFO - Processing file /home/airflow/.local/lib/python3.12/site-packages/airflow/example_dags/example_bash_operator.py for tasks to queue
[2024-10-19T00:11:01.742+0000] {logging_mixin.py:190} INFO - [2024-10-19T00:11:01.741+0000] {dagbag.py:588} INFO - Filling up the DagBag from /home/airflow/.local/lib/python3.12/site-packages/airflow/example_dags/example_bash_operator.py
[2024-10-19T00:11:01.759+0000] {processor.py:925} INFO - DAG(s) 'example_bash_operator' retrieved from /home/airflow/.local/lib/python3.12/site-packages/airflow/example_dags/example_bash_operator.py
[2024-10-19T00:11:01.793+0000] {logging_mixin.py:190} INFO - [2024-10-19T00:11:01.793+0000] {dag.py:3239} INFO - Sync 1 DAGs
[2024-10-19T00:11:01.823+0000] {logging_mixin.py:190} INFO - [2024-10-19T00:11:01.823+0000] {dag.py:4180} INFO - Setting next_dagrun for example_bash_operator to 2024-10-18 00:00:00+00:00, run_after=2024-10-19 00:00:00+00:00
[2024-10-19T00:11:01.854+0000] {processor.py:208} INFO - Processing /home/airflow/.local/lib/python3.12/site-packages/airflow/example_dags/example_bash_operator.py took 0.124 seconds
[2024-10-19T00:11:31.920+0000] {processor.py:186} INFO - Started process (PID=898) to work on /home/airflow/.local/lib/python3.12/site-packages/airflow/example_dags/example_bash_operator.py
[2024-10-19T00:11:31.922+0000] {processor.py:914} INFO - Processing file /home/airflow/.local/lib/python3.12/site-packages/airflow/example_dags/example_bash_operator.py for tasks to queue
[2024-10-19T00:11:31.924+0000] {logging_mixin.py:190} INFO - [2024-10-19T00:11:31.924+0000] {dagbag.py:588} INFO - Filling up the DagBag from /home/airflow/.local/lib/python3.12/site-packages/airflow/example_dags/example_bash_operator.py
[2024-10-19T00:11:31.937+0000] {processor.py:925} INFO - DAG(s) 'example_bash_operator' retrieved from /home/airflow/.local/lib/python3.12/site-packages/airflow/example_dags/example_bash_operator.py
[2024-10-19T00:11:31.962+0000] {logging_mixin.py:190} INFO - [2024-10-19T00:11:31.962+0000] {dag.py:3239} INFO - Sync 1 DAGs
[2024-10-19T00:11:31.984+0000] {logging_mixin.py:190} INFO - [2024-10-19T00:11:31.983+0000] {dag.py:4180} INFO - Setting next_dagrun for example_bash_operator to 2024-10-18 00:00:00+00:00, run_after=2024-10-19 00:00:00+00:00
[2024-10-19T00:11:32.002+0000] {processor.py:208} INFO - Processing /home/airflow/.local/lib/python3.12/site-packages/airflow/example_dags/example_bash_operator.py took 0.087 seconds
[2024-10-19T00:12:02.614+0000] {processor.py:186} INFO - Started process (PID=961) to work on /home/airflow/.local/lib/python3.12/site-packages/airflow/example_dags/example_bash_operator.py
[2024-10-19T00:12:02.615+0000] {processor.py:914} INFO - Processing file /home/airflow/.local/lib/python3.12/site-packages/airflow/example_dags/example_bash_operator.py for tasks to queue
[2024-10-19T00:12:02.618+0000] {logging_mixin.py:190} INFO - [2024-10-19T00:12:02.617+0000] {dagbag.py:588} INFO - Filling up the DagBag from /home/airflow/.local/lib/python3.12/site-packages/airflow/example_dags/example_bash_operator.py
[2024-10-19T00:12:02.630+0000] {processor.py:925} INFO - DAG(s) 'example_bash_operator' retrieved from /home/airflow/.local/lib/python3.12/site-packages/airflow/example_dags/example_bash_operator.py
[2024-10-19T00:12:02.652+0000] {logging_mixin.py:190} INFO - [2024-10-19T00:12:02.652+0000] {dag.py:3239} INFO - Sync 1 DAGs
[2024-10-19T00:12:02.674+0000] {logging_mixin.py:190} INFO - [2024-10-19T00:12:02.674+0000] {dag.py:4180} INFO - Setting next_dagrun for example_bash_operator to 2024-10-18 00:00:00+00:00, run_after=2024-10-19 00:00:00+00:00
[2024-10-19T00:12:02.694+0000] {processor.py:208} INFO - Processing /home/airflow/.local/lib/python3.12/site-packages/airflow/example_dags/example_bash_operator.py took 0.085 seconds
[2024-10-19T00:12:33.378+0000] {processor.py:186} INFO - Started process (PID=1023) to work on /home/airflow/.local/lib/python3.12/site-packages/airflow/example_dags/example_bash_operator.py
[2024-10-19T00:12:33.379+0000] {processor.py:914} INFO - Processing file /home/airflow/.local/lib/python3.12/site-packages/airflow/example_dags/example_bash_operator.py for tasks to queue
[2024-10-19T00:12:33.381+0000] {logging_mixin.py:190} INFO - [2024-10-19T00:12:33.381+0000] {dagbag.py:588} INFO - Filling up the DagBag from /home/airflow/.local/lib/python3.12/site-packages/airflow/example_dags/example_bash_operator.py
[2024-10-19T00:12:33.393+0000] {processor.py:925} INFO - DAG(s) 'example_bash_operator' retrieved from /home/airflow/.local/lib/python3.12/site-packages/airflow/example_dags/example_bash_operator.py
[2024-10-19T00:12:33.417+0000] {logging_mixin.py:190} INFO - [2024-10-19T00:12:33.417+0000] {dag.py:3239} INFO - Sync 1 DAGs
[2024-10-19T00:12:33.440+0000] {logging_mixin.py:190} INFO - [2024-10-19T00:12:33.440+0000] {dag.py:4180} INFO - Setting next_dagrun for example_bash_operator to 2024-10-18 00:00:00+00:00, run_after=2024-10-19 00:00:00+00:00
[2024-10-19T00:12:33.457+0000] {processor.py:208} INFO - Processing /home/airflow/.local/lib/python3.12/site-packages/airflow/example_dags/example_bash_operator.py took 0.085 seconds
[2024-10-19T00:13:03.699+0000] {processor.py:186} INFO - Started process (PID=1084) to work on /home/airflow/.local/lib/python3.12/site-packages/airflow/example_dags/example_bash_operator.py
[2024-10-19T00:13:03.700+0000] {processor.py:914} INFO - Processing file /home/airflow/.local/lib/python3.12/site-packages/airflow/example_dags/example_bash_operator.py for tasks to queue
[2024-10-19T00:13:03.703+0000] {logging_mixin.py:190} INFO - [2024-10-19T00:13:03.702+0000] {dagbag.py:588} INFO - Filling up the DagBag from /home/airflow/.local/lib/python3.12/site-packages/airflow/example_dags/example_bash_operator.py
[2024-10-19T00:13:03.713+0000] {processor.py:925} INFO - DAG(s) 'example_bash_operator' retrieved from /home/airflow/.local/lib/python3.12/site-packages/airflow/example_dags/example_bash_operator.py
[2024-10-19T00:13:03.737+0000] {logging_mixin.py:190} INFO - [2024-10-19T00:13:03.737+0000] {dag.py:3239} INFO - Sync 1 DAGs
[2024-10-19T00:13:03.757+0000] {logging_mixin.py:190} INFO - [2024-10-19T00:13:03.756+0000] {dag.py:4180} INFO - Setting next_dagrun for example_bash_operator to 2024-10-18 00:00:00+00:00, run_after=2024-10-19 00:00:00+00:00
[2024-10-19T00:13:03.774+0000] {processor.py:208} INFO - Processing /home/airflow/.local/lib/python3.12/site-packages/airflow/example_dags/example_bash_operator.py took 0.080 seconds
[2024-10-19T00:13:34.130+0000] {processor.py:186} INFO - Started process (PID=1146) to work on /home/airflow/.local/lib/python3.12/site-packages/airflow/example_dags/example_bash_operator.py
[2024-10-19T00:13:34.132+0000] {processor.py:914} INFO - Processing file /home/airflow/.local/lib/python3.12/site-packages/airflow/example_dags/example_bash_operator.py for tasks to queue
[2024-10-19T00:13:34.134+0000] {logging_mixin.py:190} INFO - [2024-10-19T00:13:34.134+0000] {dagbag.py:588} INFO - Filling up the DagBag from /home/airflow/.local/lib/python3.12/site-packages/airflow/example_dags/example_bash_operator.py
[2024-10-19T00:13:34.148+0000] {processor.py:925} INFO - DAG(s) 'example_bash_operator' retrieved from /home/airflow/.local/lib/python3.12/site-packages/airflow/example_dags/example_bash_operator.py
[2024-10-19T00:13:34.174+0000] {logging_mixin.py:190} INFO - [2024-10-19T00:13:34.174+0000] {dag.py:3239} INFO - Sync 1 DAGs
[2024-10-19T00:13:34.196+0000] {logging_mixin.py:190} INFO - [2024-10-19T00:13:34.195+0000] {dag.py:4180} INFO - Setting next_dagrun for example_bash_operator to 2024-10-18 00:00:00+00:00, run_after=2024-10-19 00:00:00+00:00
[2024-10-19T00:13:34.214+0000] {processor.py:208} INFO - Processing /home/airflow/.local/lib/python3.12/site-packages/airflow/example_dags/example_bash_operator.py took 0.090 seconds
[2024-10-19T00:14:04.756+0000] {processor.py:186} INFO - Started process (PID=1208) to work on /home/airflow/.local/lib/python3.12/site-packages/airflow/example_dags/example_bash_operator.py
[2024-10-19T00:14:04.757+0000] {processor.py:914} INFO - Processing file /home/airflow/.local/lib/python3.12/site-packages/airflow/example_dags/example_bash_operator.py for tasks to queue
[2024-10-19T00:14:04.759+0000] {logging_mixin.py:190} INFO - [2024-10-19T00:14:04.759+0000] {dagbag.py:588} INFO - Filling up the DagBag from /home/airflow/.local/lib/python3.12/site-packages/airflow/example_dags/example_bash_operator.py
[2024-10-19T00:14:04.770+0000] {processor.py:925} INFO - DAG(s) 'example_bash_operator' retrieved from /home/airflow/.local/lib/python3.12/site-packages/airflow/example_dags/example_bash_operator.py
[2024-10-19T00:14:04.792+0000] {logging_mixin.py:190} INFO - [2024-10-19T00:14:04.791+0000] {dag.py:3239} INFO - Sync 1 DAGs
[2024-10-19T00:14:04.812+0000] {logging_mixin.py:190} INFO - [2024-10-19T00:14:04.812+0000] {dag.py:4180} INFO - Setting next_dagrun for example_bash_operator to 2024-10-18 00:00:00+00:00, run_after=2024-10-19 00:00:00+00:00
[2024-10-19T00:14:04.830+0000] {processor.py:208} INFO - Processing /home/airflow/.local/lib/python3.12/site-packages/airflow/example_dags/example_bash_operator.py took 0.079 seconds
[2024-10-19T00:14:35.437+0000] {processor.py:186} INFO - Started process (PID=1270) to work on /home/airflow/.local/lib/python3.12/site-packages/airflow/example_dags/example_bash_operator.py
[2024-10-19T00:14:35.438+0000] {processor.py:914} INFO - Processing file /home/airflow/.local/lib/python3.12/site-packages/airflow/example_dags/example_bash_operator.py for tasks to queue
[2024-10-19T00:14:35.440+0000] {logging_mixin.py:190} INFO - [2024-10-19T00:14:35.440+0000] {dagbag.py:588} INFO - Filling up the DagBag from /home/airflow/.local/lib/python3.12/site-packages/airflow/example_dags/example_bash_operator.py
[2024-10-19T00:14:35.454+0000] {processor.py:925} INFO - DAG(s) 'example_bash_operator' retrieved from /home/airflow/.local/lib/python3.12/site-packages/airflow/example_dags/example_bash_operator.py
[2024-10-19T00:14:35.482+0000] {logging_mixin.py:190} INFO - [2024-10-19T00:14:35.481+0000] {dag.py:3239} INFO - Sync 1 DAGs
[2024-10-19T00:14:35.506+0000] {logging_mixin.py:190} INFO - [2024-10-19T00:14:35.505+0000] {dag.py:4180} INFO - Setting next_dagrun for example_bash_operator to 2024-10-18 00:00:00+00:00, run_after=2024-10-19 00:00:00+00:00
[2024-10-19T00:14:35.525+0000] {processor.py:208} INFO - Processing /home/airflow/.local/lib/python3.12/site-packages/airflow/example_dags/example_bash_operator.py took 0.094 seconds
[2024-10-19T00:15:06.098+0000] {processor.py:186} INFO - Started process (PID=1332) to work on /home/airflow/.local/lib/python3.12/site-packages/airflow/example_dags/example_bash_operator.py
[2024-10-19T00:15:06.099+0000] {processor.py:914} INFO - Processing file /home/airflow/.local/lib/python3.12/site-packages/airflow/example_dags/example_bash_operator.py for tasks to queue
[2024-10-19T00:15:06.102+0000] {logging_mixin.py:190} INFO - [2024-10-19T00:15:06.102+0000] {dagbag.py:588} INFO - Filling up the DagBag from /home/airflow/.local/lib/python3.12/site-packages/airflow/example_dags/example_bash_operator.py
[2024-10-19T00:15:06.115+0000] {processor.py:925} INFO - DAG(s) 'example_bash_operator' retrieved from /home/airflow/.local/lib/python3.12/site-packages/airflow/example_dags/example_bash_operator.py
[2024-10-19T00:15:06.139+0000] {logging_mixin.py:190} INFO - [2024-10-19T00:15:06.139+0000] {dag.py:3239} INFO - Sync 1 DAGs
[2024-10-19T00:15:06.163+0000] {logging_mixin.py:190} INFO - [2024-10-19T00:15:06.162+0000] {dag.py:4180} INFO - Setting next_dagrun for example_bash_operator to 2024-10-18 00:00:00+00:00, run_after=2024-10-19 00:00:00+00:00
[2024-10-19T00:15:06.186+0000] {processor.py:208} INFO - Processing /home/airflow/.local/lib/python3.12/site-packages/airflow/example_dags/example_bash_operator.py took 0.095 seconds
[2024-10-19T00:15:36.826+0000] {processor.py:186} INFO - Started process (PID=1394) to work on /home/airflow/.local/lib/python3.12/site-packages/airflow/example_dags/example_bash_operator.py
[2024-10-19T00:15:36.827+0000] {processor.py:914} INFO - Processing file /home/airflow/.local/lib/python3.12/site-packages/airflow/example_dags/example_bash_operator.py for tasks to queue
[2024-10-19T00:15:36.830+0000] {logging_mixin.py:190} INFO - [2024-10-19T00:15:36.830+0000] {dagbag.py:588} INFO - Filling up the DagBag from /home/airflow/.local/lib/python3.12/site-packages/airflow/example_dags/example_bash_operator.py
[2024-10-19T00:15:36.845+0000] {processor.py:925} INFO - DAG(s) 'example_bash_operator' retrieved from /home/airflow/.local/lib/python3.12/site-packages/airflow/example_dags/example_bash_operator.py
[2024-10-19T00:15:36.875+0000] {logging_mixin.py:190} INFO - [2024-10-19T00:15:36.874+0000] {dag.py:3239} INFO - Sync 1 DAGs
[2024-10-19T00:15:36.903+0000] {logging_mixin.py:190} INFO - [2024-10-19T00:15:36.903+0000] {dag.py:4180} INFO - Setting next_dagrun for example_bash_operator to 2024-10-18 00:00:00+00:00, run_after=2024-10-19 00:00:00+00:00
[2024-10-19T00:15:36.928+0000] {processor.py:208} INFO - Processing /home/airflow/.local/lib/python3.12/site-packages/airflow/example_dags/example_bash_operator.py took 0.108 seconds
[2024-10-19T00:16:07.648+0000] {processor.py:186} INFO - Started process (PID=1455) to work on /home/airflow/.local/lib/python3.12/site-packages/airflow/example_dags/example_bash_operator.py
[2024-10-19T00:16:07.649+0000] {processor.py:914} INFO - Processing file /home/airflow/.local/lib/python3.12/site-packages/airflow/example_dags/example_bash_operator.py for tasks to queue
[2024-10-19T00:16:07.653+0000] {logging_mixin.py:190} INFO - [2024-10-19T00:16:07.652+0000] {dagbag.py:588} INFO - Filling up the DagBag from /home/airflow/.local/lib/python3.12/site-packages/airflow/example_dags/example_bash_operator.py
[2024-10-19T00:16:07.669+0000] {processor.py:925} INFO - DAG(s) 'example_bash_operator' retrieved from /home/airflow/.local/lib/python3.12/site-packages/airflow/example_dags/example_bash_operator.py
[2024-10-19T00:16:07.700+0000] {logging_mixin.py:190} INFO - [2024-10-19T00:16:07.699+0000] {dag.py:3239} INFO - Sync 1 DAGs
[2024-10-19T00:16:07.725+0000] {logging_mixin.py:190} INFO - [2024-10-19T00:16:07.725+0000] {dag.py:4180} INFO - Setting next_dagrun for example_bash_operator to 2024-10-18 00:00:00+00:00, run_after=2024-10-19 00:00:00+00:00
[2024-10-19T00:16:07.748+0000] {processor.py:208} INFO - Processing /home/airflow/.local/lib/python3.12/site-packages/airflow/example_dags/example_bash_operator.py took 0.107 seconds
[2024-10-19T00:16:38.414+0000] {processor.py:186} INFO - Started process (PID=1517) to work on /home/airflow/.local/lib/python3.12/site-packages/airflow/example_dags/example_bash_operator.py
[2024-10-19T00:16:38.416+0000] {processor.py:914} INFO - Processing file /home/airflow/.local/lib/python3.12/site-packages/airflow/example_dags/example_bash_operator.py for tasks to queue
[2024-10-19T00:16:38.418+0000] {logging_mixin.py:190} INFO - [2024-10-19T00:16:38.418+0000] {dagbag.py:588} INFO - Filling up the DagBag from /home/airflow/.local/lib/python3.12/site-packages/airflow/example_dags/example_bash_operator.py
[2024-10-19T00:16:38.429+0000] {processor.py:925} INFO - DAG(s) 'example_bash_operator' retrieved from /home/airflow/.local/lib/python3.12/site-packages/airflow/example_dags/example_bash_operator.py
[2024-10-19T00:16:38.451+0000] {logging_mixin.py:190} INFO - [2024-10-19T00:16:38.451+0000] {dag.py:3239} INFO - Sync 1 DAGs
[2024-10-19T00:16:38.470+0000] {logging_mixin.py:190} INFO - [2024-10-19T00:16:38.470+0000] {dag.py:4180} INFO - Setting next_dagrun for example_bash_operator to 2024-10-18 00:00:00+00:00, run_after=2024-10-19 00:00:00+00:00
[2024-10-19T00:16:38.487+0000] {processor.py:208} INFO - Processing /home/airflow/.local/lib/python3.12/site-packages/airflow/example_dags/example_bash_operator.py took 0.078 seconds
[2024-10-19T00:17:09.600+0000] {processor.py:186} INFO - Started process (PID=1579) to work on /home/airflow/.local/lib/python3.12/site-packages/airflow/example_dags/example_bash_operator.py
[2024-10-19T00:17:09.601+0000] {processor.py:914} INFO - Processing file /home/airflow/.local/lib/python3.12/site-packages/airflow/example_dags/example_bash_operator.py for tasks to queue
[2024-10-19T00:17:09.603+0000] {logging_mixin.py:190} INFO - [2024-10-19T00:17:09.603+0000] {dagbag.py:588} INFO - Filling up the DagBag from /home/airflow/.local/lib/python3.12/site-packages/airflow/example_dags/example_bash_operator.py
[2024-10-19T00:17:09.616+0000] {processor.py:925} INFO - DAG(s) 'example_bash_operator' retrieved from /home/airflow/.local/lib/python3.12/site-packages/airflow/example_dags/example_bash_operator.py
[2024-10-19T00:17:09.642+0000] {logging_mixin.py:190} INFO - [2024-10-19T00:17:09.641+0000] {dag.py:3239} INFO - Sync 1 DAGs
[2024-10-19T00:17:09.665+0000] {logging_mixin.py:190} INFO - [2024-10-19T00:17:09.664+0000] {dag.py:4180} INFO - Setting next_dagrun for example_bash_operator to 2024-10-18 00:00:00+00:00, run_after=2024-10-19 00:00:00+00:00
[2024-10-19T00:17:09.689+0000] {processor.py:208} INFO - Processing /home/airflow/.local/lib/python3.12/site-packages/airflow/example_dags/example_bash_operator.py took 0.096 seconds
[2024-10-19T00:17:40.429+0000] {processor.py:186} INFO - Started process (PID=1641) to work on /home/airflow/.local/lib/python3.12/site-packages/airflow/example_dags/example_bash_operator.py
[2024-10-19T00:17:40.430+0000] {processor.py:914} INFO - Processing file /home/airflow/.local/lib/python3.12/site-packages/airflow/example_dags/example_bash_operator.py for tasks to queue
[2024-10-19T00:17:40.432+0000] {logging_mixin.py:190} INFO - [2024-10-19T00:17:40.432+0000] {dagbag.py:588} INFO - Filling up the DagBag from /home/airflow/.local/lib/python3.12/site-packages/airflow/example_dags/example_bash_operator.py
[2024-10-19T00:17:40.444+0000] {processor.py:925} INFO - DAG(s) 'example_bash_operator' retrieved from /home/airflow/.local/lib/python3.12/site-packages/airflow/example_dags/example_bash_operator.py
[2024-10-19T00:17:40.473+0000] {logging_mixin.py:190} INFO - [2024-10-19T00:17:40.472+0000] {dag.py:3239} INFO - Sync 1 DAGs
[2024-10-19T00:17:40.495+0000] {logging_mixin.py:190} INFO - [2024-10-19T00:17:40.495+0000] {dag.py:4180} INFO - Setting next_dagrun for example_bash_operator to 2024-10-18 00:00:00+00:00, run_after=2024-10-19 00:00:00+00:00
[2024-10-19T00:17:40.517+0000] {processor.py:208} INFO - Processing /home/airflow/.local/lib/python3.12/site-packages/airflow/example_dags/example_bash_operator.py took 0.095 seconds
[2024-10-19T00:18:10.969+0000] {processor.py:186} INFO - Started process (PID=1703) to work on /home/airflow/.local/lib/python3.12/site-packages/airflow/example_dags/example_bash_operator.py
[2024-10-19T00:18:10.970+0000] {processor.py:914} INFO - Processing file /home/airflow/.local/lib/python3.12/site-packages/airflow/example_dags/example_bash_operator.py for tasks to queue
[2024-10-19T00:18:10.971+0000] {logging_mixin.py:190} INFO - [2024-10-19T00:18:10.971+0000] {dagbag.py:588} INFO - Filling up the DagBag from /home/airflow/.local/lib/python3.12/site-packages/airflow/example_dags/example_bash_operator.py
[2024-10-19T00:18:10.981+0000] {processor.py:925} INFO - DAG(s) 'example_bash_operator' retrieved from /home/airflow/.local/lib/python3.12/site-packages/airflow/example_dags/example_bash_operator.py
[2024-10-19T00:18:11.002+0000] {logging_mixin.py:190} INFO - [2024-10-19T00:18:11.002+0000] {dag.py:3239} INFO - Sync 1 DAGs
[2024-10-19T00:18:11.022+0000] {logging_mixin.py:190} INFO - [2024-10-19T00:18:11.021+0000] {dag.py:4180} INFO - Setting next_dagrun for example_bash_operator to 2024-10-18 00:00:00+00:00, run_after=2024-10-19 00:00:00+00:00
[2024-10-19T00:18:11.039+0000] {processor.py:208} INFO - Processing /home/airflow/.local/lib/python3.12/site-packages/airflow/example_dags/example_bash_operator.py took 0.075 seconds
[2024-10-19T00:18:41.145+0000] {processor.py:186} INFO - Started process (PID=1764) to work on /home/airflow/.local/lib/python3.12/site-packages/airflow/example_dags/example_bash_operator.py
[2024-10-19T00:18:41.146+0000] {processor.py:914} INFO - Processing file /home/airflow/.local/lib/python3.12/site-packages/airflow/example_dags/example_bash_operator.py for tasks to queue
[2024-10-19T00:18:41.148+0000] {logging_mixin.py:190} INFO - [2024-10-19T00:18:41.148+0000] {dagbag.py:588} INFO - Filling up the DagBag from /home/airflow/.local/lib/python3.12/site-packages/airflow/example_dags/example_bash_operator.py
[2024-10-19T00:18:41.162+0000] {processor.py:925} INFO - DAG(s) 'example_bash_operator' retrieved from /home/airflow/.local/lib/python3.12/site-packages/airflow/example_dags/example_bash_operator.py
[2024-10-19T00:18:41.186+0000] {logging_mixin.py:190} INFO - [2024-10-19T00:18:41.185+0000] {dag.py:3239} INFO - Sync 1 DAGs
[2024-10-19T00:18:41.207+0000] {logging_mixin.py:190} INFO - [2024-10-19T00:18:41.207+0000] {dag.py:4180} INFO - Setting next_dagrun for example_bash_operator to 2024-10-18 00:00:00+00:00, run_after=2024-10-19 00:00:00+00:00
[2024-10-19T00:18:41.228+0000] {processor.py:208} INFO - Processing /home/airflow/.local/lib/python3.12/site-packages/airflow/example_dags/example_bash_operator.py took 0.089 seconds
[2024-10-19T00:19:12.372+0000] {processor.py:186} INFO - Started process (PID=1826) to work on /home/airflow/.local/lib/python3.12/site-packages/airflow/example_dags/example_bash_operator.py
[2024-10-19T00:19:12.373+0000] {processor.py:914} INFO - Processing file /home/airflow/.local/lib/python3.12/site-packages/airflow/example_dags/example_bash_operator.py for tasks to queue
[2024-10-19T00:19:12.375+0000] {logging_mixin.py:190} INFO - [2024-10-19T00:19:12.375+0000] {dagbag.py:588} INFO - Filling up the DagBag from /home/airflow/.local/lib/python3.12/site-packages/airflow/example_dags/example_bash_operator.py
[2024-10-19T00:19:12.387+0000] {processor.py:925} INFO - DAG(s) 'example_bash_operator' retrieved from /home/airflow/.local/lib/python3.12/site-packages/airflow/example_dags/example_bash_operator.py
[2024-10-19T00:19:12.409+0000] {logging_mixin.py:190} INFO - [2024-10-19T00:19:12.408+0000] {dag.py:3239} INFO - Sync 1 DAGs
[2024-10-19T00:19:12.430+0000] {logging_mixin.py:190} INFO - [2024-10-19T00:19:12.429+0000] {dag.py:4180} INFO - Setting next_dagrun for example_bash_operator to 2024-10-18 00:00:00+00:00, run_after=2024-10-19 00:00:00+00:00
[2024-10-19T00:19:12.447+0000] {processor.py:208} INFO - Processing /home/airflow/.local/lib/python3.12/site-packages/airflow/example_dags/example_bash_operator.py took 0.080 seconds
[2024-10-19T00:19:42.778+0000] {processor.py:186} INFO - Started process (PID=1889) to work on /home/airflow/.local/lib/python3.12/site-packages/airflow/example_dags/example_bash_operator.py
[2024-10-19T00:19:42.779+0000] {processor.py:914} INFO - Processing file /home/airflow/.local/lib/python3.12/site-packages/airflow/example_dags/example_bash_operator.py for tasks to queue
[2024-10-19T00:19:42.781+0000] {logging_mixin.py:190} INFO - [2024-10-19T00:19:42.780+0000] {dagbag.py:588} INFO - Filling up the DagBag from /home/airflow/.local/lib/python3.12/site-packages/airflow/example_dags/example_bash_operator.py
[2024-10-19T00:19:42.791+0000] {processor.py:925} INFO - DAG(s) 'example_bash_operator' retrieved from /home/airflow/.local/lib/python3.12/site-packages/airflow/example_dags/example_bash_operator.py
[2024-10-19T00:19:42.814+0000] {logging_mixin.py:190} INFO - [2024-10-19T00:19:42.814+0000] {dag.py:3239} INFO - Sync 1 DAGs
[2024-10-19T00:19:42.833+0000] {logging_mixin.py:190} INFO - [2024-10-19T00:19:42.833+0000] {dag.py:4180} INFO - Setting next_dagrun for example_bash_operator to 2024-10-18 00:00:00+00:00, run_after=2024-10-19 00:00:00+00:00
[2024-10-19T00:19:42.852+0000] {processor.py:208} INFO - Processing /home/airflow/.local/lib/python3.12/site-packages/airflow/example_dags/example_bash_operator.py took 0.079 seconds
[2024-10-19T00:20:13.544+0000] {processor.py:186} INFO - Started process (PID=1950) to work on /home/airflow/.local/lib/python3.12/site-packages/airflow/example_dags/example_bash_operator.py
[2024-10-19T00:20:13.545+0000] {processor.py:914} INFO - Processing file /home/airflow/.local/lib/python3.12/site-packages/airflow/example_dags/example_bash_operator.py for tasks to queue
[2024-10-19T00:20:13.547+0000] {logging_mixin.py:190} INFO - [2024-10-19T00:20:13.546+0000] {dagbag.py:588} INFO - Filling up the DagBag from /home/airflow/.local/lib/python3.12/site-packages/airflow/example_dags/example_bash_operator.py
[2024-10-19T00:20:13.557+0000] {processor.py:925} INFO - DAG(s) 'example_bash_operator' retrieved from /home/airflow/.local/lib/python3.12/site-packages/airflow/example_dags/example_bash_operator.py
[2024-10-19T00:20:13.577+0000] {logging_mixin.py:190} INFO - [2024-10-19T00:20:13.577+0000] {dag.py:3239} INFO - Sync 1 DAGs
[2024-10-19T00:20:13.598+0000] {logging_mixin.py:190} INFO - [2024-10-19T00:20:13.598+0000] {dag.py:4180} INFO - Setting next_dagrun for example_bash_operator to 2024-10-18 00:00:00+00:00, run_after=2024-10-19 00:00:00+00:00
[2024-10-19T00:20:13.615+0000] {processor.py:208} INFO - Processing /home/airflow/.local/lib/python3.12/site-packages/airflow/example_dags/example_bash_operator.py took 0.076 seconds
[2024-10-19T00:20:44.186+0000] {processor.py:186} INFO - Started process (PID=2012) to work on /home/airflow/.local/lib/python3.12/site-packages/airflow/example_dags/example_bash_operator.py
[2024-10-19T00:20:44.188+0000] {processor.py:914} INFO - Processing file /home/airflow/.local/lib/python3.12/site-packages/airflow/example_dags/example_bash_operator.py for tasks to queue
[2024-10-19T00:20:44.190+0000] {logging_mixin.py:190} INFO - [2024-10-19T00:20:44.190+0000] {dagbag.py:588} INFO - Filling up the DagBag from /home/airflow/.local/lib/python3.12/site-packages/airflow/example_dags/example_bash_operator.py
[2024-10-19T00:20:44.202+0000] {processor.py:925} INFO - DAG(s) 'example_bash_operator' retrieved from /home/airflow/.local/lib/python3.12/site-packages/airflow/example_dags/example_bash_operator.py
[2024-10-19T00:20:44.226+0000] {logging_mixin.py:190} INFO - [2024-10-19T00:20:44.226+0000] {dag.py:3239} INFO - Sync 1 DAGs
[2024-10-19T00:20:44.249+0000] {logging_mixin.py:190} INFO - [2024-10-19T00:20:44.249+0000] {dag.py:4180} INFO - Setting next_dagrun for example_bash_operator to 2024-10-18 00:00:00+00:00, run_after=2024-10-19 00:00:00+00:00
[2024-10-19T00:20:44.267+0000] {processor.py:208} INFO - Processing /home/airflow/.local/lib/python3.12/site-packages/airflow/example_dags/example_bash_operator.py took 0.086 seconds
[2024-10-19T00:21:15.348+0000] {processor.py:186} INFO - Started process (PID=2074) to work on /home/airflow/.local/lib/python3.12/site-packages/airflow/example_dags/example_bash_operator.py
[2024-10-19T00:21:15.349+0000] {processor.py:914} INFO - Processing file /home/airflow/.local/lib/python3.12/site-packages/airflow/example_dags/example_bash_operator.py for tasks to queue
[2024-10-19T00:21:15.351+0000] {logging_mixin.py:190} INFO - [2024-10-19T00:21:15.351+0000] {dagbag.py:588} INFO - Filling up the DagBag from /home/airflow/.local/lib/python3.12/site-packages/airflow/example_dags/example_bash_operator.py
[2024-10-19T00:21:15.364+0000] {processor.py:925} INFO - DAG(s) 'example_bash_operator' retrieved from /home/airflow/.local/lib/python3.12/site-packages/airflow/example_dags/example_bash_operator.py
[2024-10-19T00:21:15.389+0000] {logging_mixin.py:190} INFO - [2024-10-19T00:21:15.389+0000] {dag.py:3239} INFO - Sync 1 DAGs
[2024-10-19T00:21:15.411+0000] {logging_mixin.py:190} INFO - [2024-10-19T00:21:15.411+0000] {dag.py:4180} INFO - Setting next_dagrun for example_bash_operator to 2024-10-18 00:00:00+00:00, run_after=2024-10-19 00:00:00+00:00
[2024-10-19T00:21:15.431+0000] {processor.py:208} INFO - Processing /home/airflow/.local/lib/python3.12/site-packages/airflow/example_dags/example_bash_operator.py took 0.089 seconds
[2024-10-19T00:21:46.468+0000] {processor.py:186} INFO - Started process (PID=2137) to work on /home/airflow/.local/lib/python3.12/site-packages/airflow/example_dags/example_bash_operator.py
[2024-10-19T00:21:46.469+0000] {processor.py:914} INFO - Processing file /home/airflow/.local/lib/python3.12/site-packages/airflow/example_dags/example_bash_operator.py for tasks to queue
[2024-10-19T00:21:46.472+0000] {logging_mixin.py:190} INFO - [2024-10-19T00:21:46.471+0000] {dagbag.py:588} INFO - Filling up the DagBag from /home/airflow/.local/lib/python3.12/site-packages/airflow/example_dags/example_bash_operator.py
[2024-10-19T00:21:46.486+0000] {processor.py:925} INFO - DAG(s) 'example_bash_operator' retrieved from /home/airflow/.local/lib/python3.12/site-packages/airflow/example_dags/example_bash_operator.py
[2024-10-19T00:21:46.511+0000] {logging_mixin.py:190} INFO - [2024-10-19T00:21:46.511+0000] {dag.py:3239} INFO - Sync 1 DAGs
[2024-10-19T00:21:46.534+0000] {logging_mixin.py:190} INFO - [2024-10-19T00:21:46.533+0000] {dag.py:4180} INFO - Setting next_dagrun for example_bash_operator to 2024-10-18 00:00:00+00:00, run_after=2024-10-19 00:00:00+00:00
[2024-10-19T00:21:46.553+0000] {processor.py:208} INFO - Processing /home/airflow/.local/lib/python3.12/site-packages/airflow/example_dags/example_bash_operator.py took 0.090 seconds
[2024-10-19T00:22:17.248+0000] {processor.py:186} INFO - Started process (PID=2199) to work on /home/airflow/.local/lib/python3.12/site-packages/airflow/example_dags/example_bash_operator.py
[2024-10-19T00:22:17.249+0000] {processor.py:914} INFO - Processing file /home/airflow/.local/lib/python3.12/site-packages/airflow/example_dags/example_bash_operator.py for tasks to queue
[2024-10-19T00:22:17.251+0000] {logging_mixin.py:190} INFO - [2024-10-19T00:22:17.251+0000] {dagbag.py:588} INFO - Filling up the DagBag from /home/airflow/.local/lib/python3.12/site-packages/airflow/example_dags/example_bash_operator.py
[2024-10-19T00:22:17.262+0000] {processor.py:925} INFO - DAG(s) 'example_bash_operator' retrieved from /home/airflow/.local/lib/python3.12/site-packages/airflow/example_dags/example_bash_operator.py
[2024-10-19T00:22:17.286+0000] {logging_mixin.py:190} INFO - [2024-10-19T00:22:17.285+0000] {dag.py:3239} INFO - Sync 1 DAGs
[2024-10-19T00:22:17.305+0000] {logging_mixin.py:190} INFO - [2024-10-19T00:22:17.305+0000] {dag.py:4180} INFO - Setting next_dagrun for example_bash_operator to 2024-10-18 00:00:00+00:00, run_after=2024-10-19 00:00:00+00:00
[2024-10-19T00:22:17.322+0000] {processor.py:208} INFO - Processing /home/airflow/.local/lib/python3.12/site-packages/airflow/example_dags/example_bash_operator.py took 0.078 seconds
[2024-10-19T00:22:47.778+0000] {processor.py:186} INFO - Started process (PID=2262) to work on /home/airflow/.local/lib/python3.12/site-packages/airflow/example_dags/example_bash_operator.py
[2024-10-19T00:22:47.779+0000] {processor.py:914} INFO - Processing file /home/airflow/.local/lib/python3.12/site-packages/airflow/example_dags/example_bash_operator.py for tasks to queue
[2024-10-19T00:22:47.781+0000] {logging_mixin.py:190} INFO - [2024-10-19T00:22:47.781+0000] {dagbag.py:588} INFO - Filling up the DagBag from /home/airflow/.local/lib/python3.12/site-packages/airflow/example_dags/example_bash_operator.py
[2024-10-19T00:22:47.792+0000] {processor.py:925} INFO - DAG(s) 'example_bash_operator' retrieved from /home/airflow/.local/lib/python3.12/site-packages/airflow/example_dags/example_bash_operator.py
[2024-10-19T00:22:47.814+0000] {logging_mixin.py:190} INFO - [2024-10-19T00:22:47.814+0000] {dag.py:3239} INFO - Sync 1 DAGs
[2024-10-19T00:22:47.834+0000] {logging_mixin.py:190} INFO - [2024-10-19T00:22:47.834+0000] {dag.py:4180} INFO - Setting next_dagrun for example_bash_operator to 2024-10-18 00:00:00+00:00, run_after=2024-10-19 00:00:00+00:00
[2024-10-19T00:22:47.853+0000] {processor.py:208} INFO - Processing /home/airflow/.local/lib/python3.12/site-packages/airflow/example_dags/example_bash_operator.py took 0.080 seconds
[2024-10-19T00:23:18.038+0000] {processor.py:186} INFO - Started process (PID=2324) to work on /home/airflow/.local/lib/python3.12/site-packages/airflow/example_dags/example_bash_operator.py
[2024-10-19T00:23:18.039+0000] {processor.py:914} INFO - Processing file /home/airflow/.local/lib/python3.12/site-packages/airflow/example_dags/example_bash_operator.py for tasks to queue
[2024-10-19T00:23:18.041+0000] {logging_mixin.py:190} INFO - [2024-10-19T00:23:18.041+0000] {dagbag.py:588} INFO - Filling up the DagBag from /home/airflow/.local/lib/python3.12/site-packages/airflow/example_dags/example_bash_operator.py
[2024-10-19T00:23:18.053+0000] {processor.py:925} INFO - DAG(s) 'example_bash_operator' retrieved from /home/airflow/.local/lib/python3.12/site-packages/airflow/example_dags/example_bash_operator.py
[2024-10-19T00:23:18.076+0000] {logging_mixin.py:190} INFO - [2024-10-19T00:23:18.076+0000] {dag.py:3239} INFO - Sync 1 DAGs
[2024-10-19T00:23:18.096+0000] {logging_mixin.py:190} INFO - [2024-10-19T00:23:18.096+0000] {dag.py:4180} INFO - Setting next_dagrun for example_bash_operator to 2024-10-18 00:00:00+00:00, run_after=2024-10-19 00:00:00+00:00
[2024-10-19T00:23:18.112+0000] {processor.py:208} INFO - Processing /home/airflow/.local/lib/python3.12/site-packages/airflow/example_dags/example_bash_operator.py took 0.080 seconds
[2024-10-19T00:23:48.658+0000] {processor.py:186} INFO - Started process (PID=2386) to work on /home/airflow/.local/lib/python3.12/site-packages/airflow/example_dags/example_bash_operator.py
[2024-10-19T00:23:48.660+0000] {processor.py:914} INFO - Processing file /home/airflow/.local/lib/python3.12/site-packages/airflow/example_dags/example_bash_operator.py for tasks to queue
[2024-10-19T00:23:48.662+0000] {logging_mixin.py:190} INFO - [2024-10-19T00:23:48.661+0000] {dagbag.py:588} INFO - Filling up the DagBag from /home/airflow/.local/lib/python3.12/site-packages/airflow/example_dags/example_bash_operator.py
[2024-10-19T00:23:48.672+0000] {processor.py:925} INFO - DAG(s) 'example_bash_operator' retrieved from /home/airflow/.local/lib/python3.12/site-packages/airflow/example_dags/example_bash_operator.py
[2024-10-19T00:23:48.695+0000] {logging_mixin.py:190} INFO - [2024-10-19T00:23:48.695+0000] {dag.py:3239} INFO - Sync 1 DAGs
[2024-10-19T00:23:48.714+0000] {logging_mixin.py:190} INFO - [2024-10-19T00:23:48.714+0000] {dag.py:4180} INFO - Setting next_dagrun for example_bash_operator to 2024-10-18 00:00:00+00:00, run_after=2024-10-19 00:00:00+00:00
[2024-10-19T00:23:48.733+0000] {processor.py:208} INFO - Processing /home/airflow/.local/lib/python3.12/site-packages/airflow/example_dags/example_bash_operator.py took 0.079 seconds
[2024-10-19T00:24:19.296+0000] {processor.py:186} INFO - Started process (PID=2448) to work on /home/airflow/.local/lib/python3.12/site-packages/airflow/example_dags/example_bash_operator.py
[2024-10-19T00:24:19.297+0000] {processor.py:914} INFO - Processing file /home/airflow/.local/lib/python3.12/site-packages/airflow/example_dags/example_bash_operator.py for tasks to queue
[2024-10-19T00:24:19.299+0000] {logging_mixin.py:190} INFO - [2024-10-19T00:24:19.299+0000] {dagbag.py:588} INFO - Filling up the DagBag from /home/airflow/.local/lib/python3.12/site-packages/airflow/example_dags/example_bash_operator.py
[2024-10-19T00:24:19.310+0000] {processor.py:925} INFO - DAG(s) 'example_bash_operator' retrieved from /home/airflow/.local/lib/python3.12/site-packages/airflow/example_dags/example_bash_operator.py
[2024-10-19T00:24:19.331+0000] {logging_mixin.py:190} INFO - [2024-10-19T00:24:19.331+0000] {dag.py:3239} INFO - Sync 1 DAGs
[2024-10-19T00:24:19.380+0000] {logging_mixin.py:190} INFO - [2024-10-19T00:24:19.380+0000] {dag.py:4180} INFO - Setting next_dagrun for example_bash_operator to 2024-10-18 00:00:00+00:00, run_after=2024-10-19 00:00:00+00:00
[2024-10-19T00:24:19.402+0000] {processor.py:208} INFO - Processing /home/airflow/.local/lib/python3.12/site-packages/airflow/example_dags/example_bash_operator.py took 0.110 seconds
[2024-10-19T00:24:49.776+0000] {processor.py:186} INFO - Started process (PID=2510) to work on /home/airflow/.local/lib/python3.12/site-packages/airflow/example_dags/example_bash_operator.py
[2024-10-19T00:24:49.777+0000] {processor.py:914} INFO - Processing file /home/airflow/.local/lib/python3.12/site-packages/airflow/example_dags/example_bash_operator.py for tasks to queue
[2024-10-19T00:24:49.779+0000] {logging_mixin.py:190} INFO - [2024-10-19T00:24:49.779+0000] {dagbag.py:588} INFO - Filling up the DagBag from /home/airflow/.local/lib/python3.12/site-packages/airflow/example_dags/example_bash_operator.py
[2024-10-19T00:24:49.794+0000] {processor.py:925} INFO - DAG(s) 'example_bash_operator' retrieved from /home/airflow/.local/lib/python3.12/site-packages/airflow/example_dags/example_bash_operator.py
[2024-10-19T00:24:49.821+0000] {logging_mixin.py:190} INFO - [2024-10-19T00:24:49.821+0000] {dag.py:3239} INFO - Sync 1 DAGs
[2024-10-19T00:24:49.844+0000] {logging_mixin.py:190} INFO - [2024-10-19T00:24:49.844+0000] {dag.py:4180} INFO - Setting next_dagrun for example_bash_operator to 2024-10-18 00:00:00+00:00, run_after=2024-10-19 00:00:00+00:00
[2024-10-19T00:24:49.867+0000] {processor.py:208} INFO - Processing /home/airflow/.local/lib/python3.12/site-packages/airflow/example_dags/example_bash_operator.py took 0.095 seconds
[2024-10-19T00:25:20.710+0000] {processor.py:186} INFO - Started process (PID=2571) to work on /home/airflow/.local/lib/python3.12/site-packages/airflow/example_dags/example_bash_operator.py
[2024-10-19T00:25:20.711+0000] {processor.py:914} INFO - Processing file /home/airflow/.local/lib/python3.12/site-packages/airflow/example_dags/example_bash_operator.py for tasks to queue
[2024-10-19T00:25:20.713+0000] {logging_mixin.py:190} INFO - [2024-10-19T00:25:20.713+0000] {dagbag.py:588} INFO - Filling up the DagBag from /home/airflow/.local/lib/python3.12/site-packages/airflow/example_dags/example_bash_operator.py
[2024-10-19T00:25:20.725+0000] {processor.py:925} INFO - DAG(s) 'example_bash_operator' retrieved from /home/airflow/.local/lib/python3.12/site-packages/airflow/example_dags/example_bash_operator.py
[2024-10-19T00:25:20.749+0000] {logging_mixin.py:190} INFO - [2024-10-19T00:25:20.749+0000] {dag.py:3239} INFO - Sync 1 DAGs
[2024-10-19T00:25:20.773+0000] {logging_mixin.py:190} INFO - [2024-10-19T00:25:20.773+0000] {dag.py:4180} INFO - Setting next_dagrun for example_bash_operator to 2024-10-18 00:00:00+00:00, run_after=2024-10-19 00:00:00+00:00
[2024-10-19T00:25:20.791+0000] {processor.py:208} INFO - Processing /home/airflow/.local/lib/python3.12/site-packages/airflow/example_dags/example_bash_operator.py took 0.086 seconds
[2024-10-19T00:25:50.891+0000] {processor.py:186} INFO - Started process (PID=2633) to work on /home/airflow/.local/lib/python3.12/site-packages/airflow/example_dags/example_bash_operator.py
[2024-10-19T00:25:50.892+0000] {processor.py:914} INFO - Processing file /home/airflow/.local/lib/python3.12/site-packages/airflow/example_dags/example_bash_operator.py for tasks to queue
[2024-10-19T00:25:50.894+0000] {logging_mixin.py:190} INFO - [2024-10-19T00:25:50.893+0000] {dagbag.py:588} INFO - Filling up the DagBag from /home/airflow/.local/lib/python3.12/site-packages/airflow/example_dags/example_bash_operator.py
[2024-10-19T00:25:50.904+0000] {processor.py:925} INFO - DAG(s) 'example_bash_operator' retrieved from /home/airflow/.local/lib/python3.12/site-packages/airflow/example_dags/example_bash_operator.py
[2024-10-19T00:25:50.925+0000] {logging_mixin.py:190} INFO - [2024-10-19T00:25:50.925+0000] {dag.py:3239} INFO - Sync 1 DAGs
[2024-10-19T00:25:50.943+0000] {logging_mixin.py:190} INFO - [2024-10-19T00:25:50.943+0000] {dag.py:4180} INFO - Setting next_dagrun for example_bash_operator to 2024-10-18 00:00:00+00:00, run_after=2024-10-19 00:00:00+00:00
[2024-10-19T00:25:50.962+0000] {processor.py:208} INFO - Processing /home/airflow/.local/lib/python3.12/site-packages/airflow/example_dags/example_bash_operator.py took 0.076 seconds
[2024-10-19T00:26:22.050+0000] {processor.py:186} INFO - Started process (PID=2695) to work on /home/airflow/.local/lib/python3.12/site-packages/airflow/example_dags/example_bash_operator.py
[2024-10-19T00:26:22.051+0000] {processor.py:914} INFO - Processing file /home/airflow/.local/lib/python3.12/site-packages/airflow/example_dags/example_bash_operator.py for tasks to queue
[2024-10-19T00:26:22.053+0000] {logging_mixin.py:190} INFO - [2024-10-19T00:26:22.053+0000] {dagbag.py:588} INFO - Filling up the DagBag from /home/airflow/.local/lib/python3.12/site-packages/airflow/example_dags/example_bash_operator.py
[2024-10-19T00:26:22.063+0000] {processor.py:925} INFO - DAG(s) 'example_bash_operator' retrieved from /home/airflow/.local/lib/python3.12/site-packages/airflow/example_dags/example_bash_operator.py
[2024-10-19T00:26:22.107+0000] {logging_mixin.py:190} INFO - [2024-10-19T00:26:22.107+0000] {dag.py:3239} INFO - Sync 1 DAGs
[2024-10-19T00:26:22.147+0000] {logging_mixin.py:190} INFO - [2024-10-19T00:26:22.147+0000] {dag.py:4180} INFO - Setting next_dagrun for example_bash_operator to 2024-10-18 00:00:00+00:00, run_after=2024-10-19 00:00:00+00:00
[2024-10-19T00:26:22.183+0000] {processor.py:208} INFO - Processing /home/airflow/.local/lib/python3.12/site-packages/airflow/example_dags/example_bash_operator.py took 0.137 seconds
[2024-10-19T00:26:52.792+0000] {processor.py:186} INFO - Started process (PID=2762) to work on /home/airflow/.local/lib/python3.12/site-packages/airflow/example_dags/example_bash_operator.py
[2024-10-19T00:26:52.794+0000] {processor.py:914} INFO - Processing file /home/airflow/.local/lib/python3.12/site-packages/airflow/example_dags/example_bash_operator.py for tasks to queue
[2024-10-19T00:26:52.797+0000] {logging_mixin.py:190} INFO - [2024-10-19T00:26:52.796+0000] {dagbag.py:588} INFO - Filling up the DagBag from /home/airflow/.local/lib/python3.12/site-packages/airflow/example_dags/example_bash_operator.py
[2024-10-19T00:26:52.813+0000] {processor.py:925} INFO - DAG(s) 'example_bash_operator' retrieved from /home/airflow/.local/lib/python3.12/site-packages/airflow/example_dags/example_bash_operator.py
[2024-10-19T00:26:52.853+0000] {logging_mixin.py:190} INFO - [2024-10-19T00:26:52.852+0000] {dag.py:3239} INFO - Sync 1 DAGs
[2024-10-19T00:26:52.884+0000] {logging_mixin.py:190} INFO - [2024-10-19T00:26:52.883+0000] {dag.py:4180} INFO - Setting next_dagrun for example_bash_operator to 2024-10-18 00:00:00+00:00, run_after=2024-10-19 00:00:00+00:00
[2024-10-19T00:26:52.910+0000] {processor.py:208} INFO - Processing /home/airflow/.local/lib/python3.12/site-packages/airflow/example_dags/example_bash_operator.py took 0.125 seconds
[2024-10-19T00:27:23.585+0000] {processor.py:186} INFO - Started process (PID=2823) to work on /home/airflow/.local/lib/python3.12/site-packages/airflow/example_dags/example_bash_operator.py
[2024-10-19T00:27:23.586+0000] {processor.py:914} INFO - Processing file /home/airflow/.local/lib/python3.12/site-packages/airflow/example_dags/example_bash_operator.py for tasks to queue
[2024-10-19T00:27:23.589+0000] {logging_mixin.py:190} INFO - [2024-10-19T00:27:23.588+0000] {dagbag.py:588} INFO - Filling up the DagBag from /home/airflow/.local/lib/python3.12/site-packages/airflow/example_dags/example_bash_operator.py
[2024-10-19T00:27:23.602+0000] {processor.py:925} INFO - DAG(s) 'example_bash_operator' retrieved from /home/airflow/.local/lib/python3.12/site-packages/airflow/example_dags/example_bash_operator.py
[2024-10-19T00:27:23.628+0000] {logging_mixin.py:190} INFO - [2024-10-19T00:27:23.628+0000] {dag.py:3239} INFO - Sync 1 DAGs
[2024-10-19T00:27:23.652+0000] {logging_mixin.py:190} INFO - [2024-10-19T00:27:23.652+0000] {dag.py:4180} INFO - Setting next_dagrun for example_bash_operator to 2024-10-18 00:00:00+00:00, run_after=2024-10-19 00:00:00+00:00
[2024-10-19T00:27:23.671+0000] {processor.py:208} INFO - Processing /home/airflow/.local/lib/python3.12/site-packages/airflow/example_dags/example_bash_operator.py took 0.092 seconds
[2024-10-19T00:27:54.730+0000] {processor.py:186} INFO - Started process (PID=2885) to work on /home/airflow/.local/lib/python3.12/site-packages/airflow/example_dags/example_bash_operator.py
[2024-10-19T00:27:54.731+0000] {processor.py:914} INFO - Processing file /home/airflow/.local/lib/python3.12/site-packages/airflow/example_dags/example_bash_operator.py for tasks to queue
[2024-10-19T00:27:54.733+0000] {logging_mixin.py:190} INFO - [2024-10-19T00:27:54.733+0000] {dagbag.py:588} INFO - Filling up the DagBag from /home/airflow/.local/lib/python3.12/site-packages/airflow/example_dags/example_bash_operator.py
[2024-10-19T00:27:54.744+0000] {processor.py:925} INFO - DAG(s) 'example_bash_operator' retrieved from /home/airflow/.local/lib/python3.12/site-packages/airflow/example_dags/example_bash_operator.py
[2024-10-19T00:27:54.901+0000] {logging_mixin.py:190} INFO - [2024-10-19T00:27:54.901+0000] {dag.py:3239} INFO - Sync 1 DAGs
[2024-10-19T00:27:54.920+0000] {logging_mixin.py:190} INFO - [2024-10-19T00:27:54.920+0000] {dag.py:4180} INFO - Setting next_dagrun for example_bash_operator to 2024-10-18 00:00:00+00:00, run_after=2024-10-19 00:00:00+00:00
[2024-10-19T00:27:54.936+0000] {processor.py:208} INFO - Processing /home/airflow/.local/lib/python3.12/site-packages/airflow/example_dags/example_bash_operator.py took 0.212 seconds
[2024-10-19T00:28:25.400+0000] {processor.py:186} INFO - Started process (PID=2947) to work on /home/airflow/.local/lib/python3.12/site-packages/airflow/example_dags/example_bash_operator.py
[2024-10-19T00:28:25.401+0000] {processor.py:914} INFO - Processing file /home/airflow/.local/lib/python3.12/site-packages/airflow/example_dags/example_bash_operator.py for tasks to queue
[2024-10-19T00:28:25.403+0000] {logging_mixin.py:190} INFO - [2024-10-19T00:28:25.403+0000] {dagbag.py:588} INFO - Filling up the DagBag from /home/airflow/.local/lib/python3.12/site-packages/airflow/example_dags/example_bash_operator.py
[2024-10-19T00:28:25.413+0000] {processor.py:925} INFO - DAG(s) 'example_bash_operator' retrieved from /home/airflow/.local/lib/python3.12/site-packages/airflow/example_dags/example_bash_operator.py
[2024-10-19T00:28:25.436+0000] {logging_mixin.py:190} INFO - [2024-10-19T00:28:25.435+0000] {dag.py:3239} INFO - Sync 1 DAGs
[2024-10-19T00:28:25.455+0000] {logging_mixin.py:190} INFO - [2024-10-19T00:28:25.455+0000] {dag.py:4180} INFO - Setting next_dagrun for example_bash_operator to 2024-10-18 00:00:00+00:00, run_after=2024-10-19 00:00:00+00:00
[2024-10-19T00:28:25.473+0000] {processor.py:208} INFO - Processing /home/airflow/.local/lib/python3.12/site-packages/airflow/example_dags/example_bash_operator.py took 0.078 seconds
[2024-10-19T00:28:56.232+0000] {processor.py:186} INFO - Started process (PID=3009) to work on /home/airflow/.local/lib/python3.12/site-packages/airflow/example_dags/example_bash_operator.py
[2024-10-19T00:28:56.233+0000] {processor.py:914} INFO - Processing file /home/airflow/.local/lib/python3.12/site-packages/airflow/example_dags/example_bash_operator.py for tasks to queue
[2024-10-19T00:28:56.235+0000] {logging_mixin.py:190} INFO - [2024-10-19T00:28:56.235+0000] {dagbag.py:588} INFO - Filling up the DagBag from /home/airflow/.local/lib/python3.12/site-packages/airflow/example_dags/example_bash_operator.py
[2024-10-19T00:28:56.247+0000] {processor.py:925} INFO - DAG(s) 'example_bash_operator' retrieved from /home/airflow/.local/lib/python3.12/site-packages/airflow/example_dags/example_bash_operator.py
[2024-10-19T00:28:56.270+0000] {logging_mixin.py:190} INFO - [2024-10-19T00:28:56.269+0000] {dag.py:3239} INFO - Sync 1 DAGs
[2024-10-19T00:28:56.291+0000] {logging_mixin.py:190} INFO - [2024-10-19T00:28:56.291+0000] {dag.py:4180} INFO - Setting next_dagrun for example_bash_operator to 2024-10-18 00:00:00+00:00, run_after=2024-10-19 00:00:00+00:00
[2024-10-19T00:28:56.311+0000] {processor.py:208} INFO - Processing /home/airflow/.local/lib/python3.12/site-packages/airflow/example_dags/example_bash_operator.py took 0.084 seconds
[2024-10-19T00:29:26.993+0000] {processor.py:186} INFO - Started process (PID=3072) to work on /home/airflow/.local/lib/python3.12/site-packages/airflow/example_dags/example_bash_operator.py
[2024-10-19T00:29:26.995+0000] {processor.py:914} INFO - Processing file /home/airflow/.local/lib/python3.12/site-packages/airflow/example_dags/example_bash_operator.py for tasks to queue
[2024-10-19T00:29:26.997+0000] {logging_mixin.py:190} INFO - [2024-10-19T00:29:26.996+0000] {dagbag.py:588} INFO - Filling up the DagBag from /home/airflow/.local/lib/python3.12/site-packages/airflow/example_dags/example_bash_operator.py
[2024-10-19T00:29:27.007+0000] {processor.py:925} INFO - DAG(s) 'example_bash_operator' retrieved from /home/airflow/.local/lib/python3.12/site-packages/airflow/example_dags/example_bash_operator.py
[2024-10-19T00:29:27.030+0000] {logging_mixin.py:190} INFO - [2024-10-19T00:29:27.030+0000] {dag.py:3239} INFO - Sync 1 DAGs
[2024-10-19T00:29:27.051+0000] {logging_mixin.py:190} INFO - [2024-10-19T00:29:27.050+0000] {dag.py:4180} INFO - Setting next_dagrun for example_bash_operator to 2024-10-18 00:00:00+00:00, run_after=2024-10-19 00:00:00+00:00
[2024-10-19T00:29:27.066+0000] {processor.py:208} INFO - Processing /home/airflow/.local/lib/python3.12/site-packages/airflow/example_dags/example_bash_operator.py took 0.077 seconds
[2024-10-19T00:29:57.435+0000] {processor.py:186} INFO - Started process (PID=3134) to work on /home/airflow/.local/lib/python3.12/site-packages/airflow/example_dags/example_bash_operator.py
[2024-10-19T00:29:57.436+0000] {processor.py:914} INFO - Processing file /home/airflow/.local/lib/python3.12/site-packages/airflow/example_dags/example_bash_operator.py for tasks to queue
[2024-10-19T00:29:57.438+0000] {logging_mixin.py:190} INFO - [2024-10-19T00:29:57.438+0000] {dagbag.py:588} INFO - Filling up the DagBag from /home/airflow/.local/lib/python3.12/site-packages/airflow/example_dags/example_bash_operator.py
[2024-10-19T00:29:57.448+0000] {processor.py:925} INFO - DAG(s) 'example_bash_operator' retrieved from /home/airflow/.local/lib/python3.12/site-packages/airflow/example_dags/example_bash_operator.py
[2024-10-19T00:29:57.468+0000] {logging_mixin.py:190} INFO - [2024-10-19T00:29:57.468+0000] {dag.py:3239} INFO - Sync 1 DAGs
[2024-10-19T00:29:57.486+0000] {logging_mixin.py:190} INFO - [2024-10-19T00:29:57.486+0000] {dag.py:4180} INFO - Setting next_dagrun for example_bash_operator to 2024-10-18 00:00:00+00:00, run_after=2024-10-19 00:00:00+00:00
[2024-10-19T00:29:57.503+0000] {processor.py:208} INFO - Processing /home/airflow/.local/lib/python3.12/site-packages/airflow/example_dags/example_bash_operator.py took 0.073 seconds
[2024-10-19T00:30:27.715+0000] {processor.py:186} INFO - Started process (PID=3196) to work on /home/airflow/.local/lib/python3.12/site-packages/airflow/example_dags/example_bash_operator.py
[2024-10-19T00:30:27.716+0000] {processor.py:914} INFO - Processing file /home/airflow/.local/lib/python3.12/site-packages/airflow/example_dags/example_bash_operator.py for tasks to queue
[2024-10-19T00:30:27.719+0000] {logging_mixin.py:190} INFO - [2024-10-19T00:30:27.719+0000] {dagbag.py:588} INFO - Filling up the DagBag from /home/airflow/.local/lib/python3.12/site-packages/airflow/example_dags/example_bash_operator.py
[2024-10-19T00:30:27.729+0000] {processor.py:925} INFO - DAG(s) 'example_bash_operator' retrieved from /home/airflow/.local/lib/python3.12/site-packages/airflow/example_dags/example_bash_operator.py
[2024-10-19T00:30:27.749+0000] {logging_mixin.py:190} INFO - [2024-10-19T00:30:27.749+0000] {dag.py:3239} INFO - Sync 1 DAGs
[2024-10-19T00:30:27.768+0000] {logging_mixin.py:190} INFO - [2024-10-19T00:30:27.767+0000] {dag.py:4180} INFO - Setting next_dagrun for example_bash_operator to 2024-10-18 00:00:00+00:00, run_after=2024-10-19 00:00:00+00:00
[2024-10-19T00:30:27.790+0000] {processor.py:208} INFO - Processing /home/airflow/.local/lib/python3.12/site-packages/airflow/example_dags/example_bash_operator.py took 0.079 seconds
[2024-10-19T00:30:58.165+0000] {processor.py:186} INFO - Started process (PID=3258) to work on /home/airflow/.local/lib/python3.12/site-packages/airflow/example_dags/example_bash_operator.py
[2024-10-19T00:30:58.166+0000] {processor.py:914} INFO - Processing file /home/airflow/.local/lib/python3.12/site-packages/airflow/example_dags/example_bash_operator.py for tasks to queue
[2024-10-19T00:30:58.168+0000] {logging_mixin.py:190} INFO - [2024-10-19T00:30:58.168+0000] {dagbag.py:588} INFO - Filling up the DagBag from /home/airflow/.local/lib/python3.12/site-packages/airflow/example_dags/example_bash_operator.py
[2024-10-19T00:30:58.178+0000] {processor.py:925} INFO - DAG(s) 'example_bash_operator' retrieved from /home/airflow/.local/lib/python3.12/site-packages/airflow/example_dags/example_bash_operator.py
[2024-10-19T00:30:58.201+0000] {logging_mixin.py:190} INFO - [2024-10-19T00:30:58.201+0000] {dag.py:3239} INFO - Sync 1 DAGs
[2024-10-19T00:30:58.223+0000] {logging_mixin.py:190} INFO - [2024-10-19T00:30:58.222+0000] {dag.py:4180} INFO - Setting next_dagrun for example_bash_operator to 2024-10-18 00:00:00+00:00, run_after=2024-10-19 00:00:00+00:00
[2024-10-19T00:30:58.241+0000] {processor.py:208} INFO - Processing /home/airflow/.local/lib/python3.12/site-packages/airflow/example_dags/example_bash_operator.py took 0.080 seconds
[2024-10-19T00:31:28.571+0000] {processor.py:186} INFO - Started process (PID=3320) to work on /home/airflow/.local/lib/python3.12/site-packages/airflow/example_dags/example_bash_operator.py
[2024-10-19T00:31:28.572+0000] {processor.py:914} INFO - Processing file /home/airflow/.local/lib/python3.12/site-packages/airflow/example_dags/example_bash_operator.py for tasks to queue
[2024-10-19T00:31:28.574+0000] {logging_mixin.py:190} INFO - [2024-10-19T00:31:28.573+0000] {dagbag.py:588} INFO - Filling up the DagBag from /home/airflow/.local/lib/python3.12/site-packages/airflow/example_dags/example_bash_operator.py
[2024-10-19T00:31:28.584+0000] {processor.py:925} INFO - DAG(s) 'example_bash_operator' retrieved from /home/airflow/.local/lib/python3.12/site-packages/airflow/example_dags/example_bash_operator.py
[2024-10-19T00:31:28.605+0000] {logging_mixin.py:190} INFO - [2024-10-19T00:31:28.605+0000] {dag.py:3239} INFO - Sync 1 DAGs
[2024-10-19T00:31:28.624+0000] {logging_mixin.py:190} INFO - [2024-10-19T00:31:28.624+0000] {dag.py:4180} INFO - Setting next_dagrun for example_bash_operator to 2024-10-18 00:00:00+00:00, run_after=2024-10-19 00:00:00+00:00
[2024-10-19T00:31:28.643+0000] {processor.py:208} INFO - Processing /home/airflow/.local/lib/python3.12/site-packages/airflow/example_dags/example_bash_operator.py took 0.077 seconds
[2024-10-19T00:31:59.063+0000] {processor.py:186} INFO - Started process (PID=3382) to work on /home/airflow/.local/lib/python3.12/site-packages/airflow/example_dags/example_bash_operator.py
[2024-10-19T00:31:59.064+0000] {processor.py:914} INFO - Processing file /home/airflow/.local/lib/python3.12/site-packages/airflow/example_dags/example_bash_operator.py for tasks to queue
[2024-10-19T00:31:59.066+0000] {logging_mixin.py:190} INFO - [2024-10-19T00:31:59.066+0000] {dagbag.py:588} INFO - Filling up the DagBag from /home/airflow/.local/lib/python3.12/site-packages/airflow/example_dags/example_bash_operator.py
[2024-10-19T00:31:59.077+0000] {processor.py:925} INFO - DAG(s) 'example_bash_operator' retrieved from /home/airflow/.local/lib/python3.12/site-packages/airflow/example_dags/example_bash_operator.py
[2024-10-19T00:31:59.101+0000] {logging_mixin.py:190} INFO - [2024-10-19T00:31:59.101+0000] {dag.py:3239} INFO - Sync 1 DAGs
[2024-10-19T00:31:59.120+0000] {logging_mixin.py:190} INFO - [2024-10-19T00:31:59.120+0000] {dag.py:4180} INFO - Setting next_dagrun for example_bash_operator to 2024-10-18 00:00:00+00:00, run_after=2024-10-19 00:00:00+00:00
[2024-10-19T00:31:59.136+0000] {processor.py:208} INFO - Processing /home/airflow/.local/lib/python3.12/site-packages/airflow/example_dags/example_bash_operator.py took 0.078 seconds
[2024-10-19T00:32:29.396+0000] {processor.py:186} INFO - Started process (PID=3444) to work on /home/airflow/.local/lib/python3.12/site-packages/airflow/example_dags/example_bash_operator.py
[2024-10-19T00:32:29.397+0000] {processor.py:914} INFO - Processing file /home/airflow/.local/lib/python3.12/site-packages/airflow/example_dags/example_bash_operator.py for tasks to queue
[2024-10-19T00:32:29.399+0000] {logging_mixin.py:190} INFO - [2024-10-19T00:32:29.399+0000] {dagbag.py:588} INFO - Filling up the DagBag from /home/airflow/.local/lib/python3.12/site-packages/airflow/example_dags/example_bash_operator.py
[2024-10-19T00:32:29.410+0000] {processor.py:925} INFO - DAG(s) 'example_bash_operator' retrieved from /home/airflow/.local/lib/python3.12/site-packages/airflow/example_dags/example_bash_operator.py
[2024-10-19T00:32:29.445+0000] {logging_mixin.py:190} INFO - [2024-10-19T00:32:29.445+0000] {dag.py:3239} INFO - Sync 1 DAGs
[2024-10-19T00:32:29.479+0000] {logging_mixin.py:190} INFO - [2024-10-19T00:32:29.479+0000] {dag.py:4180} INFO - Setting next_dagrun for example_bash_operator to 2024-10-18 00:00:00+00:00, run_after=2024-10-19 00:00:00+00:00
[2024-10-19T00:32:29.509+0000] {processor.py:208} INFO - Processing /home/airflow/.local/lib/python3.12/site-packages/airflow/example_dags/example_bash_operator.py took 0.118 seconds
[2024-10-19T00:32:59.919+0000] {processor.py:186} INFO - Started process (PID=3507) to work on /home/airflow/.local/lib/python3.12/site-packages/airflow/example_dags/example_bash_operator.py
[2024-10-19T00:32:59.921+0000] {processor.py:914} INFO - Processing file /home/airflow/.local/lib/python3.12/site-packages/airflow/example_dags/example_bash_operator.py for tasks to queue
[2024-10-19T00:32:59.923+0000] {logging_mixin.py:190} INFO - [2024-10-19T00:32:59.923+0000] {dagbag.py:588} INFO - Filling up the DagBag from /home/airflow/.local/lib/python3.12/site-packages/airflow/example_dags/example_bash_operator.py
[2024-10-19T00:32:59.933+0000] {processor.py:925} INFO - DAG(s) 'example_bash_operator' retrieved from /home/airflow/.local/lib/python3.12/site-packages/airflow/example_dags/example_bash_operator.py
[2024-10-19T00:32:59.954+0000] {logging_mixin.py:190} INFO - [2024-10-19T00:32:59.954+0000] {dag.py:3239} INFO - Sync 1 DAGs
[2024-10-19T00:32:59.974+0000] {logging_mixin.py:190} INFO - [2024-10-19T00:32:59.973+0000] {dag.py:4180} INFO - Setting next_dagrun for example_bash_operator to 2024-10-18 00:00:00+00:00, run_after=2024-10-19 00:00:00+00:00
[2024-10-19T00:32:59.991+0000] {processor.py:208} INFO - Processing /home/airflow/.local/lib/python3.12/site-packages/airflow/example_dags/example_bash_operator.py took 0.077 seconds
[2024-10-19T00:33:30.331+0000] {processor.py:186} INFO - Started process (PID=3569) to work on /home/airflow/.local/lib/python3.12/site-packages/airflow/example_dags/example_bash_operator.py
[2024-10-19T00:33:30.333+0000] {processor.py:914} INFO - Processing file /home/airflow/.local/lib/python3.12/site-packages/airflow/example_dags/example_bash_operator.py for tasks to queue
[2024-10-19T00:33:30.335+0000] {logging_mixin.py:190} INFO - [2024-10-19T00:33:30.335+0000] {dagbag.py:588} INFO - Filling up the DagBag from /home/airflow/.local/lib/python3.12/site-packages/airflow/example_dags/example_bash_operator.py
[2024-10-19T00:33:30.346+0000] {processor.py:925} INFO - DAG(s) 'example_bash_operator' retrieved from /home/airflow/.local/lib/python3.12/site-packages/airflow/example_dags/example_bash_operator.py
[2024-10-19T00:33:30.368+0000] {logging_mixin.py:190} INFO - [2024-10-19T00:33:30.368+0000] {dag.py:3239} INFO - Sync 1 DAGs
[2024-10-19T00:33:30.389+0000] {logging_mixin.py:190} INFO - [2024-10-19T00:33:30.389+0000] {dag.py:4180} INFO - Setting next_dagrun for example_bash_operator to 2024-10-18 00:00:00+00:00, run_after=2024-10-19 00:00:00+00:00
[2024-10-19T00:33:30.407+0000] {processor.py:208} INFO - Processing /home/airflow/.local/lib/python3.12/site-packages/airflow/example_dags/example_bash_operator.py took 0.081 seconds
[2024-10-19T00:34:00.812+0000] {processor.py:186} INFO - Started process (PID=3632) to work on /home/airflow/.local/lib/python3.12/site-packages/airflow/example_dags/example_bash_operator.py
[2024-10-19T00:34:00.813+0000] {processor.py:914} INFO - Processing file /home/airflow/.local/lib/python3.12/site-packages/airflow/example_dags/example_bash_operator.py for tasks to queue
[2024-10-19T00:34:00.815+0000] {logging_mixin.py:190} INFO - [2024-10-19T00:34:00.814+0000] {dagbag.py:588} INFO - Filling up the DagBag from /home/airflow/.local/lib/python3.12/site-packages/airflow/example_dags/example_bash_operator.py
[2024-10-19T00:34:00.825+0000] {processor.py:925} INFO - DAG(s) 'example_bash_operator' retrieved from /home/airflow/.local/lib/python3.12/site-packages/airflow/example_dags/example_bash_operator.py
[2024-10-19T00:34:00.850+0000] {logging_mixin.py:190} INFO - [2024-10-19T00:34:00.850+0000] {dag.py:3239} INFO - Sync 1 DAGs
[2024-10-19T00:34:00.868+0000] {logging_mixin.py:190} INFO - [2024-10-19T00:34:00.868+0000] {dag.py:4180} INFO - Setting next_dagrun for example_bash_operator to 2024-10-18 00:00:00+00:00, run_after=2024-10-19 00:00:00+00:00
[2024-10-19T00:34:00.888+0000] {processor.py:208} INFO - Processing /home/airflow/.local/lib/python3.12/site-packages/airflow/example_dags/example_bash_operator.py took 0.081 seconds
[2024-10-19T00:34:31.195+0000] {processor.py:186} INFO - Started process (PID=3694) to work on /home/airflow/.local/lib/python3.12/site-packages/airflow/example_dags/example_bash_operator.py
[2024-10-19T00:34:31.196+0000] {processor.py:914} INFO - Processing file /home/airflow/.local/lib/python3.12/site-packages/airflow/example_dags/example_bash_operator.py for tasks to queue
[2024-10-19T00:34:31.198+0000] {logging_mixin.py:190} INFO - [2024-10-19T00:34:31.198+0000] {dagbag.py:588} INFO - Filling up the DagBag from /home/airflow/.local/lib/python3.12/site-packages/airflow/example_dags/example_bash_operator.py
[2024-10-19T00:34:31.209+0000] {processor.py:925} INFO - DAG(s) 'example_bash_operator' retrieved from /home/airflow/.local/lib/python3.12/site-packages/airflow/example_dags/example_bash_operator.py
[2024-10-19T00:34:31.230+0000] {logging_mixin.py:190} INFO - [2024-10-19T00:34:31.230+0000] {dag.py:3239} INFO - Sync 1 DAGs
[2024-10-19T00:34:31.248+0000] {logging_mixin.py:190} INFO - [2024-10-19T00:34:31.248+0000] {dag.py:4180} INFO - Setting next_dagrun for example_bash_operator to 2024-10-18 00:00:00+00:00, run_after=2024-10-19 00:00:00+00:00
[2024-10-19T00:34:31.262+0000] {processor.py:208} INFO - Processing /home/airflow/.local/lib/python3.12/site-packages/airflow/example_dags/example_bash_operator.py took 0.072 seconds
[2024-10-19T00:35:01.494+0000] {processor.py:186} INFO - Started process (PID=3754) to work on /home/airflow/.local/lib/python3.12/site-packages/airflow/example_dags/example_bash_operator.py
[2024-10-19T00:35:01.494+0000] {processor.py:914} INFO - Processing file /home/airflow/.local/lib/python3.12/site-packages/airflow/example_dags/example_bash_operator.py for tasks to queue
[2024-10-19T00:35:01.498+0000] {logging_mixin.py:190} INFO - [2024-10-19T00:35:01.497+0000] {dagbag.py:588} INFO - Filling up the DagBag from /home/airflow/.local/lib/python3.12/site-packages/airflow/example_dags/example_bash_operator.py
[2024-10-19T00:35:01.508+0000] {processor.py:925} INFO - DAG(s) 'example_bash_operator' retrieved from /home/airflow/.local/lib/python3.12/site-packages/airflow/example_dags/example_bash_operator.py
[2024-10-19T00:35:01.529+0000] {logging_mixin.py:190} INFO - [2024-10-19T00:35:01.529+0000] {dag.py:3239} INFO - Sync 1 DAGs
[2024-10-19T00:35:01.548+0000] {logging_mixin.py:190} INFO - [2024-10-19T00:35:01.548+0000] {dag.py:4180} INFO - Setting next_dagrun for example_bash_operator to 2024-10-18 00:00:00+00:00, run_after=2024-10-19 00:00:00+00:00
[2024-10-19T00:35:01.569+0000] {processor.py:208} INFO - Processing /home/airflow/.local/lib/python3.12/site-packages/airflow/example_dags/example_bash_operator.py took 0.081 seconds
[2024-10-19T00:35:31.918+0000] {processor.py:186} INFO - Started process (PID=3816) to work on /home/airflow/.local/lib/python3.12/site-packages/airflow/example_dags/example_bash_operator.py
[2024-10-19T00:35:31.919+0000] {processor.py:914} INFO - Processing file /home/airflow/.local/lib/python3.12/site-packages/airflow/example_dags/example_bash_operator.py for tasks to queue
[2024-10-19T00:35:31.921+0000] {logging_mixin.py:190} INFO - [2024-10-19T00:35:31.921+0000] {dagbag.py:588} INFO - Filling up the DagBag from /home/airflow/.local/lib/python3.12/site-packages/airflow/example_dags/example_bash_operator.py
[2024-10-19T00:35:31.932+0000] {processor.py:925} INFO - DAG(s) 'example_bash_operator' retrieved from /home/airflow/.local/lib/python3.12/site-packages/airflow/example_dags/example_bash_operator.py
[2024-10-19T00:35:31.952+0000] {logging_mixin.py:190} INFO - [2024-10-19T00:35:31.952+0000] {dag.py:3239} INFO - Sync 1 DAGs
[2024-10-19T00:35:31.971+0000] {logging_mixin.py:190} INFO - [2024-10-19T00:35:31.971+0000] {dag.py:4180} INFO - Setting next_dagrun for example_bash_operator to 2024-10-18 00:00:00+00:00, run_after=2024-10-19 00:00:00+00:00
[2024-10-19T00:35:31.989+0000] {processor.py:208} INFO - Processing /home/airflow/.local/lib/python3.12/site-packages/airflow/example_dags/example_bash_operator.py took 0.076 seconds
[2024-10-19T00:36:02.547+0000] {processor.py:186} INFO - Started process (PID=3878) to work on /home/airflow/.local/lib/python3.12/site-packages/airflow/example_dags/example_bash_operator.py
[2024-10-19T00:36:02.548+0000] {processor.py:914} INFO - Processing file /home/airflow/.local/lib/python3.12/site-packages/airflow/example_dags/example_bash_operator.py for tasks to queue
[2024-10-19T00:36:02.551+0000] {logging_mixin.py:190} INFO - [2024-10-19T00:36:02.550+0000] {dagbag.py:588} INFO - Filling up the DagBag from /home/airflow/.local/lib/python3.12/site-packages/airflow/example_dags/example_bash_operator.py
[2024-10-19T00:36:02.564+0000] {processor.py:925} INFO - DAG(s) 'example_bash_operator' retrieved from /home/airflow/.local/lib/python3.12/site-packages/airflow/example_dags/example_bash_operator.py
[2024-10-19T00:36:02.591+0000] {logging_mixin.py:190} INFO - [2024-10-19T00:36:02.590+0000] {dag.py:3239} INFO - Sync 1 DAGs
[2024-10-19T00:36:02.617+0000] {logging_mixin.py:190} INFO - [2024-10-19T00:36:02.616+0000] {dag.py:4180} INFO - Setting next_dagrun for example_bash_operator to 2024-10-18 00:00:00+00:00, run_after=2024-10-19 00:00:00+00:00
[2024-10-19T00:36:02.642+0000] {processor.py:208} INFO - Processing /home/airflow/.local/lib/python3.12/site-packages/airflow/example_dags/example_bash_operator.py took 0.102 seconds
