[2024-10-19T00:04:55.054+0000] {processor.py:186} INFO - Started process (PID=94) to work on /home/airflow/.local/lib/python3.12/site-packages/airflow/example_dags/example_nested_branch_dag.py
[2024-10-19T00:04:55.056+0000] {processor.py:914} INFO - Processing file /home/airflow/.local/lib/python3.12/site-packages/airflow/example_dags/example_nested_branch_dag.py for tasks to queue
[2024-10-19T00:04:55.059+0000] {logging_mixin.py:190} INFO - [2024-10-19T00:04:55.058+0000] {dagbag.py:588} INFO - Filling up the DagBag from /home/airflow/.local/lib/python3.12/site-packages/airflow/example_dags/example_nested_branch_dag.py
[2024-10-19T00:04:55.081+0000] {processor.py:925} INFO - DAG(s) 'example_nested_branch_dag' retrieved from /home/airflow/.local/lib/python3.12/site-packages/airflow/example_dags/example_nested_branch_dag.py
[2024-10-19T00:04:55.232+0000] {logging_mixin.py:190} INFO - [2024-10-19T00:04:55.231+0000] {override.py:1900} INFO - Created Permission View: can delete on DAG:example_nested_branch_dag
[2024-10-19T00:04:55.247+0000] {logging_mixin.py:190} INFO - [2024-10-19T00:04:55.247+0000] {override.py:1900} INFO - Created Permission View: can read on DAG:example_nested_branch_dag
[2024-10-19T00:04:55.259+0000] {logging_mixin.py:190} INFO - [2024-10-19T00:04:55.259+0000] {override.py:1900} INFO - Created Permission View: can edit on DAG:example_nested_branch_dag
[2024-10-19T00:04:55.272+0000] {logging_mixin.py:190} INFO - [2024-10-19T00:04:55.271+0000] {override.py:1900} INFO - Created Permission View: can delete on DAG Run:example_nested_branch_dag
[2024-10-19T00:04:55.281+0000] {logging_mixin.py:190} INFO - [2024-10-19T00:04:55.281+0000] {override.py:1900} INFO - Created Permission View: can read on DAG Run:example_nested_branch_dag
[2024-10-19T00:04:55.292+0000] {logging_mixin.py:190} INFO - [2024-10-19T00:04:55.291+0000] {override.py:1900} INFO - Created Permission View: menu access on DAG Run:example_nested_branch_dag
[2024-10-19T00:04:55.302+0000] {logging_mixin.py:190} INFO - [2024-10-19T00:04:55.302+0000] {override.py:1900} INFO - Created Permission View: can create on DAG Run:example_nested_branch_dag
[2024-10-19T00:04:55.303+0000] {logging_mixin.py:190} INFO - [2024-10-19T00:04:55.303+0000] {dag.py:3239} INFO - Sync 1 DAGs
[2024-10-19T00:04:55.320+0000] {logging_mixin.py:190} INFO - [2024-10-19T00:04:55.320+0000] {dag.py:3262} INFO - Creating ORM DAG for example_nested_branch_dag
[2024-10-19T00:04:55.337+0000] {logging_mixin.py:190} INFO - [2024-10-19T00:04:55.337+0000] {dag.py:4180} INFO - Setting next_dagrun for example_nested_branch_dag to 2024-10-18 00:00:00+00:00, run_after=2024-10-19 00:00:00+00:00
[2024-10-19T00:04:55.361+0000] {processor.py:208} INFO - Processing /home/airflow/.local/lib/python3.12/site-packages/airflow/example_dags/example_nested_branch_dag.py took 0.317 seconds
[2024-10-19T00:05:25.681+0000] {processor.py:186} INFO - Started process (PID=156) to work on /home/airflow/.local/lib/python3.12/site-packages/airflow/example_dags/example_nested_branch_dag.py
[2024-10-19T00:05:25.682+0000] {processor.py:914} INFO - Processing file /home/airflow/.local/lib/python3.12/site-packages/airflow/example_dags/example_nested_branch_dag.py for tasks to queue
[2024-10-19T00:05:25.686+0000] {logging_mixin.py:190} INFO - [2024-10-19T00:05:25.686+0000] {dagbag.py:588} INFO - Filling up the DagBag from /home/airflow/.local/lib/python3.12/site-packages/airflow/example_dags/example_nested_branch_dag.py
[2024-10-19T00:05:25.702+0000] {processor.py:925} INFO - DAG(s) 'example_nested_branch_dag' retrieved from /home/airflow/.local/lib/python3.12/site-packages/airflow/example_dags/example_nested_branch_dag.py
[2024-10-19T00:05:25.731+0000] {logging_mixin.py:190} INFO - [2024-10-19T00:05:25.730+0000] {dag.py:3239} INFO - Sync 1 DAGs
[2024-10-19T00:05:25.764+0000] {logging_mixin.py:190} INFO - [2024-10-19T00:05:25.764+0000] {dag.py:4180} INFO - Setting next_dagrun for example_nested_branch_dag to 2024-10-18 00:00:00+00:00, run_after=2024-10-19 00:00:00+00:00
[2024-10-19T00:05:25.800+0000] {processor.py:208} INFO - Processing /home/airflow/.local/lib/python3.12/site-packages/airflow/example_dags/example_nested_branch_dag.py took 0.127 seconds
[2024-10-19T00:05:56.244+0000] {processor.py:186} INFO - Started process (PID=218) to work on /home/airflow/.local/lib/python3.12/site-packages/airflow/example_dags/example_nested_branch_dag.py
[2024-10-19T00:05:56.245+0000] {processor.py:914} INFO - Processing file /home/airflow/.local/lib/python3.12/site-packages/airflow/example_dags/example_nested_branch_dag.py for tasks to queue
[2024-10-19T00:05:56.248+0000] {logging_mixin.py:190} INFO - [2024-10-19T00:05:56.248+0000] {dagbag.py:588} INFO - Filling up the DagBag from /home/airflow/.local/lib/python3.12/site-packages/airflow/example_dags/example_nested_branch_dag.py
[2024-10-19T00:05:56.260+0000] {processor.py:925} INFO - DAG(s) 'example_nested_branch_dag' retrieved from /home/airflow/.local/lib/python3.12/site-packages/airflow/example_dags/example_nested_branch_dag.py
[2024-10-19T00:05:56.281+0000] {logging_mixin.py:190} INFO - [2024-10-19T00:05:56.281+0000] {dag.py:3239} INFO - Sync 1 DAGs
[2024-10-19T00:05:56.304+0000] {logging_mixin.py:190} INFO - [2024-10-19T00:05:56.304+0000] {dag.py:4180} INFO - Setting next_dagrun for example_nested_branch_dag to 2024-10-18 00:00:00+00:00, run_after=2024-10-19 00:00:00+00:00
[2024-10-19T00:05:56.326+0000] {processor.py:208} INFO - Processing /home/airflow/.local/lib/python3.12/site-packages/airflow/example_dags/example_nested_branch_dag.py took 0.088 seconds
[2024-10-19T00:06:27.273+0000] {processor.py:186} INFO - Started process (PID=279) to work on /home/airflow/.local/lib/python3.12/site-packages/airflow/example_dags/example_nested_branch_dag.py
[2024-10-19T00:06:27.275+0000] {processor.py:914} INFO - Processing file /home/airflow/.local/lib/python3.12/site-packages/airflow/example_dags/example_nested_branch_dag.py for tasks to queue
[2024-10-19T00:06:27.277+0000] {logging_mixin.py:190} INFO - [2024-10-19T00:06:27.277+0000] {dagbag.py:588} INFO - Filling up the DagBag from /home/airflow/.local/lib/python3.12/site-packages/airflow/example_dags/example_nested_branch_dag.py
[2024-10-19T00:06:27.288+0000] {processor.py:925} INFO - DAG(s) 'example_nested_branch_dag' retrieved from /home/airflow/.local/lib/python3.12/site-packages/airflow/example_dags/example_nested_branch_dag.py
[2024-10-19T00:06:27.310+0000] {logging_mixin.py:190} INFO - [2024-10-19T00:06:27.309+0000] {dag.py:3239} INFO - Sync 1 DAGs
[2024-10-19T00:06:27.331+0000] {logging_mixin.py:190} INFO - [2024-10-19T00:06:27.331+0000] {dag.py:4180} INFO - Setting next_dagrun for example_nested_branch_dag to 2024-10-18 00:00:00+00:00, run_after=2024-10-19 00:00:00+00:00
[2024-10-19T00:06:27.350+0000] {processor.py:208} INFO - Processing /home/airflow/.local/lib/python3.12/site-packages/airflow/example_dags/example_nested_branch_dag.py took 0.083 seconds
[2024-10-19T00:06:57.663+0000] {processor.py:186} INFO - Started process (PID=341) to work on /home/airflow/.local/lib/python3.12/site-packages/airflow/example_dags/example_nested_branch_dag.py
[2024-10-19T00:06:57.664+0000] {processor.py:914} INFO - Processing file /home/airflow/.local/lib/python3.12/site-packages/airflow/example_dags/example_nested_branch_dag.py for tasks to queue
[2024-10-19T00:06:57.667+0000] {logging_mixin.py:190} INFO - [2024-10-19T00:06:57.666+0000] {dagbag.py:588} INFO - Filling up the DagBag from /home/airflow/.local/lib/python3.12/site-packages/airflow/example_dags/example_nested_branch_dag.py
[2024-10-19T00:06:57.678+0000] {processor.py:925} INFO - DAG(s) 'example_nested_branch_dag' retrieved from /home/airflow/.local/lib/python3.12/site-packages/airflow/example_dags/example_nested_branch_dag.py
[2024-10-19T00:06:57.699+0000] {logging_mixin.py:190} INFO - [2024-10-19T00:06:57.699+0000] {dag.py:3239} INFO - Sync 1 DAGs
[2024-10-19T00:06:57.724+0000] {logging_mixin.py:190} INFO - [2024-10-19T00:06:57.724+0000] {dag.py:4180} INFO - Setting next_dagrun for example_nested_branch_dag to 2024-10-18 00:00:00+00:00, run_after=2024-10-19 00:00:00+00:00
[2024-10-19T00:06:57.746+0000] {processor.py:208} INFO - Processing /home/airflow/.local/lib/python3.12/site-packages/airflow/example_dags/example_nested_branch_dag.py took 0.090 seconds
[2024-10-19T00:07:28.208+0000] {processor.py:186} INFO - Started process (PID=403) to work on /home/airflow/.local/lib/python3.12/site-packages/airflow/example_dags/example_nested_branch_dag.py
[2024-10-19T00:07:28.209+0000] {processor.py:914} INFO - Processing file /home/airflow/.local/lib/python3.12/site-packages/airflow/example_dags/example_nested_branch_dag.py for tasks to queue
[2024-10-19T00:07:28.211+0000] {logging_mixin.py:190} INFO - [2024-10-19T00:07:28.211+0000] {dagbag.py:588} INFO - Filling up the DagBag from /home/airflow/.local/lib/python3.12/site-packages/airflow/example_dags/example_nested_branch_dag.py
[2024-10-19T00:07:28.223+0000] {processor.py:925} INFO - DAG(s) 'example_nested_branch_dag' retrieved from /home/airflow/.local/lib/python3.12/site-packages/airflow/example_dags/example_nested_branch_dag.py
[2024-10-19T00:07:28.247+0000] {logging_mixin.py:190} INFO - [2024-10-19T00:07:28.247+0000] {dag.py:3239} INFO - Sync 1 DAGs
[2024-10-19T00:07:28.272+0000] {logging_mixin.py:190} INFO - [2024-10-19T00:07:28.271+0000] {dag.py:4180} INFO - Setting next_dagrun for example_nested_branch_dag to 2024-10-18 00:00:00+00:00, run_after=2024-10-19 00:00:00+00:00
[2024-10-19T00:07:28.294+0000] {processor.py:208} INFO - Processing /home/airflow/.local/lib/python3.12/site-packages/airflow/example_dags/example_nested_branch_dag.py took 0.092 seconds
[2024-10-19T00:07:58.809+0000] {processor.py:186} INFO - Started process (PID=466) to work on /home/airflow/.local/lib/python3.12/site-packages/airflow/example_dags/example_nested_branch_dag.py
[2024-10-19T00:07:58.810+0000] {processor.py:914} INFO - Processing file /home/airflow/.local/lib/python3.12/site-packages/airflow/example_dags/example_nested_branch_dag.py for tasks to queue
[2024-10-19T00:07:58.812+0000] {logging_mixin.py:190} INFO - [2024-10-19T00:07:58.812+0000] {dagbag.py:588} INFO - Filling up the DagBag from /home/airflow/.local/lib/python3.12/site-packages/airflow/example_dags/example_nested_branch_dag.py
[2024-10-19T00:07:58.821+0000] {processor.py:925} INFO - DAG(s) 'example_nested_branch_dag' retrieved from /home/airflow/.local/lib/python3.12/site-packages/airflow/example_dags/example_nested_branch_dag.py
[2024-10-19T00:07:58.840+0000] {logging_mixin.py:190} INFO - [2024-10-19T00:07:58.840+0000] {dag.py:3239} INFO - Sync 1 DAGs
[2024-10-19T00:07:58.862+0000] {logging_mixin.py:190} INFO - [2024-10-19T00:07:58.862+0000] {dag.py:4180} INFO - Setting next_dagrun for example_nested_branch_dag to 2024-10-18 00:00:00+00:00, run_after=2024-10-19 00:00:00+00:00
[2024-10-19T00:07:58.879+0000] {processor.py:208} INFO - Processing /home/airflow/.local/lib/python3.12/site-packages/airflow/example_dags/example_nested_branch_dag.py took 0.075 seconds
[2024-10-19T00:08:29.622+0000] {processor.py:186} INFO - Started process (PID=529) to work on /home/airflow/.local/lib/python3.12/site-packages/airflow/example_dags/example_nested_branch_dag.py
[2024-10-19T00:08:29.624+0000] {processor.py:914} INFO - Processing file /home/airflow/.local/lib/python3.12/site-packages/airflow/example_dags/example_nested_branch_dag.py for tasks to queue
[2024-10-19T00:08:29.626+0000] {logging_mixin.py:190} INFO - [2024-10-19T00:08:29.626+0000] {dagbag.py:588} INFO - Filling up the DagBag from /home/airflow/.local/lib/python3.12/site-packages/airflow/example_dags/example_nested_branch_dag.py
[2024-10-19T00:08:29.636+0000] {processor.py:925} INFO - DAG(s) 'example_nested_branch_dag' retrieved from /home/airflow/.local/lib/python3.12/site-packages/airflow/example_dags/example_nested_branch_dag.py
[2024-10-19T00:08:29.657+0000] {logging_mixin.py:190} INFO - [2024-10-19T00:08:29.657+0000] {dag.py:3239} INFO - Sync 1 DAGs
[2024-10-19T00:08:29.680+0000] {logging_mixin.py:190} INFO - [2024-10-19T00:08:29.680+0000] {dag.py:4180} INFO - Setting next_dagrun for example_nested_branch_dag to 2024-10-18 00:00:00+00:00, run_after=2024-10-19 00:00:00+00:00
[2024-10-19T00:08:29.698+0000] {processor.py:208} INFO - Processing /home/airflow/.local/lib/python3.12/site-packages/airflow/example_dags/example_nested_branch_dag.py took 0.081 seconds
[2024-10-19T00:08:59.757+0000] {processor.py:186} INFO - Started process (PID=592) to work on /home/airflow/.local/lib/python3.12/site-packages/airflow/example_dags/example_nested_branch_dag.py
[2024-10-19T00:08:59.759+0000] {processor.py:914} INFO - Processing file /home/airflow/.local/lib/python3.12/site-packages/airflow/example_dags/example_nested_branch_dag.py for tasks to queue
[2024-10-19T00:08:59.762+0000] {logging_mixin.py:190} INFO - [2024-10-19T00:08:59.762+0000] {dagbag.py:588} INFO - Filling up the DagBag from /home/airflow/.local/lib/python3.12/site-packages/airflow/example_dags/example_nested_branch_dag.py
[2024-10-19T00:08:59.779+0000] {processor.py:925} INFO - DAG(s) 'example_nested_branch_dag' retrieved from /home/airflow/.local/lib/python3.12/site-packages/airflow/example_dags/example_nested_branch_dag.py
[2024-10-19T00:08:59.811+0000] {logging_mixin.py:190} INFO - [2024-10-19T00:08:59.811+0000] {dag.py:3239} INFO - Sync 1 DAGs
[2024-10-19T00:08:59.873+0000] {logging_mixin.py:190} INFO - [2024-10-19T00:08:59.872+0000] {dag.py:4180} INFO - Setting next_dagrun for example_nested_branch_dag to 2024-10-18 00:00:00+00:00, run_after=2024-10-19 00:00:00+00:00
[2024-10-19T00:08:59.908+0000] {processor.py:208} INFO - Processing /home/airflow/.local/lib/python3.12/site-packages/airflow/example_dags/example_nested_branch_dag.py took 0.158 seconds
[2024-10-19T00:09:30.798+0000] {processor.py:186} INFO - Started process (PID=655) to work on /home/airflow/.local/lib/python3.12/site-packages/airflow/example_dags/example_nested_branch_dag.py
[2024-10-19T00:09:30.799+0000] {processor.py:914} INFO - Processing file /home/airflow/.local/lib/python3.12/site-packages/airflow/example_dags/example_nested_branch_dag.py for tasks to queue
[2024-10-19T00:09:30.801+0000] {logging_mixin.py:190} INFO - [2024-10-19T00:09:30.801+0000] {dagbag.py:588} INFO - Filling up the DagBag from /home/airflow/.local/lib/python3.12/site-packages/airflow/example_dags/example_nested_branch_dag.py
[2024-10-19T00:09:30.810+0000] {processor.py:925} INFO - DAG(s) 'example_nested_branch_dag' retrieved from /home/airflow/.local/lib/python3.12/site-packages/airflow/example_dags/example_nested_branch_dag.py
[2024-10-19T00:09:30.828+0000] {logging_mixin.py:190} INFO - [2024-10-19T00:09:30.827+0000] {dag.py:3239} INFO - Sync 1 DAGs
[2024-10-19T00:09:30.846+0000] {logging_mixin.py:190} INFO - [2024-10-19T00:09:30.846+0000] {dag.py:4180} INFO - Setting next_dagrun for example_nested_branch_dag to 2024-10-18 00:00:00+00:00, run_after=2024-10-19 00:00:00+00:00
[2024-10-19T00:09:30.864+0000] {processor.py:208} INFO - Processing /home/airflow/.local/lib/python3.12/site-packages/airflow/example_dags/example_nested_branch_dag.py took 0.071 seconds
[2024-10-19T00:10:01.449+0000] {processor.py:186} INFO - Started process (PID=717) to work on /home/airflow/.local/lib/python3.12/site-packages/airflow/example_dags/example_nested_branch_dag.py
[2024-10-19T00:10:01.451+0000] {processor.py:914} INFO - Processing file /home/airflow/.local/lib/python3.12/site-packages/airflow/example_dags/example_nested_branch_dag.py for tasks to queue
[2024-10-19T00:10:01.454+0000] {logging_mixin.py:190} INFO - [2024-10-19T00:10:01.453+0000] {dagbag.py:588} INFO - Filling up the DagBag from /home/airflow/.local/lib/python3.12/site-packages/airflow/example_dags/example_nested_branch_dag.py
[2024-10-19T00:10:01.466+0000] {processor.py:925} INFO - DAG(s) 'example_nested_branch_dag' retrieved from /home/airflow/.local/lib/python3.12/site-packages/airflow/example_dags/example_nested_branch_dag.py
[2024-10-19T00:10:01.491+0000] {logging_mixin.py:190} INFO - [2024-10-19T00:10:01.490+0000] {dag.py:3239} INFO - Sync 1 DAGs
[2024-10-19T00:10:01.515+0000] {logging_mixin.py:190} INFO - [2024-10-19T00:10:01.515+0000] {dag.py:4180} INFO - Setting next_dagrun for example_nested_branch_dag to 2024-10-18 00:00:00+00:00, run_after=2024-10-19 00:00:00+00:00
[2024-10-19T00:10:01.537+0000] {processor.py:208} INFO - Processing /home/airflow/.local/lib/python3.12/site-packages/airflow/example_dags/example_nested_branch_dag.py took 0.095 seconds
[2024-10-19T00:10:31.721+0000] {processor.py:186} INFO - Started process (PID=779) to work on /home/airflow/.local/lib/python3.12/site-packages/airflow/example_dags/example_nested_branch_dag.py
[2024-10-19T00:10:31.722+0000] {processor.py:914} INFO - Processing file /home/airflow/.local/lib/python3.12/site-packages/airflow/example_dags/example_nested_branch_dag.py for tasks to queue
[2024-10-19T00:10:31.724+0000] {logging_mixin.py:190} INFO - [2024-10-19T00:10:31.724+0000] {dagbag.py:588} INFO - Filling up the DagBag from /home/airflow/.local/lib/python3.12/site-packages/airflow/example_dags/example_nested_branch_dag.py
[2024-10-19T00:10:31.735+0000] {processor.py:925} INFO - DAG(s) 'example_nested_branch_dag' retrieved from /home/airflow/.local/lib/python3.12/site-packages/airflow/example_dags/example_nested_branch_dag.py
[2024-10-19T00:10:31.756+0000] {logging_mixin.py:190} INFO - [2024-10-19T00:10:31.755+0000] {dag.py:3239} INFO - Sync 1 DAGs
[2024-10-19T00:10:31.778+0000] {logging_mixin.py:190} INFO - [2024-10-19T00:10:31.778+0000] {dag.py:4180} INFO - Setting next_dagrun for example_nested_branch_dag to 2024-10-18 00:00:00+00:00, run_after=2024-10-19 00:00:00+00:00
[2024-10-19T00:10:31.800+0000] {processor.py:208} INFO - Processing /home/airflow/.local/lib/python3.12/site-packages/airflow/example_dags/example_nested_branch_dag.py took 0.085 seconds
[2024-10-19T00:11:02.130+0000] {processor.py:186} INFO - Started process (PID=841) to work on /home/airflow/.local/lib/python3.12/site-packages/airflow/example_dags/example_nested_branch_dag.py
[2024-10-19T00:11:02.131+0000] {processor.py:914} INFO - Processing file /home/airflow/.local/lib/python3.12/site-packages/airflow/example_dags/example_nested_branch_dag.py for tasks to queue
[2024-10-19T00:11:02.133+0000] {logging_mixin.py:190} INFO - [2024-10-19T00:11:02.133+0000] {dagbag.py:588} INFO - Filling up the DagBag from /home/airflow/.local/lib/python3.12/site-packages/airflow/example_dags/example_nested_branch_dag.py
[2024-10-19T00:11:02.142+0000] {processor.py:925} INFO - DAG(s) 'example_nested_branch_dag' retrieved from /home/airflow/.local/lib/python3.12/site-packages/airflow/example_dags/example_nested_branch_dag.py
[2024-10-19T00:11:02.160+0000] {logging_mixin.py:190} INFO - [2024-10-19T00:11:02.160+0000] {dag.py:3239} INFO - Sync 1 DAGs
[2024-10-19T00:11:02.182+0000] {logging_mixin.py:190} INFO - [2024-10-19T00:11:02.182+0000] {dag.py:4180} INFO - Setting next_dagrun for example_nested_branch_dag to 2024-10-18 00:00:00+00:00, run_after=2024-10-19 00:00:00+00:00
[2024-10-19T00:11:02.203+0000] {processor.py:208} INFO - Processing /home/airflow/.local/lib/python3.12/site-packages/airflow/example_dags/example_nested_branch_dag.py took 0.078 seconds
[2024-10-19T00:11:33.160+0000] {processor.py:186} INFO - Started process (PID=903) to work on /home/airflow/.local/lib/python3.12/site-packages/airflow/example_dags/example_nested_branch_dag.py
[2024-10-19T00:11:33.162+0000] {processor.py:914} INFO - Processing file /home/airflow/.local/lib/python3.12/site-packages/airflow/example_dags/example_nested_branch_dag.py for tasks to queue
[2024-10-19T00:11:33.165+0000] {logging_mixin.py:190} INFO - [2024-10-19T00:11:33.164+0000] {dagbag.py:588} INFO - Filling up the DagBag from /home/airflow/.local/lib/python3.12/site-packages/airflow/example_dags/example_nested_branch_dag.py
[2024-10-19T00:11:33.178+0000] {processor.py:925} INFO - DAG(s) 'example_nested_branch_dag' retrieved from /home/airflow/.local/lib/python3.12/site-packages/airflow/example_dags/example_nested_branch_dag.py
[2024-10-19T00:11:33.203+0000] {logging_mixin.py:190} INFO - [2024-10-19T00:11:33.203+0000] {dag.py:3239} INFO - Sync 1 DAGs
[2024-10-19T00:11:33.232+0000] {logging_mixin.py:190} INFO - [2024-10-19T00:11:33.231+0000] {dag.py:4180} INFO - Setting next_dagrun for example_nested_branch_dag to 2024-10-18 00:00:00+00:00, run_after=2024-10-19 00:00:00+00:00
[2024-10-19T00:11:33.256+0000] {processor.py:208} INFO - Processing /home/airflow/.local/lib/python3.12/site-packages/airflow/example_dags/example_nested_branch_dag.py took 0.102 seconds
[2024-10-19T00:12:03.833+0000] {processor.py:186} INFO - Started process (PID=966) to work on /home/airflow/.local/lib/python3.12/site-packages/airflow/example_dags/example_nested_branch_dag.py
[2024-10-19T00:12:03.834+0000] {processor.py:914} INFO - Processing file /home/airflow/.local/lib/python3.12/site-packages/airflow/example_dags/example_nested_branch_dag.py for tasks to queue
[2024-10-19T00:12:03.836+0000] {logging_mixin.py:190} INFO - [2024-10-19T00:12:03.836+0000] {dagbag.py:588} INFO - Filling up the DagBag from /home/airflow/.local/lib/python3.12/site-packages/airflow/example_dags/example_nested_branch_dag.py
[2024-10-19T00:12:03.845+0000] {processor.py:925} INFO - DAG(s) 'example_nested_branch_dag' retrieved from /home/airflow/.local/lib/python3.12/site-packages/airflow/example_dags/example_nested_branch_dag.py
[2024-10-19T00:12:03.863+0000] {logging_mixin.py:190} INFO - [2024-10-19T00:12:03.863+0000] {dag.py:3239} INFO - Sync 1 DAGs
[2024-10-19T00:12:03.882+0000] {logging_mixin.py:190} INFO - [2024-10-19T00:12:03.881+0000] {dag.py:4180} INFO - Setting next_dagrun for example_nested_branch_dag to 2024-10-18 00:00:00+00:00, run_after=2024-10-19 00:00:00+00:00
[2024-10-19T00:12:03.900+0000] {processor.py:208} INFO - Processing /home/airflow/.local/lib/python3.12/site-packages/airflow/example_dags/example_nested_branch_dag.py took 0.072 seconds
[2024-10-19T00:12:34.613+0000] {processor.py:186} INFO - Started process (PID=1028) to work on /home/airflow/.local/lib/python3.12/site-packages/airflow/example_dags/example_nested_branch_dag.py
[2024-10-19T00:12:34.614+0000] {processor.py:914} INFO - Processing file /home/airflow/.local/lib/python3.12/site-packages/airflow/example_dags/example_nested_branch_dag.py for tasks to queue
[2024-10-19T00:12:34.616+0000] {logging_mixin.py:190} INFO - [2024-10-19T00:12:34.616+0000] {dagbag.py:588} INFO - Filling up the DagBag from /home/airflow/.local/lib/python3.12/site-packages/airflow/example_dags/example_nested_branch_dag.py
[2024-10-19T00:12:34.626+0000] {processor.py:925} INFO - DAG(s) 'example_nested_branch_dag' retrieved from /home/airflow/.local/lib/python3.12/site-packages/airflow/example_dags/example_nested_branch_dag.py
[2024-10-19T00:12:34.642+0000] {logging_mixin.py:190} INFO - [2024-10-19T00:12:34.642+0000] {dag.py:3239} INFO - Sync 1 DAGs
[2024-10-19T00:12:34.659+0000] {logging_mixin.py:190} INFO - [2024-10-19T00:12:34.659+0000] {dag.py:4180} INFO - Setting next_dagrun for example_nested_branch_dag to 2024-10-18 00:00:00+00:00, run_after=2024-10-19 00:00:00+00:00
[2024-10-19T00:12:34.677+0000] {processor.py:208} INFO - Processing /home/airflow/.local/lib/python3.12/site-packages/airflow/example_dags/example_nested_branch_dag.py took 0.070 seconds
[2024-10-19T00:13:04.920+0000] {processor.py:186} INFO - Started process (PID=1089) to work on /home/airflow/.local/lib/python3.12/site-packages/airflow/example_dags/example_nested_branch_dag.py
[2024-10-19T00:13:04.921+0000] {processor.py:914} INFO - Processing file /home/airflow/.local/lib/python3.12/site-packages/airflow/example_dags/example_nested_branch_dag.py for tasks to queue
[2024-10-19T00:13:04.924+0000] {logging_mixin.py:190} INFO - [2024-10-19T00:13:04.924+0000] {dagbag.py:588} INFO - Filling up the DagBag from /home/airflow/.local/lib/python3.12/site-packages/airflow/example_dags/example_nested_branch_dag.py
[2024-10-19T00:13:04.933+0000] {processor.py:925} INFO - DAG(s) 'example_nested_branch_dag' retrieved from /home/airflow/.local/lib/python3.12/site-packages/airflow/example_dags/example_nested_branch_dag.py
[2024-10-19T00:13:04.951+0000] {logging_mixin.py:190} INFO - [2024-10-19T00:13:04.950+0000] {dag.py:3239} INFO - Sync 1 DAGs
[2024-10-19T00:13:04.970+0000] {logging_mixin.py:190} INFO - [2024-10-19T00:13:04.969+0000] {dag.py:4180} INFO - Setting next_dagrun for example_nested_branch_dag to 2024-10-18 00:00:00+00:00, run_after=2024-10-19 00:00:00+00:00
[2024-10-19T00:13:04.987+0000] {processor.py:208} INFO - Processing /home/airflow/.local/lib/python3.12/site-packages/airflow/example_dags/example_nested_branch_dag.py took 0.071 seconds
[2024-10-19T00:13:35.343+0000] {processor.py:186} INFO - Started process (PID=1151) to work on /home/airflow/.local/lib/python3.12/site-packages/airflow/example_dags/example_nested_branch_dag.py
[2024-10-19T00:13:35.344+0000] {processor.py:914} INFO - Processing file /home/airflow/.local/lib/python3.12/site-packages/airflow/example_dags/example_nested_branch_dag.py for tasks to queue
[2024-10-19T00:13:35.346+0000] {logging_mixin.py:190} INFO - [2024-10-19T00:13:35.346+0000] {dagbag.py:588} INFO - Filling up the DagBag from /home/airflow/.local/lib/python3.12/site-packages/airflow/example_dags/example_nested_branch_dag.py
[2024-10-19T00:13:35.356+0000] {processor.py:925} INFO - DAG(s) 'example_nested_branch_dag' retrieved from /home/airflow/.local/lib/python3.12/site-packages/airflow/example_dags/example_nested_branch_dag.py
[2024-10-19T00:13:35.374+0000] {logging_mixin.py:190} INFO - [2024-10-19T00:13:35.373+0000] {dag.py:3239} INFO - Sync 1 DAGs
[2024-10-19T00:13:35.399+0000] {logging_mixin.py:190} INFO - [2024-10-19T00:13:35.399+0000] {dag.py:4180} INFO - Setting next_dagrun for example_nested_branch_dag to 2024-10-18 00:00:00+00:00, run_after=2024-10-19 00:00:00+00:00
[2024-10-19T00:13:35.426+0000] {processor.py:208} INFO - Processing /home/airflow/.local/lib/python3.12/site-packages/airflow/example_dags/example_nested_branch_dag.py took 0.087 seconds
[2024-10-19T00:14:05.952+0000] {processor.py:186} INFO - Started process (PID=1213) to work on /home/airflow/.local/lib/python3.12/site-packages/airflow/example_dags/example_nested_branch_dag.py
[2024-10-19T00:14:05.953+0000] {processor.py:914} INFO - Processing file /home/airflow/.local/lib/python3.12/site-packages/airflow/example_dags/example_nested_branch_dag.py for tasks to queue
[2024-10-19T00:14:05.955+0000] {logging_mixin.py:190} INFO - [2024-10-19T00:14:05.955+0000] {dagbag.py:588} INFO - Filling up the DagBag from /home/airflow/.local/lib/python3.12/site-packages/airflow/example_dags/example_nested_branch_dag.py
[2024-10-19T00:14:05.964+0000] {processor.py:925} INFO - DAG(s) 'example_nested_branch_dag' retrieved from /home/airflow/.local/lib/python3.12/site-packages/airflow/example_dags/example_nested_branch_dag.py
[2024-10-19T00:14:05.980+0000] {logging_mixin.py:190} INFO - [2024-10-19T00:14:05.980+0000] {dag.py:3239} INFO - Sync 1 DAGs
[2024-10-19T00:14:05.998+0000] {logging_mixin.py:190} INFO - [2024-10-19T00:14:05.998+0000] {dag.py:4180} INFO - Setting next_dagrun for example_nested_branch_dag to 2024-10-18 00:00:00+00:00, run_after=2024-10-19 00:00:00+00:00
[2024-10-19T00:14:06.017+0000] {processor.py:208} INFO - Processing /home/airflow/.local/lib/python3.12/site-packages/airflow/example_dags/example_nested_branch_dag.py took 0.068 seconds
[2024-10-19T00:14:36.663+0000] {processor.py:186} INFO - Started process (PID=1275) to work on /home/airflow/.local/lib/python3.12/site-packages/airflow/example_dags/example_nested_branch_dag.py
[2024-10-19T00:14:36.664+0000] {processor.py:914} INFO - Processing file /home/airflow/.local/lib/python3.12/site-packages/airflow/example_dags/example_nested_branch_dag.py for tasks to queue
[2024-10-19T00:14:36.666+0000] {logging_mixin.py:190} INFO - [2024-10-19T00:14:36.666+0000] {dagbag.py:588} INFO - Filling up the DagBag from /home/airflow/.local/lib/python3.12/site-packages/airflow/example_dags/example_nested_branch_dag.py
[2024-10-19T00:14:36.675+0000] {processor.py:925} INFO - DAG(s) 'example_nested_branch_dag' retrieved from /home/airflow/.local/lib/python3.12/site-packages/airflow/example_dags/example_nested_branch_dag.py
[2024-10-19T00:14:36.692+0000] {logging_mixin.py:190} INFO - [2024-10-19T00:14:36.692+0000] {dag.py:3239} INFO - Sync 1 DAGs
[2024-10-19T00:14:36.712+0000] {logging_mixin.py:190} INFO - [2024-10-19T00:14:36.712+0000] {dag.py:4180} INFO - Setting next_dagrun for example_nested_branch_dag to 2024-10-18 00:00:00+00:00, run_after=2024-10-19 00:00:00+00:00
[2024-10-19T00:14:36.731+0000] {processor.py:208} INFO - Processing /home/airflow/.local/lib/python3.12/site-packages/airflow/example_dags/example_nested_branch_dag.py took 0.072 seconds
[2024-10-19T00:15:07.243+0000] {processor.py:186} INFO - Started process (PID=1337) to work on /home/airflow/.local/lib/python3.12/site-packages/airflow/example_dags/example_nested_branch_dag.py
[2024-10-19T00:15:07.244+0000] {processor.py:914} INFO - Processing file /home/airflow/.local/lib/python3.12/site-packages/airflow/example_dags/example_nested_branch_dag.py for tasks to queue
[2024-10-19T00:15:07.245+0000] {logging_mixin.py:190} INFO - [2024-10-19T00:15:07.245+0000] {dagbag.py:588} INFO - Filling up the DagBag from /home/airflow/.local/lib/python3.12/site-packages/airflow/example_dags/example_nested_branch_dag.py
[2024-10-19T00:15:07.255+0000] {processor.py:925} INFO - DAG(s) 'example_nested_branch_dag' retrieved from /home/airflow/.local/lib/python3.12/site-packages/airflow/example_dags/example_nested_branch_dag.py
[2024-10-19T00:15:07.272+0000] {logging_mixin.py:190} INFO - [2024-10-19T00:15:07.271+0000] {dag.py:3239} INFO - Sync 1 DAGs
[2024-10-19T00:15:07.290+0000] {logging_mixin.py:190} INFO - [2024-10-19T00:15:07.290+0000] {dag.py:4180} INFO - Setting next_dagrun for example_nested_branch_dag to 2024-10-18 00:00:00+00:00, run_after=2024-10-19 00:00:00+00:00
[2024-10-19T00:15:07.309+0000] {processor.py:208} INFO - Processing /home/airflow/.local/lib/python3.12/site-packages/airflow/example_dags/example_nested_branch_dag.py took 0.071 seconds
[2024-10-19T00:15:38.094+0000] {processor.py:186} INFO - Started process (PID=1399) to work on /home/airflow/.local/lib/python3.12/site-packages/airflow/example_dags/example_nested_branch_dag.py
[2024-10-19T00:15:38.095+0000] {processor.py:914} INFO - Processing file /home/airflow/.local/lib/python3.12/site-packages/airflow/example_dags/example_nested_branch_dag.py for tasks to queue
[2024-10-19T00:15:38.097+0000] {logging_mixin.py:190} INFO - [2024-10-19T00:15:38.097+0000] {dagbag.py:588} INFO - Filling up the DagBag from /home/airflow/.local/lib/python3.12/site-packages/airflow/example_dags/example_nested_branch_dag.py
[2024-10-19T00:15:38.107+0000] {processor.py:925} INFO - DAG(s) 'example_nested_branch_dag' retrieved from /home/airflow/.local/lib/python3.12/site-packages/airflow/example_dags/example_nested_branch_dag.py
[2024-10-19T00:15:38.127+0000] {logging_mixin.py:190} INFO - [2024-10-19T00:15:38.127+0000] {dag.py:3239} INFO - Sync 1 DAGs
[2024-10-19T00:15:38.150+0000] {logging_mixin.py:190} INFO - [2024-10-19T00:15:38.150+0000] {dag.py:4180} INFO - Setting next_dagrun for example_nested_branch_dag to 2024-10-18 00:00:00+00:00, run_after=2024-10-19 00:00:00+00:00
[2024-10-19T00:15:38.171+0000] {processor.py:208} INFO - Processing /home/airflow/.local/lib/python3.12/site-packages/airflow/example_dags/example_nested_branch_dag.py took 0.082 seconds
[2024-10-19T00:16:08.913+0000] {processor.py:186} INFO - Started process (PID=1460) to work on /home/airflow/.local/lib/python3.12/site-packages/airflow/example_dags/example_nested_branch_dag.py
[2024-10-19T00:16:08.914+0000] {processor.py:914} INFO - Processing file /home/airflow/.local/lib/python3.12/site-packages/airflow/example_dags/example_nested_branch_dag.py for tasks to queue
[2024-10-19T00:16:08.916+0000] {logging_mixin.py:190} INFO - [2024-10-19T00:16:08.916+0000] {dagbag.py:588} INFO - Filling up the DagBag from /home/airflow/.local/lib/python3.12/site-packages/airflow/example_dags/example_nested_branch_dag.py
[2024-10-19T00:16:08.924+0000] {processor.py:925} INFO - DAG(s) 'example_nested_branch_dag' retrieved from /home/airflow/.local/lib/python3.12/site-packages/airflow/example_dags/example_nested_branch_dag.py
[2024-10-19T00:16:08.941+0000] {logging_mixin.py:190} INFO - [2024-10-19T00:16:08.941+0000] {dag.py:3239} INFO - Sync 1 DAGs
[2024-10-19T00:16:08.962+0000] {logging_mixin.py:190} INFO - [2024-10-19T00:16:08.962+0000] {dag.py:4180} INFO - Setting next_dagrun for example_nested_branch_dag to 2024-10-18 00:00:00+00:00, run_after=2024-10-19 00:00:00+00:00
[2024-10-19T00:16:08.981+0000] {processor.py:208} INFO - Processing /home/airflow/.local/lib/python3.12/site-packages/airflow/example_dags/example_nested_branch_dag.py took 0.074 seconds
[2024-10-19T00:16:39.651+0000] {processor.py:186} INFO - Started process (PID=1522) to work on /home/airflow/.local/lib/python3.12/site-packages/airflow/example_dags/example_nested_branch_dag.py
[2024-10-19T00:16:39.652+0000] {processor.py:914} INFO - Processing file /home/airflow/.local/lib/python3.12/site-packages/airflow/example_dags/example_nested_branch_dag.py for tasks to queue
[2024-10-19T00:16:39.654+0000] {logging_mixin.py:190} INFO - [2024-10-19T00:16:39.653+0000] {dagbag.py:588} INFO - Filling up the DagBag from /home/airflow/.local/lib/python3.12/site-packages/airflow/example_dags/example_nested_branch_dag.py
[2024-10-19T00:16:39.662+0000] {processor.py:925} INFO - DAG(s) 'example_nested_branch_dag' retrieved from /home/airflow/.local/lib/python3.12/site-packages/airflow/example_dags/example_nested_branch_dag.py
[2024-10-19T00:16:39.678+0000] {logging_mixin.py:190} INFO - [2024-10-19T00:16:39.678+0000] {dag.py:3239} INFO - Sync 1 DAGs
[2024-10-19T00:16:39.695+0000] {logging_mixin.py:190} INFO - [2024-10-19T00:16:39.695+0000] {dag.py:4180} INFO - Setting next_dagrun for example_nested_branch_dag to 2024-10-18 00:00:00+00:00, run_after=2024-10-19 00:00:00+00:00
[2024-10-19T00:16:39.712+0000] {processor.py:208} INFO - Processing /home/airflow/.local/lib/python3.12/site-packages/airflow/example_dags/example_nested_branch_dag.py took 0.066 seconds
[2024-10-19T00:17:10.029+0000] {processor.py:186} INFO - Started process (PID=1584) to work on /home/airflow/.local/lib/python3.12/site-packages/airflow/example_dags/example_nested_branch_dag.py
[2024-10-19T00:17:10.031+0000] {processor.py:914} INFO - Processing file /home/airflow/.local/lib/python3.12/site-packages/airflow/example_dags/example_nested_branch_dag.py for tasks to queue
[2024-10-19T00:17:10.034+0000] {logging_mixin.py:190} INFO - [2024-10-19T00:17:10.034+0000] {dagbag.py:588} INFO - Filling up the DagBag from /home/airflow/.local/lib/python3.12/site-packages/airflow/example_dags/example_nested_branch_dag.py
[2024-10-19T00:17:10.044+0000] {processor.py:925} INFO - DAG(s) 'example_nested_branch_dag' retrieved from /home/airflow/.local/lib/python3.12/site-packages/airflow/example_dags/example_nested_branch_dag.py
[2024-10-19T00:17:10.067+0000] {logging_mixin.py:190} INFO - [2024-10-19T00:17:10.067+0000] {dag.py:3239} INFO - Sync 1 DAGs
[2024-10-19T00:17:10.093+0000] {logging_mixin.py:190} INFO - [2024-10-19T00:17:10.093+0000] {dag.py:4180} INFO - Setting next_dagrun for example_nested_branch_dag to 2024-10-18 00:00:00+00:00, run_after=2024-10-19 00:00:00+00:00
[2024-10-19T00:17:10.116+0000] {processor.py:208} INFO - Processing /home/airflow/.local/lib/python3.12/site-packages/airflow/example_dags/example_nested_branch_dag.py took 0.092 seconds
[2024-10-19T00:17:40.672+0000] {processor.py:186} INFO - Started process (PID=1646) to work on /home/airflow/.local/lib/python3.12/site-packages/airflow/example_dags/example_nested_branch_dag.py
[2024-10-19T00:17:40.673+0000] {processor.py:914} INFO - Processing file /home/airflow/.local/lib/python3.12/site-packages/airflow/example_dags/example_nested_branch_dag.py for tasks to queue
[2024-10-19T00:17:40.675+0000] {logging_mixin.py:190} INFO - [2024-10-19T00:17:40.675+0000] {dagbag.py:588} INFO - Filling up the DagBag from /home/airflow/.local/lib/python3.12/site-packages/airflow/example_dags/example_nested_branch_dag.py
[2024-10-19T00:17:40.686+0000] {processor.py:925} INFO - DAG(s) 'example_nested_branch_dag' retrieved from /home/airflow/.local/lib/python3.12/site-packages/airflow/example_dags/example_nested_branch_dag.py
[2024-10-19T00:17:40.707+0000] {logging_mixin.py:190} INFO - [2024-10-19T00:17:40.707+0000] {dag.py:3239} INFO - Sync 1 DAGs
[2024-10-19T00:17:40.730+0000] {logging_mixin.py:190} INFO - [2024-10-19T00:17:40.730+0000] {dag.py:4180} INFO - Setting next_dagrun for example_nested_branch_dag to 2024-10-18 00:00:00+00:00, run_after=2024-10-19 00:00:00+00:00
[2024-10-19T00:17:40.752+0000] {processor.py:208} INFO - Processing /home/airflow/.local/lib/python3.12/site-packages/airflow/example_dags/example_nested_branch_dag.py took 0.086 seconds
[2024-10-19T00:18:11.245+0000] {processor.py:186} INFO - Started process (PID=1708) to work on /home/airflow/.local/lib/python3.12/site-packages/airflow/example_dags/example_nested_branch_dag.py
[2024-10-19T00:18:11.246+0000] {processor.py:914} INFO - Processing file /home/airflow/.local/lib/python3.12/site-packages/airflow/example_dags/example_nested_branch_dag.py for tasks to queue
[2024-10-19T00:18:11.248+0000] {logging_mixin.py:190} INFO - [2024-10-19T00:18:11.248+0000] {dagbag.py:588} INFO - Filling up the DagBag from /home/airflow/.local/lib/python3.12/site-packages/airflow/example_dags/example_nested_branch_dag.py
[2024-10-19T00:18:11.258+0000] {processor.py:925} INFO - DAG(s) 'example_nested_branch_dag' retrieved from /home/airflow/.local/lib/python3.12/site-packages/airflow/example_dags/example_nested_branch_dag.py
[2024-10-19T00:18:11.274+0000] {logging_mixin.py:190} INFO - [2024-10-19T00:18:11.273+0000] {dag.py:3239} INFO - Sync 1 DAGs
[2024-10-19T00:18:11.291+0000] {logging_mixin.py:190} INFO - [2024-10-19T00:18:11.291+0000] {dag.py:4180} INFO - Setting next_dagrun for example_nested_branch_dag to 2024-10-18 00:00:00+00:00, run_after=2024-10-19 00:00:00+00:00
[2024-10-19T00:18:11.308+0000] {processor.py:208} INFO - Processing /home/airflow/.local/lib/python3.12/site-packages/airflow/example_dags/example_nested_branch_dag.py took 0.068 seconds
[2024-10-19T00:18:41.533+0000] {processor.py:186} INFO - Started process (PID=1769) to work on /home/airflow/.local/lib/python3.12/site-packages/airflow/example_dags/example_nested_branch_dag.py
[2024-10-19T00:18:41.534+0000] {processor.py:914} INFO - Processing file /home/airflow/.local/lib/python3.12/site-packages/airflow/example_dags/example_nested_branch_dag.py for tasks to queue
[2024-10-19T00:18:41.537+0000] {logging_mixin.py:190} INFO - [2024-10-19T00:18:41.537+0000] {dagbag.py:588} INFO - Filling up the DagBag from /home/airflow/.local/lib/python3.12/site-packages/airflow/example_dags/example_nested_branch_dag.py
[2024-10-19T00:18:41.548+0000] {processor.py:925} INFO - DAG(s) 'example_nested_branch_dag' retrieved from /home/airflow/.local/lib/python3.12/site-packages/airflow/example_dags/example_nested_branch_dag.py
[2024-10-19T00:18:41.570+0000] {logging_mixin.py:190} INFO - [2024-10-19T00:18:41.569+0000] {dag.py:3239} INFO - Sync 1 DAGs
[2024-10-19T00:18:41.593+0000] {logging_mixin.py:190} INFO - [2024-10-19T00:18:41.593+0000] {dag.py:4180} INFO - Setting next_dagrun for example_nested_branch_dag to 2024-10-18 00:00:00+00:00, run_after=2024-10-19 00:00:00+00:00
[2024-10-19T00:18:41.617+0000] {processor.py:208} INFO - Processing /home/airflow/.local/lib/python3.12/site-packages/airflow/example_dags/example_nested_branch_dag.py took 0.089 seconds
[2024-10-19T00:19:12.584+0000] {processor.py:186} INFO - Started process (PID=1831) to work on /home/airflow/.local/lib/python3.12/site-packages/airflow/example_dags/example_nested_branch_dag.py
[2024-10-19T00:19:12.585+0000] {processor.py:914} INFO - Processing file /home/airflow/.local/lib/python3.12/site-packages/airflow/example_dags/example_nested_branch_dag.py for tasks to queue
[2024-10-19T00:19:12.588+0000] {logging_mixin.py:190} INFO - [2024-10-19T00:19:12.588+0000] {dagbag.py:588} INFO - Filling up the DagBag from /home/airflow/.local/lib/python3.12/site-packages/airflow/example_dags/example_nested_branch_dag.py
[2024-10-19T00:19:12.599+0000] {processor.py:925} INFO - DAG(s) 'example_nested_branch_dag' retrieved from /home/airflow/.local/lib/python3.12/site-packages/airflow/example_dags/example_nested_branch_dag.py
[2024-10-19T00:19:12.620+0000] {logging_mixin.py:190} INFO - [2024-10-19T00:19:12.619+0000] {dag.py:3239} INFO - Sync 1 DAGs
[2024-10-19T00:19:12.643+0000] {logging_mixin.py:190} INFO - [2024-10-19T00:19:12.643+0000] {dag.py:4180} INFO - Setting next_dagrun for example_nested_branch_dag to 2024-10-18 00:00:00+00:00, run_after=2024-10-19 00:00:00+00:00
[2024-10-19T00:19:12.663+0000] {processor.py:208} INFO - Processing /home/airflow/.local/lib/python3.12/site-packages/airflow/example_dags/example_nested_branch_dag.py took 0.085 seconds
[2024-10-19T00:19:43.058+0000] {processor.py:186} INFO - Started process (PID=1893) to work on /home/airflow/.local/lib/python3.12/site-packages/airflow/example_dags/example_nested_branch_dag.py
[2024-10-19T00:19:43.059+0000] {processor.py:914} INFO - Processing file /home/airflow/.local/lib/python3.12/site-packages/airflow/example_dags/example_nested_branch_dag.py for tasks to queue
[2024-10-19T00:19:43.061+0000] {logging_mixin.py:190} INFO - [2024-10-19T00:19:43.061+0000] {dagbag.py:588} INFO - Filling up the DagBag from /home/airflow/.local/lib/python3.12/site-packages/airflow/example_dags/example_nested_branch_dag.py
[2024-10-19T00:19:43.070+0000] {processor.py:925} INFO - DAG(s) 'example_nested_branch_dag' retrieved from /home/airflow/.local/lib/python3.12/site-packages/airflow/example_dags/example_nested_branch_dag.py
[2024-10-19T00:19:43.088+0000] {logging_mixin.py:190} INFO - [2024-10-19T00:19:43.088+0000] {dag.py:3239} INFO - Sync 1 DAGs
[2024-10-19T00:19:43.108+0000] {logging_mixin.py:190} INFO - [2024-10-19T00:19:43.108+0000] {dag.py:4180} INFO - Setting next_dagrun for example_nested_branch_dag to 2024-10-18 00:00:00+00:00, run_after=2024-10-19 00:00:00+00:00
[2024-10-19T00:19:43.129+0000] {processor.py:208} INFO - Processing /home/airflow/.local/lib/python3.12/site-packages/airflow/example_dags/example_nested_branch_dag.py took 0.076 seconds
[2024-10-19T00:20:13.739+0000] {processor.py:186} INFO - Started process (PID=1955) to work on /home/airflow/.local/lib/python3.12/site-packages/airflow/example_dags/example_nested_branch_dag.py
[2024-10-19T00:20:13.740+0000] {processor.py:914} INFO - Processing file /home/airflow/.local/lib/python3.12/site-packages/airflow/example_dags/example_nested_branch_dag.py for tasks to queue
[2024-10-19T00:20:13.743+0000] {logging_mixin.py:190} INFO - [2024-10-19T00:20:13.742+0000] {dagbag.py:588} INFO - Filling up the DagBag from /home/airflow/.local/lib/python3.12/site-packages/airflow/example_dags/example_nested_branch_dag.py
[2024-10-19T00:20:13.753+0000] {processor.py:925} INFO - DAG(s) 'example_nested_branch_dag' retrieved from /home/airflow/.local/lib/python3.12/site-packages/airflow/example_dags/example_nested_branch_dag.py
[2024-10-19T00:20:13.771+0000] {logging_mixin.py:190} INFO - [2024-10-19T00:20:13.771+0000] {dag.py:3239} INFO - Sync 1 DAGs
[2024-10-19T00:20:13.791+0000] {logging_mixin.py:190} INFO - [2024-10-19T00:20:13.791+0000] {dag.py:4180} INFO - Setting next_dagrun for example_nested_branch_dag to 2024-10-18 00:00:00+00:00, run_after=2024-10-19 00:00:00+00:00
[2024-10-19T00:20:13.808+0000] {processor.py:208} INFO - Processing /home/airflow/.local/lib/python3.12/site-packages/airflow/example_dags/example_nested_branch_dag.py took 0.075 seconds
[2024-10-19T00:20:44.597+0000] {processor.py:186} INFO - Started process (PID=2017) to work on /home/airflow/.local/lib/python3.12/site-packages/airflow/example_dags/example_nested_branch_dag.py
[2024-10-19T00:20:44.598+0000] {processor.py:914} INFO - Processing file /home/airflow/.local/lib/python3.12/site-packages/airflow/example_dags/example_nested_branch_dag.py for tasks to queue
[2024-10-19T00:20:44.600+0000] {logging_mixin.py:190} INFO - [2024-10-19T00:20:44.600+0000] {dagbag.py:588} INFO - Filling up the DagBag from /home/airflow/.local/lib/python3.12/site-packages/airflow/example_dags/example_nested_branch_dag.py
[2024-10-19T00:20:44.610+0000] {processor.py:925} INFO - DAG(s) 'example_nested_branch_dag' retrieved from /home/airflow/.local/lib/python3.12/site-packages/airflow/example_dags/example_nested_branch_dag.py
[2024-10-19T00:20:44.635+0000] {logging_mixin.py:190} INFO - [2024-10-19T00:20:44.634+0000] {dag.py:3239} INFO - Sync 1 DAGs
[2024-10-19T00:20:44.665+0000] {logging_mixin.py:190} INFO - [2024-10-19T00:20:44.665+0000] {dag.py:4180} INFO - Setting next_dagrun for example_nested_branch_dag to 2024-10-18 00:00:00+00:00, run_after=2024-10-19 00:00:00+00:00
[2024-10-19T00:20:44.690+0000] {processor.py:208} INFO - Processing /home/airflow/.local/lib/python3.12/site-packages/airflow/example_dags/example_nested_branch_dag.py took 0.098 seconds
[2024-10-19T00:21:15.786+0000] {processor.py:186} INFO - Started process (PID=2079) to work on /home/airflow/.local/lib/python3.12/site-packages/airflow/example_dags/example_nested_branch_dag.py
[2024-10-19T00:21:15.787+0000] {processor.py:914} INFO - Processing file /home/airflow/.local/lib/python3.12/site-packages/airflow/example_dags/example_nested_branch_dag.py for tasks to queue
[2024-10-19T00:21:15.789+0000] {logging_mixin.py:190} INFO - [2024-10-19T00:21:15.789+0000] {dagbag.py:588} INFO - Filling up the DagBag from /home/airflow/.local/lib/python3.12/site-packages/airflow/example_dags/example_nested_branch_dag.py
[2024-10-19T00:21:15.801+0000] {processor.py:925} INFO - DAG(s) 'example_nested_branch_dag' retrieved from /home/airflow/.local/lib/python3.12/site-packages/airflow/example_dags/example_nested_branch_dag.py
[2024-10-19T00:21:15.826+0000] {logging_mixin.py:190} INFO - [2024-10-19T00:21:15.826+0000] {dag.py:3239} INFO - Sync 1 DAGs
[2024-10-19T00:21:15.853+0000] {logging_mixin.py:190} INFO - [2024-10-19T00:21:15.853+0000] {dag.py:4180} INFO - Setting next_dagrun for example_nested_branch_dag to 2024-10-18 00:00:00+00:00, run_after=2024-10-19 00:00:00+00:00
[2024-10-19T00:21:15.878+0000] {processor.py:208} INFO - Processing /home/airflow/.local/lib/python3.12/site-packages/airflow/example_dags/example_nested_branch_dag.py took 0.098 seconds
[2024-10-19T00:21:46.760+0000] {processor.py:186} INFO - Started process (PID=2142) to work on /home/airflow/.local/lib/python3.12/site-packages/airflow/example_dags/example_nested_branch_dag.py
[2024-10-19T00:21:46.761+0000] {processor.py:914} INFO - Processing file /home/airflow/.local/lib/python3.12/site-packages/airflow/example_dags/example_nested_branch_dag.py for tasks to queue
[2024-10-19T00:21:46.763+0000] {logging_mixin.py:190} INFO - [2024-10-19T00:21:46.763+0000] {dagbag.py:588} INFO - Filling up the DagBag from /home/airflow/.local/lib/python3.12/site-packages/airflow/example_dags/example_nested_branch_dag.py
[2024-10-19T00:21:46.773+0000] {processor.py:925} INFO - DAG(s) 'example_nested_branch_dag' retrieved from /home/airflow/.local/lib/python3.12/site-packages/airflow/example_dags/example_nested_branch_dag.py
[2024-10-19T00:21:46.791+0000] {logging_mixin.py:190} INFO - [2024-10-19T00:21:46.791+0000] {dag.py:3239} INFO - Sync 1 DAGs
[2024-10-19T00:21:46.810+0000] {logging_mixin.py:190} INFO - [2024-10-19T00:21:46.810+0000] {dag.py:4180} INFO - Setting next_dagrun for example_nested_branch_dag to 2024-10-18 00:00:00+00:00, run_after=2024-10-19 00:00:00+00:00
[2024-10-19T00:21:46.828+0000] {processor.py:208} INFO - Processing /home/airflow/.local/lib/python3.12/site-packages/airflow/example_dags/example_nested_branch_dag.py took 0.073 seconds
[2024-10-19T00:22:17.464+0000] {processor.py:186} INFO - Started process (PID=2204) to work on /home/airflow/.local/lib/python3.12/site-packages/airflow/example_dags/example_nested_branch_dag.py
[2024-10-19T00:22:17.465+0000] {processor.py:914} INFO - Processing file /home/airflow/.local/lib/python3.12/site-packages/airflow/example_dags/example_nested_branch_dag.py for tasks to queue
[2024-10-19T00:22:17.467+0000] {logging_mixin.py:190} INFO - [2024-10-19T00:22:17.467+0000] {dagbag.py:588} INFO - Filling up the DagBag from /home/airflow/.local/lib/python3.12/site-packages/airflow/example_dags/example_nested_branch_dag.py
[2024-10-19T00:22:17.478+0000] {processor.py:925} INFO - DAG(s) 'example_nested_branch_dag' retrieved from /home/airflow/.local/lib/python3.12/site-packages/airflow/example_dags/example_nested_branch_dag.py
[2024-10-19T00:22:17.495+0000] {logging_mixin.py:190} INFO - [2024-10-19T00:22:17.495+0000] {dag.py:3239} INFO - Sync 1 DAGs
[2024-10-19T00:22:17.516+0000] {logging_mixin.py:190} INFO - [2024-10-19T00:22:17.516+0000] {dag.py:4180} INFO - Setting next_dagrun for example_nested_branch_dag to 2024-10-18 00:00:00+00:00, run_after=2024-10-19 00:00:00+00:00
[2024-10-19T00:22:17.533+0000] {processor.py:208} INFO - Processing /home/airflow/.local/lib/python3.12/site-packages/airflow/example_dags/example_nested_branch_dag.py took 0.074 seconds
[2024-10-19T00:22:47.981+0000] {processor.py:186} INFO - Started process (PID=2267) to work on /home/airflow/.local/lib/python3.12/site-packages/airflow/example_dags/example_nested_branch_dag.py
[2024-10-19T00:22:47.982+0000] {processor.py:914} INFO - Processing file /home/airflow/.local/lib/python3.12/site-packages/airflow/example_dags/example_nested_branch_dag.py for tasks to queue
[2024-10-19T00:22:47.984+0000] {logging_mixin.py:190} INFO - [2024-10-19T00:22:47.984+0000] {dagbag.py:588} INFO - Filling up the DagBag from /home/airflow/.local/lib/python3.12/site-packages/airflow/example_dags/example_nested_branch_dag.py
[2024-10-19T00:22:47.993+0000] {processor.py:925} INFO - DAG(s) 'example_nested_branch_dag' retrieved from /home/airflow/.local/lib/python3.12/site-packages/airflow/example_dags/example_nested_branch_dag.py
[2024-10-19T00:22:48.012+0000] {logging_mixin.py:190} INFO - [2024-10-19T00:22:48.012+0000] {dag.py:3239} INFO - Sync 1 DAGs
[2024-10-19T00:22:48.032+0000] {logging_mixin.py:190} INFO - [2024-10-19T00:22:48.032+0000] {dag.py:4180} INFO - Setting next_dagrun for example_nested_branch_dag to 2024-10-18 00:00:00+00:00, run_after=2024-10-19 00:00:00+00:00
[2024-10-19T00:22:48.050+0000] {processor.py:208} INFO - Processing /home/airflow/.local/lib/python3.12/site-packages/airflow/example_dags/example_nested_branch_dag.py took 0.074 seconds
[2024-10-19T00:23:18.399+0000] {processor.py:186} INFO - Started process (PID=2329) to work on /home/airflow/.local/lib/python3.12/site-packages/airflow/example_dags/example_nested_branch_dag.py
[2024-10-19T00:23:18.400+0000] {processor.py:914} INFO - Processing file /home/airflow/.local/lib/python3.12/site-packages/airflow/example_dags/example_nested_branch_dag.py for tasks to queue
[2024-10-19T00:23:18.402+0000] {logging_mixin.py:190} INFO - [2024-10-19T00:23:18.401+0000] {dagbag.py:588} INFO - Filling up the DagBag from /home/airflow/.local/lib/python3.12/site-packages/airflow/example_dags/example_nested_branch_dag.py
[2024-10-19T00:23:18.410+0000] {processor.py:925} INFO - DAG(s) 'example_nested_branch_dag' retrieved from /home/airflow/.local/lib/python3.12/site-packages/airflow/example_dags/example_nested_branch_dag.py
[2024-10-19T00:23:18.429+0000] {logging_mixin.py:190} INFO - [2024-10-19T00:23:18.428+0000] {dag.py:3239} INFO - Sync 1 DAGs
[2024-10-19T00:23:18.447+0000] {logging_mixin.py:190} INFO - [2024-10-19T00:23:18.447+0000] {dag.py:4180} INFO - Setting next_dagrun for example_nested_branch_dag to 2024-10-18 00:00:00+00:00, run_after=2024-10-19 00:00:00+00:00
[2024-10-19T00:23:18.467+0000] {processor.py:208} INFO - Processing /home/airflow/.local/lib/python3.12/site-packages/airflow/example_dags/example_nested_branch_dag.py took 0.073 seconds
[2024-10-19T00:23:48.935+0000] {processor.py:186} INFO - Started process (PID=2391) to work on /home/airflow/.local/lib/python3.12/site-packages/airflow/example_dags/example_nested_branch_dag.py
[2024-10-19T00:23:48.937+0000] {processor.py:914} INFO - Processing file /home/airflow/.local/lib/python3.12/site-packages/airflow/example_dags/example_nested_branch_dag.py for tasks to queue
[2024-10-19T00:23:48.939+0000] {logging_mixin.py:190} INFO - [2024-10-19T00:23:48.938+0000] {dagbag.py:588} INFO - Filling up the DagBag from /home/airflow/.local/lib/python3.12/site-packages/airflow/example_dags/example_nested_branch_dag.py
[2024-10-19T00:23:48.948+0000] {processor.py:925} INFO - DAG(s) 'example_nested_branch_dag' retrieved from /home/airflow/.local/lib/python3.12/site-packages/airflow/example_dags/example_nested_branch_dag.py
[2024-10-19T00:23:48.965+0000] {logging_mixin.py:190} INFO - [2024-10-19T00:23:48.965+0000] {dag.py:3239} INFO - Sync 1 DAGs
[2024-10-19T00:23:48.983+0000] {logging_mixin.py:190} INFO - [2024-10-19T00:23:48.983+0000] {dag.py:4180} INFO - Setting next_dagrun for example_nested_branch_dag to 2024-10-18 00:00:00+00:00, run_after=2024-10-19 00:00:00+00:00
[2024-10-19T00:23:49.000+0000] {processor.py:208} INFO - Processing /home/airflow/.local/lib/python3.12/site-packages/airflow/example_dags/example_nested_branch_dag.py took 0.069 seconds
[2024-10-19T00:24:19.526+0000] {processor.py:186} INFO - Started process (PID=2453) to work on /home/airflow/.local/lib/python3.12/site-packages/airflow/example_dags/example_nested_branch_dag.py
[2024-10-19T00:24:19.527+0000] {processor.py:914} INFO - Processing file /home/airflow/.local/lib/python3.12/site-packages/airflow/example_dags/example_nested_branch_dag.py for tasks to queue
[2024-10-19T00:24:19.529+0000] {logging_mixin.py:190} INFO - [2024-10-19T00:24:19.529+0000] {dagbag.py:588} INFO - Filling up the DagBag from /home/airflow/.local/lib/python3.12/site-packages/airflow/example_dags/example_nested_branch_dag.py
[2024-10-19T00:24:19.538+0000] {processor.py:925} INFO - DAG(s) 'example_nested_branch_dag' retrieved from /home/airflow/.local/lib/python3.12/site-packages/airflow/example_dags/example_nested_branch_dag.py
[2024-10-19T00:24:19.558+0000] {logging_mixin.py:190} INFO - [2024-10-19T00:24:19.558+0000] {dag.py:3239} INFO - Sync 1 DAGs
[2024-10-19T00:24:19.578+0000] {logging_mixin.py:190} INFO - [2024-10-19T00:24:19.577+0000] {dag.py:4180} INFO - Setting next_dagrun for example_nested_branch_dag to 2024-10-18 00:00:00+00:00, run_after=2024-10-19 00:00:00+00:00
[2024-10-19T00:24:19.595+0000] {processor.py:208} INFO - Processing /home/airflow/.local/lib/python3.12/site-packages/airflow/example_dags/example_nested_branch_dag.py took 0.075 seconds
[2024-10-19T00:24:50.109+0000] {processor.py:186} INFO - Started process (PID=2515) to work on /home/airflow/.local/lib/python3.12/site-packages/airflow/example_dags/example_nested_branch_dag.py
[2024-10-19T00:24:50.110+0000] {processor.py:914} INFO - Processing file /home/airflow/.local/lib/python3.12/site-packages/airflow/example_dags/example_nested_branch_dag.py for tasks to queue
[2024-10-19T00:24:50.113+0000] {logging_mixin.py:190} INFO - [2024-10-19T00:24:50.112+0000] {dagbag.py:588} INFO - Filling up the DagBag from /home/airflow/.local/lib/python3.12/site-packages/airflow/example_dags/example_nested_branch_dag.py
[2024-10-19T00:24:50.123+0000] {processor.py:925} INFO - DAG(s) 'example_nested_branch_dag' retrieved from /home/airflow/.local/lib/python3.12/site-packages/airflow/example_dags/example_nested_branch_dag.py
[2024-10-19T00:24:50.140+0000] {logging_mixin.py:190} INFO - [2024-10-19T00:24:50.140+0000] {dag.py:3239} INFO - Sync 1 DAGs
[2024-10-19T00:24:50.159+0000] {logging_mixin.py:190} INFO - [2024-10-19T00:24:50.159+0000] {dag.py:4180} INFO - Setting next_dagrun for example_nested_branch_dag to 2024-10-18 00:00:00+00:00, run_after=2024-10-19 00:00:00+00:00
[2024-10-19T00:24:50.177+0000] {processor.py:208} INFO - Processing /home/airflow/.local/lib/python3.12/site-packages/airflow/example_dags/example_nested_branch_dag.py took 0.074 seconds
[2024-10-19T00:25:21.181+0000] {processor.py:186} INFO - Started process (PID=2576) to work on /home/airflow/.local/lib/python3.12/site-packages/airflow/example_dags/example_nested_branch_dag.py
[2024-10-19T00:25:21.182+0000] {processor.py:914} INFO - Processing file /home/airflow/.local/lib/python3.12/site-packages/airflow/example_dags/example_nested_branch_dag.py for tasks to queue
[2024-10-19T00:25:21.185+0000] {logging_mixin.py:190} INFO - [2024-10-19T00:25:21.184+0000] {dagbag.py:588} INFO - Filling up the DagBag from /home/airflow/.local/lib/python3.12/site-packages/airflow/example_dags/example_nested_branch_dag.py
[2024-10-19T00:25:21.193+0000] {processor.py:925} INFO - DAG(s) 'example_nested_branch_dag' retrieved from /home/airflow/.local/lib/python3.12/site-packages/airflow/example_dags/example_nested_branch_dag.py
[2024-10-19T00:25:21.215+0000] {logging_mixin.py:190} INFO - [2024-10-19T00:25:21.215+0000] {dag.py:3239} INFO - Sync 1 DAGs
[2024-10-19T00:25:21.240+0000] {logging_mixin.py:190} INFO - [2024-10-19T00:25:21.240+0000] {dag.py:4180} INFO - Setting next_dagrun for example_nested_branch_dag to 2024-10-18 00:00:00+00:00, run_after=2024-10-19 00:00:00+00:00
[2024-10-19T00:25:21.262+0000] {processor.py:208} INFO - Processing /home/airflow/.local/lib/python3.12/site-packages/airflow/example_dags/example_nested_branch_dag.py took 0.085 seconds
[2024-10-19T00:25:52.280+0000] {processor.py:186} INFO - Started process (PID=2644) to work on /home/airflow/.local/lib/python3.12/site-packages/airflow/example_dags/example_nested_branch_dag.py
[2024-10-19T00:25:52.281+0000] {processor.py:914} INFO - Processing file /home/airflow/.local/lib/python3.12/site-packages/airflow/example_dags/example_nested_branch_dag.py for tasks to queue
[2024-10-19T00:25:52.283+0000] {logging_mixin.py:190} INFO - [2024-10-19T00:25:52.283+0000] {dagbag.py:588} INFO - Filling up the DagBag from /home/airflow/.local/lib/python3.12/site-packages/airflow/example_dags/example_nested_branch_dag.py
[2024-10-19T00:25:52.293+0000] {processor.py:925} INFO - DAG(s) 'example_nested_branch_dag' retrieved from /home/airflow/.local/lib/python3.12/site-packages/airflow/example_dags/example_nested_branch_dag.py
[2024-10-19T00:25:52.313+0000] {logging_mixin.py:190} INFO - [2024-10-19T00:25:52.312+0000] {dag.py:3239} INFO - Sync 1 DAGs
[2024-10-19T00:25:52.334+0000] {logging_mixin.py:190} INFO - [2024-10-19T00:25:52.333+0000] {dag.py:4180} INFO - Setting next_dagrun for example_nested_branch_dag to 2024-10-18 00:00:00+00:00, run_after=2024-10-19 00:00:00+00:00
[2024-10-19T00:25:52.351+0000] {processor.py:208} INFO - Processing /home/airflow/.local/lib/python3.12/site-packages/airflow/example_dags/example_nested_branch_dag.py took 0.077 seconds
[2024-10-19T00:26:22.413+0000] {processor.py:186} INFO - Started process (PID=2706) to work on /home/airflow/.local/lib/python3.12/site-packages/airflow/example_dags/example_nested_branch_dag.py
[2024-10-19T00:26:22.414+0000] {processor.py:914} INFO - Processing file /home/airflow/.local/lib/python3.12/site-packages/airflow/example_dags/example_nested_branch_dag.py for tasks to queue
[2024-10-19T00:26:22.416+0000] {logging_mixin.py:190} INFO - [2024-10-19T00:26:22.416+0000] {dagbag.py:588} INFO - Filling up the DagBag from /home/airflow/.local/lib/python3.12/site-packages/airflow/example_dags/example_nested_branch_dag.py
[2024-10-19T00:26:22.424+0000] {processor.py:925} INFO - DAG(s) 'example_nested_branch_dag' retrieved from /home/airflow/.local/lib/python3.12/site-packages/airflow/example_dags/example_nested_branch_dag.py
[2024-10-19T00:26:22.444+0000] {logging_mixin.py:190} INFO - [2024-10-19T00:26:22.444+0000] {dag.py:3239} INFO - Sync 1 DAGs
[2024-10-19T00:26:22.464+0000] {logging_mixin.py:190} INFO - [2024-10-19T00:26:22.463+0000] {dag.py:4180} INFO - Setting next_dagrun for example_nested_branch_dag to 2024-10-18 00:00:00+00:00, run_after=2024-10-19 00:00:00+00:00
[2024-10-19T00:26:22.481+0000] {processor.py:208} INFO - Processing /home/airflow/.local/lib/python3.12/site-packages/airflow/example_dags/example_nested_branch_dag.py took 0.072 seconds
[2024-10-19T00:26:53.156+0000] {processor.py:186} INFO - Started process (PID=2767) to work on /home/airflow/.local/lib/python3.12/site-packages/airflow/example_dags/example_nested_branch_dag.py
[2024-10-19T00:26:53.158+0000] {processor.py:914} INFO - Processing file /home/airflow/.local/lib/python3.12/site-packages/airflow/example_dags/example_nested_branch_dag.py for tasks to queue
[2024-10-19T00:26:53.162+0000] {logging_mixin.py:190} INFO - [2024-10-19T00:26:53.161+0000] {dagbag.py:588} INFO - Filling up the DagBag from /home/airflow/.local/lib/python3.12/site-packages/airflow/example_dags/example_nested_branch_dag.py
[2024-10-19T00:26:53.185+0000] {processor.py:925} INFO - DAG(s) 'example_nested_branch_dag' retrieved from /home/airflow/.local/lib/python3.12/site-packages/airflow/example_dags/example_nested_branch_dag.py
[2024-10-19T00:26:53.226+0000] {logging_mixin.py:190} INFO - [2024-10-19T00:26:53.225+0000] {dag.py:3239} INFO - Sync 1 DAGs
[2024-10-19T00:26:53.270+0000] {logging_mixin.py:190} INFO - [2024-10-19T00:26:53.270+0000] {dag.py:4180} INFO - Setting next_dagrun for example_nested_branch_dag to 2024-10-18 00:00:00+00:00, run_after=2024-10-19 00:00:00+00:00
[2024-10-19T00:26:53.304+0000] {processor.py:208} INFO - Processing /home/airflow/.local/lib/python3.12/site-packages/airflow/example_dags/example_nested_branch_dag.py took 0.157 seconds
[2024-10-19T00:27:23.967+0000] {processor.py:186} INFO - Started process (PID=2828) to work on /home/airflow/.local/lib/python3.12/site-packages/airflow/example_dags/example_nested_branch_dag.py
[2024-10-19T00:27:23.968+0000] {processor.py:914} INFO - Processing file /home/airflow/.local/lib/python3.12/site-packages/airflow/example_dags/example_nested_branch_dag.py for tasks to queue
[2024-10-19T00:27:23.971+0000] {logging_mixin.py:190} INFO - [2024-10-19T00:27:23.970+0000] {dagbag.py:588} INFO - Filling up the DagBag from /home/airflow/.local/lib/python3.12/site-packages/airflow/example_dags/example_nested_branch_dag.py
[2024-10-19T00:27:23.979+0000] {processor.py:925} INFO - DAG(s) 'example_nested_branch_dag' retrieved from /home/airflow/.local/lib/python3.12/site-packages/airflow/example_dags/example_nested_branch_dag.py
[2024-10-19T00:27:23.997+0000] {logging_mixin.py:190} INFO - [2024-10-19T00:27:23.997+0000] {dag.py:3239} INFO - Sync 1 DAGs
[2024-10-19T00:27:24.015+0000] {logging_mixin.py:190} INFO - [2024-10-19T00:27:24.015+0000] {dag.py:4180} INFO - Setting next_dagrun for example_nested_branch_dag to 2024-10-18 00:00:00+00:00, run_after=2024-10-19 00:00:00+00:00
[2024-10-19T00:27:24.036+0000] {processor.py:208} INFO - Processing /home/airflow/.local/lib/python3.12/site-packages/airflow/example_dags/example_nested_branch_dag.py took 0.074 seconds
[2024-10-19T00:27:55.427+0000] {processor.py:186} INFO - Started process (PID=2891) to work on /home/airflow/.local/lib/python3.12/site-packages/airflow/example_dags/example_nested_branch_dag.py
[2024-10-19T00:27:55.428+0000] {processor.py:914} INFO - Processing file /home/airflow/.local/lib/python3.12/site-packages/airflow/example_dags/example_nested_branch_dag.py for tasks to queue
[2024-10-19T00:27:55.430+0000] {logging_mixin.py:190} INFO - [2024-10-19T00:27:55.430+0000] {dagbag.py:588} INFO - Filling up the DagBag from /home/airflow/.local/lib/python3.12/site-packages/airflow/example_dags/example_nested_branch_dag.py
[2024-10-19T00:27:55.441+0000] {processor.py:925} INFO - DAG(s) 'example_nested_branch_dag' retrieved from /home/airflow/.local/lib/python3.12/site-packages/airflow/example_dags/example_nested_branch_dag.py
[2024-10-19T00:27:55.605+0000] {logging_mixin.py:190} INFO - [2024-10-19T00:27:55.605+0000] {dag.py:3239} INFO - Sync 1 DAGs
[2024-10-19T00:27:55.624+0000] {logging_mixin.py:190} INFO - [2024-10-19T00:27:55.623+0000] {dag.py:4180} INFO - Setting next_dagrun for example_nested_branch_dag to 2024-10-18 00:00:00+00:00, run_after=2024-10-19 00:00:00+00:00
[2024-10-19T00:27:55.642+0000] {processor.py:208} INFO - Processing /home/airflow/.local/lib/python3.12/site-packages/airflow/example_dags/example_nested_branch_dag.py took 0.221 seconds
[2024-10-19T00:28:25.771+0000] {processor.py:186} INFO - Started process (PID=2953) to work on /home/airflow/.local/lib/python3.12/site-packages/airflow/example_dags/example_nested_branch_dag.py
[2024-10-19T00:28:25.772+0000] {processor.py:914} INFO - Processing file /home/airflow/.local/lib/python3.12/site-packages/airflow/example_dags/example_nested_branch_dag.py for tasks to queue
[2024-10-19T00:28:25.774+0000] {logging_mixin.py:190} INFO - [2024-10-19T00:28:25.773+0000] {dagbag.py:588} INFO - Filling up the DagBag from /home/airflow/.local/lib/python3.12/site-packages/airflow/example_dags/example_nested_branch_dag.py
[2024-10-19T00:28:25.782+0000] {processor.py:925} INFO - DAG(s) 'example_nested_branch_dag' retrieved from /home/airflow/.local/lib/python3.12/site-packages/airflow/example_dags/example_nested_branch_dag.py
[2024-10-19T00:28:25.800+0000] {logging_mixin.py:190} INFO - [2024-10-19T00:28:25.800+0000] {dag.py:3239} INFO - Sync 1 DAGs
[2024-10-19T00:28:25.818+0000] {logging_mixin.py:190} INFO - [2024-10-19T00:28:25.818+0000] {dag.py:4180} INFO - Setting next_dagrun for example_nested_branch_dag to 2024-10-18 00:00:00+00:00, run_after=2024-10-19 00:00:00+00:00
[2024-10-19T00:28:25.836+0000] {processor.py:208} INFO - Processing /home/airflow/.local/lib/python3.12/site-packages/airflow/example_dags/example_nested_branch_dag.py took 0.070 seconds
[2024-10-19T00:28:56.529+0000] {processor.py:186} INFO - Started process (PID=3014) to work on /home/airflow/.local/lib/python3.12/site-packages/airflow/example_dags/example_nested_branch_dag.py
[2024-10-19T00:28:56.530+0000] {processor.py:914} INFO - Processing file /home/airflow/.local/lib/python3.12/site-packages/airflow/example_dags/example_nested_branch_dag.py for tasks to queue
[2024-10-19T00:28:56.533+0000] {logging_mixin.py:190} INFO - [2024-10-19T00:28:56.532+0000] {dagbag.py:588} INFO - Filling up the DagBag from /home/airflow/.local/lib/python3.12/site-packages/airflow/example_dags/example_nested_branch_dag.py
[2024-10-19T00:28:56.542+0000] {processor.py:925} INFO - DAG(s) 'example_nested_branch_dag' retrieved from /home/airflow/.local/lib/python3.12/site-packages/airflow/example_dags/example_nested_branch_dag.py
[2024-10-19T00:28:56.560+0000] {logging_mixin.py:190} INFO - [2024-10-19T00:28:56.560+0000] {dag.py:3239} INFO - Sync 1 DAGs
[2024-10-19T00:28:56.580+0000] {logging_mixin.py:190} INFO - [2024-10-19T00:28:56.580+0000] {dag.py:4180} INFO - Setting next_dagrun for example_nested_branch_dag to 2024-10-18 00:00:00+00:00, run_after=2024-10-19 00:00:00+00:00
[2024-10-19T00:28:56.597+0000] {processor.py:208} INFO - Processing /home/airflow/.local/lib/python3.12/site-packages/airflow/example_dags/example_nested_branch_dag.py took 0.073 seconds
[2024-10-19T00:29:27.267+0000] {processor.py:186} INFO - Started process (PID=3077) to work on /home/airflow/.local/lib/python3.12/site-packages/airflow/example_dags/example_nested_branch_dag.py
[2024-10-19T00:29:27.268+0000] {processor.py:914} INFO - Processing file /home/airflow/.local/lib/python3.12/site-packages/airflow/example_dags/example_nested_branch_dag.py for tasks to queue
[2024-10-19T00:29:27.270+0000] {logging_mixin.py:190} INFO - [2024-10-19T00:29:27.270+0000] {dagbag.py:588} INFO - Filling up the DagBag from /home/airflow/.local/lib/python3.12/site-packages/airflow/example_dags/example_nested_branch_dag.py
[2024-10-19T00:29:27.279+0000] {processor.py:925} INFO - DAG(s) 'example_nested_branch_dag' retrieved from /home/airflow/.local/lib/python3.12/site-packages/airflow/example_dags/example_nested_branch_dag.py
[2024-10-19T00:29:27.295+0000] {logging_mixin.py:190} INFO - [2024-10-19T00:29:27.294+0000] {dag.py:3239} INFO - Sync 1 DAGs
[2024-10-19T00:29:27.313+0000] {logging_mixin.py:190} INFO - [2024-10-19T00:29:27.312+0000] {dag.py:4180} INFO - Setting next_dagrun for example_nested_branch_dag to 2024-10-18 00:00:00+00:00, run_after=2024-10-19 00:00:00+00:00
[2024-10-19T00:29:27.328+0000] {processor.py:208} INFO - Processing /home/airflow/.local/lib/python3.12/site-packages/airflow/example_dags/example_nested_branch_dag.py took 0.066 seconds
[2024-10-19T00:29:57.703+0000] {processor.py:186} INFO - Started process (PID=3139) to work on /home/airflow/.local/lib/python3.12/site-packages/airflow/example_dags/example_nested_branch_dag.py
[2024-10-19T00:29:57.703+0000] {processor.py:914} INFO - Processing file /home/airflow/.local/lib/python3.12/site-packages/airflow/example_dags/example_nested_branch_dag.py for tasks to queue
[2024-10-19T00:29:57.705+0000] {logging_mixin.py:190} INFO - [2024-10-19T00:29:57.705+0000] {dagbag.py:588} INFO - Filling up the DagBag from /home/airflow/.local/lib/python3.12/site-packages/airflow/example_dags/example_nested_branch_dag.py
[2024-10-19T00:29:57.714+0000] {processor.py:925} INFO - DAG(s) 'example_nested_branch_dag' retrieved from /home/airflow/.local/lib/python3.12/site-packages/airflow/example_dags/example_nested_branch_dag.py
[2024-10-19T00:29:57.730+0000] {logging_mixin.py:190} INFO - [2024-10-19T00:29:57.730+0000] {dag.py:3239} INFO - Sync 1 DAGs
[2024-10-19T00:29:57.748+0000] {logging_mixin.py:190} INFO - [2024-10-19T00:29:57.748+0000] {dag.py:4180} INFO - Setting next_dagrun for example_nested_branch_dag to 2024-10-18 00:00:00+00:00, run_after=2024-10-19 00:00:00+00:00
[2024-10-19T00:29:57.764+0000] {processor.py:208} INFO - Processing /home/airflow/.local/lib/python3.12/site-packages/airflow/example_dags/example_nested_branch_dag.py took 0.066 seconds
[2024-10-19T00:30:27.997+0000] {processor.py:186} INFO - Started process (PID=3201) to work on /home/airflow/.local/lib/python3.12/site-packages/airflow/example_dags/example_nested_branch_dag.py
[2024-10-19T00:30:27.998+0000] {processor.py:914} INFO - Processing file /home/airflow/.local/lib/python3.12/site-packages/airflow/example_dags/example_nested_branch_dag.py for tasks to queue
[2024-10-19T00:30:28.000+0000] {logging_mixin.py:190} INFO - [2024-10-19T00:30:28.000+0000] {dagbag.py:588} INFO - Filling up the DagBag from /home/airflow/.local/lib/python3.12/site-packages/airflow/example_dags/example_nested_branch_dag.py
[2024-10-19T00:30:28.009+0000] {processor.py:925} INFO - DAG(s) 'example_nested_branch_dag' retrieved from /home/airflow/.local/lib/python3.12/site-packages/airflow/example_dags/example_nested_branch_dag.py
[2024-10-19T00:30:28.026+0000] {logging_mixin.py:190} INFO - [2024-10-19T00:30:28.026+0000] {dag.py:3239} INFO - Sync 1 DAGs
[2024-10-19T00:30:28.044+0000] {logging_mixin.py:190} INFO - [2024-10-19T00:30:28.044+0000] {dag.py:4180} INFO - Setting next_dagrun for example_nested_branch_dag to 2024-10-18 00:00:00+00:00, run_after=2024-10-19 00:00:00+00:00
[2024-10-19T00:30:28.061+0000] {processor.py:208} INFO - Processing /home/airflow/.local/lib/python3.12/site-packages/airflow/example_dags/example_nested_branch_dag.py took 0.068 seconds
[2024-10-19T00:30:58.445+0000] {processor.py:186} INFO - Started process (PID=3263) to work on /home/airflow/.local/lib/python3.12/site-packages/airflow/example_dags/example_nested_branch_dag.py
[2024-10-19T00:30:58.446+0000] {processor.py:914} INFO - Processing file /home/airflow/.local/lib/python3.12/site-packages/airflow/example_dags/example_nested_branch_dag.py for tasks to queue
[2024-10-19T00:30:58.448+0000] {logging_mixin.py:190} INFO - [2024-10-19T00:30:58.447+0000] {dagbag.py:588} INFO - Filling up the DagBag from /home/airflow/.local/lib/python3.12/site-packages/airflow/example_dags/example_nested_branch_dag.py
[2024-10-19T00:30:58.457+0000] {processor.py:925} INFO - DAG(s) 'example_nested_branch_dag' retrieved from /home/airflow/.local/lib/python3.12/site-packages/airflow/example_dags/example_nested_branch_dag.py
[2024-10-19T00:30:58.474+0000] {logging_mixin.py:190} INFO - [2024-10-19T00:30:58.474+0000] {dag.py:3239} INFO - Sync 1 DAGs
[2024-10-19T00:30:58.493+0000] {logging_mixin.py:190} INFO - [2024-10-19T00:30:58.492+0000] {dag.py:4180} INFO - Setting next_dagrun for example_nested_branch_dag to 2024-10-18 00:00:00+00:00, run_after=2024-10-19 00:00:00+00:00
[2024-10-19T00:30:58.509+0000] {processor.py:208} INFO - Processing /home/airflow/.local/lib/python3.12/site-packages/airflow/example_dags/example_nested_branch_dag.py took 0.069 seconds
[2024-10-19T00:31:28.844+0000] {processor.py:186} INFO - Started process (PID=3325) to work on /home/airflow/.local/lib/python3.12/site-packages/airflow/example_dags/example_nested_branch_dag.py
[2024-10-19T00:31:28.845+0000] {processor.py:914} INFO - Processing file /home/airflow/.local/lib/python3.12/site-packages/airflow/example_dags/example_nested_branch_dag.py for tasks to queue
[2024-10-19T00:31:28.847+0000] {logging_mixin.py:190} INFO - [2024-10-19T00:31:28.847+0000] {dagbag.py:588} INFO - Filling up the DagBag from /home/airflow/.local/lib/python3.12/site-packages/airflow/example_dags/example_nested_branch_dag.py
[2024-10-19T00:31:28.855+0000] {processor.py:925} INFO - DAG(s) 'example_nested_branch_dag' retrieved from /home/airflow/.local/lib/python3.12/site-packages/airflow/example_dags/example_nested_branch_dag.py
[2024-10-19T00:31:28.872+0000] {logging_mixin.py:190} INFO - [2024-10-19T00:31:28.872+0000] {dag.py:3239} INFO - Sync 1 DAGs
[2024-10-19T00:31:28.890+0000] {logging_mixin.py:190} INFO - [2024-10-19T00:31:28.890+0000] {dag.py:4180} INFO - Setting next_dagrun for example_nested_branch_dag to 2024-10-18 00:00:00+00:00, run_after=2024-10-19 00:00:00+00:00
[2024-10-19T00:31:28.910+0000] {processor.py:208} INFO - Processing /home/airflow/.local/lib/python3.12/site-packages/airflow/example_dags/example_nested_branch_dag.py took 0.070 seconds
[2024-10-19T00:31:59.339+0000] {processor.py:186} INFO - Started process (PID=3387) to work on /home/airflow/.local/lib/python3.12/site-packages/airflow/example_dags/example_nested_branch_dag.py
[2024-10-19T00:31:59.340+0000] {processor.py:914} INFO - Processing file /home/airflow/.local/lib/python3.12/site-packages/airflow/example_dags/example_nested_branch_dag.py for tasks to queue
[2024-10-19T00:31:59.342+0000] {logging_mixin.py:190} INFO - [2024-10-19T00:31:59.342+0000] {dagbag.py:588} INFO - Filling up the DagBag from /home/airflow/.local/lib/python3.12/site-packages/airflow/example_dags/example_nested_branch_dag.py
[2024-10-19T00:31:59.351+0000] {processor.py:925} INFO - DAG(s) 'example_nested_branch_dag' retrieved from /home/airflow/.local/lib/python3.12/site-packages/airflow/example_dags/example_nested_branch_dag.py
[2024-10-19T00:31:59.368+0000] {logging_mixin.py:190} INFO - [2024-10-19T00:31:59.368+0000] {dag.py:3239} INFO - Sync 1 DAGs
[2024-10-19T00:31:59.386+0000] {logging_mixin.py:190} INFO - [2024-10-19T00:31:59.386+0000] {dag.py:4180} INFO - Setting next_dagrun for example_nested_branch_dag to 2024-10-18 00:00:00+00:00, run_after=2024-10-19 00:00:00+00:00
[2024-10-19T00:31:59.402+0000] {processor.py:208} INFO - Processing /home/airflow/.local/lib/python3.12/site-packages/airflow/example_dags/example_nested_branch_dag.py took 0.068 seconds
[2024-10-19T00:32:29.760+0000] {processor.py:186} INFO - Started process (PID=3449) to work on /home/airflow/.local/lib/python3.12/site-packages/airflow/example_dags/example_nested_branch_dag.py
[2024-10-19T00:32:29.761+0000] {processor.py:914} INFO - Processing file /home/airflow/.local/lib/python3.12/site-packages/airflow/example_dags/example_nested_branch_dag.py for tasks to queue
[2024-10-19T00:32:29.763+0000] {logging_mixin.py:190} INFO - [2024-10-19T00:32:29.763+0000] {dagbag.py:588} INFO - Filling up the DagBag from /home/airflow/.local/lib/python3.12/site-packages/airflow/example_dags/example_nested_branch_dag.py
[2024-10-19T00:32:29.772+0000] {processor.py:925} INFO - DAG(s) 'example_nested_branch_dag' retrieved from /home/airflow/.local/lib/python3.12/site-packages/airflow/example_dags/example_nested_branch_dag.py
[2024-10-19T00:32:29.789+0000] {logging_mixin.py:190} INFO - [2024-10-19T00:32:29.789+0000] {dag.py:3239} INFO - Sync 1 DAGs
[2024-10-19T00:32:29.807+0000] {logging_mixin.py:190} INFO - [2024-10-19T00:32:29.807+0000] {dag.py:4180} INFO - Setting next_dagrun for example_nested_branch_dag to 2024-10-18 00:00:00+00:00, run_after=2024-10-19 00:00:00+00:00
[2024-10-19T00:32:29.823+0000] {processor.py:208} INFO - Processing /home/airflow/.local/lib/python3.12/site-packages/airflow/example_dags/example_nested_branch_dag.py took 0.067 seconds
[2024-10-19T00:33:00.200+0000] {processor.py:186} INFO - Started process (PID=3512) to work on /home/airflow/.local/lib/python3.12/site-packages/airflow/example_dags/example_nested_branch_dag.py
[2024-10-19T00:33:00.201+0000] {processor.py:914} INFO - Processing file /home/airflow/.local/lib/python3.12/site-packages/airflow/example_dags/example_nested_branch_dag.py for tasks to queue
[2024-10-19T00:33:00.203+0000] {logging_mixin.py:190} INFO - [2024-10-19T00:33:00.203+0000] {dagbag.py:588} INFO - Filling up the DagBag from /home/airflow/.local/lib/python3.12/site-packages/airflow/example_dags/example_nested_branch_dag.py
[2024-10-19T00:33:00.212+0000] {processor.py:925} INFO - DAG(s) 'example_nested_branch_dag' retrieved from /home/airflow/.local/lib/python3.12/site-packages/airflow/example_dags/example_nested_branch_dag.py
[2024-10-19T00:33:00.232+0000] {logging_mixin.py:190} INFO - [2024-10-19T00:33:00.231+0000] {dag.py:3239} INFO - Sync 1 DAGs
[2024-10-19T00:33:00.251+0000] {logging_mixin.py:190} INFO - [2024-10-19T00:33:00.250+0000] {dag.py:4180} INFO - Setting next_dagrun for example_nested_branch_dag to 2024-10-18 00:00:00+00:00, run_after=2024-10-19 00:00:00+00:00
[2024-10-19T00:33:00.268+0000] {processor.py:208} INFO - Processing /home/airflow/.local/lib/python3.12/site-packages/airflow/example_dags/example_nested_branch_dag.py took 0.073 seconds
[2024-10-19T00:33:30.535+0000] {processor.py:186} INFO - Started process (PID=3574) to work on /home/airflow/.local/lib/python3.12/site-packages/airflow/example_dags/example_nested_branch_dag.py
[2024-10-19T00:33:30.536+0000] {processor.py:914} INFO - Processing file /home/airflow/.local/lib/python3.12/site-packages/airflow/example_dags/example_nested_branch_dag.py for tasks to queue
[2024-10-19T00:33:30.538+0000] {logging_mixin.py:190} INFO - [2024-10-19T00:33:30.538+0000] {dagbag.py:588} INFO - Filling up the DagBag from /home/airflow/.local/lib/python3.12/site-packages/airflow/example_dags/example_nested_branch_dag.py
[2024-10-19T00:33:30.549+0000] {processor.py:925} INFO - DAG(s) 'example_nested_branch_dag' retrieved from /home/airflow/.local/lib/python3.12/site-packages/airflow/example_dags/example_nested_branch_dag.py
[2024-10-19T00:33:30.567+0000] {logging_mixin.py:190} INFO - [2024-10-19T00:33:30.567+0000] {dag.py:3239} INFO - Sync 1 DAGs
[2024-10-19T00:33:30.587+0000] {logging_mixin.py:190} INFO - [2024-10-19T00:33:30.587+0000] {dag.py:4180} INFO - Setting next_dagrun for example_nested_branch_dag to 2024-10-18 00:00:00+00:00, run_after=2024-10-19 00:00:00+00:00
[2024-10-19T00:33:30.606+0000] {processor.py:208} INFO - Processing /home/airflow/.local/lib/python3.12/site-packages/airflow/example_dags/example_nested_branch_dag.py took 0.076 seconds
[2024-10-19T00:34:01.026+0000] {processor.py:186} INFO - Started process (PID=3636) to work on /home/airflow/.local/lib/python3.12/site-packages/airflow/example_dags/example_nested_branch_dag.py
[2024-10-19T00:34:01.027+0000] {processor.py:914} INFO - Processing file /home/airflow/.local/lib/python3.12/site-packages/airflow/example_dags/example_nested_branch_dag.py for tasks to queue
[2024-10-19T00:34:01.029+0000] {logging_mixin.py:190} INFO - [2024-10-19T00:34:01.029+0000] {dagbag.py:588} INFO - Filling up the DagBag from /home/airflow/.local/lib/python3.12/site-packages/airflow/example_dags/example_nested_branch_dag.py
[2024-10-19T00:34:01.038+0000] {processor.py:925} INFO - DAG(s) 'example_nested_branch_dag' retrieved from /home/airflow/.local/lib/python3.12/site-packages/airflow/example_dags/example_nested_branch_dag.py
[2024-10-19T00:34:01.056+0000] {logging_mixin.py:190} INFO - [2024-10-19T00:34:01.055+0000] {dag.py:3239} INFO - Sync 1 DAGs
[2024-10-19T00:34:01.075+0000] {logging_mixin.py:190} INFO - [2024-10-19T00:34:01.075+0000] {dag.py:4180} INFO - Setting next_dagrun for example_nested_branch_dag to 2024-10-18 00:00:00+00:00, run_after=2024-10-19 00:00:00+00:00
[2024-10-19T00:34:01.093+0000] {processor.py:208} INFO - Processing /home/airflow/.local/lib/python3.12/site-packages/airflow/example_dags/example_nested_branch_dag.py took 0.071 seconds
[2024-10-19T00:34:31.384+0000] {processor.py:186} INFO - Started process (PID=3698) to work on /home/airflow/.local/lib/python3.12/site-packages/airflow/example_dags/example_nested_branch_dag.py
[2024-10-19T00:34:31.385+0000] {processor.py:914} INFO - Processing file /home/airflow/.local/lib/python3.12/site-packages/airflow/example_dags/example_nested_branch_dag.py for tasks to queue
[2024-10-19T00:34:31.387+0000] {logging_mixin.py:190} INFO - [2024-10-19T00:34:31.387+0000] {dagbag.py:588} INFO - Filling up the DagBag from /home/airflow/.local/lib/python3.12/site-packages/airflow/example_dags/example_nested_branch_dag.py
[2024-10-19T00:34:31.397+0000] {processor.py:925} INFO - DAG(s) 'example_nested_branch_dag' retrieved from /home/airflow/.local/lib/python3.12/site-packages/airflow/example_dags/example_nested_branch_dag.py
[2024-10-19T00:34:31.415+0000] {logging_mixin.py:190} INFO - [2024-10-19T00:34:31.415+0000] {dag.py:3239} INFO - Sync 1 DAGs
[2024-10-19T00:34:31.436+0000] {logging_mixin.py:190} INFO - [2024-10-19T00:34:31.435+0000] {dag.py:4180} INFO - Setting next_dagrun for example_nested_branch_dag to 2024-10-18 00:00:00+00:00, run_after=2024-10-19 00:00:00+00:00
[2024-10-19T00:34:31.452+0000] {processor.py:208} INFO - Processing /home/airflow/.local/lib/python3.12/site-packages/airflow/example_dags/example_nested_branch_dag.py took 0.073 seconds
[2024-10-19T00:35:01.776+0000] {processor.py:186} INFO - Started process (PID=3759) to work on /home/airflow/.local/lib/python3.12/site-packages/airflow/example_dags/example_nested_branch_dag.py
[2024-10-19T00:35:01.777+0000] {processor.py:914} INFO - Processing file /home/airflow/.local/lib/python3.12/site-packages/airflow/example_dags/example_nested_branch_dag.py for tasks to queue
[2024-10-19T00:35:01.779+0000] {logging_mixin.py:190} INFO - [2024-10-19T00:35:01.779+0000] {dagbag.py:588} INFO - Filling up the DagBag from /home/airflow/.local/lib/python3.12/site-packages/airflow/example_dags/example_nested_branch_dag.py
[2024-10-19T00:35:01.789+0000] {processor.py:925} INFO - DAG(s) 'example_nested_branch_dag' retrieved from /home/airflow/.local/lib/python3.12/site-packages/airflow/example_dags/example_nested_branch_dag.py
[2024-10-19T00:35:01.805+0000] {logging_mixin.py:190} INFO - [2024-10-19T00:35:01.804+0000] {dag.py:3239} INFO - Sync 1 DAGs
[2024-10-19T00:35:01.822+0000] {logging_mixin.py:190} INFO - [2024-10-19T00:35:01.822+0000] {dag.py:4180} INFO - Setting next_dagrun for example_nested_branch_dag to 2024-10-18 00:00:00+00:00, run_after=2024-10-19 00:00:00+00:00
[2024-10-19T00:35:01.839+0000] {processor.py:208} INFO - Processing /home/airflow/.local/lib/python3.12/site-packages/airflow/example_dags/example_nested_branch_dag.py took 0.067 seconds
[2024-10-19T00:35:32.235+0000] {processor.py:186} INFO - Started process (PID=3821) to work on /home/airflow/.local/lib/python3.12/site-packages/airflow/example_dags/example_nested_branch_dag.py
[2024-10-19T00:35:32.236+0000] {processor.py:914} INFO - Processing file /home/airflow/.local/lib/python3.12/site-packages/airflow/example_dags/example_nested_branch_dag.py for tasks to queue
[2024-10-19T00:35:32.238+0000] {logging_mixin.py:190} INFO - [2024-10-19T00:35:32.238+0000] {dagbag.py:588} INFO - Filling up the DagBag from /home/airflow/.local/lib/python3.12/site-packages/airflow/example_dags/example_nested_branch_dag.py
[2024-10-19T00:35:32.247+0000] {processor.py:925} INFO - DAG(s) 'example_nested_branch_dag' retrieved from /home/airflow/.local/lib/python3.12/site-packages/airflow/example_dags/example_nested_branch_dag.py
[2024-10-19T00:35:32.267+0000] {logging_mixin.py:190} INFO - [2024-10-19T00:35:32.267+0000] {dag.py:3239} INFO - Sync 1 DAGs
[2024-10-19T00:35:32.286+0000] {logging_mixin.py:190} INFO - [2024-10-19T00:35:32.285+0000] {dag.py:4180} INFO - Setting next_dagrun for example_nested_branch_dag to 2024-10-18 00:00:00+00:00, run_after=2024-10-19 00:00:00+00:00
[2024-10-19T00:35:32.306+0000] {processor.py:208} INFO - Processing /home/airflow/.local/lib/python3.12/site-packages/airflow/example_dags/example_nested_branch_dag.py took 0.076 seconds
[2024-10-19T00:36:02.882+0000] {processor.py:186} INFO - Started process (PID=3883) to work on /home/airflow/.local/lib/python3.12/site-packages/airflow/example_dags/example_nested_branch_dag.py
[2024-10-19T00:36:02.883+0000] {processor.py:914} INFO - Processing file /home/airflow/.local/lib/python3.12/site-packages/airflow/example_dags/example_nested_branch_dag.py for tasks to queue
[2024-10-19T00:36:02.886+0000] {logging_mixin.py:190} INFO - [2024-10-19T00:36:02.886+0000] {dagbag.py:588} INFO - Filling up the DagBag from /home/airflow/.local/lib/python3.12/site-packages/airflow/example_dags/example_nested_branch_dag.py
[2024-10-19T00:36:02.898+0000] {processor.py:925} INFO - DAG(s) 'example_nested_branch_dag' retrieved from /home/airflow/.local/lib/python3.12/site-packages/airflow/example_dags/example_nested_branch_dag.py
[2024-10-19T00:36:02.921+0000] {logging_mixin.py:190} INFO - [2024-10-19T00:36:02.920+0000] {dag.py:3239} INFO - Sync 1 DAGs
[2024-10-19T00:36:02.948+0000] {logging_mixin.py:190} INFO - [2024-10-19T00:36:02.947+0000] {dag.py:4180} INFO - Setting next_dagrun for example_nested_branch_dag to 2024-10-18 00:00:00+00:00, run_after=2024-10-19 00:00:00+00:00
[2024-10-19T00:36:02.973+0000] {processor.py:208} INFO - Processing /home/airflow/.local/lib/python3.12/site-packages/airflow/example_dags/example_nested_branch_dag.py took 0.097 seconds
