[2024-10-19T00:04:53.818+0000] {processor.py:186} INFO - Started process (PID=87) to work on /home/airflow/.local/lib/python3.12/site-packages/airflow/example_dags/example_branch_python_dop_operator_3.py
[2024-10-19T00:04:53.820+0000] {processor.py:914} INFO - Processing file /home/airflow/.local/lib/python3.12/site-packages/airflow/example_dags/example_branch_python_dop_operator_3.py for tasks to queue
[2024-10-19T00:04:53.823+0000] {logging_mixin.py:190} INFO - [2024-10-19T00:04:53.822+0000] {dagbag.py:588} INFO - Filling up the DagBag from /home/airflow/.local/lib/python3.12/site-packages/airflow/example_dags/example_branch_python_dop_operator_3.py
[2024-10-19T00:04:53.837+0000] {processor.py:925} INFO - DAG(s) 'example_branch_dop_operator_v3' retrieved from /home/airflow/.local/lib/python3.12/site-packages/airflow/example_dags/example_branch_python_dop_operator_3.py
[2024-10-19T00:04:53.951+0000] {logging_mixin.py:190} INFO - [2024-10-19T00:04:53.951+0000] {override.py:1900} INFO - Created Permission View: can delete on DAG:example_branch_dop_operator_v3
[2024-10-19T00:04:53.964+0000] {logging_mixin.py:190} INFO - [2024-10-19T00:04:53.964+0000] {override.py:1900} INFO - Created Permission View: can read on DAG:example_branch_dop_operator_v3
[2024-10-19T00:04:53.974+0000] {logging_mixin.py:190} INFO - [2024-10-19T00:04:53.973+0000] {override.py:1900} INFO - Created Permission View: can edit on DAG:example_branch_dop_operator_v3
[2024-10-19T00:04:53.986+0000] {logging_mixin.py:190} INFO - [2024-10-19T00:04:53.986+0000] {override.py:1900} INFO - Created Permission View: can delete on DAG Run:example_branch_dop_operator_v3
[2024-10-19T00:04:53.997+0000] {logging_mixin.py:190} INFO - [2024-10-19T00:04:53.997+0000] {override.py:1900} INFO - Created Permission View: can read on DAG Run:example_branch_dop_operator_v3
[2024-10-19T00:04:54.006+0000] {logging_mixin.py:190} INFO - [2024-10-19T00:04:54.006+0000] {override.py:1900} INFO - Created Permission View: menu access on DAG Run:example_branch_dop_operator_v3
[2024-10-19T00:04:54.014+0000] {logging_mixin.py:190} INFO - [2024-10-19T00:04:54.014+0000] {override.py:1900} INFO - Created Permission View: can create on DAG Run:example_branch_dop_operator_v3
[2024-10-19T00:04:54.015+0000] {logging_mixin.py:190} INFO - [2024-10-19T00:04:54.015+0000] {dag.py:3239} INFO - Sync 1 DAGs
[2024-10-19T00:04:54.028+0000] {logging_mixin.py:190} INFO - [2024-10-19T00:04:54.028+0000] {dag.py:3262} INFO - Creating ORM DAG for example_branch_dop_operator_v3
[2024-10-19T00:04:54.045+0000] {logging_mixin.py:190} INFO - [2024-10-19T00:04:54.044+0000] {dag.py:4180} INFO - Setting next_dagrun for example_branch_dop_operator_v3 to 2024-10-19 00:03:00+00:00, run_after=2024-10-19 00:04:00+00:00
[2024-10-19T00:04:54.066+0000] {processor.py:208} INFO - Processing /home/airflow/.local/lib/python3.12/site-packages/airflow/example_dags/example_branch_python_dop_operator_3.py took 0.255 seconds
[2024-10-19T00:05:24.300+0000] {processor.py:186} INFO - Started process (PID=149) to work on /home/airflow/.local/lib/python3.12/site-packages/airflow/example_dags/example_branch_python_dop_operator_3.py
[2024-10-19T00:05:24.301+0000] {processor.py:914} INFO - Processing file /home/airflow/.local/lib/python3.12/site-packages/airflow/example_dags/example_branch_python_dop_operator_3.py for tasks to queue
[2024-10-19T00:05:24.304+0000] {logging_mixin.py:190} INFO - [2024-10-19T00:05:24.303+0000] {dagbag.py:588} INFO - Filling up the DagBag from /home/airflow/.local/lib/python3.12/site-packages/airflow/example_dags/example_branch_python_dop_operator_3.py
[2024-10-19T00:05:24.312+0000] {processor.py:925} INFO - DAG(s) 'example_branch_dop_operator_v3' retrieved from /home/airflow/.local/lib/python3.12/site-packages/airflow/example_dags/example_branch_python_dop_operator_3.py
[2024-10-19T00:05:24.327+0000] {logging_mixin.py:190} INFO - [2024-10-19T00:05:24.327+0000] {dag.py:3239} INFO - Sync 1 DAGs
[2024-10-19T00:05:24.346+0000] {logging_mixin.py:190} INFO - [2024-10-19T00:05:24.346+0000] {dag.py:4180} INFO - Setting next_dagrun for example_branch_dop_operator_v3 to 2024-10-19 00:04:00+00:00, run_after=2024-10-19 00:05:00+00:00
[2024-10-19T00:05:24.364+0000] {processor.py:208} INFO - Processing /home/airflow/.local/lib/python3.12/site-packages/airflow/example_dags/example_branch_python_dop_operator_3.py took 0.068 seconds
[2024-10-19T00:05:55.873+0000] {processor.py:186} INFO - Started process (PID=211) to work on /home/airflow/.local/lib/python3.12/site-packages/airflow/example_dags/example_branch_python_dop_operator_3.py
[2024-10-19T00:05:55.875+0000] {processor.py:914} INFO - Processing file /home/airflow/.local/lib/python3.12/site-packages/airflow/example_dags/example_branch_python_dop_operator_3.py for tasks to queue
[2024-10-19T00:05:55.877+0000] {logging_mixin.py:190} INFO - [2024-10-19T00:05:55.877+0000] {dagbag.py:588} INFO - Filling up the DagBag from /home/airflow/.local/lib/python3.12/site-packages/airflow/example_dags/example_branch_python_dop_operator_3.py
[2024-10-19T00:05:55.886+0000] {processor.py:925} INFO - DAG(s) 'example_branch_dop_operator_v3' retrieved from /home/airflow/.local/lib/python3.12/site-packages/airflow/example_dags/example_branch_python_dop_operator_3.py
[2024-10-19T00:05:55.905+0000] {logging_mixin.py:190} INFO - [2024-10-19T00:05:55.905+0000] {dag.py:3239} INFO - Sync 1 DAGs
[2024-10-19T00:05:55.932+0000] {logging_mixin.py:190} INFO - [2024-10-19T00:05:55.931+0000] {dag.py:4180} INFO - Setting next_dagrun for example_branch_dop_operator_v3 to 2024-10-19 00:04:00+00:00, run_after=2024-10-19 00:05:00+00:00
[2024-10-19T00:05:55.950+0000] {processor.py:208} INFO - Processing /home/airflow/.local/lib/python3.12/site-packages/airflow/example_dags/example_branch_python_dop_operator_3.py took 0.081 seconds
[2024-10-19T00:06:26.941+0000] {processor.py:186} INFO - Started process (PID=272) to work on /home/airflow/.local/lib/python3.12/site-packages/airflow/example_dags/example_branch_python_dop_operator_3.py
[2024-10-19T00:06:26.942+0000] {processor.py:914} INFO - Processing file /home/airflow/.local/lib/python3.12/site-packages/airflow/example_dags/example_branch_python_dop_operator_3.py for tasks to queue
[2024-10-19T00:06:26.945+0000] {logging_mixin.py:190} INFO - [2024-10-19T00:06:26.944+0000] {dagbag.py:588} INFO - Filling up the DagBag from /home/airflow/.local/lib/python3.12/site-packages/airflow/example_dags/example_branch_python_dop_operator_3.py
[2024-10-19T00:06:26.953+0000] {processor.py:925} INFO - DAG(s) 'example_branch_dop_operator_v3' retrieved from /home/airflow/.local/lib/python3.12/site-packages/airflow/example_dags/example_branch_python_dop_operator_3.py
[2024-10-19T00:06:26.970+0000] {logging_mixin.py:190} INFO - [2024-10-19T00:06:26.969+0000] {dag.py:3239} INFO - Sync 1 DAGs
[2024-10-19T00:06:26.992+0000] {logging_mixin.py:190} INFO - [2024-10-19T00:06:26.991+0000] {dag.py:4180} INFO - Setting next_dagrun for example_branch_dop_operator_v3 to 2024-10-19 00:05:00+00:00, run_after=2024-10-19 00:06:00+00:00
[2024-10-19T00:06:27.012+0000] {processor.py:208} INFO - Processing /home/airflow/.local/lib/python3.12/site-packages/airflow/example_dags/example_branch_python_dop_operator_3.py took 0.077 seconds
[2024-10-19T00:06:57.294+0000] {processor.py:186} INFO - Started process (PID=334) to work on /home/airflow/.local/lib/python3.12/site-packages/airflow/example_dags/example_branch_python_dop_operator_3.py
[2024-10-19T00:06:57.295+0000] {processor.py:914} INFO - Processing file /home/airflow/.local/lib/python3.12/site-packages/airflow/example_dags/example_branch_python_dop_operator_3.py for tasks to queue
[2024-10-19T00:06:57.297+0000] {logging_mixin.py:190} INFO - [2024-10-19T00:06:57.297+0000] {dagbag.py:588} INFO - Filling up the DagBag from /home/airflow/.local/lib/python3.12/site-packages/airflow/example_dags/example_branch_python_dop_operator_3.py
[2024-10-19T00:06:57.307+0000] {processor.py:925} INFO - DAG(s) 'example_branch_dop_operator_v3' retrieved from /home/airflow/.local/lib/python3.12/site-packages/airflow/example_dags/example_branch_python_dop_operator_3.py
[2024-10-19T00:06:57.326+0000] {logging_mixin.py:190} INFO - [2024-10-19T00:06:57.326+0000] {dag.py:3239} INFO - Sync 1 DAGs
[2024-10-19T00:06:57.351+0000] {logging_mixin.py:190} INFO - [2024-10-19T00:06:57.351+0000] {dag.py:4180} INFO - Setting next_dagrun for example_branch_dop_operator_v3 to 2024-10-19 00:05:00+00:00, run_after=2024-10-19 00:06:00+00:00
[2024-10-19T00:06:57.372+0000] {processor.py:208} INFO - Processing /home/airflow/.local/lib/python3.12/site-packages/airflow/example_dags/example_branch_python_dop_operator_3.py took 0.084 seconds
[2024-10-19T00:07:27.822+0000] {processor.py:186} INFO - Started process (PID=396) to work on /home/airflow/.local/lib/python3.12/site-packages/airflow/example_dags/example_branch_python_dop_operator_3.py
[2024-10-19T00:07:27.824+0000] {processor.py:914} INFO - Processing file /home/airflow/.local/lib/python3.12/site-packages/airflow/example_dags/example_branch_python_dop_operator_3.py for tasks to queue
[2024-10-19T00:07:27.826+0000] {logging_mixin.py:190} INFO - [2024-10-19T00:07:27.826+0000] {dagbag.py:588} INFO - Filling up the DagBag from /home/airflow/.local/lib/python3.12/site-packages/airflow/example_dags/example_branch_python_dop_operator_3.py
[2024-10-19T00:07:27.837+0000] {processor.py:925} INFO - DAG(s) 'example_branch_dop_operator_v3' retrieved from /home/airflow/.local/lib/python3.12/site-packages/airflow/example_dags/example_branch_python_dop_operator_3.py
[2024-10-19T00:07:27.857+0000] {logging_mixin.py:190} INFO - [2024-10-19T00:07:27.857+0000] {dag.py:3239} INFO - Sync 1 DAGs
[2024-10-19T00:07:27.882+0000] {logging_mixin.py:190} INFO - [2024-10-19T00:07:27.882+0000] {dag.py:4180} INFO - Setting next_dagrun for example_branch_dop_operator_v3 to 2024-10-19 00:06:00+00:00, run_after=2024-10-19 00:07:00+00:00
[2024-10-19T00:07:27.903+0000] {processor.py:208} INFO - Processing /home/airflow/.local/lib/python3.12/site-packages/airflow/example_dags/example_branch_python_dop_operator_3.py took 0.087 seconds
[2024-10-19T00:07:58.484+0000] {processor.py:186} INFO - Started process (PID=459) to work on /home/airflow/.local/lib/python3.12/site-packages/airflow/example_dags/example_branch_python_dop_operator_3.py
[2024-10-19T00:07:58.485+0000] {processor.py:914} INFO - Processing file /home/airflow/.local/lib/python3.12/site-packages/airflow/example_dags/example_branch_python_dop_operator_3.py for tasks to queue
[2024-10-19T00:07:58.487+0000] {logging_mixin.py:190} INFO - [2024-10-19T00:07:58.487+0000] {dagbag.py:588} INFO - Filling up the DagBag from /home/airflow/.local/lib/python3.12/site-packages/airflow/example_dags/example_branch_python_dop_operator_3.py
[2024-10-19T00:07:58.496+0000] {processor.py:925} INFO - DAG(s) 'example_branch_dop_operator_v3' retrieved from /home/airflow/.local/lib/python3.12/site-packages/airflow/example_dags/example_branch_python_dop_operator_3.py
[2024-10-19T00:07:58.512+0000] {logging_mixin.py:190} INFO - [2024-10-19T00:07:58.512+0000] {dag.py:3239} INFO - Sync 1 DAGs
[2024-10-19T00:07:58.533+0000] {logging_mixin.py:190} INFO - [2024-10-19T00:07:58.533+0000] {dag.py:4180} INFO - Setting next_dagrun for example_branch_dop_operator_v3 to 2024-10-19 00:06:00+00:00, run_after=2024-10-19 00:07:00+00:00
[2024-10-19T00:07:58.554+0000] {processor.py:208} INFO - Processing /home/airflow/.local/lib/python3.12/site-packages/airflow/example_dags/example_branch_python_dop_operator_3.py took 0.076 seconds
[2024-10-19T00:08:29.067+0000] {processor.py:186} INFO - Started process (PID=522) to work on /home/airflow/.local/lib/python3.12/site-packages/airflow/example_dags/example_branch_python_dop_operator_3.py
[2024-10-19T00:08:29.068+0000] {processor.py:914} INFO - Processing file /home/airflow/.local/lib/python3.12/site-packages/airflow/example_dags/example_branch_python_dop_operator_3.py for tasks to queue
[2024-10-19T00:08:29.070+0000] {logging_mixin.py:190} INFO - [2024-10-19T00:08:29.070+0000] {dagbag.py:588} INFO - Filling up the DagBag from /home/airflow/.local/lib/python3.12/site-packages/airflow/example_dags/example_branch_python_dop_operator_3.py
[2024-10-19T00:08:29.080+0000] {processor.py:925} INFO - DAG(s) 'example_branch_dop_operator_v3' retrieved from /home/airflow/.local/lib/python3.12/site-packages/airflow/example_dags/example_branch_python_dop_operator_3.py
[2024-10-19T00:08:29.100+0000] {logging_mixin.py:190} INFO - [2024-10-19T00:08:29.100+0000] {dag.py:3239} INFO - Sync 1 DAGs
[2024-10-19T00:08:29.124+0000] {logging_mixin.py:190} INFO - [2024-10-19T00:08:29.124+0000] {dag.py:4180} INFO - Setting next_dagrun for example_branch_dop_operator_v3 to 2024-10-19 00:07:00+00:00, run_after=2024-10-19 00:08:00+00:00
[2024-10-19T00:08:29.147+0000] {processor.py:208} INFO - Processing /home/airflow/.local/lib/python3.12/site-packages/airflow/example_dags/example_branch_python_dop_operator_3.py took 0.086 seconds
[2024-10-19T00:08:59.185+0000] {processor.py:186} INFO - Started process (PID=585) to work on /home/airflow/.local/lib/python3.12/site-packages/airflow/example_dags/example_branch_python_dop_operator_3.py
[2024-10-19T00:08:59.186+0000] {processor.py:914} INFO - Processing file /home/airflow/.local/lib/python3.12/site-packages/airflow/example_dags/example_branch_python_dop_operator_3.py for tasks to queue
[2024-10-19T00:08:59.188+0000] {logging_mixin.py:190} INFO - [2024-10-19T00:08:59.188+0000] {dagbag.py:588} INFO - Filling up the DagBag from /home/airflow/.local/lib/python3.12/site-packages/airflow/example_dags/example_branch_python_dop_operator_3.py
[2024-10-19T00:08:59.196+0000] {processor.py:925} INFO - DAG(s) 'example_branch_dop_operator_v3' retrieved from /home/airflow/.local/lib/python3.12/site-packages/airflow/example_dags/example_branch_python_dop_operator_3.py
[2024-10-19T00:08:59.211+0000] {logging_mixin.py:190} INFO - [2024-10-19T00:08:59.211+0000] {dag.py:3239} INFO - Sync 1 DAGs
[2024-10-19T00:08:59.230+0000] {logging_mixin.py:190} INFO - [2024-10-19T00:08:59.230+0000] {dag.py:4180} INFO - Setting next_dagrun for example_branch_dop_operator_v3 to 2024-10-19 00:07:00+00:00, run_after=2024-10-19 00:08:00+00:00
[2024-10-19T00:08:59.259+0000] {processor.py:208} INFO - Processing /home/airflow/.local/lib/python3.12/site-packages/airflow/example_dags/example_branch_python_dop_operator_3.py took 0.079 seconds
[2024-10-19T00:09:29.411+0000] {processor.py:186} INFO - Started process (PID=648) to work on /home/airflow/.local/lib/python3.12/site-packages/airflow/example_dags/example_branch_python_dop_operator_3.py
[2024-10-19T00:09:29.412+0000] {processor.py:914} INFO - Processing file /home/airflow/.local/lib/python3.12/site-packages/airflow/example_dags/example_branch_python_dop_operator_3.py for tasks to queue
[2024-10-19T00:09:29.415+0000] {logging_mixin.py:190} INFO - [2024-10-19T00:09:29.414+0000] {dagbag.py:588} INFO - Filling up the DagBag from /home/airflow/.local/lib/python3.12/site-packages/airflow/example_dags/example_branch_python_dop_operator_3.py
[2024-10-19T00:09:29.424+0000] {processor.py:925} INFO - DAG(s) 'example_branch_dop_operator_v3' retrieved from /home/airflow/.local/lib/python3.12/site-packages/airflow/example_dags/example_branch_python_dop_operator_3.py
[2024-10-19T00:09:29.442+0000] {logging_mixin.py:190} INFO - [2024-10-19T00:09:29.442+0000] {dag.py:3239} INFO - Sync 1 DAGs
[2024-10-19T00:09:29.463+0000] {logging_mixin.py:190} INFO - [2024-10-19T00:09:29.463+0000] {dag.py:4180} INFO - Setting next_dagrun for example_branch_dop_operator_v3 to 2024-10-19 00:08:00+00:00, run_after=2024-10-19 00:09:00+00:00
[2024-10-19T00:09:29.483+0000] {processor.py:208} INFO - Processing /home/airflow/.local/lib/python3.12/site-packages/airflow/example_dags/example_branch_python_dop_operator_3.py took 0.078 seconds
[2024-10-19T00:10:00.020+0000] {processor.py:186} INFO - Started process (PID=710) to work on /home/airflow/.local/lib/python3.12/site-packages/airflow/example_dags/example_branch_python_dop_operator_3.py
[2024-10-19T00:10:00.022+0000] {processor.py:914} INFO - Processing file /home/airflow/.local/lib/python3.12/site-packages/airflow/example_dags/example_branch_python_dop_operator_3.py for tasks to queue
[2024-10-19T00:10:00.025+0000] {logging_mixin.py:190} INFO - [2024-10-19T00:10:00.025+0000] {dagbag.py:588} INFO - Filling up the DagBag from /home/airflow/.local/lib/python3.12/site-packages/airflow/example_dags/example_branch_python_dop_operator_3.py
[2024-10-19T00:10:00.038+0000] {processor.py:925} INFO - DAG(s) 'example_branch_dop_operator_v3' retrieved from /home/airflow/.local/lib/python3.12/site-packages/airflow/example_dags/example_branch_python_dop_operator_3.py
[2024-10-19T00:10:00.060+0000] {logging_mixin.py:190} INFO - [2024-10-19T00:10:00.059+0000] {dag.py:3239} INFO - Sync 1 DAGs
[2024-10-19T00:10:00.084+0000] {logging_mixin.py:190} INFO - [2024-10-19T00:10:00.084+0000] {dag.py:4180} INFO - Setting next_dagrun for example_branch_dop_operator_v3 to 2024-10-19 00:09:00+00:00, run_after=2024-10-19 00:10:00+00:00
[2024-10-19T00:10:00.104+0000] {processor.py:208} INFO - Processing /home/airflow/.local/lib/python3.12/site-packages/airflow/example_dags/example_branch_python_dop_operator_3.py took 0.091 seconds
[2024-10-19T00:10:30.377+0000] {processor.py:186} INFO - Started process (PID=772) to work on /home/airflow/.local/lib/python3.12/site-packages/airflow/example_dags/example_branch_python_dop_operator_3.py
[2024-10-19T00:10:30.378+0000] {processor.py:914} INFO - Processing file /home/airflow/.local/lib/python3.12/site-packages/airflow/example_dags/example_branch_python_dop_operator_3.py for tasks to queue
[2024-10-19T00:10:30.380+0000] {logging_mixin.py:190} INFO - [2024-10-19T00:10:30.380+0000] {dagbag.py:588} INFO - Filling up the DagBag from /home/airflow/.local/lib/python3.12/site-packages/airflow/example_dags/example_branch_python_dop_operator_3.py
[2024-10-19T00:10:30.391+0000] {processor.py:925} INFO - DAG(s) 'example_branch_dop_operator_v3' retrieved from /home/airflow/.local/lib/python3.12/site-packages/airflow/example_dags/example_branch_python_dop_operator_3.py
[2024-10-19T00:10:30.410+0000] {logging_mixin.py:190} INFO - [2024-10-19T00:10:30.410+0000] {dag.py:3239} INFO - Sync 1 DAGs
[2024-10-19T00:10:30.435+0000] {logging_mixin.py:190} INFO - [2024-10-19T00:10:30.435+0000] {dag.py:4180} INFO - Setting next_dagrun for example_branch_dop_operator_v3 to 2024-10-19 00:09:00+00:00, run_after=2024-10-19 00:10:00+00:00
[2024-10-19T00:10:30.455+0000] {processor.py:208} INFO - Processing /home/airflow/.local/lib/python3.12/site-packages/airflow/example_dags/example_branch_python_dop_operator_3.py took 0.084 seconds
[2024-10-19T00:11:01.612+0000] {processor.py:186} INFO - Started process (PID=834) to work on /home/airflow/.local/lib/python3.12/site-packages/airflow/example_dags/example_branch_python_dop_operator_3.py
[2024-10-19T00:11:01.613+0000] {processor.py:914} INFO - Processing file /home/airflow/.local/lib/python3.12/site-packages/airflow/example_dags/example_branch_python_dop_operator_3.py for tasks to queue
[2024-10-19T00:11:01.616+0000] {logging_mixin.py:190} INFO - [2024-10-19T00:11:01.615+0000] {dagbag.py:588} INFO - Filling up the DagBag from /home/airflow/.local/lib/python3.12/site-packages/airflow/example_dags/example_branch_python_dop_operator_3.py
[2024-10-19T00:11:01.626+0000] {processor.py:925} INFO - DAG(s) 'example_branch_dop_operator_v3' retrieved from /home/airflow/.local/lib/python3.12/site-packages/airflow/example_dags/example_branch_python_dop_operator_3.py
[2024-10-19T00:11:01.642+0000] {logging_mixin.py:190} INFO - [2024-10-19T00:11:01.642+0000] {dag.py:3239} INFO - Sync 1 DAGs
[2024-10-19T00:11:01.665+0000] {logging_mixin.py:190} INFO - [2024-10-19T00:11:01.665+0000] {dag.py:4180} INFO - Setting next_dagrun for example_branch_dop_operator_v3 to 2024-10-19 00:10:00+00:00, run_after=2024-10-19 00:11:00+00:00
[2024-10-19T00:11:01.693+0000] {processor.py:208} INFO - Processing /home/airflow/.local/lib/python3.12/site-packages/airflow/example_dags/example_branch_python_dop_operator_3.py took 0.087 seconds
[2024-10-19T00:11:31.818+0000] {processor.py:186} INFO - Started process (PID=896) to work on /home/airflow/.local/lib/python3.12/site-packages/airflow/example_dags/example_branch_python_dop_operator_3.py
[2024-10-19T00:11:31.820+0000] {processor.py:914} INFO - Processing file /home/airflow/.local/lib/python3.12/site-packages/airflow/example_dags/example_branch_python_dop_operator_3.py for tasks to queue
[2024-10-19T00:11:31.822+0000] {logging_mixin.py:190} INFO - [2024-10-19T00:11:31.822+0000] {dagbag.py:588} INFO - Filling up the DagBag from /home/airflow/.local/lib/python3.12/site-packages/airflow/example_dags/example_branch_python_dop_operator_3.py
[2024-10-19T00:11:31.830+0000] {processor.py:925} INFO - DAG(s) 'example_branch_dop_operator_v3' retrieved from /home/airflow/.local/lib/python3.12/site-packages/airflow/example_dags/example_branch_python_dop_operator_3.py
[2024-10-19T00:11:31.848+0000] {logging_mixin.py:190} INFO - [2024-10-19T00:11:31.848+0000] {dag.py:3239} INFO - Sync 1 DAGs
[2024-10-19T00:11:31.872+0000] {logging_mixin.py:190} INFO - [2024-10-19T00:11:31.871+0000] {dag.py:4180} INFO - Setting next_dagrun for example_branch_dop_operator_v3 to 2024-10-19 00:10:00+00:00, run_after=2024-10-19 00:11:00+00:00
[2024-10-19T00:11:31.889+0000] {processor.py:208} INFO - Processing /home/airflow/.local/lib/python3.12/site-packages/airflow/example_dags/example_branch_python_dop_operator_3.py took 0.076 seconds
[2024-10-19T00:12:02.517+0000] {processor.py:186} INFO - Started process (PID=959) to work on /home/airflow/.local/lib/python3.12/site-packages/airflow/example_dags/example_branch_python_dop_operator_3.py
[2024-10-19T00:12:02.518+0000] {processor.py:914} INFO - Processing file /home/airflow/.local/lib/python3.12/site-packages/airflow/example_dags/example_branch_python_dop_operator_3.py for tasks to queue
[2024-10-19T00:12:02.520+0000] {logging_mixin.py:190} INFO - [2024-10-19T00:12:02.520+0000] {dagbag.py:588} INFO - Filling up the DagBag from /home/airflow/.local/lib/python3.12/site-packages/airflow/example_dags/example_branch_python_dop_operator_3.py
[2024-10-19T00:12:02.529+0000] {processor.py:925} INFO - DAG(s) 'example_branch_dop_operator_v3' retrieved from /home/airflow/.local/lib/python3.12/site-packages/airflow/example_dags/example_branch_python_dop_operator_3.py
[2024-10-19T00:12:02.547+0000] {logging_mixin.py:190} INFO - [2024-10-19T00:12:02.546+0000] {dag.py:3239} INFO - Sync 1 DAGs
[2024-10-19T00:12:02.570+0000] {logging_mixin.py:190} INFO - [2024-10-19T00:12:02.570+0000] {dag.py:4180} INFO - Setting next_dagrun for example_branch_dop_operator_v3 to 2024-10-19 00:11:00+00:00, run_after=2024-10-19 00:12:00+00:00
[2024-10-19T00:12:02.589+0000] {processor.py:208} INFO - Processing /home/airflow/.local/lib/python3.12/site-packages/airflow/example_dags/example_branch_python_dop_operator_3.py took 0.077 seconds
[2024-10-19T00:12:33.273+0000] {processor.py:186} INFO - Started process (PID=1021) to work on /home/airflow/.local/lib/python3.12/site-packages/airflow/example_dags/example_branch_python_dop_operator_3.py
[2024-10-19T00:12:33.274+0000] {processor.py:914} INFO - Processing file /home/airflow/.local/lib/python3.12/site-packages/airflow/example_dags/example_branch_python_dop_operator_3.py for tasks to queue
[2024-10-19T00:12:33.277+0000] {logging_mixin.py:190} INFO - [2024-10-19T00:12:33.276+0000] {dagbag.py:588} INFO - Filling up the DagBag from /home/airflow/.local/lib/python3.12/site-packages/airflow/example_dags/example_branch_python_dop_operator_3.py
[2024-10-19T00:12:33.286+0000] {processor.py:925} INFO - DAG(s) 'example_branch_dop_operator_v3' retrieved from /home/airflow/.local/lib/python3.12/site-packages/airflow/example_dags/example_branch_python_dop_operator_3.py
[2024-10-19T00:12:33.305+0000] {logging_mixin.py:190} INFO - [2024-10-19T00:12:33.304+0000] {dag.py:3239} INFO - Sync 1 DAGs
[2024-10-19T00:12:33.329+0000] {logging_mixin.py:190} INFO - [2024-10-19T00:12:33.329+0000] {dag.py:4180} INFO - Setting next_dagrun for example_branch_dop_operator_v3 to 2024-10-19 00:11:00+00:00, run_after=2024-10-19 00:12:00+00:00
[2024-10-19T00:12:33.347+0000] {processor.py:208} INFO - Processing /home/airflow/.local/lib/python3.12/site-packages/airflow/example_dags/example_branch_python_dop_operator_3.py took 0.079 seconds
[2024-10-19T00:13:03.601+0000] {processor.py:186} INFO - Started process (PID=1082) to work on /home/airflow/.local/lib/python3.12/site-packages/airflow/example_dags/example_branch_python_dop_operator_3.py
[2024-10-19T00:13:03.603+0000] {processor.py:914} INFO - Processing file /home/airflow/.local/lib/python3.12/site-packages/airflow/example_dags/example_branch_python_dop_operator_3.py for tasks to queue
[2024-10-19T00:13:03.605+0000] {logging_mixin.py:190} INFO - [2024-10-19T00:13:03.605+0000] {dagbag.py:588} INFO - Filling up the DagBag from /home/airflow/.local/lib/python3.12/site-packages/airflow/example_dags/example_branch_python_dop_operator_3.py
[2024-10-19T00:13:03.614+0000] {processor.py:925} INFO - DAG(s) 'example_branch_dop_operator_v3' retrieved from /home/airflow/.local/lib/python3.12/site-packages/airflow/example_dags/example_branch_python_dop_operator_3.py
[2024-10-19T00:13:03.630+0000] {logging_mixin.py:190} INFO - [2024-10-19T00:13:03.630+0000] {dag.py:3239} INFO - Sync 1 DAGs
[2024-10-19T00:13:03.653+0000] {logging_mixin.py:190} INFO - [2024-10-19T00:13:03.653+0000] {dag.py:4180} INFO - Setting next_dagrun for example_branch_dop_operator_v3 to 2024-10-19 00:12:00+00:00, run_after=2024-10-19 00:13:00+00:00
[2024-10-19T00:13:03.672+0000] {processor.py:208} INFO - Processing /home/airflow/.local/lib/python3.12/site-packages/airflow/example_dags/example_branch_python_dop_operator_3.py took 0.076 seconds
[2024-10-19T00:13:33.911+0000] {processor.py:186} INFO - Started process (PID=1144) to work on /home/airflow/.local/lib/python3.12/site-packages/airflow/example_dags/example_branch_python_dop_operator_3.py
[2024-10-19T00:13:33.913+0000] {processor.py:914} INFO - Processing file /home/airflow/.local/lib/python3.12/site-packages/airflow/example_dags/example_branch_python_dop_operator_3.py for tasks to queue
[2024-10-19T00:13:33.916+0000] {logging_mixin.py:190} INFO - [2024-10-19T00:13:33.915+0000] {dagbag.py:588} INFO - Filling up the DagBag from /home/airflow/.local/lib/python3.12/site-packages/airflow/example_dags/example_branch_python_dop_operator_3.py
[2024-10-19T00:13:33.925+0000] {processor.py:925} INFO - DAG(s) 'example_branch_dop_operator_v3' retrieved from /home/airflow/.local/lib/python3.12/site-packages/airflow/example_dags/example_branch_python_dop_operator_3.py
[2024-10-19T00:13:33.945+0000] {logging_mixin.py:190} INFO - [2024-10-19T00:13:33.945+0000] {dag.py:3239} INFO - Sync 1 DAGs
[2024-10-19T00:13:33.969+0000] {logging_mixin.py:190} INFO - [2024-10-19T00:13:33.969+0000] {dag.py:4180} INFO - Setting next_dagrun for example_branch_dop_operator_v3 to 2024-10-19 00:12:00+00:00, run_after=2024-10-19 00:13:00+00:00
[2024-10-19T00:13:33.988+0000] {processor.py:208} INFO - Processing /home/airflow/.local/lib/python3.12/site-packages/airflow/example_dags/example_branch_python_dop_operator_3.py took 0.083 seconds
[2024-10-19T00:14:04.542+0000] {processor.py:186} INFO - Started process (PID=1206) to work on /home/airflow/.local/lib/python3.12/site-packages/airflow/example_dags/example_branch_python_dop_operator_3.py
[2024-10-19T00:14:04.543+0000] {processor.py:914} INFO - Processing file /home/airflow/.local/lib/python3.12/site-packages/airflow/example_dags/example_branch_python_dop_operator_3.py for tasks to queue
[2024-10-19T00:14:04.546+0000] {logging_mixin.py:190} INFO - [2024-10-19T00:14:04.545+0000] {dagbag.py:588} INFO - Filling up the DagBag from /home/airflow/.local/lib/python3.12/site-packages/airflow/example_dags/example_branch_python_dop_operator_3.py
[2024-10-19T00:14:04.555+0000] {processor.py:925} INFO - DAG(s) 'example_branch_dop_operator_v3' retrieved from /home/airflow/.local/lib/python3.12/site-packages/airflow/example_dags/example_branch_python_dop_operator_3.py
[2024-10-19T00:14:04.573+0000] {logging_mixin.py:190} INFO - [2024-10-19T00:14:04.572+0000] {dag.py:3239} INFO - Sync 1 DAGs
[2024-10-19T00:14:04.598+0000] {logging_mixin.py:190} INFO - [2024-10-19T00:14:04.597+0000] {dag.py:4180} INFO - Setting next_dagrun for example_branch_dop_operator_v3 to 2024-10-19 00:13:00+00:00, run_after=2024-10-19 00:14:00+00:00
[2024-10-19T00:14:04.617+0000] {processor.py:208} INFO - Processing /home/airflow/.local/lib/python3.12/site-packages/airflow/example_dags/example_branch_python_dop_operator_3.py took 0.080 seconds
[2024-10-19T00:14:35.293+0000] {processor.py:186} INFO - Started process (PID=1268) to work on /home/airflow/.local/lib/python3.12/site-packages/airflow/example_dags/example_branch_python_dop_operator_3.py
[2024-10-19T00:14:35.294+0000] {processor.py:914} INFO - Processing file /home/airflow/.local/lib/python3.12/site-packages/airflow/example_dags/example_branch_python_dop_operator_3.py for tasks to queue
[2024-10-19T00:14:35.297+0000] {logging_mixin.py:190} INFO - [2024-10-19T00:14:35.296+0000] {dagbag.py:588} INFO - Filling up the DagBag from /home/airflow/.local/lib/python3.12/site-packages/airflow/example_dags/example_branch_python_dop_operator_3.py
[2024-10-19T00:14:35.310+0000] {processor.py:925} INFO - DAG(s) 'example_branch_dop_operator_v3' retrieved from /home/airflow/.local/lib/python3.12/site-packages/airflow/example_dags/example_branch_python_dop_operator_3.py
[2024-10-19T00:14:35.335+0000] {logging_mixin.py:190} INFO - [2024-10-19T00:14:35.334+0000] {dag.py:3239} INFO - Sync 1 DAGs
[2024-10-19T00:14:35.373+0000] {logging_mixin.py:190} INFO - [2024-10-19T00:14:35.372+0000] {dag.py:4180} INFO - Setting next_dagrun for example_branch_dop_operator_v3 to 2024-10-19 00:13:00+00:00, run_after=2024-10-19 00:14:00+00:00
[2024-10-19T00:14:35.403+0000] {processor.py:208} INFO - Processing /home/airflow/.local/lib/python3.12/site-packages/airflow/example_dags/example_branch_python_dop_operator_3.py took 0.118 seconds
[2024-10-19T00:15:05.993+0000] {processor.py:186} INFO - Started process (PID=1330) to work on /home/airflow/.local/lib/python3.12/site-packages/airflow/example_dags/example_branch_python_dop_operator_3.py
[2024-10-19T00:15:05.994+0000] {processor.py:914} INFO - Processing file /home/airflow/.local/lib/python3.12/site-packages/airflow/example_dags/example_branch_python_dop_operator_3.py for tasks to queue
[2024-10-19T00:15:05.996+0000] {logging_mixin.py:190} INFO - [2024-10-19T00:15:05.995+0000] {dagbag.py:588} INFO - Filling up the DagBag from /home/airflow/.local/lib/python3.12/site-packages/airflow/example_dags/example_branch_python_dop_operator_3.py
[2024-10-19T00:15:06.004+0000] {processor.py:925} INFO - DAG(s) 'example_branch_dop_operator_v3' retrieved from /home/airflow/.local/lib/python3.12/site-packages/airflow/example_dags/example_branch_python_dop_operator_3.py
[2024-10-19T00:15:06.022+0000] {logging_mixin.py:190} INFO - [2024-10-19T00:15:06.022+0000] {dag.py:3239} INFO - Sync 1 DAGs
[2024-10-19T00:15:06.044+0000] {logging_mixin.py:190} INFO - [2024-10-19T00:15:06.044+0000] {dag.py:4180} INFO - Setting next_dagrun for example_branch_dop_operator_v3 to 2024-10-19 00:14:00+00:00, run_after=2024-10-19 00:15:00+00:00
[2024-10-19T00:15:06.065+0000] {processor.py:208} INFO - Processing /home/airflow/.local/lib/python3.12/site-packages/airflow/example_dags/example_branch_python_dop_operator_3.py took 0.077 seconds
[2024-10-19T00:15:36.698+0000] {processor.py:186} INFO - Started process (PID=1392) to work on /home/airflow/.local/lib/python3.12/site-packages/airflow/example_dags/example_branch_python_dop_operator_3.py
[2024-10-19T00:15:36.700+0000] {processor.py:914} INFO - Processing file /home/airflow/.local/lib/python3.12/site-packages/airflow/example_dags/example_branch_python_dop_operator_3.py for tasks to queue
[2024-10-19T00:15:36.703+0000] {logging_mixin.py:190} INFO - [2024-10-19T00:15:36.702+0000] {dagbag.py:588} INFO - Filling up the DagBag from /home/airflow/.local/lib/python3.12/site-packages/airflow/example_dags/example_branch_python_dop_operator_3.py
[2024-10-19T00:15:36.715+0000] {processor.py:925} INFO - DAG(s) 'example_branch_dop_operator_v3' retrieved from /home/airflow/.local/lib/python3.12/site-packages/airflow/example_dags/example_branch_python_dop_operator_3.py
[2024-10-19T00:15:36.744+0000] {logging_mixin.py:190} INFO - [2024-10-19T00:15:36.744+0000] {dag.py:3239} INFO - Sync 1 DAGs
[2024-10-19T00:15:36.775+0000] {logging_mixin.py:190} INFO - [2024-10-19T00:15:36.775+0000] {dag.py:4180} INFO - Setting next_dagrun for example_branch_dop_operator_v3 to 2024-10-19 00:14:00+00:00, run_after=2024-10-19 00:15:00+00:00
[2024-10-19T00:15:36.795+0000] {processor.py:208} INFO - Processing /home/airflow/.local/lib/python3.12/site-packages/airflow/example_dags/example_branch_python_dop_operator_3.py took 0.104 seconds
[2024-10-19T00:16:07.538+0000] {processor.py:186} INFO - Started process (PID=1453) to work on /home/airflow/.local/lib/python3.12/site-packages/airflow/example_dags/example_branch_python_dop_operator_3.py
[2024-10-19T00:16:07.539+0000] {processor.py:914} INFO - Processing file /home/airflow/.local/lib/python3.12/site-packages/airflow/example_dags/example_branch_python_dop_operator_3.py for tasks to queue
[2024-10-19T00:16:07.541+0000] {logging_mixin.py:190} INFO - [2024-10-19T00:16:07.541+0000] {dagbag.py:588} INFO - Filling up the DagBag from /home/airflow/.local/lib/python3.12/site-packages/airflow/example_dags/example_branch_python_dop_operator_3.py
[2024-10-19T00:16:07.550+0000] {processor.py:925} INFO - DAG(s) 'example_branch_dop_operator_v3' retrieved from /home/airflow/.local/lib/python3.12/site-packages/airflow/example_dags/example_branch_python_dop_operator_3.py
[2024-10-19T00:16:07.568+0000] {logging_mixin.py:190} INFO - [2024-10-19T00:16:07.567+0000] {dag.py:3239} INFO - Sync 1 DAGs
[2024-10-19T00:16:07.590+0000] {logging_mixin.py:190} INFO - [2024-10-19T00:16:07.590+0000] {dag.py:4180} INFO - Setting next_dagrun for example_branch_dop_operator_v3 to 2024-10-19 00:15:00+00:00, run_after=2024-10-19 00:16:00+00:00
[2024-10-19T00:16:07.613+0000] {processor.py:208} INFO - Processing /home/airflow/.local/lib/python3.12/site-packages/airflow/example_dags/example_branch_python_dop_operator_3.py took 0.081 seconds
[2024-10-19T00:16:38.317+0000] {processor.py:186} INFO - Started process (PID=1515) to work on /home/airflow/.local/lib/python3.12/site-packages/airflow/example_dags/example_branch_python_dop_operator_3.py
[2024-10-19T00:16:38.318+0000] {processor.py:914} INFO - Processing file /home/airflow/.local/lib/python3.12/site-packages/airflow/example_dags/example_branch_python_dop_operator_3.py for tasks to queue
[2024-10-19T00:16:38.320+0000] {logging_mixin.py:190} INFO - [2024-10-19T00:16:38.320+0000] {dagbag.py:588} INFO - Filling up the DagBag from /home/airflow/.local/lib/python3.12/site-packages/airflow/example_dags/example_branch_python_dop_operator_3.py
[2024-10-19T00:16:38.329+0000] {processor.py:925} INFO - DAG(s) 'example_branch_dop_operator_v3' retrieved from /home/airflow/.local/lib/python3.12/site-packages/airflow/example_dags/example_branch_python_dop_operator_3.py
[2024-10-19T00:16:38.346+0000] {logging_mixin.py:190} INFO - [2024-10-19T00:16:38.346+0000] {dag.py:3239} INFO - Sync 1 DAGs
[2024-10-19T00:16:38.367+0000] {logging_mixin.py:190} INFO - [2024-10-19T00:16:38.367+0000] {dag.py:4180} INFO - Setting next_dagrun for example_branch_dop_operator_v3 to 2024-10-19 00:15:00+00:00, run_after=2024-10-19 00:16:00+00:00
[2024-10-19T00:16:38.386+0000] {processor.py:208} INFO - Processing /home/airflow/.local/lib/python3.12/site-packages/airflow/example_dags/example_branch_python_dop_operator_3.py took 0.075 seconds
[2024-10-19T00:17:09.463+0000] {processor.py:186} INFO - Started process (PID=1577) to work on /home/airflow/.local/lib/python3.12/site-packages/airflow/example_dags/example_branch_python_dop_operator_3.py
[2024-10-19T00:17:09.464+0000] {processor.py:914} INFO - Processing file /home/airflow/.local/lib/python3.12/site-packages/airflow/example_dags/example_branch_python_dop_operator_3.py for tasks to queue
[2024-10-19T00:17:09.467+0000] {logging_mixin.py:190} INFO - [2024-10-19T00:17:09.467+0000] {dagbag.py:588} INFO - Filling up the DagBag from /home/airflow/.local/lib/python3.12/site-packages/airflow/example_dags/example_branch_python_dop_operator_3.py
[2024-10-19T00:17:09.479+0000] {processor.py:925} INFO - DAG(s) 'example_branch_dop_operator_v3' retrieved from /home/airflow/.local/lib/python3.12/site-packages/airflow/example_dags/example_branch_python_dop_operator_3.py
[2024-10-19T00:17:09.501+0000] {logging_mixin.py:190} INFO - [2024-10-19T00:17:09.501+0000] {dag.py:3239} INFO - Sync 1 DAGs
[2024-10-19T00:17:09.531+0000] {logging_mixin.py:190} INFO - [2024-10-19T00:17:09.530+0000] {dag.py:4180} INFO - Setting next_dagrun for example_branch_dop_operator_v3 to 2024-10-19 00:16:00+00:00, run_after=2024-10-19 00:17:00+00:00
[2024-10-19T00:17:09.554+0000] {processor.py:208} INFO - Processing /home/airflow/.local/lib/python3.12/site-packages/airflow/example_dags/example_branch_python_dop_operator_3.py took 0.098 seconds
[2024-10-19T00:17:40.320+0000] {processor.py:186} INFO - Started process (PID=1639) to work on /home/airflow/.local/lib/python3.12/site-packages/airflow/example_dags/example_branch_python_dop_operator_3.py
[2024-10-19T00:17:40.322+0000] {processor.py:914} INFO - Processing file /home/airflow/.local/lib/python3.12/site-packages/airflow/example_dags/example_branch_python_dop_operator_3.py for tasks to queue
[2024-10-19T00:17:40.324+0000] {logging_mixin.py:190} INFO - [2024-10-19T00:17:40.324+0000] {dagbag.py:588} INFO - Filling up the DagBag from /home/airflow/.local/lib/python3.12/site-packages/airflow/example_dags/example_branch_python_dop_operator_3.py
[2024-10-19T00:17:40.334+0000] {processor.py:925} INFO - DAG(s) 'example_branch_dop_operator_v3' retrieved from /home/airflow/.local/lib/python3.12/site-packages/airflow/example_dags/example_branch_python_dop_operator_3.py
[2024-10-19T00:17:40.354+0000] {logging_mixin.py:190} INFO - [2024-10-19T00:17:40.353+0000] {dag.py:3239} INFO - Sync 1 DAGs
[2024-10-19T00:17:40.379+0000] {logging_mixin.py:190} INFO - [2024-10-19T00:17:40.379+0000] {dag.py:4180} INFO - Setting next_dagrun for example_branch_dop_operator_v3 to 2024-10-19 00:16:00+00:00, run_after=2024-10-19 00:17:00+00:00
[2024-10-19T00:17:40.397+0000] {processor.py:208} INFO - Processing /home/airflow/.local/lib/python3.12/site-packages/airflow/example_dags/example_branch_python_dop_operator_3.py took 0.082 seconds
[2024-10-19T00:18:10.877+0000] {processor.py:186} INFO - Started process (PID=1701) to work on /home/airflow/.local/lib/python3.12/site-packages/airflow/example_dags/example_branch_python_dop_operator_3.py
[2024-10-19T00:18:10.878+0000] {processor.py:914} INFO - Processing file /home/airflow/.local/lib/python3.12/site-packages/airflow/example_dags/example_branch_python_dop_operator_3.py for tasks to queue
[2024-10-19T00:18:10.880+0000] {logging_mixin.py:190} INFO - [2024-10-19T00:18:10.880+0000] {dagbag.py:588} INFO - Filling up the DagBag from /home/airflow/.local/lib/python3.12/site-packages/airflow/example_dags/example_branch_python_dop_operator_3.py
[2024-10-19T00:18:10.888+0000] {processor.py:925} INFO - DAG(s) 'example_branch_dop_operator_v3' retrieved from /home/airflow/.local/lib/python3.12/site-packages/airflow/example_dags/example_branch_python_dop_operator_3.py
[2024-10-19T00:18:10.903+0000] {logging_mixin.py:190} INFO - [2024-10-19T00:18:10.902+0000] {dag.py:3239} INFO - Sync 1 DAGs
[2024-10-19T00:18:10.923+0000] {logging_mixin.py:190} INFO - [2024-10-19T00:18:10.922+0000] {dag.py:4180} INFO - Setting next_dagrun for example_branch_dop_operator_v3 to 2024-10-19 00:17:00+00:00, run_after=2024-10-19 00:18:00+00:00
[2024-10-19T00:18:10.940+0000] {processor.py:208} INFO - Processing /home/airflow/.local/lib/python3.12/site-packages/airflow/example_dags/example_branch_python_dop_operator_3.py took 0.068 seconds
[2024-10-19T00:18:41.002+0000] {processor.py:186} INFO - Started process (PID=1762) to work on /home/airflow/.local/lib/python3.12/site-packages/airflow/example_dags/example_branch_python_dop_operator_3.py
[2024-10-19T00:18:41.003+0000] {processor.py:914} INFO - Processing file /home/airflow/.local/lib/python3.12/site-packages/airflow/example_dags/example_branch_python_dop_operator_3.py for tasks to queue
[2024-10-19T00:18:41.007+0000] {logging_mixin.py:190} INFO - [2024-10-19T00:18:41.006+0000] {dagbag.py:588} INFO - Filling up the DagBag from /home/airflow/.local/lib/python3.12/site-packages/airflow/example_dags/example_branch_python_dop_operator_3.py
[2024-10-19T00:18:41.023+0000] {processor.py:925} INFO - DAG(s) 'example_branch_dop_operator_v3' retrieved from /home/airflow/.local/lib/python3.12/site-packages/airflow/example_dags/example_branch_python_dop_operator_3.py
[2024-10-19T00:18:41.050+0000] {logging_mixin.py:190} INFO - [2024-10-19T00:18:41.049+0000] {dag.py:3239} INFO - Sync 1 DAGs
[2024-10-19T00:18:41.083+0000] {logging_mixin.py:190} INFO - [2024-10-19T00:18:41.083+0000] {dag.py:4180} INFO - Setting next_dagrun for example_branch_dop_operator_v3 to 2024-10-19 00:17:00+00:00, run_after=2024-10-19 00:18:00+00:00
[2024-10-19T00:18:41.108+0000] {processor.py:208} INFO - Processing /home/airflow/.local/lib/python3.12/site-packages/airflow/example_dags/example_branch_python_dop_operator_3.py took 0.114 seconds
[2024-10-19T00:19:12.165+0000] {processor.py:186} INFO - Started process (PID=1824) to work on /home/airflow/.local/lib/python3.12/site-packages/airflow/example_dags/example_branch_python_dop_operator_3.py
[2024-10-19T00:19:12.166+0000] {processor.py:914} INFO - Processing file /home/airflow/.local/lib/python3.12/site-packages/airflow/example_dags/example_branch_python_dop_operator_3.py for tasks to queue
[2024-10-19T00:19:12.168+0000] {logging_mixin.py:190} INFO - [2024-10-19T00:19:12.168+0000] {dagbag.py:588} INFO - Filling up the DagBag from /home/airflow/.local/lib/python3.12/site-packages/airflow/example_dags/example_branch_python_dop_operator_3.py
[2024-10-19T00:19:12.177+0000] {processor.py:925} INFO - DAG(s) 'example_branch_dop_operator_v3' retrieved from /home/airflow/.local/lib/python3.12/site-packages/airflow/example_dags/example_branch_python_dop_operator_3.py
[2024-10-19T00:19:12.194+0000] {logging_mixin.py:190} INFO - [2024-10-19T00:19:12.193+0000] {dag.py:3239} INFO - Sync 1 DAGs
[2024-10-19T00:19:12.216+0000] {logging_mixin.py:190} INFO - [2024-10-19T00:19:12.216+0000] {dag.py:4180} INFO - Setting next_dagrun for example_branch_dop_operator_v3 to 2024-10-19 00:18:00+00:00, run_after=2024-10-19 00:19:00+00:00
[2024-10-19T00:19:12.235+0000] {processor.py:208} INFO - Processing /home/airflow/.local/lib/python3.12/site-packages/airflow/example_dags/example_branch_python_dop_operator_3.py took 0.075 seconds
[2024-10-19T00:19:42.594+0000] {processor.py:186} INFO - Started process (PID=1886) to work on /home/airflow/.local/lib/python3.12/site-packages/airflow/example_dags/example_branch_python_dop_operator_3.py
[2024-10-19T00:19:42.595+0000] {processor.py:914} INFO - Processing file /home/airflow/.local/lib/python3.12/site-packages/airflow/example_dags/example_branch_python_dop_operator_3.py for tasks to queue
[2024-10-19T00:19:42.597+0000] {logging_mixin.py:190} INFO - [2024-10-19T00:19:42.597+0000] {dagbag.py:588} INFO - Filling up the DagBag from /home/airflow/.local/lib/python3.12/site-packages/airflow/example_dags/example_branch_python_dop_operator_3.py
[2024-10-19T00:19:42.606+0000] {processor.py:925} INFO - DAG(s) 'example_branch_dop_operator_v3' retrieved from /home/airflow/.local/lib/python3.12/site-packages/airflow/example_dags/example_branch_python_dop_operator_3.py
[2024-10-19T00:19:42.623+0000] {logging_mixin.py:190} INFO - [2024-10-19T00:19:42.622+0000] {dag.py:3239} INFO - Sync 1 DAGs
[2024-10-19T00:19:42.644+0000] {logging_mixin.py:190} INFO - [2024-10-19T00:19:42.644+0000] {dag.py:4180} INFO - Setting next_dagrun for example_branch_dop_operator_v3 to 2024-10-19 00:18:00+00:00, run_after=2024-10-19 00:19:00+00:00
[2024-10-19T00:19:42.663+0000] {processor.py:208} INFO - Processing /home/airflow/.local/lib/python3.12/site-packages/airflow/example_dags/example_branch_python_dop_operator_3.py took 0.074 seconds
[2024-10-19T00:20:13.346+0000] {processor.py:186} INFO - Started process (PID=1948) to work on /home/airflow/.local/lib/python3.12/site-packages/airflow/example_dags/example_branch_python_dop_operator_3.py
[2024-10-19T00:20:13.347+0000] {processor.py:914} INFO - Processing file /home/airflow/.local/lib/python3.12/site-packages/airflow/example_dags/example_branch_python_dop_operator_3.py for tasks to queue
[2024-10-19T00:20:13.349+0000] {logging_mixin.py:190} INFO - [2024-10-19T00:20:13.349+0000] {dagbag.py:588} INFO - Filling up the DagBag from /home/airflow/.local/lib/python3.12/site-packages/airflow/example_dags/example_branch_python_dop_operator_3.py
[2024-10-19T00:20:13.358+0000] {processor.py:925} INFO - DAG(s) 'example_branch_dop_operator_v3' retrieved from /home/airflow/.local/lib/python3.12/site-packages/airflow/example_dags/example_branch_python_dop_operator_3.py
[2024-10-19T00:20:13.375+0000] {logging_mixin.py:190} INFO - [2024-10-19T00:20:13.375+0000] {dag.py:3239} INFO - Sync 1 DAGs
[2024-10-19T00:20:13.396+0000] {logging_mixin.py:190} INFO - [2024-10-19T00:20:13.396+0000] {dag.py:4180} INFO - Setting next_dagrun for example_branch_dop_operator_v3 to 2024-10-19 00:19:00+00:00, run_after=2024-10-19 00:20:00+00:00
[2024-10-19T00:20:13.416+0000] {processor.py:208} INFO - Processing /home/airflow/.local/lib/python3.12/site-packages/airflow/example_dags/example_branch_python_dop_operator_3.py took 0.075 seconds
[2024-10-19T00:20:44.081+0000] {processor.py:186} INFO - Started process (PID=2010) to work on /home/airflow/.local/lib/python3.12/site-packages/airflow/example_dags/example_branch_python_dop_operator_3.py
[2024-10-19T00:20:44.082+0000] {processor.py:914} INFO - Processing file /home/airflow/.local/lib/python3.12/site-packages/airflow/example_dags/example_branch_python_dop_operator_3.py for tasks to queue
[2024-10-19T00:20:44.084+0000] {logging_mixin.py:190} INFO - [2024-10-19T00:20:44.084+0000] {dagbag.py:588} INFO - Filling up the DagBag from /home/airflow/.local/lib/python3.12/site-packages/airflow/example_dags/example_branch_python_dop_operator_3.py
[2024-10-19T00:20:44.094+0000] {processor.py:925} INFO - DAG(s) 'example_branch_dop_operator_v3' retrieved from /home/airflow/.local/lib/python3.12/site-packages/airflow/example_dags/example_branch_python_dop_operator_3.py
[2024-10-19T00:20:44.114+0000] {logging_mixin.py:190} INFO - [2024-10-19T00:20:44.113+0000] {dag.py:3239} INFO - Sync 1 DAGs
[2024-10-19T00:20:44.137+0000] {logging_mixin.py:190} INFO - [2024-10-19T00:20:44.137+0000] {dag.py:4180} INFO - Setting next_dagrun for example_branch_dop_operator_v3 to 2024-10-19 00:19:00+00:00, run_after=2024-10-19 00:20:00+00:00
[2024-10-19T00:20:44.156+0000] {processor.py:208} INFO - Processing /home/airflow/.local/lib/python3.12/site-packages/airflow/example_dags/example_branch_python_dop_operator_3.py took 0.080 seconds
[2024-10-19T00:21:15.242+0000] {processor.py:186} INFO - Started process (PID=2072) to work on /home/airflow/.local/lib/python3.12/site-packages/airflow/example_dags/example_branch_python_dop_operator_3.py
[2024-10-19T00:21:15.243+0000] {processor.py:914} INFO - Processing file /home/airflow/.local/lib/python3.12/site-packages/airflow/example_dags/example_branch_python_dop_operator_3.py for tasks to queue
[2024-10-19T00:21:15.245+0000] {logging_mixin.py:190} INFO - [2024-10-19T00:21:15.245+0000] {dagbag.py:588} INFO - Filling up the DagBag from /home/airflow/.local/lib/python3.12/site-packages/airflow/example_dags/example_branch_python_dop_operator_3.py
[2024-10-19T00:21:15.254+0000] {processor.py:925} INFO - DAG(s) 'example_branch_dop_operator_v3' retrieved from /home/airflow/.local/lib/python3.12/site-packages/airflow/example_dags/example_branch_python_dop_operator_3.py
[2024-10-19T00:21:15.274+0000] {logging_mixin.py:190} INFO - [2024-10-19T00:21:15.273+0000] {dag.py:3239} INFO - Sync 1 DAGs
[2024-10-19T00:21:15.298+0000] {logging_mixin.py:190} INFO - [2024-10-19T00:21:15.298+0000] {dag.py:4180} INFO - Setting next_dagrun for example_branch_dop_operator_v3 to 2024-10-19 00:20:00+00:00, run_after=2024-10-19 00:21:00+00:00
[2024-10-19T00:21:15.319+0000] {processor.py:208} INFO - Processing /home/airflow/.local/lib/python3.12/site-packages/airflow/example_dags/example_branch_python_dop_operator_3.py took 0.083 seconds
[2024-10-19T00:21:46.367+0000] {processor.py:186} INFO - Started process (PID=2135) to work on /home/airflow/.local/lib/python3.12/site-packages/airflow/example_dags/example_branch_python_dop_operator_3.py
[2024-10-19T00:21:46.369+0000] {processor.py:914} INFO - Processing file /home/airflow/.local/lib/python3.12/site-packages/airflow/example_dags/example_branch_python_dop_operator_3.py for tasks to queue
[2024-10-19T00:21:46.371+0000] {logging_mixin.py:190} INFO - [2024-10-19T00:21:46.371+0000] {dagbag.py:588} INFO - Filling up the DagBag from /home/airflow/.local/lib/python3.12/site-packages/airflow/example_dags/example_branch_python_dop_operator_3.py
[2024-10-19T00:21:46.380+0000] {processor.py:925} INFO - DAG(s) 'example_branch_dop_operator_v3' retrieved from /home/airflow/.local/lib/python3.12/site-packages/airflow/example_dags/example_branch_python_dop_operator_3.py
[2024-10-19T00:21:46.397+0000] {logging_mixin.py:190} INFO - [2024-10-19T00:21:46.397+0000] {dag.py:3239} INFO - Sync 1 DAGs
[2024-10-19T00:21:46.420+0000] {logging_mixin.py:190} INFO - [2024-10-19T00:21:46.420+0000] {dag.py:4180} INFO - Setting next_dagrun for example_branch_dop_operator_v3 to 2024-10-19 00:20:00+00:00, run_after=2024-10-19 00:21:00+00:00
[2024-10-19T00:21:46.439+0000] {processor.py:208} INFO - Processing /home/airflow/.local/lib/python3.12/site-packages/airflow/example_dags/example_branch_python_dop_operator_3.py took 0.077 seconds
[2024-10-19T00:22:17.153+0000] {processor.py:186} INFO - Started process (PID=2197) to work on /home/airflow/.local/lib/python3.12/site-packages/airflow/example_dags/example_branch_python_dop_operator_3.py
[2024-10-19T00:22:17.154+0000] {processor.py:914} INFO - Processing file /home/airflow/.local/lib/python3.12/site-packages/airflow/example_dags/example_branch_python_dop_operator_3.py for tasks to queue
[2024-10-19T00:22:17.156+0000] {logging_mixin.py:190} INFO - [2024-10-19T00:22:17.155+0000] {dagbag.py:588} INFO - Filling up the DagBag from /home/airflow/.local/lib/python3.12/site-packages/airflow/example_dags/example_branch_python_dop_operator_3.py
[2024-10-19T00:22:17.164+0000] {processor.py:925} INFO - DAG(s) 'example_branch_dop_operator_v3' retrieved from /home/airflow/.local/lib/python3.12/site-packages/airflow/example_dags/example_branch_python_dop_operator_3.py
[2024-10-19T00:22:17.180+0000] {logging_mixin.py:190} INFO - [2024-10-19T00:22:17.180+0000] {dag.py:3239} INFO - Sync 1 DAGs
[2024-10-19T00:22:17.201+0000] {logging_mixin.py:190} INFO - [2024-10-19T00:22:17.201+0000] {dag.py:4180} INFO - Setting next_dagrun for example_branch_dop_operator_v3 to 2024-10-19 00:21:00+00:00, run_after=2024-10-19 00:22:00+00:00
[2024-10-19T00:22:17.222+0000] {processor.py:208} INFO - Processing /home/airflow/.local/lib/python3.12/site-packages/airflow/example_dags/example_branch_python_dop_operator_3.py took 0.074 seconds
[2024-10-19T00:22:47.684+0000] {processor.py:186} INFO - Started process (PID=2260) to work on /home/airflow/.local/lib/python3.12/site-packages/airflow/example_dags/example_branch_python_dop_operator_3.py
[2024-10-19T00:22:47.685+0000] {processor.py:914} INFO - Processing file /home/airflow/.local/lib/python3.12/site-packages/airflow/example_dags/example_branch_python_dop_operator_3.py for tasks to queue
[2024-10-19T00:22:47.688+0000] {logging_mixin.py:190} INFO - [2024-10-19T00:22:47.687+0000] {dagbag.py:588} INFO - Filling up the DagBag from /home/airflow/.local/lib/python3.12/site-packages/airflow/example_dags/example_branch_python_dop_operator_3.py
[2024-10-19T00:22:47.696+0000] {processor.py:925} INFO - DAG(s) 'example_branch_dop_operator_v3' retrieved from /home/airflow/.local/lib/python3.12/site-packages/airflow/example_dags/example_branch_python_dop_operator_3.py
[2024-10-19T00:22:47.713+0000] {logging_mixin.py:190} INFO - [2024-10-19T00:22:47.713+0000] {dag.py:3239} INFO - Sync 1 DAGs
[2024-10-19T00:22:47.735+0000] {logging_mixin.py:190} INFO - [2024-10-19T00:22:47.735+0000] {dag.py:4180} INFO - Setting next_dagrun for example_branch_dop_operator_v3 to 2024-10-19 00:21:00+00:00, run_after=2024-10-19 00:22:00+00:00
[2024-10-19T00:22:47.752+0000] {processor.py:208} INFO - Processing /home/airflow/.local/lib/python3.12/site-packages/airflow/example_dags/example_branch_python_dop_operator_3.py took 0.073 seconds
[2024-10-19T00:23:17.940+0000] {processor.py:186} INFO - Started process (PID=2322) to work on /home/airflow/.local/lib/python3.12/site-packages/airflow/example_dags/example_branch_python_dop_operator_3.py
[2024-10-19T00:23:17.941+0000] {processor.py:914} INFO - Processing file /home/airflow/.local/lib/python3.12/site-packages/airflow/example_dags/example_branch_python_dop_operator_3.py for tasks to queue
[2024-10-19T00:23:17.943+0000] {logging_mixin.py:190} INFO - [2024-10-19T00:23:17.943+0000] {dagbag.py:588} INFO - Filling up the DagBag from /home/airflow/.local/lib/python3.12/site-packages/airflow/example_dags/example_branch_python_dop_operator_3.py
[2024-10-19T00:23:17.951+0000] {processor.py:925} INFO - DAG(s) 'example_branch_dop_operator_v3' retrieved from /home/airflow/.local/lib/python3.12/site-packages/airflow/example_dags/example_branch_python_dop_operator_3.py
[2024-10-19T00:23:17.968+0000] {logging_mixin.py:190} INFO - [2024-10-19T00:23:17.967+0000] {dag.py:3239} INFO - Sync 1 DAGs
[2024-10-19T00:23:17.988+0000] {logging_mixin.py:190} INFO - [2024-10-19T00:23:17.988+0000] {dag.py:4180} INFO - Setting next_dagrun for example_branch_dop_operator_v3 to 2024-10-19 00:22:00+00:00, run_after=2024-10-19 00:23:00+00:00
[2024-10-19T00:23:18.008+0000] {processor.py:208} INFO - Processing /home/airflow/.local/lib/python3.12/site-packages/airflow/example_dags/example_branch_python_dop_operator_3.py took 0.073 seconds
[2024-10-19T00:23:48.561+0000] {processor.py:186} INFO - Started process (PID=2384) to work on /home/airflow/.local/lib/python3.12/site-packages/airflow/example_dags/example_branch_python_dop_operator_3.py
[2024-10-19T00:23:48.563+0000] {processor.py:914} INFO - Processing file /home/airflow/.local/lib/python3.12/site-packages/airflow/example_dags/example_branch_python_dop_operator_3.py for tasks to queue
[2024-10-19T00:23:48.565+0000] {logging_mixin.py:190} INFO - [2024-10-19T00:23:48.564+0000] {dagbag.py:588} INFO - Filling up the DagBag from /home/airflow/.local/lib/python3.12/site-packages/airflow/example_dags/example_branch_python_dop_operator_3.py
[2024-10-19T00:23:48.573+0000] {processor.py:925} INFO - DAG(s) 'example_branch_dop_operator_v3' retrieved from /home/airflow/.local/lib/python3.12/site-packages/airflow/example_dags/example_branch_python_dop_operator_3.py
[2024-10-19T00:23:48.590+0000] {logging_mixin.py:190} INFO - [2024-10-19T00:23:48.589+0000] {dag.py:3239} INFO - Sync 1 DAGs
[2024-10-19T00:23:48.610+0000] {logging_mixin.py:190} INFO - [2024-10-19T00:23:48.610+0000] {dag.py:4180} INFO - Setting next_dagrun for example_branch_dop_operator_v3 to 2024-10-19 00:22:00+00:00, run_after=2024-10-19 00:23:00+00:00
[2024-10-19T00:23:48.628+0000] {processor.py:208} INFO - Processing /home/airflow/.local/lib/python3.12/site-packages/airflow/example_dags/example_branch_python_dop_operator_3.py took 0.072 seconds
[2024-10-19T00:24:19.094+0000] {processor.py:186} INFO - Started process (PID=2446) to work on /home/airflow/.local/lib/python3.12/site-packages/airflow/example_dags/example_branch_python_dop_operator_3.py
[2024-10-19T00:24:19.094+0000] {processor.py:914} INFO - Processing file /home/airflow/.local/lib/python3.12/site-packages/airflow/example_dags/example_branch_python_dop_operator_3.py for tasks to queue
[2024-10-19T00:24:19.096+0000] {logging_mixin.py:190} INFO - [2024-10-19T00:24:19.096+0000] {dagbag.py:588} INFO - Filling up the DagBag from /home/airflow/.local/lib/python3.12/site-packages/airflow/example_dags/example_branch_python_dop_operator_3.py
[2024-10-19T00:24:19.106+0000] {processor.py:925} INFO - DAG(s) 'example_branch_dop_operator_v3' retrieved from /home/airflow/.local/lib/python3.12/site-packages/airflow/example_dags/example_branch_python_dop_operator_3.py
[2024-10-19T00:24:19.122+0000] {logging_mixin.py:190} INFO - [2024-10-19T00:24:19.122+0000] {dag.py:3239} INFO - Sync 1 DAGs
[2024-10-19T00:24:19.143+0000] {logging_mixin.py:190} INFO - [2024-10-19T00:24:19.142+0000] {dag.py:4180} INFO - Setting next_dagrun for example_branch_dop_operator_v3 to 2024-10-19 00:23:00+00:00, run_after=2024-10-19 00:24:00+00:00
[2024-10-19T00:24:19.161+0000] {processor.py:208} INFO - Processing /home/airflow/.local/lib/python3.12/site-packages/airflow/example_dags/example_branch_python_dop_operator_3.py took 0.073 seconds
[2024-10-19T00:24:49.682+0000] {processor.py:186} INFO - Started process (PID=2508) to work on /home/airflow/.local/lib/python3.12/site-packages/airflow/example_dags/example_branch_python_dop_operator_3.py
[2024-10-19T00:24:49.683+0000] {processor.py:914} INFO - Processing file /home/airflow/.local/lib/python3.12/site-packages/airflow/example_dags/example_branch_python_dop_operator_3.py for tasks to queue
[2024-10-19T00:24:49.685+0000] {logging_mixin.py:190} INFO - [2024-10-19T00:24:49.685+0000] {dagbag.py:588} INFO - Filling up the DagBag from /home/airflow/.local/lib/python3.12/site-packages/airflow/example_dags/example_branch_python_dop_operator_3.py
[2024-10-19T00:24:49.694+0000] {processor.py:925} INFO - DAG(s) 'example_branch_dop_operator_v3' retrieved from /home/airflow/.local/lib/python3.12/site-packages/airflow/example_dags/example_branch_python_dop_operator_3.py
[2024-10-19T00:24:49.711+0000] {logging_mixin.py:190} INFO - [2024-10-19T00:24:49.711+0000] {dag.py:3239} INFO - Sync 1 DAGs
[2024-10-19T00:24:49.733+0000] {logging_mixin.py:190} INFO - [2024-10-19T00:24:49.733+0000] {dag.py:4180} INFO - Setting next_dagrun for example_branch_dop_operator_v3 to 2024-10-19 00:23:00+00:00, run_after=2024-10-19 00:24:00+00:00
[2024-10-19T00:24:49.750+0000] {processor.py:208} INFO - Processing /home/airflow/.local/lib/python3.12/site-packages/airflow/example_dags/example_branch_python_dop_operator_3.py took 0.073 seconds
[2024-10-19T00:25:20.581+0000] {processor.py:186} INFO - Started process (PID=2569) to work on /home/airflow/.local/lib/python3.12/site-packages/airflow/example_dags/example_branch_python_dop_operator_3.py
[2024-10-19T00:25:20.582+0000] {processor.py:914} INFO - Processing file /home/airflow/.local/lib/python3.12/site-packages/airflow/example_dags/example_branch_python_dop_operator_3.py for tasks to queue
[2024-10-19T00:25:20.585+0000] {logging_mixin.py:190} INFO - [2024-10-19T00:25:20.584+0000] {dagbag.py:588} INFO - Filling up the DagBag from /home/airflow/.local/lib/python3.12/site-packages/airflow/example_dags/example_branch_python_dop_operator_3.py
[2024-10-19T00:25:20.595+0000] {processor.py:925} INFO - DAG(s) 'example_branch_dop_operator_v3' retrieved from /home/airflow/.local/lib/python3.12/site-packages/airflow/example_dags/example_branch_python_dop_operator_3.py
[2024-10-19T00:25:20.614+0000] {logging_mixin.py:190} INFO - [2024-10-19T00:25:20.613+0000] {dag.py:3239} INFO - Sync 1 DAGs
[2024-10-19T00:25:20.638+0000] {logging_mixin.py:190} INFO - [2024-10-19T00:25:20.638+0000] {dag.py:4180} INFO - Setting next_dagrun for example_branch_dop_operator_v3 to 2024-10-19 00:24:00+00:00, run_after=2024-10-19 00:25:00+00:00
[2024-10-19T00:25:20.659+0000] {processor.py:208} INFO - Processing /home/airflow/.local/lib/python3.12/site-packages/airflow/example_dags/example_branch_python_dop_operator_3.py took 0.083 seconds
[2024-10-19T00:25:50.690+0000] {processor.py:186} INFO - Started process (PID=2630) to work on /home/airflow/.local/lib/python3.12/site-packages/airflow/example_dags/example_branch_python_dop_operator_3.py
[2024-10-19T00:25:50.691+0000] {processor.py:914} INFO - Processing file /home/airflow/.local/lib/python3.12/site-packages/airflow/example_dags/example_branch_python_dop_operator_3.py for tasks to queue
[2024-10-19T00:25:50.693+0000] {logging_mixin.py:190} INFO - [2024-10-19T00:25:50.693+0000] {dagbag.py:588} INFO - Filling up the DagBag from /home/airflow/.local/lib/python3.12/site-packages/airflow/example_dags/example_branch_python_dop_operator_3.py
[2024-10-19T00:25:50.702+0000] {processor.py:925} INFO - DAG(s) 'example_branch_dop_operator_v3' retrieved from /home/airflow/.local/lib/python3.12/site-packages/airflow/example_dags/example_branch_python_dop_operator_3.py
[2024-10-19T00:25:50.720+0000] {logging_mixin.py:190} INFO - [2024-10-19T00:25:50.720+0000] {dag.py:3239} INFO - Sync 1 DAGs
[2024-10-19T00:25:50.740+0000] {logging_mixin.py:190} INFO - [2024-10-19T00:25:50.740+0000] {dag.py:4180} INFO - Setting next_dagrun for example_branch_dop_operator_v3 to 2024-10-19 00:24:00+00:00, run_after=2024-10-19 00:25:00+00:00
[2024-10-19T00:25:50.756+0000] {processor.py:208} INFO - Processing /home/airflow/.local/lib/python3.12/site-packages/airflow/example_dags/example_branch_python_dop_operator_3.py took 0.071 seconds
[2024-10-19T00:26:21.853+0000] {processor.py:186} INFO - Started process (PID=2693) to work on /home/airflow/.local/lib/python3.12/site-packages/airflow/example_dags/example_branch_python_dop_operator_3.py
[2024-10-19T00:26:21.854+0000] {processor.py:914} INFO - Processing file /home/airflow/.local/lib/python3.12/site-packages/airflow/example_dags/example_branch_python_dop_operator_3.py for tasks to queue
[2024-10-19T00:26:21.856+0000] {logging_mixin.py:190} INFO - [2024-10-19T00:26:21.856+0000] {dagbag.py:588} INFO - Filling up the DagBag from /home/airflow/.local/lib/python3.12/site-packages/airflow/example_dags/example_branch_python_dop_operator_3.py
[2024-10-19T00:26:21.865+0000] {processor.py:925} INFO - DAG(s) 'example_branch_dop_operator_v3' retrieved from /home/airflow/.local/lib/python3.12/site-packages/airflow/example_dags/example_branch_python_dop_operator_3.py
[2024-10-19T00:26:21.881+0000] {logging_mixin.py:190} INFO - [2024-10-19T00:26:21.881+0000] {dag.py:3239} INFO - Sync 1 DAGs
[2024-10-19T00:26:21.902+0000] {logging_mixin.py:190} INFO - [2024-10-19T00:26:21.901+0000] {dag.py:4180} INFO - Setting next_dagrun for example_branch_dop_operator_v3 to 2024-10-19 00:25:00+00:00, run_after=2024-10-19 00:26:00+00:00
[2024-10-19T00:26:21.920+0000] {processor.py:208} INFO - Processing /home/airflow/.local/lib/python3.12/site-packages/airflow/example_dags/example_branch_python_dop_operator_3.py took 0.073 seconds
[2024-10-19T00:26:52.659+0000] {processor.py:186} INFO - Started process (PID=2760) to work on /home/airflow/.local/lib/python3.12/site-packages/airflow/example_dags/example_branch_python_dop_operator_3.py
[2024-10-19T00:26:52.660+0000] {processor.py:914} INFO - Processing file /home/airflow/.local/lib/python3.12/site-packages/airflow/example_dags/example_branch_python_dop_operator_3.py for tasks to queue
[2024-10-19T00:26:52.663+0000] {logging_mixin.py:190} INFO - [2024-10-19T00:26:52.663+0000] {dagbag.py:588} INFO - Filling up the DagBag from /home/airflow/.local/lib/python3.12/site-packages/airflow/example_dags/example_branch_python_dop_operator_3.py
[2024-10-19T00:26:52.674+0000] {processor.py:925} INFO - DAG(s) 'example_branch_dop_operator_v3' retrieved from /home/airflow/.local/lib/python3.12/site-packages/airflow/example_dags/example_branch_python_dop_operator_3.py
[2024-10-19T00:26:52.697+0000] {logging_mixin.py:190} INFO - [2024-10-19T00:26:52.696+0000] {dag.py:3239} INFO - Sync 1 DAGs
[2024-10-19T00:26:52.729+0000] {logging_mixin.py:190} INFO - [2024-10-19T00:26:52.729+0000] {dag.py:4180} INFO - Setting next_dagrun for example_branch_dop_operator_v3 to 2024-10-19 00:25:00+00:00, run_after=2024-10-19 00:26:00+00:00
[2024-10-19T00:26:52.755+0000] {processor.py:208} INFO - Processing /home/airflow/.local/lib/python3.12/site-packages/airflow/example_dags/example_branch_python_dop_operator_3.py took 0.102 seconds
[2024-10-19T00:27:23.473+0000] {processor.py:186} INFO - Started process (PID=2821) to work on /home/airflow/.local/lib/python3.12/site-packages/airflow/example_dags/example_branch_python_dop_operator_3.py
[2024-10-19T00:27:23.474+0000] {processor.py:914} INFO - Processing file /home/airflow/.local/lib/python3.12/site-packages/airflow/example_dags/example_branch_python_dop_operator_3.py for tasks to queue
[2024-10-19T00:27:23.476+0000] {logging_mixin.py:190} INFO - [2024-10-19T00:27:23.476+0000] {dagbag.py:588} INFO - Filling up the DagBag from /home/airflow/.local/lib/python3.12/site-packages/airflow/example_dags/example_branch_python_dop_operator_3.py
[2024-10-19T00:27:23.485+0000] {processor.py:925} INFO - DAG(s) 'example_branch_dop_operator_v3' retrieved from /home/airflow/.local/lib/python3.12/site-packages/airflow/example_dags/example_branch_python_dop_operator_3.py
[2024-10-19T00:27:23.503+0000] {logging_mixin.py:190} INFO - [2024-10-19T00:27:23.502+0000] {dag.py:3239} INFO - Sync 1 DAGs
[2024-10-19T00:27:23.524+0000] {logging_mixin.py:190} INFO - [2024-10-19T00:27:23.524+0000] {dag.py:4180} INFO - Setting next_dagrun for example_branch_dop_operator_v3 to 2024-10-19 00:26:00+00:00, run_after=2024-10-19 00:27:00+00:00
[2024-10-19T00:27:23.544+0000] {processor.py:208} INFO - Processing /home/airflow/.local/lib/python3.12/site-packages/airflow/example_dags/example_branch_python_dop_operator_3.py took 0.077 seconds
[2024-10-19T00:27:54.491+0000] {processor.py:186} INFO - Started process (PID=2883) to work on /home/airflow/.local/lib/python3.12/site-packages/airflow/example_dags/example_branch_python_dop_operator_3.py
[2024-10-19T00:27:54.492+0000] {processor.py:914} INFO - Processing file /home/airflow/.local/lib/python3.12/site-packages/airflow/example_dags/example_branch_python_dop_operator_3.py for tasks to queue
[2024-10-19T00:27:54.495+0000] {logging_mixin.py:190} INFO - [2024-10-19T00:27:54.494+0000] {dagbag.py:588} INFO - Filling up the DagBag from /home/airflow/.local/lib/python3.12/site-packages/airflow/example_dags/example_branch_python_dop_operator_3.py
[2024-10-19T00:27:54.503+0000] {processor.py:925} INFO - DAG(s) 'example_branch_dop_operator_v3' retrieved from /home/airflow/.local/lib/python3.12/site-packages/airflow/example_dags/example_branch_python_dop_operator_3.py
[2024-10-19T00:27:54.520+0000] {logging_mixin.py:190} INFO - [2024-10-19T00:27:54.520+0000] {dag.py:3239} INFO - Sync 1 DAGs
[2024-10-19T00:27:54.678+0000] {logging_mixin.py:190} INFO - [2024-10-19T00:27:54.677+0000] {dag.py:4180} INFO - Setting next_dagrun for example_branch_dop_operator_v3 to 2024-10-19 00:26:00+00:00, run_after=2024-10-19 00:27:00+00:00
[2024-10-19T00:27:54.700+0000] {processor.py:208} INFO - Processing /home/airflow/.local/lib/python3.12/site-packages/airflow/example_dags/example_branch_python_dop_operator_3.py took 0.213 seconds
[2024-10-19T00:28:25.301+0000] {processor.py:186} INFO - Started process (PID=2945) to work on /home/airflow/.local/lib/python3.12/site-packages/airflow/example_dags/example_branch_python_dop_operator_3.py
[2024-10-19T00:28:25.302+0000] {processor.py:914} INFO - Processing file /home/airflow/.local/lib/python3.12/site-packages/airflow/example_dags/example_branch_python_dop_operator_3.py for tasks to queue
[2024-10-19T00:28:25.304+0000] {logging_mixin.py:190} INFO - [2024-10-19T00:28:25.304+0000] {dagbag.py:588} INFO - Filling up the DagBag from /home/airflow/.local/lib/python3.12/site-packages/airflow/example_dags/example_branch_python_dop_operator_3.py
[2024-10-19T00:28:25.312+0000] {processor.py:925} INFO - DAG(s) 'example_branch_dop_operator_v3' retrieved from /home/airflow/.local/lib/python3.12/site-packages/airflow/example_dags/example_branch_python_dop_operator_3.py
[2024-10-19T00:28:25.330+0000] {logging_mixin.py:190} INFO - [2024-10-19T00:28:25.330+0000] {dag.py:3239} INFO - Sync 1 DAGs
[2024-10-19T00:28:25.350+0000] {logging_mixin.py:190} INFO - [2024-10-19T00:28:25.349+0000] {dag.py:4180} INFO - Setting next_dagrun for example_branch_dop_operator_v3 to 2024-10-19 00:27:00+00:00, run_after=2024-10-19 00:28:00+00:00
[2024-10-19T00:28:25.369+0000] {processor.py:208} INFO - Processing /home/airflow/.local/lib/python3.12/site-packages/airflow/example_dags/example_branch_python_dop_operator_3.py took 0.073 seconds
[2024-10-19T00:28:56.135+0000] {processor.py:186} INFO - Started process (PID=3007) to work on /home/airflow/.local/lib/python3.12/site-packages/airflow/example_dags/example_branch_python_dop_operator_3.py
[2024-10-19T00:28:56.136+0000] {processor.py:914} INFO - Processing file /home/airflow/.local/lib/python3.12/site-packages/airflow/example_dags/example_branch_python_dop_operator_3.py for tasks to queue
[2024-10-19T00:28:56.138+0000] {logging_mixin.py:190} INFO - [2024-10-19T00:28:56.137+0000] {dagbag.py:588} INFO - Filling up the DagBag from /home/airflow/.local/lib/python3.12/site-packages/airflow/example_dags/example_branch_python_dop_operator_3.py
[2024-10-19T00:28:56.146+0000] {processor.py:925} INFO - DAG(s) 'example_branch_dop_operator_v3' retrieved from /home/airflow/.local/lib/python3.12/site-packages/airflow/example_dags/example_branch_python_dop_operator_3.py
[2024-10-19T00:28:56.162+0000] {logging_mixin.py:190} INFO - [2024-10-19T00:28:56.161+0000] {dag.py:3239} INFO - Sync 1 DAGs
[2024-10-19T00:28:56.183+0000] {logging_mixin.py:190} INFO - [2024-10-19T00:28:56.183+0000] {dag.py:4180} INFO - Setting next_dagrun for example_branch_dop_operator_v3 to 2024-10-19 00:27:00+00:00, run_after=2024-10-19 00:28:00+00:00
[2024-10-19T00:28:56.203+0000] {processor.py:208} INFO - Processing /home/airflow/.local/lib/python3.12/site-packages/airflow/example_dags/example_branch_python_dop_operator_3.py took 0.073 seconds
[2024-10-19T00:29:26.895+0000] {processor.py:186} INFO - Started process (PID=3070) to work on /home/airflow/.local/lib/python3.12/site-packages/airflow/example_dags/example_branch_python_dop_operator_3.py
[2024-10-19T00:29:26.896+0000] {processor.py:914} INFO - Processing file /home/airflow/.local/lib/python3.12/site-packages/airflow/example_dags/example_branch_python_dop_operator_3.py for tasks to queue
[2024-10-19T00:29:26.898+0000] {logging_mixin.py:190} INFO - [2024-10-19T00:29:26.898+0000] {dagbag.py:588} INFO - Filling up the DagBag from /home/airflow/.local/lib/python3.12/site-packages/airflow/example_dags/example_branch_python_dop_operator_3.py
[2024-10-19T00:29:26.907+0000] {processor.py:925} INFO - DAG(s) 'example_branch_dop_operator_v3' retrieved from /home/airflow/.local/lib/python3.12/site-packages/airflow/example_dags/example_branch_python_dop_operator_3.py
[2024-10-19T00:29:26.923+0000] {logging_mixin.py:190} INFO - [2024-10-19T00:29:26.923+0000] {dag.py:3239} INFO - Sync 1 DAGs
[2024-10-19T00:29:26.942+0000] {logging_mixin.py:190} INFO - [2024-10-19T00:29:26.942+0000] {dag.py:4180} INFO - Setting next_dagrun for example_branch_dop_operator_v3 to 2024-10-19 00:28:00+00:00, run_after=2024-10-19 00:29:00+00:00
[2024-10-19T00:29:26.962+0000] {processor.py:208} INFO - Processing /home/airflow/.local/lib/python3.12/site-packages/airflow/example_dags/example_branch_python_dop_operator_3.py took 0.071 seconds
[2024-10-19T00:29:57.340+0000] {processor.py:186} INFO - Started process (PID=3132) to work on /home/airflow/.local/lib/python3.12/site-packages/airflow/example_dags/example_branch_python_dop_operator_3.py
[2024-10-19T00:29:57.341+0000] {processor.py:914} INFO - Processing file /home/airflow/.local/lib/python3.12/site-packages/airflow/example_dags/example_branch_python_dop_operator_3.py for tasks to queue
[2024-10-19T00:29:57.343+0000] {logging_mixin.py:190} INFO - [2024-10-19T00:29:57.343+0000] {dagbag.py:588} INFO - Filling up the DagBag from /home/airflow/.local/lib/python3.12/site-packages/airflow/example_dags/example_branch_python_dop_operator_3.py
[2024-10-19T00:29:57.351+0000] {processor.py:925} INFO - DAG(s) 'example_branch_dop_operator_v3' retrieved from /home/airflow/.local/lib/python3.12/site-packages/airflow/example_dags/example_branch_python_dop_operator_3.py
[2024-10-19T00:29:57.366+0000] {logging_mixin.py:190} INFO - [2024-10-19T00:29:57.366+0000] {dag.py:3239} INFO - Sync 1 DAGs
[2024-10-19T00:29:57.386+0000] {logging_mixin.py:190} INFO - [2024-10-19T00:29:57.385+0000] {dag.py:4180} INFO - Setting next_dagrun for example_branch_dop_operator_v3 to 2024-10-19 00:28:00+00:00, run_after=2024-10-19 00:29:00+00:00
[2024-10-19T00:29:57.405+0000] {processor.py:208} INFO - Processing /home/airflow/.local/lib/python3.12/site-packages/airflow/example_dags/example_branch_python_dop_operator_3.py took 0.069 seconds
[2024-10-19T00:30:27.611+0000] {processor.py:186} INFO - Started process (PID=3194) to work on /home/airflow/.local/lib/python3.12/site-packages/airflow/example_dags/example_branch_python_dop_operator_3.py
[2024-10-19T00:30:27.613+0000] {processor.py:914} INFO - Processing file /home/airflow/.local/lib/python3.12/site-packages/airflow/example_dags/example_branch_python_dop_operator_3.py for tasks to queue
[2024-10-19T00:30:27.615+0000] {logging_mixin.py:190} INFO - [2024-10-19T00:30:27.615+0000] {dagbag.py:588} INFO - Filling up the DagBag from /home/airflow/.local/lib/python3.12/site-packages/airflow/example_dags/example_branch_python_dop_operator_3.py
[2024-10-19T00:30:27.623+0000] {processor.py:925} INFO - DAG(s) 'example_branch_dop_operator_v3' retrieved from /home/airflow/.local/lib/python3.12/site-packages/airflow/example_dags/example_branch_python_dop_operator_3.py
[2024-10-19T00:30:27.643+0000] {logging_mixin.py:190} INFO - [2024-10-19T00:30:27.642+0000] {dag.py:3239} INFO - Sync 1 DAGs
[2024-10-19T00:30:27.663+0000] {logging_mixin.py:190} INFO - [2024-10-19T00:30:27.663+0000] {dag.py:4180} INFO - Setting next_dagrun for example_branch_dop_operator_v3 to 2024-10-19 00:29:00+00:00, run_after=2024-10-19 00:30:00+00:00
[2024-10-19T00:30:27.686+0000] {processor.py:208} INFO - Processing /home/airflow/.local/lib/python3.12/site-packages/airflow/example_dags/example_branch_python_dop_operator_3.py took 0.080 seconds
[2024-10-19T00:30:58.071+0000] {processor.py:186} INFO - Started process (PID=3256) to work on /home/airflow/.local/lib/python3.12/site-packages/airflow/example_dags/example_branch_python_dop_operator_3.py
[2024-10-19T00:30:58.072+0000] {processor.py:914} INFO - Processing file /home/airflow/.local/lib/python3.12/site-packages/airflow/example_dags/example_branch_python_dop_operator_3.py for tasks to queue
[2024-10-19T00:30:58.074+0000] {logging_mixin.py:190} INFO - [2024-10-19T00:30:58.074+0000] {dagbag.py:588} INFO - Filling up the DagBag from /home/airflow/.local/lib/python3.12/site-packages/airflow/example_dags/example_branch_python_dop_operator_3.py
[2024-10-19T00:30:58.082+0000] {processor.py:925} INFO - DAG(s) 'example_branch_dop_operator_v3' retrieved from /home/airflow/.local/lib/python3.12/site-packages/airflow/example_dags/example_branch_python_dop_operator_3.py
[2024-10-19T00:30:58.097+0000] {logging_mixin.py:190} INFO - [2024-10-19T00:30:58.097+0000] {dag.py:3239} INFO - Sync 1 DAGs
[2024-10-19T00:30:58.117+0000] {logging_mixin.py:190} INFO - [2024-10-19T00:30:58.117+0000] {dag.py:4180} INFO - Setting next_dagrun for example_branch_dop_operator_v3 to 2024-10-19 00:29:00+00:00, run_after=2024-10-19 00:30:00+00:00
[2024-10-19T00:30:58.136+0000] {processor.py:208} INFO - Processing /home/airflow/.local/lib/python3.12/site-packages/airflow/example_dags/example_branch_python_dop_operator_3.py took 0.070 seconds
[2024-10-19T00:31:28.474+0000] {processor.py:186} INFO - Started process (PID=3318) to work on /home/airflow/.local/lib/python3.12/site-packages/airflow/example_dags/example_branch_python_dop_operator_3.py
[2024-10-19T00:31:28.475+0000] {processor.py:914} INFO - Processing file /home/airflow/.local/lib/python3.12/site-packages/airflow/example_dags/example_branch_python_dop_operator_3.py for tasks to queue
[2024-10-19T00:31:28.477+0000] {logging_mixin.py:190} INFO - [2024-10-19T00:31:28.477+0000] {dagbag.py:588} INFO - Filling up the DagBag from /home/airflow/.local/lib/python3.12/site-packages/airflow/example_dags/example_branch_python_dop_operator_3.py
[2024-10-19T00:31:28.485+0000] {processor.py:925} INFO - DAG(s) 'example_branch_dop_operator_v3' retrieved from /home/airflow/.local/lib/python3.12/site-packages/airflow/example_dags/example_branch_python_dop_operator_3.py
[2024-10-19T00:31:28.504+0000] {logging_mixin.py:190} INFO - [2024-10-19T00:31:28.504+0000] {dag.py:3239} INFO - Sync 1 DAGs
[2024-10-19T00:31:28.524+0000] {logging_mixin.py:190} INFO - [2024-10-19T00:31:28.524+0000] {dag.py:4180} INFO - Setting next_dagrun for example_branch_dop_operator_v3 to 2024-10-19 00:30:00+00:00, run_after=2024-10-19 00:31:00+00:00
[2024-10-19T00:31:28.540+0000] {processor.py:208} INFO - Processing /home/airflow/.local/lib/python3.12/site-packages/airflow/example_dags/example_branch_python_dop_operator_3.py took 0.071 seconds
[2024-10-19T00:31:58.968+0000] {processor.py:186} INFO - Started process (PID=3380) to work on /home/airflow/.local/lib/python3.12/site-packages/airflow/example_dags/example_branch_python_dop_operator_3.py
[2024-10-19T00:31:58.968+0000] {processor.py:914} INFO - Processing file /home/airflow/.local/lib/python3.12/site-packages/airflow/example_dags/example_branch_python_dop_operator_3.py for tasks to queue
[2024-10-19T00:31:58.970+0000] {logging_mixin.py:190} INFO - [2024-10-19T00:31:58.970+0000] {dagbag.py:588} INFO - Filling up the DagBag from /home/airflow/.local/lib/python3.12/site-packages/airflow/example_dags/example_branch_python_dop_operator_3.py
[2024-10-19T00:31:58.978+0000] {processor.py:925} INFO - DAG(s) 'example_branch_dop_operator_v3' retrieved from /home/airflow/.local/lib/python3.12/site-packages/airflow/example_dags/example_branch_python_dop_operator_3.py
[2024-10-19T00:31:58.994+0000] {logging_mixin.py:190} INFO - [2024-10-19T00:31:58.993+0000] {dag.py:3239} INFO - Sync 1 DAGs
[2024-10-19T00:31:59.013+0000] {logging_mixin.py:190} INFO - [2024-10-19T00:31:59.013+0000] {dag.py:4180} INFO - Setting next_dagrun for example_branch_dop_operator_v3 to 2024-10-19 00:30:00+00:00, run_after=2024-10-19 00:31:00+00:00
[2024-10-19T00:31:59.033+0000] {processor.py:208} INFO - Processing /home/airflow/.local/lib/python3.12/site-packages/airflow/example_dags/example_branch_python_dop_operator_3.py took 0.070 seconds
[2024-10-19T00:32:29.304+0000] {processor.py:186} INFO - Started process (PID=3442) to work on /home/airflow/.local/lib/python3.12/site-packages/airflow/example_dags/example_branch_python_dop_operator_3.py
[2024-10-19T00:32:29.305+0000] {processor.py:914} INFO - Processing file /home/airflow/.local/lib/python3.12/site-packages/airflow/example_dags/example_branch_python_dop_operator_3.py for tasks to queue
[2024-10-19T00:32:29.307+0000] {logging_mixin.py:190} INFO - [2024-10-19T00:32:29.307+0000] {dagbag.py:588} INFO - Filling up the DagBag from /home/airflow/.local/lib/python3.12/site-packages/airflow/example_dags/example_branch_python_dop_operator_3.py
[2024-10-19T00:32:29.315+0000] {processor.py:925} INFO - DAG(s) 'example_branch_dop_operator_v3' retrieved from /home/airflow/.local/lib/python3.12/site-packages/airflow/example_dags/example_branch_python_dop_operator_3.py
[2024-10-19T00:32:29.331+0000] {logging_mixin.py:190} INFO - [2024-10-19T00:32:29.330+0000] {dag.py:3239} INFO - Sync 1 DAGs
[2024-10-19T00:32:29.349+0000] {logging_mixin.py:190} INFO - [2024-10-19T00:32:29.349+0000] {dag.py:4180} INFO - Setting next_dagrun for example_branch_dop_operator_v3 to 2024-10-19 00:31:00+00:00, run_after=2024-10-19 00:32:00+00:00
[2024-10-19T00:32:29.367+0000] {processor.py:208} INFO - Processing /home/airflow/.local/lib/python3.12/site-packages/airflow/example_dags/example_branch_python_dop_operator_3.py took 0.068 seconds
[2024-10-19T00:32:59.818+0000] {processor.py:186} INFO - Started process (PID=3505) to work on /home/airflow/.local/lib/python3.12/site-packages/airflow/example_dags/example_branch_python_dop_operator_3.py
[2024-10-19T00:32:59.819+0000] {processor.py:914} INFO - Processing file /home/airflow/.local/lib/python3.12/site-packages/airflow/example_dags/example_branch_python_dop_operator_3.py for tasks to queue
[2024-10-19T00:32:59.821+0000] {logging_mixin.py:190} INFO - [2024-10-19T00:32:59.821+0000] {dagbag.py:588} INFO - Filling up the DagBag from /home/airflow/.local/lib/python3.12/site-packages/airflow/example_dags/example_branch_python_dop_operator_3.py
[2024-10-19T00:32:59.829+0000] {processor.py:925} INFO - DAG(s) 'example_branch_dop_operator_v3' retrieved from /home/airflow/.local/lib/python3.12/site-packages/airflow/example_dags/example_branch_python_dop_operator_3.py
[2024-10-19T00:32:59.845+0000] {logging_mixin.py:190} INFO - [2024-10-19T00:32:59.844+0000] {dag.py:3239} INFO - Sync 1 DAGs
[2024-10-19T00:32:59.866+0000] {logging_mixin.py:190} INFO - [2024-10-19T00:32:59.866+0000] {dag.py:4180} INFO - Setting next_dagrun for example_branch_dop_operator_v3 to 2024-10-19 00:31:00+00:00, run_after=2024-10-19 00:32:00+00:00
[2024-10-19T00:32:59.888+0000] {processor.py:208} INFO - Processing /home/airflow/.local/lib/python3.12/site-packages/airflow/example_dags/example_branch_python_dop_operator_3.py took 0.074 seconds
[2024-10-19T00:33:30.116+0000] {processor.py:186} INFO - Started process (PID=3567) to work on /home/airflow/.local/lib/python3.12/site-packages/airflow/example_dags/example_branch_python_dop_operator_3.py
[2024-10-19T00:33:30.117+0000] {processor.py:914} INFO - Processing file /home/airflow/.local/lib/python3.12/site-packages/airflow/example_dags/example_branch_python_dop_operator_3.py for tasks to queue
[2024-10-19T00:33:30.119+0000] {logging_mixin.py:190} INFO - [2024-10-19T00:33:30.119+0000] {dagbag.py:588} INFO - Filling up the DagBag from /home/airflow/.local/lib/python3.12/site-packages/airflow/example_dags/example_branch_python_dop_operator_3.py
[2024-10-19T00:33:30.128+0000] {processor.py:925} INFO - DAG(s) 'example_branch_dop_operator_v3' retrieved from /home/airflow/.local/lib/python3.12/site-packages/airflow/example_dags/example_branch_python_dop_operator_3.py
[2024-10-19T00:33:30.144+0000] {logging_mixin.py:190} INFO - [2024-10-19T00:33:30.144+0000] {dag.py:3239} INFO - Sync 1 DAGs
[2024-10-19T00:33:30.165+0000] {logging_mixin.py:190} INFO - [2024-10-19T00:33:30.165+0000] {dag.py:4180} INFO - Setting next_dagrun for example_branch_dop_operator_v3 to 2024-10-19 00:32:00+00:00, run_after=2024-10-19 00:33:00+00:00
[2024-10-19T00:33:30.183+0000] {processor.py:208} INFO - Processing /home/airflow/.local/lib/python3.12/site-packages/airflow/example_dags/example_branch_python_dop_operator_3.py took 0.072 seconds
[2024-10-19T00:34:00.538+0000] {processor.py:186} INFO - Started process (PID=3629) to work on /home/airflow/.local/lib/python3.12/site-packages/airflow/example_dags/example_branch_python_dop_operator_3.py
[2024-10-19T00:34:00.538+0000] {processor.py:914} INFO - Processing file /home/airflow/.local/lib/python3.12/site-packages/airflow/example_dags/example_branch_python_dop_operator_3.py for tasks to queue
[2024-10-19T00:34:00.540+0000] {logging_mixin.py:190} INFO - [2024-10-19T00:34:00.540+0000] {dagbag.py:588} INFO - Filling up the DagBag from /home/airflow/.local/lib/python3.12/site-packages/airflow/example_dags/example_branch_python_dop_operator_3.py
[2024-10-19T00:34:00.548+0000] {processor.py:925} INFO - DAG(s) 'example_branch_dop_operator_v3' retrieved from /home/airflow/.local/lib/python3.12/site-packages/airflow/example_dags/example_branch_python_dop_operator_3.py
[2024-10-19T00:34:00.565+0000] {logging_mixin.py:190} INFO - [2024-10-19T00:34:00.565+0000] {dag.py:3239} INFO - Sync 1 DAGs
[2024-10-19T00:34:00.585+0000] {logging_mixin.py:190} INFO - [2024-10-19T00:34:00.585+0000] {dag.py:4180} INFO - Setting next_dagrun for example_branch_dop_operator_v3 to 2024-10-19 00:33:00+00:00, run_after=2024-10-19 00:34:00+00:00
[2024-10-19T00:34:00.604+0000] {processor.py:208} INFO - Processing /home/airflow/.local/lib/python3.12/site-packages/airflow/example_dags/example_branch_python_dop_operator_3.py took 0.071 seconds
[2024-10-19T00:34:31.076+0000] {processor.py:186} INFO - Started process (PID=3691) to work on /home/airflow/.local/lib/python3.12/site-packages/airflow/example_dags/example_branch_python_dop_operator_3.py
[2024-10-19T00:34:31.076+0000] {processor.py:914} INFO - Processing file /home/airflow/.local/lib/python3.12/site-packages/airflow/example_dags/example_branch_python_dop_operator_3.py for tasks to queue
[2024-10-19T00:34:31.079+0000] {logging_mixin.py:190} INFO - [2024-10-19T00:34:31.078+0000] {dagbag.py:588} INFO - Filling up the DagBag from /home/airflow/.local/lib/python3.12/site-packages/airflow/example_dags/example_branch_python_dop_operator_3.py
[2024-10-19T00:34:31.086+0000] {processor.py:925} INFO - DAG(s) 'example_branch_dop_operator_v3' retrieved from /home/airflow/.local/lib/python3.12/site-packages/airflow/example_dags/example_branch_python_dop_operator_3.py
[2024-10-19T00:34:31.103+0000] {logging_mixin.py:190} INFO - [2024-10-19T00:34:31.103+0000] {dag.py:3239} INFO - Sync 1 DAGs
[2024-10-19T00:34:31.125+0000] {logging_mixin.py:190} INFO - [2024-10-19T00:34:31.125+0000] {dag.py:4180} INFO - Setting next_dagrun for example_branch_dop_operator_v3 to 2024-10-19 00:33:00+00:00, run_after=2024-10-19 00:34:00+00:00
[2024-10-19T00:34:31.142+0000] {processor.py:208} INFO - Processing /home/airflow/.local/lib/python3.12/site-packages/airflow/example_dags/example_branch_python_dop_operator_3.py took 0.071 seconds
[2024-10-19T00:35:01.402+0000] {processor.py:186} INFO - Started process (PID=3752) to work on /home/airflow/.local/lib/python3.12/site-packages/airflow/example_dags/example_branch_python_dop_operator_3.py
[2024-10-19T00:35:01.403+0000] {processor.py:914} INFO - Processing file /home/airflow/.local/lib/python3.12/site-packages/airflow/example_dags/example_branch_python_dop_operator_3.py for tasks to queue
[2024-10-19T00:35:01.405+0000] {logging_mixin.py:190} INFO - [2024-10-19T00:35:01.404+0000] {dagbag.py:588} INFO - Filling up the DagBag from /home/airflow/.local/lib/python3.12/site-packages/airflow/example_dags/example_branch_python_dop_operator_3.py
[2024-10-19T00:35:01.412+0000] {processor.py:925} INFO - DAG(s) 'example_branch_dop_operator_v3' retrieved from /home/airflow/.local/lib/python3.12/site-packages/airflow/example_dags/example_branch_python_dop_operator_3.py
[2024-10-19T00:35:01.428+0000] {logging_mixin.py:190} INFO - [2024-10-19T00:35:01.428+0000] {dag.py:3239} INFO - Sync 1 DAGs
[2024-10-19T00:35:01.449+0000] {logging_mixin.py:190} INFO - [2024-10-19T00:35:01.449+0000] {dag.py:4180} INFO - Setting next_dagrun for example_branch_dop_operator_v3 to 2024-10-19 00:34:00+00:00, run_after=2024-10-19 00:35:00+00:00
[2024-10-19T00:35:01.466+0000] {processor.py:208} INFO - Processing /home/airflow/.local/lib/python3.12/site-packages/airflow/example_dags/example_branch_python_dop_operator_3.py took 0.068 seconds
[2024-10-19T00:35:31.820+0000] {processor.py:186} INFO - Started process (PID=3814) to work on /home/airflow/.local/lib/python3.12/site-packages/airflow/example_dags/example_branch_python_dop_operator_3.py
[2024-10-19T00:35:31.822+0000] {processor.py:914} INFO - Processing file /home/airflow/.local/lib/python3.12/site-packages/airflow/example_dags/example_branch_python_dop_operator_3.py for tasks to queue
[2024-10-19T00:35:31.824+0000] {logging_mixin.py:190} INFO - [2024-10-19T00:35:31.824+0000] {dagbag.py:588} INFO - Filling up the DagBag from /home/airflow/.local/lib/python3.12/site-packages/airflow/example_dags/example_branch_python_dop_operator_3.py
[2024-10-19T00:35:31.833+0000] {processor.py:925} INFO - DAG(s) 'example_branch_dop_operator_v3' retrieved from /home/airflow/.local/lib/python3.12/site-packages/airflow/example_dags/example_branch_python_dop_operator_3.py
[2024-10-19T00:35:31.849+0000] {logging_mixin.py:190} INFO - [2024-10-19T00:35:31.848+0000] {dag.py:3239} INFO - Sync 1 DAGs
[2024-10-19T00:35:31.869+0000] {logging_mixin.py:190} INFO - [2024-10-19T00:35:31.868+0000] {dag.py:4180} INFO - Setting next_dagrun for example_branch_dop_operator_v3 to 2024-10-19 00:34:00+00:00, run_after=2024-10-19 00:35:00+00:00
[2024-10-19T00:35:31.887+0000] {processor.py:208} INFO - Processing /home/airflow/.local/lib/python3.12/site-packages/airflow/example_dags/example_branch_python_dop_operator_3.py took 0.073 seconds
[2024-10-19T00:36:02.425+0000] {processor.py:186} INFO - Started process (PID=3876) to work on /home/airflow/.local/lib/python3.12/site-packages/airflow/example_dags/example_branch_python_dop_operator_3.py
[2024-10-19T00:36:02.426+0000] {processor.py:914} INFO - Processing file /home/airflow/.local/lib/python3.12/site-packages/airflow/example_dags/example_branch_python_dop_operator_3.py for tasks to queue
[2024-10-19T00:36:02.429+0000] {logging_mixin.py:190} INFO - [2024-10-19T00:36:02.428+0000] {dagbag.py:588} INFO - Filling up the DagBag from /home/airflow/.local/lib/python3.12/site-packages/airflow/example_dags/example_branch_python_dop_operator_3.py
[2024-10-19T00:36:02.438+0000] {processor.py:925} INFO - DAG(s) 'example_branch_dop_operator_v3' retrieved from /home/airflow/.local/lib/python3.12/site-packages/airflow/example_dags/example_branch_python_dop_operator_3.py
[2024-10-19T00:36:02.459+0000] {logging_mixin.py:190} INFO - [2024-10-19T00:36:02.459+0000] {dag.py:3239} INFO - Sync 1 DAGs
[2024-10-19T00:36:02.485+0000] {logging_mixin.py:190} INFO - [2024-10-19T00:36:02.485+0000] {dag.py:4180} INFO - Setting next_dagrun for example_branch_dop_operator_v3 to 2024-10-19 00:35:00+00:00, run_after=2024-10-19 00:36:00+00:00
[2024-10-19T00:36:02.508+0000] {processor.py:208} INFO - Processing /home/airflow/.local/lib/python3.12/site-packages/airflow/example_dags/example_branch_python_dop_operator_3.py took 0.089 seconds
[2024-10-19T00:36:33.397+0000] {processor.py:186} INFO - Started process (PID=3938) to work on /home/airflow/.local/lib/python3.12/site-packages/airflow/example_dags/example_branch_python_dop_operator_3.py
[2024-10-19T00:36:33.399+0000] {processor.py:914} INFO - Processing file /home/airflow/.local/lib/python3.12/site-packages/airflow/example_dags/example_branch_python_dop_operator_3.py for tasks to queue
[2024-10-19T00:36:33.404+0000] {logging_mixin.py:190} INFO - [2024-10-19T00:36:33.403+0000] {dagbag.py:588} INFO - Filling up the DagBag from /home/airflow/.local/lib/python3.12/site-packages/airflow/example_dags/example_branch_python_dop_operator_3.py
[2024-10-19T00:36:33.426+0000] {processor.py:925} INFO - DAG(s) 'example_branch_dop_operator_v3' retrieved from /home/airflow/.local/lib/python3.12/site-packages/airflow/example_dags/example_branch_python_dop_operator_3.py
[2024-10-19T00:36:33.456+0000] {logging_mixin.py:190} INFO - [2024-10-19T00:36:33.456+0000] {dag.py:3239} INFO - Sync 1 DAGs
[2024-10-19T00:36:33.502+0000] {logging_mixin.py:190} INFO - [2024-10-19T00:36:33.502+0000] {dag.py:4180} INFO - Setting next_dagrun for example_branch_dop_operator_v3 to 2024-10-19 00:35:00+00:00, run_after=2024-10-19 00:36:00+00:00
