[2024-10-19T00:04:53.074+0000] {processor.py:186} INFO - Started process (PID=84) to work on /home/airflow/.local/lib/python3.12/site-packages/airflow/example_dags/example_setup_teardown.py
[2024-10-19T00:04:53.075+0000] {processor.py:914} INFO - Processing file /home/airflow/.local/lib/python3.12/site-packages/airflow/example_dags/example_setup_teardown.py for tasks to queue
[2024-10-19T00:04:53.079+0000] {logging_mixin.py:190} INFO - [2024-10-19T00:04:53.078+0000] {dagbag.py:588} INFO - Filling up the DagBag from /home/airflow/.local/lib/python3.12/site-packages/airflow/example_dags/example_setup_teardown.py
[2024-10-19T00:04:53.089+0000] {processor.py:925} INFO - DAG(s) 'example_setup_teardown' retrieved from /home/airflow/.local/lib/python3.12/site-packages/airflow/example_dags/example_setup_teardown.py
[2024-10-19T00:04:53.223+0000] {logging_mixin.py:190} INFO - [2024-10-19T00:04:53.222+0000] {override.py:1900} INFO - Created Permission View: can delete on DAG:example_setup_teardown
[2024-10-19T00:04:53.243+0000] {logging_mixin.py:190} INFO - [2024-10-19T00:04:53.242+0000] {override.py:1900} INFO - Created Permission View: can read on DAG:example_setup_teardown
[2024-10-19T00:04:53.257+0000] {logging_mixin.py:190} INFO - [2024-10-19T00:04:53.256+0000] {override.py:1900} INFO - Created Permission View: can edit on DAG:example_setup_teardown
[2024-10-19T00:04:53.287+0000] {logging_mixin.py:190} INFO - [2024-10-19T00:04:53.287+0000] {override.py:1900} INFO - Created Permission View: can delete on DAG Run:example_setup_teardown
[2024-10-19T00:04:53.304+0000] {logging_mixin.py:190} INFO - [2024-10-19T00:04:53.303+0000] {override.py:1900} INFO - Created Permission View: can read on DAG Run:example_setup_teardown
[2024-10-19T00:04:53.318+0000] {logging_mixin.py:190} INFO - [2024-10-19T00:04:53.317+0000] {override.py:1900} INFO - Created Permission View: menu access on DAG Run:example_setup_teardown
[2024-10-19T00:04:53.333+0000] {logging_mixin.py:190} INFO - [2024-10-19T00:04:53.332+0000] {override.py:1900} INFO - Created Permission View: can create on DAG Run:example_setup_teardown
[2024-10-19T00:04:53.334+0000] {logging_mixin.py:190} INFO - [2024-10-19T00:04:53.334+0000] {dag.py:3239} INFO - Sync 1 DAGs
[2024-10-19T00:04:53.356+0000] {logging_mixin.py:190} INFO - [2024-10-19T00:04:53.356+0000] {dag.py:3262} INFO - Creating ORM DAG for example_setup_teardown
[2024-10-19T00:04:53.358+0000] {logging_mixin.py:190} INFO - [2024-10-19T00:04:53.357+0000] {dag.py:4180} INFO - Setting next_dagrun for example_setup_teardown to None, run_after=None
[2024-10-19T00:04:53.390+0000] {processor.py:208} INFO - Processing /home/airflow/.local/lib/python3.12/site-packages/airflow/example_dags/example_setup_teardown.py took 0.323 seconds
[2024-10-19T00:05:24.126+0000] {processor.py:186} INFO - Started process (PID=146) to work on /home/airflow/.local/lib/python3.12/site-packages/airflow/example_dags/example_setup_teardown.py
[2024-10-19T00:05:24.126+0000] {processor.py:914} INFO - Processing file /home/airflow/.local/lib/python3.12/site-packages/airflow/example_dags/example_setup_teardown.py for tasks to queue
[2024-10-19T00:05:24.128+0000] {logging_mixin.py:190} INFO - [2024-10-19T00:05:24.128+0000] {dagbag.py:588} INFO - Filling up the DagBag from /home/airflow/.local/lib/python3.12/site-packages/airflow/example_dags/example_setup_teardown.py
[2024-10-19T00:05:24.135+0000] {processor.py:925} INFO - DAG(s) 'example_setup_teardown' retrieved from /home/airflow/.local/lib/python3.12/site-packages/airflow/example_dags/example_setup_teardown.py
[2024-10-19T00:05:24.151+0000] {logging_mixin.py:190} INFO - [2024-10-19T00:05:24.151+0000] {dag.py:3239} INFO - Sync 1 DAGs
[2024-10-19T00:05:24.162+0000] {logging_mixin.py:190} INFO - [2024-10-19T00:05:24.161+0000] {dag.py:4180} INFO - Setting next_dagrun for example_setup_teardown to None, run_after=None
[2024-10-19T00:05:24.182+0000] {processor.py:208} INFO - Processing /home/airflow/.local/lib/python3.12/site-packages/airflow/example_dags/example_setup_teardown.py took 0.062 seconds
[2024-10-19T00:05:54.743+0000] {processor.py:186} INFO - Started process (PID=208) to work on /home/airflow/.local/lib/python3.12/site-packages/airflow/example_dags/example_setup_teardown.py
[2024-10-19T00:05:54.744+0000] {processor.py:914} INFO - Processing file /home/airflow/.local/lib/python3.12/site-packages/airflow/example_dags/example_setup_teardown.py for tasks to queue
[2024-10-19T00:05:54.747+0000] {logging_mixin.py:190} INFO - [2024-10-19T00:05:54.746+0000] {dagbag.py:588} INFO - Filling up the DagBag from /home/airflow/.local/lib/python3.12/site-packages/airflow/example_dags/example_setup_teardown.py
[2024-10-19T00:05:54.754+0000] {processor.py:925} INFO - DAG(s) 'example_setup_teardown' retrieved from /home/airflow/.local/lib/python3.12/site-packages/airflow/example_dags/example_setup_teardown.py
[2024-10-19T00:05:54.775+0000] {logging_mixin.py:190} INFO - [2024-10-19T00:05:54.775+0000] {dag.py:3239} INFO - Sync 1 DAGs
[2024-10-19T00:05:54.789+0000] {logging_mixin.py:190} INFO - [2024-10-19T00:05:54.789+0000] {dag.py:4180} INFO - Setting next_dagrun for example_setup_teardown to None, run_after=None
[2024-10-19T00:05:54.815+0000] {processor.py:208} INFO - Processing /home/airflow/.local/lib/python3.12/site-packages/airflow/example_dags/example_setup_teardown.py took 0.077 seconds
[2024-10-19T00:06:25.749+0000] {processor.py:186} INFO - Started process (PID=269) to work on /home/airflow/.local/lib/python3.12/site-packages/airflow/example_dags/example_setup_teardown.py
[2024-10-19T00:06:25.751+0000] {processor.py:914} INFO - Processing file /home/airflow/.local/lib/python3.12/site-packages/airflow/example_dags/example_setup_teardown.py for tasks to queue
[2024-10-19T00:06:25.753+0000] {logging_mixin.py:190} INFO - [2024-10-19T00:06:25.753+0000] {dagbag.py:588} INFO - Filling up the DagBag from /home/airflow/.local/lib/python3.12/site-packages/airflow/example_dags/example_setup_teardown.py
[2024-10-19T00:06:25.760+0000] {processor.py:925} INFO - DAG(s) 'example_setup_teardown' retrieved from /home/airflow/.local/lib/python3.12/site-packages/airflow/example_dags/example_setup_teardown.py
[2024-10-19T00:06:25.779+0000] {logging_mixin.py:190} INFO - [2024-10-19T00:06:25.778+0000] {dag.py:3239} INFO - Sync 1 DAGs
[2024-10-19T00:06:25.792+0000] {logging_mixin.py:190} INFO - [2024-10-19T00:06:25.792+0000] {dag.py:4180} INFO - Setting next_dagrun for example_setup_teardown to None, run_after=None
[2024-10-19T00:06:25.811+0000] {processor.py:208} INFO - Processing /home/airflow/.local/lib/python3.12/site-packages/airflow/example_dags/example_setup_teardown.py took 0.068 seconds
[2024-10-19T00:06:56.078+0000] {processor.py:186} INFO - Started process (PID=331) to work on /home/airflow/.local/lib/python3.12/site-packages/airflow/example_dags/example_setup_teardown.py
[2024-10-19T00:06:56.079+0000] {processor.py:914} INFO - Processing file /home/airflow/.local/lib/python3.12/site-packages/airflow/example_dags/example_setup_teardown.py for tasks to queue
[2024-10-19T00:06:56.083+0000] {logging_mixin.py:190} INFO - [2024-10-19T00:06:56.082+0000] {dagbag.py:588} INFO - Filling up the DagBag from /home/airflow/.local/lib/python3.12/site-packages/airflow/example_dags/example_setup_teardown.py
[2024-10-19T00:06:56.093+0000] {processor.py:925} INFO - DAG(s) 'example_setup_teardown' retrieved from /home/airflow/.local/lib/python3.12/site-packages/airflow/example_dags/example_setup_teardown.py
[2024-10-19T00:06:56.121+0000] {logging_mixin.py:190} INFO - [2024-10-19T00:06:56.120+0000] {dag.py:3239} INFO - Sync 1 DAGs
[2024-10-19T00:06:56.140+0000] {logging_mixin.py:190} INFO - [2024-10-19T00:06:56.140+0000] {dag.py:4180} INFO - Setting next_dagrun for example_setup_teardown to None, run_after=None
[2024-10-19T00:06:56.166+0000] {processor.py:208} INFO - Processing /home/airflow/.local/lib/python3.12/site-packages/airflow/example_dags/example_setup_teardown.py took 0.098 seconds
[2024-10-19T00:07:26.701+0000] {processor.py:186} INFO - Started process (PID=393) to work on /home/airflow/.local/lib/python3.12/site-packages/airflow/example_dags/example_setup_teardown.py
[2024-10-19T00:07:26.703+0000] {processor.py:914} INFO - Processing file /home/airflow/.local/lib/python3.12/site-packages/airflow/example_dags/example_setup_teardown.py for tasks to queue
[2024-10-19T00:07:26.706+0000] {logging_mixin.py:190} INFO - [2024-10-19T00:07:26.706+0000] {dagbag.py:588} INFO - Filling up the DagBag from /home/airflow/.local/lib/python3.12/site-packages/airflow/example_dags/example_setup_teardown.py
[2024-10-19T00:07:26.716+0000] {processor.py:925} INFO - DAG(s) 'example_setup_teardown' retrieved from /home/airflow/.local/lib/python3.12/site-packages/airflow/example_dags/example_setup_teardown.py
[2024-10-19T00:07:26.742+0000] {logging_mixin.py:190} INFO - [2024-10-19T00:07:26.741+0000] {dag.py:3239} INFO - Sync 1 DAGs
[2024-10-19T00:07:26.758+0000] {logging_mixin.py:190} INFO - [2024-10-19T00:07:26.757+0000] {dag.py:4180} INFO - Setting next_dagrun for example_setup_teardown to None, run_after=None
[2024-10-19T00:07:26.787+0000] {processor.py:208} INFO - Processing /home/airflow/.local/lib/python3.12/site-packages/airflow/example_dags/example_setup_teardown.py took 0.092 seconds
[2024-10-19T00:07:57.322+0000] {processor.py:186} INFO - Started process (PID=456) to work on /home/airflow/.local/lib/python3.12/site-packages/airflow/example_dags/example_setup_teardown.py
[2024-10-19T00:07:57.323+0000] {processor.py:914} INFO - Processing file /home/airflow/.local/lib/python3.12/site-packages/airflow/example_dags/example_setup_teardown.py for tasks to queue
[2024-10-19T00:07:57.327+0000] {logging_mixin.py:190} INFO - [2024-10-19T00:07:57.326+0000] {dagbag.py:588} INFO - Filling up the DagBag from /home/airflow/.local/lib/python3.12/site-packages/airflow/example_dags/example_setup_teardown.py
[2024-10-19T00:07:57.333+0000] {processor.py:925} INFO - DAG(s) 'example_setup_teardown' retrieved from /home/airflow/.local/lib/python3.12/site-packages/airflow/example_dags/example_setup_teardown.py
[2024-10-19T00:07:57.350+0000] {logging_mixin.py:190} INFO - [2024-10-19T00:07:57.350+0000] {dag.py:3239} INFO - Sync 1 DAGs
[2024-10-19T00:07:57.361+0000] {logging_mixin.py:190} INFO - [2024-10-19T00:07:57.361+0000] {dag.py:4180} INFO - Setting next_dagrun for example_setup_teardown to None, run_after=None
[2024-10-19T00:07:57.380+0000] {processor.py:208} INFO - Processing /home/airflow/.local/lib/python3.12/site-packages/airflow/example_dags/example_setup_teardown.py took 0.062 seconds
[2024-10-19T00:08:27.856+0000] {processor.py:186} INFO - Started process (PID=519) to work on /home/airflow/.local/lib/python3.12/site-packages/airflow/example_dags/example_setup_teardown.py
[2024-10-19T00:08:27.857+0000] {processor.py:914} INFO - Processing file /home/airflow/.local/lib/python3.12/site-packages/airflow/example_dags/example_setup_teardown.py for tasks to queue
[2024-10-19T00:08:27.859+0000] {logging_mixin.py:190} INFO - [2024-10-19T00:08:27.859+0000] {dagbag.py:588} INFO - Filling up the DagBag from /home/airflow/.local/lib/python3.12/site-packages/airflow/example_dags/example_setup_teardown.py
[2024-10-19T00:08:27.866+0000] {processor.py:925} INFO - DAG(s) 'example_setup_teardown' retrieved from /home/airflow/.local/lib/python3.12/site-packages/airflow/example_dags/example_setup_teardown.py
[2024-10-19T00:08:27.889+0000] {logging_mixin.py:190} INFO - [2024-10-19T00:08:27.888+0000] {dag.py:3239} INFO - Sync 1 DAGs
[2024-10-19T00:08:27.905+0000] {logging_mixin.py:190} INFO - [2024-10-19T00:08:27.904+0000] {dag.py:4180} INFO - Setting next_dagrun for example_setup_teardown to None, run_after=None
[2024-10-19T00:08:27.930+0000] {processor.py:208} INFO - Processing /home/airflow/.local/lib/python3.12/site-packages/airflow/example_dags/example_setup_teardown.py took 0.079 seconds
[2024-10-19T00:08:57.988+0000] {processor.py:186} INFO - Started process (PID=582) to work on /home/airflow/.local/lib/python3.12/site-packages/airflow/example_dags/example_setup_teardown.py
[2024-10-19T00:08:57.990+0000] {processor.py:914} INFO - Processing file /home/airflow/.local/lib/python3.12/site-packages/airflow/example_dags/example_setup_teardown.py for tasks to queue
[2024-10-19T00:08:57.992+0000] {logging_mixin.py:190} INFO - [2024-10-19T00:08:57.992+0000] {dagbag.py:588} INFO - Filling up the DagBag from /home/airflow/.local/lib/python3.12/site-packages/airflow/example_dags/example_setup_teardown.py
[2024-10-19T00:08:57.999+0000] {processor.py:925} INFO - DAG(s) 'example_setup_teardown' retrieved from /home/airflow/.local/lib/python3.12/site-packages/airflow/example_dags/example_setup_teardown.py
[2024-10-19T00:08:58.016+0000] {logging_mixin.py:190} INFO - [2024-10-19T00:08:58.015+0000] {dag.py:3239} INFO - Sync 1 DAGs
[2024-10-19T00:08:58.030+0000] {logging_mixin.py:190} INFO - [2024-10-19T00:08:58.030+0000] {dag.py:4180} INFO - Setting next_dagrun for example_setup_teardown to None, run_after=None
[2024-10-19T00:08:58.052+0000] {processor.py:208} INFO - Processing /home/airflow/.local/lib/python3.12/site-packages/airflow/example_dags/example_setup_teardown.py took 0.068 seconds
[2024-10-19T00:09:28.221+0000] {processor.py:186} INFO - Started process (PID=645) to work on /home/airflow/.local/lib/python3.12/site-packages/airflow/example_dags/example_setup_teardown.py
[2024-10-19T00:09:28.222+0000] {processor.py:914} INFO - Processing file /home/airflow/.local/lib/python3.12/site-packages/airflow/example_dags/example_setup_teardown.py for tasks to queue
[2024-10-19T00:09:28.224+0000] {logging_mixin.py:190} INFO - [2024-10-19T00:09:28.224+0000] {dagbag.py:588} INFO - Filling up the DagBag from /home/airflow/.local/lib/python3.12/site-packages/airflow/example_dags/example_setup_teardown.py
[2024-10-19T00:09:28.231+0000] {processor.py:925} INFO - DAG(s) 'example_setup_teardown' retrieved from /home/airflow/.local/lib/python3.12/site-packages/airflow/example_dags/example_setup_teardown.py
[2024-10-19T00:09:28.247+0000] {logging_mixin.py:190} INFO - [2024-10-19T00:09:28.247+0000] {dag.py:3239} INFO - Sync 1 DAGs
[2024-10-19T00:09:28.258+0000] {logging_mixin.py:190} INFO - [2024-10-19T00:09:28.257+0000] {dag.py:4180} INFO - Setting next_dagrun for example_setup_teardown to None, run_after=None
[2024-10-19T00:09:28.274+0000] {processor.py:208} INFO - Processing /home/airflow/.local/lib/python3.12/site-packages/airflow/example_dags/example_setup_teardown.py took 0.057 seconds
[2024-10-19T00:09:58.856+0000] {processor.py:186} INFO - Started process (PID=707) to work on /home/airflow/.local/lib/python3.12/site-packages/airflow/example_dags/example_setup_teardown.py
[2024-10-19T00:09:58.857+0000] {processor.py:914} INFO - Processing file /home/airflow/.local/lib/python3.12/site-packages/airflow/example_dags/example_setup_teardown.py for tasks to queue
[2024-10-19T00:09:58.860+0000] {logging_mixin.py:190} INFO - [2024-10-19T00:09:58.859+0000] {dagbag.py:588} INFO - Filling up the DagBag from /home/airflow/.local/lib/python3.12/site-packages/airflow/example_dags/example_setup_teardown.py
[2024-10-19T00:09:58.867+0000] {processor.py:925} INFO - DAG(s) 'example_setup_teardown' retrieved from /home/airflow/.local/lib/python3.12/site-packages/airflow/example_dags/example_setup_teardown.py
[2024-10-19T00:09:58.884+0000] {logging_mixin.py:190} INFO - [2024-10-19T00:09:58.883+0000] {dag.py:3239} INFO - Sync 1 DAGs
[2024-10-19T00:09:58.895+0000] {logging_mixin.py:190} INFO - [2024-10-19T00:09:58.895+0000] {dag.py:4180} INFO - Setting next_dagrun for example_setup_teardown to None, run_after=None
[2024-10-19T00:09:58.911+0000] {processor.py:208} INFO - Processing /home/airflow/.local/lib/python3.12/site-packages/airflow/example_dags/example_setup_teardown.py took 0.060 seconds
[2024-10-19T00:10:30.174+0000] {processor.py:186} INFO - Started process (PID=769) to work on /home/airflow/.local/lib/python3.12/site-packages/airflow/example_dags/example_setup_teardown.py
[2024-10-19T00:10:30.175+0000] {processor.py:914} INFO - Processing file /home/airflow/.local/lib/python3.12/site-packages/airflow/example_dags/example_setup_teardown.py for tasks to queue
[2024-10-19T00:10:30.178+0000] {logging_mixin.py:190} INFO - [2024-10-19T00:10:30.177+0000] {dagbag.py:588} INFO - Filling up the DagBag from /home/airflow/.local/lib/python3.12/site-packages/airflow/example_dags/example_setup_teardown.py
[2024-10-19T00:10:30.186+0000] {processor.py:925} INFO - DAG(s) 'example_setup_teardown' retrieved from /home/airflow/.local/lib/python3.12/site-packages/airflow/example_dags/example_setup_teardown.py
[2024-10-19T00:10:30.205+0000] {logging_mixin.py:190} INFO - [2024-10-19T00:10:30.205+0000] {dag.py:3239} INFO - Sync 1 DAGs
[2024-10-19T00:10:30.218+0000] {logging_mixin.py:190} INFO - [2024-10-19T00:10:30.218+0000] {dag.py:4180} INFO - Setting next_dagrun for example_setup_teardown to None, run_after=None
[2024-10-19T00:10:30.237+0000] {processor.py:208} INFO - Processing /home/airflow/.local/lib/python3.12/site-packages/airflow/example_dags/example_setup_teardown.py took 0.069 seconds
[2024-10-19T00:11:01.323+0000] {processor.py:186} INFO - Started process (PID=831) to work on /home/airflow/.local/lib/python3.12/site-packages/airflow/example_dags/example_setup_teardown.py
[2024-10-19T00:11:01.325+0000] {processor.py:914} INFO - Processing file /home/airflow/.local/lib/python3.12/site-packages/airflow/example_dags/example_setup_teardown.py for tasks to queue
[2024-10-19T00:11:01.328+0000] {logging_mixin.py:190} INFO - [2024-10-19T00:11:01.327+0000] {dagbag.py:588} INFO - Filling up the DagBag from /home/airflow/.local/lib/python3.12/site-packages/airflow/example_dags/example_setup_teardown.py
[2024-10-19T00:11:01.339+0000] {processor.py:925} INFO - DAG(s) 'example_setup_teardown' retrieved from /home/airflow/.local/lib/python3.12/site-packages/airflow/example_dags/example_setup_teardown.py
[2024-10-19T00:11:01.370+0000] {logging_mixin.py:190} INFO - [2024-10-19T00:11:01.370+0000] {dag.py:3239} INFO - Sync 1 DAGs
[2024-10-19T00:11:01.396+0000] {logging_mixin.py:190} INFO - [2024-10-19T00:11:01.395+0000] {dag.py:4180} INFO - Setting next_dagrun for example_setup_teardown to None, run_after=None
[2024-10-19T00:11:01.431+0000] {processor.py:208} INFO - Processing /home/airflow/.local/lib/python3.12/site-packages/airflow/example_dags/example_setup_teardown.py took 0.115 seconds
[2024-10-19T00:11:31.609+0000] {processor.py:186} INFO - Started process (PID=893) to work on /home/airflow/.local/lib/python3.12/site-packages/airflow/example_dags/example_setup_teardown.py
[2024-10-19T00:11:31.610+0000] {processor.py:914} INFO - Processing file /home/airflow/.local/lib/python3.12/site-packages/airflow/example_dags/example_setup_teardown.py for tasks to queue
[2024-10-19T00:11:31.613+0000] {logging_mixin.py:190} INFO - [2024-10-19T00:11:31.612+0000] {dagbag.py:588} INFO - Filling up the DagBag from /home/airflow/.local/lib/python3.12/site-packages/airflow/example_dags/example_setup_teardown.py
[2024-10-19T00:11:31.620+0000] {processor.py:925} INFO - DAG(s) 'example_setup_teardown' retrieved from /home/airflow/.local/lib/python3.12/site-packages/airflow/example_dags/example_setup_teardown.py
[2024-10-19T00:11:31.641+0000] {logging_mixin.py:190} INFO - [2024-10-19T00:11:31.640+0000] {dag.py:3239} INFO - Sync 1 DAGs
[2024-10-19T00:11:31.655+0000] {logging_mixin.py:190} INFO - [2024-10-19T00:11:31.654+0000] {dag.py:4180} INFO - Setting next_dagrun for example_setup_teardown to None, run_after=None
[2024-10-19T00:11:31.677+0000] {processor.py:208} INFO - Processing /home/airflow/.local/lib/python3.12/site-packages/airflow/example_dags/example_setup_teardown.py took 0.074 seconds
[2024-10-19T00:12:02.305+0000] {processor.py:186} INFO - Started process (PID=956) to work on /home/airflow/.local/lib/python3.12/site-packages/airflow/example_dags/example_setup_teardown.py
[2024-10-19T00:12:02.306+0000] {processor.py:914} INFO - Processing file /home/airflow/.local/lib/python3.12/site-packages/airflow/example_dags/example_setup_teardown.py for tasks to queue
[2024-10-19T00:12:02.308+0000] {logging_mixin.py:190} INFO - [2024-10-19T00:12:02.308+0000] {dagbag.py:588} INFO - Filling up the DagBag from /home/airflow/.local/lib/python3.12/site-packages/airflow/example_dags/example_setup_teardown.py
[2024-10-19T00:12:02.316+0000] {processor.py:925} INFO - DAG(s) 'example_setup_teardown' retrieved from /home/airflow/.local/lib/python3.12/site-packages/airflow/example_dags/example_setup_teardown.py
[2024-10-19T00:12:02.334+0000] {logging_mixin.py:190} INFO - [2024-10-19T00:12:02.334+0000] {dag.py:3239} INFO - Sync 1 DAGs
[2024-10-19T00:12:02.347+0000] {logging_mixin.py:190} INFO - [2024-10-19T00:12:02.347+0000] {dag.py:4180} INFO - Setting next_dagrun for example_setup_teardown to None, run_after=None
[2024-10-19T00:12:02.369+0000] {processor.py:208} INFO - Processing /home/airflow/.local/lib/python3.12/site-packages/airflow/example_dags/example_setup_teardown.py took 0.068 seconds
[2024-10-19T00:12:33.077+0000] {processor.py:186} INFO - Started process (PID=1018) to work on /home/airflow/.local/lib/python3.12/site-packages/airflow/example_dags/example_setup_teardown.py
[2024-10-19T00:12:33.079+0000] {processor.py:914} INFO - Processing file /home/airflow/.local/lib/python3.12/site-packages/airflow/example_dags/example_setup_teardown.py for tasks to queue
[2024-10-19T00:12:33.082+0000] {logging_mixin.py:190} INFO - [2024-10-19T00:12:33.082+0000] {dagbag.py:588} INFO - Filling up the DagBag from /home/airflow/.local/lib/python3.12/site-packages/airflow/example_dags/example_setup_teardown.py
[2024-10-19T00:12:33.096+0000] {processor.py:925} INFO - DAG(s) 'example_setup_teardown' retrieved from /home/airflow/.local/lib/python3.12/site-packages/airflow/example_dags/example_setup_teardown.py
[2024-10-19T00:12:33.125+0000] {logging_mixin.py:190} INFO - [2024-10-19T00:12:33.125+0000] {dag.py:3239} INFO - Sync 1 DAGs
[2024-10-19T00:12:33.142+0000] {logging_mixin.py:190} INFO - [2024-10-19T00:12:33.142+0000] {dag.py:4180} INFO - Setting next_dagrun for example_setup_teardown to None, run_after=None
[2024-10-19T00:12:33.163+0000] {processor.py:208} INFO - Processing /home/airflow/.local/lib/python3.12/site-packages/airflow/example_dags/example_setup_teardown.py took 0.095 seconds
[2024-10-19T00:13:03.467+0000] {processor.py:186} INFO - Started process (PID=1079) to work on /home/airflow/.local/lib/python3.12/site-packages/airflow/example_dags/example_setup_teardown.py
[2024-10-19T00:13:03.468+0000] {processor.py:914} INFO - Processing file /home/airflow/.local/lib/python3.12/site-packages/airflow/example_dags/example_setup_teardown.py for tasks to queue
[2024-10-19T00:13:03.470+0000] {logging_mixin.py:190} INFO - [2024-10-19T00:13:03.470+0000] {dagbag.py:588} INFO - Filling up the DagBag from /home/airflow/.local/lib/python3.12/site-packages/airflow/example_dags/example_setup_teardown.py
[2024-10-19T00:13:03.479+0000] {processor.py:925} INFO - DAG(s) 'example_setup_teardown' retrieved from /home/airflow/.local/lib/python3.12/site-packages/airflow/example_dags/example_setup_teardown.py
[2024-10-19T00:13:03.498+0000] {logging_mixin.py:190} INFO - [2024-10-19T00:13:03.498+0000] {dag.py:3239} INFO - Sync 1 DAGs
[2024-10-19T00:13:03.511+0000] {logging_mixin.py:190} INFO - [2024-10-19T00:13:03.511+0000] {dag.py:4180} INFO - Setting next_dagrun for example_setup_teardown to None, run_after=None
[2024-10-19T00:13:03.530+0000] {processor.py:208} INFO - Processing /home/airflow/.local/lib/python3.12/site-packages/airflow/example_dags/example_setup_teardown.py took 0.069 seconds
[2024-10-19T00:13:33.780+0000] {processor.py:186} INFO - Started process (PID=1141) to work on /home/airflow/.local/lib/python3.12/site-packages/airflow/example_dags/example_setup_teardown.py
[2024-10-19T00:13:33.781+0000] {processor.py:914} INFO - Processing file /home/airflow/.local/lib/python3.12/site-packages/airflow/example_dags/example_setup_teardown.py for tasks to queue
[2024-10-19T00:13:33.783+0000] {logging_mixin.py:190} INFO - [2024-10-19T00:13:33.783+0000] {dagbag.py:588} INFO - Filling up the DagBag from /home/airflow/.local/lib/python3.12/site-packages/airflow/example_dags/example_setup_teardown.py
[2024-10-19T00:13:33.791+0000] {processor.py:925} INFO - DAG(s) 'example_setup_teardown' retrieved from /home/airflow/.local/lib/python3.12/site-packages/airflow/example_dags/example_setup_teardown.py
[2024-10-19T00:13:33.811+0000] {logging_mixin.py:190} INFO - [2024-10-19T00:13:33.810+0000] {dag.py:3239} INFO - Sync 1 DAGs
[2024-10-19T00:13:33.824+0000] {logging_mixin.py:190} INFO - [2024-10-19T00:13:33.824+0000] {dag.py:4180} INFO - Setting next_dagrun for example_setup_teardown to None, run_after=None
[2024-10-19T00:13:33.846+0000] {processor.py:208} INFO - Processing /home/airflow/.local/lib/python3.12/site-packages/airflow/example_dags/example_setup_teardown.py took 0.071 seconds
[2024-10-19T00:14:04.425+0000] {processor.py:186} INFO - Started process (PID=1203) to work on /home/airflow/.local/lib/python3.12/site-packages/airflow/example_dags/example_setup_teardown.py
[2024-10-19T00:14:04.426+0000] {processor.py:914} INFO - Processing file /home/airflow/.local/lib/python3.12/site-packages/airflow/example_dags/example_setup_teardown.py for tasks to queue
[2024-10-19T00:14:04.428+0000] {logging_mixin.py:190} INFO - [2024-10-19T00:14:04.428+0000] {dagbag.py:588} INFO - Filling up the DagBag from /home/airflow/.local/lib/python3.12/site-packages/airflow/example_dags/example_setup_teardown.py
[2024-10-19T00:14:04.435+0000] {processor.py:925} INFO - DAG(s) 'example_setup_teardown' retrieved from /home/airflow/.local/lib/python3.12/site-packages/airflow/example_dags/example_setup_teardown.py
[2024-10-19T00:14:04.452+0000] {logging_mixin.py:190} INFO - [2024-10-19T00:14:04.452+0000] {dag.py:3239} INFO - Sync 1 DAGs
[2024-10-19T00:14:04.466+0000] {logging_mixin.py:190} INFO - [2024-10-19T00:14:04.466+0000] {dag.py:4180} INFO - Setting next_dagrun for example_setup_teardown to None, run_after=None
[2024-10-19T00:14:04.488+0000] {processor.py:208} INFO - Processing /home/airflow/.local/lib/python3.12/site-packages/airflow/example_dags/example_setup_teardown.py took 0.069 seconds
[2024-10-19T00:14:35.057+0000] {processor.py:186} INFO - Started process (PID=1265) to work on /home/airflow/.local/lib/python3.12/site-packages/airflow/example_dags/example_setup_teardown.py
[2024-10-19T00:14:35.058+0000] {processor.py:914} INFO - Processing file /home/airflow/.local/lib/python3.12/site-packages/airflow/example_dags/example_setup_teardown.py for tasks to queue
[2024-10-19T00:14:35.060+0000] {logging_mixin.py:190} INFO - [2024-10-19T00:14:35.060+0000] {dagbag.py:588} INFO - Filling up the DagBag from /home/airflow/.local/lib/python3.12/site-packages/airflow/example_dags/example_setup_teardown.py
[2024-10-19T00:14:35.066+0000] {processor.py:925} INFO - DAG(s) 'example_setup_teardown' retrieved from /home/airflow/.local/lib/python3.12/site-packages/airflow/example_dags/example_setup_teardown.py
[2024-10-19T00:14:35.083+0000] {logging_mixin.py:190} INFO - [2024-10-19T00:14:35.083+0000] {dag.py:3239} INFO - Sync 1 DAGs
[2024-10-19T00:14:35.095+0000] {logging_mixin.py:190} INFO - [2024-10-19T00:14:35.095+0000] {dag.py:4180} INFO - Setting next_dagrun for example_setup_teardown to None, run_after=None
[2024-10-19T00:14:35.115+0000] {processor.py:208} INFO - Processing /home/airflow/.local/lib/python3.12/site-packages/airflow/example_dags/example_setup_teardown.py took 0.062 seconds
[2024-10-19T00:15:05.763+0000] {processor.py:186} INFO - Started process (PID=1327) to work on /home/airflow/.local/lib/python3.12/site-packages/airflow/example_dags/example_setup_teardown.py
[2024-10-19T00:15:05.764+0000] {processor.py:914} INFO - Processing file /home/airflow/.local/lib/python3.12/site-packages/airflow/example_dags/example_setup_teardown.py for tasks to queue
[2024-10-19T00:15:05.766+0000] {logging_mixin.py:190} INFO - [2024-10-19T00:15:05.765+0000] {dagbag.py:588} INFO - Filling up the DagBag from /home/airflow/.local/lib/python3.12/site-packages/airflow/example_dags/example_setup_teardown.py
[2024-10-19T00:15:05.773+0000] {processor.py:925} INFO - DAG(s) 'example_setup_teardown' retrieved from /home/airflow/.local/lib/python3.12/site-packages/airflow/example_dags/example_setup_teardown.py
[2024-10-19T00:15:05.789+0000] {logging_mixin.py:190} INFO - [2024-10-19T00:15:05.788+0000] {dag.py:3239} INFO - Sync 1 DAGs
[2024-10-19T00:15:05.799+0000] {logging_mixin.py:190} INFO - [2024-10-19T00:15:05.799+0000] {dag.py:4180} INFO - Setting next_dagrun for example_setup_teardown to None, run_after=None
[2024-10-19T00:15:05.819+0000] {processor.py:208} INFO - Processing /home/airflow/.local/lib/python3.12/site-packages/airflow/example_dags/example_setup_teardown.py took 0.062 seconds
[2024-10-19T00:15:36.552+0000] {processor.py:186} INFO - Started process (PID=1389) to work on /home/airflow/.local/lib/python3.12/site-packages/airflow/example_dags/example_setup_teardown.py
[2024-10-19T00:15:36.553+0000] {processor.py:914} INFO - Processing file /home/airflow/.local/lib/python3.12/site-packages/airflow/example_dags/example_setup_teardown.py for tasks to queue
[2024-10-19T00:15:36.556+0000] {logging_mixin.py:190} INFO - [2024-10-19T00:15:36.555+0000] {dagbag.py:588} INFO - Filling up the DagBag from /home/airflow/.local/lib/python3.12/site-packages/airflow/example_dags/example_setup_teardown.py
[2024-10-19T00:15:36.564+0000] {processor.py:925} INFO - DAG(s) 'example_setup_teardown' retrieved from /home/airflow/.local/lib/python3.12/site-packages/airflow/example_dags/example_setup_teardown.py
[2024-10-19T00:15:36.581+0000] {logging_mixin.py:190} INFO - [2024-10-19T00:15:36.581+0000] {dag.py:3239} INFO - Sync 1 DAGs
[2024-10-19T00:15:36.593+0000] {logging_mixin.py:190} INFO - [2024-10-19T00:15:36.593+0000] {dag.py:4180} INFO - Setting next_dagrun for example_setup_teardown to None, run_after=None
[2024-10-19T00:15:36.611+0000] {processor.py:208} INFO - Processing /home/airflow/.local/lib/python3.12/site-packages/airflow/example_dags/example_setup_teardown.py took 0.064 seconds
[2024-10-19T00:16:07.299+0000] {processor.py:186} INFO - Started process (PID=1450) to work on /home/airflow/.local/lib/python3.12/site-packages/airflow/example_dags/example_setup_teardown.py
[2024-10-19T00:16:07.300+0000] {processor.py:914} INFO - Processing file /home/airflow/.local/lib/python3.12/site-packages/airflow/example_dags/example_setup_teardown.py for tasks to queue
[2024-10-19T00:16:07.303+0000] {logging_mixin.py:190} INFO - [2024-10-19T00:16:07.302+0000] {dagbag.py:588} INFO - Filling up the DagBag from /home/airflow/.local/lib/python3.12/site-packages/airflow/example_dags/example_setup_teardown.py
[2024-10-19T00:16:07.310+0000] {processor.py:925} INFO - DAG(s) 'example_setup_teardown' retrieved from /home/airflow/.local/lib/python3.12/site-packages/airflow/example_dags/example_setup_teardown.py
[2024-10-19T00:16:07.330+0000] {logging_mixin.py:190} INFO - [2024-10-19T00:16:07.330+0000] {dag.py:3239} INFO - Sync 1 DAGs
[2024-10-19T00:16:07.344+0000] {logging_mixin.py:190} INFO - [2024-10-19T00:16:07.344+0000] {dag.py:4180} INFO - Setting next_dagrun for example_setup_teardown to None, run_after=None
[2024-10-19T00:16:07.368+0000] {processor.py:208} INFO - Processing /home/airflow/.local/lib/python3.12/site-packages/airflow/example_dags/example_setup_teardown.py took 0.075 seconds
[2024-10-19T00:16:38.163+0000] {processor.py:186} INFO - Started process (PID=1512) to work on /home/airflow/.local/lib/python3.12/site-packages/airflow/example_dags/example_setup_teardown.py
[2024-10-19T00:16:38.164+0000] {processor.py:914} INFO - Processing file /home/airflow/.local/lib/python3.12/site-packages/airflow/example_dags/example_setup_teardown.py for tasks to queue
[2024-10-19T00:16:38.168+0000] {logging_mixin.py:190} INFO - [2024-10-19T00:16:38.167+0000] {dagbag.py:588} INFO - Filling up the DagBag from /home/airflow/.local/lib/python3.12/site-packages/airflow/example_dags/example_setup_teardown.py
[2024-10-19T00:16:38.177+0000] {processor.py:925} INFO - DAG(s) 'example_setup_teardown' retrieved from /home/airflow/.local/lib/python3.12/site-packages/airflow/example_dags/example_setup_teardown.py
[2024-10-19T00:16:38.198+0000] {logging_mixin.py:190} INFO - [2024-10-19T00:16:38.198+0000] {dag.py:3239} INFO - Sync 1 DAGs
[2024-10-19T00:16:38.214+0000] {logging_mixin.py:190} INFO - [2024-10-19T00:16:38.213+0000] {dag.py:4180} INFO - Setting next_dagrun for example_setup_teardown to None, run_after=None
[2024-10-19T00:16:38.236+0000] {processor.py:208} INFO - Processing /home/airflow/.local/lib/python3.12/site-packages/airflow/example_dags/example_setup_teardown.py took 0.080 seconds
[2024-10-19T00:17:09.175+0000] {processor.py:186} INFO - Started process (PID=1574) to work on /home/airflow/.local/lib/python3.12/site-packages/airflow/example_dags/example_setup_teardown.py
[2024-10-19T00:17:09.177+0000] {processor.py:914} INFO - Processing file /home/airflow/.local/lib/python3.12/site-packages/airflow/example_dags/example_setup_teardown.py for tasks to queue
[2024-10-19T00:17:09.179+0000] {logging_mixin.py:190} INFO - [2024-10-19T00:17:09.179+0000] {dagbag.py:588} INFO - Filling up the DagBag from /home/airflow/.local/lib/python3.12/site-packages/airflow/example_dags/example_setup_teardown.py
[2024-10-19T00:17:09.188+0000] {processor.py:925} INFO - DAG(s) 'example_setup_teardown' retrieved from /home/airflow/.local/lib/python3.12/site-packages/airflow/example_dags/example_setup_teardown.py
[2024-10-19T00:17:09.207+0000] {logging_mixin.py:190} INFO - [2024-10-19T00:17:09.207+0000] {dag.py:3239} INFO - Sync 1 DAGs
[2024-10-19T00:17:09.221+0000] {logging_mixin.py:190} INFO - [2024-10-19T00:17:09.221+0000] {dag.py:4180} INFO - Setting next_dagrun for example_setup_teardown to None, run_after=None
[2024-10-19T00:17:09.250+0000] {processor.py:208} INFO - Processing /home/airflow/.local/lib/python3.12/site-packages/airflow/example_dags/example_setup_teardown.py took 0.082 seconds
[2024-10-19T00:17:40.123+0000] {processor.py:186} INFO - Started process (PID=1636) to work on /home/airflow/.local/lib/python3.12/site-packages/airflow/example_dags/example_setup_teardown.py
[2024-10-19T00:17:40.125+0000] {processor.py:914} INFO - Processing file /home/airflow/.local/lib/python3.12/site-packages/airflow/example_dags/example_setup_teardown.py for tasks to queue
[2024-10-19T00:17:40.127+0000] {logging_mixin.py:190} INFO - [2024-10-19T00:17:40.127+0000] {dagbag.py:588} INFO - Filling up the DagBag from /home/airflow/.local/lib/python3.12/site-packages/airflow/example_dags/example_setup_teardown.py
[2024-10-19T00:17:40.135+0000] {processor.py:925} INFO - DAG(s) 'example_setup_teardown' retrieved from /home/airflow/.local/lib/python3.12/site-packages/airflow/example_dags/example_setup_teardown.py
[2024-10-19T00:17:40.152+0000] {logging_mixin.py:190} INFO - [2024-10-19T00:17:40.152+0000] {dag.py:3239} INFO - Sync 1 DAGs
[2024-10-19T00:17:40.166+0000] {logging_mixin.py:190} INFO - [2024-10-19T00:17:40.165+0000] {dag.py:4180} INFO - Setting next_dagrun for example_setup_teardown to None, run_after=None
[2024-10-19T00:17:40.184+0000] {processor.py:208} INFO - Processing /home/airflow/.local/lib/python3.12/site-packages/airflow/example_dags/example_setup_teardown.py took 0.066 seconds
[2024-10-19T00:18:10.611+0000] {processor.py:186} INFO - Started process (PID=1698) to work on /home/airflow/.local/lib/python3.12/site-packages/airflow/example_dags/example_setup_teardown.py
[2024-10-19T00:18:10.612+0000] {processor.py:914} INFO - Processing file /home/airflow/.local/lib/python3.12/site-packages/airflow/example_dags/example_setup_teardown.py for tasks to queue
[2024-10-19T00:18:10.614+0000] {logging_mixin.py:190} INFO - [2024-10-19T00:18:10.614+0000] {dagbag.py:588} INFO - Filling up the DagBag from /home/airflow/.local/lib/python3.12/site-packages/airflow/example_dags/example_setup_teardown.py
[2024-10-19T00:18:10.620+0000] {processor.py:925} INFO - DAG(s) 'example_setup_teardown' retrieved from /home/airflow/.local/lib/python3.12/site-packages/airflow/example_dags/example_setup_teardown.py
[2024-10-19T00:18:10.636+0000] {logging_mixin.py:190} INFO - [2024-10-19T00:18:10.636+0000] {dag.py:3239} INFO - Sync 1 DAGs
[2024-10-19T00:18:10.647+0000] {logging_mixin.py:190} INFO - [2024-10-19T00:18:10.647+0000] {dag.py:4180} INFO - Setting next_dagrun for example_setup_teardown to None, run_after=None
[2024-10-19T00:18:10.666+0000] {processor.py:208} INFO - Processing /home/airflow/.local/lib/python3.12/site-packages/airflow/example_dags/example_setup_teardown.py took 0.060 seconds
[2024-10-19T00:18:40.850+0000] {processor.py:186} INFO - Started process (PID=1759) to work on /home/airflow/.local/lib/python3.12/site-packages/airflow/example_dags/example_setup_teardown.py
[2024-10-19T00:18:40.852+0000] {processor.py:914} INFO - Processing file /home/airflow/.local/lib/python3.12/site-packages/airflow/example_dags/example_setup_teardown.py for tasks to queue
[2024-10-19T00:18:40.854+0000] {logging_mixin.py:190} INFO - [2024-10-19T00:18:40.854+0000] {dagbag.py:588} INFO - Filling up the DagBag from /home/airflow/.local/lib/python3.12/site-packages/airflow/example_dags/example_setup_teardown.py
[2024-10-19T00:18:40.862+0000] {processor.py:925} INFO - DAG(s) 'example_setup_teardown' retrieved from /home/airflow/.local/lib/python3.12/site-packages/airflow/example_dags/example_setup_teardown.py
[2024-10-19T00:18:40.883+0000] {logging_mixin.py:190} INFO - [2024-10-19T00:18:40.883+0000] {dag.py:3239} INFO - Sync 1 DAGs
[2024-10-19T00:18:40.897+0000] {logging_mixin.py:190} INFO - [2024-10-19T00:18:40.896+0000] {dag.py:4180} INFO - Setting next_dagrun for example_setup_teardown to None, run_after=None
[2024-10-19T00:18:40.919+0000] {processor.py:208} INFO - Processing /home/airflow/.local/lib/python3.12/site-packages/airflow/example_dags/example_setup_teardown.py took 0.075 seconds
[2024-10-19T00:19:12.055+0000] {processor.py:186} INFO - Started process (PID=1821) to work on /home/airflow/.local/lib/python3.12/site-packages/airflow/example_dags/example_setup_teardown.py
[2024-10-19T00:19:12.056+0000] {processor.py:914} INFO - Processing file /home/airflow/.local/lib/python3.12/site-packages/airflow/example_dags/example_setup_teardown.py for tasks to queue
[2024-10-19T00:19:12.058+0000] {logging_mixin.py:190} INFO - [2024-10-19T00:19:12.058+0000] {dagbag.py:588} INFO - Filling up the DagBag from /home/airflow/.local/lib/python3.12/site-packages/airflow/example_dags/example_setup_teardown.py
[2024-10-19T00:19:12.066+0000] {processor.py:925} INFO - DAG(s) 'example_setup_teardown' retrieved from /home/airflow/.local/lib/python3.12/site-packages/airflow/example_dags/example_setup_teardown.py
[2024-10-19T00:19:12.084+0000] {logging_mixin.py:190} INFO - [2024-10-19T00:19:12.084+0000] {dag.py:3239} INFO - Sync 1 DAGs
[2024-10-19T00:19:12.096+0000] {logging_mixin.py:190} INFO - [2024-10-19T00:19:12.096+0000] {dag.py:4180} INFO - Setting next_dagrun for example_setup_teardown to None, run_after=None
[2024-10-19T00:19:12.116+0000] {processor.py:208} INFO - Processing /home/airflow/.local/lib/python3.12/site-packages/airflow/example_dags/example_setup_teardown.py took 0.065 seconds
[2024-10-19T00:19:42.467+0000] {processor.py:186} INFO - Started process (PID=1883) to work on /home/airflow/.local/lib/python3.12/site-packages/airflow/example_dags/example_setup_teardown.py
[2024-10-19T00:19:42.468+0000] {processor.py:914} INFO - Processing file /home/airflow/.local/lib/python3.12/site-packages/airflow/example_dags/example_setup_teardown.py for tasks to queue
[2024-10-19T00:19:42.470+0000] {logging_mixin.py:190} INFO - [2024-10-19T00:19:42.470+0000] {dagbag.py:588} INFO - Filling up the DagBag from /home/airflow/.local/lib/python3.12/site-packages/airflow/example_dags/example_setup_teardown.py
[2024-10-19T00:19:42.478+0000] {processor.py:925} INFO - DAG(s) 'example_setup_teardown' retrieved from /home/airflow/.local/lib/python3.12/site-packages/airflow/example_dags/example_setup_teardown.py
[2024-10-19T00:19:42.498+0000] {logging_mixin.py:190} INFO - [2024-10-19T00:19:42.498+0000] {dag.py:3239} INFO - Sync 1 DAGs
[2024-10-19T00:19:42.513+0000] {logging_mixin.py:190} INFO - [2024-10-19T00:19:42.513+0000] {dag.py:4180} INFO - Setting next_dagrun for example_setup_teardown to None, run_after=None
[2024-10-19T00:19:42.533+0000] {processor.py:208} INFO - Processing /home/airflow/.local/lib/python3.12/site-packages/airflow/example_dags/example_setup_teardown.py took 0.071 seconds
[2024-10-19T00:20:13.242+0000] {processor.py:186} INFO - Started process (PID=1945) to work on /home/airflow/.local/lib/python3.12/site-packages/airflow/example_dags/example_setup_teardown.py
[2024-10-19T00:20:13.243+0000] {processor.py:914} INFO - Processing file /home/airflow/.local/lib/python3.12/site-packages/airflow/example_dags/example_setup_teardown.py for tasks to queue
[2024-10-19T00:20:13.246+0000] {logging_mixin.py:190} INFO - [2024-10-19T00:20:13.245+0000] {dagbag.py:588} INFO - Filling up the DagBag from /home/airflow/.local/lib/python3.12/site-packages/airflow/example_dags/example_setup_teardown.py
[2024-10-19T00:20:13.253+0000] {processor.py:925} INFO - DAG(s) 'example_setup_teardown' retrieved from /home/airflow/.local/lib/python3.12/site-packages/airflow/example_dags/example_setup_teardown.py
[2024-10-19T00:20:13.271+0000] {logging_mixin.py:190} INFO - [2024-10-19T00:20:13.270+0000] {dag.py:3239} INFO - Sync 1 DAGs
[2024-10-19T00:20:13.282+0000] {logging_mixin.py:190} INFO - [2024-10-19T00:20:13.282+0000] {dag.py:4180} INFO - Setting next_dagrun for example_setup_teardown to None, run_after=None
[2024-10-19T00:20:13.302+0000] {processor.py:208} INFO - Processing /home/airflow/.local/lib/python3.12/site-packages/airflow/example_dags/example_setup_teardown.py took 0.065 seconds
[2024-10-19T00:20:43.931+0000] {processor.py:186} INFO - Started process (PID=2007) to work on /home/airflow/.local/lib/python3.12/site-packages/airflow/example_dags/example_setup_teardown.py
[2024-10-19T00:20:43.932+0000] {processor.py:914} INFO - Processing file /home/airflow/.local/lib/python3.12/site-packages/airflow/example_dags/example_setup_teardown.py for tasks to queue
[2024-10-19T00:20:43.935+0000] {logging_mixin.py:190} INFO - [2024-10-19T00:20:43.935+0000] {dagbag.py:588} INFO - Filling up the DagBag from /home/airflow/.local/lib/python3.12/site-packages/airflow/example_dags/example_setup_teardown.py
[2024-10-19T00:20:43.947+0000] {processor.py:925} INFO - DAG(s) 'example_setup_teardown' retrieved from /home/airflow/.local/lib/python3.12/site-packages/airflow/example_dags/example_setup_teardown.py
[2024-10-19T00:20:43.971+0000] {logging_mixin.py:190} INFO - [2024-10-19T00:20:43.970+0000] {dag.py:3239} INFO - Sync 1 DAGs
[2024-10-19T00:20:43.987+0000] {logging_mixin.py:190} INFO - [2024-10-19T00:20:43.987+0000] {dag.py:4180} INFO - Setting next_dagrun for example_setup_teardown to None, run_after=None
[2024-10-19T00:20:44.011+0000] {processor.py:208} INFO - Processing /home/airflow/.local/lib/python3.12/site-packages/airflow/example_dags/example_setup_teardown.py took 0.087 seconds
[2024-10-19T00:21:15.106+0000] {processor.py:186} INFO - Started process (PID=2069) to work on /home/airflow/.local/lib/python3.12/site-packages/airflow/example_dags/example_setup_teardown.py
[2024-10-19T00:21:15.107+0000] {processor.py:914} INFO - Processing file /home/airflow/.local/lib/python3.12/site-packages/airflow/example_dags/example_setup_teardown.py for tasks to queue
[2024-10-19T00:21:15.110+0000] {logging_mixin.py:190} INFO - [2024-10-19T00:21:15.110+0000] {dagbag.py:588} INFO - Filling up the DagBag from /home/airflow/.local/lib/python3.12/site-packages/airflow/example_dags/example_setup_teardown.py
[2024-10-19T00:21:15.119+0000] {processor.py:925} INFO - DAG(s) 'example_setup_teardown' retrieved from /home/airflow/.local/lib/python3.12/site-packages/airflow/example_dags/example_setup_teardown.py
[2024-10-19T00:21:15.138+0000] {logging_mixin.py:190} INFO - [2024-10-19T00:21:15.138+0000] {dag.py:3239} INFO - Sync 1 DAGs
[2024-10-19T00:21:15.151+0000] {logging_mixin.py:190} INFO - [2024-10-19T00:21:15.150+0000] {dag.py:4180} INFO - Setting next_dagrun for example_setup_teardown to None, run_after=None
[2024-10-19T00:21:15.172+0000] {processor.py:208} INFO - Processing /home/airflow/.local/lib/python3.12/site-packages/airflow/example_dags/example_setup_teardown.py took 0.072 seconds
[2024-10-19T00:21:46.250+0000] {processor.py:186} INFO - Started process (PID=2132) to work on /home/airflow/.local/lib/python3.12/site-packages/airflow/example_dags/example_setup_teardown.py
[2024-10-19T00:21:46.251+0000] {processor.py:914} INFO - Processing file /home/airflow/.local/lib/python3.12/site-packages/airflow/example_dags/example_setup_teardown.py for tasks to queue
[2024-10-19T00:21:46.253+0000] {logging_mixin.py:190} INFO - [2024-10-19T00:21:46.253+0000] {dagbag.py:588} INFO - Filling up the DagBag from /home/airflow/.local/lib/python3.12/site-packages/airflow/example_dags/example_setup_teardown.py
[2024-10-19T00:21:46.260+0000] {processor.py:925} INFO - DAG(s) 'example_setup_teardown' retrieved from /home/airflow/.local/lib/python3.12/site-packages/airflow/example_dags/example_setup_teardown.py
[2024-10-19T00:21:46.278+0000] {logging_mixin.py:190} INFO - [2024-10-19T00:21:46.277+0000] {dag.py:3239} INFO - Sync 1 DAGs
[2024-10-19T00:21:46.290+0000] {logging_mixin.py:190} INFO - [2024-10-19T00:21:46.289+0000] {dag.py:4180} INFO - Setting next_dagrun for example_setup_teardown to None, run_after=None
[2024-10-19T00:21:46.305+0000] {processor.py:208} INFO - Processing /home/airflow/.local/lib/python3.12/site-packages/airflow/example_dags/example_setup_teardown.py took 0.060 seconds
[2024-10-19T00:22:16.973+0000] {processor.py:186} INFO - Started process (PID=2194) to work on /home/airflow/.local/lib/python3.12/site-packages/airflow/example_dags/example_setup_teardown.py
[2024-10-19T00:22:16.974+0000] {processor.py:914} INFO - Processing file /home/airflow/.local/lib/python3.12/site-packages/airflow/example_dags/example_setup_teardown.py for tasks to queue
[2024-10-19T00:22:16.976+0000] {logging_mixin.py:190} INFO - [2024-10-19T00:22:16.976+0000] {dagbag.py:588} INFO - Filling up the DagBag from /home/airflow/.local/lib/python3.12/site-packages/airflow/example_dags/example_setup_teardown.py
[2024-10-19T00:22:16.982+0000] {processor.py:925} INFO - DAG(s) 'example_setup_teardown' retrieved from /home/airflow/.local/lib/python3.12/site-packages/airflow/example_dags/example_setup_teardown.py
[2024-10-19T00:22:17.001+0000] {logging_mixin.py:190} INFO - [2024-10-19T00:22:17.001+0000] {dag.py:3239} INFO - Sync 1 DAGs
[2024-10-19T00:22:17.012+0000] {logging_mixin.py:190} INFO - [2024-10-19T00:22:17.012+0000] {dag.py:4180} INFO - Setting next_dagrun for example_setup_teardown to None, run_after=None
[2024-10-19T00:22:17.032+0000] {processor.py:208} INFO - Processing /home/airflow/.local/lib/python3.12/site-packages/airflow/example_dags/example_setup_teardown.py took 0.063 seconds
[2024-10-19T00:22:47.499+0000] {processor.py:186} INFO - Started process (PID=2257) to work on /home/airflow/.local/lib/python3.12/site-packages/airflow/example_dags/example_setup_teardown.py
[2024-10-19T00:22:47.500+0000] {processor.py:914} INFO - Processing file /home/airflow/.local/lib/python3.12/site-packages/airflow/example_dags/example_setup_teardown.py for tasks to queue
[2024-10-19T00:22:47.502+0000] {logging_mixin.py:190} INFO - [2024-10-19T00:22:47.502+0000] {dagbag.py:588} INFO - Filling up the DagBag from /home/airflow/.local/lib/python3.12/site-packages/airflow/example_dags/example_setup_teardown.py
[2024-10-19T00:22:47.508+0000] {processor.py:925} INFO - DAG(s) 'example_setup_teardown' retrieved from /home/airflow/.local/lib/python3.12/site-packages/airflow/example_dags/example_setup_teardown.py
[2024-10-19T00:22:47.525+0000] {logging_mixin.py:190} INFO - [2024-10-19T00:22:47.525+0000] {dag.py:3239} INFO - Sync 1 DAGs
[2024-10-19T00:22:47.536+0000] {logging_mixin.py:190} INFO - [2024-10-19T00:22:47.536+0000] {dag.py:4180} INFO - Setting next_dagrun for example_setup_teardown to None, run_after=None
[2024-10-19T00:22:47.554+0000] {processor.py:208} INFO - Processing /home/airflow/.local/lib/python3.12/site-packages/airflow/example_dags/example_setup_teardown.py took 0.060 seconds
[2024-10-19T00:23:17.825+0000] {processor.py:186} INFO - Started process (PID=2319) to work on /home/airflow/.local/lib/python3.12/site-packages/airflow/example_dags/example_setup_teardown.py
[2024-10-19T00:23:17.826+0000] {processor.py:914} INFO - Processing file /home/airflow/.local/lib/python3.12/site-packages/airflow/example_dags/example_setup_teardown.py for tasks to queue
[2024-10-19T00:23:17.828+0000] {logging_mixin.py:190} INFO - [2024-10-19T00:23:17.828+0000] {dagbag.py:588} INFO - Filling up the DagBag from /home/airflow/.local/lib/python3.12/site-packages/airflow/example_dags/example_setup_teardown.py
[2024-10-19T00:23:17.836+0000] {processor.py:925} INFO - DAG(s) 'example_setup_teardown' retrieved from /home/airflow/.local/lib/python3.12/site-packages/airflow/example_dags/example_setup_teardown.py
[2024-10-19T00:23:17.852+0000] {logging_mixin.py:190} INFO - [2024-10-19T00:23:17.852+0000] {dag.py:3239} INFO - Sync 1 DAGs
[2024-10-19T00:23:17.864+0000] {logging_mixin.py:190} INFO - [2024-10-19T00:23:17.864+0000] {dag.py:4180} INFO - Setting next_dagrun for example_setup_teardown to None, run_after=None
[2024-10-19T00:23:17.883+0000] {processor.py:208} INFO - Processing /home/airflow/.local/lib/python3.12/site-packages/airflow/example_dags/example_setup_teardown.py took 0.063 seconds
[2024-10-19T00:23:48.451+0000] {processor.py:186} INFO - Started process (PID=2381) to work on /home/airflow/.local/lib/python3.12/site-packages/airflow/example_dags/example_setup_teardown.py
[2024-10-19T00:23:48.452+0000] {processor.py:914} INFO - Processing file /home/airflow/.local/lib/python3.12/site-packages/airflow/example_dags/example_setup_teardown.py for tasks to queue
[2024-10-19T00:23:48.454+0000] {logging_mixin.py:190} INFO - [2024-10-19T00:23:48.454+0000] {dagbag.py:588} INFO - Filling up the DagBag from /home/airflow/.local/lib/python3.12/site-packages/airflow/example_dags/example_setup_teardown.py
[2024-10-19T00:23:48.462+0000] {processor.py:925} INFO - DAG(s) 'example_setup_teardown' retrieved from /home/airflow/.local/lib/python3.12/site-packages/airflow/example_dags/example_setup_teardown.py
[2024-10-19T00:23:48.479+0000] {logging_mixin.py:190} INFO - [2024-10-19T00:23:48.479+0000] {dag.py:3239} INFO - Sync 1 DAGs
[2024-10-19T00:23:48.490+0000] {logging_mixin.py:190} INFO - [2024-10-19T00:23:48.490+0000] {dag.py:4180} INFO - Setting next_dagrun for example_setup_teardown to None, run_after=None
[2024-10-19T00:23:48.509+0000] {processor.py:208} INFO - Processing /home/airflow/.local/lib/python3.12/site-packages/airflow/example_dags/example_setup_teardown.py took 0.064 seconds
[2024-10-19T00:24:18.992+0000] {processor.py:186} INFO - Started process (PID=2443) to work on /home/airflow/.local/lib/python3.12/site-packages/airflow/example_dags/example_setup_teardown.py
[2024-10-19T00:24:18.993+0000] {processor.py:914} INFO - Processing file /home/airflow/.local/lib/python3.12/site-packages/airflow/example_dags/example_setup_teardown.py for tasks to queue
[2024-10-19T00:24:18.995+0000] {logging_mixin.py:190} INFO - [2024-10-19T00:24:18.995+0000] {dagbag.py:588} INFO - Filling up the DagBag from /home/airflow/.local/lib/python3.12/site-packages/airflow/example_dags/example_setup_teardown.py
[2024-10-19T00:24:19.002+0000] {processor.py:925} INFO - DAG(s) 'example_setup_teardown' retrieved from /home/airflow/.local/lib/python3.12/site-packages/airflow/example_dags/example_setup_teardown.py
[2024-10-19T00:24:19.021+0000] {logging_mixin.py:190} INFO - [2024-10-19T00:24:19.021+0000] {dag.py:3239} INFO - Sync 1 DAGs
[2024-10-19T00:24:19.034+0000] {logging_mixin.py:190} INFO - [2024-10-19T00:24:19.034+0000] {dag.py:4180} INFO - Setting next_dagrun for example_setup_teardown to None, run_after=None
[2024-10-19T00:24:19.053+0000] {processor.py:208} INFO - Processing /home/airflow/.local/lib/python3.12/site-packages/airflow/example_dags/example_setup_teardown.py took 0.066 seconds
[2024-10-19T00:24:49.562+0000] {processor.py:186} INFO - Started process (PID=2505) to work on /home/airflow/.local/lib/python3.12/site-packages/airflow/example_dags/example_setup_teardown.py
[2024-10-19T00:24:49.563+0000] {processor.py:914} INFO - Processing file /home/airflow/.local/lib/python3.12/site-packages/airflow/example_dags/example_setup_teardown.py for tasks to queue
[2024-10-19T00:24:49.566+0000] {logging_mixin.py:190} INFO - [2024-10-19T00:24:49.565+0000] {dagbag.py:588} INFO - Filling up the DagBag from /home/airflow/.local/lib/python3.12/site-packages/airflow/example_dags/example_setup_teardown.py
[2024-10-19T00:24:49.574+0000] {processor.py:925} INFO - DAG(s) 'example_setup_teardown' retrieved from /home/airflow/.local/lib/python3.12/site-packages/airflow/example_dags/example_setup_teardown.py
[2024-10-19T00:24:49.594+0000] {logging_mixin.py:190} INFO - [2024-10-19T00:24:49.594+0000] {dag.py:3239} INFO - Sync 1 DAGs
[2024-10-19T00:24:49.606+0000] {logging_mixin.py:190} INFO - [2024-10-19T00:24:49.606+0000] {dag.py:4180} INFO - Setting next_dagrun for example_setup_teardown to None, run_after=None
[2024-10-19T00:24:49.626+0000] {processor.py:208} INFO - Processing /home/airflow/.local/lib/python3.12/site-packages/airflow/example_dags/example_setup_teardown.py took 0.071 seconds
[2024-10-19T00:25:20.366+0000] {processor.py:186} INFO - Started process (PID=2566) to work on /home/airflow/.local/lib/python3.12/site-packages/airflow/example_dags/example_setup_teardown.py
[2024-10-19T00:25:20.367+0000] {processor.py:914} INFO - Processing file /home/airflow/.local/lib/python3.12/site-packages/airflow/example_dags/example_setup_teardown.py for tasks to queue
[2024-10-19T00:25:20.369+0000] {logging_mixin.py:190} INFO - [2024-10-19T00:25:20.369+0000] {dagbag.py:588} INFO - Filling up the DagBag from /home/airflow/.local/lib/python3.12/site-packages/airflow/example_dags/example_setup_teardown.py
[2024-10-19T00:25:20.378+0000] {processor.py:925} INFO - DAG(s) 'example_setup_teardown' retrieved from /home/airflow/.local/lib/python3.12/site-packages/airflow/example_dags/example_setup_teardown.py
[2024-10-19T00:25:20.399+0000] {logging_mixin.py:190} INFO - [2024-10-19T00:25:20.398+0000] {dag.py:3239} INFO - Sync 1 DAGs
[2024-10-19T00:25:20.416+0000] {logging_mixin.py:190} INFO - [2024-10-19T00:25:20.416+0000] {dag.py:4180} INFO - Setting next_dagrun for example_setup_teardown to None, run_after=None
[2024-10-19T00:25:20.442+0000] {processor.py:208} INFO - Processing /home/airflow/.local/lib/python3.12/site-packages/airflow/example_dags/example_setup_teardown.py took 0.082 seconds
[2024-10-19T00:25:50.516+0000] {processor.py:186} INFO - Started process (PID=2628) to work on /home/airflow/.local/lib/python3.12/site-packages/airflow/example_dags/example_setup_teardown.py
[2024-10-19T00:25:50.517+0000] {processor.py:914} INFO - Processing file /home/airflow/.local/lib/python3.12/site-packages/airflow/example_dags/example_setup_teardown.py for tasks to queue
[2024-10-19T00:25:50.518+0000] {logging_mixin.py:190} INFO - [2024-10-19T00:25:50.518+0000] {dagbag.py:588} INFO - Filling up the DagBag from /home/airflow/.local/lib/python3.12/site-packages/airflow/example_dags/example_setup_teardown.py
[2024-10-19T00:25:50.525+0000] {processor.py:925} INFO - DAG(s) 'example_setup_teardown' retrieved from /home/airflow/.local/lib/python3.12/site-packages/airflow/example_dags/example_setup_teardown.py
[2024-10-19T00:25:50.541+0000] {logging_mixin.py:190} INFO - [2024-10-19T00:25:50.541+0000] {dag.py:3239} INFO - Sync 1 DAGs
[2024-10-19T00:25:50.554+0000] {logging_mixin.py:190} INFO - [2024-10-19T00:25:50.554+0000] {dag.py:4180} INFO - Setting next_dagrun for example_setup_teardown to None, run_after=None
[2024-10-19T00:25:50.574+0000] {processor.py:208} INFO - Processing /home/airflow/.local/lib/python3.12/site-packages/airflow/example_dags/example_setup_teardown.py took 0.063 seconds
[2024-10-19T00:26:21.726+0000] {processor.py:186} INFO - Started process (PID=2690) to work on /home/airflow/.local/lib/python3.12/site-packages/airflow/example_dags/example_setup_teardown.py
[2024-10-19T00:26:21.728+0000] {processor.py:914} INFO - Processing file /home/airflow/.local/lib/python3.12/site-packages/airflow/example_dags/example_setup_teardown.py for tasks to queue
[2024-10-19T00:26:21.731+0000] {logging_mixin.py:190} INFO - [2024-10-19T00:26:21.730+0000] {dagbag.py:588} INFO - Filling up the DagBag from /home/airflow/.local/lib/python3.12/site-packages/airflow/example_dags/example_setup_teardown.py
[2024-10-19T00:26:21.738+0000] {processor.py:925} INFO - DAG(s) 'example_setup_teardown' retrieved from /home/airflow/.local/lib/python3.12/site-packages/airflow/example_dags/example_setup_teardown.py
[2024-10-19T00:26:21.757+0000] {logging_mixin.py:190} INFO - [2024-10-19T00:26:21.757+0000] {dag.py:3239} INFO - Sync 1 DAGs
[2024-10-19T00:26:21.771+0000] {logging_mixin.py:190} INFO - [2024-10-19T00:26:21.771+0000] {dag.py:4180} INFO - Setting next_dagrun for example_setup_teardown to None, run_after=None
[2024-10-19T00:26:21.797+0000] {processor.py:208} INFO - Processing /home/airflow/.local/lib/python3.12/site-packages/airflow/example_dags/example_setup_teardown.py took 0.076 seconds
[2024-10-19T00:26:52.430+0000] {processor.py:186} INFO - Started process (PID=2757) to work on /home/airflow/.local/lib/python3.12/site-packages/airflow/example_dags/example_setup_teardown.py
[2024-10-19T00:26:52.431+0000] {processor.py:914} INFO - Processing file /home/airflow/.local/lib/python3.12/site-packages/airflow/example_dags/example_setup_teardown.py for tasks to queue
[2024-10-19T00:26:52.435+0000] {logging_mixin.py:190} INFO - [2024-10-19T00:26:52.434+0000] {dagbag.py:588} INFO - Filling up the DagBag from /home/airflow/.local/lib/python3.12/site-packages/airflow/example_dags/example_setup_teardown.py
[2024-10-19T00:26:52.446+0000] {processor.py:925} INFO - DAG(s) 'example_setup_teardown' retrieved from /home/airflow/.local/lib/python3.12/site-packages/airflow/example_dags/example_setup_teardown.py
[2024-10-19T00:26:52.471+0000] {logging_mixin.py:190} INFO - [2024-10-19T00:26:52.471+0000] {dag.py:3239} INFO - Sync 1 DAGs
[2024-10-19T00:26:52.487+0000] {logging_mixin.py:190} INFO - [2024-10-19T00:26:52.487+0000] {dag.py:4180} INFO - Setting next_dagrun for example_setup_teardown to None, run_after=None
[2024-10-19T00:26:52.513+0000] {processor.py:208} INFO - Processing /home/airflow/.local/lib/python3.12/site-packages/airflow/example_dags/example_setup_teardown.py took 0.091 seconds
[2024-10-19T00:27:23.141+0000] {processor.py:186} INFO - Started process (PID=2818) to work on /home/airflow/.local/lib/python3.12/site-packages/airflow/example_dags/example_setup_teardown.py
[2024-10-19T00:27:23.142+0000] {processor.py:914} INFO - Processing file /home/airflow/.local/lib/python3.12/site-packages/airflow/example_dags/example_setup_teardown.py for tasks to queue
[2024-10-19T00:27:23.144+0000] {logging_mixin.py:190} INFO - [2024-10-19T00:27:23.144+0000] {dagbag.py:588} INFO - Filling up the DagBag from /home/airflow/.local/lib/python3.12/site-packages/airflow/example_dags/example_setup_teardown.py
[2024-10-19T00:27:23.151+0000] {processor.py:925} INFO - DAG(s) 'example_setup_teardown' retrieved from /home/airflow/.local/lib/python3.12/site-packages/airflow/example_dags/example_setup_teardown.py
[2024-10-19T00:27:23.298+0000] {logging_mixin.py:190} INFO - [2024-10-19T00:27:23.297+0000] {dag.py:3239} INFO - Sync 1 DAGs
[2024-10-19T00:27:23.307+0000] {logging_mixin.py:190} INFO - [2024-10-19T00:27:23.307+0000] {dag.py:4180} INFO - Setting next_dagrun for example_setup_teardown to None, run_after=None
[2024-10-19T00:27:23.325+0000] {processor.py:208} INFO - Processing /home/airflow/.local/lib/python3.12/site-packages/airflow/example_dags/example_setup_teardown.py took 0.188 seconds
[2024-10-19T00:27:54.064+0000] {processor.py:186} INFO - Started process (PID=2880) to work on /home/airflow/.local/lib/python3.12/site-packages/airflow/example_dags/example_setup_teardown.py
[2024-10-19T00:27:54.065+0000] {processor.py:914} INFO - Processing file /home/airflow/.local/lib/python3.12/site-packages/airflow/example_dags/example_setup_teardown.py for tasks to queue
[2024-10-19T00:27:54.067+0000] {logging_mixin.py:190} INFO - [2024-10-19T00:27:54.066+0000] {dagbag.py:588} INFO - Filling up the DagBag from /home/airflow/.local/lib/python3.12/site-packages/airflow/example_dags/example_setup_teardown.py
[2024-10-19T00:27:54.074+0000] {processor.py:925} INFO - DAG(s) 'example_setup_teardown' retrieved from /home/airflow/.local/lib/python3.12/site-packages/airflow/example_dags/example_setup_teardown.py
[2024-10-19T00:27:54.090+0000] {logging_mixin.py:190} INFO - [2024-10-19T00:27:54.090+0000] {dag.py:3239} INFO - Sync 1 DAGs
[2024-10-19T00:27:54.223+0000] {logging_mixin.py:190} INFO - [2024-10-19T00:27:54.223+0000] {dag.py:4180} INFO - Setting next_dagrun for example_setup_teardown to None, run_after=None
[2024-10-19T00:27:54.239+0000] {processor.py:208} INFO - Processing /home/airflow/.local/lib/python3.12/site-packages/airflow/example_dags/example_setup_teardown.py took 0.180 seconds
[2024-10-19T00:28:25.109+0000] {processor.py:186} INFO - Started process (PID=2942) to work on /home/airflow/.local/lib/python3.12/site-packages/airflow/example_dags/example_setup_teardown.py
[2024-10-19T00:28:25.110+0000] {processor.py:914} INFO - Processing file /home/airflow/.local/lib/python3.12/site-packages/airflow/example_dags/example_setup_teardown.py for tasks to queue
[2024-10-19T00:28:25.112+0000] {logging_mixin.py:190} INFO - [2024-10-19T00:28:25.112+0000] {dagbag.py:588} INFO - Filling up the DagBag from /home/airflow/.local/lib/python3.12/site-packages/airflow/example_dags/example_setup_teardown.py
[2024-10-19T00:28:25.119+0000] {processor.py:925} INFO - DAG(s) 'example_setup_teardown' retrieved from /home/airflow/.local/lib/python3.12/site-packages/airflow/example_dags/example_setup_teardown.py
[2024-10-19T00:28:25.135+0000] {logging_mixin.py:190} INFO - [2024-10-19T00:28:25.135+0000] {dag.py:3239} INFO - Sync 1 DAGs
[2024-10-19T00:28:25.146+0000] {logging_mixin.py:190} INFO - [2024-10-19T00:28:25.146+0000] {dag.py:4180} INFO - Setting next_dagrun for example_setup_teardown to None, run_after=None
[2024-10-19T00:28:25.164+0000] {processor.py:208} INFO - Processing /home/airflow/.local/lib/python3.12/site-packages/airflow/example_dags/example_setup_teardown.py took 0.060 seconds
[2024-10-19T00:28:55.943+0000] {processor.py:186} INFO - Started process (PID=3004) to work on /home/airflow/.local/lib/python3.12/site-packages/airflow/example_dags/example_setup_teardown.py
[2024-10-19T00:28:55.944+0000] {processor.py:914} INFO - Processing file /home/airflow/.local/lib/python3.12/site-packages/airflow/example_dags/example_setup_teardown.py for tasks to queue
[2024-10-19T00:28:55.946+0000] {logging_mixin.py:190} INFO - [2024-10-19T00:28:55.946+0000] {dagbag.py:588} INFO - Filling up the DagBag from /home/airflow/.local/lib/python3.12/site-packages/airflow/example_dags/example_setup_teardown.py
[2024-10-19T00:28:55.952+0000] {processor.py:925} INFO - DAG(s) 'example_setup_teardown' retrieved from /home/airflow/.local/lib/python3.12/site-packages/airflow/example_dags/example_setup_teardown.py
[2024-10-19T00:28:55.968+0000] {logging_mixin.py:190} INFO - [2024-10-19T00:28:55.968+0000] {dag.py:3239} INFO - Sync 1 DAGs
[2024-10-19T00:28:55.979+0000] {logging_mixin.py:190} INFO - [2024-10-19T00:28:55.978+0000] {dag.py:4180} INFO - Setting next_dagrun for example_setup_teardown to None, run_after=None
[2024-10-19T00:28:55.998+0000] {processor.py:208} INFO - Processing /home/airflow/.local/lib/python3.12/site-packages/airflow/example_dags/example_setup_teardown.py took 0.060 seconds
[2024-10-19T00:29:26.696+0000] {processor.py:186} INFO - Started process (PID=3067) to work on /home/airflow/.local/lib/python3.12/site-packages/airflow/example_dags/example_setup_teardown.py
[2024-10-19T00:29:26.697+0000] {processor.py:914} INFO - Processing file /home/airflow/.local/lib/python3.12/site-packages/airflow/example_dags/example_setup_teardown.py for tasks to queue
[2024-10-19T00:29:26.699+0000] {logging_mixin.py:190} INFO - [2024-10-19T00:29:26.699+0000] {dagbag.py:588} INFO - Filling up the DagBag from /home/airflow/.local/lib/python3.12/site-packages/airflow/example_dags/example_setup_teardown.py
[2024-10-19T00:29:26.706+0000] {processor.py:925} INFO - DAG(s) 'example_setup_teardown' retrieved from /home/airflow/.local/lib/python3.12/site-packages/airflow/example_dags/example_setup_teardown.py
[2024-10-19T00:29:26.722+0000] {logging_mixin.py:190} INFO - [2024-10-19T00:29:26.721+0000] {dag.py:3239} INFO - Sync 1 DAGs
[2024-10-19T00:29:26.733+0000] {logging_mixin.py:190} INFO - [2024-10-19T00:29:26.733+0000] {dag.py:4180} INFO - Setting next_dagrun for example_setup_teardown to None, run_after=None
[2024-10-19T00:29:26.753+0000] {processor.py:208} INFO - Processing /home/airflow/.local/lib/python3.12/site-packages/airflow/example_dags/example_setup_teardown.py took 0.062 seconds
[2024-10-19T00:29:57.146+0000] {processor.py:186} INFO - Started process (PID=3129) to work on /home/airflow/.local/lib/python3.12/site-packages/airflow/example_dags/example_setup_teardown.py
[2024-10-19T00:29:57.147+0000] {processor.py:914} INFO - Processing file /home/airflow/.local/lib/python3.12/site-packages/airflow/example_dags/example_setup_teardown.py for tasks to queue
[2024-10-19T00:29:57.149+0000] {logging_mixin.py:190} INFO - [2024-10-19T00:29:57.149+0000] {dagbag.py:588} INFO - Filling up the DagBag from /home/airflow/.local/lib/python3.12/site-packages/airflow/example_dags/example_setup_teardown.py
[2024-10-19T00:29:57.155+0000] {processor.py:925} INFO - DAG(s) 'example_setup_teardown' retrieved from /home/airflow/.local/lib/python3.12/site-packages/airflow/example_dags/example_setup_teardown.py
[2024-10-19T00:29:57.171+0000] {logging_mixin.py:190} INFO - [2024-10-19T00:29:57.171+0000] {dag.py:3239} INFO - Sync 1 DAGs
[2024-10-19T00:29:57.183+0000] {logging_mixin.py:190} INFO - [2024-10-19T00:29:57.183+0000] {dag.py:4180} INFO - Setting next_dagrun for example_setup_teardown to None, run_after=None
[2024-10-19T00:29:57.200+0000] {processor.py:208} INFO - Processing /home/airflow/.local/lib/python3.12/site-packages/airflow/example_dags/example_setup_teardown.py took 0.060 seconds
[2024-10-19T00:30:27.414+0000] {processor.py:186} INFO - Started process (PID=3191) to work on /home/airflow/.local/lib/python3.12/site-packages/airflow/example_dags/example_setup_teardown.py
[2024-10-19T00:30:27.416+0000] {processor.py:914} INFO - Processing file /home/airflow/.local/lib/python3.12/site-packages/airflow/example_dags/example_setup_teardown.py for tasks to queue
[2024-10-19T00:30:27.418+0000] {logging_mixin.py:190} INFO - [2024-10-19T00:30:27.417+0000] {dagbag.py:588} INFO - Filling up the DagBag from /home/airflow/.local/lib/python3.12/site-packages/airflow/example_dags/example_setup_teardown.py
[2024-10-19T00:30:27.425+0000] {processor.py:925} INFO - DAG(s) 'example_setup_teardown' retrieved from /home/airflow/.local/lib/python3.12/site-packages/airflow/example_dags/example_setup_teardown.py
[2024-10-19T00:30:27.441+0000] {logging_mixin.py:190} INFO - [2024-10-19T00:30:27.441+0000] {dag.py:3239} INFO - Sync 1 DAGs
[2024-10-19T00:30:27.452+0000] {logging_mixin.py:190} INFO - [2024-10-19T00:30:27.452+0000] {dag.py:4180} INFO - Setting next_dagrun for example_setup_teardown to None, run_after=None
[2024-10-19T00:30:27.470+0000] {processor.py:208} INFO - Processing /home/airflow/.local/lib/python3.12/site-packages/airflow/example_dags/example_setup_teardown.py took 0.060 seconds
[2024-10-19T00:30:57.870+0000] {processor.py:186} INFO - Started process (PID=3253) to work on /home/airflow/.local/lib/python3.12/site-packages/airflow/example_dags/example_setup_teardown.py
[2024-10-19T00:30:57.871+0000] {processor.py:914} INFO - Processing file /home/airflow/.local/lib/python3.12/site-packages/airflow/example_dags/example_setup_teardown.py for tasks to queue
[2024-10-19T00:30:57.878+0000] {logging_mixin.py:190} INFO - [2024-10-19T00:30:57.877+0000] {dagbag.py:588} INFO - Filling up the DagBag from /home/airflow/.local/lib/python3.12/site-packages/airflow/example_dags/example_setup_teardown.py
[2024-10-19T00:30:57.884+0000] {processor.py:925} INFO - DAG(s) 'example_setup_teardown' retrieved from /home/airflow/.local/lib/python3.12/site-packages/airflow/example_dags/example_setup_teardown.py
[2024-10-19T00:30:57.900+0000] {logging_mixin.py:190} INFO - [2024-10-19T00:30:57.900+0000] {dag.py:3239} INFO - Sync 1 DAGs
[2024-10-19T00:30:57.912+0000] {logging_mixin.py:190} INFO - [2024-10-19T00:30:57.911+0000] {dag.py:4180} INFO - Setting next_dagrun for example_setup_teardown to None, run_after=None
[2024-10-19T00:30:57.931+0000] {processor.py:208} INFO - Processing /home/airflow/.local/lib/python3.12/site-packages/airflow/example_dags/example_setup_teardown.py took 0.067 seconds
[2024-10-19T00:31:28.279+0000] {processor.py:186} INFO - Started process (PID=3315) to work on /home/airflow/.local/lib/python3.12/site-packages/airflow/example_dags/example_setup_teardown.py
[2024-10-19T00:31:28.280+0000] {processor.py:914} INFO - Processing file /home/airflow/.local/lib/python3.12/site-packages/airflow/example_dags/example_setup_teardown.py for tasks to queue
[2024-10-19T00:31:28.282+0000] {logging_mixin.py:190} INFO - [2024-10-19T00:31:28.282+0000] {dagbag.py:588} INFO - Filling up the DagBag from /home/airflow/.local/lib/python3.12/site-packages/airflow/example_dags/example_setup_teardown.py
[2024-10-19T00:31:28.289+0000] {processor.py:925} INFO - DAG(s) 'example_setup_teardown' retrieved from /home/airflow/.local/lib/python3.12/site-packages/airflow/example_dags/example_setup_teardown.py
[2024-10-19T00:31:28.306+0000] {logging_mixin.py:190} INFO - [2024-10-19T00:31:28.305+0000] {dag.py:3239} INFO - Sync 1 DAGs
[2024-10-19T00:31:28.316+0000] {logging_mixin.py:190} INFO - [2024-10-19T00:31:28.316+0000] {dag.py:4180} INFO - Setting next_dagrun for example_setup_teardown to None, run_after=None
[2024-10-19T00:31:28.334+0000] {processor.py:208} INFO - Processing /home/airflow/.local/lib/python3.12/site-packages/airflow/example_dags/example_setup_teardown.py took 0.061 seconds
[2024-10-19T00:31:58.776+0000] {processor.py:186} INFO - Started process (PID=3377) to work on /home/airflow/.local/lib/python3.12/site-packages/airflow/example_dags/example_setup_teardown.py
[2024-10-19T00:31:58.777+0000] {processor.py:914} INFO - Processing file /home/airflow/.local/lib/python3.12/site-packages/airflow/example_dags/example_setup_teardown.py for tasks to queue
[2024-10-19T00:31:58.779+0000] {logging_mixin.py:190} INFO - [2024-10-19T00:31:58.779+0000] {dagbag.py:588} INFO - Filling up the DagBag from /home/airflow/.local/lib/python3.12/site-packages/airflow/example_dags/example_setup_teardown.py
[2024-10-19T00:31:58.785+0000] {processor.py:925} INFO - DAG(s) 'example_setup_teardown' retrieved from /home/airflow/.local/lib/python3.12/site-packages/airflow/example_dags/example_setup_teardown.py
[2024-10-19T00:31:58.802+0000] {logging_mixin.py:190} INFO - [2024-10-19T00:31:58.802+0000] {dag.py:3239} INFO - Sync 1 DAGs
[2024-10-19T00:31:58.814+0000] {logging_mixin.py:190} INFO - [2024-10-19T00:31:58.814+0000] {dag.py:4180} INFO - Setting next_dagrun for example_setup_teardown to None, run_after=None
[2024-10-19T00:31:58.833+0000] {processor.py:208} INFO - Processing /home/airflow/.local/lib/python3.12/site-packages/airflow/example_dags/example_setup_teardown.py took 0.062 seconds
[2024-10-19T00:32:29.118+0000] {processor.py:186} INFO - Started process (PID=3439) to work on /home/airflow/.local/lib/python3.12/site-packages/airflow/example_dags/example_setup_teardown.py
[2024-10-19T00:32:29.119+0000] {processor.py:914} INFO - Processing file /home/airflow/.local/lib/python3.12/site-packages/airflow/example_dags/example_setup_teardown.py for tasks to queue
[2024-10-19T00:32:29.121+0000] {logging_mixin.py:190} INFO - [2024-10-19T00:32:29.120+0000] {dagbag.py:588} INFO - Filling up the DagBag from /home/airflow/.local/lib/python3.12/site-packages/airflow/example_dags/example_setup_teardown.py
[2024-10-19T00:32:29.128+0000] {processor.py:925} INFO - DAG(s) 'example_setup_teardown' retrieved from /home/airflow/.local/lib/python3.12/site-packages/airflow/example_dags/example_setup_teardown.py
[2024-10-19T00:32:29.145+0000] {logging_mixin.py:190} INFO - [2024-10-19T00:32:29.145+0000] {dag.py:3239} INFO - Sync 1 DAGs
[2024-10-19T00:32:29.156+0000] {logging_mixin.py:190} INFO - [2024-10-19T00:32:29.156+0000] {dag.py:4180} INFO - Setting next_dagrun for example_setup_teardown to None, run_after=None
[2024-10-19T00:32:29.174+0000] {processor.py:208} INFO - Processing /home/airflow/.local/lib/python3.12/site-packages/airflow/example_dags/example_setup_teardown.py took 0.062 seconds
[2024-10-19T00:32:59.628+0000] {processor.py:186} INFO - Started process (PID=3502) to work on /home/airflow/.local/lib/python3.12/site-packages/airflow/example_dags/example_setup_teardown.py
[2024-10-19T00:32:59.629+0000] {processor.py:914} INFO - Processing file /home/airflow/.local/lib/python3.12/site-packages/airflow/example_dags/example_setup_teardown.py for tasks to queue
[2024-10-19T00:32:59.632+0000] {logging_mixin.py:190} INFO - [2024-10-19T00:32:59.631+0000] {dagbag.py:588} INFO - Filling up the DagBag from /home/airflow/.local/lib/python3.12/site-packages/airflow/example_dags/example_setup_teardown.py
[2024-10-19T00:32:59.637+0000] {processor.py:925} INFO - DAG(s) 'example_setup_teardown' retrieved from /home/airflow/.local/lib/python3.12/site-packages/airflow/example_dags/example_setup_teardown.py
[2024-10-19T00:32:59.654+0000] {logging_mixin.py:190} INFO - [2024-10-19T00:32:59.654+0000] {dag.py:3239} INFO - Sync 1 DAGs
[2024-10-19T00:32:59.666+0000] {logging_mixin.py:190} INFO - [2024-10-19T00:32:59.665+0000] {dag.py:4180} INFO - Setting next_dagrun for example_setup_teardown to None, run_after=None
[2024-10-19T00:32:59.682+0000] {processor.py:208} INFO - Processing /home/airflow/.local/lib/python3.12/site-packages/airflow/example_dags/example_setup_teardown.py took 0.058 seconds
[2024-10-19T00:33:30.019+0000] {processor.py:186} INFO - Started process (PID=3564) to work on /home/airflow/.local/lib/python3.12/site-packages/airflow/example_dags/example_setup_teardown.py
[2024-10-19T00:33:30.021+0000] {processor.py:914} INFO - Processing file /home/airflow/.local/lib/python3.12/site-packages/airflow/example_dags/example_setup_teardown.py for tasks to queue
[2024-10-19T00:33:30.023+0000] {logging_mixin.py:190} INFO - [2024-10-19T00:33:30.023+0000] {dagbag.py:588} INFO - Filling up the DagBag from /home/airflow/.local/lib/python3.12/site-packages/airflow/example_dags/example_setup_teardown.py
[2024-10-19T00:33:30.031+0000] {processor.py:925} INFO - DAG(s) 'example_setup_teardown' retrieved from /home/airflow/.local/lib/python3.12/site-packages/airflow/example_dags/example_setup_teardown.py
[2024-10-19T00:33:30.048+0000] {logging_mixin.py:190} INFO - [2024-10-19T00:33:30.048+0000] {dag.py:3239} INFO - Sync 1 DAGs
[2024-10-19T00:33:30.059+0000] {logging_mixin.py:190} INFO - [2024-10-19T00:33:30.059+0000] {dag.py:4180} INFO - Setting next_dagrun for example_setup_teardown to None, run_after=None
[2024-10-19T00:33:30.076+0000] {processor.py:208} INFO - Processing /home/airflow/.local/lib/python3.12/site-packages/airflow/example_dags/example_setup_teardown.py took 0.061 seconds
[2024-10-19T00:34:00.444+0000] {processor.py:186} INFO - Started process (PID=3626) to work on /home/airflow/.local/lib/python3.12/site-packages/airflow/example_dags/example_setup_teardown.py
[2024-10-19T00:34:00.445+0000] {processor.py:914} INFO - Processing file /home/airflow/.local/lib/python3.12/site-packages/airflow/example_dags/example_setup_teardown.py for tasks to queue
[2024-10-19T00:34:00.446+0000] {logging_mixin.py:190} INFO - [2024-10-19T00:34:00.446+0000] {dagbag.py:588} INFO - Filling up the DagBag from /home/airflow/.local/lib/python3.12/site-packages/airflow/example_dags/example_setup_teardown.py
[2024-10-19T00:34:00.452+0000] {processor.py:925} INFO - DAG(s) 'example_setup_teardown' retrieved from /home/airflow/.local/lib/python3.12/site-packages/airflow/example_dags/example_setup_teardown.py
[2024-10-19T00:34:00.472+0000] {logging_mixin.py:190} INFO - [2024-10-19T00:34:00.472+0000] {dag.py:3239} INFO - Sync 1 DAGs
[2024-10-19T00:34:00.483+0000] {logging_mixin.py:190} INFO - [2024-10-19T00:34:00.483+0000] {dag.py:4180} INFO - Setting next_dagrun for example_setup_teardown to None, run_after=None
[2024-10-19T00:34:00.504+0000] {processor.py:208} INFO - Processing /home/airflow/.local/lib/python3.12/site-packages/airflow/example_dags/example_setup_teardown.py took 0.065 seconds
[2024-10-19T00:34:30.883+0000] {processor.py:186} INFO - Started process (PID=3688) to work on /home/airflow/.local/lib/python3.12/site-packages/airflow/example_dags/example_setup_teardown.py
[2024-10-19T00:34:30.884+0000] {processor.py:914} INFO - Processing file /home/airflow/.local/lib/python3.12/site-packages/airflow/example_dags/example_setup_teardown.py for tasks to queue
[2024-10-19T00:34:30.886+0000] {logging_mixin.py:190} INFO - [2024-10-19T00:34:30.886+0000] {dagbag.py:588} INFO - Filling up the DagBag from /home/airflow/.local/lib/python3.12/site-packages/airflow/example_dags/example_setup_teardown.py
[2024-10-19T00:34:30.892+0000] {processor.py:925} INFO - DAG(s) 'example_setup_teardown' retrieved from /home/airflow/.local/lib/python3.12/site-packages/airflow/example_dags/example_setup_teardown.py
[2024-10-19T00:34:30.910+0000] {logging_mixin.py:190} INFO - [2024-10-19T00:34:30.909+0000] {dag.py:3239} INFO - Sync 1 DAGs
[2024-10-19T00:34:30.920+0000] {logging_mixin.py:190} INFO - [2024-10-19T00:34:30.920+0000] {dag.py:4180} INFO - Setting next_dagrun for example_setup_teardown to None, run_after=None
[2024-10-19T00:34:30.941+0000] {processor.py:208} INFO - Processing /home/airflow/.local/lib/python3.12/site-packages/airflow/example_dags/example_setup_teardown.py took 0.067 seconds
[2024-10-19T00:35:01.211+0000] {processor.py:186} INFO - Started process (PID=3749) to work on /home/airflow/.local/lib/python3.12/site-packages/airflow/example_dags/example_setup_teardown.py
[2024-10-19T00:35:01.212+0000] {processor.py:914} INFO - Processing file /home/airflow/.local/lib/python3.12/site-packages/airflow/example_dags/example_setup_teardown.py for tasks to queue
[2024-10-19T00:35:01.214+0000] {logging_mixin.py:190} INFO - [2024-10-19T00:35:01.214+0000] {dagbag.py:588} INFO - Filling up the DagBag from /home/airflow/.local/lib/python3.12/site-packages/airflow/example_dags/example_setup_teardown.py
[2024-10-19T00:35:01.220+0000] {processor.py:925} INFO - DAG(s) 'example_setup_teardown' retrieved from /home/airflow/.local/lib/python3.12/site-packages/airflow/example_dags/example_setup_teardown.py
[2024-10-19T00:35:01.237+0000] {logging_mixin.py:190} INFO - [2024-10-19T00:35:01.236+0000] {dag.py:3239} INFO - Sync 1 DAGs
[2024-10-19T00:35:01.248+0000] {logging_mixin.py:190} INFO - [2024-10-19T00:35:01.248+0000] {dag.py:4180} INFO - Setting next_dagrun for example_setup_teardown to None, run_after=None
[2024-10-19T00:35:01.270+0000] {processor.py:208} INFO - Processing /home/airflow/.local/lib/python3.12/site-packages/airflow/example_dags/example_setup_teardown.py took 0.063 seconds
[2024-10-19T00:35:31.620+0000] {processor.py:186} INFO - Started process (PID=3811) to work on /home/airflow/.local/lib/python3.12/site-packages/airflow/example_dags/example_setup_teardown.py
[2024-10-19T00:35:31.621+0000] {processor.py:914} INFO - Processing file /home/airflow/.local/lib/python3.12/site-packages/airflow/example_dags/example_setup_teardown.py for tasks to queue
[2024-10-19T00:35:31.623+0000] {logging_mixin.py:190} INFO - [2024-10-19T00:35:31.623+0000] {dagbag.py:588} INFO - Filling up the DagBag from /home/airflow/.local/lib/python3.12/site-packages/airflow/example_dags/example_setup_teardown.py
[2024-10-19T00:35:31.629+0000] {processor.py:925} INFO - DAG(s) 'example_setup_teardown' retrieved from /home/airflow/.local/lib/python3.12/site-packages/airflow/example_dags/example_setup_teardown.py
[2024-10-19T00:35:31.647+0000] {logging_mixin.py:190} INFO - [2024-10-19T00:35:31.647+0000] {dag.py:3239} INFO - Sync 1 DAGs
[2024-10-19T00:35:31.658+0000] {logging_mixin.py:190} INFO - [2024-10-19T00:35:31.658+0000] {dag.py:4180} INFO - Setting next_dagrun for example_setup_teardown to None, run_after=None
[2024-10-19T00:35:31.677+0000] {processor.py:208} INFO - Processing /home/airflow/.local/lib/python3.12/site-packages/airflow/example_dags/example_setup_teardown.py took 0.063 seconds
[2024-10-19T00:36:02.146+0000] {processor.py:186} INFO - Started process (PID=3873) to work on /home/airflow/.local/lib/python3.12/site-packages/airflow/example_dags/example_setup_teardown.py
[2024-10-19T00:36:02.147+0000] {processor.py:914} INFO - Processing file /home/airflow/.local/lib/python3.12/site-packages/airflow/example_dags/example_setup_teardown.py for tasks to queue
[2024-10-19T00:36:02.149+0000] {logging_mixin.py:190} INFO - [2024-10-19T00:36:02.149+0000] {dagbag.py:588} INFO - Filling up the DagBag from /home/airflow/.local/lib/python3.12/site-packages/airflow/example_dags/example_setup_teardown.py
[2024-10-19T00:36:02.157+0000] {processor.py:925} INFO - DAG(s) 'example_setup_teardown' retrieved from /home/airflow/.local/lib/python3.12/site-packages/airflow/example_dags/example_setup_teardown.py
[2024-10-19T00:36:02.179+0000] {logging_mixin.py:190} INFO - [2024-10-19T00:36:02.178+0000] {dag.py:3239} INFO - Sync 1 DAGs
[2024-10-19T00:36:02.194+0000] {logging_mixin.py:190} INFO - [2024-10-19T00:36:02.194+0000] {dag.py:4180} INFO - Setting next_dagrun for example_setup_teardown to None, run_after=None
[2024-10-19T00:36:02.243+0000] {processor.py:208} INFO - Processing /home/airflow/.local/lib/python3.12/site-packages/airflow/example_dags/example_setup_teardown.py took 0.103 seconds
[2024-10-19T00:36:32.998+0000] {processor.py:186} INFO - Started process (PID=3935) to work on /home/airflow/.local/lib/python3.12/site-packages/airflow/example_dags/example_setup_teardown.py
[2024-10-19T00:36:32.999+0000] {processor.py:914} INFO - Processing file /home/airflow/.local/lib/python3.12/site-packages/airflow/example_dags/example_setup_teardown.py for tasks to queue
[2024-10-19T00:36:33.004+0000] {logging_mixin.py:190} INFO - [2024-10-19T00:36:33.003+0000] {dagbag.py:588} INFO - Filling up the DagBag from /home/airflow/.local/lib/python3.12/site-packages/airflow/example_dags/example_setup_teardown.py
[2024-10-19T00:36:33.017+0000] {processor.py:925} INFO - DAG(s) 'example_setup_teardown' retrieved from /home/airflow/.local/lib/python3.12/site-packages/airflow/example_dags/example_setup_teardown.py
[2024-10-19T00:36:33.054+0000] {logging_mixin.py:190} INFO - [2024-10-19T00:36:33.054+0000] {dag.py:3239} INFO - Sync 1 DAGs
[2024-10-19T00:36:33.083+0000] {logging_mixin.py:190} INFO - [2024-10-19T00:36:33.082+0000] {dag.py:4180} INFO - Setting next_dagrun for example_setup_teardown to None, run_after=None
[2024-10-19T00:36:33.117+0000] {processor.py:208} INFO - Processing /home/airflow/.local/lib/python3.12/site-packages/airflow/example_dags/example_setup_teardown.py took 0.127 seconds
