[2024-10-19T00:04:54.724+0000] {processor.py:186} INFO - Started process (PID=92) to work on /home/airflow/.local/lib/python3.12/site-packages/airflow/example_dags/tutorial.py
[2024-10-19T00:04:54.726+0000] {processor.py:914} INFO - Processing file /home/airflow/.local/lib/python3.12/site-packages/airflow/example_dags/tutorial.py for tasks to queue
[2024-10-19T00:04:54.729+0000] {logging_mixin.py:190} INFO - [2024-10-19T00:04:54.728+0000] {dagbag.py:588} INFO - Filling up the DagBag from /home/airflow/.local/lib/python3.12/site-packages/airflow/example_dags/tutorial.py
[2024-10-19T00:04:54.739+0000] {processor.py:925} INFO - DAG(s) 'tutorial' retrieved from /home/airflow/.local/lib/python3.12/site-packages/airflow/example_dags/tutorial.py
[2024-10-19T00:04:54.876+0000] {logging_mixin.py:190} INFO - [2024-10-19T00:04:54.875+0000] {override.py:1900} INFO - Created Permission View: can delete on DAG:tutorial
[2024-10-19T00:04:54.891+0000] {logging_mixin.py:190} INFO - [2024-10-19T00:04:54.891+0000] {override.py:1900} INFO - Created Permission View: can read on DAG:tutorial
[2024-10-19T00:04:54.902+0000] {logging_mixin.py:190} INFO - [2024-10-19T00:04:54.902+0000] {override.py:1900} INFO - Created Permission View: can edit on DAG:tutorial
[2024-10-19T00:04:54.914+0000] {logging_mixin.py:190} INFO - [2024-10-19T00:04:54.914+0000] {override.py:1900} INFO - Created Permission View: can delete on DAG Run:tutorial
[2024-10-19T00:04:54.925+0000] {logging_mixin.py:190} INFO - [2024-10-19T00:04:54.925+0000] {override.py:1900} INFO - Created Permission View: can read on DAG Run:tutorial
[2024-10-19T00:04:54.935+0000] {logging_mixin.py:190} INFO - [2024-10-19T00:04:54.935+0000] {override.py:1900} INFO - Created Permission View: menu access on DAG Run:tutorial
[2024-10-19T00:04:54.946+0000] {logging_mixin.py:190} INFO - [2024-10-19T00:04:54.945+0000] {override.py:1900} INFO - Created Permission View: can create on DAG Run:tutorial
[2024-10-19T00:04:54.947+0000] {logging_mixin.py:190} INFO - [2024-10-19T00:04:54.947+0000] {dag.py:3239} INFO - Sync 1 DAGs
[2024-10-19T00:04:54.965+0000] {logging_mixin.py:190} INFO - [2024-10-19T00:04:54.964+0000] {dag.py:3262} INFO - Creating ORM DAG for tutorial
[2024-10-19T00:04:54.979+0000] {logging_mixin.py:190} INFO - [2024-10-19T00:04:54.979+0000] {dag.py:4180} INFO - Setting next_dagrun for tutorial to 2024-10-18 00:00:00+00:00, run_after=2024-10-19 00:00:00+00:00
[2024-10-19T00:04:55.009+0000] {processor.py:208} INFO - Processing /home/airflow/.local/lib/python3.12/site-packages/airflow/example_dags/tutorial.py took 0.291 seconds
[2024-10-19T00:05:25.547+0000] {processor.py:186} INFO - Started process (PID=154) to work on /home/airflow/.local/lib/python3.12/site-packages/airflow/example_dags/tutorial.py
[2024-10-19T00:05:25.548+0000] {processor.py:914} INFO - Processing file /home/airflow/.local/lib/python3.12/site-packages/airflow/example_dags/tutorial.py for tasks to queue
[2024-10-19T00:05:25.550+0000] {logging_mixin.py:190} INFO - [2024-10-19T00:05:25.550+0000] {dagbag.py:588} INFO - Filling up the DagBag from /home/airflow/.local/lib/python3.12/site-packages/airflow/example_dags/tutorial.py
[2024-10-19T00:05:25.558+0000] {processor.py:925} INFO - DAG(s) 'tutorial' retrieved from /home/airflow/.local/lib/python3.12/site-packages/airflow/example_dags/tutorial.py
[2024-10-19T00:05:25.576+0000] {logging_mixin.py:190} INFO - [2024-10-19T00:05:25.576+0000] {dag.py:3239} INFO - Sync 1 DAGs
[2024-10-19T00:05:25.605+0000] {logging_mixin.py:190} INFO - [2024-10-19T00:05:25.605+0000] {dag.py:4180} INFO - Setting next_dagrun for tutorial to 2024-10-18 00:00:00+00:00, run_after=2024-10-19 00:00:00+00:00
[2024-10-19T00:05:25.635+0000] {processor.py:208} INFO - Processing /home/airflow/.local/lib/python3.12/site-packages/airflow/example_dags/tutorial.py took 0.094 seconds
[2024-10-19T00:05:56.128+0000] {processor.py:186} INFO - Started process (PID=216) to work on /home/airflow/.local/lib/python3.12/site-packages/airflow/example_dags/tutorial.py
[2024-10-19T00:05:56.129+0000] {processor.py:914} INFO - Processing file /home/airflow/.local/lib/python3.12/site-packages/airflow/example_dags/tutorial.py for tasks to queue
[2024-10-19T00:05:56.132+0000] {logging_mixin.py:190} INFO - [2024-10-19T00:05:56.132+0000] {dagbag.py:588} INFO - Filling up the DagBag from /home/airflow/.local/lib/python3.12/site-packages/airflow/example_dags/tutorial.py
[2024-10-19T00:05:56.140+0000] {processor.py:925} INFO - DAG(s) 'tutorial' retrieved from /home/airflow/.local/lib/python3.12/site-packages/airflow/example_dags/tutorial.py
[2024-10-19T00:05:56.160+0000] {logging_mixin.py:190} INFO - [2024-10-19T00:05:56.160+0000] {dag.py:3239} INFO - Sync 1 DAGs
[2024-10-19T00:05:56.185+0000] {logging_mixin.py:190} INFO - [2024-10-19T00:05:56.184+0000] {dag.py:4180} INFO - Setting next_dagrun for tutorial to 2024-10-18 00:00:00+00:00, run_after=2024-10-19 00:00:00+00:00
[2024-10-19T00:05:56.205+0000] {processor.py:208} INFO - Processing /home/airflow/.local/lib/python3.12/site-packages/airflow/example_dags/tutorial.py took 0.082 seconds
[2024-10-19T00:06:27.173+0000] {processor.py:186} INFO - Started process (PID=277) to work on /home/airflow/.local/lib/python3.12/site-packages/airflow/example_dags/tutorial.py
[2024-10-19T00:06:27.175+0000] {processor.py:914} INFO - Processing file /home/airflow/.local/lib/python3.12/site-packages/airflow/example_dags/tutorial.py for tasks to queue
[2024-10-19T00:06:27.177+0000] {logging_mixin.py:190} INFO - [2024-10-19T00:06:27.177+0000] {dagbag.py:588} INFO - Filling up the DagBag from /home/airflow/.local/lib/python3.12/site-packages/airflow/example_dags/tutorial.py
[2024-10-19T00:06:27.184+0000] {processor.py:925} INFO - DAG(s) 'tutorial' retrieved from /home/airflow/.local/lib/python3.12/site-packages/airflow/example_dags/tutorial.py
[2024-10-19T00:06:27.202+0000] {logging_mixin.py:190} INFO - [2024-10-19T00:06:27.202+0000] {dag.py:3239} INFO - Sync 1 DAGs
[2024-10-19T00:06:27.223+0000] {logging_mixin.py:190} INFO - [2024-10-19T00:06:27.222+0000] {dag.py:4180} INFO - Setting next_dagrun for tutorial to 2024-10-18 00:00:00+00:00, run_after=2024-10-19 00:00:00+00:00
[2024-10-19T00:06:27.242+0000] {processor.py:208} INFO - Processing /home/airflow/.local/lib/python3.12/site-packages/airflow/example_dags/tutorial.py took 0.075 seconds
[2024-10-19T00:06:57.552+0000] {processor.py:186} INFO - Started process (PID=339) to work on /home/airflow/.local/lib/python3.12/site-packages/airflow/example_dags/tutorial.py
[2024-10-19T00:06:57.553+0000] {processor.py:914} INFO - Processing file /home/airflow/.local/lib/python3.12/site-packages/airflow/example_dags/tutorial.py for tasks to queue
[2024-10-19T00:06:57.555+0000] {logging_mixin.py:190} INFO - [2024-10-19T00:06:57.555+0000] {dagbag.py:588} INFO - Filling up the DagBag from /home/airflow/.local/lib/python3.12/site-packages/airflow/example_dags/tutorial.py
[2024-10-19T00:06:57.562+0000] {processor.py:925} INFO - DAG(s) 'tutorial' retrieved from /home/airflow/.local/lib/python3.12/site-packages/airflow/example_dags/tutorial.py
[2024-10-19T00:06:57.581+0000] {logging_mixin.py:190} INFO - [2024-10-19T00:06:57.580+0000] {dag.py:3239} INFO - Sync 1 DAGs
[2024-10-19T00:06:57.602+0000] {logging_mixin.py:190} INFO - [2024-10-19T00:06:57.602+0000] {dag.py:4180} INFO - Setting next_dagrun for tutorial to 2024-10-18 00:00:00+00:00, run_after=2024-10-19 00:00:00+00:00
[2024-10-19T00:06:57.623+0000] {processor.py:208} INFO - Processing /home/airflow/.local/lib/python3.12/site-packages/airflow/example_dags/tutorial.py took 0.077 seconds
[2024-10-19T00:07:28.093+0000] {processor.py:186} INFO - Started process (PID=401) to work on /home/airflow/.local/lib/python3.12/site-packages/airflow/example_dags/tutorial.py
[2024-10-19T00:07:28.094+0000] {processor.py:914} INFO - Processing file /home/airflow/.local/lib/python3.12/site-packages/airflow/example_dags/tutorial.py for tasks to queue
[2024-10-19T00:07:28.098+0000] {logging_mixin.py:190} INFO - [2024-10-19T00:07:28.098+0000] {dagbag.py:588} INFO - Filling up the DagBag from /home/airflow/.local/lib/python3.12/site-packages/airflow/example_dags/tutorial.py
[2024-10-19T00:07:28.107+0000] {processor.py:925} INFO - DAG(s) 'tutorial' retrieved from /home/airflow/.local/lib/python3.12/site-packages/airflow/example_dags/tutorial.py
[2024-10-19T00:07:28.127+0000] {logging_mixin.py:190} INFO - [2024-10-19T00:07:28.126+0000] {dag.py:3239} INFO - Sync 1 DAGs
[2024-10-19T00:07:28.152+0000] {logging_mixin.py:190} INFO - [2024-10-19T00:07:28.151+0000] {dag.py:4180} INFO - Setting next_dagrun for tutorial to 2024-10-18 00:00:00+00:00, run_after=2024-10-19 00:00:00+00:00
[2024-10-19T00:07:28.173+0000] {processor.py:208} INFO - Processing /home/airflow/.local/lib/python3.12/site-packages/airflow/example_dags/tutorial.py took 0.087 seconds
[2024-10-19T00:07:58.717+0000] {processor.py:186} INFO - Started process (PID=464) to work on /home/airflow/.local/lib/python3.12/site-packages/airflow/example_dags/tutorial.py
[2024-10-19T00:07:58.718+0000] {processor.py:914} INFO - Processing file /home/airflow/.local/lib/python3.12/site-packages/airflow/example_dags/tutorial.py for tasks to queue
[2024-10-19T00:07:58.720+0000] {logging_mixin.py:190} INFO - [2024-10-19T00:07:58.720+0000] {dagbag.py:588} INFO - Filling up the DagBag from /home/airflow/.local/lib/python3.12/site-packages/airflow/example_dags/tutorial.py
[2024-10-19T00:07:58.726+0000] {processor.py:925} INFO - DAG(s) 'tutorial' retrieved from /home/airflow/.local/lib/python3.12/site-packages/airflow/example_dags/tutorial.py
[2024-10-19T00:07:58.744+0000] {logging_mixin.py:190} INFO - [2024-10-19T00:07:58.744+0000] {dag.py:3239} INFO - Sync 1 DAGs
[2024-10-19T00:07:58.764+0000] {logging_mixin.py:190} INFO - [2024-10-19T00:07:58.764+0000] {dag.py:4180} INFO - Setting next_dagrun for tutorial to 2024-10-18 00:00:00+00:00, run_after=2024-10-19 00:00:00+00:00
[2024-10-19T00:07:58.782+0000] {processor.py:208} INFO - Processing /home/airflow/.local/lib/python3.12/site-packages/airflow/example_dags/tutorial.py took 0.070 seconds
[2024-10-19T00:08:29.511+0000] {processor.py:186} INFO - Started process (PID=527) to work on /home/airflow/.local/lib/python3.12/site-packages/airflow/example_dags/tutorial.py
[2024-10-19T00:08:29.512+0000] {processor.py:914} INFO - Processing file /home/airflow/.local/lib/python3.12/site-packages/airflow/example_dags/tutorial.py for tasks to queue
[2024-10-19T00:08:29.514+0000] {logging_mixin.py:190} INFO - [2024-10-19T00:08:29.514+0000] {dagbag.py:588} INFO - Filling up the DagBag from /home/airflow/.local/lib/python3.12/site-packages/airflow/example_dags/tutorial.py
[2024-10-19T00:08:29.523+0000] {processor.py:925} INFO - DAG(s) 'tutorial' retrieved from /home/airflow/.local/lib/python3.12/site-packages/airflow/example_dags/tutorial.py
[2024-10-19T00:08:29.546+0000] {logging_mixin.py:190} INFO - [2024-10-19T00:08:29.545+0000] {dag.py:3239} INFO - Sync 1 DAGs
[2024-10-19T00:08:29.573+0000] {logging_mixin.py:190} INFO - [2024-10-19T00:08:29.573+0000] {dag.py:4180} INFO - Setting next_dagrun for tutorial to 2024-10-18 00:00:00+00:00, run_after=2024-10-19 00:00:00+00:00
[2024-10-19T00:08:29.596+0000] {processor.py:208} INFO - Processing /home/airflow/.local/lib/python3.12/site-packages/airflow/example_dags/tutorial.py took 0.092 seconds
[2024-10-19T00:08:59.638+0000] {processor.py:186} INFO - Started process (PID=590) to work on /home/airflow/.local/lib/python3.12/site-packages/airflow/example_dags/tutorial.py
[2024-10-19T00:08:59.639+0000] {processor.py:914} INFO - Processing file /home/airflow/.local/lib/python3.12/site-packages/airflow/example_dags/tutorial.py for tasks to queue
[2024-10-19T00:08:59.641+0000] {logging_mixin.py:190} INFO - [2024-10-19T00:08:59.641+0000] {dagbag.py:588} INFO - Filling up the DagBag from /home/airflow/.local/lib/python3.12/site-packages/airflow/example_dags/tutorial.py
[2024-10-19T00:08:59.648+0000] {processor.py:925} INFO - DAG(s) 'tutorial' retrieved from /home/airflow/.local/lib/python3.12/site-packages/airflow/example_dags/tutorial.py
[2024-10-19T00:08:59.666+0000] {logging_mixin.py:190} INFO - [2024-10-19T00:08:59.665+0000] {dag.py:3239} INFO - Sync 1 DAGs
[2024-10-19T00:08:59.692+0000] {logging_mixin.py:190} INFO - [2024-10-19T00:08:59.692+0000] {dag.py:4180} INFO - Setting next_dagrun for tutorial to 2024-10-18 00:00:00+00:00, run_after=2024-10-19 00:00:00+00:00
[2024-10-19T00:08:59.717+0000] {processor.py:208} INFO - Processing /home/airflow/.local/lib/python3.12/site-packages/airflow/example_dags/tutorial.py took 0.085 seconds
[2024-10-19T00:09:30.637+0000] {processor.py:186} INFO - Started process (PID=653) to work on /home/airflow/.local/lib/python3.12/site-packages/airflow/example_dags/tutorial.py
[2024-10-19T00:09:30.638+0000] {processor.py:914} INFO - Processing file /home/airflow/.local/lib/python3.12/site-packages/airflow/example_dags/tutorial.py for tasks to queue
[2024-10-19T00:09:30.640+0000] {logging_mixin.py:190} INFO - [2024-10-19T00:09:30.640+0000] {dagbag.py:588} INFO - Filling up the DagBag from /home/airflow/.local/lib/python3.12/site-packages/airflow/example_dags/tutorial.py
[2024-10-19T00:09:30.646+0000] {processor.py:925} INFO - DAG(s) 'tutorial' retrieved from /home/airflow/.local/lib/python3.12/site-packages/airflow/example_dags/tutorial.py
[2024-10-19T00:09:30.661+0000] {logging_mixin.py:190} INFO - [2024-10-19T00:09:30.661+0000] {dag.py:3239} INFO - Sync 1 DAGs
[2024-10-19T00:09:30.678+0000] {logging_mixin.py:190} INFO - [2024-10-19T00:09:30.678+0000] {dag.py:4180} INFO - Setting next_dagrun for tutorial to 2024-10-18 00:00:00+00:00, run_after=2024-10-19 00:00:00+00:00
[2024-10-19T00:09:30.695+0000] {processor.py:208} INFO - Processing /home/airflow/.local/lib/python3.12/site-packages/airflow/example_dags/tutorial.py took 0.063 seconds
[2024-10-19T00:10:01.296+0000] {processor.py:186} INFO - Started process (PID=715) to work on /home/airflow/.local/lib/python3.12/site-packages/airflow/example_dags/tutorial.py
[2024-10-19T00:10:01.299+0000] {processor.py:914} INFO - Processing file /home/airflow/.local/lib/python3.12/site-packages/airflow/example_dags/tutorial.py for tasks to queue
[2024-10-19T00:10:01.303+0000] {logging_mixin.py:190} INFO - [2024-10-19T00:10:01.303+0000] {dagbag.py:588} INFO - Filling up the DagBag from /home/airflow/.local/lib/python3.12/site-packages/airflow/example_dags/tutorial.py
[2024-10-19T00:10:01.319+0000] {processor.py:925} INFO - DAG(s) 'tutorial' retrieved from /home/airflow/.local/lib/python3.12/site-packages/airflow/example_dags/tutorial.py
[2024-10-19T00:10:01.353+0000] {logging_mixin.py:190} INFO - [2024-10-19T00:10:01.353+0000] {dag.py:3239} INFO - Sync 1 DAGs
[2024-10-19T00:10:01.385+0000] {logging_mixin.py:190} INFO - [2024-10-19T00:10:01.385+0000] {dag.py:4180} INFO - Setting next_dagrun for tutorial to 2024-10-18 00:00:00+00:00, run_after=2024-10-19 00:00:00+00:00
[2024-10-19T00:10:01.412+0000] {processor.py:208} INFO - Processing /home/airflow/.local/lib/python3.12/site-packages/airflow/example_dags/tutorial.py took 0.130 seconds
[2024-10-19T00:10:31.613+0000] {processor.py:186} INFO - Started process (PID=777) to work on /home/airflow/.local/lib/python3.12/site-packages/airflow/example_dags/tutorial.py
[2024-10-19T00:10:31.615+0000] {processor.py:914} INFO - Processing file /home/airflow/.local/lib/python3.12/site-packages/airflow/example_dags/tutorial.py for tasks to queue
[2024-10-19T00:10:31.617+0000] {logging_mixin.py:190} INFO - [2024-10-19T00:10:31.617+0000] {dagbag.py:588} INFO - Filling up the DagBag from /home/airflow/.local/lib/python3.12/site-packages/airflow/example_dags/tutorial.py
[2024-10-19T00:10:31.626+0000] {processor.py:925} INFO - DAG(s) 'tutorial' retrieved from /home/airflow/.local/lib/python3.12/site-packages/airflow/example_dags/tutorial.py
[2024-10-19T00:10:31.646+0000] {logging_mixin.py:190} INFO - [2024-10-19T00:10:31.646+0000] {dag.py:3239} INFO - Sync 1 DAGs
[2024-10-19T00:10:31.670+0000] {logging_mixin.py:190} INFO - [2024-10-19T00:10:31.670+0000] {dag.py:4180} INFO - Setting next_dagrun for tutorial to 2024-10-18 00:00:00+00:00, run_after=2024-10-19 00:00:00+00:00
[2024-10-19T00:10:31.690+0000] {processor.py:208} INFO - Processing /home/airflow/.local/lib/python3.12/site-packages/airflow/example_dags/tutorial.py took 0.083 seconds
[2024-10-19T00:11:02.010+0000] {processor.py:186} INFO - Started process (PID=839) to work on /home/airflow/.local/lib/python3.12/site-packages/airflow/example_dags/tutorial.py
[2024-10-19T00:11:02.011+0000] {processor.py:914} INFO - Processing file /home/airflow/.local/lib/python3.12/site-packages/airflow/example_dags/tutorial.py for tasks to queue
[2024-10-19T00:11:02.014+0000] {logging_mixin.py:190} INFO - [2024-10-19T00:11:02.014+0000] {dagbag.py:588} INFO - Filling up the DagBag from /home/airflow/.local/lib/python3.12/site-packages/airflow/example_dags/tutorial.py
[2024-10-19T00:11:02.023+0000] {processor.py:925} INFO - DAG(s) 'tutorial' retrieved from /home/airflow/.local/lib/python3.12/site-packages/airflow/example_dags/tutorial.py
[2024-10-19T00:11:02.046+0000] {logging_mixin.py:190} INFO - [2024-10-19T00:11:02.045+0000] {dag.py:3239} INFO - Sync 1 DAGs
[2024-10-19T00:11:02.069+0000] {logging_mixin.py:190} INFO - [2024-10-19T00:11:02.069+0000] {dag.py:4180} INFO - Setting next_dagrun for tutorial to 2024-10-18 00:00:00+00:00, run_after=2024-10-19 00:00:00+00:00
[2024-10-19T00:11:02.093+0000] {processor.py:208} INFO - Processing /home/airflow/.local/lib/python3.12/site-packages/airflow/example_dags/tutorial.py took 0.090 seconds
[2024-10-19T00:11:32.125+0000] {processor.py:186} INFO - Started process (PID=901) to work on /home/airflow/.local/lib/python3.12/site-packages/airflow/example_dags/tutorial.py
[2024-10-19T00:11:32.127+0000] {processor.py:914} INFO - Processing file /home/airflow/.local/lib/python3.12/site-packages/airflow/example_dags/tutorial.py for tasks to queue
[2024-10-19T00:11:32.129+0000] {logging_mixin.py:190} INFO - [2024-10-19T00:11:32.128+0000] {dagbag.py:588} INFO - Filling up the DagBag from /home/airflow/.local/lib/python3.12/site-packages/airflow/example_dags/tutorial.py
[2024-10-19T00:11:32.135+0000] {processor.py:925} INFO - DAG(s) 'tutorial' retrieved from /home/airflow/.local/lib/python3.12/site-packages/airflow/example_dags/tutorial.py
[2024-10-19T00:11:32.152+0000] {logging_mixin.py:190} INFO - [2024-10-19T00:11:32.152+0000] {dag.py:3239} INFO - Sync 1 DAGs
[2024-10-19T00:11:32.169+0000] {logging_mixin.py:190} INFO - [2024-10-19T00:11:32.169+0000] {dag.py:4180} INFO - Setting next_dagrun for tutorial to 2024-10-18 00:00:00+00:00, run_after=2024-10-19 00:00:00+00:00
[2024-10-19T00:11:32.186+0000] {processor.py:208} INFO - Processing /home/airflow/.local/lib/python3.12/site-packages/airflow/example_dags/tutorial.py took 0.066 seconds
[2024-10-19T00:12:02.811+0000] {processor.py:186} INFO - Started process (PID=964) to work on /home/airflow/.local/lib/python3.12/site-packages/airflow/example_dags/tutorial.py
[2024-10-19T00:12:02.812+0000] {processor.py:914} INFO - Processing file /home/airflow/.local/lib/python3.12/site-packages/airflow/example_dags/tutorial.py for tasks to queue
[2024-10-19T00:12:02.814+0000] {logging_mixin.py:190} INFO - [2024-10-19T00:12:02.814+0000] {dagbag.py:588} INFO - Filling up the DagBag from /home/airflow/.local/lib/python3.12/site-packages/airflow/example_dags/tutorial.py
[2024-10-19T00:12:02.820+0000] {processor.py:925} INFO - DAG(s) 'tutorial' retrieved from /home/airflow/.local/lib/python3.12/site-packages/airflow/example_dags/tutorial.py
[2024-10-19T00:12:02.836+0000] {logging_mixin.py:190} INFO - [2024-10-19T00:12:02.836+0000] {dag.py:3239} INFO - Sync 1 DAGs
[2024-10-19T00:12:02.853+0000] {logging_mixin.py:190} INFO - [2024-10-19T00:12:02.853+0000] {dag.py:4180} INFO - Setting next_dagrun for tutorial to 2024-10-18 00:00:00+00:00, run_after=2024-10-19 00:00:00+00:00
[2024-10-19T00:12:02.870+0000] {processor.py:208} INFO - Processing /home/airflow/.local/lib/python3.12/site-packages/airflow/example_dags/tutorial.py took 0.063 seconds
[2024-10-19T00:12:33.539+0000] {processor.py:186} INFO - Started process (PID=1026) to work on /home/airflow/.local/lib/python3.12/site-packages/airflow/example_dags/tutorial.py
[2024-10-19T00:12:33.540+0000] {processor.py:914} INFO - Processing file /home/airflow/.local/lib/python3.12/site-packages/airflow/example_dags/tutorial.py for tasks to queue
[2024-10-19T00:12:33.542+0000] {logging_mixin.py:190} INFO - [2024-10-19T00:12:33.542+0000] {dagbag.py:588} INFO - Filling up the DagBag from /home/airflow/.local/lib/python3.12/site-packages/airflow/example_dags/tutorial.py
[2024-10-19T00:12:33.550+0000] {processor.py:925} INFO - DAG(s) 'tutorial' retrieved from /home/airflow/.local/lib/python3.12/site-packages/airflow/example_dags/tutorial.py
[2024-10-19T00:12:33.569+0000] {logging_mixin.py:190} INFO - [2024-10-19T00:12:33.569+0000] {dag.py:3239} INFO - Sync 1 DAGs
[2024-10-19T00:12:33.591+0000] {logging_mixin.py:190} INFO - [2024-10-19T00:12:33.591+0000] {dag.py:4180} INFO - Setting next_dagrun for tutorial to 2024-10-18 00:00:00+00:00, run_after=2024-10-19 00:00:00+00:00
[2024-10-19T00:12:33.609+0000] {processor.py:208} INFO - Processing /home/airflow/.local/lib/python3.12/site-packages/airflow/example_dags/tutorial.py took 0.075 seconds
[2024-10-19T00:13:03.874+0000] {processor.py:186} INFO - Started process (PID=1087) to work on /home/airflow/.local/lib/python3.12/site-packages/airflow/example_dags/tutorial.py
[2024-10-19T00:13:03.875+0000] {processor.py:914} INFO - Processing file /home/airflow/.local/lib/python3.12/site-packages/airflow/example_dags/tutorial.py for tasks to queue
[2024-10-19T00:13:03.877+0000] {logging_mixin.py:190} INFO - [2024-10-19T00:13:03.877+0000] {dagbag.py:588} INFO - Filling up the DagBag from /home/airflow/.local/lib/python3.12/site-packages/airflow/example_dags/tutorial.py
[2024-10-19T00:13:03.884+0000] {processor.py:925} INFO - DAG(s) 'tutorial' retrieved from /home/airflow/.local/lib/python3.12/site-packages/airflow/example_dags/tutorial.py
[2024-10-19T00:13:03.923+0000] {logging_mixin.py:190} INFO - [2024-10-19T00:13:03.923+0000] {dag.py:3239} INFO - Sync 1 DAGs
[2024-10-19T00:13:03.961+0000] {logging_mixin.py:190} INFO - [2024-10-19T00:13:03.961+0000] {dag.py:4180} INFO - Setting next_dagrun for tutorial to 2024-10-18 00:00:00+00:00, run_after=2024-10-19 00:00:00+00:00
[2024-10-19T00:13:03.987+0000] {processor.py:208} INFO - Processing /home/airflow/.local/lib/python3.12/site-packages/airflow/example_dags/tutorial.py took 0.119 seconds
[2024-10-19T00:13:34.244+0000] {processor.py:186} INFO - Started process (PID=1149) to work on /home/airflow/.local/lib/python3.12/site-packages/airflow/example_dags/tutorial.py
[2024-10-19T00:13:34.246+0000] {processor.py:914} INFO - Processing file /home/airflow/.local/lib/python3.12/site-packages/airflow/example_dags/tutorial.py for tasks to queue
[2024-10-19T00:13:34.248+0000] {logging_mixin.py:190} INFO - [2024-10-19T00:13:34.248+0000] {dagbag.py:588} INFO - Filling up the DagBag from /home/airflow/.local/lib/python3.12/site-packages/airflow/example_dags/tutorial.py
[2024-10-19T00:13:34.255+0000] {processor.py:925} INFO - DAG(s) 'tutorial' retrieved from /home/airflow/.local/lib/python3.12/site-packages/airflow/example_dags/tutorial.py
[2024-10-19T00:13:34.271+0000] {logging_mixin.py:190} INFO - [2024-10-19T00:13:34.271+0000] {dag.py:3239} INFO - Sync 1 DAGs
[2024-10-19T00:13:34.292+0000] {logging_mixin.py:190} INFO - [2024-10-19T00:13:34.291+0000] {dag.py:4180} INFO - Setting next_dagrun for tutorial to 2024-10-18 00:00:00+00:00, run_after=2024-10-19 00:00:00+00:00
[2024-10-19T00:13:34.313+0000] {processor.py:208} INFO - Processing /home/airflow/.local/lib/python3.12/site-packages/airflow/example_dags/tutorial.py took 0.076 seconds
[2024-10-19T00:14:04.860+0000] {processor.py:186} INFO - Started process (PID=1211) to work on /home/airflow/.local/lib/python3.12/site-packages/airflow/example_dags/tutorial.py
[2024-10-19T00:14:04.861+0000] {processor.py:914} INFO - Processing file /home/airflow/.local/lib/python3.12/site-packages/airflow/example_dags/tutorial.py for tasks to queue
[2024-10-19T00:14:04.863+0000] {logging_mixin.py:190} INFO - [2024-10-19T00:14:04.863+0000] {dagbag.py:588} INFO - Filling up the DagBag from /home/airflow/.local/lib/python3.12/site-packages/airflow/example_dags/tutorial.py
[2024-10-19T00:14:04.871+0000] {processor.py:925} INFO - DAG(s) 'tutorial' retrieved from /home/airflow/.local/lib/python3.12/site-packages/airflow/example_dags/tutorial.py
[2024-10-19T00:14:04.888+0000] {logging_mixin.py:190} INFO - [2024-10-19T00:14:04.888+0000] {dag.py:3239} INFO - Sync 1 DAGs
[2024-10-19T00:14:04.908+0000] {logging_mixin.py:190} INFO - [2024-10-19T00:14:04.908+0000] {dag.py:4180} INFO - Setting next_dagrun for tutorial to 2024-10-18 00:00:00+00:00, run_after=2024-10-19 00:00:00+00:00
[2024-10-19T00:14:04.927+0000] {processor.py:208} INFO - Processing /home/airflow/.local/lib/python3.12/site-packages/airflow/example_dags/tutorial.py took 0.072 seconds
[2024-10-19T00:14:35.573+0000] {processor.py:186} INFO - Started process (PID=1273) to work on /home/airflow/.local/lib/python3.12/site-packages/airflow/example_dags/tutorial.py
[2024-10-19T00:14:35.574+0000] {processor.py:914} INFO - Processing file /home/airflow/.local/lib/python3.12/site-packages/airflow/example_dags/tutorial.py for tasks to queue
[2024-10-19T00:14:35.576+0000] {logging_mixin.py:190} INFO - [2024-10-19T00:14:35.576+0000] {dagbag.py:588} INFO - Filling up the DagBag from /home/airflow/.local/lib/python3.12/site-packages/airflow/example_dags/tutorial.py
[2024-10-19T00:14:35.583+0000] {processor.py:925} INFO - DAG(s) 'tutorial' retrieved from /home/airflow/.local/lib/python3.12/site-packages/airflow/example_dags/tutorial.py
[2024-10-19T00:14:35.600+0000] {logging_mixin.py:190} INFO - [2024-10-19T00:14:35.600+0000] {dag.py:3239} INFO - Sync 1 DAGs
[2024-10-19T00:14:35.621+0000] {logging_mixin.py:190} INFO - [2024-10-19T00:14:35.620+0000] {dag.py:4180} INFO - Setting next_dagrun for tutorial to 2024-10-18 00:00:00+00:00, run_after=2024-10-19 00:00:00+00:00
[2024-10-19T00:14:35.638+0000] {processor.py:208} INFO - Processing /home/airflow/.local/lib/python3.12/site-packages/airflow/example_dags/tutorial.py took 0.071 seconds
[2024-10-19T00:15:06.224+0000] {processor.py:186} INFO - Started process (PID=1335) to work on /home/airflow/.local/lib/python3.12/site-packages/airflow/example_dags/tutorial.py
[2024-10-19T00:15:06.225+0000] {processor.py:914} INFO - Processing file /home/airflow/.local/lib/python3.12/site-packages/airflow/example_dags/tutorial.py for tasks to queue
[2024-10-19T00:15:06.228+0000] {logging_mixin.py:190} INFO - [2024-10-19T00:15:06.227+0000] {dagbag.py:588} INFO - Filling up the DagBag from /home/airflow/.local/lib/python3.12/site-packages/airflow/example_dags/tutorial.py
[2024-10-19T00:15:06.237+0000] {processor.py:925} INFO - DAG(s) 'tutorial' retrieved from /home/airflow/.local/lib/python3.12/site-packages/airflow/example_dags/tutorial.py
[2024-10-19T00:15:06.258+0000] {logging_mixin.py:190} INFO - [2024-10-19T00:15:06.258+0000] {dag.py:3239} INFO - Sync 1 DAGs
[2024-10-19T00:15:06.286+0000] {logging_mixin.py:190} INFO - [2024-10-19T00:15:06.285+0000] {dag.py:4180} INFO - Setting next_dagrun for tutorial to 2024-10-18 00:00:00+00:00, run_after=2024-10-19 00:00:00+00:00
[2024-10-19T00:15:06.309+0000] {processor.py:208} INFO - Processing /home/airflow/.local/lib/python3.12/site-packages/airflow/example_dags/tutorial.py took 0.091 seconds
[2024-10-19T00:15:37.062+0000] {processor.py:186} INFO - Started process (PID=1397) to work on /home/airflow/.local/lib/python3.12/site-packages/airflow/example_dags/tutorial.py
[2024-10-19T00:15:37.063+0000] {processor.py:914} INFO - Processing file /home/airflow/.local/lib/python3.12/site-packages/airflow/example_dags/tutorial.py for tasks to queue
[2024-10-19T00:15:37.065+0000] {logging_mixin.py:190} INFO - [2024-10-19T00:15:37.065+0000] {dagbag.py:588} INFO - Filling up the DagBag from /home/airflow/.local/lib/python3.12/site-packages/airflow/example_dags/tutorial.py
[2024-10-19T00:15:37.071+0000] {processor.py:925} INFO - DAG(s) 'tutorial' retrieved from /home/airflow/.local/lib/python3.12/site-packages/airflow/example_dags/tutorial.py
[2024-10-19T00:15:37.088+0000] {logging_mixin.py:190} INFO - [2024-10-19T00:15:37.088+0000] {dag.py:3239} INFO - Sync 1 DAGs
[2024-10-19T00:15:37.109+0000] {logging_mixin.py:190} INFO - [2024-10-19T00:15:37.109+0000] {dag.py:4180} INFO - Setting next_dagrun for tutorial to 2024-10-18 00:00:00+00:00, run_after=2024-10-19 00:00:00+00:00
[2024-10-19T00:15:37.132+0000] {processor.py:208} INFO - Processing /home/airflow/.local/lib/python3.12/site-packages/airflow/example_dags/tutorial.py took 0.074 seconds
[2024-10-19T00:16:07.886+0000] {processor.py:186} INFO - Started process (PID=1458) to work on /home/airflow/.local/lib/python3.12/site-packages/airflow/example_dags/tutorial.py
[2024-10-19T00:16:07.887+0000] {processor.py:914} INFO - Processing file /home/airflow/.local/lib/python3.12/site-packages/airflow/example_dags/tutorial.py for tasks to queue
[2024-10-19T00:16:07.890+0000] {logging_mixin.py:190} INFO - [2024-10-19T00:16:07.889+0000] {dagbag.py:588} INFO - Filling up the DagBag from /home/airflow/.local/lib/python3.12/site-packages/airflow/example_dags/tutorial.py
[2024-10-19T00:16:07.897+0000] {processor.py:925} INFO - DAG(s) 'tutorial' retrieved from /home/airflow/.local/lib/python3.12/site-packages/airflow/example_dags/tutorial.py
[2024-10-19T00:16:07.914+0000] {logging_mixin.py:190} INFO - [2024-10-19T00:16:07.914+0000] {dag.py:3239} INFO - Sync 1 DAGs
[2024-10-19T00:16:07.934+0000] {logging_mixin.py:190} INFO - [2024-10-19T00:16:07.934+0000] {dag.py:4180} INFO - Setting next_dagrun for tutorial to 2024-10-18 00:00:00+00:00, run_after=2024-10-19 00:00:00+00:00
[2024-10-19T00:16:07.954+0000] {processor.py:208} INFO - Processing /home/airflow/.local/lib/python3.12/site-packages/airflow/example_dags/tutorial.py took 0.074 seconds
[2024-10-19T00:16:38.610+0000] {processor.py:186} INFO - Started process (PID=1520) to work on /home/airflow/.local/lib/python3.12/site-packages/airflow/example_dags/tutorial.py
[2024-10-19T00:16:38.611+0000] {processor.py:914} INFO - Processing file /home/airflow/.local/lib/python3.12/site-packages/airflow/example_dags/tutorial.py for tasks to queue
[2024-10-19T00:16:38.613+0000] {logging_mixin.py:190} INFO - [2024-10-19T00:16:38.613+0000] {dagbag.py:588} INFO - Filling up the DagBag from /home/airflow/.local/lib/python3.12/site-packages/airflow/example_dags/tutorial.py
[2024-10-19T00:16:38.621+0000] {processor.py:925} INFO - DAG(s) 'tutorial' retrieved from /home/airflow/.local/lib/python3.12/site-packages/airflow/example_dags/tutorial.py
[2024-10-19T00:16:38.640+0000] {logging_mixin.py:190} INFO - [2024-10-19T00:16:38.640+0000] {dag.py:3239} INFO - Sync 1 DAGs
[2024-10-19T00:16:38.662+0000] {logging_mixin.py:190} INFO - [2024-10-19T00:16:38.661+0000] {dag.py:4180} INFO - Setting next_dagrun for tutorial to 2024-10-18 00:00:00+00:00, run_after=2024-10-19 00:00:00+00:00
[2024-10-19T00:16:38.684+0000] {processor.py:208} INFO - Processing /home/airflow/.local/lib/python3.12/site-packages/airflow/example_dags/tutorial.py took 0.080 seconds
[2024-10-19T00:17:09.832+0000] {processor.py:186} INFO - Started process (PID=1582) to work on /home/airflow/.local/lib/python3.12/site-packages/airflow/example_dags/tutorial.py
[2024-10-19T00:17:09.833+0000] {processor.py:914} INFO - Processing file /home/airflow/.local/lib/python3.12/site-packages/airflow/example_dags/tutorial.py for tasks to queue
[2024-10-19T00:17:09.836+0000] {logging_mixin.py:190} INFO - [2024-10-19T00:17:09.835+0000] {dagbag.py:588} INFO - Filling up the DagBag from /home/airflow/.local/lib/python3.12/site-packages/airflow/example_dags/tutorial.py
[2024-10-19T00:17:09.844+0000] {processor.py:925} INFO - DAG(s) 'tutorial' retrieved from /home/airflow/.local/lib/python3.12/site-packages/airflow/example_dags/tutorial.py
[2024-10-19T00:17:09.865+0000] {logging_mixin.py:190} INFO - [2024-10-19T00:17:09.865+0000] {dag.py:3239} INFO - Sync 1 DAGs
[2024-10-19T00:17:09.889+0000] {logging_mixin.py:190} INFO - [2024-10-19T00:17:09.889+0000] {dag.py:4180} INFO - Setting next_dagrun for tutorial to 2024-10-18 00:00:00+00:00, run_after=2024-10-19 00:00:00+00:00
[2024-10-19T00:17:09.909+0000] {processor.py:208} INFO - Processing /home/airflow/.local/lib/python3.12/site-packages/airflow/example_dags/tutorial.py took 0.083 seconds
[2024-10-19T00:17:40.564+0000] {processor.py:186} INFO - Started process (PID=1644) to work on /home/airflow/.local/lib/python3.12/site-packages/airflow/example_dags/tutorial.py
[2024-10-19T00:17:40.565+0000] {processor.py:914} INFO - Processing file /home/airflow/.local/lib/python3.12/site-packages/airflow/example_dags/tutorial.py for tasks to queue
[2024-10-19T00:17:40.568+0000] {logging_mixin.py:190} INFO - [2024-10-19T00:17:40.568+0000] {dagbag.py:588} INFO - Filling up the DagBag from /home/airflow/.local/lib/python3.12/site-packages/airflow/example_dags/tutorial.py
[2024-10-19T00:17:40.576+0000] {processor.py:925} INFO - DAG(s) 'tutorial' retrieved from /home/airflow/.local/lib/python3.12/site-packages/airflow/example_dags/tutorial.py
[2024-10-19T00:17:40.597+0000] {logging_mixin.py:190} INFO - [2024-10-19T00:17:40.596+0000] {dag.py:3239} INFO - Sync 1 DAGs
[2024-10-19T00:17:40.618+0000] {logging_mixin.py:190} INFO - [2024-10-19T00:17:40.618+0000] {dag.py:4180} INFO - Setting next_dagrun for tutorial to 2024-10-18 00:00:00+00:00, run_after=2024-10-19 00:00:00+00:00
[2024-10-19T00:17:40.637+0000] {processor.py:208} INFO - Processing /home/airflow/.local/lib/python3.12/site-packages/airflow/example_dags/tutorial.py took 0.079 seconds
[2024-10-19T00:18:11.161+0000] {processor.py:186} INFO - Started process (PID=1706) to work on /home/airflow/.local/lib/python3.12/site-packages/airflow/example_dags/tutorial.py
[2024-10-19T00:18:11.161+0000] {processor.py:914} INFO - Processing file /home/airflow/.local/lib/python3.12/site-packages/airflow/example_dags/tutorial.py for tasks to queue
[2024-10-19T00:18:11.163+0000] {logging_mixin.py:190} INFO - [2024-10-19T00:18:11.163+0000] {dagbag.py:588} INFO - Filling up the DagBag from /home/airflow/.local/lib/python3.12/site-packages/airflow/example_dags/tutorial.py
[2024-10-19T00:18:11.169+0000] {processor.py:925} INFO - DAG(s) 'tutorial' retrieved from /home/airflow/.local/lib/python3.12/site-packages/airflow/example_dags/tutorial.py
[2024-10-19T00:18:11.186+0000] {logging_mixin.py:190} INFO - [2024-10-19T00:18:11.186+0000] {dag.py:3239} INFO - Sync 1 DAGs
[2024-10-19T00:18:11.207+0000] {logging_mixin.py:190} INFO - [2024-10-19T00:18:11.206+0000] {dag.py:4180} INFO - Setting next_dagrun for tutorial to 2024-10-18 00:00:00+00:00, run_after=2024-10-19 00:00:00+00:00
[2024-10-19T00:18:11.226+0000] {processor.py:208} INFO - Processing /home/airflow/.local/lib/python3.12/site-packages/airflow/example_dags/tutorial.py took 0.070 seconds
[2024-10-19T00:18:41.342+0000] {processor.py:186} INFO - Started process (PID=1767) to work on /home/airflow/.local/lib/python3.12/site-packages/airflow/example_dags/tutorial.py
[2024-10-19T00:18:41.344+0000] {processor.py:914} INFO - Processing file /home/airflow/.local/lib/python3.12/site-packages/airflow/example_dags/tutorial.py for tasks to queue
[2024-10-19T00:18:41.346+0000] {logging_mixin.py:190} INFO - [2024-10-19T00:18:41.346+0000] {dagbag.py:588} INFO - Filling up the DagBag from /home/airflow/.local/lib/python3.12/site-packages/airflow/example_dags/tutorial.py
[2024-10-19T00:18:41.353+0000] {processor.py:925} INFO - DAG(s) 'tutorial' retrieved from /home/airflow/.local/lib/python3.12/site-packages/airflow/example_dags/tutorial.py
[2024-10-19T00:18:41.372+0000] {logging_mixin.py:190} INFO - [2024-10-19T00:18:41.372+0000] {dag.py:3239} INFO - Sync 1 DAGs
[2024-10-19T00:18:41.395+0000] {logging_mixin.py:190} INFO - [2024-10-19T00:18:41.395+0000] {dag.py:4180} INFO - Setting next_dagrun for tutorial to 2024-10-18 00:00:00+00:00, run_after=2024-10-19 00:00:00+00:00
[2024-10-19T00:18:41.414+0000] {processor.py:208} INFO - Processing /home/airflow/.local/lib/python3.12/site-packages/airflow/example_dags/tutorial.py took 0.078 seconds
[2024-10-19T00:19:12.479+0000] {processor.py:186} INFO - Started process (PID=1829) to work on /home/airflow/.local/lib/python3.12/site-packages/airflow/example_dags/tutorial.py
[2024-10-19T00:19:12.480+0000] {processor.py:914} INFO - Processing file /home/airflow/.local/lib/python3.12/site-packages/airflow/example_dags/tutorial.py for tasks to queue
[2024-10-19T00:19:12.482+0000] {logging_mixin.py:190} INFO - [2024-10-19T00:19:12.482+0000] {dagbag.py:588} INFO - Filling up the DagBag from /home/airflow/.local/lib/python3.12/site-packages/airflow/example_dags/tutorial.py
[2024-10-19T00:19:12.490+0000] {processor.py:925} INFO - DAG(s) 'tutorial' retrieved from /home/airflow/.local/lib/python3.12/site-packages/airflow/example_dags/tutorial.py
[2024-10-19T00:19:12.508+0000] {logging_mixin.py:190} INFO - [2024-10-19T00:19:12.508+0000] {dag.py:3239} INFO - Sync 1 DAGs
[2024-10-19T00:19:12.530+0000] {logging_mixin.py:190} INFO - [2024-10-19T00:19:12.530+0000] {dag.py:4180} INFO - Setting next_dagrun for tutorial to 2024-10-18 00:00:00+00:00, run_after=2024-10-19 00:00:00+00:00
[2024-10-19T00:19:12.549+0000] {processor.py:208} INFO - Processing /home/airflow/.local/lib/python3.12/site-packages/airflow/example_dags/tutorial.py took 0.076 seconds
[2024-10-19T00:19:42.883+0000] {processor.py:186} INFO - Started process (PID=1891) to work on /home/airflow/.local/lib/python3.12/site-packages/airflow/example_dags/tutorial.py
[2024-10-19T00:19:42.884+0000] {processor.py:914} INFO - Processing file /home/airflow/.local/lib/python3.12/site-packages/airflow/example_dags/tutorial.py for tasks to queue
[2024-10-19T00:19:42.886+0000] {logging_mixin.py:190} INFO - [2024-10-19T00:19:42.886+0000] {dagbag.py:588} INFO - Filling up the DagBag from /home/airflow/.local/lib/python3.12/site-packages/airflow/example_dags/tutorial.py
[2024-10-19T00:19:42.892+0000] {processor.py:925} INFO - DAG(s) 'tutorial' retrieved from /home/airflow/.local/lib/python3.12/site-packages/airflow/example_dags/tutorial.py
[2024-10-19T00:19:42.909+0000] {logging_mixin.py:190} INFO - [2024-10-19T00:19:42.909+0000] {dag.py:3239} INFO - Sync 1 DAGs
[2024-10-19T00:19:42.928+0000] {logging_mixin.py:190} INFO - [2024-10-19T00:19:42.928+0000] {dag.py:4180} INFO - Setting next_dagrun for tutorial to 2024-10-18 00:00:00+00:00, run_after=2024-10-19 00:00:00+00:00
[2024-10-19T00:19:42.948+0000] {processor.py:208} INFO - Processing /home/airflow/.local/lib/python3.12/site-packages/airflow/example_dags/tutorial.py took 0.069 seconds
[2024-10-19T00:20:13.641+0000] {processor.py:186} INFO - Started process (PID=1953) to work on /home/airflow/.local/lib/python3.12/site-packages/airflow/example_dags/tutorial.py
[2024-10-19T00:20:13.642+0000] {processor.py:914} INFO - Processing file /home/airflow/.local/lib/python3.12/site-packages/airflow/example_dags/tutorial.py for tasks to queue
[2024-10-19T00:20:13.644+0000] {logging_mixin.py:190} INFO - [2024-10-19T00:20:13.644+0000] {dagbag.py:588} INFO - Filling up the DagBag from /home/airflow/.local/lib/python3.12/site-packages/airflow/example_dags/tutorial.py
[2024-10-19T00:20:13.651+0000] {processor.py:925} INFO - DAG(s) 'tutorial' retrieved from /home/airflow/.local/lib/python3.12/site-packages/airflow/example_dags/tutorial.py
[2024-10-19T00:20:13.668+0000] {logging_mixin.py:190} INFO - [2024-10-19T00:20:13.668+0000] {dag.py:3239} INFO - Sync 1 DAGs
[2024-10-19T00:20:13.690+0000] {logging_mixin.py:190} INFO - [2024-10-19T00:20:13.690+0000] {dag.py:4180} INFO - Setting next_dagrun for tutorial to 2024-10-18 00:00:00+00:00, run_after=2024-10-19 00:00:00+00:00
[2024-10-19T00:20:13.709+0000] {processor.py:208} INFO - Processing /home/airflow/.local/lib/python3.12/site-packages/airflow/example_dags/tutorial.py took 0.072 seconds
[2024-10-19T00:20:44.398+0000] {processor.py:186} INFO - Started process (PID=2015) to work on /home/airflow/.local/lib/python3.12/site-packages/airflow/example_dags/tutorial.py
[2024-10-19T00:20:44.399+0000] {processor.py:914} INFO - Processing file /home/airflow/.local/lib/python3.12/site-packages/airflow/example_dags/tutorial.py for tasks to queue
[2024-10-19T00:20:44.401+0000] {logging_mixin.py:190} INFO - [2024-10-19T00:20:44.401+0000] {dagbag.py:588} INFO - Filling up the DagBag from /home/airflow/.local/lib/python3.12/site-packages/airflow/example_dags/tutorial.py
[2024-10-19T00:20:44.408+0000] {processor.py:925} INFO - DAG(s) 'tutorial' retrieved from /home/airflow/.local/lib/python3.12/site-packages/airflow/example_dags/tutorial.py
[2024-10-19T00:20:44.429+0000] {logging_mixin.py:190} INFO - [2024-10-19T00:20:44.429+0000] {dag.py:3239} INFO - Sync 1 DAGs
[2024-10-19T00:20:44.453+0000] {logging_mixin.py:190} INFO - [2024-10-19T00:20:44.453+0000] {dag.py:4180} INFO - Setting next_dagrun for tutorial to 2024-10-18 00:00:00+00:00, run_after=2024-10-19 00:00:00+00:00
[2024-10-19T00:20:44.472+0000] {processor.py:208} INFO - Processing /home/airflow/.local/lib/python3.12/site-packages/airflow/example_dags/tutorial.py took 0.080 seconds
[2024-10-19T00:21:15.584+0000] {processor.py:186} INFO - Started process (PID=2077) to work on /home/airflow/.local/lib/python3.12/site-packages/airflow/example_dags/tutorial.py
[2024-10-19T00:21:15.585+0000] {processor.py:914} INFO - Processing file /home/airflow/.local/lib/python3.12/site-packages/airflow/example_dags/tutorial.py for tasks to queue
[2024-10-19T00:21:15.588+0000] {logging_mixin.py:190} INFO - [2024-10-19T00:21:15.588+0000] {dagbag.py:588} INFO - Filling up the DagBag from /home/airflow/.local/lib/python3.12/site-packages/airflow/example_dags/tutorial.py
[2024-10-19T00:21:15.597+0000] {processor.py:925} INFO - DAG(s) 'tutorial' retrieved from /home/airflow/.local/lib/python3.12/site-packages/airflow/example_dags/tutorial.py
[2024-10-19T00:21:15.617+0000] {logging_mixin.py:190} INFO - [2024-10-19T00:21:15.617+0000] {dag.py:3239} INFO - Sync 1 DAGs
[2024-10-19T00:21:15.642+0000] {logging_mixin.py:190} INFO - [2024-10-19T00:21:15.641+0000] {dag.py:4180} INFO - Setting next_dagrun for tutorial to 2024-10-18 00:00:00+00:00, run_after=2024-10-19 00:00:00+00:00
[2024-10-19T00:21:15.663+0000] {processor.py:208} INFO - Processing /home/airflow/.local/lib/python3.12/site-packages/airflow/example_dags/tutorial.py took 0.085 seconds
[2024-10-19T00:21:46.661+0000] {processor.py:186} INFO - Started process (PID=2140) to work on /home/airflow/.local/lib/python3.12/site-packages/airflow/example_dags/tutorial.py
[2024-10-19T00:21:46.662+0000] {processor.py:914} INFO - Processing file /home/airflow/.local/lib/python3.12/site-packages/airflow/example_dags/tutorial.py for tasks to queue
[2024-10-19T00:21:46.665+0000] {logging_mixin.py:190} INFO - [2024-10-19T00:21:46.664+0000] {dagbag.py:588} INFO - Filling up the DagBag from /home/airflow/.local/lib/python3.12/site-packages/airflow/example_dags/tutorial.py
[2024-10-19T00:21:46.672+0000] {processor.py:925} INFO - DAG(s) 'tutorial' retrieved from /home/airflow/.local/lib/python3.12/site-packages/airflow/example_dags/tutorial.py
[2024-10-19T00:21:46.689+0000] {logging_mixin.py:190} INFO - [2024-10-19T00:21:46.689+0000] {dag.py:3239} INFO - Sync 1 DAGs
[2024-10-19T00:21:46.709+0000] {logging_mixin.py:190} INFO - [2024-10-19T00:21:46.709+0000] {dag.py:4180} INFO - Setting next_dagrun for tutorial to 2024-10-18 00:00:00+00:00, run_after=2024-10-19 00:00:00+00:00
[2024-10-19T00:21:46.730+0000] {processor.py:208} INFO - Processing /home/airflow/.local/lib/python3.12/site-packages/airflow/example_dags/tutorial.py took 0.075 seconds
[2024-10-19T00:22:17.371+0000] {processor.py:186} INFO - Started process (PID=2202) to work on /home/airflow/.local/lib/python3.12/site-packages/airflow/example_dags/tutorial.py
[2024-10-19T00:22:17.372+0000] {processor.py:914} INFO - Processing file /home/airflow/.local/lib/python3.12/site-packages/airflow/example_dags/tutorial.py for tasks to queue
[2024-10-19T00:22:17.374+0000] {logging_mixin.py:190} INFO - [2024-10-19T00:22:17.374+0000] {dagbag.py:588} INFO - Filling up the DagBag from /home/airflow/.local/lib/python3.12/site-packages/airflow/example_dags/tutorial.py
[2024-10-19T00:22:17.380+0000] {processor.py:925} INFO - DAG(s) 'tutorial' retrieved from /home/airflow/.local/lib/python3.12/site-packages/airflow/example_dags/tutorial.py
[2024-10-19T00:22:17.398+0000] {logging_mixin.py:190} INFO - [2024-10-19T00:22:17.398+0000] {dag.py:3239} INFO - Sync 1 DAGs
[2024-10-19T00:22:17.417+0000] {logging_mixin.py:190} INFO - [2024-10-19T00:22:17.417+0000] {dag.py:4180} INFO - Setting next_dagrun for tutorial to 2024-10-18 00:00:00+00:00, run_after=2024-10-19 00:00:00+00:00
[2024-10-19T00:22:17.436+0000] {processor.py:208} INFO - Processing /home/airflow/.local/lib/python3.12/site-packages/airflow/example_dags/tutorial.py took 0.070 seconds
[2024-10-19T00:22:47.894+0000] {processor.py:186} INFO - Started process (PID=2265) to work on /home/airflow/.local/lib/python3.12/site-packages/airflow/example_dags/tutorial.py
[2024-10-19T00:22:47.895+0000] {processor.py:914} INFO - Processing file /home/airflow/.local/lib/python3.12/site-packages/airflow/example_dags/tutorial.py for tasks to queue
[2024-10-19T00:22:47.897+0000] {logging_mixin.py:190} INFO - [2024-10-19T00:22:47.897+0000] {dagbag.py:588} INFO - Filling up the DagBag from /home/airflow/.local/lib/python3.12/site-packages/airflow/example_dags/tutorial.py
[2024-10-19T00:22:47.904+0000] {processor.py:925} INFO - DAG(s) 'tutorial' retrieved from /home/airflow/.local/lib/python3.12/site-packages/airflow/example_dags/tutorial.py
[2024-10-19T00:22:47.919+0000] {logging_mixin.py:190} INFO - [2024-10-19T00:22:47.919+0000] {dag.py:3239} INFO - Sync 1 DAGs
[2024-10-19T00:22:47.937+0000] {logging_mixin.py:190} INFO - [2024-10-19T00:22:47.937+0000] {dag.py:4180} INFO - Setting next_dagrun for tutorial to 2024-10-18 00:00:00+00:00, run_after=2024-10-19 00:00:00+00:00
[2024-10-19T00:22:47.954+0000] {processor.py:208} INFO - Processing /home/airflow/.local/lib/python3.12/site-packages/airflow/example_dags/tutorial.py took 0.065 seconds
[2024-10-19T00:23:18.224+0000] {processor.py:186} INFO - Started process (PID=2327) to work on /home/airflow/.local/lib/python3.12/site-packages/airflow/example_dags/tutorial.py
[2024-10-19T00:23:18.225+0000] {processor.py:914} INFO - Processing file /home/airflow/.local/lib/python3.12/site-packages/airflow/example_dags/tutorial.py for tasks to queue
[2024-10-19T00:23:18.227+0000] {logging_mixin.py:190} INFO - [2024-10-19T00:23:18.227+0000] {dagbag.py:588} INFO - Filling up the DagBag from /home/airflow/.local/lib/python3.12/site-packages/airflow/example_dags/tutorial.py
[2024-10-19T00:23:18.233+0000] {processor.py:925} INFO - DAG(s) 'tutorial' retrieved from /home/airflow/.local/lib/python3.12/site-packages/airflow/example_dags/tutorial.py
[2024-10-19T00:23:18.250+0000] {logging_mixin.py:190} INFO - [2024-10-19T00:23:18.249+0000] {dag.py:3239} INFO - Sync 1 DAGs
[2024-10-19T00:23:18.267+0000] {logging_mixin.py:190} INFO - [2024-10-19T00:23:18.267+0000] {dag.py:4180} INFO - Setting next_dagrun for tutorial to 2024-10-18 00:00:00+00:00, run_after=2024-10-19 00:00:00+00:00
[2024-10-19T00:23:18.283+0000] {processor.py:208} INFO - Processing /home/airflow/.local/lib/python3.12/site-packages/airflow/example_dags/tutorial.py took 0.063 seconds
[2024-10-19T00:23:48.847+0000] {processor.py:186} INFO - Started process (PID=2389) to work on /home/airflow/.local/lib/python3.12/site-packages/airflow/example_dags/tutorial.py
[2024-10-19T00:23:48.847+0000] {processor.py:914} INFO - Processing file /home/airflow/.local/lib/python3.12/site-packages/airflow/example_dags/tutorial.py for tasks to queue
[2024-10-19T00:23:48.849+0000] {logging_mixin.py:190} INFO - [2024-10-19T00:23:48.849+0000] {dagbag.py:588} INFO - Filling up the DagBag from /home/airflow/.local/lib/python3.12/site-packages/airflow/example_dags/tutorial.py
[2024-10-19T00:23:48.855+0000] {processor.py:925} INFO - DAG(s) 'tutorial' retrieved from /home/airflow/.local/lib/python3.12/site-packages/airflow/example_dags/tutorial.py
[2024-10-19T00:23:48.870+0000] {logging_mixin.py:190} INFO - [2024-10-19T00:23:48.870+0000] {dag.py:3239} INFO - Sync 1 DAGs
[2024-10-19T00:23:48.887+0000] {logging_mixin.py:190} INFO - [2024-10-19T00:23:48.887+0000] {dag.py:4180} INFO - Setting next_dagrun for tutorial to 2024-10-18 00:00:00+00:00, run_after=2024-10-19 00:00:00+00:00
[2024-10-19T00:23:48.904+0000] {processor.py:208} INFO - Processing /home/airflow/.local/lib/python3.12/site-packages/airflow/example_dags/tutorial.py took 0.062 seconds
[2024-10-19T00:24:19.434+0000] {processor.py:186} INFO - Started process (PID=2451) to work on /home/airflow/.local/lib/python3.12/site-packages/airflow/example_dags/tutorial.py
[2024-10-19T00:24:19.435+0000] {processor.py:914} INFO - Processing file /home/airflow/.local/lib/python3.12/site-packages/airflow/example_dags/tutorial.py for tasks to queue
[2024-10-19T00:24:19.437+0000] {logging_mixin.py:190} INFO - [2024-10-19T00:24:19.437+0000] {dagbag.py:588} INFO - Filling up the DagBag from /home/airflow/.local/lib/python3.12/site-packages/airflow/example_dags/tutorial.py
[2024-10-19T00:24:19.445+0000] {processor.py:925} INFO - DAG(s) 'tutorial' retrieved from /home/airflow/.local/lib/python3.12/site-packages/airflow/example_dags/tutorial.py
[2024-10-19T00:24:19.461+0000] {logging_mixin.py:190} INFO - [2024-10-19T00:24:19.461+0000] {dag.py:3239} INFO - Sync 1 DAGs
[2024-10-19T00:24:19.481+0000] {logging_mixin.py:190} INFO - [2024-10-19T00:24:19.480+0000] {dag.py:4180} INFO - Setting next_dagrun for tutorial to 2024-10-18 00:00:00+00:00, run_after=2024-10-19 00:00:00+00:00
[2024-10-19T00:24:19.498+0000] {processor.py:208} INFO - Processing /home/airflow/.local/lib/python3.12/site-packages/airflow/example_dags/tutorial.py took 0.070 seconds
[2024-10-19T00:24:50.014+0000] {processor.py:186} INFO - Started process (PID=2513) to work on /home/airflow/.local/lib/python3.12/site-packages/airflow/example_dags/tutorial.py
[2024-10-19T00:24:50.016+0000] {processor.py:914} INFO - Processing file /home/airflow/.local/lib/python3.12/site-packages/airflow/example_dags/tutorial.py for tasks to queue
[2024-10-19T00:24:50.018+0000] {logging_mixin.py:190} INFO - [2024-10-19T00:24:50.018+0000] {dagbag.py:588} INFO - Filling up the DagBag from /home/airflow/.local/lib/python3.12/site-packages/airflow/example_dags/tutorial.py
[2024-10-19T00:24:50.025+0000] {processor.py:925} INFO - DAG(s) 'tutorial' retrieved from /home/airflow/.local/lib/python3.12/site-packages/airflow/example_dags/tutorial.py
[2024-10-19T00:24:50.041+0000] {logging_mixin.py:190} INFO - [2024-10-19T00:24:50.041+0000] {dag.py:3239} INFO - Sync 1 DAGs
[2024-10-19T00:24:50.060+0000] {logging_mixin.py:190} INFO - [2024-10-19T00:24:50.060+0000] {dag.py:4180} INFO - Setting next_dagrun for tutorial to 2024-10-18 00:00:00+00:00, run_after=2024-10-19 00:00:00+00:00
[2024-10-19T00:24:50.077+0000] {processor.py:208} INFO - Processing /home/airflow/.local/lib/python3.12/site-packages/airflow/example_dags/tutorial.py took 0.069 seconds
[2024-10-19T00:25:20.925+0000] {processor.py:186} INFO - Started process (PID=2574) to work on /home/airflow/.local/lib/python3.12/site-packages/airflow/example_dags/tutorial.py
[2024-10-19T00:25:20.926+0000] {processor.py:914} INFO - Processing file /home/airflow/.local/lib/python3.12/site-packages/airflow/example_dags/tutorial.py for tasks to queue
[2024-10-19T00:25:20.929+0000] {logging_mixin.py:190} INFO - [2024-10-19T00:25:20.929+0000] {dagbag.py:588} INFO - Filling up the DagBag from /home/airflow/.local/lib/python3.12/site-packages/airflow/example_dags/tutorial.py
[2024-10-19T00:25:20.938+0000] {processor.py:925} INFO - DAG(s) 'tutorial' retrieved from /home/airflow/.local/lib/python3.12/site-packages/airflow/example_dags/tutorial.py
[2024-10-19T00:25:20.959+0000] {logging_mixin.py:190} INFO - [2024-10-19T00:25:20.959+0000] {dag.py:3239} INFO - Sync 1 DAGs
[2024-10-19T00:25:21.016+0000] {logging_mixin.py:190} INFO - [2024-10-19T00:25:21.016+0000] {dag.py:4180} INFO - Setting next_dagrun for tutorial to 2024-10-18 00:00:00+00:00, run_after=2024-10-19 00:00:00+00:00
[2024-10-19T00:25:21.047+0000] {processor.py:208} INFO - Processing /home/airflow/.local/lib/python3.12/site-packages/airflow/example_dags/tutorial.py took 0.127 seconds
[2024-10-19T00:25:52.031+0000] {processor.py:186} INFO - Started process (PID=2636) to work on /home/airflow/.local/lib/python3.12/site-packages/airflow/example_dags/tutorial.py
[2024-10-19T00:25:52.033+0000] {processor.py:914} INFO - Processing file /home/airflow/.local/lib/python3.12/site-packages/airflow/example_dags/tutorial.py for tasks to queue
[2024-10-19T00:25:52.041+0000] {logging_mixin.py:190} INFO - [2024-10-19T00:25:52.036+0000] {dagbag.py:588} INFO - Filling up the DagBag from /home/airflow/.local/lib/python3.12/site-packages/airflow/example_dags/tutorial.py
[2024-10-19T00:25:52.051+0000] {processor.py:925} INFO - DAG(s) 'tutorial' retrieved from /home/airflow/.local/lib/python3.12/site-packages/airflow/example_dags/tutorial.py
[2024-10-19T00:25:52.079+0000] {logging_mixin.py:190} INFO - [2024-10-19T00:25:52.078+0000] {dag.py:3239} INFO - Sync 1 DAGs
[2024-10-19T00:25:52.105+0000] {logging_mixin.py:190} INFO - [2024-10-19T00:25:52.105+0000] {dag.py:4180} INFO - Setting next_dagrun for tutorial to 2024-10-18 00:00:00+00:00, run_after=2024-10-19 00:00:00+00:00
[2024-10-19T00:25:52.138+0000] {processor.py:208} INFO - Processing /home/airflow/.local/lib/python3.12/site-packages/airflow/example_dags/tutorial.py took 0.112 seconds
[2024-10-19T00:26:22.193+0000] {processor.py:186} INFO - Started process (PID=2703) to work on /home/airflow/.local/lib/python3.12/site-packages/airflow/example_dags/tutorial.py
[2024-10-19T00:26:22.195+0000] {processor.py:914} INFO - Processing file /home/airflow/.local/lib/python3.12/site-packages/airflow/example_dags/tutorial.py for tasks to queue
[2024-10-19T00:26:22.198+0000] {logging_mixin.py:190} INFO - [2024-10-19T00:26:22.198+0000] {dagbag.py:588} INFO - Filling up the DagBag from /home/airflow/.local/lib/python3.12/site-packages/airflow/example_dags/tutorial.py
[2024-10-19T00:26:22.209+0000] {processor.py:925} INFO - DAG(s) 'tutorial' retrieved from /home/airflow/.local/lib/python3.12/site-packages/airflow/example_dags/tutorial.py
[2024-10-19T00:26:22.244+0000] {logging_mixin.py:190} INFO - [2024-10-19T00:26:22.243+0000] {dag.py:3239} INFO - Sync 1 DAGs
[2024-10-19T00:26:22.273+0000] {logging_mixin.py:190} INFO - [2024-10-19T00:26:22.273+0000] {dag.py:4180} INFO - Setting next_dagrun for tutorial to 2024-10-18 00:00:00+00:00, run_after=2024-10-19 00:00:00+00:00
[2024-10-19T00:26:22.293+0000] {processor.py:208} INFO - Processing /home/airflow/.local/lib/python3.12/site-packages/airflow/example_dags/tutorial.py took 0.109 seconds
[2024-10-19T00:26:53.007+0000] {processor.py:186} INFO - Started process (PID=2765) to work on /home/airflow/.local/lib/python3.12/site-packages/airflow/example_dags/tutorial.py
[2024-10-19T00:26:53.008+0000] {processor.py:914} INFO - Processing file /home/airflow/.local/lib/python3.12/site-packages/airflow/example_dags/tutorial.py for tasks to queue
[2024-10-19T00:26:53.012+0000] {logging_mixin.py:190} INFO - [2024-10-19T00:26:53.011+0000] {dagbag.py:588} INFO - Filling up the DagBag from /home/airflow/.local/lib/python3.12/site-packages/airflow/example_dags/tutorial.py
[2024-10-19T00:26:53.024+0000] {processor.py:925} INFO - DAG(s) 'tutorial' retrieved from /home/airflow/.local/lib/python3.12/site-packages/airflow/example_dags/tutorial.py
[2024-10-19T00:26:53.049+0000] {logging_mixin.py:190} INFO - [2024-10-19T00:26:53.048+0000] {dag.py:3239} INFO - Sync 1 DAGs
[2024-10-19T00:26:53.079+0000] {logging_mixin.py:190} INFO - [2024-10-19T00:26:53.078+0000] {dag.py:4180} INFO - Setting next_dagrun for tutorial to 2024-10-18 00:00:00+00:00, run_after=2024-10-19 00:00:00+00:00
[2024-10-19T00:26:53.106+0000] {processor.py:208} INFO - Processing /home/airflow/.local/lib/python3.12/site-packages/airflow/example_dags/tutorial.py took 0.110 seconds
[2024-10-19T00:27:23.794+0000] {processor.py:186} INFO - Started process (PID=2826) to work on /home/airflow/.local/lib/python3.12/site-packages/airflow/example_dags/tutorial.py
[2024-10-19T00:27:23.795+0000] {processor.py:914} INFO - Processing file /home/airflow/.local/lib/python3.12/site-packages/airflow/example_dags/tutorial.py for tasks to queue
[2024-10-19T00:27:23.796+0000] {logging_mixin.py:190} INFO - [2024-10-19T00:27:23.796+0000] {dagbag.py:588} INFO - Filling up the DagBag from /home/airflow/.local/lib/python3.12/site-packages/airflow/example_dags/tutorial.py
[2024-10-19T00:27:23.803+0000] {processor.py:925} INFO - DAG(s) 'tutorial' retrieved from /home/airflow/.local/lib/python3.12/site-packages/airflow/example_dags/tutorial.py
[2024-10-19T00:27:23.819+0000] {logging_mixin.py:190} INFO - [2024-10-19T00:27:23.819+0000] {dag.py:3239} INFO - Sync 1 DAGs
[2024-10-19T00:27:23.837+0000] {logging_mixin.py:190} INFO - [2024-10-19T00:27:23.836+0000] {dag.py:4180} INFO - Setting next_dagrun for tutorial to 2024-10-18 00:00:00+00:00, run_after=2024-10-19 00:00:00+00:00
[2024-10-19T00:27:23.855+0000] {processor.py:208} INFO - Processing /home/airflow/.local/lib/python3.12/site-packages/airflow/example_dags/tutorial.py took 0.066 seconds
[2024-10-19T00:27:54.994+0000] {processor.py:186} INFO - Started process (PID=2888) to work on /home/airflow/.local/lib/python3.12/site-packages/airflow/example_dags/tutorial.py
[2024-10-19T00:27:54.995+0000] {processor.py:914} INFO - Processing file /home/airflow/.local/lib/python3.12/site-packages/airflow/example_dags/tutorial.py for tasks to queue
[2024-10-19T00:27:54.997+0000] {logging_mixin.py:190} INFO - [2024-10-19T00:27:54.996+0000] {dagbag.py:588} INFO - Filling up the DagBag from /home/airflow/.local/lib/python3.12/site-packages/airflow/example_dags/tutorial.py
[2024-10-19T00:27:55.004+0000] {processor.py:925} INFO - DAG(s) 'tutorial' retrieved from /home/airflow/.local/lib/python3.12/site-packages/airflow/example_dags/tutorial.py
[2024-10-19T00:27:55.156+0000] {logging_mixin.py:190} INFO - [2024-10-19T00:27:55.156+0000] {dag.py:3239} INFO - Sync 1 DAGs
[2024-10-19T00:27:55.172+0000] {logging_mixin.py:190} INFO - [2024-10-19T00:27:55.171+0000] {dag.py:4180} INFO - Setting next_dagrun for tutorial to 2024-10-18 00:00:00+00:00, run_after=2024-10-19 00:00:00+00:00
[2024-10-19T00:27:55.187+0000] {processor.py:208} INFO - Processing /home/airflow/.local/lib/python3.12/site-packages/airflow/example_dags/tutorial.py took 0.199 seconds
[2024-10-19T00:28:25.597+0000] {processor.py:186} INFO - Started process (PID=2950) to work on /home/airflow/.local/lib/python3.12/site-packages/airflow/example_dags/tutorial.py
[2024-10-19T00:28:25.598+0000] {processor.py:914} INFO - Processing file /home/airflow/.local/lib/python3.12/site-packages/airflow/example_dags/tutorial.py for tasks to queue
[2024-10-19T00:28:25.600+0000] {logging_mixin.py:190} INFO - [2024-10-19T00:28:25.600+0000] {dagbag.py:588} INFO - Filling up the DagBag from /home/airflow/.local/lib/python3.12/site-packages/airflow/example_dags/tutorial.py
[2024-10-19T00:28:25.606+0000] {processor.py:925} INFO - DAG(s) 'tutorial' retrieved from /home/airflow/.local/lib/python3.12/site-packages/airflow/example_dags/tutorial.py
[2024-10-19T00:28:25.621+0000] {logging_mixin.py:190} INFO - [2024-10-19T00:28:25.621+0000] {dag.py:3239} INFO - Sync 1 DAGs
[2024-10-19T00:28:25.639+0000] {logging_mixin.py:190} INFO - [2024-10-19T00:28:25.639+0000] {dag.py:4180} INFO - Setting next_dagrun for tutorial to 2024-10-18 00:00:00+00:00, run_after=2024-10-19 00:00:00+00:00
[2024-10-19T00:28:25.656+0000] {processor.py:208} INFO - Processing /home/airflow/.local/lib/python3.12/site-packages/airflow/example_dags/tutorial.py took 0.064 seconds
[2024-10-19T00:28:56.440+0000] {processor.py:186} INFO - Started process (PID=3012) to work on /home/airflow/.local/lib/python3.12/site-packages/airflow/example_dags/tutorial.py
[2024-10-19T00:28:56.441+0000] {processor.py:914} INFO - Processing file /home/airflow/.local/lib/python3.12/site-packages/airflow/example_dags/tutorial.py for tasks to queue
[2024-10-19T00:28:56.443+0000] {logging_mixin.py:190} INFO - [2024-10-19T00:28:56.443+0000] {dagbag.py:588} INFO - Filling up the DagBag from /home/airflow/.local/lib/python3.12/site-packages/airflow/example_dags/tutorial.py
[2024-10-19T00:28:56.450+0000] {processor.py:925} INFO - DAG(s) 'tutorial' retrieved from /home/airflow/.local/lib/python3.12/site-packages/airflow/example_dags/tutorial.py
[2024-10-19T00:28:56.467+0000] {logging_mixin.py:190} INFO - [2024-10-19T00:28:56.467+0000] {dag.py:3239} INFO - Sync 1 DAGs
[2024-10-19T00:28:56.487+0000] {logging_mixin.py:190} INFO - [2024-10-19T00:28:56.487+0000] {dag.py:4180} INFO - Setting next_dagrun for tutorial to 2024-10-18 00:00:00+00:00, run_after=2024-10-19 00:00:00+00:00
[2024-10-19T00:28:56.506+0000] {processor.py:208} INFO - Processing /home/airflow/.local/lib/python3.12/site-packages/airflow/example_dags/tutorial.py took 0.070 seconds
[2024-10-19T00:29:27.183+0000] {processor.py:186} INFO - Started process (PID=3075) to work on /home/airflow/.local/lib/python3.12/site-packages/airflow/example_dags/tutorial.py
[2024-10-19T00:29:27.184+0000] {processor.py:914} INFO - Processing file /home/airflow/.local/lib/python3.12/site-packages/airflow/example_dags/tutorial.py for tasks to queue
[2024-10-19T00:29:27.186+0000] {logging_mixin.py:190} INFO - [2024-10-19T00:29:27.186+0000] {dagbag.py:588} INFO - Filling up the DagBag from /home/airflow/.local/lib/python3.12/site-packages/airflow/example_dags/tutorial.py
[2024-10-19T00:29:27.193+0000] {processor.py:925} INFO - DAG(s) 'tutorial' retrieved from /home/airflow/.local/lib/python3.12/site-packages/airflow/example_dags/tutorial.py
[2024-10-19T00:29:27.209+0000] {logging_mixin.py:190} INFO - [2024-10-19T00:29:27.208+0000] {dag.py:3239} INFO - Sync 1 DAGs
[2024-10-19T00:29:27.228+0000] {logging_mixin.py:190} INFO - [2024-10-19T00:29:27.228+0000] {dag.py:4180} INFO - Setting next_dagrun for tutorial to 2024-10-18 00:00:00+00:00, run_after=2024-10-19 00:00:00+00:00
[2024-10-19T00:29:27.246+0000] {processor.py:208} INFO - Processing /home/airflow/.local/lib/python3.12/site-packages/airflow/example_dags/tutorial.py took 0.067 seconds
[2024-10-19T00:29:57.621+0000] {processor.py:186} INFO - Started process (PID=3137) to work on /home/airflow/.local/lib/python3.12/site-packages/airflow/example_dags/tutorial.py
[2024-10-19T00:29:57.622+0000] {processor.py:914} INFO - Processing file /home/airflow/.local/lib/python3.12/site-packages/airflow/example_dags/tutorial.py for tasks to queue
[2024-10-19T00:29:57.624+0000] {logging_mixin.py:190} INFO - [2024-10-19T00:29:57.624+0000] {dagbag.py:588} INFO - Filling up the DagBag from /home/airflow/.local/lib/python3.12/site-packages/airflow/example_dags/tutorial.py
[2024-10-19T00:29:57.631+0000] {processor.py:925} INFO - DAG(s) 'tutorial' retrieved from /home/airflow/.local/lib/python3.12/site-packages/airflow/example_dags/tutorial.py
[2024-10-19T00:29:57.647+0000] {logging_mixin.py:190} INFO - [2024-10-19T00:29:57.647+0000] {dag.py:3239} INFO - Sync 1 DAGs
[2024-10-19T00:29:57.665+0000] {logging_mixin.py:190} INFO - [2024-10-19T00:29:57.665+0000] {dag.py:4180} INFO - Setting next_dagrun for tutorial to 2024-10-18 00:00:00+00:00, run_after=2024-10-19 00:00:00+00:00
[2024-10-19T00:29:57.681+0000] {processor.py:208} INFO - Processing /home/airflow/.local/lib/python3.12/site-packages/airflow/example_dags/tutorial.py took 0.064 seconds
[2024-10-19T00:30:27.909+0000] {processor.py:186} INFO - Started process (PID=3199) to work on /home/airflow/.local/lib/python3.12/site-packages/airflow/example_dags/tutorial.py
[2024-10-19T00:30:27.911+0000] {processor.py:914} INFO - Processing file /home/airflow/.local/lib/python3.12/site-packages/airflow/example_dags/tutorial.py for tasks to queue
[2024-10-19T00:30:27.912+0000] {logging_mixin.py:190} INFO - [2024-10-19T00:30:27.912+0000] {dagbag.py:588} INFO - Filling up the DagBag from /home/airflow/.local/lib/python3.12/site-packages/airflow/example_dags/tutorial.py
[2024-10-19T00:30:27.918+0000] {processor.py:925} INFO - DAG(s) 'tutorial' retrieved from /home/airflow/.local/lib/python3.12/site-packages/airflow/example_dags/tutorial.py
[2024-10-19T00:30:27.937+0000] {logging_mixin.py:190} INFO - [2024-10-19T00:30:27.937+0000] {dag.py:3239} INFO - Sync 1 DAGs
[2024-10-19T00:30:27.955+0000] {logging_mixin.py:190} INFO - [2024-10-19T00:30:27.955+0000] {dag.py:4180} INFO - Setting next_dagrun for tutorial to 2024-10-18 00:00:00+00:00, run_after=2024-10-19 00:00:00+00:00
[2024-10-19T00:30:27.974+0000] {processor.py:208} INFO - Processing /home/airflow/.local/lib/python3.12/site-packages/airflow/example_dags/tutorial.py took 0.070 seconds
[2024-10-19T00:30:58.358+0000] {processor.py:186} INFO - Started process (PID=3261) to work on /home/airflow/.local/lib/python3.12/site-packages/airflow/example_dags/tutorial.py
[2024-10-19T00:30:58.359+0000] {processor.py:914} INFO - Processing file /home/airflow/.local/lib/python3.12/site-packages/airflow/example_dags/tutorial.py for tasks to queue
[2024-10-19T00:30:58.361+0000] {logging_mixin.py:190} INFO - [2024-10-19T00:30:58.361+0000] {dagbag.py:588} INFO - Filling up the DagBag from /home/airflow/.local/lib/python3.12/site-packages/airflow/example_dags/tutorial.py
[2024-10-19T00:30:58.367+0000] {processor.py:925} INFO - DAG(s) 'tutorial' retrieved from /home/airflow/.local/lib/python3.12/site-packages/airflow/example_dags/tutorial.py
[2024-10-19T00:30:58.387+0000] {logging_mixin.py:190} INFO - [2024-10-19T00:30:58.386+0000] {dag.py:3239} INFO - Sync 1 DAGs
[2024-10-19T00:30:58.405+0000] {logging_mixin.py:190} INFO - [2024-10-19T00:30:58.405+0000] {dag.py:4180} INFO - Setting next_dagrun for tutorial to 2024-10-18 00:00:00+00:00, run_after=2024-10-19 00:00:00+00:00
[2024-10-19T00:30:58.423+0000] {processor.py:208} INFO - Processing /home/airflow/.local/lib/python3.12/site-packages/airflow/example_dags/tutorial.py took 0.069 seconds
[2024-10-19T00:31:28.760+0000] {processor.py:186} INFO - Started process (PID=3323) to work on /home/airflow/.local/lib/python3.12/site-packages/airflow/example_dags/tutorial.py
[2024-10-19T00:31:28.761+0000] {processor.py:914} INFO - Processing file /home/airflow/.local/lib/python3.12/site-packages/airflow/example_dags/tutorial.py for tasks to queue
[2024-10-19T00:31:28.763+0000] {logging_mixin.py:190} INFO - [2024-10-19T00:31:28.763+0000] {dagbag.py:588} INFO - Filling up the DagBag from /home/airflow/.local/lib/python3.12/site-packages/airflow/example_dags/tutorial.py
[2024-10-19T00:31:28.769+0000] {processor.py:925} INFO - DAG(s) 'tutorial' retrieved from /home/airflow/.local/lib/python3.12/site-packages/airflow/example_dags/tutorial.py
[2024-10-19T00:31:28.785+0000] {logging_mixin.py:190} INFO - [2024-10-19T00:31:28.785+0000] {dag.py:3239} INFO - Sync 1 DAGs
[2024-10-19T00:31:28.802+0000] {logging_mixin.py:190} INFO - [2024-10-19T00:31:28.802+0000] {dag.py:4180} INFO - Setting next_dagrun for tutorial to 2024-10-18 00:00:00+00:00, run_after=2024-10-19 00:00:00+00:00
[2024-10-19T00:31:28.820+0000] {processor.py:208} INFO - Processing /home/airflow/.local/lib/python3.12/site-packages/airflow/example_dags/tutorial.py took 0.064 seconds
[2024-10-19T00:31:59.259+0000] {processor.py:186} INFO - Started process (PID=3385) to work on /home/airflow/.local/lib/python3.12/site-packages/airflow/example_dags/tutorial.py
[2024-10-19T00:31:59.260+0000] {processor.py:914} INFO - Processing file /home/airflow/.local/lib/python3.12/site-packages/airflow/example_dags/tutorial.py for tasks to queue
[2024-10-19T00:31:59.262+0000] {logging_mixin.py:190} INFO - [2024-10-19T00:31:59.262+0000] {dagbag.py:588} INFO - Filling up the DagBag from /home/airflow/.local/lib/python3.12/site-packages/airflow/example_dags/tutorial.py
[2024-10-19T00:31:59.269+0000] {processor.py:925} INFO - DAG(s) 'tutorial' retrieved from /home/airflow/.local/lib/python3.12/site-packages/airflow/example_dags/tutorial.py
[2024-10-19T00:31:59.286+0000] {logging_mixin.py:190} INFO - [2024-10-19T00:31:59.286+0000] {dag.py:3239} INFO - Sync 1 DAGs
[2024-10-19T00:31:59.304+0000] {logging_mixin.py:190} INFO - [2024-10-19T00:31:59.304+0000] {dag.py:4180} INFO - Setting next_dagrun for tutorial to 2024-10-18 00:00:00+00:00, run_after=2024-10-19 00:00:00+00:00
[2024-10-19T00:31:59.320+0000] {processor.py:208} INFO - Processing /home/airflow/.local/lib/python3.12/site-packages/airflow/example_dags/tutorial.py took 0.066 seconds
[2024-10-19T00:32:29.668+0000] {processor.py:186} INFO - Started process (PID=3447) to work on /home/airflow/.local/lib/python3.12/site-packages/airflow/example_dags/tutorial.py
[2024-10-19T00:32:29.670+0000] {processor.py:914} INFO - Processing file /home/airflow/.local/lib/python3.12/site-packages/airflow/example_dags/tutorial.py for tasks to queue
[2024-10-19T00:32:29.672+0000] {logging_mixin.py:190} INFO - [2024-10-19T00:32:29.672+0000] {dagbag.py:588} INFO - Filling up the DagBag from /home/airflow/.local/lib/python3.12/site-packages/airflow/example_dags/tutorial.py
[2024-10-19T00:32:29.678+0000] {processor.py:925} INFO - DAG(s) 'tutorial' retrieved from /home/airflow/.local/lib/python3.12/site-packages/airflow/example_dags/tutorial.py
[2024-10-19T00:32:29.696+0000] {logging_mixin.py:190} INFO - [2024-10-19T00:32:29.696+0000] {dag.py:3239} INFO - Sync 1 DAGs
[2024-10-19T00:32:29.715+0000] {logging_mixin.py:190} INFO - [2024-10-19T00:32:29.715+0000] {dag.py:4180} INFO - Setting next_dagrun for tutorial to 2024-10-18 00:00:00+00:00, run_after=2024-10-19 00:00:00+00:00
[2024-10-19T00:32:29.735+0000] {processor.py:208} INFO - Processing /home/airflow/.local/lib/python3.12/site-packages/airflow/example_dags/tutorial.py took 0.071 seconds
[2024-10-19T00:33:00.028+0000] {processor.py:186} INFO - Started process (PID=3510) to work on /home/airflow/.local/lib/python3.12/site-packages/airflow/example_dags/tutorial.py
[2024-10-19T00:33:00.029+0000] {processor.py:914} INFO - Processing file /home/airflow/.local/lib/python3.12/site-packages/airflow/example_dags/tutorial.py for tasks to queue
[2024-10-19T00:33:00.031+0000] {logging_mixin.py:190} INFO - [2024-10-19T00:33:00.030+0000] {dagbag.py:588} INFO - Filling up the DagBag from /home/airflow/.local/lib/python3.12/site-packages/airflow/example_dags/tutorial.py
[2024-10-19T00:33:00.037+0000] {processor.py:925} INFO - DAG(s) 'tutorial' retrieved from /home/airflow/.local/lib/python3.12/site-packages/airflow/example_dags/tutorial.py
[2024-10-19T00:33:00.056+0000] {logging_mixin.py:190} INFO - [2024-10-19T00:33:00.056+0000] {dag.py:3239} INFO - Sync 1 DAGs
[2024-10-19T00:33:00.075+0000] {logging_mixin.py:190} INFO - [2024-10-19T00:33:00.075+0000] {dag.py:4180} INFO - Setting next_dagrun for tutorial to 2024-10-18 00:00:00+00:00, run_after=2024-10-19 00:00:00+00:00
[2024-10-19T00:33:00.089+0000] {processor.py:208} INFO - Processing /home/airflow/.local/lib/python3.12/site-packages/airflow/example_dags/tutorial.py took 0.066 seconds
[2024-10-19T00:33:30.439+0000] {processor.py:186} INFO - Started process (PID=3572) to work on /home/airflow/.local/lib/python3.12/site-packages/airflow/example_dags/tutorial.py
[2024-10-19T00:33:30.440+0000] {processor.py:914} INFO - Processing file /home/airflow/.local/lib/python3.12/site-packages/airflow/example_dags/tutorial.py for tasks to queue
[2024-10-19T00:33:30.442+0000] {logging_mixin.py:190} INFO - [2024-10-19T00:33:30.441+0000] {dagbag.py:588} INFO - Filling up the DagBag from /home/airflow/.local/lib/python3.12/site-packages/airflow/example_dags/tutorial.py
[2024-10-19T00:33:30.449+0000] {processor.py:925} INFO - DAG(s) 'tutorial' retrieved from /home/airflow/.local/lib/python3.12/site-packages/airflow/example_dags/tutorial.py
[2024-10-19T00:33:30.468+0000] {logging_mixin.py:190} INFO - [2024-10-19T00:33:30.467+0000] {dag.py:3239} INFO - Sync 1 DAGs
[2024-10-19T00:33:30.488+0000] {logging_mixin.py:190} INFO - [2024-10-19T00:33:30.488+0000] {dag.py:4180} INFO - Setting next_dagrun for tutorial to 2024-10-18 00:00:00+00:00, run_after=2024-10-19 00:00:00+00:00
[2024-10-19T00:33:30.506+0000] {processor.py:208} INFO - Processing /home/airflow/.local/lib/python3.12/site-packages/airflow/example_dags/tutorial.py took 0.073 seconds
[2024-10-19T00:34:00.923+0000] {processor.py:186} INFO - Started process (PID=3634) to work on /home/airflow/.local/lib/python3.12/site-packages/airflow/example_dags/tutorial.py
[2024-10-19T00:34:00.924+0000] {processor.py:914} INFO - Processing file /home/airflow/.local/lib/python3.12/site-packages/airflow/example_dags/tutorial.py for tasks to queue
[2024-10-19T00:34:00.927+0000] {logging_mixin.py:190} INFO - [2024-10-19T00:34:00.926+0000] {dagbag.py:588} INFO - Filling up the DagBag from /home/airflow/.local/lib/python3.12/site-packages/airflow/example_dags/tutorial.py
[2024-10-19T00:34:00.935+0000] {processor.py:925} INFO - DAG(s) 'tutorial' retrieved from /home/airflow/.local/lib/python3.12/site-packages/airflow/example_dags/tutorial.py
[2024-10-19T00:34:00.953+0000] {logging_mixin.py:190} INFO - [2024-10-19T00:34:00.953+0000] {dag.py:3239} INFO - Sync 1 DAGs
[2024-10-19T00:34:00.973+0000] {logging_mixin.py:190} INFO - [2024-10-19T00:34:00.973+0000] {dag.py:4180} INFO - Setting next_dagrun for tutorial to 2024-10-18 00:00:00+00:00, run_after=2024-10-19 00:00:00+00:00
[2024-10-19T00:34:00.993+0000] {processor.py:208} INFO - Processing /home/airflow/.local/lib/python3.12/site-packages/airflow/example_dags/tutorial.py took 0.076 seconds
[2024-10-19T00:34:31.289+0000] {processor.py:186} INFO - Started process (PID=3696) to work on /home/airflow/.local/lib/python3.12/site-packages/airflow/example_dags/tutorial.py
[2024-10-19T00:34:31.290+0000] {processor.py:914} INFO - Processing file /home/airflow/.local/lib/python3.12/site-packages/airflow/example_dags/tutorial.py for tasks to queue
[2024-10-19T00:34:31.292+0000] {logging_mixin.py:190} INFO - [2024-10-19T00:34:31.292+0000] {dagbag.py:588} INFO - Filling up the DagBag from /home/airflow/.local/lib/python3.12/site-packages/airflow/example_dags/tutorial.py
[2024-10-19T00:34:31.298+0000] {processor.py:925} INFO - DAG(s) 'tutorial' retrieved from /home/airflow/.local/lib/python3.12/site-packages/airflow/example_dags/tutorial.py
[2024-10-19T00:34:31.315+0000] {logging_mixin.py:190} INFO - [2024-10-19T00:34:31.315+0000] {dag.py:3239} INFO - Sync 1 DAGs
[2024-10-19T00:34:31.335+0000] {logging_mixin.py:190} INFO - [2024-10-19T00:34:31.335+0000] {dag.py:4180} INFO - Setting next_dagrun for tutorial to 2024-10-18 00:00:00+00:00, run_after=2024-10-19 00:00:00+00:00
[2024-10-19T00:34:31.352+0000] {processor.py:208} INFO - Processing /home/airflow/.local/lib/python3.12/site-packages/airflow/example_dags/tutorial.py took 0.068 seconds
[2024-10-19T00:35:01.604+0000] {processor.py:186} INFO - Started process (PID=3757) to work on /home/airflow/.local/lib/python3.12/site-packages/airflow/example_dags/tutorial.py
[2024-10-19T00:35:01.605+0000] {processor.py:914} INFO - Processing file /home/airflow/.local/lib/python3.12/site-packages/airflow/example_dags/tutorial.py for tasks to queue
[2024-10-19T00:35:01.607+0000] {logging_mixin.py:190} INFO - [2024-10-19T00:35:01.607+0000] {dagbag.py:588} INFO - Filling up the DagBag from /home/airflow/.local/lib/python3.12/site-packages/airflow/example_dags/tutorial.py
[2024-10-19T00:35:01.614+0000] {processor.py:925} INFO - DAG(s) 'tutorial' retrieved from /home/airflow/.local/lib/python3.12/site-packages/airflow/example_dags/tutorial.py
[2024-10-19T00:35:01.632+0000] {logging_mixin.py:190} INFO - [2024-10-19T00:35:01.631+0000] {dag.py:3239} INFO - Sync 1 DAGs
[2024-10-19T00:35:01.651+0000] {logging_mixin.py:190} INFO - [2024-10-19T00:35:01.651+0000] {dag.py:4180} INFO - Setting next_dagrun for tutorial to 2024-10-18 00:00:00+00:00, run_after=2024-10-19 00:00:00+00:00
[2024-10-19T00:35:01.668+0000] {processor.py:208} INFO - Processing /home/airflow/.local/lib/python3.12/site-packages/airflow/example_dags/tutorial.py took 0.069 seconds
[2024-10-19T00:35:32.139+0000] {processor.py:186} INFO - Started process (PID=3819) to work on /home/airflow/.local/lib/python3.12/site-packages/airflow/example_dags/tutorial.py
[2024-10-19T00:35:32.140+0000] {processor.py:914} INFO - Processing file /home/airflow/.local/lib/python3.12/site-packages/airflow/example_dags/tutorial.py for tasks to queue
[2024-10-19T00:35:32.143+0000] {logging_mixin.py:190} INFO - [2024-10-19T00:35:32.142+0000] {dagbag.py:588} INFO - Filling up the DagBag from /home/airflow/.local/lib/python3.12/site-packages/airflow/example_dags/tutorial.py
[2024-10-19T00:35:32.151+0000] {processor.py:925} INFO - DAG(s) 'tutorial' retrieved from /home/airflow/.local/lib/python3.12/site-packages/airflow/example_dags/tutorial.py
[2024-10-19T00:35:32.169+0000] {logging_mixin.py:190} INFO - [2024-10-19T00:35:32.169+0000] {dag.py:3239} INFO - Sync 1 DAGs
[2024-10-19T00:35:32.189+0000] {logging_mixin.py:190} INFO - [2024-10-19T00:35:32.189+0000] {dag.py:4180} INFO - Setting next_dagrun for tutorial to 2024-10-18 00:00:00+00:00, run_after=2024-10-19 00:00:00+00:00
[2024-10-19T00:35:32.207+0000] {processor.py:208} INFO - Processing /home/airflow/.local/lib/python3.12/site-packages/airflow/example_dags/tutorial.py took 0.075 seconds
[2024-10-19T00:36:02.782+0000] {processor.py:186} INFO - Started process (PID=3881) to work on /home/airflow/.local/lib/python3.12/site-packages/airflow/example_dags/tutorial.py
[2024-10-19T00:36:02.785+0000] {processor.py:914} INFO - Processing file /home/airflow/.local/lib/python3.12/site-packages/airflow/example_dags/tutorial.py for tasks to queue
[2024-10-19T00:36:02.788+0000] {logging_mixin.py:190} INFO - [2024-10-19T00:36:02.787+0000] {dagbag.py:588} INFO - Filling up the DagBag from /home/airflow/.local/lib/python3.12/site-packages/airflow/example_dags/tutorial.py
[2024-10-19T00:36:02.795+0000] {processor.py:925} INFO - DAG(s) 'tutorial' retrieved from /home/airflow/.local/lib/python3.12/site-packages/airflow/example_dags/tutorial.py
[2024-10-19T00:36:02.815+0000] {logging_mixin.py:190} INFO - [2024-10-19T00:36:02.815+0000] {dag.py:3239} INFO - Sync 1 DAGs
[2024-10-19T00:36:02.838+0000] {logging_mixin.py:190} INFO - [2024-10-19T00:36:02.838+0000] {dag.py:4180} INFO - Setting next_dagrun for tutorial to 2024-10-18 00:00:00+00:00, run_after=2024-10-19 00:00:00+00:00
[2024-10-19T00:36:02.860+0000] {processor.py:208} INFO - Processing /home/airflow/.local/lib/python3.12/site-packages/airflow/example_dags/tutorial.py took 0.082 seconds
